10:b3:d5:0a:28:00 -> NU-AP05136 -> 2.437 GHz
5c:5a:c7:85:84:a0 -> NU-AP00001 -> 2.437 GHz
10:b3:d6:d6:fe:40 -> NU-AP05137 -> 2.437 GHz
5c:5a:c7:84:93:c0 -> NU-AP05327 -> 2.437 GHz
00:ea:bd:74:16:20 -> NU-AP05125 -> 5.200 GHz
00:ea:bd:74:20:e0 -> NU-AP05127 -> 2.412 GHz
5c:5a:c7:84:93:c0 -> NU-AP05327 -> 2.437 GHz
10:b3:d6:d6:fe:40 -> NU-AP05137 -> 2.437 GHz
10:b3:d5:0a:28:00 -> NU-AP05136 -> 2.437 GHz
00:ea:bd:74:16:20 -> NU-AP05125 -> 5.200 GHz
00:ea:bd:74:16:20 -> NU-AP05125 -> 5.200 GHz
00:ea:bd:74:16:20 -> NU-AP05125 -> 5.200 GHz
00:ea:bd:74:20:e0 -> NU-AP05127 -> 2.412 GHz
00:ea:bd:74:20:e0 -> NU-AP05127 -> 2.412 GHz
5c:5a:c7:84:93:c0 -> NU-AP05327 -> 2.437 GHz
10:b3:d5:0a:28:00 -> NU-AP05136 -> 2.437 GHz
00:ea:bd:74:20:e0 -> NU-AP05127 -> 2.412 GHz
10:b3:d5:0a:28:00 -> NU-AP05136 -> 2.437 GHz
00:ea:bd:74:20:e0 -> NU-AP05127 -> 2.412 GHz
5c:5a:c7:84:93:c0 -> NU-AP05327 -> 2.437 GHz
00:ea:bd:74:20:e0 -> NU-AP05127 -> 2.412 GHz
5c:5a:c7:84:93:c0 -> NU-AP05327 -> 2.437 GHz
5c:5a:c7:84:93:c0 -> NU-AP05327 -> 2.437 GHz
00:ea:bd:74:20:e0 -> NU-AP05127 -> 2.412 GHz
5c:5a:c7:84:93:c0 -> NU-AP05327 -> 2.437 GHz
10:b3:d5:0a:28:00 -> NU-AP05136 -> 2.437 GHz
10:b3:d5:0a:28:00 -> NU-AP05136 -> 2.437 GHz
5c:5a:c7:84:93:c0 -> NU-AP05327 -> 2.437 GHz
5c:5a:c7:84:93:c0 -> NU-AP05327 -> 2.437 GHz
10:b3:d5:0a:28:00 -> NU-AP05136 -> 2.437 GHz
00:ea:bd:74:20:e0 -> NU-AP05127 -> 2.412 GHz
5c:5a:c7:84:93:c0 -> NU-AP05327 -> 2.437 GHz
10:b3:d5:0a:28:00 -> NU-AP05136 -> 2.437 GHz
00:ea:bd:74:20:e0 -> NU-AP05127 -> 2.412 GHz
10:b3:d5:0a:28:00 -> NU-AP05136 -> 2.437 GHz
5c:5a:c7:84:93:c0 -> NU-AP05327 -> 2.437 GHz
00:ea:bd:74:20:e0 -> NU-AP05127 -> 2.412 GHz
5c:5a:c7:84:93:c0 -> NU-AP05327 -> 2.437 GHz
10:b3:d5:0f:ec:c0 -> NU-AP04103 -> 2.437 GHz
00:ea:bd:74:20:e0 -> NU-AP05127 -> 2.412 GHz
5c:5a:c7:84:93:c0 -> NU-AP05327 -> 2.437 GHz
10:b3:d5:0a:28:00 -> NU-AP05136 -> 2.437 GHz
00:ea:bd:74:7b:e0 -> NU-AP05124 -> 5.220 GHz
00:ea:bd:74:20:e0 -> NU-AP05127 -> 2.412 GHz
5c:5a:c7:84:93:c0 -> NU-AP05327 -> 2.437 GHz
10:b3:d5:0a:28:00 -> NU-AP05136 -> 2.437 GHz
00:ea:bd:74:7b:e0 -> NU-AP05124 -> 5.220 GHz
00:ea:bd:74:20:e0 -> NU-AP05127 -> 2.412 GHz
00:ea:bd:74:7b:e0 -> NU-AP05124 -> 5.220 GHz
5c:5a:c7:84:93:c0 -> NU-AP05327 -> 2.437 GHz
00:ea:bd:74:7b:e0 -> NU-AP05124 -> 5.220 GHz
00:ea:bd:74:20:e0 -> NU-AP05127 -> 2.412 GHz
5c:5a:c7:84:93:c0 -> NU-AP05327 -> 2.437 GHz
5c:5a:c7:87:e0:40 -> NU-AP05140 -> 2.462 GHz
00:ea:bd:74:7b:e0 -> NU-AP05124 -> 5.220 GHz
5c:5a:c7:84:60:60 -> NU-AP06148 -> 5.180 GHz
00:ea:bd:74:20:e0 -> NU-AP05127 -> 2.412 GHz
00:ea:bd:74:7b:e0 -> NU-AP05124 -> 5.220 GHz
00:ea:bd:74:20:e0 -> NU-AP05127 -> 2.412 GHz
00:ea:bd:74:7b:e0 -> NU-AP05124 -> 5.220 GHz
00:ea:bd:74:20:e0 -> NU-AP05127 -> 2.412 GHz
5c:5a:c7:84:93:c0 -> NU-AP05327 -> 2.437 GHz
00:ea:bd:74:7b:e0 -> NU-AP05124 -> 5.220 GHz
00:ea:bd:74:20:e0 -> NU-AP05127 -> 2.412 GHz
10:b3:d5:0f:ec:c0 -> NU-AP04103 -> 2.437 GHz
00:ea:bd:74:20:e0 -> NU-AP05127 -> 2.412 GHz
10:b3:d5:0f:ec:c0 -> NU-AP04103 -> 2.437 GHz
00:ea:bd:74:20:e0 -> NU-AP05127 -> 2.412 GHz
5c:5a:c7:84:93:c0 -> NU-AP05327 -> 2.437 GHz
10:b3:d5:0a:28:00 -> NU-AP05136 -> 2.437 GHz
00:ea:bd:74:20:e0 -> NU-AP05127 -> 2.412 GHz
5c:5a:c7:85:59:c0 -> NU-AP07175 -> 2.462 GHz
00:ea:bd:74:20:e0 -> NU-AP05127 -> 2.412 GHz
5c:5a:c7:84:93:c0 -> NU-AP05327 -> 2.437 GHz
00:ea:bd:74:20:e0 -> NU-AP05127 -> 2.412 GHz
5c:5a:c7:84:93:c0 -> NU-AP05327 -> 2.437 GHz
00:ea:bd:74:20:e0 -> NU-AP05127 -> 2.412 GHz
00:ea:bd:74:20:e0 -> NU-AP05127 -> 2.412 GHz
5c:5a:c7:84:93:c0 -> NU-AP05327 -> 2.437 GHz
00:ea:bd:74:7b:e0 -> NU-AP05124 -> 5.220 GHz
5c:5a:c7:84:93:c0 -> NU-AP05327 -> 2.437 GHz
00:ea:bd:74:20:e0 -> NU-AP05127 -> 2.412 GHz
00:ea:bd:74:7b:e0 -> NU-AP05124 -> 5.220 GHz
10:b3:d5:0a:28:00 -> NU-AP05136 -> 2.437 GHz
00:ea:bd:ae:8e:60 -> NU-AP05134 -> 5.320 GHz
5c:5a:c7:84:93:c0 -> NU-AP05327 -> 2.437 GHz
00:ea:bd:74:20:e0 -> NU-AP05127 -> 2.412 GHz
10:b3:d5:0f:ec:c0 -> NU-AP04103 -> 2.437 GHz
00:ea:bd:74:7b:e0 -> NU-AP05124 -> 5.220 GHz
5c:5a:c7:84:93:c0 -> NU-AP05327 -> 2.437 GHz
00:ea:bd:74:20:e0 -> NU-AP05127 -> 2.412 GHz
00:ea:bd:ae:8e:60 -> NU-AP05134 -> 5.320 GHz
00:ea:bd:74:7b:e0 -> NU-AP05124 -> 5.220 GHz
5c:5a:c7:84:93:c0 -> NU-AP05327 -> 2.437 GHz
00:ea:bd:74:20:e0 -> NU-AP05127 -> 2.412 GHz
00:ea:bd:74:7b:e0 -> NU-AP05124 -> 5.220 GHz
5c:5a:c7:84:93:c0 -> NU-AP05327 -> 2.437 GHz
00:ea:bd:74:20:e0 -> NU-AP05127 -> 2.412 GHz
00:ea:bd:74:7b:e0 -> NU-AP05124 -> 5.220 GHz
5c:5a:c7:84:93:c0 -> NU-AP05327 -> 2.437 GHz
00:ea:bd:74:20:e0 -> NU-AP05127 -> 2.412 GHz
00:ea:bd:74:7b:e0 -> NU-AP05124 -> 5.220 GHz
5c:5a:c7:84:93:c0 -> NU-AP05327 -> 2.437 GHz
00:ea:bd:74:20:e0 -> NU-AP05127 -> 2.412 GHz
00:ea:bd:74:7b:e0 -> NU-AP05124 -> 5.220 GHz
00:ea:bd:74:20:e0 -> NU-AP05127 -> 2.412 GHz
00:ea:bd:74:7b:e0 -> NU-AP05124 -> 5.220 GHz
5c:5a:c7:84:93:c0 -> NU-AP05327 -> 2.437 GHz
5c:5a:c7:64:db:a0 -> NU-AP05121 -> 2.412 GHz
10:b3:d5:0f:ec:c0 -> NU-AP04103 -> 2.437 GHz
10:b3:d5:0a:28:00 -> NU-AP05136 -> 2.437 GHz
00:ea:bd:ae:8e:60 -> NU-AP05134 -> 5.320 GHz
00:ea:bd:74:20:e0 -> NU-AP05127 -> 2.412 GHz
00:ea:bd:74:7b:e0 -> NU-AP05124 -> 5.220 GHz
5c:5a:c7:84:93:c0 -> NU-AP05327 -> 2.437 GHz
00:ea:bd:74:20:e0 -> NU-AP05127 -> 2.412 GHz
00:ea:bd:74:7b:e0 -> NU-AP05124 -> 5.220 GHz
10:b3:d5:0a:28:00 -> NU-AP05136 -> 2.437 GHz
00:ea:bd:74:20:e0 -> NU-AP05127 -> 2.412 GHz
5c:5a:c7:84:93:c0 -> NU-AP05327 -> 2.437 GHz
00:ea:bd:74:7b:e0 -> NU-AP05124 -> 5.220 GHz
00:ea:bd:74:20:e0 -> NU-AP05127 -> 2.412 GHz
5c:5a:c7:84:93:c0 -> NU-AP05327 -> 2.437 GHz
00:ea:bd:99:87:00 -> NU-AP06143 -> 2.412 GHz
10:b3:d5:0a:28:00 -> NU-AP05136 -> 2.437 GHz
00:ea:bd:74:20:e0 -> NU-AP05127 -> 2.412 GHz
5c:5a:c7:84:93:c0 -> NU-AP05327 -> 2.437 GHz
00:ea:bd:74:7b:e0 -> NU-AP05124 -> 5.220 GHz
00:ea:bd:74:20:e0 -> NU-AP05127 -> 2.412 GHz
5c:5a:c7:84:93:c0 -> NU-AP05327 -> 2.437 GHz
00:ea:bd:74:7b:e0 -> NU-AP05124 -> 5.220 GHz
00:ea:bd:ae:8e:60 -> NU-AP05134 -> 5.320 GHz
5c:5a:c7:84:93:c0 -> NU-AP05327 -> 2.437 GHz
00:ea:bd:74:20:e0 -> NU-AP05127 -> 2.412 GHz
5c:5a:c7:84:93:c0 -> NU-AP05327 -> 2.437 GHz
00:ea:bd:74:20:e0 -> NU-AP05127 -> 2.412 GHz
00:ea:bd:74:7b:e0 -> NU-AP05124 -> 5.220 GHz
10:b3:d5:f2:2e:c0 -> NU-AP02057 -> 2.437 GHz
5c:5a:c7:84:93:c0 -> NU-AP05327 -> 2.437 GHz
00:ea:bd:74:20:e0 -> NU-AP05127 -> 2.412 GHz
10:b3:d5:0f:ec:c0 -> NU-AP04103 -> 2.437 GHz
00:ea:bd:74:7b:e0 -> NU-AP05124 -> 5.220 GHz
5c:5a:c7:84:93:c0 -> NU-AP05327 -> 2.437 GHz
00:ea:bd:74:20:e0 -> NU-AP05127 -> 2.412 GHz
10:b3:d5:0f:ec:c0 -> NU-AP04103 -> 2.437 GHz
5c:5a:c7:84:93:c0 -> NU-AP05327 -> 2.437 GHz
00:ea:bd:74:20:e0 -> NU-AP05127 -> 2.412 GHz
00:ea:bd:74:7b:e0 -> NU-AP05124 -> 5.220 GHz
5c:5a:c7:84:93:c0 -> NU-AP05327 -> 2.437 GHz
00:ea:bd:74:20:e0 -> NU-AP05127 -> 2.412 GHz
00:ea:bd:74:7b:e0 -> NU-AP05124 -> 5.220 GHz
5c:5a:c7:84:93:c0 -> NU-AP05327 -> 2.437 GHz
00:ea:bd:74:20:e0 -> NU-AP05127 -> 2.412 GHz
5c:5a:c7:87:e0:40 -> NU-AP05140 -> 2.462 GHz
5c:5a:c7:84:93:c0 -> NU-AP05327 -> 2.437 GHz
00:ea:bd:74:20:e0 -> NU-AP05127 -> 2.412 GHz
00:ea:bd:74:7b:e0 -> NU-AP05124 -> 5.220 GHz
00:ea:bd:ae:8e:60 -> NU-AP05134 -> 5.320 GHz
5c:5a:c7:84:93:c0 -> NU-AP05327 -> 2.437 GHz
00:ea:bd:74:20:e0 -> NU-AP05127 -> 2.412 GHz
10:b3:d5:0a:28:00 -> NU-AP05136 -> 2.437 GHz
00:ea:bd:74:7b:e0 -> NU-AP05124 -> 5.220 GHz
5c:5a:c7:84:93:c0 -> NU-AP05327 -> 2.437 GHz
00:ea:bd:74:20:e0 -> NU-AP05127 -> 2.412 GHz
5c:5a:c7:84:93:c0 -> NU-AP05327 -> 2.437 GHz
10:b3:d5:0a:28:00 -> NU-AP05136 -> 2.437 GHz
00:ea:bd:74:20:e0 -> NU-AP05127 -> 2.412 GHz
5c:5a:c7:84:93:c0 -> NU-AP05327 -> 2.437 GHz
00:ea:bd:74:7b:e0 -> NU-AP05124 -> 5.220 GHz
00:ea:bd:74:20:e0 -> NU-AP05127 -> 2.412 GHz
5c:5a:c7:84:93:c0 -> NU-AP05327 -> 2.437 GHz
10:b3:d5:0a:28:00 -> NU-AP05136 -> 2.437 GHz
00:ea:bd:74:7b:e0 -> NU-AP05124 -> 5.220 GHz
00:ea:bd:74:20:e0 -> NU-AP05127 -> 2.412 GHz
5c:5a:c7:84:93:c0 -> NU-AP05327 -> 2.437 GHz
10:b3:d5:0f:ec:c0 -> NU-AP04103 -> 2.437 GHz
00:ea:bd:74:20:e0 -> NU-AP05127 -> 2.412 GHz
5c:5a:c7:84:93:c0 -> NU-AP05327 -> 2.437 GHz
00:ea:bd:74:7b:e0 -> NU-AP05124 -> 5.220 GHz
00:ea:bd:74:20:e0 -> NU-AP05127 -> 2.412 GHz
5c:5a:c7:84:93:c0 -> NU-AP05327 -> 2.437 GHz
00:ea:bd:74:20:e0 -> NU-AP05127 -> 2.412 GHz
5c:5a:c7:84:93:c0 -> NU-AP05327 -> 2.437 GHz
00:ea:bd:74:7b:e0 -> NU-AP05124 -> 5.220 GHz
00:ea:bd:74:20:e0 -> NU-AP05127 -> 2.412 GHz
10:b3:d5:0f:ec:c0 -> NU-AP04103 -> 2.437 GHz
00:ea:bd:74:20:e0 -> NU-AP05127 -> 2.412 GHz
5c:5a:c7:84:93:c0 -> NU-AP05327 -> 2.437 GHz
00:ea:bd:74:7b:e0 -> NU-AP05124 -> 5.220 GHz
00:ea:bd:ae:8e:60 -> NU-AP05134 -> 5.320 GHz
00:ea:bd:74:20:e0 -> NU-AP05127 -> 2.412 GHz
5c:5a:c7:84:93:c0 -> NU-AP05327 -> 2.437 GHz
00:ea:bd:74:20:e0 -> NU-AP05127 -> 2.412 GHz
5c:5a:c7:84:93:c0 -> NU-AP05327 -> 2.437 GHz
00:ea:bd:74:20:e0 -> NU-AP05127 -> 2.412 GHz
5c:5a:c7:84:93:c0 -> NU-AP05327 -> 2.437 GHz
00:ea:bd:74:20:e0 -> NU-AP05127 -> 2.412 GHz
10:b3:d5:0f:ec:c0 -> NU-AP04103 -> 2.437 GHz
00:ea:bd:74:20:e0 -> NU-AP05127 -> 2.412 GHz
5c:5a:c7:84:93:c0 -> NU-AP05327 -> 2.437 GHz
00:ea:bd:ae:8e:60 -> NU-AP05134 -> 5.320 GHz
00:ea:bd:74:20:e0 -> NU-AP05127 -> 2.412 GHz
00:ea:bd:74:16:20 -> NU-AP05125 -> 5.200 GHz
00:ea:bd:74:7b:e0 -> NU-AP05124 -> 5.220 GHz
00:ea:bd:ae:8e:60 -> NU-AP05134 -> 5.320 GHz
00:ea:bd:74:16:20 -> NU-AP05125 -> 5.200 GHz
00:ea:bd:74:20:e0 -> NU-AP05127 -> 2.412 GHz
5c:5a:c7:84:93:c0 -> NU-AP05327 -> 2.437 GHz
00:ea:bd:74:16:20 -> NU-AP05125 -> 5.200 GHz
00:ea:bd:74:20:e0 -> NU-AP05127 -> 2.412 GHz
00:ea:bd:ae:8e:60 -> NU-AP05134 -> 5.320 GHz
5c:5a:c7:84:93:c0 -> NU-AP05327 -> 2.437 GHz
00:ea:bd:74:16:20 -> NU-AP05125 -> 5.200 GHz
00:ea:bd:74:20:e0 -> NU-AP05127 -> 2.412 GHz
5c:5a:c7:84:93:c0 -> NU-AP05327 -> 2.437 GHz
00:ea:bd:74:16:20 -> NU-AP05125 -> 5.200 GHz
00:ea:bd:74:7b:e0 -> NU-AP05124 -> 5.220 GHz
00:ea:bd:ae:8e:60 -> NU-AP05134 -> 5.320 GHz
5c:5a:c7:84:93:c0 -> NU-AP05327 -> 2.437 GHz
00:ea:bd:74:16:20 -> NU-AP05125 -> 5.200 GHz
00:ea:bd:74:20:e0 -> NU-AP05127 -> 2.412 GHz
00:ea:bd:74:7b:e0 -> NU-AP05124 -> 5.220 GHz
5c:5a:c7:84:93:c0 -> NU-AP05327 -> 2.437 GHz
00:ea:bd:74:16:20 -> NU-AP05125 -> 5.200 GHz
00:ea:bd:74:20:e0 -> NU-AP05127 -> 2.412 GHz
10:b3:d5:0a:28:00 -> NU-AP05136 -> 2.437 GHz
10:b3:d5:f4:9f:40 -> NU-AP03084 -> 2.437 GHz
00:ea:bd:74:7b:e0 -> NU-AP05124 -> 5.220 GHz
5c:5a:c7:84:93:c0 -> NU-AP05327 -> 2.437 GHz
00:ea:bd:74:16:20 -> NU-AP05125 -> 5.200 GHz
00:ea:bd:74:20:e0 -> NU-AP05127 -> 2.412 GHz
5c:5a:c7:84:93:c0 -> NU-AP05327 -> 2.437 GHz
00:ea:bd:74:16:20 -> NU-AP05125 -> 5.200 GHz
00:ea:bd:74:20:e0 -> NU-AP05127 -> 2.412 GHz
00:ea:bd:74:7b:e0 -> NU-AP05124 -> 5.220 GHz
00:ea:bd:ae:8e:60 -> NU-AP05134 -> 5.320 GHz
5c:5a:c7:84:93:c0 -> NU-AP05327 -> 2.437 GHz
00:ea:bd:74:16:20 -> NU-AP05125 -> 5.200 GHz
00:ea:bd:74:20:e0 -> NU-AP05127 -> 2.412 GHz
00:ea:bd:74:7b:e0 -> NU-AP05124 -> 5.220 GHz
5c:5a:c7:84:93:c0 -> NU-AP05327 -> 2.437 GHz
00:ea:bd:74:16:20 -> NU-AP05125 -> 5.200 GHz
00:ea:bd:74:20:e0 -> NU-AP05127 -> 2.412 GHz
00:ea:bd:74:7b:e0 -> NU-AP05124 -> 5.220 GHz
5c:5a:c7:84:93:c0 -> NU-AP05327 -> 2.437 GHz
00:ea:bd:74:16:20 -> NU-AP05125 -> 5.200 GHz
00:ea:bd:74:20:e0 -> NU-AP05127 -> 2.412 GHz
5c:5a:c7:84:93:c0 -> NU-AP05327 -> 2.437 GHz
00:ea:bd:74:16:20 -> NU-AP05125 -> 5.200 GHz
00:ea:bd:74:20:e0 -> NU-AP05127 -> 2.412 GHz
08:4f:a9:1a:ae:20 -> NU-AP04111 -> 2.437 GHz
00:ea:bd:74:7b:e0 -> NU-AP05124 -> 5.220 GHz
5c:5a:c7:84:93:c0 -> NU-AP05327 -> 2.437 GHz
00:ea:bd:74:16:20 -> NU-AP05125 -> 5.200 GHz
00:ea:bd:74:20:e0 -> NU-AP05127 -> 2.412 GHz
5c:5a:c7:84:93:c0 -> NU-AP05327 -> 2.437 GHz
00:ea:bd:74:16:20 -> NU-AP05125 -> 5.200 GHz
00:ea:bd:74:20:e0 -> NU-AP05127 -> 2.412 GHz
00:ea:bd:74:7b:e0 -> NU-AP05124 -> 5.220 GHz
5c:5a:c7:84:93:c0 -> NU-AP05327 -> 2.437 GHz
00:ea:bd:74:16:20 -> NU-AP05125 -> 5.200 GHz
00:ea:bd:74:20:e0 -> NU-AP05127 -> 2.412 GHz
5c:5a:c7:84:93:c0 -> NU-AP05327 -> 2.437 GHz
00:ea:bd:74:16:20 -> NU-AP05125 -> 5.200 GHz
00:ea:bd:74:20:e0 -> NU-AP05127 -> 2.412 GHz
5c:5a:c7:64:db:a0 -> NU-AP05121 -> 2.412 GHz
00:ea:bd:74:7b:e0 -> NU-AP05124 -> 5.220 GHz
5c:5a:c7:84:93:c0 -> NU-AP05327 -> 2.437 GHz
00:ea:bd:74:16:20 -> NU-AP05125 -> 5.200 GHz
00:ea:bd:74:20:e0 -> NU-AP05127 -> 2.412 GHz
00:ea:bd:99:87:00 -> NU-AP06143 -> 2.412 GHz
10:b3:d5:0a:28:00 -> NU-AP05136 -> 2.437 GHz
00:ea:bd:74:7b:e0 -> NU-AP05124 -> 5.220 GHz
5c:5a:c7:84:93:c0 -> NU-AP05327 -> 2.437 GHz
00:ea:bd:74:16:20 -> NU-AP05125 -> 5.200 GHz
00:ea:bd:ae:8e:60 -> NU-AP05134 -> 5.320 GHz
00:ea:bd:74:20:e0 -> NU-AP05127 -> 2.412 GHz
00:ea:bd:74:7b:e0 -> NU-AP05124 -> 5.220 GHz
5c:5a:c7:84:93:c0 -> NU-AP05327 -> 2.437 GHz
00:ea:bd:74:20:e0 -> NU-AP05127 -> 2.412 GHz
00:ea:bd:74:7b:e0 -> NU-AP05124 -> 5.220 GHz
5c:5a:c7:84:93:c0 -> NU-AP05327 -> 2.437 GHz
00:ea:bd:ae:8e:60 -> NU-AP05134 -> 5.320 GHz
00:ea:bd:74:20:e0 -> NU-AP05127 -> 2.412 GHz
10:b3:d5:0a:28:00 -> NU-AP05136 -> 2.437 GHz
00:ea:bd:74:7b:e0 -> NU-AP05124 -> 5.220 GHz
00:ea:bd:74:20:e0 -> NU-AP05127 -> 2.412 GHz
5c:5a:c7:84:93:c0 -> NU-AP05327 -> 2.437 GHz
00:ea:bd:74:20:e0 -> NU-AP05127 -> 2.412 GHz
5c:5a:c7:84:93:c0 -> NU-AP05327 -> 2.437 GHz
00:ea:bd:74:7b:e0 -> NU-AP05124 -> 5.220 GHz
00:ea:bd:74:20:e0 -> NU-AP05127 -> 2.412 GHz
5c:5a:c7:84:93:c0 -> NU-AP05327 -> 2.437 GHz
00:ea:bd:74:20:e0 -> NU-AP05127 -> 2.412 GHz
5c:5a:c7:84:93:c0 -> NU-AP05327 -> 2.437 GHz
00:ea:bd:ae:8e:60 -> NU-AP05134 -> 5.320 GHz
00:ea:bd:74:20:e0 -> NU-AP05127 -> 2.412 GHz
00:ea:bd:74:7b:e0 -> NU-AP05124 -> 5.220 GHz
5c:5a:c7:84:93:c0 -> NU-AP05327 -> 2.437 GHz
00:ea:bd:74:20:e0 -> NU-AP05127 -> 2.412 GHz
00:ea:bd:74:7b:e0 -> NU-AP05124 -> 5.220 GHz
5c:5a:c7:84:93:c0 -> NU-AP05327 -> 2.437 GHz
00:ea:bd:74:20:e0 -> NU-AP05127 -> 2.412 GHz
00:ea:bd:74:7b:e0 -> NU-AP05124 -> 5.220 GHz
5c:5a:c7:84:93:c0 -> NU-AP05327 -> 2.437 GHz
00:ea:bd:ae:8e:60 -> NU-AP05134 -> 5.320 GHz
00:ea:bd:74:20:e0 -> NU-AP05127 -> 2.412 GHz
00:ea:bd:74:7b:e0 -> NU-AP05124 -> 5.220 GHz
5c:5a:c7:84:93:c0 -> NU-AP05327 -> 2.437 GHz
00:ea:bd:74:20:e0 -> NU-AP05127 -> 2.412 GHz
00:ea:bd:74:7b:e0 -> NU-AP05124 -> 5.220 GHz
00:ea:bd:74:20:e0 -> NU-AP05127 -> 2.412 GHz
00:ea:bd:74:7b:e0 -> NU-AP05124 -> 5.220 GHz
00:ea:bd:74:16:20 -> NU-AP05125 -> 5.200 GHz
5c:5a:c7:84:93:c0 -> NU-AP05327 -> 2.437 GHz
00:ea:bd:74:20:e0 -> NU-AP05127 -> 2.412 GHz
00:ea:bd:74:7b:e0 -> NU-AP05124 -> 5.220 GHz
00:ea:bd:ae:8e:60 -> NU-AP05134 -> 5.320 GHz
00:ea:bd:74:16:20 -> NU-AP05125 -> 5.200 GHz
5c:5a:c7:84:93:c0 -> NU-AP05327 -> 2.437 GHz
00:ea:bd:74:20:e0 -> NU-AP05127 -> 2.412 GHz
00:ea:bd:74:16:20 -> NU-AP05125 -> 5.200 GHz
5c:5a:c7:84:93:c0 -> NU-AP05327 -> 2.437 GHz
10:b3:d5:0a:28:00 -> NU-AP05136 -> 2.437 GHz
00:ea:bd:74:7b:e0 -> NU-AP05124 -> 5.220 GHz
00:ea:bd:6c:c4:e0 -> NU-AP05123 -> 5.500 GHz
00:ea:bd:74:16:20 -> NU-AP05125 -> 5.200 GHz
00:ea:bd:74:20:e0 -> NU-AP05127 -> 2.412 GHz
5c:5a:c7:84:93:c0 -> NU-AP05327 -> 2.437 GHz
00:ea:bd:74:16:20 -> NU-AP05125 -> 5.200 GHz
00:ea:bd:74:20:e0 -> NU-AP05127 -> 2.412 GHz
10:b3:d5:0f:ec:c0 -> NU-AP04103 -> 2.437 GHz
10:b3:d5:0a:28:00 -> NU-AP05136 -> 2.437 GHz
00:ea:bd:74:7b:e0 -> NU-AP05124 -> 5.220 GHz
00:ea:bd:ae:8e:60 -> NU-AP05134 -> 5.320 GHz
00:ea:bd:74:16:20 -> NU-AP05125 -> 5.200 GHz
00:ea:bd:74:20:e0 -> NU-AP05127 -> 2.412 GHz
5c:5a:c7:84:93:c0 -> NU-AP05327 -> 2.437 GHz
00:ea:bd:74:16:20 -> NU-AP05125 -> 5.200 GHz
00:ea:bd:74:20:e0 -> NU-AP05127 -> 2.412 GHz
5c:5a:c7:84:93:c0 -> NU-AP05327 -> 2.437 GHz
00:ea:bd:ae:8e:60 -> NU-AP05134 -> 5.320 GHz
00:ea:bd:74:16:20 -> NU-AP05125 -> 5.200 GHz
00:ea:bd:74:20:e0 -> NU-AP05127 -> 2.412 GHz
5c:5a:c7:84:93:c0 -> NU-AP05327 -> 2.437 GHz
00:ea:bd:74:16:20 -> NU-AP05125 -> 5.200 GHz
00:ea:bd:74:20:e0 -> NU-AP05127 -> 2.412 GHz
00:ea:bd:74:7b:e0 -> NU-AP05124 -> 5.220 GHz
00:ea:bd:ae:8e:60 -> NU-AP05134 -> 5.320 GHz
10:b3:d5:0a:28:00 -> NU-AP05136 -> 2.437 GHz
5c:5a:c7:84:93:c0 -> NU-AP05327 -> 2.437 GHz
00:ea:bd:74:20:e0 -> NU-AP05127 -> 2.412 GHz
00:ea:bd:74:7b:e0 -> NU-AP05124 -> 5.220 GHz
00:ea:bd:ae:8e:60 -> NU-AP05134 -> 5.320 GHz
5c:5a:c7:84:93:c0 -> NU-AP05327 -> 2.437 GHz
00:ea:bd:74:20:e0 -> NU-AP05127 -> 2.412 GHz
5c:5a:c7:84:93:c0 -> NU-AP05327 -> 2.437 GHz
00:ea:bd:74:20:e0 -> NU-AP05127 -> 2.412 GHz
00:ea:bd:74:7b:e0 -> NU-AP05124 -> 5.220 GHz
5c:5a:c7:84:93:c0 -> NU-AP05327 -> 2.437 GHz
00:ea:bd:74:20:e0 -> NU-AP05127 -> 2.412 GHz
00:ea:bd:74:7b:e0 -> NU-AP05124 -> 5.220 GHz
5c:5a:c7:84:93:c0 -> NU-AP05327 -> 2.437 GHz
00:ea:bd:74:20:e0 -> NU-AP05127 -> 2.412 GHz
00:ea:bd:74:7b:e0 -> NU-AP05124 -> 5.220 GHz
10:b3:d5:0a:28:00 -> NU-AP05136 -> 2.437 GHz
00:ea:bd:ae:8e:60 -> NU-AP05134 -> 5.320 GHz
5c:5a:c7:84:93:c0 -> NU-AP05327 -> 2.437 GHz
00:ea:bd:74:20:e0 -> NU-AP05127 -> 2.412 GHz
00:ea:bd:74:7b:e0 -> NU-AP05124 -> 5.220 GHz
5c:5a:c7:84:93:c0 -> NU-AP05327 -> 2.437 GHz
00:ea:bd:74:20:e0 -> NU-AP05127 -> 2.412 GHz
00:ea:bd:74:7b:e0 -> NU-AP05124 -> 5.220 GHz
5c:5a:c7:84:93:c0 -> NU-AP05327 -> 2.437 GHz
00:ea:bd:74:20:e0 -> NU-AP05127 -> 2.412 GHz
00:ea:bd:74:7b:e0 -> NU-AP05124 -> 5.220 GHz
5c:5a:c7:84:93:c0 -> NU-AP05327 -> 2.437 GHz
00:ea:bd:ae:8e:60 -> NU-AP05134 -> 5.320 GHz
00:ea:bd:74:20:e0 -> NU-AP05127 -> 2.412 GHz
00:ea:bd:74:7b:e0 -> NU-AP05124 -> 5.220 GHz
5c:5a:c7:84:93:c0 -> NU-AP05327 -> 2.437 GHz
00:ea:bd:74:20:e0 -> NU-AP05127 -> 2.412 GHz
00:ea:bd:74:7b:e0 -> NU-AP05124 -> 5.220 GHz
5c:5a:c7:84:93:c0 -> NU-AP05327 -> 2.437 GHz
00:ea:bd:74:20:e0 -> NU-AP05127 -> 2.412 GHz
00:ea:bd:74:7b:e0 -> NU-AP05124 -> 5.220 GHz
5c:5a:c7:84:93:c0 -> NU-AP05327 -> 2.437 GHz
00:ea:bd:74:20:e0 -> NU-AP05127 -> 2.412 GHz
00:ea:bd:74:7b:e0 -> NU-AP05124 -> 5.220 GHz
5c:5a:c7:84:93:c0 -> NU-AP05327 -> 2.437 GHz
00:ea:bd:74:20:e0 -> NU-AP05127 -> 2.412 GHz
5c:5a:c7:84:93:c0 -> NU-AP05327 -> 2.437 GHz
00:ea:bd:74:20:e0 -> NU-AP05127 -> 2.412 GHz
00:ea:bd:74:7b:e0 -> NU-AP05124 -> 5.220 GHz
5c:5a:c7:84:93:c0 -> NU-AP05327 -> 2.437 GHz
00:ea:bd:74:20:e0 -> NU-AP05127 -> 2.412 GHz
10:b3:d5:0a:28:00 -> NU-AP05136 -> 2.437 GHz
00:ea:bd:74:7b:e0 -> NU-AP05124 -> 5.220 GHz
00:ea:bd:74:20:e0 -> NU-AP05127 -> 2.412 GHz
5c:5a:c7:84:93:c0 -> NU-AP05327 -> 2.437 GHz
00:ea:bd:74:7b:e0 -> NU-AP05124 -> 5.220 GHz
00:ea:bd:74:20:e0 -> NU-AP05127 -> 2.412 GHz
00:ea:bd:ae:8e:60 -> NU-AP05134 -> 5.320 GHz
10:b3:d5:0a:28:00 -> NU-AP05136 -> 2.437 GHz
5c:5a:c7:84:93:c0 -> NU-AP05327 -> 2.437 GHz
00:ea:bd:74:7b:e0 -> NU-AP05124 -> 5.220 GHz
00:ea:bd:74:20:e0 -> NU-AP05127 -> 2.412 GHz
00:ea:bd:ae:8e:60 -> NU-AP05134 -> 5.320 GHz
5c:5a:c7:84:93:c0 -> NU-AP05327 -> 2.437 GHz
10:b3:d5:0a:28:00 -> NU-AP05136 -> 2.437 GHz
00:ea:bd:74:7b:e0 -> NU-AP05124 -> 5.220 GHz
00:ea:bd:74:20:e0 -> NU-AP05127 -> 2.412 GHz
5c:5a:c7:84:93:c0 -> NU-AP05327 -> 2.437 GHz
10:b3:d5:0a:28:00 -> NU-AP05136 -> 2.437 GHz
00:ea:bd:74:7b:e0 -> NU-AP05124 -> 5.220 GHz
00:ea:bd:74:20:e0 -> NU-AP05127 -> 2.412 GHz
5c:5a:c7:84:93:c0 -> NU-AP05327 -> 2.437 GHz
00:ea:bd:74:20:e0 -> NU-AP05127 -> 2.412 GHz
00:ea:bd:74:7b:e0 -> NU-AP05124 -> 5.220 GHz
5c:5a:c7:84:93:c0 -> NU-AP05327 -> 2.437 GHz
00:ea:bd:74:20:e0 -> NU-AP05127 -> 2.412 GHz
00:ea:bd:74:7b:e0 -> NU-AP05124 -> 5.220 GHz
00:ea:bd:ae:8e:60 -> NU-AP05134 -> 5.320 GHz
00:ea:bd:74:20:e0 -> NU-AP05127 -> 2.412 GHz
5c:5a:c7:84:93:c0 -> NU-AP05327 -> 2.437 GHz
10:b3:d5:0f:ec:c0 -> NU-AP04103 -> 2.437 GHz
00:ea:bd:74:20:e0 -> NU-AP05127 -> 2.412 GHz
00:ea:bd:74:7b:e0 -> NU-AP05124 -> 5.220 GHz
00:ea:bd:ae:8e:60 -> NU-AP05134 -> 5.320 GHz
00:ea:bd:74:20:e0 -> NU-AP05127 -> 2.412 GHz
00:ea:bd:74:7b:e0 -> NU-AP05124 -> 5.220 GHz
5c:5a:c7:84:93:c0 -> NU-AP05327 -> 2.437 GHz
08:4f:a9:1a:ae:20 -> NU-AP04111 -> 2.437 GHz
00:ea:bd:74:20:e0 -> NU-AP05127 -> 2.412 GHz
00:ea:bd:74:7b:e0 -> NU-AP05124 -> 5.220 GHz
00:ea:bd:ae:8e:60 -> NU-AP05134 -> 5.320 GHz
5c:5a:c7:84:93:c0 -> NU-AP05327 -> 2.437 GHz
00:ea:bd:74:20:e0 -> NU-AP05127 -> 2.412 GHz
5c:5a:c7:84:93:c0 -> NU-AP05327 -> 2.437 GHz
00:ea:bd:74:20:e0 -> NU-AP05127 -> 2.412 GHz
5c:5a:c7:84:93:c0 -> NU-AP05327 -> 2.437 GHz
00:ea:bd:74:20:e0 -> NU-AP05127 -> 2.412 GHz
10:b3:d5:0f:ec:c0 -> NU-AP04103 -> 2.437 GHz
10:b3:d5:0a:28:00 -> NU-AP05136 -> 2.437 GHz
00:ea:bd:74:7b:e0 -> NU-AP05124 -> 5.220 GHz
5c:5a:c7:84:93:c0 -> NU-AP05327 -> 2.437 GHz
00:ea:bd:74:20:e0 -> NU-AP05127 -> 2.412 GHz
10:b3:d5:0f:ec:c0 -> NU-AP04103 -> 2.437 GHz
5c:5a:c7:84:93:c0 -> NU-AP05327 -> 2.437 GHz
10:b3:d5:0a:28:00 -> NU-AP05136 -> 2.437 GHz
00:ea:bd:74:7b:e0 -> NU-AP05124 -> 5.220 GHz
00:ea:bd:ae:8e:60 -> NU-AP05134 -> 5.320 GHz
00:ea:bd:74:20:e0 -> NU-AP05127 -> 2.412 GHz
5c:5a:c7:84:93:c0 -> NU-AP05327 -> 2.437 GHz
00:ea:bd:74:20:e0 -> NU-AP05127 -> 2.412 GHz
5c:5a:c7:84:93:c0 -> NU-AP05327 -> 2.437 GHz
00:ea:bd:74:7b:e0 -> NU-AP05124 -> 5.220 GHz
00:ea:bd:74:20:e0 -> NU-AP05127 -> 2.412 GHz
5c:5a:c7:84:93:c0 -> NU-AP05327 -> 2.437 GHz
00:ea:bd:74:20:e0 -> NU-AP05127 -> 2.412 GHz
5c:5a:c7:84:93:c0 -> NU-AP05327 -> 2.437 GHz
00:ea:bd:74:7b:e0 -> NU-AP05124 -> 5.220 GHz
00:ea:bd:74:20:e0 -> NU-AP05127 -> 2.412 GHz
5c:5a:c7:84:93:c0 -> NU-AP05327 -> 2.437 GHz
00:ea:bd:74:20:e0 -> NU-AP05127 -> 2.412 GHz
5c:5a:c7:84:93:c0 -> NU-AP05327 -> 2.437 GHz
00:ea:bd:74:7b:e0 -> NU-AP05124 -> 5.220 GHz
00:ea:bd:ae:8e:60 -> NU-AP05134 -> 5.320 GHz
00:ea:bd:74:20:e0 -> NU-AP05127 -> 2.412 GHz
5c:5a:c7:84:93:c0 -> NU-AP05327 -> 2.437 GHz
00:ea:bd:99:87:00 -> NU-AP06143 -> 2.412 GHz
00:ea:bd:74:20:e0 -> NU-AP05127 -> 2.412 GHz
5c:5a:c7:84:93:c0 -> NU-AP05327 -> 2.437 GHz
10:b3:d5:0a:28:00 -> NU-AP05136 -> 2.437 GHz
00:ea:bd:74:7b:e0 -> NU-AP05124 -> 5.220 GHz
00:ea:bd:74:20:e0 -> NU-AP05127 -> 2.412 GHz
00:ea:bd:74:20:e0 -> NU-AP05127 -> 2.412 GHz
5c:5a:c7:84:93:c0 -> NU-AP05327 -> 2.437 GHz
00:ea:bd:74:20:e0 -> NU-AP05127 -> 2.412 GHz
00:ea:bd:74:7b:e0 -> NU-AP05124 -> 5.220 GHz
00:ea:bd:ae:8e:60 -> NU-AP05134 -> 5.320 GHz
00:ea:bd:74:20:e0 -> NU-AP05127 -> 2.412 GHz
5c:5a:c7:84:93:c0 -> NU-AP05327 -> 2.437 GHz
00:ea:bd:74:7b:e0 -> NU-AP05124 -> 5.220 GHz
00:ea:bd:74:7b:e0 -> NU-AP05124 -> 5.220 GHz
00:ea:bd:74:20:e0 -> NU-AP05127 -> 2.412 GHz
5c:5a:c7:84:93:c0 -> NU-AP05327 -> 2.437 GHz
00:ea:bd:ae:8e:60 -> NU-AP05134 -> 5.320 GHz
00:ea:bd:74:7b:e0 -> NU-AP05124 -> 5.220 GHz
00:ea:bd:74:20:e0 -> NU-AP05127 -> 2.412 GHz
10:b3:d5:0f:ec:c0 -> NU-AP04103 -> 2.437 GHz
00:ea:bd:74:7b:e0 -> NU-AP05124 -> 5.220 GHz
00:ea:bd:74:20:e0 -> NU-AP05127 -> 2.412 GHz
00:ea:bd:74:7b:e0 -> NU-AP05124 -> 5.220 GHz
00:ea:bd:74:20:e0 -> NU-AP05127 -> 2.412 GHz
5c:5a:c7:84:93:c0 -> NU-AP05327 -> 2.437 GHz
00:ea:bd:ae:8e:60 -> NU-AP05134 -> 5.320 GHz
00:ea:bd:74:7b:e0 -> NU-AP05124 -> 5.220 GHz
00:ea:bd:74:20:e0 -> NU-AP05127 -> 2.412 GHz
5c:5a:c7:84:93:c0 -> NU-AP05327 -> 2.437 GHz
10:b3:d5:0a:28:00 -> NU-AP05136 -> 2.437 GHz
00:ea:bd:74:7b:e0 -> NU-AP05124 -> 5.220 GHz
00:ea:bd:74:20:e0 -> NU-AP05127 -> 2.412 GHz
5c:5a:c7:84:93:c0 -> NU-AP05327 -> 2.437 GHz
00:ea:bd:74:7b:e0 -> NU-AP05124 -> 5.220 GHz
00:ea:bd:74:20:e0 -> NU-AP05127 -> 2.412 GHz
5c:5a:c7:84:93:c0 -> NU-AP05327 -> 2.437 GHz
00:ea:bd:74:7b:e0 -> NU-AP05124 -> 5.220 GHz
5c:5a:c7:84:93:c0 -> NU-AP05327 -> 2.437 GHz
00:ea:bd:74:7b:e0 -> NU-AP05124 -> 5.220 GHz
00:ea:bd:74:20:e0 -> NU-AP05127 -> 2.412 GHz
5c:5a:c7:84:93:c0 -> NU-AP05327 -> 2.437 GHz
00:ea:bd:74:7b:e0 -> NU-AP05124 -> 5.220 GHz
00:ea:bd:74:20:e0 -> NU-AP05127 -> 2.412 GHz
5c:5a:c7:84:93:c0 -> NU-AP05327 -> 2.437 GHz
00:ea:bd:74:7b:e0 -> NU-AP05124 -> 5.220 GHz
10:b3:d5:0a:28:00 -> NU-AP05136 -> 2.437 GHz
00:ea:bd:ae:8e:60 -> NU-AP05134 -> 5.320 GHz
00:ea:bd:74:20:e0 -> NU-AP05127 -> 2.412 GHz
5c:5a:c7:84:93:c0 -> NU-AP05327 -> 2.437 GHz
10:b3:d6:d6:fe:40 -> NU-AP05137 -> 2.437 GHz
00:ea:bd:74:20:e0 -> NU-AP05127 -> 2.412 GHz
5c:5a:c7:84:93:c0 -> NU-AP05327 -> 2.437 GHz
00:ea:bd:74:20:e0 -> NU-AP05127 -> 2.412 GHz
5c:5a:c7:84:93:c0 -> NU-AP05327 -> 2.437 GHz
10:b3:d5:0a:28:00 -> NU-AP05136 -> 2.437 GHz
00:ea:bd:74:20:e0 -> NU-AP05127 -> 2.412 GHz
00:ea:bd:74:7b:e0 -> NU-AP05124 -> 5.220 GHz
5c:5a:c7:84:93:c0 -> NU-AP05327 -> 2.437 GHz
00:ea:bd:74:20:e0 -> NU-AP05127 -> 2.412 GHz
00:ea:bd:74:7b:e0 -> NU-AP05124 -> 5.220 GHz
00:ea:bd:74:20:e0 -> NU-AP05127 -> 2.412 GHz
00:ea:bd:74:7b:e0 -> NU-AP05124 -> 5.220 GHz
5c:5a:c7:84:93:c0 -> NU-AP05327 -> 2.437 GHz
5c:5a:c7:84:60:60 -> NU-AP06148 -> 5.180 GHz
00:ea:bd:74:20:e0 -> NU-AP05127 -> 2.412 GHz
10:b3:d5:0a:28:00 -> NU-AP05136 -> 2.437 GHz
00:ea:bd:74:7b:e0 -> NU-AP05124 -> 5.220 GHz
00:ea:bd:ae:8e:60 -> NU-AP05134 -> 5.320 GHz
00:ea:bd:74:20:e0 -> NU-AP05127 -> 2.412 GHz
5c:5a:c7:84:93:c0 -> NU-AP05327 -> 2.437 GHz
08:4f:a9:1a:ae:20 -> NU-AP04111 -> 2.437 GHz
00:ea:bd:74:20:e0 -> NU-AP05127 -> 2.412 GHz
5c:5a:c7:84:93:c0 -> NU-AP05327 -> 2.437 GHz
00:ea:bd:74:20:e0 -> NU-AP05127 -> 2.412 GHz
5c:5a:c7:84:93:c0 -> NU-AP05327 -> 2.437 GHz
00:ea:bd:ae:8e:60 -> NU-AP05134 -> 5.320 GHz
00:ea:bd:74:20:e0 -> NU-AP05127 -> 2.412 GHz
5c:5a:c7:84:93:c0 -> NU-AP05327 -> 2.437 GHz
00:ea:bd:74:7b:e0 -> NU-AP05124 -> 5.220 GHz
00:ea:bd:74:20:e0 -> NU-AP05127 -> 2.412 GHz
5c:5a:c7:84:93:c0 -> NU-AP05327 -> 2.437 GHz
10:b3:d5:0a:28:00 -> NU-AP05136 -> 2.437 GHz
00:ea:bd:74:7b:e0 -> NU-AP05124 -> 5.220 GHz
00:ea:bd:ae:8e:60 -> NU-AP05134 -> 5.320 GHz
00:ea:bd:74:20:e0 -> NU-AP05127 -> 2.412 GHz
5c:5a:c7:84:93:c0 -> NU-AP05327 -> 2.437 GHz
10:b3:d5:0f:ec:c0 -> NU-AP04103 -> 2.437 GHz
00:ea:bd:74:20:e0 -> NU-AP05127 -> 2.412 GHz
5c:5a:c7:84:93:c0 -> NU-AP05327 -> 2.437 GHz
00:ea:bd:74:7b:e0 -> NU-AP05124 -> 5.220 GHz
00:ea:bd:74:20:e0 -> NU-AP05127 -> 2.412 GHz
5c:5a:c7:84:93:c0 -> NU-AP05327 -> 2.437 GHz
00:ea:bd:74:7b:e0 -> NU-AP05124 -> 5.220 GHz
10:b3:d5:0f:ec:c0 -> NU-AP04103 -> 2.437 GHz
00:ea:bd:74:20:e0 -> NU-AP05127 -> 2.412 GHz
5c:5a:c7:84:93:c0 -> NU-AP05327 -> 2.437 GHz
00:ea:bd:74:7b:e0 -> NU-AP05124 -> 5.220 GHz
00:ea:bd:74:20:e0 -> NU-AP05127 -> 2.412 GHz
5c:5a:c7:84:93:c0 -> NU-AP05327 -> 2.437 GHz
00:ea:bd:74:20:e0 -> NU-AP05127 -> 2.412 GHz
5c:5a:c7:84:93:c0 -> NU-AP05327 -> 2.437 GHz
00:ea:bd:ae:8e:60 -> NU-AP05134 -> 5.320 GHz
00:ea:bd:74:7b:e0 -> NU-AP05124 -> 5.220 GHz
00:ea:bd:74:20:e0 -> NU-AP05127 -> 2.412 GHz
5c:5a:c7:84:93:c0 -> NU-AP05327 -> 2.437 GHz
00:ea:bd:ae:8e:60 -> NU-AP05134 -> 5.320 GHz
00:ea:bd:74:20:e0 -> NU-AP05127 -> 2.412 GHz
5c:5a:c7:84:93:c0 -> NU-AP05327 -> 2.437 GHz
00:ea:bd:74:20:e0 -> NU-AP05127 -> 2.412 GHz
5c:5a:c7:84:93:c0 -> NU-AP05327 -> 2.437 GHz
00:ea:bd:74:20:e0 -> NU-AP05127 -> 2.412 GHz
5c:5a:c7:84:93:c0 -> NU-AP05327 -> 2.437 GHz
00:ea:bd:74:7b:e0 -> NU-AP05124 -> 5.220 GHz
00:ea:bd:74:20:e0 -> NU-AP05127 -> 2.412 GHz
5c:5a:c7:84:93:c0 -> NU-AP05327 -> 2.437 GHz
08:4f:a9:1a:ae:20 -> NU-AP04111 -> 2.437 GHz
10:b3:d5:0f:ec:c0 -> NU-AP04103 -> 2.437 GHz
00:ea:bd:74:20:e0 -> NU-AP05127 -> 2.412 GHz
5c:5a:c7:84:93:c0 -> NU-AP05327 -> 2.437 GHz
10:b3:d5:0a:28:00 -> NU-AP05136 -> 2.437 GHz
00:ea:bd:74:7b:e0 -> NU-AP05124 -> 5.220 GHz
00:ea:bd:6c:c4:e0 -> NU-AP05123 -> 5.500 GHz
00:ea:bd:74:20:e0 -> NU-AP05127 -> 2.412 GHz
5c:5a:c7:84:93:c0 -> NU-AP05327 -> 2.437 GHz
00:ea:bd:74:20:e0 -> NU-AP05127 -> 2.412 GHz
5c:5a:c7:84:93:c0 -> NU-AP05327 -> 2.437 GHz
10:b3:d5:0a:28:00 -> NU-AP05136 -> 2.437 GHz
00:ea:bd:74:7b:e0 -> NU-AP05124 -> 5.220 GHz
00:ea:bd:74:20:e0 -> NU-AP05127 -> 2.412 GHz
5c:5a:c7:84:93:c0 -> NU-AP05327 -> 2.437 GHz
00:ea:bd:74:20:e0 -> NU-AP05127 -> 2.412 GHz
00:ea:bd:74:7b:e0 -> NU-AP05124 -> 5.220 GHz
5c:5a:c7:84:93:c0 -> NU-AP05327 -> 2.437 GHz
00:ea:bd:74:20:e0 -> NU-AP05127 -> 2.412 GHz
00:ea:bd:74:7b:e0 -> NU-AP05124 -> 5.220 GHz
00:ea:bd:74:16:20 -> NU-AP05125 -> 5.200 GHz
00:ea:bd:ae:8e:60 -> NU-AP05134 -> 5.320 GHz
5c:5a:c7:84:93:c0 -> NU-AP05327 -> 2.437 GHz
00:ea:bd:74:16:20 -> NU-AP05125 -> 5.200 GHz
5c:5a:c7:84:93:c0 -> NU-AP05327 -> 2.437 GHz
00:ea:bd:74:16:20 -> NU-AP05125 -> 5.200 GHz
10:b3:d5:77:43:20 -> NU-AP03082 -> 2.437 GHz
00:ea:bd:74:7b:e0 -> NU-AP05124 -> 5.220 GHz
5c:5a:c7:84:93:c0 -> NU-AP05327 -> 2.437 GHz
00:ea:bd:74:16:20 -> NU-AP05125 -> 5.200 GHz
10:b3:d5:0a:28:00 -> NU-AP05136 -> 2.437 GHz
5c:5a:c7:84:93:c0 -> NU-AP05327 -> 2.437 GHz
00:ea:bd:74:16:20 -> NU-AP05125 -> 5.200 GHz
00:ea:bd:74:7b:e0 -> NU-AP05124 -> 5.220 GHz
5c:5a:c7:84:93:c0 -> NU-AP05327 -> 2.437 GHz
00:ea:bd:74:16:20 -> NU-AP05125 -> 5.200 GHz
5c:5a:c7:84:93:c0 -> NU-AP05327 -> 2.437 GHz
00:ea:bd:74:16:20 -> NU-AP05125 -> 5.200 GHz
00:ea:bd:74:7b:e0 -> NU-AP05124 -> 5.220 GHz
00:ea:bd:ae:8e:60 -> NU-AP05134 -> 5.320 GHz
00:ea:bd:a8:1c:40 -> NU-AP05122 -> 5.200 GHz
5c:5a:c7:85:5c:20 -> NU-AP04096 -> 2.412 GHz
5c:5a:c7:64:db:a0 -> NU-AP05121 -> 2.412 GHz
00:ea:bd:a8:1c:40 -> NU-AP05122 -> 5.200 GHz
5c:5a:c7:85:5c:20 -> NU-AP04096 -> 2.412 GHz
00:ea:bd:a8:1c:40 -> NU-AP05122 -> 5.200 GHz
5c:5a:c7:85:5c:20 -> NU-AP04096 -> 2.412 GHz
10:b3:d6:d6:fe:40 -> NU-AP05137 -> 2.437 GHz
00:ea:bd:a8:1c:40 -> NU-AP05122 -> 5.200 GHz
5c:5a:c7:64:db:a0 -> NU-AP05121 -> 2.412 GHz
00:ea:bd:a8:1c:40 -> NU-AP05122 -> 5.200 GHz
5c:5a:c7:64:db:a0 -> NU-AP05121 -> 2.412 GHz
5c:5a:c7:85:5c:20 -> NU-AP04096 -> 2.412 GHz
10:b3:d6:d6:fe:40 -> NU-AP05137 -> 2.437 GHz
00:ea:bd:a8:1c:40 -> NU-AP05122 -> 5.200 GHz
5c:5a:c7:64:db:a0 -> NU-AP05121 -> 2.412 GHz
00:ea:bd:a8:1c:40 -> NU-AP05122 -> 5.200 GHz
5c:5a:c7:64:db:a0 -> NU-AP05121 -> 2.412 GHz
00:ea:bd:a8:1c:40 -> NU-AP05122 -> 5.200 GHz
5c:5a:c7:64:db:a0 -> NU-AP05121 -> 2.412 GHz
10:b3:d6:d6:fe:40 -> NU-AP05137 -> 2.437 GHz
5c:5a:c7:85:84:a0 -> NU-AP00001 -> 2.437 GHz
00:ea:bd:a8:1c:40 -> NU-AP05122 -> 5.200 GHz
5c:5a:c7:64:db:a0 -> NU-AP05121 -> 2.412 GHz
10:b3:d6:d6:fe:40 -> NU-AP05137 -> 2.437 GHz
00:ea:bd:a8:1c:40 -> NU-AP05122 -> 5.200 GHz
5c:5a:c7:64:db:a0 -> NU-AP05121 -> 2.412 GHz
10:b3:d5:0f:ec:c0 -> NU-AP04103 -> 2.437 GHz
00:ea:bd:a8:1c:40 -> NU-AP05122 -> 5.200 GHz
5c:5a:c7:64:db:a0 -> NU-AP05121 -> 2.412 GHz
5c:5a:c7:87:e7:c0 -> NU-AP05139 -> 2.462 GHz
00:ea:bd:a8:1c:40 -> NU-AP05122 -> 5.200 GHz
5c:5a:c7:64:db:a0 -> NU-AP05121 -> 2.412 GHz
10:b3:d6:d6:fe:40 -> NU-AP05137 -> 2.437 GHz
00:ea:bd:a8:1c:40 -> NU-AP05122 -> 5.200 GHz
5c:5a:c7:64:db:a0 -> NU-AP05121 -> 2.412 GHz
08:4f:a9:1a:ae:20 -> NU-AP04111 -> 2.437 GHz
00:ea:bd:a8:1c:40 -> NU-AP05122 -> 5.200 GHz
5c:5a:c7:64:db:a0 -> NU-AP05121 -> 2.412 GHz
10:b3:d6:d6:fe:40 -> NU-AP05137 -> 2.437 GHz
00:ea:bd:a8:1c:40 -> NU-AP05122 -> 5.200 GHz
5c:5a:c7:64:db:a0 -> NU-AP05121 -> 2.412 GHz
10:b3:d5:0f:ec:c0 -> NU-AP04103 -> 2.437 GHz
10:b3:d6:d6:fe:40 -> NU-AP05137 -> 2.437 GHz
00:ea:bd:a8:1c:40 -> NU-AP05122 -> 5.200 GHz
5c:5a:c7:64:db:a0 -> NU-AP05121 -> 2.412 GHz
00:ea:bd:a8:1c:40 -> NU-AP05122 -> 5.200 GHz
5c:5a:c7:64:db:a0 -> NU-AP05121 -> 2.412 GHz
5c:5a:c7:85:5c:20 -> NU-AP04096 -> 2.412 GHz
10:b3:d6:d6:fe:40 -> NU-AP05137 -> 2.437 GHz
00:ea:bd:a8:1c:40 -> NU-AP05122 -> 5.200 GHz
5c:5a:c7:64:db:a0 -> NU-AP05121 -> 2.412 GHz
00:ea:bd:a8:1c:40 -> NU-AP05122 -> 5.200 GHz
5c:5a:c7:64:db:a0 -> NU-AP05121 -> 2.412 GHz
10:b3:d6:d6:fe:40 -> NU-AP05137 -> 2.437 GHz
00:ea:bd:a8:1c:40 -> NU-AP05122 -> 5.200 GHz
5c:5a:c7:64:db:a0 -> NU-AP05121 -> 2.412 GHz
10:b3:d6:d6:fe:40 -> NU-AP05137 -> 2.437 GHz
00:ea:bd:a8:1c:40 -> NU-AP05122 -> 5.200 GHz
5c:5a:c7:64:db:a0 -> NU-AP05121 -> 2.412 GHz
10:b3:d6:d6:fe:40 -> NU-AP05137 -> 2.437 GHz
00:ea:bd:a8:1c:40 -> NU-AP05122 -> 5.200 GHz
5c:5a:c7:64:db:a0 -> NU-AP05121 -> 2.412 GHz
5c:5a:c7:88:19:c0 -> NU-AP12324 -> 2.412 GHz
5c:5a:c7:44:0c:e0 -> NU-AP02054 -> 5.300 GHz
5c:5a:c7:44:07:20 -> NU-AP07181 -> 5.700 GHz
5c:5a:c7:72:ef:a0 -> NU-AP06163 -> 5.200 GHz
00:ea:bd:ae:96:a0 -> NU-AP12281 -> 2.462 GHz
5c:5a:c7:72:ac:a0 -> NU-AP05116 -> 5.180 GHz
00:ea:bd:76:2d:a0 -> NU-AP09217 -> 2.412 GHz
00:ea:bd:a8:1c:40 -> NU-AP05122 -> 5.200 GHz
5c:5a:c7:44:08:60 -> NU-AP07179 -> 2.412 GHz
00:ea:bd:a5:f0:40 -> NU-AP06145 -> 2.462 GHz
5c:5a:c7:85:98:00 -> NU-AP05326 -> 5.660 GHz
5c:5a:c7:84:51:c0 -> NU-AP05120 -> 5.280 GHz
5c:5a:c7:72:ef:60 -> NU-AP06169 -> 2.412 GHz
5c:5a:c7:6f:5b:80 -> NU-AP05119 -> 5.240 GHz
5c:5a:c7:64:e6:60 -> NU-AP04092 -> 2.412 GHz
00:ea:bd:a8:29:00 -> NU-AP05118 -> 5.240 GHz
5c:5a:c7:85:69:40 -> NU-AP04105 -> 5.520 GHz
5c:5a:c7:87:e6:c0 -> NU-AP07186 -> 5.260 GHz
5c:5a:c7:84:5c:40 -> NU-AP07176 -> 5.220 GHz
5c:5a:c7:6f:5e:60 -> NU-AP08201 -> 2.412 GHz
5c:5a:c7:87:e7:c0 -> NU-AP05139 -> 2.462 GHz
5c:5a:c7:85:61:e0 -> NU-AP02056 -> 5.580 GHz
5c:5a:c7:44:34:80 -> NU-AP00009 -> 5.320 GHz
5c:5a:c7:84:4e:e0 -> NU-AP06162 -> 5.240 GHz
00:ea:bd:74:16:20 -> NU-AP05125 -> 5.200 GHz
5c:5a:c7:72:f2:40 -> NU-AP06170 -> 2.412 GHz
00:ea:bd:ae:8e:60 -> NU-AP05134 -> 5.320 GHz
00:ea:bd:ae:ee:60 -> NU-AP05126 -> 5.220 GHz
5c:5a:c7:72:e9:20 -> NU-AP06330 -> 5.220 GHz
5c:5a:c7:72:f0:a0 -> NU-AP05328 -> 5.220 GHz
00:ea:bd:ae:ec:a0 -> NU-AP05128 -> 5.680 GHz
5c:5a:c7:84:93:c0 -> NU-AP05327 -> 2.412 GHz
5c:5a:c7:64:e0:a0 -> NU-AP04104 -> 5.200 GHz
10:b3:d5:95:2b:40 -> NU-AP02055 -> 2.437 GHz
00:ea:bd:b1:52:e0 -> NU-AP06142 -> 5.500 GHz
10:b3:d5:95:2c:40 -> NU-AP02058 -> 2.437 GHz
5c:5a:c7:87:e0:40 -> NU-AP05140 -> 2.412 GHz
5c:5a:c7:64:dc:40 -> NU-AP06161 -> 5.560 GHz
5c:5a:c7:84:93:e0 -> NU-AP06155 -> 5.200 GHz
5c:5a:c7:66:69:c0 -> NU-AP07295 -> 2.462 GHz
00:ea:bd:a8:28:20 -> NU-AP11320 -> 2.462 GHz
5c:5a:c7:87:e4:40 -> NU-AP07190 -> 5.300 GHz
00:ea:bd:74:7b:e0 -> NU-AP05124 -> 5.240 GHz
00:ea:bd:a8:23:c0 -> NU-AP06156 -> 5.280 GHz
5c:5a:c7:44:0b:20 -> NU-AP10249 -> 2.462 GHz
5c:5a:c7:44:08:40 -> NU-AP00002 -> 2.412 GHz
00:ea:bd:74:20:e0 -> NU-AP05127 -> 2.437 GHz
00:ea:bd:a5:dd:00 -> NU-AP05132 -> 5.300 GHz
5c:5a:c7:84:54:20 -> NU-AP00005 -> 5.200 GHz
5c:5a:c7:85:5c:20 -> NU-AP04096 -> 2.412 GHz
10:b3:d5:f2:2e:c0 -> NU-AP02057 -> 2.437 GHz
5c:5a:c7:6f:5d:00 -> NU-AP09231 -> 5.200 GHz
5c:5a:c7:85:98:40 -> NU-AP06166 -> 5.200 GHz
00:ea:bd:99:87:00 -> NU-AP06143 -> 2.437 GHz
5c:5a:c7:44:34:e0 -> NU-AP00006 -> 2.437 GHz
10:b3:d5:f2:2f:20 -> NU-AP03083 -> 2.437 GHz
5c:5a:c7:85:84:a0 -> NU-AP00001 -> 2.437 GHz
5c:5a:c7:85:59:c0 -> NU-AP07175 -> 2.412 GHz
10:b3:d5:33:98:c0 -> NU-AP02053 -> 2.437 GHz
00:ea:bd:ae:85:00 -> NU-AP10318 -> 5.560 GHz
5c:5a:c7:64:f3:40 -> NU-AP01029 -> 5.700 GHz
00:ea:bd:ae:8d:20 -> NU-AP12283 -> 2.412 GHz
5c:5a:c7:84:5f:40 -> NU-AP11267 -> 2.437 GHz
00:ea:bd:59:9b:40 -> NU-AP11258 -> 2.437 GHz
00:ea:bd:76:5a:00 -> NU-AP05115 -> 5.240 GHz
5c:5a:c7:72:a9:80 -> NU-AP04112 -> 2.412 GHz
5c:5a:c7:87:f8:40 -> NU-AP07184 -> 2.412 GHz
5c:5a:c7:85:96:60 -> NU-AP06168 -> 2.462 GHz
5c:5a:c7:84:55:40 -> NU-AP05138 -> 5.300 GHz
10:b3:d5:0a:2e:00 -> NU-AP02051 -> 2.462 GHz
00:ea:bd:b1:5b:00 -> NU-AP05133 -> 5.300 GHz
5c:5a:c7:6f:5e:20 -> NU-AP07172 -> 2.462 GHz
00:ea:bd:a8:1e:60 -> NU-AP05131 -> 2.462 GHz
00:ea:bd:a5:f5:80 -> NU-AP05130 -> 5.200 GHz
00:ea:bd:a8:2e:e0 -> NU-AP05129 -> 5.220 GHz
00:ea:bd:b1:4f:20 -> NU-AP06149 -> 5.260 GHz
5c:5a:c7:84:60:60 -> NU-AP06148 -> 5.180 GHz
5c:5a:c7:84:53:a0 -> NU-AP06150 -> 5.200 GHz
10:b3:d5:f4:9f:40 -> NU-AP03084 -> 2.437 GHz
00:ea:bd:99:95:20 -> NU-AP07193 -> 2.462 GHz
08:4f:a9:1a:ae:20 -> NU-AP04111 -> 2.437 GHz
00:ea:bd:99:87:00 -> NU-AP06143 -> 2.412 GHz
10:b3:d5:77:43:20 -> NU-AP03082 -> 2.437 GHz
10:b3:d5:0a:28:00 -> NU-AP05136 -> 2.437 GHz
10:b3:d5:0f:ec:c0 -> NU-AP04103 -> 2.437 GHz
00:ea:bd:6c:c4:e0 -> NU-AP05123 -> 5.180 GHz
10:b3:d6:d6:fe:40 -> NU-AP05137 -> 2.437 GHz
00:ea:bd:a5:ef:e0 -> NU-AP06146 -> 5.240 GHz
00:ea:bd:a8:1c:40 -> NU-AP05122 -> 5.680 GHz
5c:5a:c7:64:db:a0 -> NU-AP05121 -> 2.437 GHz

