VU-Campusnet                     -> 5c:5a:c7:44:34:8f
VU-Campusnet                     -> 5c:5a:c7:84:54:2f
VU-Campusnet                     -> 00:ea:bd:a8:1c:4f
VU-Campusnet                     -> 5c:5a:c7:85:69:4f
VU-Campusnet                     -> 5c:5a:c7:84:5c:4f
VU-Campusnet                     -> 5c:5a:c7:84:4e:ef
VU-Campusnet                     -> 00:ea:bd:ae:7b:8f
VU-Campusnet                     -> 00:ea:bd:b1:4f:2f
VU-Campusnet                     -> 5c:5a:c7:72:a9:0f
VU-Campusnet                     -> 00:ea:bd:b1:52:ef
VU-Campusnet                     -> 5c:5a:c7:64:e0:af
VU-Campusnet                     -> 00:ea:bd:ae:ee:6f
VU-Campusnet                     -> 5c:5a:c7:84:53:af
VU-Campusnet                     -> 10:b3:d5:0f:ec:cf
VU-Campusnet                     -> 5c:5a:c7:84:93:cf
VU-Campusnet                     -> 00:ea:bd:ae:8e:6f
VU-Campusnet                     -> 00:ea:bd:74:16:2f
VU-Campusnet                     -> 5c:5a:c7:84:60:6f
VU-Campusnet                     -> 00:ea:bd:74:20:ef
VU-Campusnet                     -> 5c:5a:c7:85:67:ef
VU-Campusnet                     -> 5c:5a:c7:85:98:0f
VU-Campusnet                     -> 5c:5a:c7:64:db:af
VU-Campusnet                     -> 00:ea:bd:6c:c4:ef
VU-Campusnet                     -> 10:b3:d5:0a:2a:ef
VU-Campusnet                     -> 5c:5a:c7:72:ef:af
VU-Campusnet                     -> 10:b3:d6:d6:fe:4f
VU-Campusnet                     -> 10:b3:d5:0a:28:0f
VU-Campusnet                     -> 00:ea:bd:74:7b:ef
VU-Campusnet                     -> 00:ea:bd:ae:8e:2f
VU-Campusnet                     -> 5c:5a:c7:84:51:cf
VU-Campusnet                     -> 00:ea:bd:a5:ef:ef
