
from MAC<48:00:b3:5f:7c:0e>
margins = 90-90 = 0 | total = 0

from MAC<10:e3:76:47:55:c1>
margins = 72-72 = 0 | total = 0

from MAC<48:00:b3:5f:53:61>
margins = 82-82 = 0 | total = 0

from MAC<48:00:b3:5f:63:21>
margins = 66-63 = 3 | total = 3

from MAC<48:00:b3:5f:7c:01>
margins = 70-69 = 1 | total = 2

from MAC<48:00:b3:5f:58:01>
margins = 48-48 = 0 | total = 0

from MAC<48:00:b3:5f:36:41>
margins = 84-84 = 0 | total = 0

from MAC<10:e3:76:47:55:ce>
margins = 89-88 = 1 | total = 3

from MAC<48:00:b3:5f:63:2e>
margins = 80-78 = 2 | total = 4

from MAC<48:00:b3:5f:58:0e>
margins = 71-69 = 2 | total = 2

from MAC<48:00:b3:5e:6e:6e>
margins = 87-87 = 0 | total = 0

from MAC<48:00:b3:5f:4d:01>
margins = 73-73 = 0 | total = 0

-----2.4GHz band-----
@2412 MHz
= -60.44117647058823

@2437 MHz
= -68.00511508951406

@2462 MHz
= -77.0

Band total: 851 signals
= -67.57461809635723

-----5GHz band-----
@5220 MHz
= -87.0

@5260 MHz
= -90.0

@5300 MHz
= -70.03125

@5660 MHz
= -79.5

@5700 MHz
= -88.34391534391534

Band total: 723 signals
 = -81.24343015214384

