tl
{'coordinates': [(44.95, 24.105, 56.75), (51.82, 24.105, 50.93), (61.14, 24.105, 61.1)], 'distances': [4.466835921509632, 0.9440608762859234, 5.011872336272722], 'names': ['NU-AP05137', 'NU-AP05122', 'NU-AP05121'], 'timestamps': [datetime.datetime(2026, 6, 29, 18, 27, 29, 102563), datetime.datetime(2026, 6, 29, 18, 27, 29, 96563), datetime.datetime(2026, 6, 29, 18, 27, 29, 87563)], 'signals': [-73, -46, -75], 'frequencies': [2462, 2412, 2437]}
mb
{'coordinates': [(44.95, 24.105, 56.75), (51.82, 24.105, 50.93), (61.14, 24.105, 61.1), (48.44, 24.105, 37.79)], 'distances': [4.466835921509632, 0.9440608762859234, 5.011872336272722, 3.3496543915782766], 'names': ['NU-AP05137', 'NU-AP05122', 'NU-AP05121', 'NU-AP05123'], 'timestamps': [datetime.datetime(2026, 6, 29, 18, 27, 29, 102563), datetime.datetime(2026, 6, 29, 18, 27, 29, 96563), datetime.datetime(2026, 6, 29, 18, 27, 29, 87563), datetime.datetime(2026, 6, 29, 18, 27, 29, 86563)], 'signals': [-73, -46, -75, -68], 'frequencies': [2462, 2412, 2437, 2437]}
mbf
{'coordinates': [(44.95, 24.105, 56.75), (51.82, 24.105, 50.93), (61.14, 24.105, 61.1), (48.44, 24.105, 37.79)], 'distances': [4.466835921509632, 0.9440608762859234, 5.011872336272722, 3.3496543915782766], 'names': ['NU-AP05137', 'NU-AP05122', 'NU-AP05121', 'NU-AP05123'], 'timestamps': [datetime.datetime(2026, 6, 29, 18, 27, 29, 102563), datetime.datetime(2026, 6, 29, 18, 27, 29, 96563), datetime.datetime(2026, 6, 29, 18, 27, 29, 87563), datetime.datetime(2026, 6, 29, 18, 27, 29, 86563)], 'signals': [-73, -46, -75, -68], 'frequencies': [2462, 2412, 2437, 2437]}
tl
{'coordinates': [(51.82, 24.105, 50.93), (61.14, 24.105, 61.1), (48.44, 24.105, 37.79)], 'distances': [0.9440608762859234, 5.011872336272722, 3.3496543915782766], 'names': ['NU-AP05122', 'NU-AP05121', 'NU-AP05123'], 'timestamps': [datetime.datetime(2026, 6, 29, 18, 27, 33, 641658), datetime.datetime(2026, 6, 29, 18, 27, 33, 630658), datetime.datetime(2026, 6, 29, 18, 27, 33, 629658)], 'signals': [-46, -75, -68], 'frequencies': [2412, 2437, 2437]}
mb
{'coordinates': [(51.82, 24.105, 50.93), (61.14, 24.105, 61.1), (48.44, 24.105, 37.79), (44.95, 24.105, 56.75)], 'distances': [0.9440608762859234, 5.011872336272722, 3.3496543915782766, 4.466835921509632], 'names': ['NU-AP05122', 'NU-AP05121', 'NU-AP05123', 'NU-AP05137'], 'timestamps': [datetime.datetime(2026, 6, 29, 18, 27, 33, 641658), datetime.datetime(2026, 6, 29, 18, 27, 33, 630658), datetime.datetime(2026, 6, 29, 18, 27, 33, 629658), datetime.datetime(2026, 6, 29, 18, 27, 33, 617658)], 'signals': [-46, -75, -68, -73], 'frequencies': [2412, 2437, 2437, 2462]}
mbf
{'coordinates': [(51.82, 24.105, 50.93), (61.14, 24.105, 61.1), (48.44, 24.105, 37.79), (44.95, 24.105, 56.75)], 'distances': [0.9440608762859234, 5.011872336272722, 3.3496543915782766, 4.466835921509632], 'names': ['NU-AP05122', 'NU-AP05121', 'NU-AP05123', 'NU-AP05137'], 'timestamps': [datetime.datetime(2026, 6, 29, 18, 27, 33, 641658), datetime.datetime(2026, 6, 29, 18, 27, 33, 630658), datetime.datetime(2026, 6, 29, 18, 27, 33, 629658), datetime.datetime(2026, 6, 29, 18, 27, 33, 617658)], 'signals': [-46, -75, -68, -73], 'frequencies': [2412, 2437, 2437, 2462]}
tl
{'coordinates': [(51.82, 24.105, 50.93), (10.55, 31.3, 46.79), (48.44, 24.105, 37.79)], 'distances': [0.9440608762859234, 5.623413251903491, 3.3496543915782766], 'names': ['NU-AP05122', 'NU-AP07183', 'NU-AP05123'], 'timestamps': [datetime.datetime(2026, 6, 29, 18, 27, 36, 989145), datetime.datetime(2026, 6, 29, 18, 27, 36, 983145), datetime.datetime(2026, 6, 29, 18, 27, 36, 980145)], 'signals': [-46, -77, -68], 'frequencies': [2412, 2437, 2437]}
mbf
{'coordinates': [(51.82, 24.105, 50.93), (48.44, 24.105, 37.79), (61.14, 24.105, 61.1), (44.95, 24.105, 56.75)], 'distances': [0.9440608762859234, 3.3496543915782766, 4.731512589614805, 4.466835921509632], 'names': ['NU-AP05122', 'NU-AP05123', 'NU-AP05121', 'NU-AP05137'], 'timestamps': [datetime.datetime(2026, 6, 29, 18, 27, 36, 989145), datetime.datetime(2026, 6, 29, 18, 27, 36, 980145), datetime.datetime(2026, 6, 29, 18, 27, 36, 980145), datetime.datetime(2026, 6, 29, 18, 27, 36, 963145)], 'signals': [-46, -68, -74, -73], 'frequencies': [2412, 2437, 2437, 2462]}
tl
{'coordinates': [(48.44, 24.105, 37.79), (61.14, 24.105, 61.1), (44.95, 24.105, 56.75)], 'distances': [3.548133892335755, 4.731512589614805, 4.216965034285822], 'names': ['NU-AP05123', 'NU-AP05121', 'NU-AP05137'], 'timestamps': [datetime.datetime(2026, 6, 29, 18, 27, 42, 946829), datetime.datetime(2026, 6, 29, 18, 27, 42, 941829), datetime.datetime(2026, 6, 29, 18, 27, 42, 918829)], 'signals': [-69, -74, -72], 'frequencies': [2437, 2437, 2462]}
mbf
{'coordinates': [(48.44, 24.105, 37.79), (61.14, 24.105, 61.1), (44.95, 24.105, 56.75), (51.82, 24.105, 50.93)], 'distances': [3.548133892335755, 4.731512589614805, 4.216965034285822, 0.9440608762859234], 'names': ['NU-AP05123', 'NU-AP05121', 'NU-AP05137', 'NU-AP05122'], 'timestamps': [datetime.datetime(2026, 6, 29, 18, 27, 42, 946829), datetime.datetime(2026, 6, 29, 18, 27, 42, 941829), datetime.datetime(2026, 6, 29, 18, 27, 42, 918829), datetime.datetime(2026, 6, 29, 18, 27, 42, 915829)], 'signals': [-69, -74, -72, -46], 'frequencies': [2437, 2437, 2462, 2412]}
tl
{'coordinates': [(51.82, 24.105, 50.93), (44.95, 24.105, 56.75), (48.44, 24.105, 37.79)], 'distances': [0.9440608762859234, 4.466835921509632, 3.1622776601683795], 'names': ['NU-AP05122', 'NU-AP05137', 'NU-AP05123'], 'timestamps': [datetime.datetime(2026, 6, 29, 18, 27, 44, 276237), datetime.datetime(2026, 6, 29, 18, 27, 44, 270237), datetime.datetime(2026, 6, 29, 18, 27, 44, 249237)], 'signals': [-46, -73, -67], 'frequencies': [2412, 2462, 2437]}
mb
{'coordinates': [(51.82, 24.105, 50.93), (44.95, 24.105, 56.75), (48.44, 24.105, 37.79), (62.2, 24.105, 70.12)], 'distances': [0.9440608762859234, 4.466835921509632, 3.1622776601683795, 5.011872336272722], 'names': ['NU-AP05122', 'NU-AP05137', 'NU-AP05123', 'NU-AP05326'], 'timestamps': [datetime.datetime(2026, 6, 29, 18, 27, 44, 276237), datetime.datetime(2026, 6, 29, 18, 27, 44, 270237), datetime.datetime(2026, 6, 29, 18, 27, 44, 249237), datetime.datetime(2026, 6, 29, 18, 27, 44, 240237)], 'signals': [-46, -73, -67, -75], 'frequencies': [2412, 2462, 2437, 2462]}
mbf
{'coordinates': [(51.82, 24.105, 50.93), (44.95, 24.105, 56.75), (48.44, 24.105, 37.79), (62.2, 24.105, 70.12)], 'distances': [0.9440608762859234, 4.466835921509632, 3.1622776601683795, 5.011872336272722], 'names': ['NU-AP05122', 'NU-AP05137', 'NU-AP05123', 'NU-AP05326'], 'timestamps': [datetime.datetime(2026, 6, 29, 18, 27, 44, 276237), datetime.datetime(2026, 6, 29, 18, 27, 44, 270237), datetime.datetime(2026, 6, 29, 18, 27, 44, 249237), datetime.datetime(2026, 6, 29, 18, 27, 44, 240237)], 'signals': [-46, -73, -67, -75], 'frequencies': [2412, 2462, 2437, 2462]}
tl
{'coordinates': [(61.14, 24.105, 61.1), (48.44, 24.105, 37.79), (10.55, 31.3, 46.79)], 'distances': [4.731512589614805, 3.3496543915782766, 5.3088444423098835], 'names': ['NU-AP05121', 'NU-AP05123', 'NU-AP07183'], 'timestamps': [datetime.datetime(2026, 6, 29, 18, 27, 44, 688276), datetime.datetime(2026, 6, 29, 18, 27, 44, 688276), datetime.datetime(2026, 6, 29, 18, 27, 44, 673276)], 'signals': [-74, -68, -76], 'frequencies': [2437, 2437, 2437]}
mb
{'coordinates': [(61.14, 24.105, 61.1), (48.44, 24.105, 37.79), (10.55, 31.3, 46.79), (44.95, 24.105, 56.75)], 'distances': [4.731512589614805, 3.3496543915782766, 5.3088444423098835, 4.466835921509632], 'names': ['NU-AP05121', 'NU-AP05123', 'NU-AP07183', 'NU-AP05137'], 'timestamps': [datetime.datetime(2026, 6, 29, 18, 27, 44, 688276), datetime.datetime(2026, 6, 29, 18, 27, 44, 688276), datetime.datetime(2026, 6, 29, 18, 27, 44, 673276), datetime.datetime(2026, 6, 29, 18, 27, 44, 667276)], 'signals': [-74, -68, -76, -73], 'frequencies': [2437, 2437, 2437, 2462]}
mbf
{'coordinates': [(61.14, 24.105, 61.1), (48.44, 24.105, 37.79), (44.95, 24.105, 56.75), (51.82, 24.105, 50.93)], 'distances': [4.731512589614805, 3.3496543915782766, 4.466835921509632, 0.9440608762859234], 'names': ['NU-AP05121', 'NU-AP05123', 'NU-AP05137', 'NU-AP05122'], 'timestamps': [datetime.datetime(2026, 6, 29, 18, 27, 44, 688276), datetime.datetime(2026, 6, 29, 18, 27, 44, 688276), datetime.datetime(2026, 6, 29, 18, 27, 44, 667276), datetime.datetime(2026, 6, 29, 18, 27, 44, 656276)], 'signals': [-74, -68, -73, -46], 'frequencies': [2437, 2437, 2462, 2412]}
