in the second of {formatted_time}:
	{cells_in_second24} new cells on 2.4GHz, {cells_in_second50} new cells on 5 GHz
	{predictions_in_second24} new predictions on 2.4GHz, {predictions_in_second50} new predictions on 5 GHz
in the second of {formatted_time}:
	{cells_in_second24} new cells on 2.4GHz, {cells_in_second50} new cells on 5 GHz
	{predictions_in_second24} new predictions on 2.4GHz, {predictions_in_second50} new predictions on 5 GHz
in the second of {formatted_time}:
	{cells_in_second24} new cells on 2.4GHz, {cells_in_second50} new cells on 5 GHz
	{predictions_in_second24} new predictions on 2.4GHz, {predictions_in_second50} new predictions on 5 GHz
in the second of {formatted_time}:
	{cells_in_second24} new cells on 2.4GHz, {cells_in_second50} new cells on 5 GHz
	{predictions_in_second24} new predictions on 2.4GHz, {predictions_in_second50} new predictions on 5 GHz
24-ALL-tri
[(-19.370, 27.700, 47.719), (32.75575466117954, 8.5), 65.23207534785003, 1783095391738954302, ['NU-AP06166', 'NU-AP06163', 'NU-AP06164'], [(15.250, 27.700, 64.430), (16.350, 27.700, 50.030), (2.960, 27.700, 44.930)], [31.794164568671015, 28.536391922827427, 6.282349099294772]]
[(-19.370, 27.700, 47.719), (41.68084049786951, 9.250153176347595), 72.15996503470481, 1783095391968168308, ['NU-AP06166', 'NU-AP06163', 'NU-AP06164'], [(15.250, 27.700, 64.430), (16.350, 27.700, 50.030), (2.960, 27.700, 44.930)], [31.794164568671015, 28.536391922827427, 6.282349099294772]]
[(-19.370, 27.700, 47.719), (43.801214278451354, 18.045777747650064), 69.79334620567691, 1783095392186102322, ['NU-AP06166', 'NU-AP06163', 'NU-AP06164'], [(15.250, 27.700, 64.430), (16.350, 27.700, 50.030), (2.960, 27.700, 44.930)], [31.794164568671015, 28.536391922827427, 6.282349099294772]]
[(-19.370, 27.700, 47.719), (45.98123761951069, 27.088837532785107), 68.53030168154314, 1783095392410167174, ['NU-AP06166', 'NU-AP06163', 'NU-AP06164'], [(15.250, 27.700, 64.430), (16.350, 27.700, 50.030), (2.960, 27.700, 44.930)], [31.794164568671015, 28.536391922827427, 6.282349099294772]]
[(-19.370, 27.700, 47.719), (48.40130591037631, 37.127639331931334), 68.59407757417952, 1783095392658904072, ['NU-AP06166', 'NU-AP06163', 'NU-AP06164'], [(15.250, 27.700, 64.430), (16.350, 27.700, 50.030), (2.960, 27.700, 44.930)], [31.794164568671015, 28.536391922827427, 6.282349099294772]]
[(-19.370, 27.700, 47.719), (52.49331989562763, 54.10191956704792), 72.14644590071987, 1783095393079485123, ['NU-AP06166', 'NU-AP06163', 'NU-AP06164'], [(15.250, 27.700, 64.430), (16.350, 27.700, 50.030), (2.960, 27.700, 44.930)], [31.794164568671015, 28.536391922827427, 6.282349099294772]]
[(-19.370, 27.700, 47.719), (54.59140468020193, 62.805086080837626), 75.48454182973178, 1783095393295128253, ['NU-AP06166', 'NU-AP06163', 'NU-AP06164'], [(15.250, 27.700, 64.430), (16.350, 27.700, 50.030), (2.960, 27.700, 44.930)], [31.794164568671015, 28.536391922827427, 6.282349099294772]]
[(-19.370, 27.700, 47.719), (38.08524494461687, 64.5), 59.85597975812139, 1783095393744558304, ['NU-AP06166', 'NU-AP06163', 'NU-AP06164'], [(15.250, 27.700, 64.430), (16.350, 27.700, 50.030), (2.960, 27.700, 44.930)], [31.794164568671015, 28.536391922827427, 6.282349099294772]]
[(-19.370, 27.700, 47.719), (29.304779345892417, 64.5), 51.48654078037573, 1783095393956057809, ['NU-AP06166', 'NU-AP06163', 'NU-AP06164'], [(15.250, 27.700, 64.430), (16.350, 27.700, 50.030), (2.960, 27.700, 44.930)], [31.794164568671015, 28.536391922827427, 6.282349099294772]]
[(-19.370, 27.700, 47.719), (20.706725503111123, 64.5), 43.44847904042366, 1783095394163163470, ['NU-AP06166', 'NU-AP06163', 'NU-AP06164'], [(15.250, 27.700, 64.430), (16.350, 27.700, 50.030), (2.960, 27.700, 44.930)], [31.794164568671015, 28.536391922827427, 6.282349099294772]]
[(-19.370, 27.700, 47.719), (12.010306551741758, 64.5), 35.58576501549562, 1783095394372638501, ['NU-AP06166', 'NU-AP06163', 'NU-AP06164'], [(15.250, 27.700, 64.430), (16.350, 27.700, 50.030), (2.960, 27.700, 44.930)], [31.794164568671015, 28.536391922827427, 6.282349099294772]]
[(-19.370, 27.700, 47.719), (2.9999999999999885, 64.5), 27.96491443490524, 1783095394589674301, ['NU-AP06166', 'NU-AP06163', 'NU-AP06164'], [(15.250, 27.700, 64.430), (16.350, 27.700, 50.030), (2.960, 27.700, 44.930)], [31.794164568671015, 28.536391922827427, 6.282349099294772]]
24-80-tri
[(-11.952, 27.700, 57.633), (48.40130591037631, 37.127639331931334), 63.74128277130167, 1783095392658904072, ['NU-AP06164', 'NU-AP06165', 'NU-AP06167'], [(2.960, 27.700, 44.930), (3.940, 27.700, 71.250), (6.580, 27.700, 59.750)], [6.282349099294772, 9.680894625777768, 1.9128906344201124]]
[(-11.952, 27.700, 57.633), (52.49331989562763, 54.10191956704792), 64.54173084937527, 1783095393079485123, ['NU-AP06164', 'NU-AP06165', 'NU-AP06167'], [(2.960, 27.700, 44.930), (3.940, 27.700, 71.250), (6.580, 27.700, 59.750)], [6.282349099294772, 9.680894625777768, 1.9128906344201124]]
[(-11.952, 27.700, 57.633), (54.59140468020193, 62.805086080837626), 66.74388541021997, 1783095393295128253, ['NU-AP06164', 'NU-AP06165', 'NU-AP06167'], [(2.960, 27.700, 44.930), (3.940, 27.700, 71.250), (6.580, 27.700, 59.750)], [6.282349099294772, 9.680894625777768, 1.9128906344201124]]
[(-11.952, 27.700, 57.633), (38.08524494461687, 64.5), 50.50605369339409, 1783095393744558304, ['NU-AP06164', 'NU-AP06165', 'NU-AP06167'], [(2.960, 27.700, 44.930), (3.940, 27.700, 71.250), (6.580, 27.700, 59.750)], [6.282349099294772, 9.680894625777768, 1.9128906344201124]]
[(-11.952, 27.700, 57.633), (29.304779345892417, 64.5), 41.824175034439335, 1783095393956057809, ['NU-AP06164', 'NU-AP06165', 'NU-AP06167'], [(2.960, 27.700, 44.930), (3.940, 27.700, 71.250), (6.580, 27.700, 59.750)], [6.282349099294772, 9.680894625777768, 1.9128906344201124]]
[(-11.952, 27.700, 57.633), (20.706725503111123, 64.5), 33.37268698935195, 1783095394163163470, ['NU-AP06164', 'NU-AP06165', 'NU-AP06167'], [(2.960, 27.700, 44.930), (3.940, 27.700, 71.250), (6.580, 27.700, 59.750)], [6.282349099294772, 9.680894625777768, 1.9128906344201124]]
[(-11.952, 27.700, 57.633), (12.010306551741758, 64.5), 24.92669608649084, 1783095394372638501, ['NU-AP06164', 'NU-AP06165', 'NU-AP06167'], [(2.960, 27.700, 44.930), (3.940, 27.700, 71.250), (6.580, 27.700, 59.750)], [6.282349099294772, 9.680894625777768, 1.9128906344201124]]
[(-11.952, 27.700, 57.633), (2.9999999999999885, 64.5), 16.453408572746536, 1783095394589674301, ['NU-AP06164', 'NU-AP06165', 'NU-AP06167'], [(2.960, 27.700, 44.930), (3.940, 27.700, 71.250), (6.580, 27.700, 59.750)], [6.282349099294772, 9.680894625777768, 1.9128906344201124]]
24-70-tri
24-67-tri
50-ALL-tri
[(77.085, 27.700, 35.028), (3.0, 57.128461670567575), 77.31141865506203, 1783095389850874135, ['NU-AP06167', 'NU-AP05131', 'NU-AP06164'], [(6.580, 27.700, 59.750), (3.400, 24.105, 59.070), (2.960, 27.700, 44.930)], [0.5824494184289981, 20.632601516905027, 3.2842176056757415]]
[(77.085, 27.700, 35.028), (3.0, 49.24007141993624), 75.43615839367018, 1783095390040885771, ['NU-AP06167', 'NU-AP05131', 'NU-AP06164'], [(6.580, 27.700, 59.750), (3.400, 24.105, 59.070), (2.960, 27.700, 44.930)], [0.5824494184289981, 20.632601516905027, 3.2842176056757415]]
[(77.085, 27.700, 35.028), (6.943513491300553, 44.5), 70.77846700688004, 1783095390250051662, ['NU-AP06167', 'NU-AP05131', 'NU-AP06164'], [(6.580, 27.700, 59.750), (3.400, 24.105, 59.070), (2.960, 27.700, 44.930)], [0.5824494184289981, 20.632601516905027, 3.2842176056757415]]
[(77.085, 27.700, 35.028), (9.0, 37.62607266633132), 68.13490569021212, 1783095390465163046, ['NU-AP06167', 'NU-AP05131', 'NU-AP06164'], [(6.580, 27.700, 59.750), (3.400, 24.105, 59.070), (2.960, 27.700, 44.930)], [0.5824494184289981, 20.632601516905027, 3.2842176056757415]]
[(77.085, 27.700, 35.028), (9.0, 30.421151887206573), 68.24107190536019, 1783095390638711608, ['NU-AP06167', 'NU-AP05131', 'NU-AP06164'], [(6.580, 27.700, 59.750), (3.400, 24.105, 59.070), (2.960, 27.700, 44.930)], [0.5824494184289981, 20.632601516905027, 3.2842176056757415]]
[(77.085, 27.700, 35.028), (9.0, 23.773687941186367), 69.00931398484137, 1783095390798832426, ['NU-AP06167', 'NU-AP05131', 'NU-AP06164'], [(6.580, 27.700, 59.750), (3.400, 24.105, 59.070), (2.960, 27.700, 44.930)], [0.5824494184289981, 20.632601516905027, 3.2842176056757415]]
[(77.085, 27.700, 35.028), (9.0, 16.919616250013863), 70.452428110343, 1783095390963929909, ['NU-AP06167', 'NU-AP05131', 'NU-AP06164'], [(6.580, 27.700, 59.750), (3.400, 24.105, 59.070), (2.960, 27.700, 44.930)], [0.5824494184289981, 20.632601516905027, 3.2842176056757415]]
[(77.085, 27.700, 35.028), (9.0, 9.53801681194455), 72.70059074509513, 1783095391141734219, ['NU-AP06167', 'NU-AP05131', 'NU-AP06164'], [(6.580, 27.700, 59.750), (3.400, 24.105, 59.070), (2.960, 27.700, 44.930)], [0.5824494184289981, 20.632601516905027, 3.2842176056757415]]
[(77.085, 27.700, 35.028), (16.480804746870447, 8.5), 66.15639024593837, 1783095391346931372, ['NU-AP06167', 'NU-AP05131', 'NU-AP06164'], [(6.580, 27.700, 59.750), (3.400, 24.105, 59.070), (2.960, 27.700, 44.930)], [0.5824494184289981, 20.632601516905027, 3.2842176056757415]]
[(77.085, 27.700, 35.028), (24.226593509088943, 8.5), 59.14224312108382, 1783095391533508094, ['NU-AP06167', 'NU-AP05131', 'NU-AP06164'], [(6.580, 27.700, 59.750), (3.400, 24.105, 59.070), (2.960, 27.700, 44.930)], [0.5824494184289981, 20.632601516905027, 3.2842176056757415]]
[(77.085, 27.700, 35.028), (32.75575466117954, 8.5), 51.66110235627111, 1783095391738954302, ['NU-AP06167', 'NU-AP05131', 'NU-AP06164'], [(6.580, 27.700, 59.750), (3.400, 24.105, 59.070), (2.960, 27.700, 44.930)], [0.5824494184289981, 20.632601516905027, 3.2842176056757415]]
[(77.085, 27.700, 35.028), (41.68084049786951, 9.250153176347595), 43.794948083863645, 1783095391968168308, ['NU-AP06167', 'NU-AP05131', 'NU-AP06164'], [(6.580, 27.700, 59.750), (3.400, 24.105, 59.070), (2.960, 27.700, 44.930)], [0.5824494184289981, 20.632601516905027, 3.2842176056757415]]
[(77.085, 27.700, 35.028), (43.801214278451354, 18.045777747650064), 37.36634350069112, 1783095392186102322, ['NU-AP06167', 'NU-AP05131', 'NU-AP06164'], [(6.580, 27.700, 59.750), (3.400, 24.105, 59.070), (2.960, 27.700, 44.930)], [0.5824494184289981, 20.632601516905027, 3.2842176056757415]]
[(77.085, 27.700, 35.028), (45.98123761951069, 27.088837532785107), 32.10145241255039, 1783095392410167174, ['NU-AP06167', 'NU-AP05131', 'NU-AP06164'], [(6.580, 27.700, 59.750), (3.400, 24.105, 59.070), (2.960, 27.700, 44.930)], [0.5824494184289981, 20.632601516905027, 3.2842176056757415]]
[(77.085, 27.700, 35.028), (48.40130591037631, 37.127639331931334), 28.760777522150544, 1783095392658904072, ['NU-AP06167', 'NU-AP05131', 'NU-AP06164'], [(6.580, 27.700, 59.750), (3.400, 24.105, 59.070), (2.960, 27.700, 44.930)], [0.5824494184289981, 20.632601516905027, 3.2842176056757415]]
[(77.085, 27.700, 35.028), (52.49331989562763, 54.10191956704792), 31.1218381330865, 1783095393079485123, ['NU-AP06167', 'NU-AP05131', 'NU-AP06164'], [(6.580, 27.700, 59.750), (3.400, 24.105, 59.070), (2.960, 27.700, 44.930)], [0.5824494184289981, 20.632601516905027, 3.2842176056757415]]
[(77.085, 27.700, 35.028), (54.59140468020193, 62.805086080837626), 35.74246605924237, 1783095393295128253, ['NU-AP06167', 'NU-AP05131', 'NU-AP06164'], [(6.580, 27.700, 59.750), (3.400, 24.105, 59.070), (2.960, 27.700, 44.930)], [0.5824494184289981, 20.632601516905027, 3.2842176056757415]]
[(77.085, 27.700, 35.028), (38.08524494461687, 64.5), 48.88339276198481, 1783095393744558304, ['NU-AP06167', 'NU-AP05131', 'NU-AP06164'], [(6.580, 27.700, 59.750), (3.400, 24.105, 59.070), (2.960, 27.700, 44.930)], [0.5824494184289981, 20.632601516905027, 3.2842176056757415]]
[(94.131, 27.700, 30.865), (29.304779345892417, 64.5), 73.03261645035248, 1783095393956057809, ['NU-AP06167', 'NU-AP05131', 'NU-AP06164'], [(6.580, 27.700, 59.750), (3.400, 24.105, 59.070), (2.960, 27.700, 44.930)], [0.5824494184289981, 22.98806134574888, 3.2842176056757415]]
[(94.131, 27.700, 30.865), (20.706725503111123, 64.5), 80.76167016376472, 1783095394163163470, ['NU-AP06167', 'NU-AP05131', 'NU-AP06164'], [(6.580, 27.700, 59.750), (3.400, 24.105, 59.070), (2.960, 27.700, 44.930)], [0.5824494184289981, 22.98806134574888, 3.2842176056757415]]
[(94.131, 27.700, 30.865), (12.010306551741758, 64.5), 88.74193295923088, 1783095394372638501, ['NU-AP06167', 'NU-AP05131', 'NU-AP06164'], [(6.580, 27.700, 59.750), (3.400, 24.105, 59.070), (2.960, 27.700, 44.930)], [0.5824494184289981, 22.98806134574888, 3.2842176056757415]]
[(94.131, 27.700, 30.865), (2.9999999999999885, 64.5), 97.14000510483933, 1783095394589674301, ['NU-AP06167', 'NU-AP05131', 'NU-AP06164'], [(6.580, 27.700, 59.750), (3.400, 24.105, 59.070), (2.960, 27.700, 44.930)], [0.5824494184289981, 22.98806134574888, 3.2842176056757415]]
50-80-tri
[(77.085, 27.700, 35.028), (3.0, 57.128461670567575), 77.31141865506203, 1783095389850874135, ['NU-AP06167', 'NU-AP05131', 'NU-AP06164'], [(6.580, 27.700, 59.750), (3.400, 24.105, 59.070), (2.960, 27.700, 44.930)], [0.5824494184289981, 20.632601516905027, 3.2842176056757415]]
[(77.085, 27.700, 35.028), (3.0, 49.24007141993624), 75.43615839367018, 1783095390040885771, ['NU-AP06167', 'NU-AP05131', 'NU-AP06164'], [(6.580, 27.700, 59.750), (3.400, 24.105, 59.070), (2.960, 27.700, 44.930)], [0.5824494184289981, 20.632601516905027, 3.2842176056757415]]
[(77.085, 27.700, 35.028), (6.943513491300553, 44.5), 70.77846700688004, 1783095390250051662, ['NU-AP06167', 'NU-AP05131', 'NU-AP06164'], [(6.580, 27.700, 59.750), (3.400, 24.105, 59.070), (2.960, 27.700, 44.930)], [0.5824494184289981, 20.632601516905027, 3.2842176056757415]]
[(77.085, 27.700, 35.028), (9.0, 37.62607266633132), 68.13490569021212, 1783095390465163046, ['NU-AP06167', 'NU-AP05131', 'NU-AP06164'], [(6.580, 27.700, 59.750), (3.400, 24.105, 59.070), (2.960, 27.700, 44.930)], [0.5824494184289981, 20.632601516905027, 3.2842176056757415]]
[(77.085, 27.700, 35.028), (9.0, 30.421151887206573), 68.24107190536019, 1783095390638711608, ['NU-AP06167', 'NU-AP05131', 'NU-AP06164'], [(6.580, 27.700, 59.750), (3.400, 24.105, 59.070), (2.960, 27.700, 44.930)], [0.5824494184289981, 20.632601516905027, 3.2842176056757415]]
[(77.085, 27.700, 35.028), (9.0, 23.773687941186367), 69.00931398484137, 1783095390798832426, ['NU-AP06167', 'NU-AP05131', 'NU-AP06164'], [(6.580, 27.700, 59.750), (3.400, 24.105, 59.070), (2.960, 27.700, 44.930)], [0.5824494184289981, 20.632601516905027, 3.2842176056757415]]
[(77.085, 27.700, 35.028), (9.0, 16.919616250013863), 70.452428110343, 1783095390963929909, ['NU-AP06167', 'NU-AP05131', 'NU-AP06164'], [(6.580, 27.700, 59.750), (3.400, 24.105, 59.070), (2.960, 27.700, 44.930)], [0.5824494184289981, 20.632601516905027, 3.2842176056757415]]
[(77.085, 27.700, 35.028), (9.0, 9.53801681194455), 72.70059074509513, 1783095391141734219, ['NU-AP06167', 'NU-AP05131', 'NU-AP06164'], [(6.580, 27.700, 59.750), (3.400, 24.105, 59.070), (2.960, 27.700, 44.930)], [0.5824494184289981, 20.632601516905027, 3.2842176056757415]]
[(77.085, 27.700, 35.028), (16.480804746870447, 8.5), 66.15639024593837, 1783095391346931372, ['NU-AP06167', 'NU-AP05131', 'NU-AP06164'], [(6.580, 27.700, 59.750), (3.400, 24.105, 59.070), (2.960, 27.700, 44.930)], [0.5824494184289981, 20.632601516905027, 3.2842176056757415]]
[(77.085, 27.700, 35.028), (24.226593509088943, 8.5), 59.14224312108382, 1783095391533508094, ['NU-AP06167', 'NU-AP05131', 'NU-AP06164'], [(6.580, 27.700, 59.750), (3.400, 24.105, 59.070), (2.960, 27.700, 44.930)], [0.5824494184289981, 20.632601516905027, 3.2842176056757415]]
[(77.085, 27.700, 35.028), (32.75575466117954, 8.5), 51.66110235627111, 1783095391738954302, ['NU-AP06167', 'NU-AP05131', 'NU-AP06164'], [(6.580, 27.700, 59.750), (3.400, 24.105, 59.070), (2.960, 27.700, 44.930)], [0.5824494184289981, 20.632601516905027, 3.2842176056757415]]
[(77.085, 27.700, 35.028), (41.68084049786951, 9.250153176347595), 43.794948083863645, 1783095391968168308, ['NU-AP06167', 'NU-AP05131', 'NU-AP06164'], [(6.580, 27.700, 59.750), (3.400, 24.105, 59.070), (2.960, 27.700, 44.930)], [0.5824494184289981, 20.632601516905027, 3.2842176056757415]]
[(77.085, 27.700, 35.028), (43.801214278451354, 18.045777747650064), 37.36634350069112, 1783095392186102322, ['NU-AP06167', 'NU-AP05131', 'NU-AP06164'], [(6.580, 27.700, 59.750), (3.400, 24.105, 59.070), (2.960, 27.700, 44.930)], [0.5824494184289981, 20.632601516905027, 3.2842176056757415]]
[(77.085, 27.700, 35.028), (45.98123761951069, 27.088837532785107), 32.10145241255039, 1783095392410167174, ['NU-AP06167', 'NU-AP05131', 'NU-AP06164'], [(6.580, 27.700, 59.750), (3.400, 24.105, 59.070), (2.960, 27.700, 44.930)], [0.5824494184289981, 20.632601516905027, 3.2842176056757415]]
[(77.085, 27.700, 35.028), (48.40130591037631, 37.127639331931334), 28.760777522150544, 1783095392658904072, ['NU-AP06167', 'NU-AP05131', 'NU-AP06164'], [(6.580, 27.700, 59.750), (3.400, 24.105, 59.070), (2.960, 27.700, 44.930)], [0.5824494184289981, 20.632601516905027, 3.2842176056757415]]
[(77.085, 27.700, 35.028), (52.49331989562763, 54.10191956704792), 31.1218381330865, 1783095393079485123, ['NU-AP06167', 'NU-AP05131', 'NU-AP06164'], [(6.580, 27.700, 59.750), (3.400, 24.105, 59.070), (2.960, 27.700, 44.930)], [0.5824494184289981, 20.632601516905027, 3.2842176056757415]]
[(77.085, 27.700, 35.028), (54.59140468020193, 62.805086080837626), 35.74246605924237, 1783095393295128253, ['NU-AP06167', 'NU-AP05131', 'NU-AP06164'], [(6.580, 27.700, 59.750), (3.400, 24.105, 59.070), (2.960, 27.700, 44.930)], [0.5824494184289981, 20.632601516905027, 3.2842176056757415]]
[(77.085, 27.700, 35.028), (38.08524494461687, 64.5), 48.88339276198481, 1783095393744558304, ['NU-AP06167', 'NU-AP05131', 'NU-AP06164'], [(6.580, 27.700, 59.750), (3.400, 24.105, 59.070), (2.960, 27.700, 44.930)], [0.5824494184289981, 20.632601516905027, 3.2842176056757415]]
[(94.131, 27.700, 30.865), (29.304779345892417, 64.5), 73.03261645035248, 1783095393956057809, ['NU-AP06167', 'NU-AP05131', 'NU-AP06164'], [(6.580, 27.700, 59.750), (3.400, 24.105, 59.070), (2.960, 27.700, 44.930)], [0.5824494184289981, 22.98806134574888, 3.2842176056757415]]
[(94.131, 27.700, 30.865), (20.706725503111123, 64.5), 80.76167016376472, 1783095394163163470, ['NU-AP06167', 'NU-AP05131', 'NU-AP06164'], [(6.580, 27.700, 59.750), (3.400, 24.105, 59.070), (2.960, 27.700, 44.930)], [0.5824494184289981, 22.98806134574888, 3.2842176056757415]]
[(94.131, 27.700, 30.865), (12.010306551741758, 64.5), 88.74193295923088, 1783095394372638501, ['NU-AP06167', 'NU-AP05131', 'NU-AP06164'], [(6.580, 27.700, 59.750), (3.400, 24.105, 59.070), (2.960, 27.700, 44.930)], [0.5824494184289981, 22.98806134574888, 3.2842176056757415]]
[(94.131, 27.700, 30.865), (2.9999999999999885, 64.5), 97.14000510483933, 1783095394589674301, ['NU-AP06167', 'NU-AP05131', 'NU-AP06164'], [(6.580, 27.700, 59.750), (3.400, 24.105, 59.070), (2.960, 27.700, 44.930)], [0.5824494184289981, 22.98806134574888, 3.2842176056757415]]
50-70-tri
[(-21.410, 27.700, 59.087), (3.0, 57.128461670567575), 24.488347179799103, 1783095389850874135, ['NU-AP06167', 'NU-AP06164', 'NU-AP06165'], [(6.580, 27.700, 59.750), (2.960, 27.700, 44.930), (3.940, 27.700, 71.250)], [0.5824494184289981, 3.2842176056757415, 2.64566718862831]]
[(-21.410, 27.700, 59.087), (3.0, 49.24007141993624), 26.32129621653111, 1783095390040885771, ['NU-AP06167', 'NU-AP06164', 'NU-AP06165'], [(6.580, 27.700, 59.750), (2.960, 27.700, 44.930), (3.940, 27.700, 71.250)], [0.5824494184289981, 3.2842176056757415, 2.64566718862831]]
[(-21.410, 27.700, 59.087), (6.943513491300553, 44.5), 31.885812721305715, 1783095390250051662, ['NU-AP06167', 'NU-AP06164', 'NU-AP06165'], [(6.580, 27.700, 59.750), (2.960, 27.700, 44.930), (3.940, 27.700, 71.250)], [0.5824494184289981, 3.2842176056757415, 2.64566718862831]]
[(-21.410, 27.700, 59.087), (9.0, 37.62607266633132), 37.22024191250221, 1783095390465163046, ['NU-AP06167', 'NU-AP06164', 'NU-AP06165'], [(6.580, 27.700, 59.750), (2.960, 27.700, 44.930), (3.940, 27.700, 71.250)], [0.5824494184289981, 3.2842176056757415, 2.64566718862831]]
[(-21.410, 27.700, 59.087), (9.0, 30.421151887206573), 41.791275964566395, 1783095390638711608, ['NU-AP06167', 'NU-AP06164', 'NU-AP06165'], [(6.580, 27.700, 59.750), (2.960, 27.700, 44.930), (3.940, 27.700, 71.250)], [0.5824494184289981, 3.2842176056757415, 2.64566718862831]]
[(-21.410, 27.700, 59.087), (9.0, 23.773687941186367), 46.60272976385469, 1783095390798832426, ['NU-AP06167', 'NU-AP06164', 'NU-AP06165'], [(6.580, 27.700, 59.750), (2.960, 27.700, 44.930), (3.940, 27.700, 71.250)], [0.5824494184289981, 3.2842176056757415, 2.64566718862831]]
[(-21.410, 27.700, 59.087), (9.0, 16.919616250013863), 51.98920387600086, 1783095390963929909, ['NU-AP06167', 'NU-AP06164', 'NU-AP06165'], [(6.580, 27.700, 59.750), (2.960, 27.700, 44.930), (3.940, 27.700, 71.250)], [0.5824494184289981, 3.2842176056757415, 2.64566718862831]]
[(-21.410, 27.700, 59.087), (9.0, 9.53801681194455), 58.13687138991514, 1783095391141734219, ['NU-AP06167', 'NU-AP06164', 'NU-AP06165'], [(6.580, 27.700, 59.750), (2.960, 27.700, 44.930), (3.940, 27.700, 71.250)], [0.5824494184289981, 3.2842176056757415, 2.64566718862831]]
[(-21.410, 27.700, 59.087), (16.480804746870447, 8.5), 63.20429140518567, 1783095391346931372, ['NU-AP06167', 'NU-AP06164', 'NU-AP06165'], [(6.580, 27.700, 59.750), (2.960, 27.700, 44.930), (3.940, 27.700, 71.250)], [0.5824494184289981, 3.2842176056757415, 2.64566718862831]]
[(-21.410, 27.700, 59.087), (24.226593509088943, 8.5), 68.13050771642175, 1783095391533508094, ['NU-AP06167', 'NU-AP06164', 'NU-AP06165'], [(6.580, 27.700, 59.750), (2.960, 27.700, 44.930), (3.940, 27.700, 71.250)], [0.5824494184289981, 3.2842176056757415, 2.64566718862831]]
[(-21.410, 27.700, 59.087), (32.75575466117954, 8.5), 74.11473700952175, 1783095391738954302, ['NU-AP06167', 'NU-AP06164', 'NU-AP06165'], [(6.580, 27.700, 59.750), (2.960, 27.700, 44.930), (3.940, 27.700, 71.250)], [0.5824494184289981, 3.2842176056757415, 2.64566718862831]]
[(-21.410, 27.700, 59.087), (41.68084049786951, 9.250153176347595), 80.40014546736701, 1783095391968168308, ['NU-AP06167', 'NU-AP06164', 'NU-AP06165'], [(6.580, 27.700, 59.750), (2.960, 27.700, 44.930), (3.940, 27.700, 71.250)], [0.5824494184289981, 3.2842176056757415, 2.64566718862831]]
[(-21.410, 27.700, 59.087), (43.801214278451354, 18.045777747650064), 77.05125449452466, 1783095392186102322, ['NU-AP06167', 'NU-AP06164', 'NU-AP06165'], [(6.580, 27.700, 59.750), (2.960, 27.700, 44.930), (3.940, 27.700, 71.250)], [0.5824494184289981, 3.2842176056757415, 2.64566718862831]]
[(-21.410, 27.700, 59.087), (45.98123761951069, 27.088837532785107), 74.60205121887162, 1783095392410167174, ['NU-AP06167', 'NU-AP06164', 'NU-AP06165'], [(6.580, 27.700, 59.750), (2.960, 27.700, 44.930), (3.940, 27.700, 71.250)], [0.5824494184289981, 3.2842176056757415, 2.64566718862831]]
[(-21.410, 27.700, 59.087), (48.40130591037631, 37.127639331931334), 73.18353136734544, 1783095392658904072, ['NU-AP06167', 'NU-AP06164', 'NU-AP06165'], [(6.580, 27.700, 59.750), (2.960, 27.700, 44.930), (3.940, 27.700, 71.250)], [0.5824494184289981, 3.2842176056757415, 2.64566718862831]]
[(-21.410, 27.700, 59.087), (52.49331989562763, 54.10191956704792), 74.07115814787518, 1783095393079485123, ['NU-AP06167', 'NU-AP06164', 'NU-AP06165'], [(6.580, 27.700, 59.750), (2.960, 27.700, 44.930), (3.940, 27.700, 71.250)], [0.5824494184289981, 3.2842176056757415, 2.64566718862831]]
[(-21.410, 27.700, 59.087), (54.59140468020193, 62.805086080837626), 76.09215458340684, 1783095393295128253, ['NU-AP06167', 'NU-AP06164', 'NU-AP06165'], [(6.580, 27.700, 59.750), (2.960, 27.700, 44.930), (3.940, 27.700, 71.250)], [0.5824494184289981, 3.2842176056757415, 2.64566718862831]]
[(-21.410, 27.700, 59.087), (38.08524494461687, 64.5), 59.74082408792578, 1783095393744558304, ['NU-AP06167', 'NU-AP06164', 'NU-AP06165'], [(6.580, 27.700, 59.750), (2.960, 27.700, 44.930), (3.940, 27.700, 71.250)], [0.5824494184289981, 3.2842176056757415, 2.64566718862831]]
[(-21.410, 27.700, 59.087), (29.304779345892417, 64.5), 51.00267590784846, 1783095393956057809, ['NU-AP06167', 'NU-AP06164', 'NU-AP06165'], [(6.580, 27.700, 59.750), (2.960, 27.700, 44.930), (3.940, 27.700, 71.250)], [0.5824494184289981, 3.2842176056757415, 2.64566718862831]]
[(-21.410, 27.700, 59.087), (20.706725503111123, 64.5), 42.46298200482529, 1783095394163163470, ['NU-AP06167', 'NU-AP06164', 'NU-AP06165'], [(6.580, 27.700, 59.750), (2.960, 27.700, 44.930), (3.940, 27.700, 71.250)], [0.5824494184289981, 3.2842176056757415, 2.64566718862831]]
[(-21.410, 27.700, 59.087), (12.010306551741758, 64.5), 33.855654718700514, 1783095394372638501, ['NU-AP06167', 'NU-AP06164', 'NU-AP06165'], [(6.580, 27.700, 59.750), (2.960, 27.700, 44.930), (3.940, 27.700, 71.250)], [0.5824494184289981, 3.2842176056757415, 2.64566718862831]]
[(-21.410, 27.700, 59.087), (2.9999999999999885, 64.5), 25.002776612753852, 1783095394589674301, ['NU-AP06167', 'NU-AP06164', 'NU-AP06165'], [(6.580, 27.700, 59.750), (2.960, 27.700, 44.930), (3.940, 27.700, 71.250)], [0.5824494184289981, 3.2842176056757415, 2.64566718862831]]
50-67-tri
[(-21.410, 27.700, 59.087), (3.0, 57.128461670567575), 24.488347179799103, 1783095389850874135, ['NU-AP06167', 'NU-AP06164', 'NU-AP06165'], [(6.580, 27.700, 59.750), (2.960, 27.700, 44.930), (3.940, 27.700, 71.250)], [0.5824494184289981, 3.2842176056757415, 2.64566718862831]]
[(-21.410, 27.700, 59.087), (3.0, 49.24007141993624), 26.32129621653111, 1783095390040885771, ['NU-AP06167', 'NU-AP06164', 'NU-AP06165'], [(6.580, 27.700, 59.750), (2.960, 27.700, 44.930), (3.940, 27.700, 71.250)], [0.5824494184289981, 3.2842176056757415, 2.64566718862831]]
[(-21.410, 27.700, 59.087), (6.943513491300553, 44.5), 31.885812721305715, 1783095390250051662, ['NU-AP06167', 'NU-AP06164', 'NU-AP06165'], [(6.580, 27.700, 59.750), (2.960, 27.700, 44.930), (3.940, 27.700, 71.250)], [0.5824494184289981, 3.2842176056757415, 2.64566718862831]]
[(-21.410, 27.700, 59.087), (9.0, 37.62607266633132), 37.22024191250221, 1783095390465163046, ['NU-AP06167', 'NU-AP06164', 'NU-AP06165'], [(6.580, 27.700, 59.750), (2.960, 27.700, 44.930), (3.940, 27.700, 71.250)], [0.5824494184289981, 3.2842176056757415, 2.64566718862831]]
[(-21.410, 27.700, 59.087), (9.0, 30.421151887206573), 41.791275964566395, 1783095390638711608, ['NU-AP06167', 'NU-AP06164', 'NU-AP06165'], [(6.580, 27.700, 59.750), (2.960, 27.700, 44.930), (3.940, 27.700, 71.250)], [0.5824494184289981, 3.2842176056757415, 2.64566718862831]]
[(-21.410, 27.700, 59.087), (9.0, 23.773687941186367), 46.60272976385469, 1783095390798832426, ['NU-AP06167', 'NU-AP06164', 'NU-AP06165'], [(6.580, 27.700, 59.750), (2.960, 27.700, 44.930), (3.940, 27.700, 71.250)], [0.5824494184289981, 3.2842176056757415, 2.64566718862831]]
[(-21.410, 27.700, 59.087), (9.0, 16.919616250013863), 51.98920387600086, 1783095390963929909, ['NU-AP06167', 'NU-AP06164', 'NU-AP06165'], [(6.580, 27.700, 59.750), (2.960, 27.700, 44.930), (3.940, 27.700, 71.250)], [0.5824494184289981, 3.2842176056757415, 2.64566718862831]]
[(-21.410, 27.700, 59.087), (9.0, 9.53801681194455), 58.13687138991514, 1783095391141734219, ['NU-AP06167', 'NU-AP06164', 'NU-AP06165'], [(6.580, 27.700, 59.750), (2.960, 27.700, 44.930), (3.940, 27.700, 71.250)], [0.5824494184289981, 3.2842176056757415, 2.64566718862831]]
[(-21.410, 27.700, 59.087), (16.480804746870447, 8.5), 63.20429140518567, 1783095391346931372, ['NU-AP06167', 'NU-AP06164', 'NU-AP06165'], [(6.580, 27.700, 59.750), (2.960, 27.700, 44.930), (3.940, 27.700, 71.250)], [0.5824494184289981, 3.2842176056757415, 2.64566718862831]]
[(-21.410, 27.700, 59.087), (24.226593509088943, 8.5), 68.13050771642175, 1783095391533508094, ['NU-AP06167', 'NU-AP06164', 'NU-AP06165'], [(6.580, 27.700, 59.750), (2.960, 27.700, 44.930), (3.940, 27.700, 71.250)], [0.5824494184289981, 3.2842176056757415, 2.64566718862831]]
[(-21.410, 27.700, 59.087), (32.75575466117954, 8.5), 74.11473700952175, 1783095391738954302, ['NU-AP06167', 'NU-AP06164', 'NU-AP06165'], [(6.580, 27.700, 59.750), (2.960, 27.700, 44.930), (3.940, 27.700, 71.250)], [0.5824494184289981, 3.2842176056757415, 2.64566718862831]]
[(-21.410, 27.700, 59.087), (41.68084049786951, 9.250153176347595), 80.40014546736701, 1783095391968168308, ['NU-AP06167', 'NU-AP06164', 'NU-AP06165'], [(6.580, 27.700, 59.750), (2.960, 27.700, 44.930), (3.940, 27.700, 71.250)], [0.5824494184289981, 3.2842176056757415, 2.64566718862831]]
[(-21.410, 27.700, 59.087), (43.801214278451354, 18.045777747650064), 77.05125449452466, 1783095392186102322, ['NU-AP06167', 'NU-AP06164', 'NU-AP06165'], [(6.580, 27.700, 59.750), (2.960, 27.700, 44.930), (3.940, 27.700, 71.250)], [0.5824494184289981, 3.2842176056757415, 2.64566718862831]]
[(-21.410, 27.700, 59.087), (45.98123761951069, 27.088837532785107), 74.60205121887162, 1783095392410167174, ['NU-AP06167', 'NU-AP06164', 'NU-AP06165'], [(6.580, 27.700, 59.750), (2.960, 27.700, 44.930), (3.940, 27.700, 71.250)], [0.5824494184289981, 3.2842176056757415, 2.64566718862831]]
[(-21.410, 27.700, 59.087), (48.40130591037631, 37.127639331931334), 73.18353136734544, 1783095392658904072, ['NU-AP06167', 'NU-AP06164', 'NU-AP06165'], [(6.580, 27.700, 59.750), (2.960, 27.700, 44.930), (3.940, 27.700, 71.250)], [0.5824494184289981, 3.2842176056757415, 2.64566718862831]]
[(-21.410, 27.700, 59.087), (52.49331989562763, 54.10191956704792), 74.07115814787518, 1783095393079485123, ['NU-AP06167', 'NU-AP06164', 'NU-AP06165'], [(6.580, 27.700, 59.750), (2.960, 27.700, 44.930), (3.940, 27.700, 71.250)], [0.5824494184289981, 3.2842176056757415, 2.64566718862831]]
[(-21.410, 27.700, 59.087), (54.59140468020193, 62.805086080837626), 76.09215458340684, 1783095393295128253, ['NU-AP06167', 'NU-AP06164', 'NU-AP06165'], [(6.580, 27.700, 59.750), (2.960, 27.700, 44.930), (3.940, 27.700, 71.250)], [0.5824494184289981, 3.2842176056757415, 2.64566718862831]]
[(-21.410, 27.700, 59.087), (38.08524494461687, 64.5), 59.74082408792578, 1783095393744558304, ['NU-AP06167', 'NU-AP06164', 'NU-AP06165'], [(6.580, 27.700, 59.750), (2.960, 27.700, 44.930), (3.940, 27.700, 71.250)], [0.5824494184289981, 3.2842176056757415, 2.64566718862831]]
[(-21.410, 27.700, 59.087), (29.304779345892417, 64.5), 51.00267590784846, 1783095393956057809, ['NU-AP06167', 'NU-AP06164', 'NU-AP06165'], [(6.580, 27.700, 59.750), (2.960, 27.700, 44.930), (3.940, 27.700, 71.250)], [0.5824494184289981, 3.2842176056757415, 2.64566718862831]]
[(-21.410, 27.700, 59.087), (20.706725503111123, 64.5), 42.46298200482529, 1783095394163163470, ['NU-AP06167', 'NU-AP06164', 'NU-AP06165'], [(6.580, 27.700, 59.750), (2.960, 27.700, 44.930), (3.940, 27.700, 71.250)], [0.5824494184289981, 3.2842176056757415, 2.64566718862831]]
[(-21.410, 27.700, 59.087), (12.010306551741758, 64.5), 33.855654718700514, 1783095394372638501, ['NU-AP06167', 'NU-AP06164', 'NU-AP06165'], [(6.580, 27.700, 59.750), (2.960, 27.700, 44.930), (3.940, 27.700, 71.250)], [0.5824494184289981, 3.2842176056757415, 2.64566718862831]]
[(-21.410, 27.700, 59.087), (2.9999999999999885, 64.5), 25.002776612753852, 1783095394589674301, ['NU-AP06167', 'NU-AP06164', 'NU-AP06165'], [(6.580, 27.700, 59.750), (2.960, 27.700, 44.930), (3.940, 27.700, 71.250)], [0.5824494184289981, 3.2842176056757415, 2.64566718862831]]
24-ALL-mul
[(-30.601, 27.700, 57.004), (41.68084049786951, 9.250153176347595), 86.63185794978955, 1783095391968168308, ['NU-AP06166', 'NU-AP06163', 'NU-AP06164', 'NU-AP06165'], [(15.250, 27.700, 64.430), (16.350, 27.700, 50.030), (2.960, 27.700, 44.930), (3.940, 27.700, 71.250)], [31.794164568671015, 28.536391922827427, 6.282349099294772, 9.680894625777768]]
[(-30.601, 27.700, 57.004), (43.801214278451354, 18.045777747650064), 83.98461017175407, 1783095392186102322, ['NU-AP06166', 'NU-AP06163', 'NU-AP06164', 'NU-AP06165'], [(15.250, 27.700, 64.430), (16.350, 27.700, 50.030), (2.960, 27.700, 44.930), (3.940, 27.700, 71.250)], [31.794164568671015, 28.536391922827427, 6.282349099294772, 9.680894625777768]]
[(-30.601, 27.700, 57.004), (45.98123761951069, 27.088837532785107), 82.21761301917348, 1783095392410167174, ['NU-AP06166', 'NU-AP06163', 'NU-AP06164', 'NU-AP06165'], [(15.250, 27.700, 64.430), (16.350, 27.700, 50.030), (2.960, 27.700, 44.930), (3.940, 27.700, 71.250)], [31.794164568671015, 28.536391922827427, 6.282349099294772, 9.680894625777768]]
[(-32.747, 27.700, 56.519), (48.40130591037631, 37.127639331931334), 83.43348388224996, 1783095392658904072, ['NU-AP06166', 'NU-AP06163', 'NU-AP06164', 'NU-AP06165', 'NU-AP06167'], [(15.250, 27.700, 64.430), (16.350, 27.700, 50.030), (2.960, 27.700, 44.930), (3.940, 27.700, 71.250), (6.580, 27.700, 59.750)], [31.794164568671015, 28.536391922827427, 6.282349099294772, 9.680894625777768, 1.9128906344201124]]
[(-32.747, 27.700, 56.519), (52.49331989562763, 54.10191956704792), 85.27494172458807, 1783095393079485123, ['NU-AP06166', 'NU-AP06163', 'NU-AP06164', 'NU-AP06165', 'NU-AP06167'], [(15.250, 27.700, 64.430), (16.350, 27.700, 50.030), (2.960, 27.700, 44.930), (3.940, 27.700, 71.250), (6.580, 27.700, 59.750)], [31.794164568671015, 28.536391922827427, 6.282349099294772, 9.680894625777768, 1.9128906344201124]]
[(-32.747, 27.700, 56.519), (54.59140468020193, 62.805086080837626), 87.56464271206967, 1783095393295128253, ['NU-AP06166', 'NU-AP06163', 'NU-AP06164', 'NU-AP06165', 'NU-AP06167'], [(15.250, 27.700, 64.430), (16.350, 27.700, 50.030), (2.960, 27.700, 44.930), (3.940, 27.700, 71.250), (6.580, 27.700, 59.750)], [31.794164568671015, 28.536391922827427, 6.282349099294772, 9.680894625777768, 1.9128906344201124]]
[(-32.747, 27.700, 56.519), (38.08524494461687, 64.5), 71.28074881524672, 1783095393744558304, ['NU-AP06166', 'NU-AP06163', 'NU-AP06164', 'NU-AP06165', 'NU-AP06167'], [(15.250, 27.700, 64.430), (16.350, 27.700, 50.030), (2.960, 27.700, 44.930), (3.940, 27.700, 71.250), (6.580, 27.700, 59.750)], [31.794164568671015, 28.536391922827427, 6.282349099294772, 9.680894625777768, 1.9128906344201124]]
[(-32.747, 27.700, 56.519), (29.304779345892417, 64.5), 62.563211728283555, 1783095393956057809, ['NU-AP06166', 'NU-AP06163', 'NU-AP06164', 'NU-AP06165', 'NU-AP06167'], [(15.250, 27.700, 64.430), (16.350, 27.700, 50.030), (2.960, 27.700, 44.930), (3.940, 27.700, 71.250), (6.580, 27.700, 59.750)], [31.794164568671015, 28.536391922827427, 6.282349099294772, 9.680894625777768, 1.9128906344201124]]
[(-32.747, 27.700, 56.519), (20.706725503111123, 64.5), 54.04652581213982, 1783095394163163470, ['NU-AP06166', 'NU-AP06163', 'NU-AP06164', 'NU-AP06165', 'NU-AP06167'], [(15.250, 27.700, 64.430), (16.350, 27.700, 50.030), (2.960, 27.700, 44.930), (3.940, 27.700, 71.250), (6.580, 27.700, 59.750)], [31.794164568671015, 28.536391922827427, 6.282349099294772, 9.680894625777768, 1.9128906344201124]]
[(-32.747, 27.700, 56.519), (12.010306551741758, 64.5), 45.46357491685819, 1783095394372638501, ['NU-AP06166', 'NU-AP06163', 'NU-AP06164', 'NU-AP06165', 'NU-AP06167'], [(15.250, 27.700, 64.430), (16.350, 27.700, 50.030), (2.960, 27.700, 44.930), (3.940, 27.700, 71.250), (6.580, 27.700, 59.750)], [31.794164568671015, 28.536391922827427, 6.282349099294772, 9.680894625777768, 1.9128906344201124]]
[(-32.747, 27.700, 56.519), (2.9999999999999885, 64.5), 36.62733839829513, 1783095394589674301, ['NU-AP06166', 'NU-AP06163', 'NU-AP06164', 'NU-AP06165', 'NU-AP06167'], [(15.250, 27.700, 64.430), (16.350, 27.700, 50.030), (2.960, 27.700, 44.930), (3.940, 27.700, 71.250), (6.580, 27.700, 59.750)], [31.794164568671015, 28.536391922827427, 6.282349099294772, 9.680894625777768, 1.9128906344201124]]
24-80-mul
24-70-mul
24-67-mul
50-ALL-mul
[(-2.817, 27.700, 62.764), (3.0, 57.128461670567575), 8.099140403092212, 1783095389850874135, ['NU-AP06167', 'NU-AP05131', 'NU-AP06164', 'NU-AP06165'], [(6.580, 27.700, 59.750), (3.400, 24.105, 59.070), (2.960, 27.700, 44.930), (3.940, 27.700, 71.250)], [0.5824494184289981, 20.632601516905027, 3.2842176056757415, 2.64566718862831]]
[(6.407, 27.700, 57.463), (3.0, 49.24007141993624), 8.901253824835694, 1783095390040885771, ['NU-AP06167', 'NU-AP05131', 'NU-AP06164', 'NU-AP06165', 'NU-AP06166'], [(6.580, 27.700, 59.750), (3.400, 24.105, 59.070), (2.960, 27.700, 44.930), (3.940, 27.700, 71.250), (15.250, 27.700, 64.430)], [0.5824494184289981, 20.632601516905027, 3.2842176056757415, 2.64566718862831, 12.017446754198597]]
[(6.407, 27.700, 57.463), (6.943513491300553, 44.5), 12.974444295875196, 1783095390250051662, ['NU-AP06167', 'NU-AP05131', 'NU-AP06164', 'NU-AP06165', 'NU-AP06166'], [(6.580, 27.700, 59.750), (3.400, 24.105, 59.070), (2.960, 27.700, 44.930), (3.940, 27.700, 71.250), (15.250, 27.700, 64.430)], [0.5824494184289981, 20.632601516905027, 3.2842176056757415, 2.64566718862831, 12.017446754198597]]
[(6.407, 27.700, 57.463), (9.0, 37.62607266633132), 20.00599782861706, 1783095390465163046, ['NU-AP06167', 'NU-AP05131', 'NU-AP06164', 'NU-AP06165', 'NU-AP06166'], [(6.580, 27.700, 59.750), (3.400, 24.105, 59.070), (2.960, 27.700, 44.930), (3.940, 27.700, 71.250), (15.250, 27.700, 64.430)], [0.5824494184289981, 20.632601516905027, 3.2842176056757415, 2.64566718862831, 12.017446754198597]]
[(6.407, 27.700, 57.463), (9.0, 30.421151887206573), 27.166210640811748, 1783095390638711608, ['NU-AP06167', 'NU-AP05131', 'NU-AP06164', 'NU-AP06165', 'NU-AP06166'], [(6.580, 27.700, 59.750), (3.400, 24.105, 59.070), (2.960, 27.700, 44.930), (3.940, 27.700, 71.250), (15.250, 27.700, 64.430)], [0.5824494184289981, 20.632601516905027, 3.2842176056757415, 2.64566718862831, 12.017446754198597]]
[(6.407, 27.700, 57.463), (9.0, 23.773687941186367), 33.78928802082293, 1783095390798832426, ['NU-AP06167', 'NU-AP05131', 'NU-AP06164', 'NU-AP06165', 'NU-AP06166'], [(6.580, 27.700, 59.750), (3.400, 24.105, 59.070), (2.960, 27.700, 44.930), (3.940, 27.700, 71.250), (15.250, 27.700, 64.430)], [0.5824494184289981, 20.632601516905027, 3.2842176056757415, 2.64566718862831, 12.017446754198597]]
[(6.407, 27.700, 57.463), (9.0, 16.919616250013863), 40.62655707002517, 1783095390963929909, ['NU-AP06167', 'NU-AP05131', 'NU-AP06164', 'NU-AP06165', 'NU-AP06166'], [(6.580, 27.700, 59.750), (3.400, 24.105, 59.070), (2.960, 27.700, 44.930), (3.940, 27.700, 71.250), (15.250, 27.700, 64.430)], [0.5824494184289981, 20.632601516905027, 3.2842176056757415, 2.64566718862831, 12.017446754198597]]
[(6.407, 27.700, 57.463), (9.0, 9.53801681194455), 47.99542168178576, 1783095391141734219, ['NU-AP06167', 'NU-AP05131', 'NU-AP06164', 'NU-AP06165', 'NU-AP06166'], [(6.580, 27.700, 59.750), (3.400, 24.105, 59.070), (2.960, 27.700, 44.930), (3.940, 27.700, 71.250), (15.250, 27.700, 64.430)], [0.5824494184289981, 20.632601516905027, 3.2842176056757415, 2.64566718862831, 12.017446754198597]]
[(6.407, 27.700, 57.463), (16.480804746870447, 8.5), 49.98885555042924, 1783095391346931372, ['NU-AP06167', 'NU-AP05131', 'NU-AP06164', 'NU-AP06165', 'NU-AP06166'], [(6.580, 27.700, 59.750), (3.400, 24.105, 59.070), (2.960, 27.700, 44.930), (3.940, 27.700, 71.250), (15.250, 27.700, 64.430)], [0.5824494184289981, 20.632601516905027, 3.2842176056757415, 2.64566718862831, 12.017446754198597]]
[(6.407, 27.700, 57.463), (24.226593509088943, 8.5), 52.10505791338697, 1783095391533508094, ['NU-AP06167', 'NU-AP05131', 'NU-AP06164', 'NU-AP06165', 'NU-AP06166'], [(6.580, 27.700, 59.750), (3.400, 24.105, 59.070), (2.960, 27.700, 44.930), (3.940, 27.700, 71.250), (15.250, 27.700, 64.430)], [0.5824494184289981, 20.632601516905027, 3.2842176056757415, 2.64566718862831, 12.017446754198597]]
[(6.407, 27.700, 57.463), (32.75575466117954, 8.5), 55.60261257386738, 1783095391738954302, ['NU-AP06167', 'NU-AP05131', 'NU-AP06164', 'NU-AP06165', 'NU-AP06166'], [(6.580, 27.700, 59.750), (3.400, 24.105, 59.070), (2.960, 27.700, 44.930), (3.940, 27.700, 71.250), (15.250, 27.700, 64.430)], [0.5824494184289981, 20.632601516905027, 3.2842176056757415, 2.64566718862831, 12.017446754198597]]
[(6.407, 27.700, 57.463), (41.68084049786951, 9.250153176347595), 59.73888529628837, 1783095391968168308, ['NU-AP06167', 'NU-AP05131', 'NU-AP06164', 'NU-AP06165', 'NU-AP06166'], [(6.580, 27.700, 59.750), (3.400, 24.105, 59.070), (2.960, 27.700, 44.930), (3.940, 27.700, 71.250), (15.250, 27.700, 64.430)], [0.5824494184289981, 20.632601516905027, 3.2842176056757415, 2.64566718862831, 12.017446754198597]]
[(6.407, 27.700, 57.463), (43.801214278451354, 18.045777747650064), 54.332761444583596, 1783095392186102322, ['NU-AP06167', 'NU-AP05131', 'NU-AP06164', 'NU-AP06165', 'NU-AP06166'], [(6.580, 27.700, 59.750), (3.400, 24.105, 59.070), (2.960, 27.700, 44.930), (3.940, 27.700, 71.250), (15.250, 27.700, 64.430)], [0.5824494184289981, 20.632601516905027, 3.2842176056757415, 2.64566718862831, 12.017446754198597]]
[(6.407, 27.700, 57.463), (45.98123761951069, 27.088837532785107), 49.88693623802916, 1783095392410167174, ['NU-AP06167', 'NU-AP05131', 'NU-AP06164', 'NU-AP06165', 'NU-AP06166'], [(6.580, 27.700, 59.750), (3.400, 24.105, 59.070), (2.960, 27.700, 44.930), (3.940, 27.700, 71.250), (15.250, 27.700, 64.430)], [0.5824494184289981, 20.632601516905027, 3.2842176056757415, 2.64566718862831, 12.017446754198597]]
[(6.407, 27.700, 57.463), (48.40130591037631, 37.127639331931334), 46.65872065406007, 1783095392658904072, ['NU-AP06167', 'NU-AP05131', 'NU-AP06164', 'NU-AP06165', 'NU-AP06166'], [(6.580, 27.700, 59.750), (3.400, 24.105, 59.070), (2.960, 27.700, 44.930), (3.940, 27.700, 71.250), (15.250, 27.700, 64.430)], [0.5824494184289981, 20.632601516905027, 3.2842176056757415, 2.64566718862831, 12.017446754198597]]
[(6.407, 27.700, 57.463), (52.49331989562763, 54.10191956704792), 46.20842428492547, 1783095393079485123, ['NU-AP06167', 'NU-AP05131', 'NU-AP06164', 'NU-AP06165', 'NU-AP06166'], [(6.580, 27.700, 59.750), (3.400, 24.105, 59.070), (2.960, 27.700, 44.930), (3.940, 27.700, 71.250), (15.250, 27.700, 64.430)], [0.5824494184289981, 20.632601516905027, 3.2842176056757415, 2.64566718862831, 12.017446754198597]]
[(6.407, 27.700, 57.463), (54.59140468020193, 62.805086080837626), 48.47927238707928, 1783095393295128253, ['NU-AP06167', 'NU-AP05131', 'NU-AP06164', 'NU-AP06165', 'NU-AP06166'], [(6.580, 27.700, 59.750), (3.400, 24.105, 59.070), (2.960, 27.700, 44.930), (3.940, 27.700, 71.250), (15.250, 27.700, 64.430)], [0.5824494184289981, 20.632601516905027, 3.2842176056757415, 2.64566718862831, 12.017446754198597]]
[(6.407, 27.700, 57.463), (38.08524494461687, 64.5), 32.45004002547901, 1783095393744558304, ['NU-AP06167', 'NU-AP05131', 'NU-AP06164', 'NU-AP06165', 'NU-AP06166'], [(6.580, 27.700, 59.750), (3.400, 24.105, 59.070), (2.960, 27.700, 44.930), (3.940, 27.700, 71.250), (15.250, 27.700, 64.430)], [0.5824494184289981, 20.632601516905027, 3.2842176056757415, 2.64566718862831, 12.017446754198597]]
[(10.734, 27.700, 56.367), (29.304779345892417, 64.5), 20.273831043334873, 1783095393956057809, ['NU-AP06167', 'NU-AP05131', 'NU-AP06164', 'NU-AP06165', 'NU-AP06166', 'NU-AP06163'], [(6.580, 27.700, 59.750), (3.400, 24.105, 59.070), (2.960, 27.700, 44.930), (3.940, 27.700, 71.250), (15.250, 27.700, 64.430), (16.350, 27.700, 50.030)], [0.5824494184289981, 22.98806134574888, 3.2842176056757415, 2.64566718862831, 12.017446754198597, 8.688946759651738]]
[(10.734, 27.700, 56.367), (20.706725503111123, 64.5), 12.868898086664819, 1783095394163163470, ['NU-AP06167', 'NU-AP05131', 'NU-AP06164', 'NU-AP06165', 'NU-AP06166', 'NU-AP06163'], [(6.580, 27.700, 59.750), (3.400, 24.105, 59.070), (2.960, 27.700, 44.930), (3.940, 27.700, 71.250), (15.250, 27.700, 64.430), (16.350, 27.700, 50.030)], [0.5824494184289981, 22.98806134574888, 3.2842176056757415, 2.64566718862831, 12.017446754198597, 8.688946759651738]]
[(10.734, 27.700, 56.367), (12.010306551741758, 64.5), 8.232929869041335, 1783095394372638501, ['NU-AP06167', 'NU-AP05131', 'NU-AP06164', 'NU-AP06165', 'NU-AP06166', 'NU-AP06163'], [(6.580, 27.700, 59.750), (3.400, 24.105, 59.070), (2.960, 27.700, 44.930), (3.940, 27.700, 71.250), (15.250, 27.700, 64.430), (16.350, 27.700, 50.030)], [0.5824494184289981, 22.98806134574888, 3.2842176056757415, 2.64566718862831, 12.017446754198597, 8.688946759651738]]
[(10.734, 27.700, 56.367), (2.9999999999999885, 64.5), 11.223447938383973, 1783095394589674301, ['NU-AP06167', 'NU-AP05131', 'NU-AP06164', 'NU-AP06165', 'NU-AP06166', 'NU-AP06163'], [(6.580, 27.700, 59.750), (3.400, 24.105, 59.070), (2.960, 27.700, 44.930), (3.940, 27.700, 71.250), (15.250, 27.700, 64.430), (16.350, 27.700, 50.030)], [0.5824494184289981, 22.98806134574888, 3.2842176056757415, 2.64566718862831, 12.017446754198597, 8.688946759651738]]
50-80-mul
[(-2.817, 27.700, 62.764), (3.0, 57.128461670567575), 8.099140403092212, 1783095389850874135, ['NU-AP06167', 'NU-AP05131', 'NU-AP06164', 'NU-AP06165'], [(6.580, 27.700, 59.750), (3.400, 24.105, 59.070), (2.960, 27.700, 44.930), (3.940, 27.700, 71.250)], [0.5824494184289981, 20.632601516905027, 3.2842176056757415, 2.64566718862831]]
[(6.407, 27.700, 57.463), (3.0, 49.24007141993624), 8.901253824835694, 1783095390040885771, ['NU-AP06167', 'NU-AP05131', 'NU-AP06164', 'NU-AP06165', 'NU-AP06166'], [(6.580, 27.700, 59.750), (3.400, 24.105, 59.070), (2.960, 27.700, 44.930), (3.940, 27.700, 71.250), (15.250, 27.700, 64.430)], [0.5824494184289981, 20.632601516905027, 3.2842176056757415, 2.64566718862831, 12.017446754198597]]
[(6.407, 27.700, 57.463), (6.943513491300553, 44.5), 12.974444295875196, 1783095390250051662, ['NU-AP06167', 'NU-AP05131', 'NU-AP06164', 'NU-AP06165', 'NU-AP06166'], [(6.580, 27.700, 59.750), (3.400, 24.105, 59.070), (2.960, 27.700, 44.930), (3.940, 27.700, 71.250), (15.250, 27.700, 64.430)], [0.5824494184289981, 20.632601516905027, 3.2842176056757415, 2.64566718862831, 12.017446754198597]]
[(6.407, 27.700, 57.463), (9.0, 37.62607266633132), 20.00599782861706, 1783095390465163046, ['NU-AP06167', 'NU-AP05131', 'NU-AP06164', 'NU-AP06165', 'NU-AP06166'], [(6.580, 27.700, 59.750), (3.400, 24.105, 59.070), (2.960, 27.700, 44.930), (3.940, 27.700, 71.250), (15.250, 27.700, 64.430)], [0.5824494184289981, 20.632601516905027, 3.2842176056757415, 2.64566718862831, 12.017446754198597]]
[(6.407, 27.700, 57.463), (9.0, 30.421151887206573), 27.166210640811748, 1783095390638711608, ['NU-AP06167', 'NU-AP05131', 'NU-AP06164', 'NU-AP06165', 'NU-AP06166'], [(6.580, 27.700, 59.750), (3.400, 24.105, 59.070), (2.960, 27.700, 44.930), (3.940, 27.700, 71.250), (15.250, 27.700, 64.430)], [0.5824494184289981, 20.632601516905027, 3.2842176056757415, 2.64566718862831, 12.017446754198597]]
[(6.407, 27.700, 57.463), (9.0, 23.773687941186367), 33.78928802082293, 1783095390798832426, ['NU-AP06167', 'NU-AP05131', 'NU-AP06164', 'NU-AP06165', 'NU-AP06166'], [(6.580, 27.700, 59.750), (3.400, 24.105, 59.070), (2.960, 27.700, 44.930), (3.940, 27.700, 71.250), (15.250, 27.700, 64.430)], [0.5824494184289981, 20.632601516905027, 3.2842176056757415, 2.64566718862831, 12.017446754198597]]
[(6.407, 27.700, 57.463), (9.0, 16.919616250013863), 40.62655707002517, 1783095390963929909, ['NU-AP06167', 'NU-AP05131', 'NU-AP06164', 'NU-AP06165', 'NU-AP06166'], [(6.580, 27.700, 59.750), (3.400, 24.105, 59.070), (2.960, 27.700, 44.930), (3.940, 27.700, 71.250), (15.250, 27.700, 64.430)], [0.5824494184289981, 20.632601516905027, 3.2842176056757415, 2.64566718862831, 12.017446754198597]]
[(6.407, 27.700, 57.463), (9.0, 9.53801681194455), 47.99542168178576, 1783095391141734219, ['NU-AP06167', 'NU-AP05131', 'NU-AP06164', 'NU-AP06165', 'NU-AP06166'], [(6.580, 27.700, 59.750), (3.400, 24.105, 59.070), (2.960, 27.700, 44.930), (3.940, 27.700, 71.250), (15.250, 27.700, 64.430)], [0.5824494184289981, 20.632601516905027, 3.2842176056757415, 2.64566718862831, 12.017446754198597]]
[(6.407, 27.700, 57.463), (16.480804746870447, 8.5), 49.98885555042924, 1783095391346931372, ['NU-AP06167', 'NU-AP05131', 'NU-AP06164', 'NU-AP06165', 'NU-AP06166'], [(6.580, 27.700, 59.750), (3.400, 24.105, 59.070), (2.960, 27.700, 44.930), (3.940, 27.700, 71.250), (15.250, 27.700, 64.430)], [0.5824494184289981, 20.632601516905027, 3.2842176056757415, 2.64566718862831, 12.017446754198597]]
[(6.407, 27.700, 57.463), (24.226593509088943, 8.5), 52.10505791338697, 1783095391533508094, ['NU-AP06167', 'NU-AP05131', 'NU-AP06164', 'NU-AP06165', 'NU-AP06166'], [(6.580, 27.700, 59.750), (3.400, 24.105, 59.070), (2.960, 27.700, 44.930), (3.940, 27.700, 71.250), (15.250, 27.700, 64.430)], [0.5824494184289981, 20.632601516905027, 3.2842176056757415, 2.64566718862831, 12.017446754198597]]
[(6.407, 27.700, 57.463), (32.75575466117954, 8.5), 55.60261257386738, 1783095391738954302, ['NU-AP06167', 'NU-AP05131', 'NU-AP06164', 'NU-AP06165', 'NU-AP06166'], [(6.580, 27.700, 59.750), (3.400, 24.105, 59.070), (2.960, 27.700, 44.930), (3.940, 27.700, 71.250), (15.250, 27.700, 64.430)], [0.5824494184289981, 20.632601516905027, 3.2842176056757415, 2.64566718862831, 12.017446754198597]]
[(6.407, 27.700, 57.463), (41.68084049786951, 9.250153176347595), 59.73888529628837, 1783095391968168308, ['NU-AP06167', 'NU-AP05131', 'NU-AP06164', 'NU-AP06165', 'NU-AP06166'], [(6.580, 27.700, 59.750), (3.400, 24.105, 59.070), (2.960, 27.700, 44.930), (3.940, 27.700, 71.250), (15.250, 27.700, 64.430)], [0.5824494184289981, 20.632601516905027, 3.2842176056757415, 2.64566718862831, 12.017446754198597]]
[(6.407, 27.700, 57.463), (43.801214278451354, 18.045777747650064), 54.332761444583596, 1783095392186102322, ['NU-AP06167', 'NU-AP05131', 'NU-AP06164', 'NU-AP06165', 'NU-AP06166'], [(6.580, 27.700, 59.750), (3.400, 24.105, 59.070), (2.960, 27.700, 44.930), (3.940, 27.700, 71.250), (15.250, 27.700, 64.430)], [0.5824494184289981, 20.632601516905027, 3.2842176056757415, 2.64566718862831, 12.017446754198597]]
[(6.407, 27.700, 57.463), (45.98123761951069, 27.088837532785107), 49.88693623802916, 1783095392410167174, ['NU-AP06167', 'NU-AP05131', 'NU-AP06164', 'NU-AP06165', 'NU-AP06166'], [(6.580, 27.700, 59.750), (3.400, 24.105, 59.070), (2.960, 27.700, 44.930), (3.940, 27.700, 71.250), (15.250, 27.700, 64.430)], [0.5824494184289981, 20.632601516905027, 3.2842176056757415, 2.64566718862831, 12.017446754198597]]
[(6.407, 27.700, 57.463), (48.40130591037631, 37.127639331931334), 46.65872065406007, 1783095392658904072, ['NU-AP06167', 'NU-AP05131', 'NU-AP06164', 'NU-AP06165', 'NU-AP06166'], [(6.580, 27.700, 59.750), (3.400, 24.105, 59.070), (2.960, 27.700, 44.930), (3.940, 27.700, 71.250), (15.250, 27.700, 64.430)], [0.5824494184289981, 20.632601516905027, 3.2842176056757415, 2.64566718862831, 12.017446754198597]]
[(6.407, 27.700, 57.463), (52.49331989562763, 54.10191956704792), 46.20842428492547, 1783095393079485123, ['NU-AP06167', 'NU-AP05131', 'NU-AP06164', 'NU-AP06165', 'NU-AP06166'], [(6.580, 27.700, 59.750), (3.400, 24.105, 59.070), (2.960, 27.700, 44.930), (3.940, 27.700, 71.250), (15.250, 27.700, 64.430)], [0.5824494184289981, 20.632601516905027, 3.2842176056757415, 2.64566718862831, 12.017446754198597]]
[(6.407, 27.700, 57.463), (54.59140468020193, 62.805086080837626), 48.47927238707928, 1783095393295128253, ['NU-AP06167', 'NU-AP05131', 'NU-AP06164', 'NU-AP06165', 'NU-AP06166'], [(6.580, 27.700, 59.750), (3.400, 24.105, 59.070), (2.960, 27.700, 44.930), (3.940, 27.700, 71.250), (15.250, 27.700, 64.430)], [0.5824494184289981, 20.632601516905027, 3.2842176056757415, 2.64566718862831, 12.017446754198597]]
[(6.407, 27.700, 57.463), (38.08524494461687, 64.5), 32.45004002547901, 1783095393744558304, ['NU-AP06167', 'NU-AP05131', 'NU-AP06164', 'NU-AP06165', 'NU-AP06166'], [(6.580, 27.700, 59.750), (3.400, 24.105, 59.070), (2.960, 27.700, 44.930), (3.940, 27.700, 71.250), (15.250, 27.700, 64.430)], [0.5824494184289981, 20.632601516905027, 3.2842176056757415, 2.64566718862831, 12.017446754198597]]
[(10.734, 27.700, 56.367), (29.304779345892417, 64.5), 20.273831043334873, 1783095393956057809, ['NU-AP06167', 'NU-AP05131', 'NU-AP06164', 'NU-AP06165', 'NU-AP06166', 'NU-AP06163'], [(6.580, 27.700, 59.750), (3.400, 24.105, 59.070), (2.960, 27.700, 44.930), (3.940, 27.700, 71.250), (15.250, 27.700, 64.430), (16.350, 27.700, 50.030)], [0.5824494184289981, 22.98806134574888, 3.2842176056757415, 2.64566718862831, 12.017446754198597, 8.688946759651738]]
[(10.734, 27.700, 56.367), (20.706725503111123, 64.5), 12.868898086664819, 1783095394163163470, ['NU-AP06167', 'NU-AP05131', 'NU-AP06164', 'NU-AP06165', 'NU-AP06166', 'NU-AP06163'], [(6.580, 27.700, 59.750), (3.400, 24.105, 59.070), (2.960, 27.700, 44.930), (3.940, 27.700, 71.250), (15.250, 27.700, 64.430), (16.350, 27.700, 50.030)], [0.5824494184289981, 22.98806134574888, 3.2842176056757415, 2.64566718862831, 12.017446754198597, 8.688946759651738]]
[(10.734, 27.700, 56.367), (12.010306551741758, 64.5), 8.232929869041335, 1783095394372638501, ['NU-AP06167', 'NU-AP05131', 'NU-AP06164', 'NU-AP06165', 'NU-AP06166', 'NU-AP06163'], [(6.580, 27.700, 59.750), (3.400, 24.105, 59.070), (2.960, 27.700, 44.930), (3.940, 27.700, 71.250), (15.250, 27.700, 64.430), (16.350, 27.700, 50.030)], [0.5824494184289981, 22.98806134574888, 3.2842176056757415, 2.64566718862831, 12.017446754198597, 8.688946759651738]]
[(10.734, 27.700, 56.367), (2.9999999999999885, 64.5), 11.223447938383973, 1783095394589674301, ['NU-AP06167', 'NU-AP05131', 'NU-AP06164', 'NU-AP06165', 'NU-AP06166', 'NU-AP06163'], [(6.580, 27.700, 59.750), (3.400, 24.105, 59.070), (2.960, 27.700, 44.930), (3.940, 27.700, 71.250), (15.250, 27.700, 64.430), (16.350, 27.700, 50.030)], [0.5824494184289981, 22.98806134574888, 3.2842176056757415, 2.64566718862831, 12.017446754198597, 8.688946759651738]]
50-70-mul
[(4.461, 27.700, 57.546), (29.304779345892417, 64.5), 25.798957060095972, 1783095393956057809, ['NU-AP06167', 'NU-AP06164', 'NU-AP06165', 'NU-AP06163'], [(6.580, 27.700, 59.750), (2.960, 27.700, 44.930), (3.940, 27.700, 71.250), (16.350, 27.700, 50.030)], [0.5824494184289981, 3.2842176056757415, 2.64566718862831, 8.688946759651738]]
[(4.461, 27.700, 57.546), (20.706725503111123, 64.5), 17.67173508311243, 1783095394163163470, ['NU-AP06167', 'NU-AP06164', 'NU-AP06165', 'NU-AP06163'], [(6.580, 27.700, 59.750), (2.960, 27.700, 44.930), (3.940, 27.700, 71.250), (16.350, 27.700, 50.030)], [0.5824494184289981, 3.2842176056757415, 2.64566718862831, 8.688946759651738]]
[(4.461, 27.700, 57.546), (12.010306551741758, 64.5), 10.264131373447801, 1783095394372638501, ['NU-AP06167', 'NU-AP06164', 'NU-AP06165', 'NU-AP06163'], [(6.580, 27.700, 59.750), (2.960, 27.700, 44.930), (3.940, 27.700, 71.250), (16.350, 27.700, 50.030)], [0.5824494184289981, 3.2842176056757415, 2.64566718862831, 8.688946759651738]]
[(4.461, 27.700, 57.546), (2.9999999999999885, 64.5), 7.1055188547419394, 1783095394589674301, ['NU-AP06167', 'NU-AP06164', 'NU-AP06165', 'NU-AP06163'], [(6.580, 27.700, 59.750), (2.960, 27.700, 44.930), (3.940, 27.700, 71.250), (16.350, 27.700, 50.030)], [0.5824494184289981, 3.2842176056757415, 2.64566718862831, 8.688946759651738]]
50-67-mul
