3 1 1783262104232328083
{'names': ['NU-AP07183', 'NU-AP06163', 'NU-AP05132'], 'addresses': ['48:00:b3:5f:70:22', '48:00:b3:5f:46:a0', '48:00:b3:5f:61:e2'], 'ssids': ['VU-Campusnet', 'iotroam', 'VU-Campusnet'], 'signals': [-75, -54, -77], 'timestamps': [1.7832621042303283e+18, 1.7832621042293281e+18, 1.7832621042223283e+18], 'frequencies': [2412, 2412, 2412]}
3 2 1783262104280846097
{'names': ['NU-AP07183', 'NU-AP06163', 'NU-AP05132'], 'addresses': ['48:00:b3:5f:70:22', '48:00:b3:5f:46:a0', '48:00:b3:5f:61:e2'], 'ssids': ['VU-Campusnet', 'iotroam', 'VU-Campusnet'], 'signals': [-75, -54, -77], 'timestamps': [1.7832621042303283e+18, 1.7832621042293281e+18, 1.7832621042223283e+18], 'frequencies': [2412, 2412, 2412]}
3 3 1783262104329113377
{'names': ['NU-AP07183', 'NU-AP06163', 'NU-AP05132'], 'addresses': ['48:00:b3:5f:70:22', '48:00:b3:5f:46:a0', '48:00:b3:5f:61:e2'], 'ssids': ['VU-Campusnet', 'iotroam', 'VU-Campusnet'], 'signals': [-75, -54, -77], 'timestamps': [1.7832621042303283e+18, 1.7832621042293281e+18, 1.7832621042223283e+18], 'frequencies': [2412, 2412, 2412]}
6 4 1783262104376516989
{'names': ['NU-AP07183', 'NU-AP06163', 'NU-AP05132'], 'addresses': ['48:00:b3:5f:70:22', '48:00:b3:5f:46:a0', '48:00:b3:5f:61:e2'], 'ssids': ['VU-Campusnet', 'iotroam', 'VU-Campusnet'], 'signals': [-75, -54, -77], 'timestamps': [1.7832621042305167e+18, 1.7832621042295168e+18, 1.7832621042225167e+18], 'frequencies': [2412, 2412, 2412]}
7 5 1783262104425285986
{'names': ['NU-AP07183', 'NU-AP06163', 'NU-AP05132', 'NU-AP06164'], 'addresses': ['48:00:b3:5f:70:22', '48:00:b3:5f:46:a0', '48:00:b3:5f:61:e2', '48:00:b3:5f:72:e0'], 'ssids': ['VU-Campusnet', 'iotroam', 'VU-Campusnet', 'iotroam'], 'signals': [-75, -54, -77, -59], 'timestamps': [1.7832621042305167e+18, 1.7832621042295168e+18, 1.7832621042225167e+18, 1.783262104400286e+18], 'frequencies': [2412, 2412, 2412, 2437]}
7 6 1783262104475074951
{'names': ['NU-AP07183', 'NU-AP06163', 'NU-AP05132', 'NU-AP06164'], 'addresses': ['48:00:b3:5f:70:22', '48:00:b3:5f:46:a0', '48:00:b3:5f:61:e2', '48:00:b3:5f:72:e0'], 'ssids': ['VU-Campusnet', 'iotroam', 'VU-Campusnet', 'iotroam'], 'signals': [-75, -54, -77, -59], 'timestamps': [1.7832621042305167e+18, 1.7832621042295168e+18, 1.7832621042225167e+18, 1.783262104400286e+18], 'frequencies': [2412, 2412, 2412, 2437]}
7 7 1783262104524506939
{'names': ['NU-AP07183', 'NU-AP06163', 'NU-AP05132', 'NU-AP06164'], 'addresses': ['48:00:b3:5f:70:22', '48:00:b3:5f:46:a0', '48:00:b3:5f:61:e2', '48:00:b3:5f:72:e0'], 'ssids': ['VU-Campusnet', 'iotroam', 'VU-Campusnet', 'iotroam'], 'signals': [-75, -54, -77, -59], 'timestamps': [1.7832621042305167e+18, 1.7832621042295168e+18, 1.7832621042225167e+18, 1.783262104400286e+18], 'frequencies': [2412, 2412, 2412, 2437]}
7 8 1783262104574864606
{'names': ['NU-AP07183', 'NU-AP06163', 'NU-AP05132', 'NU-AP06164'], 'addresses': ['48:00:b3:5f:70:22', '48:00:b3:5f:46:a0', '48:00:b3:5f:61:e2', '48:00:b3:5f:72:e0'], 'ssids': ['VU-Campusnet', 'iotroam', 'VU-Campusnet', 'iotroam'], 'signals': [-75, -54, -77, -59], 'timestamps': [1.7832621042305167e+18, 1.7832621042295168e+18, 1.7832621042225167e+18, 1.783262104400286e+18], 'frequencies': [2412, 2412, 2412, 2437]}
7 9 1783262104625090229
{'names': ['NU-AP07183', 'NU-AP06163', 'NU-AP05132', 'NU-AP06164'], 'addresses': ['48:00:b3:5f:70:22', '48:00:b3:5f:46:a0', '48:00:b3:5f:61:e2', '48:00:b3:5f:72:e0'], 'ssids': ['VU-Campusnet', 'iotroam', 'VU-Campusnet', 'iotroam'], 'signals': [-75, -54, -77, -59], 'timestamps': [1.7832621042305167e+18, 1.7832621042295168e+18, 1.7832621042225167e+18, 1.783262104400286e+18], 'frequencies': [2412, 2412, 2412, 2437]}
7 10 1783262104675193778
{'names': ['NU-AP07183', 'NU-AP06163', 'NU-AP05132', 'NU-AP06164'], 'addresses': ['48:00:b3:5f:70:22', '48:00:b3:5f:46:a0', '48:00:b3:5f:61:e2', '48:00:b3:5f:72:e0'], 'ssids': ['VU-Campusnet', 'iotroam', 'VU-Campusnet', 'iotroam'], 'signals': [-75, -54, -77, -59], 'timestamps': [1.7832621042305167e+18, 1.7832621042295168e+18, 1.7832621042225167e+18, 1.783262104400286e+18], 'frequencies': [2412, 2412, 2412, 2437]}
11 11 1783262104736142507
{'names': ['NU-AP07183', 'NU-AP06163', 'NU-AP05132', 'NU-AP06164'], 'addresses': ['48:00:b3:5f:70:22', '48:00:b3:5f:46:a0', '48:00:b3:5f:61:e2', '48:00:b3:5f:72:e0'], 'ssids': ['VU-Campusnet', 'iotroam', 'VU-Campusnet', 'iotroam'], 'signals': [-75, -54, -77, -59], 'timestamps': [1.7832621042321426e+18, 1.7832621042311427e+18, 1.7832621042241426e+18, 1.7832621044021427e+18], 'frequencies': [2412, 2412, 2412, 2437]}
11 12 1783262104822450665
{'names': ['NU-AP07183', 'NU-AP06163', 'NU-AP05132', 'NU-AP06164'], 'addresses': ['48:00:b3:5f:70:22', '48:00:b3:5f:46:a0', '48:00:b3:5f:61:e2', '48:00:b3:5f:72:e0'], 'ssids': ['VU-Campusnet', 'iotroam', 'VU-Campusnet', 'iotroam'], 'signals': [-75, -54, -77, -59], 'timestamps': [1.7832621042321426e+18, 1.7832621042311427e+18, 1.7832621042241426e+18, 1.7832621044021427e+18], 'frequencies': [2412, 2412, 2412, 2437]}
11 13 1783262104871286592
{'names': ['NU-AP07183', 'NU-AP06163', 'NU-AP05132', 'NU-AP06164'], 'addresses': ['48:00:b3:5f:70:22', '48:00:b3:5f:46:a0', '48:00:b3:5f:61:e2', '48:00:b3:5f:72:e0'], 'ssids': ['VU-Campusnet', 'iotroam', 'VU-Campusnet', 'iotroam'], 'signals': [-75, -54, -77, -59], 'timestamps': [1.7832621042321426e+18, 1.7832621042311427e+18, 1.7832621042241426e+18, 1.7832621044021427e+18], 'frequencies': [2412, 2412, 2412, 2437]}
11 14 1783262104922078702
{'names': ['NU-AP07183', 'NU-AP06163', 'NU-AP05132', 'NU-AP06164'], 'addresses': ['48:00:b3:5f:70:22', '48:00:b3:5f:46:a0', '48:00:b3:5f:61:e2', '48:00:b3:5f:72:e0'], 'ssids': ['VU-Campusnet', 'iotroam', 'VU-Campusnet', 'iotroam'], 'signals': [-75, -54, -77, -59], 'timestamps': [1.7832621042321426e+18, 1.7832621042311427e+18, 1.7832621042241426e+18, 1.7832621044021427e+18], 'frequencies': [2412, 2412, 2412, 2437]}
11 15 1783262104972850031
{'names': ['NU-AP07183', 'NU-AP06163', 'NU-AP05132', 'NU-AP06164'], 'addresses': ['48:00:b3:5f:70:22', '48:00:b3:5f:46:a0', '48:00:b3:5f:61:e2', '48:00:b3:5f:72:e0'], 'ssids': ['VU-Campusnet', 'iotroam', 'VU-Campusnet', 'iotroam'], 'signals': [-75, -54, -77, -59], 'timestamps': [1.7832621042321426e+18, 1.7832621042311427e+18, 1.7832621042241426e+18, 1.7832621044021427e+18], 'frequencies': [2412, 2412, 2412, 2437]}
11 16 1783262105023789646
{'names': ['NU-AP07183', 'NU-AP06163', 'NU-AP05132', 'NU-AP06164'], 'addresses': ['48:00:b3:5f:70:22', '48:00:b3:5f:46:a0', '48:00:b3:5f:61:e2', '48:00:b3:5f:72:e0'], 'ssids': ['VU-Campusnet', 'iotroam', 'VU-Campusnet', 'iotroam'], 'signals': [-75, -54, -77, -59], 'timestamps': [1.7832621042321426e+18, 1.7832621042311427e+18, 1.7832621042241426e+18, 1.7832621044021427e+18], 'frequencies': [2412, 2412, 2412, 2437]}
11 17 1783262105073869609
{'names': ['NU-AP07183', 'NU-AP06163', 'NU-AP05132', 'NU-AP06164'], 'addresses': ['48:00:b3:5f:70:22', '48:00:b3:5f:46:a0', '48:00:b3:5f:61:e2', '48:00:b3:5f:72:e0'], 'ssids': ['VU-Campusnet', 'iotroam', 'VU-Campusnet', 'iotroam'], 'signals': [-75, -54, -77, -59], 'timestamps': [1.7832621042321426e+18, 1.7832621042311427e+18, 1.7832621042241426e+18, 1.7832621044021427e+18], 'frequencies': [2412, 2412, 2412, 2437]}
11 18 1783262105123992345
{'names': ['NU-AP07183', 'NU-AP06163', 'NU-AP05132', 'NU-AP06164'], 'addresses': ['48:00:b3:5f:70:22', '48:00:b3:5f:46:a0', '48:00:b3:5f:61:e2', '48:00:b3:5f:72:e0'], 'ssids': ['VU-Campusnet', 'iotroam', 'VU-Campusnet', 'iotroam'], 'signals': [-75, -54, -77, -59], 'timestamps': [1.7832621042321426e+18, 1.7832621042311427e+18, 1.7832621042241426e+18, 1.7832621044021427e+18], 'frequencies': [2412, 2412, 2412, 2437]}
11 19 1783262105173812782
{'names': ['NU-AP07183', 'NU-AP06163', 'NU-AP05132', 'NU-AP06164'], 'addresses': ['48:00:b3:5f:70:22', '48:00:b3:5f:46:a0', '48:00:b3:5f:61:e2', '48:00:b3:5f:72:e0'], 'ssids': ['VU-Campusnet', 'iotroam', 'VU-Campusnet', 'iotroam'], 'signals': [-75, -54, -77, -59], 'timestamps': [1.7832621042321426e+18, 1.7832621042311427e+18, 1.7832621042241426e+18, 1.7832621044021427e+18], 'frequencies': [2412, 2412, 2412, 2437]}
11 20 1783262105224033556
{'names': ['NU-AP07183', 'NU-AP06163', 'NU-AP05132', 'NU-AP06164'], 'addresses': ['48:00:b3:5f:70:22', '48:00:b3:5f:46:a0', '48:00:b3:5f:61:e2', '48:00:b3:5f:72:e0'], 'ssids': ['VU-Campusnet', 'iotroam', 'VU-Campusnet', 'iotroam'], 'signals': [-75, -54, -77, -59], 'timestamps': [1.7832621042321426e+18, 1.7832621042311427e+18, 1.7832621042241426e+18, 1.7832621044021427e+18], 'frequencies': [2412, 2412, 2412, 2437]}
11 21 1783262105273495822
{'names': ['NU-AP07183', 'NU-AP06163', 'NU-AP05132', 'NU-AP06164'], 'addresses': ['48:00:b3:5f:70:22', '48:00:b3:5f:46:a0', '48:00:b3:5f:61:e2', '48:00:b3:5f:72:e0'], 'ssids': ['VU-Campusnet', 'iotroam', 'VU-Campusnet', 'iotroam'], 'signals': [-75, -54, -77, -59], 'timestamps': [1.7832621042321426e+18, 1.7832621042311427e+18, 1.7832621042241426e+18, 1.7832621044021427e+18], 'frequencies': [2412, 2412, 2412, 2437]}
11 22 1783262105324812796
{'names': ['NU-AP07183', 'NU-AP06163', 'NU-AP05132', 'NU-AP06164'], 'addresses': ['48:00:b3:5f:70:22', '48:00:b3:5f:46:a0', '48:00:b3:5f:61:e2', '48:00:b3:5f:72:e0'], 'ssids': ['VU-Campusnet', 'iotroam', 'VU-Campusnet', 'iotroam'], 'signals': [-75, -54, -77, -59], 'timestamps': [1.7832621042321426e+18, 1.7832621042311427e+18, 1.7832621042241426e+18, 1.7832621044021427e+18], 'frequencies': [2412, 2412, 2412, 2437]}
11 23 1783262105373341184
{'names': ['NU-AP07183', 'NU-AP06163', 'NU-AP05132', 'NU-AP06164'], 'addresses': ['48:00:b3:5f:70:22', '48:00:b3:5f:46:a0', '48:00:b3:5f:61:e2', '48:00:b3:5f:72:e0'], 'ssids': ['VU-Campusnet', 'iotroam', 'VU-Campusnet', 'iotroam'], 'signals': [-75, -54, -77, -59], 'timestamps': [1.7832621042321426e+18, 1.7832621042311427e+18, 1.7832621042241426e+18, 1.7832621044021427e+18], 'frequencies': [2412, 2412, 2412, 2437]}
11 24 1783262105425333796
{'names': ['NU-AP07183', 'NU-AP06163', 'NU-AP05132', 'NU-AP06164'], 'addresses': ['48:00:b3:5f:70:22', '48:00:b3:5f:46:a0', '48:00:b3:5f:61:e2', '48:00:b3:5f:72:e0'], 'ssids': ['VU-Campusnet', 'iotroam', 'VU-Campusnet', 'iotroam'], 'signals': [-75, -54, -77, -59], 'timestamps': [1.7832621042321426e+18, 1.7832621042311427e+18, 1.7832621042241426e+18, 1.7832621044021427e+18], 'frequencies': [2412, 2412, 2412, 2437]}
11 25 1783262105474360102
{'names': ['NU-AP07183', 'NU-AP06163', 'NU-AP05132', 'NU-AP06164'], 'addresses': ['48:00:b3:5f:70:22', '48:00:b3:5f:46:a0', '48:00:b3:5f:61:e2', '48:00:b3:5f:72:e0'], 'ssids': ['VU-Campusnet', 'iotroam', 'VU-Campusnet', 'iotroam'], 'signals': [-75, -54, -77, -59], 'timestamps': [1.7832621042321426e+18, 1.7832621042311427e+18, 1.7832621042241426e+18, 1.7832621044021427e+18], 'frequencies': [2412, 2412, 2412, 2437]}
11 26 1783262105524503484
{'names': ['NU-AP07183', 'NU-AP06163', 'NU-AP05132', 'NU-AP06164'], 'addresses': ['48:00:b3:5f:70:22', '48:00:b3:5f:46:a0', '48:00:b3:5f:61:e2', '48:00:b3:5f:72:e0'], 'ssids': ['VU-Campusnet', 'iotroam', 'VU-Campusnet', 'iotroam'], 'signals': [-75, -54, -77, -59], 'timestamps': [1.7832621042321426e+18, 1.7832621042311427e+18, 1.7832621042241426e+18, 1.7832621044021427e+18], 'frequencies': [2412, 2412, 2412, 2437]}
11 27 1783262105573762797
{'names': ['NU-AP07183', 'NU-AP06163', 'NU-AP05132', 'NU-AP06164'], 'addresses': ['48:00:b3:5f:70:22', '48:00:b3:5f:46:a0', '48:00:b3:5f:61:e2', '48:00:b3:5f:72:e0'], 'ssids': ['VU-Campusnet', 'iotroam', 'VU-Campusnet', 'iotroam'], 'signals': [-75, -54, -77, -59], 'timestamps': [1.7832621042321426e+18, 1.7832621042311427e+18, 1.7832621042241426e+18, 1.7832621044021427e+18], 'frequencies': [2412, 2412, 2412, 2437]}
11 28 1783262105625843406
{'names': ['NU-AP07183', 'NU-AP06163', 'NU-AP05132', 'NU-AP06164'], 'addresses': ['48:00:b3:5f:70:22', '48:00:b3:5f:46:a0', '48:00:b3:5f:61:e2', '48:00:b3:5f:72:e0'], 'ssids': ['VU-Campusnet', 'iotroam', 'VU-Campusnet', 'iotroam'], 'signals': [-75, -54, -77, -59], 'timestamps': [1.7832621042321426e+18, 1.7832621042311427e+18, 1.7832621042241426e+18, 1.7832621044021427e+18], 'frequencies': [2412, 2412, 2412, 2437]}
11 29 1783262105675453167
{'names': ['NU-AP07183', 'NU-AP06163', 'NU-AP05132', 'NU-AP06164'], 'addresses': ['48:00:b3:5f:70:22', '48:00:b3:5f:46:a0', '48:00:b3:5f:61:e2', '48:00:b3:5f:72:e0'], 'ssids': ['VU-Campusnet', 'iotroam', 'VU-Campusnet', 'iotroam'], 'signals': [-75, -54, -77, -59], 'timestamps': [1.7832621042321426e+18, 1.7832621042311427e+18, 1.7832621042241426e+18, 1.7832621044021427e+18], 'frequencies': [2412, 2412, 2412, 2437]}
11 30 1783262105725586659
{'names': ['NU-AP07183', 'NU-AP06163', 'NU-AP05132', 'NU-AP06164'], 'addresses': ['48:00:b3:5f:70:22', '48:00:b3:5f:46:a0', '48:00:b3:5f:61:e2', '48:00:b3:5f:72:e0'], 'ssids': ['VU-Campusnet', 'iotroam', 'VU-Campusnet', 'iotroam'], 'signals': [-75, -54, -77, -59], 'timestamps': [1.7832621042321426e+18, 1.7832621042311427e+18, 1.7832621042241426e+18, 1.7832621044021427e+18], 'frequencies': [2412, 2412, 2412, 2437]}
11 31 1783262105775581676
{'names': ['NU-AP07183', 'NU-AP06163', 'NU-AP05132', 'NU-AP06164'], 'addresses': ['48:00:b3:5f:70:22', '48:00:b3:5f:46:a0', '48:00:b3:5f:61:e2', '48:00:b3:5f:72:e0'], 'ssids': ['VU-Campusnet', 'iotroam', 'VU-Campusnet', 'iotroam'], 'signals': [-75, -54, -77, -59], 'timestamps': [1.7832621042321426e+18, 1.7832621042311427e+18, 1.7832621042241426e+18, 1.7832621044021427e+18], 'frequencies': [2412, 2412, 2412, 2437]}
11 32 1783262105824244922
{'names': ['NU-AP07183', 'NU-AP06163', 'NU-AP05132', 'NU-AP06164'], 'addresses': ['48:00:b3:5f:70:22', '48:00:b3:5f:46:a0', '48:00:b3:5f:61:e2', '48:00:b3:5f:72:e0'], 'ssids': ['VU-Campusnet', 'iotroam', 'VU-Campusnet', 'iotroam'], 'signals': [-75, -54, -77, -59], 'timestamps': [1.7832621042321426e+18, 1.7832621042311427e+18, 1.7832621042241426e+18, 1.7832621044021427e+18], 'frequencies': [2412, 2412, 2412, 2437]}
11 33 1783262105873169134
{'names': ['NU-AP07183', 'NU-AP06163', 'NU-AP05132', 'NU-AP06164'], 'addresses': ['48:00:b3:5f:70:22', '48:00:b3:5f:46:a0', '48:00:b3:5f:61:e2', '48:00:b3:5f:72:e0'], 'ssids': ['VU-Campusnet', 'iotroam', 'VU-Campusnet', 'iotroam'], 'signals': [-75, -54, -77, -59], 'timestamps': [1.7832621042321426e+18, 1.7832621042311427e+18, 1.7832621042241426e+18, 1.7832621044021427e+18], 'frequencies': [2412, 2412, 2412, 2437]}
11 34 1783262105924988930
{'names': ['NU-AP07183', 'NU-AP06163', 'NU-AP05132', 'NU-AP06164'], 'addresses': ['48:00:b3:5f:70:22', '48:00:b3:5f:46:a0', '48:00:b3:5f:61:e2', '48:00:b3:5f:72:e0'], 'ssids': ['VU-Campusnet', 'iotroam', 'VU-Campusnet', 'iotroam'], 'signals': [-75, -54, -77, -59], 'timestamps': [1.7832621042321426e+18, 1.7832621042311427e+18, 1.7832621042241426e+18, 1.7832621044021427e+18], 'frequencies': [2412, 2412, 2412, 2437]}
11 36 1783262105975295836
{'names': ['NU-AP07183', 'NU-AP06163', 'NU-AP05132', 'NU-AP06164', 'NU-AP06162'], 'addresses': ['48:00:b3:5f:70:22', '48:00:b3:5f:46:a0', '48:00:b3:5f:61:e2', '48:00:b3:5f:72:e0', '48:00:b3:5a:90:8f'], 'ssids': ['VU-Campusnet', 'iotroam', 'VU-Campusnet', 'iotroam', 'iotroam'], 'signals': [-75, -54, -77, -59, -72], 'timestamps': [1.7832621042321426e+18, 1.7832621042311427e+18, 1.7832621042241426e+18, 1.7832621044021427e+18, 1.7832621059752957e+18], 'frequencies': [2412, 2412, 2412, 2437, 5320]}
11 38 1783262106029792050
{'names': ['NU-AP07183', 'NU-AP06163', 'NU-AP05132', 'NU-AP06164', 'NU-AP06162', 'NU-AP06163'], 'addresses': ['48:00:b3:5f:70:22', '48:00:b3:5f:46:a0', '48:00:b3:5f:61:e2', '48:00:b3:5f:72:e0', '48:00:b3:5a:90:8f', '48:00:b3:5f:46:ae'], 'ssids': ['VU-Campusnet', 'iotroam', 'VU-Campusnet', 'iotroam', 'iotroam', 'eduroam'], 'signals': [-75, -54, -77, -59, -72, -58], 'timestamps': [1.7832621042321426e+18, 1.7832621042311427e+18, 1.7832621042241426e+18, 1.7832621044021427e+18, 1.783262105975792e+18, 1.783262105988792e+18], 'frequencies': [2412, 2412, 2412, 2437, 5320, 5500]}
11 39 1783262106307873902
{'names': ['NU-AP07183', 'NU-AP06163', 'NU-AP05132', 'NU-AP06164', 'NU-AP06162', 'NU-AP06163', 'NU-AP06164'], 'addresses': ['48:00:b3:5f:70:22', '48:00:b3:5f:46:a0', '48:00:b3:5f:61:e2', '48:00:b3:5f:72:e0', '48:00:b3:5a:90:8f', '48:00:b3:5f:46:ae', '48:00:b3:5f:72:ef'], 'ssids': ['VU-Campusnet', 'iotroam', 'VU-Campusnet', 'iotroam', 'iotroam', 'eduroam', 'iotroam'], 'signals': [-75, -54, -77, -59, -72, -58, -70], 'timestamps': [1.7832621042321426e+18, 1.7832621042311427e+18, 1.7832621042241426e+18, 1.7832621044021427e+18, 1.783262105975792e+18, 1.783262105988792e+18, 1.7832621062928737e+18], 'frequencies': [2412, 2412, 2412, 2437, 5320, 5500, 5540]}
11 40 1783262106370165585
{'names': ['NU-AP07183', 'NU-AP06163', 'NU-AP05132', 'NU-AP06164', 'NU-AP06162', 'NU-AP06163', 'NU-AP06164'], 'addresses': ['48:00:b3:5f:70:22', '48:00:b3:5f:46:a0', '48:00:b3:5f:61:e2', '48:00:b3:5f:72:e0', '48:00:b3:5a:90:8f', '48:00:b3:5f:46:ae', '48:00:b3:5f:72:ef'], 'ssids': ['VU-Campusnet', 'iotroam', 'VU-Campusnet', 'iotroam', 'iotroam', 'eduroam', 'iotroam'], 'signals': [-75, -54, -77, -59, -72, -58, -70], 'timestamps': [1.7832621042321426e+18, 1.7832621042311427e+18, 1.7832621042241426e+18, 1.7832621044021427e+18, 1.783262105975792e+18, 1.783262105988792e+18, 1.7832621062931656e+18], 'frequencies': [2412, 2412, 2412, 2437, 5320, 5500, 5540]}
11 41 1783262106549600139
{'names': ['NU-AP07183', 'NU-AP06163', 'NU-AP05132', 'NU-AP06164', 'NU-AP06162', 'NU-AP06163', 'NU-AP06164'], 'addresses': ['48:00:b3:5f:70:22', '48:00:b3:5f:46:a0', '48:00:b3:5f:61:e2', '48:00:b3:5f:72:e0', '48:00:b3:5a:90:8f', '48:00:b3:5f:46:ae', '48:00:b3:5f:72:ef'], 'ssids': ['VU-Campusnet', 'iotroam', 'VU-Campusnet', 'iotroam', 'iotroam', 'eduroam', 'iotroam'], 'signals': [-75, -54, -77, -59, -72, -58, -70], 'timestamps': [1.7832621042321426e+18, 1.7832621042311427e+18, 1.7832621042241426e+18, 1.7832621044021427e+18, 1.783262105975792e+18, 1.783262105988792e+18, 1.7832621062936003e+18], 'frequencies': [2412, 2412, 2412, 2437, 5320, 5500, 5540]}
11 42 1783262106727668848
{'names': ['NU-AP07183', 'NU-AP06163', 'NU-AP05132', 'NU-AP06164', 'NU-AP06162', 'NU-AP06163', 'NU-AP06164'], 'addresses': ['48:00:b3:5f:70:22', '48:00:b3:5f:46:a0', '48:00:b3:5f:61:e2', '48:00:b3:5f:72:e0', '48:00:b3:5a:90:8f', '48:00:b3:5f:46:ae', '48:00:b3:5f:72:ef'], 'ssids': ['VU-Campusnet', 'iotroam', 'VU-Campusnet', 'iotroam', 'iotroam', 'eduroam', 'iotroam'], 'signals': [-75, -54, -77, -59, -72, -58, -70], 'timestamps': [1.7832621042321426e+18, 1.7832621042311427e+18, 1.7832621042241426e+18, 1.7832621044021427e+18, 1.783262105975792e+18, 1.783262105988792e+18, 1.7832621062936689e+18], 'frequencies': [2412, 2412, 2412, 2437, 5320, 5500, 5540]}
11 43 1783262107022684818
{'names': ['NU-AP07183', 'NU-AP06163', 'NU-AP05132', 'NU-AP06164', 'NU-AP06162', 'NU-AP06163', 'NU-AP06164'], 'addresses': ['48:00:b3:5f:70:22', '48:00:b3:5f:46:a0', '48:00:b3:5f:61:e2', '48:00:b3:5f:72:e0', '48:00:b3:5a:90:8f', '48:00:b3:5f:46:ae', '48:00:b3:5f:72:ef'], 'ssids': ['VU-Campusnet', 'iotroam', 'VU-Campusnet', 'iotroam', 'iotroam', 'eduroam', 'iotroam'], 'signals': [-75, -54, -77, -59, -72, -58, -70], 'timestamps': [1.7832621042321426e+18, 1.7832621042311427e+18, 1.7832621042241426e+18, 1.7832621044021427e+18, 1.783262105975792e+18, 1.783262105988792e+18, 1.783262106293685e+18], 'frequencies': [2412, 2412, 2412, 2437, 5320, 5500, 5540]}
11 44 1783262107201992158
{'names': ['NU-AP07183', 'NU-AP06163', 'NU-AP05132', 'NU-AP06164', 'NU-AP06162', 'NU-AP06163', 'NU-AP06164', 'NU-AP06167'], 'addresses': ['48:00:b3:5f:70:22', '48:00:b3:5f:46:a0', '48:00:b3:5f:61:e2', '48:00:b3:5f:72:e0', '48:00:b3:5a:90:8f', '48:00:b3:5f:46:ae', '48:00:b3:5f:72:ef', '48:00:b3:5e:0b:ed'], 'ssids': ['VU-Campusnet', 'iotroam', 'VU-Campusnet', 'iotroam', 'iotroam', 'eduroam', 'iotroam', 'VU-Campusnet'], 'signals': [-75, -54, -77, -59, -72, -58, -70, -82], 'timestamps': [1.7832621042321426e+18, 1.7832621042311427e+18, 1.7832621042241426e+18, 1.7832621044021427e+18, 1.783262105975792e+18, 1.783262105988792e+18, 1.783262106293685e+18, 1.7832621071969923e+18], 'frequencies': [2412, 2412, 2412, 2437, 5320, 5500, 5540, 5660]}
11 48 1783262107266333030
{'names': ['NU-AP07183', 'NU-AP06163', 'NU-AP05132', 'NU-AP06164', 'NU-AP06162', 'NU-AP06163', 'NU-AP06164', 'NU-AP06167'], 'addresses': ['48:00:b3:5f:70:22', '48:00:b3:5f:46:a0', '48:00:b3:5f:61:e2', '48:00:b3:5f:72:e0', '48:00:b3:5a:90:8f', '48:00:b3:5f:46:ae', '48:00:b3:5f:72:ef', '48:00:b3:5e:0b:ed'], 'ssids': ['VU-Campusnet', 'iotroam', 'VU-Campusnet', 'iotroam', 'iotroam', 'eduroam', 'iotroam', 'VU-Campusnet'], 'signals': [-75, -54, -77, -59, -72, -58, -70, -82], 'timestamps': [1.7832621042321426e+18, 1.7832621042311427e+18, 1.7832621042241426e+18, 1.7832621044021427e+18, 1.7832621059763328e+18, 1.783262105989333e+18, 1.783262106294333e+18, 1.7832621072033329e+18], 'frequencies': [2412, 2412, 2412, 2437, 5320, 5500, 5540, 5660]}
12 48 1783262108558390427
{'names': ['NU-AP07183', 'NU-AP06163', 'NU-AP05132', 'NU-AP06164', 'NU-AP06162', 'NU-AP06163', 'NU-AP06164', 'NU-AP06167'], 'addresses': ['48:00:b3:5f:70:22', '48:00:b3:5f:46:a0', '48:00:b3:5f:61:e2', '48:00:b3:5f:72:e0', '48:00:b3:5a:90:8f', '48:00:b3:5f:46:ae', '48:00:b3:5f:72:ef', '48:00:b3:5e:0b:ed'], 'ssids': ['VU-Campusnet', 'iotroam', 'VU-Campusnet', 'iotroam', 'iotroam', 'eduroam', 'iotroam', 'VU-Campusnet'], 'signals': [-75, -54, -77, -59, -72, -58, -70, -82], 'timestamps': [1.7832621042321426e+18, 1.7832621085583905e+18, 1.7832621042241426e+18, 1.7832621044021427e+18, 1.7832621059763328e+18, 1.783262105989333e+18, 1.783262106294333e+18, 1.7832621072033329e+18], 'frequencies': [2412, 2412, 2412, 2437, 5320, 5500, 5540, 5660]}
13 48 1783262108623263897
{'names': ['NU-AP07183', 'NU-AP06163', 'NU-AP05132', 'NU-AP06164', 'NU-AP06162', 'NU-AP06163', 'NU-AP06164', 'NU-AP06167'], 'addresses': ['48:00:b3:5f:70:22', '48:00:b3:5f:46:a0', '48:00:b3:5f:61:e2', '48:00:b3:5f:72:e0', '48:00:b3:5a:90:8f', '48:00:b3:5f:46:ae', '48:00:b3:5f:72:ef', '48:00:b3:5e:0b:ed'], 'ssids': ['VU-Campusnet', 'iotroam', 'VU-Campusnet', 'iotroam', 'iotroam', 'eduroam', 'iotroam', 'VU-Campusnet'], 'signals': [-74, -54, -77, -59, -72, -58, -70, -82], 'timestamps': [1.783262108568264e+18, 1.7832621085583905e+18, 1.7832621042241426e+18, 1.7832621044021427e+18, 1.7832621059763328e+18, 1.783262105989333e+18, 1.783262106294333e+18, 1.7832621072033329e+18], 'frequencies': [2412, 2412, 2412, 2437, 5320, 5500, 5540, 5660]}
14 48 1783262108749019870
{'names': ['NU-AP07183', 'NU-AP06163', 'NU-AP05132', 'NU-AP06164', 'NU-AP06162', 'NU-AP06163', 'NU-AP06164', 'NU-AP06167'], 'addresses': ['48:00:b3:5f:70:22', '48:00:b3:5f:46:a0', '48:00:b3:5f:61:e2', '48:00:b3:5f:72:e0', '48:00:b3:5a:90:8f', '48:00:b3:5f:46:ae', '48:00:b3:5f:72:ef', '48:00:b3:5e:0b:ed'], 'ssids': ['VU-Campusnet', 'iotroam', 'VU-Campusnet', 'iotroam', 'iotroam', 'eduroam', 'iotroam', 'VU-Campusnet'], 'signals': [-74, -54, -77, -60, -72, -58, -70, -82], 'timestamps': [1.783262108568264e+18, 1.7832621085583905e+18, 1.7832621042241426e+18, 1.7832621087020198e+18, 1.7832621059763328e+18, 1.783262105989333e+18, 1.783262106294333e+18, 1.7832621072033329e+18], 'frequencies': [2412, 2412, 2412, 2437, 5320, 5500, 5540, 5660]}
17 48 1783262108843493620
{'names': ['NU-AP07183', 'NU-AP06163', 'NU-AP05132', 'NU-AP06164', 'NU-AP06162', 'NU-AP06163', 'NU-AP06164', 'NU-AP06167'], 'addresses': ['48:00:b3:5f:70:22', '48:00:b3:5f:46:a0', '48:00:b3:5f:61:e2', '48:00:b3:5f:72:e0', '48:00:b3:5a:90:8f', '48:00:b3:5f:46:ae', '48:00:b3:5f:72:ef', '48:00:b3:5e:0b:ed'], 'ssids': ['VU-Campusnet', 'iotroam', 'VU-Campusnet', 'iotroam', 'iotroam', 'eduroam', 'iotroam', 'VU-Campusnet'], 'signals': [-74, -54, -77, -60, -72, -58, -70, -82], 'timestamps': [1.7832621085684936e+18, 1.7832621085584937e+18, 1.7832621042241426e+18, 1.7832621087024937e+18, 1.7832621059763328e+18, 1.783262105989333e+18, 1.783262106294333e+18, 1.7832621072033329e+18], 'frequencies': [2412, 2412, 2412, 2437, 5320, 5500, 5540, 5660]}
20 48 1783262109637804591
{'names': ['NU-AP07183', 'NU-AP06163', 'NU-AP05132', 'NU-AP06164', 'NU-AP06162', 'NU-AP06163', 'NU-AP06164', 'NU-AP06167'], 'addresses': ['48:00:b3:5f:70:22', '48:00:b3:5f:46:a0', '48:00:b3:5f:61:e2', '48:00:b3:5f:72:e0', '48:00:b3:5a:90:8f', '48:00:b3:5f:46:ae', '48:00:b3:5f:72:ef', '48:00:b3:5e:0b:ed'], 'ssids': ['VU-Campusnet', 'iotroam', 'VU-Campusnet', 'iotroam', 'iotroam', 'eduroam', 'iotroam', 'VU-Campusnet'], 'signals': [-74, -54, -77, -60, -72, -58, -70, -82], 'timestamps': [1.7832621085688046e+18, 1.7832621085588045e+18, 1.7832621042241426e+18, 1.7832621087028045e+18, 1.7832621059763328e+18, 1.783262105989333e+18, 1.783262106294333e+18, 1.7832621072033329e+18], 'frequencies': [2412, 2412, 2412, 2437, 5320, 5500, 5540, 5660]}
24 52 1783262109714547087
{'names': ['NU-AP07183', 'NU-AP06163', 'NU-AP05132', 'NU-AP06164', 'NU-AP06162', 'NU-AP06163', 'NU-AP06164', 'NU-AP06167'], 'addresses': ['48:00:b3:5f:70:22', '48:00:b3:5f:46:a0', '48:00:b3:5f:61:e2', '48:00:b3:5f:72:e0', '48:00:b3:5a:90:8f', '48:00:b3:5f:46:ae', '48:00:b3:5f:72:ef', '48:00:b3:5e:0b:ed'], 'ssids': ['VU-Campusnet', 'iotroam', 'VU-Campusnet', 'iotroam', 'iotroam', 'eduroam', 'iotroam', 'VU-Campusnet'], 'signals': [-74, -54, -77, -60, -72, -58, -70, -82], 'timestamps': [1.7832621085715471e+18, 1.7832621085615473e+18, 1.7832621042255473e+18, 1.7832621087055473e+18, 1.7832621059785472e+18, 1.7832621059915471e+18, 1.7832621062965473e+18, 1.7832621072055473e+18], 'frequencies': [2412, 2412, 2412, 2437, 5320, 5500, 5540, 5660]}
28 56 1783262109824926588
{'names': ['NU-AP07183', 'NU-AP06163', 'NU-AP05132', 'NU-AP06164', 'NU-AP06162', 'NU-AP06163', 'NU-AP06164', 'NU-AP06167'], 'addresses': ['48:00:b3:5f:70:22', '48:00:b3:5f:46:a0', '48:00:b3:5f:61:e2', '48:00:b3:5f:72:e0', '48:00:b3:5a:90:8f', '48:00:b3:5f:46:ae', '48:00:b3:5f:72:ef', '48:00:b3:5e:0b:ed'], 'ssids': ['VU-Campusnet', 'iotroam', 'VU-Campusnet', 'iotroam', 'iotroam', 'eduroam', 'iotroam', 'VU-Campusnet'], 'signals': [-74, -54, -77, -60, -72, -58, -70, -82], 'timestamps': [1.7832621085719265e+18, 1.7832621085619264e+18, 1.7832621042259264e+18, 1.7832621087059264e+18, 1.7832621059789266e+18, 1.7832621059919265e+18, 1.7832621062969265e+18, 1.7832621072059264e+18], 'frequencies': [2412, 2412, 2412, 2437, 5320, 5500, 5540, 5660]}
28 58 1783262110256299433
{'names': ['NU-AP07183', 'NU-AP06163', 'NU-AP06164', 'NU-AP06162', 'NU-AP06163', 'NU-AP06164', 'NU-AP06167'], 'addresses': ['48:00:b3:5f:70:22', '48:00:b3:5f:46:a0', '48:00:b3:5f:72:e0', '48:00:b3:5a:90:8f', '48:00:b3:5f:46:ae', '48:00:b3:5f:72:ef', '48:00:b3:5e:0b:ed'], 'ssids': ['VU-Campusnet', 'iotroam', 'iotroam', 'iotroam', 'eduroam', 'iotroam', 'VU-Campusnet'], 'signals': [-74, -54, -60, -72, -58, -70, -82], 'timestamps': [1.7832621085719265e+18, 1.7832621085619264e+18, 1.7832621087059264e+18, 1.7832621102132995e+18, 1.7832621102372995e+18, 1.7832621062969265e+18, 1.7832621072059264e+18], 'frequencies': [2412, 2412, 2437, 5320, 5500, 5540, 5660]}
29 58 1783262110320534329
{'names': ['NU-AP07183', 'NU-AP06163', 'NU-AP06164', 'NU-AP06162', 'NU-AP06163', 'NU-AP06164', 'NU-AP06167'], 'addresses': ['48:00:b3:5f:70:22', '48:00:b3:5f:46:a0', '48:00:b3:5f:72:e0', '48:00:b3:5a:90:8f', '48:00:b3:5f:46:ae', '48:00:b3:5f:72:ef', '48:00:b3:5e:0b:ed'], 'ssids': ['VU-Campusnet', 'iotroam', 'iotroam', 'iotroam', 'eduroam', 'iotroam', 'VU-Campusnet'], 'signals': [-74, -54, -60, -72, -58, -70, -82], 'timestamps': [1.7832621085719265e+18, 1.7832621085619264e+18, 1.7832621087059264e+18, 1.7832621102132995e+18, 1.7832621102372995e+18, 1.7832621062969265e+18, 1.7832621072059264e+18], 'frequencies': [2412, 2412, 2437, 5320, 5500, 5540, 5660]}
30 58 1783262110385712090
{'names': ['NU-AP07183', 'NU-AP06163', 'NU-AP06164', 'NU-AP06162', 'NU-AP06163', 'NU-AP06164', 'NU-AP06167'], 'addresses': ['48:00:b3:5f:70:22', '48:00:b3:5f:46:a0', '48:00:b3:5f:72:e0', '48:00:b3:5a:90:8f', '48:00:b3:5f:46:ae', '48:00:b3:5f:72:ef', '48:00:b3:5e:0b:ed'], 'ssids': ['VU-Campusnet', 'iotroam', 'iotroam', 'iotroam', 'eduroam', 'iotroam', 'VU-Campusnet'], 'signals': [-74, -54, -60, -72, -58, -70, -82], 'timestamps': [1.7832621085719265e+18, 1.7832621085619264e+18, 1.7832621087059264e+18, 1.7832621102132995e+18, 1.7832621102372995e+18, 1.7832621062969265e+18, 1.7832621072059264e+18], 'frequencies': [2412, 2412, 2437, 5320, 5500, 5540, 5660]}
31 61 1783262110451761389
{'names': ['NU-AP07183', 'NU-AP06163', 'NU-AP06164', 'NU-AP06162', 'NU-AP06163', 'NU-AP06164', 'NU-AP06167'], 'addresses': ['48:00:b3:5f:70:22', '48:00:b3:5f:46:a0', '48:00:b3:5f:72:e0', '48:00:b3:5a:90:8f', '48:00:b3:5f:46:ae', '48:00:b3:5f:72:ef', '48:00:b3:5e:0b:ed'], 'ssids': ['VU-Campusnet', 'iotroam', 'iotroam', 'iotroam', 'eduroam', 'iotroam', 'VU-Campusnet'], 'signals': [-74, -54, -60, -72, -58, -70, -82], 'timestamps': [1.7832621085719265e+18, 1.7832621085619264e+18, 1.7832621087059264e+18, 1.7832621102137615e+18, 1.7832621102377615e+18, 1.7832621104207613e+18, 1.7832621072059264e+18], 'frequencies': [2412, 2412, 2437, 5320, 5500, 5540, 5660]}
32 61 1783262110517173803
{'names': ['NU-AP07183', 'NU-AP06163', 'NU-AP06164', 'NU-AP06162', 'NU-AP06163', 'NU-AP06164', 'NU-AP06167'], 'addresses': ['48:00:b3:5f:70:22', '48:00:b3:5f:46:a0', '48:00:b3:5f:72:e0', '48:00:b3:5a:90:8f', '48:00:b3:5f:46:ae', '48:00:b3:5f:72:ef', '48:00:b3:5e:0b:ed'], 'ssids': ['VU-Campusnet', 'iotroam', 'iotroam', 'iotroam', 'eduroam', 'iotroam', 'VU-Campusnet'], 'signals': [-74, -54, -60, -72, -58, -70, -82], 'timestamps': [1.7832621085719265e+18, 1.7832621085619264e+18, 1.7832621087059264e+18, 1.7832621102137615e+18, 1.7832621102377615e+18, 1.7832621104207613e+18, 1.7832621072059264e+18], 'frequencies': [2412, 2412, 2437, 5320, 5500, 5540, 5660]}
33 61 1783262110584661823
{'names': ['NU-AP07183', 'NU-AP06163', 'NU-AP06164', 'NU-AP06162', 'NU-AP06163', 'NU-AP06164', 'NU-AP06167'], 'addresses': ['48:00:b3:5f:70:22', '48:00:b3:5f:46:a0', '48:00:b3:5f:72:e0', '48:00:b3:5a:90:8f', '48:00:b3:5f:46:ae', '48:00:b3:5f:72:ef', '48:00:b3:5e:0b:ed'], 'ssids': ['VU-Campusnet', 'iotroam', 'iotroam', 'iotroam', 'eduroam', 'iotroam', 'VU-Campusnet'], 'signals': [-74, -54, -60, -72, -58, -70, -82], 'timestamps': [1.7832621085719265e+18, 1.7832621085619264e+18, 1.7832621087059264e+18, 1.7832621102137615e+18, 1.7832621102377615e+18, 1.7832621104207613e+18, 1.7832621072059264e+18], 'frequencies': [2412, 2412, 2437, 5320, 5500, 5540, 5660]}
34 61 1783262110651363605
{'names': ['NU-AP07183', 'NU-AP06163', 'NU-AP06164', 'NU-AP06162', 'NU-AP06163', 'NU-AP06164', 'NU-AP06167'], 'addresses': ['48:00:b3:5f:70:22', '48:00:b3:5f:46:a0', '48:00:b3:5f:72:e0', '48:00:b3:5a:90:8f', '48:00:b3:5f:46:ae', '48:00:b3:5f:72:ef', '48:00:b3:5e:0b:ed'], 'ssids': ['VU-Campusnet', 'iotroam', 'iotroam', 'iotroam', 'eduroam', 'iotroam', 'VU-Campusnet'], 'signals': [-74, -54, -60, -72, -58, -70, -82], 'timestamps': [1.7832621085719265e+18, 1.7832621085619264e+18, 1.7832621087059264e+18, 1.7832621102137615e+18, 1.7832621102377615e+18, 1.7832621104207613e+18, 1.7832621072059264e+18], 'frequencies': [2412, 2412, 2437, 5320, 5500, 5540, 5660]}
35 61 1783262110719560067
{'names': ['NU-AP07183', 'NU-AP06163', 'NU-AP06164', 'NU-AP06162', 'NU-AP06163', 'NU-AP06164', 'NU-AP06167'], 'addresses': ['48:00:b3:5f:70:22', '48:00:b3:5f:46:a0', '48:00:b3:5f:72:e0', '48:00:b3:5a:90:8f', '48:00:b3:5f:46:ae', '48:00:b3:5f:72:ef', '48:00:b3:5e:0b:ed'], 'ssids': ['VU-Campusnet', 'iotroam', 'iotroam', 'iotroam', 'eduroam', 'iotroam', 'VU-Campusnet'], 'signals': [-74, -54, -60, -72, -58, -70, -82], 'timestamps': [1.7832621085719265e+18, 1.7832621085619264e+18, 1.7832621087059264e+18, 1.7832621102137615e+18, 1.7832621102377615e+18, 1.7832621104207613e+18, 1.7832621072059264e+18], 'frequencies': [2412, 2412, 2437, 5320, 5500, 5540, 5660]}
36 61 1783262110784641777
{'names': ['NU-AP07183', 'NU-AP06163', 'NU-AP06164', 'NU-AP06162', 'NU-AP06163', 'NU-AP06164', 'NU-AP06167'], 'addresses': ['48:00:b3:5f:70:22', '48:00:b3:5f:46:a0', '48:00:b3:5f:72:e0', '48:00:b3:5a:90:8f', '48:00:b3:5f:46:ae', '48:00:b3:5f:72:ef', '48:00:b3:5e:0b:ed'], 'ssids': ['VU-Campusnet', 'iotroam', 'iotroam', 'iotroam', 'eduroam', 'iotroam', 'VU-Campusnet'], 'signals': [-74, -54, -60, -72, -58, -70, -82], 'timestamps': [1.7832621085719265e+18, 1.7832621085619264e+18, 1.7832621087059264e+18, 1.7832621102137615e+18, 1.7832621102377615e+18, 1.7832621104207613e+18, 1.7832621072059264e+18], 'frequencies': [2412, 2412, 2437, 5320, 5500, 5540, 5660]}
37 61 1783262110851637018
{'names': ['NU-AP07183', 'NU-AP06163', 'NU-AP06164', 'NU-AP06162', 'NU-AP06163', 'NU-AP06164', 'NU-AP06167'], 'addresses': ['48:00:b3:5f:70:22', '48:00:b3:5f:46:a0', '48:00:b3:5f:72:e0', '48:00:b3:5a:90:8f', '48:00:b3:5f:46:ae', '48:00:b3:5f:72:ef', '48:00:b3:5e:0b:ed'], 'ssids': ['VU-Campusnet', 'iotroam', 'iotroam', 'iotroam', 'eduroam', 'iotroam', 'VU-Campusnet'], 'signals': [-74, -54, -60, -72, -58, -70, -82], 'timestamps': [1.7832621085719265e+18, 1.7832621085619264e+18, 1.7832621087059264e+18, 1.7832621102137615e+18, 1.7832621102377615e+18, 1.7832621104207613e+18, 1.7832621072059264e+18], 'frequencies': [2412, 2412, 2437, 5320, 5500, 5540, 5660]}
38 61 1783262110917919304
{'names': ['NU-AP07183', 'NU-AP06163', 'NU-AP06164', 'NU-AP06162', 'NU-AP06163', 'NU-AP06164', 'NU-AP06167'], 'addresses': ['48:00:b3:5f:70:22', '48:00:b3:5f:46:a0', '48:00:b3:5f:72:e0', '48:00:b3:5a:90:8f', '48:00:b3:5f:46:ae', '48:00:b3:5f:72:ef', '48:00:b3:5e:0b:ed'], 'ssids': ['VU-Campusnet', 'iotroam', 'iotroam', 'iotroam', 'eduroam', 'iotroam', 'VU-Campusnet'], 'signals': [-74, -54, -60, -72, -58, -70, -82], 'timestamps': [1.7832621085719265e+18, 1.7832621085619264e+18, 1.7832621087059264e+18, 1.7832621102137615e+18, 1.7832621102377615e+18, 1.7832621104207613e+18, 1.7832621072059264e+18], 'frequencies': [2412, 2412, 2437, 5320, 5500, 5540, 5660]}
39 61 1783262110983906076
{'names': ['NU-AP07183', 'NU-AP06163', 'NU-AP06164', 'NU-AP06162', 'NU-AP06163', 'NU-AP06164', 'NU-AP06167'], 'addresses': ['48:00:b3:5f:70:22', '48:00:b3:5f:46:a0', '48:00:b3:5f:72:e0', '48:00:b3:5a:90:8f', '48:00:b3:5f:46:ae', '48:00:b3:5f:72:ef', '48:00:b3:5e:0b:ed'], 'ssids': ['VU-Campusnet', 'iotroam', 'iotroam', 'iotroam', 'eduroam', 'iotroam', 'VU-Campusnet'], 'signals': [-74, -54, -60, -72, -58, -70, -82], 'timestamps': [1.7832621085719265e+18, 1.7832621085619264e+18, 1.7832621087059264e+18, 1.7832621102137615e+18, 1.7832621102377615e+18, 1.7832621104207613e+18, 1.7832621072059264e+18], 'frequencies': [2412, 2412, 2437, 5320, 5500, 5540, 5660]}
40 61 1783262111051250217
{'names': ['NU-AP07183', 'NU-AP06163', 'NU-AP06164', 'NU-AP06162', 'NU-AP06163', 'NU-AP06164', 'NU-AP06167'], 'addresses': ['48:00:b3:5f:70:22', '48:00:b3:5f:46:a0', '48:00:b3:5f:72:e0', '48:00:b3:5a:90:8f', '48:00:b3:5f:46:ae', '48:00:b3:5f:72:ef', '48:00:b3:5e:0b:ed'], 'ssids': ['VU-Campusnet', 'iotroam', 'iotroam', 'iotroam', 'eduroam', 'iotroam', 'VU-Campusnet'], 'signals': [-74, -54, -60, -72, -58, -70, -82], 'timestamps': [1.7832621085719265e+18, 1.7832621085619264e+18, 1.7832621087059264e+18, 1.7832621102137615e+18, 1.7832621102377615e+18, 1.7832621104207613e+18, 1.7832621072059264e+18], 'frequencies': [2412, 2412, 2437, 5320, 5500, 5540, 5660]}
41 61 1783262111119594060
{'names': ['NU-AP07183', 'NU-AP06163', 'NU-AP06164', 'NU-AP06162', 'NU-AP06163', 'NU-AP06164', 'NU-AP06167'], 'addresses': ['48:00:b3:5f:70:22', '48:00:b3:5f:46:a0', '48:00:b3:5f:72:e0', '48:00:b3:5a:90:8f', '48:00:b3:5f:46:ae', '48:00:b3:5f:72:ef', '48:00:b3:5e:0b:ed'], 'ssids': ['VU-Campusnet', 'iotroam', 'iotroam', 'iotroam', 'eduroam', 'iotroam', 'VU-Campusnet'], 'signals': [-74, -54, -60, -72, -58, -70, -82], 'timestamps': [1.7832621085719265e+18, 1.7832621085619264e+18, 1.7832621087059264e+18, 1.7832621102137615e+18, 1.7832621102377615e+18, 1.7832621104207613e+18, 1.7832621072059264e+18], 'frequencies': [2412, 2412, 2437, 5320, 5500, 5540, 5660]}
42 61 1783262111185113904
{'names': ['NU-AP07183', 'NU-AP06163', 'NU-AP06164', 'NU-AP06162', 'NU-AP06163', 'NU-AP06164', 'NU-AP06167'], 'addresses': ['48:00:b3:5f:70:22', '48:00:b3:5f:46:a0', '48:00:b3:5f:72:e0', '48:00:b3:5a:90:8f', '48:00:b3:5f:46:ae', '48:00:b3:5f:72:ef', '48:00:b3:5e:0b:ed'], 'ssids': ['VU-Campusnet', 'iotroam', 'iotroam', 'iotroam', 'eduroam', 'iotroam', 'VU-Campusnet'], 'signals': [-74, -54, -60, -72, -58, -70, -82], 'timestamps': [1.7832621085719265e+18, 1.7832621085619264e+18, 1.7832621087059264e+18, 1.7832621102137615e+18, 1.7832621102377615e+18, 1.7832621104207613e+18, 1.7832621072059264e+18], 'frequencies': [2412, 2412, 2437, 5320, 5500, 5540, 5660]}
43 64 1783262111252910761
{'names': ['NU-AP07183', 'NU-AP06163', 'NU-AP06164', 'NU-AP06162', 'NU-AP06163', 'NU-AP06164', 'NU-AP06167'], 'addresses': ['48:00:b3:5f:70:22', '48:00:b3:5f:46:a0', '48:00:b3:5f:72:e0', '48:00:b3:5a:90:8f', '48:00:b3:5f:46:ae', '48:00:b3:5f:72:ef', '48:00:b3:5e:0b:ed'], 'ssids': ['VU-Campusnet', 'iotroam', 'iotroam', 'iotroam', 'eduroam', 'iotroam', 'VU-Campusnet'], 'signals': [-74, -54, -60, -72, -58, -70, -82], 'timestamps': [1.7832621085719265e+18, 1.7832621085619264e+18, 1.7832621087059264e+18, 1.7832621102139108e+18, 1.7832621102379108e+18, 1.7832621104209108e+18, 1.7832621072059264e+18], 'frequencies': [2412, 2412, 2437, 5320, 5500, 5540, 5660]}
44 65 1783262111321482412
{'names': ['NU-AP07183', 'NU-AP06163', 'NU-AP06164', 'NU-AP06162', 'NU-AP06163', 'NU-AP06164', 'NU-AP06167'], 'addresses': ['48:00:b3:5f:70:22', '48:00:b3:5f:46:a0', '48:00:b3:5f:72:e0', '48:00:b3:5a:90:8f', '48:00:b3:5f:46:ae', '48:00:b3:5f:72:ef', '48:00:b3:5e:0b:ed'], 'ssids': ['VU-Campusnet', 'iotroam', 'iotroam', 'iotroam', 'eduroam', 'iotroam', 'VU-Campusnet'], 'signals': [-74, -54, -60, -72, -58, -70, -81], 'timestamps': [1.7832621085719265e+18, 1.7832621085619264e+18, 1.7832621087059264e+18, 1.7832621102139108e+18, 1.7832621102379108e+18, 1.7832621104209108e+18, 1.7832621112694825e+18], 'frequencies': [2412, 2412, 2437, 5320, 5500, 5540, 5660]}
45 66 1783262111386760877
{'names': ['NU-AP07183', 'NU-AP06163', 'NU-AP06164', 'NU-AP06162', 'NU-AP06163', 'NU-AP06164', 'NU-AP06167'], 'addresses': ['48:00:b3:5f:70:22', '48:00:b3:5f:46:a0', '48:00:b3:5f:72:e0', '48:00:b3:5a:90:8f', '48:00:b3:5f:46:ae', '48:00:b3:5f:72:ef', '48:00:b3:5e:0b:ed'], 'ssids': ['VU-Campusnet', 'iotroam', 'iotroam', 'iotroam', 'eduroam', 'iotroam', 'VU-Campusnet'], 'signals': [-74, -54, -60, -72, -58, -70, -81], 'timestamps': [1.7832621085719265e+18, 1.7832621085619264e+18, 1.7832621087059264e+18, 1.7832621102139108e+18, 1.7832621102379108e+18, 1.7832621104209108e+18, 1.783262111269761e+18], 'frequencies': [2412, 2412, 2437, 5320, 5500, 5540, 5660]}
46 66 1783262111452046027
{'names': ['NU-AP07183', 'NU-AP06163', 'NU-AP06164', 'NU-AP06162', 'NU-AP06163', 'NU-AP06164', 'NU-AP06167'], 'addresses': ['48:00:b3:5f:70:22', '48:00:b3:5f:46:a0', '48:00:b3:5f:72:e0', '48:00:b3:5a:90:8f', '48:00:b3:5f:46:ae', '48:00:b3:5f:72:ef', '48:00:b3:5e:0b:ed'], 'ssids': ['VU-Campusnet', 'iotroam', 'iotroam', 'iotroam', 'eduroam', 'iotroam', 'VU-Campusnet'], 'signals': [-74, -54, -60, -72, -58, -70, -81], 'timestamps': [1.7832621085719265e+18, 1.7832621085619264e+18, 1.7832621087059264e+18, 1.7832621102139108e+18, 1.7832621102379108e+18, 1.7832621104209108e+18, 1.783262111269761e+18], 'frequencies': [2412, 2412, 2437, 5320, 5500, 5540, 5660]}
47 66 1783262111518249963
{'names': ['NU-AP07183', 'NU-AP06163', 'NU-AP06164', 'NU-AP06162', 'NU-AP06163', 'NU-AP06164', 'NU-AP06167'], 'addresses': ['48:00:b3:5f:70:22', '48:00:b3:5f:46:a0', '48:00:b3:5f:72:e0', '48:00:b3:5a:90:8f', '48:00:b3:5f:46:ae', '48:00:b3:5f:72:ef', '48:00:b3:5e:0b:ed'], 'ssids': ['VU-Campusnet', 'iotroam', 'iotroam', 'iotroam', 'eduroam', 'iotroam', 'VU-Campusnet'], 'signals': [-74, -54, -60, -72, -58, -70, -81], 'timestamps': [1.7832621085719265e+18, 1.7832621085619264e+18, 1.7832621087059264e+18, 1.7832621102139108e+18, 1.7832621102379108e+18, 1.7832621104209108e+18, 1.783262111269761e+18], 'frequencies': [2412, 2412, 2437, 5320, 5500, 5540, 5660]}
48 66 1783262111584684736
{'names': ['NU-AP07183', 'NU-AP06163', 'NU-AP06164', 'NU-AP06162', 'NU-AP06163', 'NU-AP06164', 'NU-AP06167'], 'addresses': ['48:00:b3:5f:70:22', '48:00:b3:5f:46:a0', '48:00:b3:5f:72:e0', '48:00:b3:5a:90:8f', '48:00:b3:5f:46:ae', '48:00:b3:5f:72:ef', '48:00:b3:5e:0b:ed'], 'ssids': ['VU-Campusnet', 'iotroam', 'iotroam', 'iotroam', 'eduroam', 'iotroam', 'VU-Campusnet'], 'signals': [-74, -54, -60, -72, -58, -70, -81], 'timestamps': [1.7832621085719265e+18, 1.7832621085619264e+18, 1.7832621087059264e+18, 1.7832621102139108e+18, 1.7832621102379108e+18, 1.7832621104209108e+18, 1.783262111269761e+18], 'frequencies': [2412, 2412, 2437, 5320, 5500, 5540, 5660]}
49 66 1783262111650717011
{'names': ['NU-AP07183', 'NU-AP06163', 'NU-AP06164', 'NU-AP06162', 'NU-AP06163', 'NU-AP06164', 'NU-AP06167'], 'addresses': ['48:00:b3:5f:70:22', '48:00:b3:5f:46:a0', '48:00:b3:5f:72:e0', '48:00:b3:5a:90:8f', '48:00:b3:5f:46:ae', '48:00:b3:5f:72:ef', '48:00:b3:5e:0b:ed'], 'ssids': ['VU-Campusnet', 'iotroam', 'iotroam', 'iotroam', 'eduroam', 'iotroam', 'VU-Campusnet'], 'signals': [-74, -54, -60, -72, -58, -70, -81], 'timestamps': [1.7832621085719265e+18, 1.7832621085619264e+18, 1.7832621087059264e+18, 1.7832621102139108e+18, 1.7832621102379108e+18, 1.7832621104209108e+18, 1.783262111269761e+18], 'frequencies': [2412, 2412, 2437, 5320, 5500, 5540, 5660]}
50 66 1783262111717163193
{'names': ['NU-AP07183', 'NU-AP06163', 'NU-AP06164', 'NU-AP06162', 'NU-AP06163', 'NU-AP06164', 'NU-AP06167'], 'addresses': ['48:00:b3:5f:70:22', '48:00:b3:5f:46:a0', '48:00:b3:5f:72:e0', '48:00:b3:5a:90:8f', '48:00:b3:5f:46:ae', '48:00:b3:5f:72:ef', '48:00:b3:5e:0b:ed'], 'ssids': ['VU-Campusnet', 'iotroam', 'iotroam', 'iotroam', 'eduroam', 'iotroam', 'VU-Campusnet'], 'signals': [-74, -54, -60, -72, -58, -70, -81], 'timestamps': [1.7832621085719265e+18, 1.7832621085619264e+18, 1.7832621087059264e+18, 1.7832621102139108e+18, 1.7832621102379108e+18, 1.7832621104209108e+18, 1.783262111269761e+18], 'frequencies': [2412, 2412, 2437, 5320, 5500, 5540, 5660]}
51 66 1783262111784072829
{'names': ['NU-AP07183', 'NU-AP06163', 'NU-AP06164', 'NU-AP06162', 'NU-AP06163', 'NU-AP06164', 'NU-AP06167'], 'addresses': ['48:00:b3:5f:70:22', '48:00:b3:5f:46:a0', '48:00:b3:5f:72:e0', '48:00:b3:5a:90:8f', '48:00:b3:5f:46:ae', '48:00:b3:5f:72:ef', '48:00:b3:5e:0b:ed'], 'ssids': ['VU-Campusnet', 'iotroam', 'iotroam', 'iotroam', 'eduroam', 'iotroam', 'VU-Campusnet'], 'signals': [-74, -54, -60, -72, -58, -70, -81], 'timestamps': [1.7832621085719265e+18, 1.7832621085619264e+18, 1.7832621087059264e+18, 1.7832621102139108e+18, 1.7832621102379108e+18, 1.7832621104209108e+18, 1.783262111269761e+18], 'frequencies': [2412, 2412, 2437, 5320, 5500, 5540, 5660]}
52 66 1783262111850275442
{'names': ['NU-AP07183', 'NU-AP06163', 'NU-AP06164', 'NU-AP06162', 'NU-AP06163', 'NU-AP06164', 'NU-AP06167'], 'addresses': ['48:00:b3:5f:70:22', '48:00:b3:5f:46:a0', '48:00:b3:5f:72:e0', '48:00:b3:5a:90:8f', '48:00:b3:5f:46:ae', '48:00:b3:5f:72:ef', '48:00:b3:5e:0b:ed'], 'ssids': ['VU-Campusnet', 'iotroam', 'iotroam', 'iotroam', 'eduroam', 'iotroam', 'VU-Campusnet'], 'signals': [-74, -54, -60, -72, -58, -70, -81], 'timestamps': [1.7832621085719265e+18, 1.7832621085619264e+18, 1.7832621087059264e+18, 1.7832621102139108e+18, 1.7832621102379108e+18, 1.7832621104209108e+18, 1.783262111269761e+18], 'frequencies': [2412, 2412, 2437, 5320, 5500, 5540, 5660]}
53 66 1783262111917818491
{'names': ['NU-AP07183', 'NU-AP06163', 'NU-AP06164', 'NU-AP06162', 'NU-AP06163', 'NU-AP06164', 'NU-AP06167'], 'addresses': ['48:00:b3:5f:70:22', '48:00:b3:5f:46:a0', '48:00:b3:5f:72:e0', '48:00:b3:5a:90:8f', '48:00:b3:5f:46:ae', '48:00:b3:5f:72:ef', '48:00:b3:5e:0b:ed'], 'ssids': ['VU-Campusnet', 'iotroam', 'iotroam', 'iotroam', 'eduroam', 'iotroam', 'VU-Campusnet'], 'signals': [-74, -54, -60, -72, -58, -70, -81], 'timestamps': [1.7832621085719265e+18, 1.7832621085619264e+18, 1.7832621087059264e+18, 1.7832621102139108e+18, 1.7832621102379108e+18, 1.7832621104209108e+18, 1.783262111269761e+18], 'frequencies': [2412, 2412, 2437, 5320, 5500, 5540, 5660]}
54 66 1783262111984089714
{'names': ['NU-AP07183', 'NU-AP06163', 'NU-AP06164', 'NU-AP06162', 'NU-AP06163', 'NU-AP06164', 'NU-AP06167'], 'addresses': ['48:00:b3:5f:70:22', '48:00:b3:5f:46:a0', '48:00:b3:5f:72:e0', '48:00:b3:5a:90:8f', '48:00:b3:5f:46:ae', '48:00:b3:5f:72:ef', '48:00:b3:5e:0b:ed'], 'ssids': ['VU-Campusnet', 'iotroam', 'iotroam', 'iotroam', 'eduroam', 'iotroam', 'VU-Campusnet'], 'signals': [-74, -54, -60, -72, -58, -70, -81], 'timestamps': [1.7832621085719265e+18, 1.7832621085619264e+18, 1.7832621087059264e+18, 1.7832621102139108e+18, 1.7832621102379108e+18, 1.7832621104209108e+18, 1.783262111269761e+18], 'frequencies': [2412, 2412, 2437, 5320, 5500, 5540, 5660]}
55 66 1783262112051946280
{'names': ['NU-AP07183', 'NU-AP06163', 'NU-AP06164', 'NU-AP06162', 'NU-AP06163', 'NU-AP06164', 'NU-AP06167'], 'addresses': ['48:00:b3:5f:70:22', '48:00:b3:5f:46:a0', '48:00:b3:5f:72:e0', '48:00:b3:5a:90:8f', '48:00:b3:5f:46:ae', '48:00:b3:5f:72:ef', '48:00:b3:5e:0b:ed'], 'ssids': ['VU-Campusnet', 'iotroam', 'iotroam', 'iotroam', 'eduroam', 'iotroam', 'VU-Campusnet'], 'signals': [-74, -54, -60, -72, -58, -70, -81], 'timestamps': [1.7832621085719265e+18, 1.7832621085619264e+18, 1.7832621087059264e+18, 1.7832621102139108e+18, 1.7832621102379108e+18, 1.7832621104209108e+18, 1.783262111269761e+18], 'frequencies': [2412, 2412, 2437, 5320, 5500, 5540, 5660]}
56 66 1783262112117743879
{'names': ['NU-AP07183', 'NU-AP06163', 'NU-AP06164', 'NU-AP06162', 'NU-AP06163', 'NU-AP06164', 'NU-AP06167'], 'addresses': ['48:00:b3:5f:70:22', '48:00:b3:5f:46:a0', '48:00:b3:5f:72:e0', '48:00:b3:5a:90:8f', '48:00:b3:5f:46:ae', '48:00:b3:5f:72:ef', '48:00:b3:5e:0b:ed'], 'ssids': ['VU-Campusnet', 'iotroam', 'iotroam', 'iotroam', 'eduroam', 'iotroam', 'VU-Campusnet'], 'signals': [-74, -54, -60, -72, -58, -70, -81], 'timestamps': [1.7832621085719265e+18, 1.7832621085619264e+18, 1.7832621087059264e+18, 1.7832621102139108e+18, 1.7832621102379108e+18, 1.7832621104209108e+18, 1.783262111269761e+18], 'frequencies': [2412, 2412, 2437, 5320, 5500, 5540, 5660]}
57 66 1783262112184125217
{'names': ['NU-AP07183', 'NU-AP06163', 'NU-AP06164', 'NU-AP06162', 'NU-AP06163', 'NU-AP06164', 'NU-AP06167'], 'addresses': ['48:00:b3:5f:70:22', '48:00:b3:5f:46:a0', '48:00:b3:5f:72:e0', '48:00:b3:5a:90:8f', '48:00:b3:5f:46:ae', '48:00:b3:5f:72:ef', '48:00:b3:5e:0b:ed'], 'ssids': ['VU-Campusnet', 'iotroam', 'iotroam', 'iotroam', 'eduroam', 'iotroam', 'VU-Campusnet'], 'signals': [-74, -54, -60, -72, -58, -70, -81], 'timestamps': [1.7832621085719265e+18, 1.7832621085619264e+18, 1.7832621087059264e+18, 1.7832621102139108e+18, 1.7832621102379108e+18, 1.7832621104209108e+18, 1.783262111269761e+18], 'frequencies': [2412, 2412, 2437, 5320, 5500, 5540, 5660]}
58 66 1783262112248946366
{'names': ['NU-AP07183', 'NU-AP06163', 'NU-AP06164', 'NU-AP06162', 'NU-AP06163', 'NU-AP06164', 'NU-AP06167'], 'addresses': ['48:00:b3:5f:70:22', '48:00:b3:5f:46:a0', '48:00:b3:5f:72:e0', '48:00:b3:5a:90:8f', '48:00:b3:5f:46:ae', '48:00:b3:5f:72:ef', '48:00:b3:5e:0b:ed'], 'ssids': ['VU-Campusnet', 'iotroam', 'iotroam', 'iotroam', 'eduroam', 'iotroam', 'VU-Campusnet'], 'signals': [-74, -54, -60, -72, -58, -70, -81], 'timestamps': [1.7832621085719265e+18, 1.7832621085619264e+18, 1.7832621087059264e+18, 1.7832621102139108e+18, 1.7832621102379108e+18, 1.7832621104209108e+18, 1.783262111269761e+18], 'frequencies': [2412, 2412, 2437, 5320, 5500, 5540, 5660]}
59 66 1783262112315244513
{'names': ['NU-AP07183', 'NU-AP06163', 'NU-AP06164', 'NU-AP06162', 'NU-AP06163', 'NU-AP06164', 'NU-AP06167'], 'addresses': ['48:00:b3:5f:70:22', '48:00:b3:5f:46:a0', '48:00:b3:5f:72:e0', '48:00:b3:5a:90:8f', '48:00:b3:5f:46:ae', '48:00:b3:5f:72:ef', '48:00:b3:5e:0b:ed'], 'ssids': ['VU-Campusnet', 'iotroam', 'iotroam', 'iotroam', 'eduroam', 'iotroam', 'VU-Campusnet'], 'signals': [-74, -54, -60, -72, -58, -70, -81], 'timestamps': [1.7832621085719265e+18, 1.7832621085619264e+18, 1.7832621087059264e+18, 1.7832621102139108e+18, 1.7832621102379108e+18, 1.7832621104209108e+18, 1.783262111269761e+18], 'frequencies': [2412, 2412, 2437, 5320, 5500, 5540, 5660]}
60 66 1783262112380590378
{'names': ['NU-AP07183', 'NU-AP06163', 'NU-AP06164', 'NU-AP06162', 'NU-AP06163', 'NU-AP06164', 'NU-AP06167'], 'addresses': ['48:00:b3:5f:70:22', '48:00:b3:5f:46:a0', '48:00:b3:5f:72:e0', '48:00:b3:5a:90:8f', '48:00:b3:5f:46:ae', '48:00:b3:5f:72:ef', '48:00:b3:5e:0b:ed'], 'ssids': ['VU-Campusnet', 'iotroam', 'iotroam', 'iotroam', 'eduroam', 'iotroam', 'VU-Campusnet'], 'signals': [-74, -54, -60, -72, -58, -70, -81], 'timestamps': [1.7832621085719265e+18, 1.7832621085619264e+18, 1.7832621087059264e+18, 1.7832621102139108e+18, 1.7832621102379108e+18, 1.7832621104209108e+18, 1.783262111269761e+18], 'frequencies': [2412, 2412, 2437, 5320, 5500, 5540, 5660]}
61 66 1783262112446235857
{'names': ['NU-AP07183', 'NU-AP06163', 'NU-AP06164', 'NU-AP06162', 'NU-AP06163', 'NU-AP06164', 'NU-AP06167'], 'addresses': ['48:00:b3:5f:70:22', '48:00:b3:5f:46:a0', '48:00:b3:5f:72:e0', '48:00:b3:5a:90:8f', '48:00:b3:5f:46:ae', '48:00:b3:5f:72:ef', '48:00:b3:5e:0b:ed'], 'ssids': ['VU-Campusnet', 'iotroam', 'iotroam', 'iotroam', 'eduroam', 'iotroam', 'VU-Campusnet'], 'signals': [-74, -54, -60, -72, -58, -70, -81], 'timestamps': [1.7832621085719265e+18, 1.7832621085619264e+18, 1.7832621087059264e+18, 1.7832621102139108e+18, 1.7832621102379108e+18, 1.7832621104209108e+18, 1.783262111269761e+18], 'frequencies': [2412, 2412, 2437, 5320, 5500, 5540, 5660]}
63 66 1783262112515763715
{'names': ['NU-AP07183', 'NU-AP06163', 'NU-AP06164', 'NU-AP06162', 'NU-AP06163', 'NU-AP06164', 'NU-AP06167', 'NU-AP06167'], 'addresses': ['48:00:b3:5f:70:22', '48:00:b3:5f:46:a0', '48:00:b3:5f:72:e0', '48:00:b3:5a:90:8f', '48:00:b3:5f:46:ae', '48:00:b3:5f:72:ef', '48:00:b3:5e:0b:ed', '48:00:b3:5e:0b:e0'], 'ssids': ['VU-Campusnet', 'iotroam', 'iotroam', 'iotroam', 'eduroam', 'iotroam', 'VU-Campusnet', 'iotroam'], 'signals': [-74, -54, -60, -72, -58, -70, -81, -72], 'timestamps': [1.7832621085719265e+18, 1.7832621125077637e+18, 1.7832621087059264e+18, 1.7832621102139108e+18, 1.7832621102379108e+18, 1.7832621104209108e+18, 1.783262111269761e+18, 1.7832621125097636e+18], 'frequencies': [2412, 2412, 2437, 5320, 5500, 5540, 5660, 2412]}
65 66 1783262112587818740
{'names': ['NU-AP07183', 'NU-AP06163', 'NU-AP06164', 'NU-AP06162', 'NU-AP06163', 'NU-AP06164', 'NU-AP06167', 'NU-AP06167'], 'addresses': ['48:00:b3:5f:70:22', '48:00:b3:5f:46:a0', '48:00:b3:5f:72:e0', '48:00:b3:5a:90:8f', '48:00:b3:5f:46:ae', '48:00:b3:5f:72:ef', '48:00:b3:5e:0b:ed', '48:00:b3:5e:0b:e0'], 'ssids': ['VU-Campusnet', 'iotroam', 'iotroam', 'iotroam', 'eduroam', 'iotroam', 'VU-Campusnet', 'iotroam'], 'signals': [-74, -54, -60, -72, -58, -70, -81, -72], 'timestamps': [1.7832621085719265e+18, 1.7832621125078188e+18, 1.7832621087059264e+18, 1.7832621102139108e+18, 1.7832621102379108e+18, 1.7832621104209108e+18, 1.783262111269761e+18, 1.783262112509819e+18], 'frequencies': [2412, 2412, 2437, 5320, 5500, 5540, 5660, 2412]}
67 66 1783262112651916536
{'names': ['NU-AP07183', 'NU-AP06163', 'NU-AP06164', 'NU-AP06162', 'NU-AP06163', 'NU-AP06164', 'NU-AP06167', 'NU-AP06167'], 'addresses': ['48:00:b3:5f:70:22', '48:00:b3:5f:46:a0', '48:00:b3:5f:72:e0', '48:00:b3:5a:90:8f', '48:00:b3:5f:46:ae', '48:00:b3:5f:72:ef', '48:00:b3:5e:0b:ed', '48:00:b3:5e:0b:e0'], 'ssids': ['VU-Campusnet', 'iotroam', 'iotroam', 'iotroam', 'eduroam', 'iotroam', 'VU-Campusnet', 'iotroam'], 'signals': [-74, -54, -60, -72, -58, -70, -81, -72], 'timestamps': [1.7832621085719265e+18, 1.7832621125079165e+18, 1.7832621087059264e+18, 1.7832621102139108e+18, 1.7832621102379108e+18, 1.7832621104209108e+18, 1.783262111269761e+18, 1.7832621125099167e+18], 'frequencies': [2412, 2412, 2437, 5320, 5500, 5540, 5660, 2412]}
68 66 1783262112717940539
{'names': ['NU-AP07183', 'NU-AP06163', 'NU-AP06164', 'NU-AP06162', 'NU-AP06163', 'NU-AP06164', 'NU-AP06167', 'NU-AP06167'], 'addresses': ['48:00:b3:5f:70:22', '48:00:b3:5f:46:a0', '48:00:b3:5f:72:e0', '48:00:b3:5a:90:8f', '48:00:b3:5f:46:ae', '48:00:b3:5f:72:ef', '48:00:b3:5e:0b:ed', '48:00:b3:5e:0b:e0'], 'ssids': ['VU-Campusnet', 'iotroam', 'iotroam', 'iotroam', 'eduroam', 'iotroam', 'VU-Campusnet', 'iotroam'], 'signals': [-74, -54, -60, -72, -58, -70, -81, -72], 'timestamps': [1.7832621085719265e+18, 1.7832621125079165e+18, 1.7832621126539405e+18, 1.7832621102139108e+18, 1.7832621102379108e+18, 1.7832621104209108e+18, 1.783262111269761e+18, 1.7832621125099167e+18], 'frequencies': [2412, 2412, 2437, 5320, 5500, 5540, 5660, 2412]}
69 66 1783262112782395498
{'names': ['NU-AP07183', 'NU-AP06163', 'NU-AP06164', 'NU-AP06162', 'NU-AP06163', 'NU-AP06164', 'NU-AP06167', 'NU-AP06167'], 'addresses': ['48:00:b3:5f:70:22', '48:00:b3:5f:46:a0', '48:00:b3:5f:72:e0', '48:00:b3:5a:90:8f', '48:00:b3:5f:46:ae', '48:00:b3:5f:72:ef', '48:00:b3:5e:0b:ed', '48:00:b3:5e:0b:e0'], 'ssids': ['VU-Campusnet', 'iotroam', 'iotroam', 'iotroam', 'eduroam', 'iotroam', 'VU-Campusnet', 'iotroam'], 'signals': [-74, -54, -60, -72, -58, -70, -81, -72], 'timestamps': [1.7832621085719265e+18, 1.7832621125079165e+18, 1.7832621126543954e+18, 1.7832621102139108e+18, 1.7832621102379108e+18, 1.7832621104209108e+18, 1.783262111269761e+18, 1.7832621125099167e+18], 'frequencies': [2412, 2412, 2437, 5320, 5500, 5540, 5660, 2412]}
72 66 1783262112848745973
{'names': ['NU-AP07183', 'NU-AP06163', 'NU-AP06164', 'NU-AP06162', 'NU-AP06163', 'NU-AP06164', 'NU-AP06167', 'NU-AP06167'], 'addresses': ['48:00:b3:5f:70:22', '48:00:b3:5f:46:a0', '48:00:b3:5f:72:e0', '48:00:b3:5a:90:8f', '48:00:b3:5f:46:ae', '48:00:b3:5f:72:ef', '48:00:b3:5e:0b:ed', '48:00:b3:5e:0b:e0'], 'ssids': ['VU-Campusnet', 'iotroam', 'iotroam', 'iotroam', 'eduroam', 'iotroam', 'VU-Campusnet', 'iotroam'], 'signals': [-74, -54, -60, -72, -58, -70, -81, -72], 'timestamps': [1.7832621085719265e+18, 1.783262112508746e+18, 1.783262112655746e+18, 1.7832621102139108e+18, 1.7832621102379108e+18, 1.7832621104209108e+18, 1.783262111269761e+18, 1.783262112510746e+18], 'frequencies': [2412, 2412, 2437, 5320, 5500, 5540, 5660, 2412]}
