2 1 1783257952472356731
{'names': ['NU-AP05132', 'NU-AP06167'], 'addresses': ['48:00:b3:5f:61:e1', '48:00:b3:5e:0b:e0'], 'ssids': ['eduroam', 'iotroam'], 'signals': [-79, -71], 'timestamps': [1.7832579524693565e+18, 1.7832579524643566e+18], 'frequencies': [2412, 2412]}
4 2 1783257952518698316
{'names': ['NU-AP05132', 'NU-AP06167'], 'addresses': ['48:00:b3:5f:61:e1', '48:00:b3:5e:0b:e0'], 'ssids': ['eduroam', 'iotroam'], 'signals': [-79, -71], 'timestamps': [1.7832579524696983e+18, 1.7832579524646984e+18], 'frequencies': [2412, 2412]}
4 3 1783257952566062561
{'names': ['NU-AP05132', 'NU-AP06167'], 'addresses': ['48:00:b3:5f:61:e1', '48:00:b3:5e:0b:e0'], 'ssids': ['eduroam', 'iotroam'], 'signals': [-79, -71], 'timestamps': [1.7832579524696983e+18, 1.7832579524646984e+18], 'frequencies': [2412, 2412]}
5 4 1783257952612140749
{'names': ['NU-AP05132', 'NU-AP06167', 'NU-AP06164'], 'addresses': ['48:00:b3:5f:61:e1', '48:00:b3:5e:0b:e0', '48:00:b3:5f:72:e0'], 'ssids': ['eduroam', 'iotroam', 'iotroam'], 'signals': [-79, -71, -60], 'timestamps': [1.7832579524696983e+18, 1.7832579524646984e+18, 1.7832579526111409e+18], 'frequencies': [2412, 2412, 2437]}
8 5 1783257952658937740
{'names': ['NU-AP05132', 'NU-AP06167', 'NU-AP06164'], 'addresses': ['48:00:b3:5f:61:e1', '48:00:b3:5e:0b:e0', '48:00:b3:5f:72:e0'], 'ssids': ['eduroam', 'iotroam', 'iotroam'], 'signals': [-79, -71, -60], 'timestamps': [1.783257952469938e+18, 1.783257952464938e+18, 1.783257952616938e+18], 'frequencies': [2412, 2412, 2437]}
8 6 1783257952705863325
{'names': ['NU-AP05132', 'NU-AP06167', 'NU-AP06164'], 'addresses': ['48:00:b3:5f:61:e1', '48:00:b3:5e:0b:e0', '48:00:b3:5f:72:e0'], 'ssids': ['eduroam', 'iotroam', 'iotroam'], 'signals': [-79, -71, -60], 'timestamps': [1.783257952469938e+18, 1.783257952464938e+18, 1.783257952616938e+18], 'frequencies': [2412, 2412, 2437]}
11 7 1783257952753121149
{'names': ['NU-AP05132', 'NU-AP06167', 'NU-AP06164'], 'addresses': ['48:00:b3:5f:61:e1', '48:00:b3:5e:0b:e0', '48:00:b3:5f:72:e0'], 'ssids': ['eduroam', 'iotroam', 'iotroam'], 'signals': [-79, -71, -60], 'timestamps': [1.783257952470121e+18, 1.783257952465121e+18, 1.783257952617121e+18], 'frequencies': [2412, 2412, 2437]}
12 8 1783257952799349354
{'names': ['NU-AP05132', 'NU-AP06167', 'NU-AP06164', 'NU-AP06163'], 'addresses': ['48:00:b3:5f:61:e1', '48:00:b3:5e:0b:e0', '48:00:b3:5f:72:e0', '48:00:b3:5f:46:a0'], 'ssids': ['eduroam', 'iotroam', 'iotroam', 'iotroam'], 'signals': [-79, -71, -60, -57], 'timestamps': [1.783257952470121e+18, 1.783257952465121e+18, 1.783257952617121e+18, 1.7832579527903493e+18], 'frequencies': [2412, 2412, 2437, 2462]}
13 9 1783257952852634045
{'names': ['NU-AP05132', 'NU-AP06167', 'NU-AP06164', 'NU-AP06163'], 'addresses': ['48:00:b3:5f:61:e1', '48:00:b3:5e:0b:e0', '48:00:b3:5f:72:e0', '48:00:b3:5f:46:a0'], 'ssids': ['eduroam', 'iotroam', 'iotroam', 'iotroam'], 'signals': [-79, -71, -60, -57], 'timestamps': [1.783257952470121e+18, 1.783257952465121e+18, 1.783257952617121e+18, 1.783257952790634e+18], 'frequencies': [2412, 2412, 2437, 2462]}
14 10 1783257952904915709
{'names': ['NU-AP05132', 'NU-AP06167', 'NU-AP06164', 'NU-AP06163'], 'addresses': ['48:00:b3:5f:61:e1', '48:00:b3:5e:0b:e0', '48:00:b3:5f:72:e0', '48:00:b3:5f:46:a0'], 'ssids': ['eduroam', 'iotroam', 'iotroam', 'iotroam'], 'signals': [-79, -71, -60, -57], 'timestamps': [1.783257952470121e+18, 1.783257952465121e+18, 1.783257952617121e+18, 1.7832579527909156e+18], 'frequencies': [2412, 2412, 2437, 2462]}
14 11 1783257952957331206
{'names': ['NU-AP05132', 'NU-AP06167', 'NU-AP06164', 'NU-AP06163'], 'addresses': ['48:00:b3:5f:61:e1', '48:00:b3:5e:0b:e0', '48:00:b3:5f:72:e0', '48:00:b3:5f:46:a0'], 'ssids': ['eduroam', 'iotroam', 'iotroam', 'iotroam'], 'signals': [-79, -71, -60, -57], 'timestamps': [1.783257952470121e+18, 1.783257952465121e+18, 1.783257952617121e+18, 1.7832579527909156e+18], 'frequencies': [2412, 2412, 2437, 2462]}
14 12 1783257953009801944
{'names': ['NU-AP05132', 'NU-AP06167', 'NU-AP06164', 'NU-AP06163'], 'addresses': ['48:00:b3:5f:61:e1', '48:00:b3:5e:0b:e0', '48:00:b3:5f:72:e0', '48:00:b3:5f:46:a0'], 'ssids': ['eduroam', 'iotroam', 'iotroam', 'iotroam'], 'signals': [-79, -71, -60, -57], 'timestamps': [1.783257952470121e+18, 1.783257952465121e+18, 1.783257952617121e+18, 1.7832579527909156e+18], 'frequencies': [2412, 2412, 2437, 2462]}
18 13 1783257953066341562
{'names': ['NU-AP05132', 'NU-AP06167', 'NU-AP06164', 'NU-AP06163'], 'addresses': ['48:00:b3:5f:61:e1', '48:00:b3:5e:0b:e0', '48:00:b3:5f:72:e0', '48:00:b3:5f:46:a0'], 'ssids': ['eduroam', 'iotroam', 'iotroam', 'iotroam'], 'signals': [-79, -71, -60, -57], 'timestamps': [1.7832579524713416e+18, 1.7832579524663416e+18, 1.7832579526183416e+18, 1.7832579527923415e+18], 'frequencies': [2412, 2412, 2437, 2462]}
18 14 1783257953123629979
{'names': ['NU-AP05132', 'NU-AP06167', 'NU-AP06164', 'NU-AP06163'], 'addresses': ['48:00:b3:5f:61:e1', '48:00:b3:5e:0b:e0', '48:00:b3:5f:72:e0', '48:00:b3:5f:46:a0'], 'ssids': ['eduroam', 'iotroam', 'iotroam', 'iotroam'], 'signals': [-79, -71, -60, -57], 'timestamps': [1.7832579524713416e+18, 1.7832579524663416e+18, 1.7832579526183416e+18, 1.7832579527923415e+18], 'frequencies': [2412, 2412, 2437, 2462]}
18 15 1783257953177749644
{'names': ['NU-AP05132', 'NU-AP06167', 'NU-AP06164', 'NU-AP06163'], 'addresses': ['48:00:b3:5f:61:e1', '48:00:b3:5e:0b:e0', '48:00:b3:5f:72:e0', '48:00:b3:5f:46:a0'], 'ssids': ['eduroam', 'iotroam', 'iotroam', 'iotroam'], 'signals': [-79, -71, -60, -57], 'timestamps': [1.7832579524713416e+18, 1.7832579524663416e+18, 1.7832579526183416e+18, 1.7832579527923415e+18], 'frequencies': [2412, 2412, 2437, 2462]}
18 16 1783257953230701616
{'names': ['NU-AP05132', 'NU-AP06167', 'NU-AP06164', 'NU-AP06163'], 'addresses': ['48:00:b3:5f:61:e1', '48:00:b3:5e:0b:e0', '48:00:b3:5f:72:e0', '48:00:b3:5f:46:a0'], 'ssids': ['eduroam', 'iotroam', 'iotroam', 'iotroam'], 'signals': [-79, -71, -60, -57], 'timestamps': [1.7832579524713416e+18, 1.7832579524663416e+18, 1.7832579526183416e+18, 1.7832579527923415e+18], 'frequencies': [2412, 2412, 2437, 2462]}
18 17 1783257953282687709
{'names': ['NU-AP05132', 'NU-AP06167', 'NU-AP06164', 'NU-AP06163'], 'addresses': ['48:00:b3:5f:61:e1', '48:00:b3:5e:0b:e0', '48:00:b3:5f:72:e0', '48:00:b3:5f:46:a0'], 'ssids': ['eduroam', 'iotroam', 'iotroam', 'iotroam'], 'signals': [-79, -71, -60, -57], 'timestamps': [1.7832579524713416e+18, 1.7832579524663416e+18, 1.7832579526183416e+18, 1.7832579527923415e+18], 'frequencies': [2412, 2412, 2437, 2462]}
18 18 1783257953336579363
{'names': ['NU-AP05132', 'NU-AP06167', 'NU-AP06164', 'NU-AP06163'], 'addresses': ['48:00:b3:5f:61:e1', '48:00:b3:5e:0b:e0', '48:00:b3:5f:72:e0', '48:00:b3:5f:46:a0'], 'ssids': ['eduroam', 'iotroam', 'iotroam', 'iotroam'], 'signals': [-79, -71, -60, -57], 'timestamps': [1.7832579524713416e+18, 1.7832579524663416e+18, 1.7832579526183416e+18, 1.7832579527923415e+18], 'frequencies': [2412, 2412, 2437, 2462]}
18 19 1783257953387975068
{'names': ['NU-AP05132', 'NU-AP06167', 'NU-AP06164', 'NU-AP06163'], 'addresses': ['48:00:b3:5f:61:e1', '48:00:b3:5e:0b:e0', '48:00:b3:5f:72:e0', '48:00:b3:5f:46:a0'], 'ssids': ['eduroam', 'iotroam', 'iotroam', 'iotroam'], 'signals': [-79, -71, -60, -57], 'timestamps': [1.7832579524713416e+18, 1.7832579524663416e+18, 1.7832579526183416e+18, 1.7832579527923415e+18], 'frequencies': [2412, 2412, 2437, 2462]}
18 20 1783257953440583669
{'names': ['NU-AP05132', 'NU-AP06167', 'NU-AP06164', 'NU-AP06163'], 'addresses': ['48:00:b3:5f:61:e1', '48:00:b3:5e:0b:e0', '48:00:b3:5f:72:e0', '48:00:b3:5f:46:a0'], 'ssids': ['eduroam', 'iotroam', 'iotroam', 'iotroam'], 'signals': [-79, -71, -60, -57], 'timestamps': [1.7832579524713416e+18, 1.7832579524663416e+18, 1.7832579526183416e+18, 1.7832579527923415e+18], 'frequencies': [2412, 2412, 2437, 2462]}
18 21 1783257953492750201
{'names': ['NU-AP05132', 'NU-AP06167', 'NU-AP06164', 'NU-AP06163'], 'addresses': ['48:00:b3:5f:61:e1', '48:00:b3:5e:0b:e0', '48:00:b3:5f:72:e0', '48:00:b3:5f:46:a0'], 'ssids': ['eduroam', 'iotroam', 'iotroam', 'iotroam'], 'signals': [-79, -71, -60, -57], 'timestamps': [1.7832579524713416e+18, 1.7832579524663416e+18, 1.7832579526183416e+18, 1.7832579527923415e+18], 'frequencies': [2412, 2412, 2437, 2462]}
18 22 1783257953546146053
{'names': ['NU-AP05132', 'NU-AP06167', 'NU-AP06164', 'NU-AP06163'], 'addresses': ['48:00:b3:5f:61:e1', '48:00:b3:5e:0b:e0', '48:00:b3:5f:72:e0', '48:00:b3:5f:46:a0'], 'ssids': ['eduroam', 'iotroam', 'iotroam', 'iotroam'], 'signals': [-79, -71, -60, -57], 'timestamps': [1.7832579524713416e+18, 1.7832579524663416e+18, 1.7832579526183416e+18, 1.7832579527923415e+18], 'frequencies': [2412, 2412, 2437, 2462]}
18 23 1783257953600231887
{'names': ['NU-AP05132', 'NU-AP06167', 'NU-AP06164', 'NU-AP06163'], 'addresses': ['48:00:b3:5f:61:e1', '48:00:b3:5e:0b:e0', '48:00:b3:5f:72:e0', '48:00:b3:5f:46:a0'], 'ssids': ['eduroam', 'iotroam', 'iotroam', 'iotroam'], 'signals': [-79, -71, -60, -57], 'timestamps': [1.7832579524713416e+18, 1.7832579524663416e+18, 1.7832579526183416e+18, 1.7832579527923415e+18], 'frequencies': [2412, 2412, 2437, 2462]}
18 24 1783257953653178121
{'names': ['NU-AP05132', 'NU-AP06167', 'NU-AP06164', 'NU-AP06163'], 'addresses': ['48:00:b3:5f:61:e1', '48:00:b3:5e:0b:e0', '48:00:b3:5f:72:e0', '48:00:b3:5f:46:a0'], 'ssids': ['eduroam', 'iotroam', 'iotroam', 'iotroam'], 'signals': [-79, -71, -60, -57], 'timestamps': [1.7832579524713416e+18, 1.7832579524663416e+18, 1.7832579526183416e+18, 1.7832579527923415e+18], 'frequencies': [2412, 2412, 2437, 2462]}
18 25 1783257953704782207
{'names': ['NU-AP05132', 'NU-AP06167', 'NU-AP06164', 'NU-AP06163'], 'addresses': ['48:00:b3:5f:61:e1', '48:00:b3:5e:0b:e0', '48:00:b3:5f:72:e0', '48:00:b3:5f:46:a0'], 'ssids': ['eduroam', 'iotroam', 'iotroam', 'iotroam'], 'signals': [-79, -71, -60, -57], 'timestamps': [1.7832579524713416e+18, 1.7832579524663416e+18, 1.7832579526183416e+18, 1.7832579527923415e+18], 'frequencies': [2412, 2412, 2437, 2462]}
18 26 1783257953756853062
{'names': ['NU-AP05132', 'NU-AP06167', 'NU-AP06164', 'NU-AP06163'], 'addresses': ['48:00:b3:5f:61:e1', '48:00:b3:5e:0b:e0', '48:00:b3:5f:72:e0', '48:00:b3:5f:46:a0'], 'ssids': ['eduroam', 'iotroam', 'iotroam', 'iotroam'], 'signals': [-79, -71, -60, -57], 'timestamps': [1.7832579524713416e+18, 1.7832579524663416e+18, 1.7832579526183416e+18, 1.7832579527923415e+18], 'frequencies': [2412, 2412, 2437, 2462]}
18 27 1783257953809316171
{'names': ['NU-AP05132', 'NU-AP06167', 'NU-AP06164', 'NU-AP06163'], 'addresses': ['48:00:b3:5f:61:e1', '48:00:b3:5e:0b:e0', '48:00:b3:5f:72:e0', '48:00:b3:5f:46:a0'], 'ssids': ['eduroam', 'iotroam', 'iotroam', 'iotroam'], 'signals': [-79, -71, -60, -57], 'timestamps': [1.7832579524713416e+18, 1.7832579524663416e+18, 1.7832579526183416e+18, 1.7832579527923415e+18], 'frequencies': [2412, 2412, 2437, 2462]}
18 28 1783257953860892572
{'names': ['NU-AP05132', 'NU-AP06167', 'NU-AP06164', 'NU-AP06163'], 'addresses': ['48:00:b3:5f:61:e1', '48:00:b3:5e:0b:e0', '48:00:b3:5f:72:e0', '48:00:b3:5f:46:a0'], 'ssids': ['eduroam', 'iotroam', 'iotroam', 'iotroam'], 'signals': [-79, -71, -60, -57], 'timestamps': [1.7832579524713416e+18, 1.7832579524663416e+18, 1.7832579526183416e+18, 1.7832579527923415e+18], 'frequencies': [2412, 2412, 2437, 2462]}
18 29 1783257953914060797
{'names': ['NU-AP05132', 'NU-AP06167', 'NU-AP06164', 'NU-AP06163'], 'addresses': ['48:00:b3:5f:61:e1', '48:00:b3:5e:0b:e0', '48:00:b3:5f:72:e0', '48:00:b3:5f:46:a0'], 'ssids': ['eduroam', 'iotroam', 'iotroam', 'iotroam'], 'signals': [-79, -71, -60, -57], 'timestamps': [1.7832579524713416e+18, 1.7832579524663416e+18, 1.7832579526183416e+18, 1.7832579527923415e+18], 'frequencies': [2412, 2412, 2437, 2462]}
18 30 1783257953966873658
{'names': ['NU-AP05132', 'NU-AP06167', 'NU-AP06164', 'NU-AP06163'], 'addresses': ['48:00:b3:5f:61:e1', '48:00:b3:5e:0b:e0', '48:00:b3:5f:72:e0', '48:00:b3:5f:46:a0'], 'ssids': ['eduroam', 'iotroam', 'iotroam', 'iotroam'], 'signals': [-79, -71, -60, -57], 'timestamps': [1.7832579524713416e+18, 1.7832579524663416e+18, 1.7832579526183416e+18, 1.7832579527923415e+18], 'frequencies': [2412, 2412, 2437, 2462]}
18 31 1783257954018062067
{'names': ['NU-AP05132', 'NU-AP06167', 'NU-AP06164', 'NU-AP06163'], 'addresses': ['48:00:b3:5f:61:e1', '48:00:b3:5e:0b:e0', '48:00:b3:5f:72:e0', '48:00:b3:5f:46:a0'], 'ssids': ['eduroam', 'iotroam', 'iotroam', 'iotroam'], 'signals': [-79, -71, -60, -57], 'timestamps': [1.7832579524713416e+18, 1.7832579524663416e+18, 1.7832579526183416e+18, 1.7832579527923415e+18], 'frequencies': [2412, 2412, 2437, 2462]}
18 33 1783257954071728169
{'names': ['NU-AP05132', 'NU-AP06167', 'NU-AP06164', 'NU-AP06163', 'NU-AP06162'], 'addresses': ['48:00:b3:5f:61:e1', '48:00:b3:5e:0b:e0', '48:00:b3:5f:72:e0', '48:00:b3:5f:46:a0', '48:00:b3:5a:90:8d'], 'ssids': ['eduroam', 'iotroam', 'iotroam', 'iotroam', 'VU-Campusnet'], 'signals': [-79, -71, -60, -57, -74], 'timestamps': [1.7832579524713416e+18, 1.7832579524663416e+18, 1.7832579526183416e+18, 1.7832579527923415e+18, 1.7832579540697283e+18], 'frequencies': [2412, 2412, 2437, 2462, 5320]}
18 35 1783257954130478182
{'names': ['NU-AP05132', 'NU-AP06167', 'NU-AP06164', 'NU-AP06163', 'NU-AP06162', 'NU-AP06163'], 'addresses': ['48:00:b3:5f:61:e1', '48:00:b3:5e:0b:e0', '48:00:b3:5f:72:e0', '48:00:b3:5f:46:a0', '48:00:b3:5a:90:8d', '48:00:b3:5f:46:ad'], 'ssids': ['eduroam', 'iotroam', 'iotroam', 'iotroam', 'VU-Campusnet', 'VU-Campusnet'], 'signals': [-79, -71, -60, -57, -74, -60], 'timestamps': [1.7832579524713416e+18, 1.7832579524663416e+18, 1.7832579526183416e+18, 1.7832579527923415e+18, 1.783257954070478e+18, 1.783257954083478e+18], 'frequencies': [2412, 2412, 2437, 2462, 5320, 5500]}
18 38 1783257954425819418
{'names': ['NU-AP05132', 'NU-AP06167', 'NU-AP06164', 'NU-AP06163', 'NU-AP06162', 'NU-AP06163', 'NU-AP06164'], 'addresses': ['48:00:b3:5f:61:e1', '48:00:b3:5e:0b:e0', '48:00:b3:5f:72:e0', '48:00:b3:5f:46:a0', '48:00:b3:5a:90:8d', '48:00:b3:5f:46:ad', '48:00:b3:5f:72:ef'], 'ssids': ['eduroam', 'iotroam', 'iotroam', 'iotroam', 'VU-Campusnet', 'VU-Campusnet', 'iotroam'], 'signals': [-79, -71, -60, -57, -74, -60, -65], 'timestamps': [1.7832579524713416e+18, 1.7832579524663416e+18, 1.7832579526183416e+18, 1.7832579527923415e+18, 1.7832579540708193e+18, 1.7832579540838195e+18, 1.7832579543988193e+18], 'frequencies': [2412, 2412, 2437, 2462, 5320, 5500, 5540]}
18 41 1783257954670965622
{'names': ['NU-AP05132', 'NU-AP06167', 'NU-AP06164', 'NU-AP06163', 'NU-AP06162', 'NU-AP06163', 'NU-AP06164'], 'addresses': ['48:00:b3:5f:61:e1', '48:00:b3:5e:0b:e0', '48:00:b3:5f:72:e0', '48:00:b3:5f:46:a0', '48:00:b3:5a:90:8d', '48:00:b3:5f:46:ad', '48:00:b3:5f:72:ef'], 'ssids': ['eduroam', 'iotroam', 'iotroam', 'iotroam', 'VU-Campusnet', 'VU-Campusnet', 'iotroam'], 'signals': [-79, -71, -60, -57, -74, -60, -65], 'timestamps': [1.7832579524713416e+18, 1.7832579524663416e+18, 1.7832579526183416e+18, 1.7832579527923415e+18, 1.7832579540709655e+18, 1.7832579540839654e+18, 1.7832579543989655e+18], 'frequencies': [2412, 2412, 2437, 2462, 5320, 5500, 5540]}
18 42 1783257955336220064
{'names': ['NU-AP05132', 'NU-AP06167', 'NU-AP06164', 'NU-AP06163', 'NU-AP06162', 'NU-AP06163', 'NU-AP06164', 'NU-AP06167'], 'addresses': ['48:00:b3:5f:61:e1', '48:00:b3:5e:0b:e0', '48:00:b3:5f:72:e0', '48:00:b3:5f:46:a0', '48:00:b3:5a:90:8d', '48:00:b3:5f:46:ad', '48:00:b3:5f:72:ef', '48:00:b3:5e:0b:ef'], 'ssids': ['eduroam', 'iotroam', 'iotroam', 'iotroam', 'VU-Campusnet', 'VU-Campusnet', 'iotroam', 'iotroam'], 'signals': [-79, -71, -60, -57, -74, -60, -65, -79], 'timestamps': [1.7832579524713416e+18, 1.7832579524663416e+18, 1.7832579526183416e+18, 1.7832579527923415e+18, 1.7832579540709655e+18, 1.7832579540839654e+18, 1.7832579543989655e+18, 1.78325795529722e+18], 'frequencies': [2412, 2412, 2437, 2462, 5320, 5500, 5540, 5660]}
18 43 1783257955464680206
{'names': ['NU-AP05132', 'NU-AP06167', 'NU-AP06164', 'NU-AP06163', 'NU-AP06162', 'NU-AP06163', 'NU-AP06164', 'NU-AP06167'], 'addresses': ['48:00:b3:5f:61:e1', '48:00:b3:5e:0b:e0', '48:00:b3:5f:72:e0', '48:00:b3:5f:46:a0', '48:00:b3:5a:90:8d', '48:00:b3:5f:46:ad', '48:00:b3:5f:72:ef', '48:00:b3:5e:0b:ef'], 'ssids': ['eduroam', 'iotroam', 'iotroam', 'iotroam', 'VU-Campusnet', 'VU-Campusnet', 'iotroam', 'iotroam'], 'signals': [-79, -71, -60, -57, -74, -60, -65, -79], 'timestamps': [1.7832579524713416e+18, 1.7832579524663416e+18, 1.7832579526183416e+18, 1.7832579527923415e+18, 1.7832579540709655e+18, 1.7832579540839654e+18, 1.7832579543989655e+18, 1.7832579552976801e+18], 'frequencies': [2412, 2412, 2437, 2462, 5320, 5500, 5540, 5660]}
23 47 1783257956659920544
{'names': ['NU-AP05132', 'NU-AP06167', 'NU-AP06164', 'NU-AP06163', 'NU-AP06162', 'NU-AP06163', 'NU-AP06164', 'NU-AP06167', 'NU-AP07183'], 'addresses': ['48:00:b3:5f:61:e1', '48:00:b3:5e:0b:e0', '48:00:b3:5f:72:e0', '48:00:b3:5f:46:a0', '48:00:b3:5a:90:8d', '48:00:b3:5f:46:ad', '48:00:b3:5f:72:ef', '48:00:b3:5e:0b:ef', '48:00:b3:5f:70:22'], 'ssids': ['eduroam', 'iotroam', 'iotroam', 'iotroam', 'VU-Campusnet', 'VU-Campusnet', 'iotroam', 'iotroam', 'VU-Campusnet'], 'signals': [-79, -71, -60, -57, -74, -60, -65, -79, -73], 'timestamps': [1.7832579524719206e+18, 1.7832579524669207e+18, 1.7832579526189207e+18, 1.7832579527929206e+18, 1.7832579540719206e+18, 1.7832579540849206e+18, 1.7832579543999206e+18, 1.7832579552989207e+18, 1.7832579566599206e+18], 'frequencies': [2412, 2412, 2437, 2462, 5320, 5500, 5540, 5660, 2412]}
24 47 1783257956735162406
{'names': ['NU-AP05132', 'NU-AP06167', 'NU-AP06164', 'NU-AP06163', 'NU-AP06162', 'NU-AP06163', 'NU-AP06164', 'NU-AP06167', 'NU-AP07183'], 'addresses': ['48:00:b3:5f:61:e1', '48:00:b3:5e:0b:e0', '48:00:b3:5f:72:e0', '48:00:b3:5f:46:a0', '48:00:b3:5a:90:8d', '48:00:b3:5f:46:ad', '48:00:b3:5f:72:ef', '48:00:b3:5e:0b:ef', '48:00:b3:5f:70:22'], 'ssids': ['eduroam', 'iotroam', 'iotroam', 'iotroam', 'VU-Campusnet', 'VU-Campusnet', 'iotroam', 'iotroam', 'VU-Campusnet'], 'signals': [-79, -71, -60, -57, -74, -60, -65, -79, -73], 'timestamps': [1.7832579524719206e+18, 1.7832579524669207e+18, 1.7832579526189207e+18, 1.7832579527929206e+18, 1.7832579540719206e+18, 1.7832579540849206e+18, 1.7832579543999206e+18, 1.7832579552989207e+18, 1.7832579566601623e+18], 'frequencies': [2412, 2412, 2437, 2462, 5320, 5500, 5540, 5660, 2412]}
26 47 1783257956869519930
{'names': ['NU-AP05132', 'NU-AP06167', 'NU-AP06164', 'NU-AP06163', 'NU-AP06162', 'NU-AP06163', 'NU-AP06164', 'NU-AP06167', 'NU-AP07183', 'NU-AP06165'], 'addresses': ['48:00:b3:5f:61:e1', '48:00:b3:5e:0b:e0', '48:00:b3:5f:72:e0', '48:00:b3:5f:46:a0', '48:00:b3:5a:90:8d', '48:00:b3:5f:46:ad', '48:00:b3:5f:72:ef', '48:00:b3:5e:0b:ef', '48:00:b3:5f:70:22', '48:00:b3:5e:17:c2'], 'ssids': ['eduroam', 'iotroam', 'iotroam', 'iotroam', 'VU-Campusnet', 'VU-Campusnet', 'iotroam', 'iotroam', 'VU-Campusnet', 'VU-Campusnet'], 'signals': [-79, -71, -60, -57, -74, -60, -65, -79, -73, -75], 'timestamps': [1.7832579524719206e+18, 1.7832579524669207e+18, 1.7832579568155197e+18, 1.7832579527929206e+18, 1.7832579540719206e+18, 1.7832579540849206e+18, 1.7832579543999206e+18, 1.7832579552989207e+18, 1.7832579566601623e+18, 1.78325795681652e+18], 'frequencies': [2412, 2412, 2437, 2462, 5320, 5500, 5540, 5660, 2412, 2437]}
27 47 1783257957040516069
{'names': ['NU-AP05132', 'NU-AP06167', 'NU-AP06164', 'NU-AP06163', 'NU-AP06162', 'NU-AP06163', 'NU-AP06164', 'NU-AP06167', 'NU-AP07183', 'NU-AP06165'], 'addresses': ['48:00:b3:5f:61:e1', '48:00:b3:5e:0b:e0', '48:00:b3:5f:72:e0', '48:00:b3:5f:46:a0', '48:00:b3:5a:90:8d', '48:00:b3:5f:46:ad', '48:00:b3:5f:72:ef', '48:00:b3:5e:0b:ef', '48:00:b3:5f:70:22', '48:00:b3:5e:17:c2'], 'ssids': ['eduroam', 'iotroam', 'iotroam', 'iotroam', 'VU-Campusnet', 'VU-Campusnet', 'iotroam', 'iotroam', 'VU-Campusnet', 'VU-Campusnet'], 'signals': [-79, -71, -60, -57, -74, -60, -65, -79, -73, -75], 'timestamps': [1.7832579524719206e+18, 1.7832579524669207e+18, 1.7832579568155197e+18, 1.783257956964516e+18, 1.7832579540719206e+18, 1.7832579540849206e+18, 1.7832579543999206e+18, 1.7832579552989207e+18, 1.7832579566601623e+18, 1.78325795681652e+18], 'frequencies': [2412, 2412, 2437, 2462, 5320, 5500, 5540, 5660, 2412, 2437]}
31 47 1783257957110309872
{'names': ['NU-AP05132', 'NU-AP06167', 'NU-AP06164', 'NU-AP06163', 'NU-AP06162', 'NU-AP06163', 'NU-AP06164', 'NU-AP06167', 'NU-AP07183', 'NU-AP06165'], 'addresses': ['48:00:b3:5f:61:e1', '48:00:b3:5e:0b:e0', '48:00:b3:5f:72:e0', '48:00:b3:5f:46:a0', '48:00:b3:5a:90:8d', '48:00:b3:5f:46:ad', '48:00:b3:5f:72:ef', '48:00:b3:5e:0b:ef', '48:00:b3:5f:70:22', '48:00:b3:5e:17:c2'], 'ssids': ['eduroam', 'iotroam', 'iotroam', 'iotroam', 'VU-Campusnet', 'VU-Campusnet', 'iotroam', 'iotroam', 'VU-Campusnet', 'VU-Campusnet'], 'signals': [-79, -71, -60, -57, -74, -60, -65, -79, -73, -75], 'timestamps': [1.7832579524719206e+18, 1.7832579524669207e+18, 1.7832579568163098e+18, 1.78325795696531e+18, 1.7832579540719206e+18, 1.7832579540849206e+18, 1.7832579543999206e+18, 1.7832579552989207e+18, 1.78325795666031e+18, 1.78325795681731e+18], 'frequencies': [2412, 2412, 2437, 2462, 5320, 5500, 5540, 5660, 2412, 2437]}
35 47 1783257957182359568
{'names': ['NU-AP05132', 'NU-AP06167', 'NU-AP06164', 'NU-AP06163', 'NU-AP06162', 'NU-AP06163', 'NU-AP06164', 'NU-AP06167', 'NU-AP07183', 'NU-AP06165'], 'addresses': ['48:00:b3:5f:61:e1', '48:00:b3:5e:0b:e0', '48:00:b3:5f:72:e0', '48:00:b3:5f:46:a0', '48:00:b3:5a:90:8d', '48:00:b3:5f:46:ad', '48:00:b3:5f:72:ef', '48:00:b3:5e:0b:ef', '48:00:b3:5f:70:22', '48:00:b3:5e:17:c2'], 'ssids': ['eduroam', 'iotroam', 'iotroam', 'iotroam', 'VU-Campusnet', 'VU-Campusnet', 'iotroam', 'iotroam', 'VU-Campusnet', 'VU-Campusnet'], 'signals': [-79, -71, -60, -57, -74, -60, -65, -79, -73, -75], 'timestamps': [1.7832579524719206e+18, 1.7832579524669207e+18, 1.7832579568163594e+18, 1.7832579569653596e+18, 1.7832579540719206e+18, 1.7832579540849206e+18, 1.7832579543999206e+18, 1.7832579552989207e+18, 1.7832579566603597e+18, 1.7832579568173596e+18], 'frequencies': [2412, 2412, 2437, 2462, 5320, 5500, 5540, 5660, 2412, 2437]}
39 47 1783257957392606732
{'names': ['NU-AP05132', 'NU-AP06167', 'NU-AP06164', 'NU-AP06163', 'NU-AP06162', 'NU-AP06163', 'NU-AP06164', 'NU-AP06167', 'NU-AP07183', 'NU-AP06165'], 'addresses': ['48:00:b3:5f:61:e1', '48:00:b3:5e:0b:e0', '48:00:b3:5f:72:e0', '48:00:b3:5f:46:a0', '48:00:b3:5a:90:8d', '48:00:b3:5f:46:ad', '48:00:b3:5f:72:ef', '48:00:b3:5e:0b:ef', '48:00:b3:5f:70:22', '48:00:b3:5e:17:c2'], 'ssids': ['eduroam', 'iotroam', 'iotroam', 'iotroam', 'VU-Campusnet', 'VU-Campusnet', 'iotroam', 'iotroam', 'VU-Campusnet', 'VU-Campusnet'], 'signals': [-79, -71, -60, -57, -74, -60, -65, -79, -73, -75], 'timestamps': [1.7832579524719206e+18, 1.7832579524669207e+18, 1.7832579568166067e+18, 1.7832579569656067e+18, 1.7832579540719206e+18, 1.7832579540849206e+18, 1.7832579543999206e+18, 1.7832579552989207e+18, 1.7832579566606067e+18, 1.7832579568176067e+18], 'frequencies': [2412, 2412, 2437, 2462, 5320, 5500, 5540, 5660, 2412, 2437]}
39 48 1783257958338506584
{'names': ['NU-AP05132', 'NU-AP06167', 'NU-AP06164', 'NU-AP06163', 'NU-AP06162', 'NU-AP06163', 'NU-AP06164', 'NU-AP06167', 'NU-AP07183', 'NU-AP06165'], 'addresses': ['48:00:b3:5f:61:e1', '48:00:b3:5e:0b:e0', '48:00:b3:5f:72:e0', '48:00:b3:5f:46:a0', '48:00:b3:5a:90:8d', '48:00:b3:5f:46:ad', '48:00:b3:5f:72:ef', '48:00:b3:5e:0b:ef', '48:00:b3:5f:70:22', '48:00:b3:5e:17:c2'], 'ssids': ['eduroam', 'iotroam', 'iotroam', 'iotroam', 'VU-Campusnet', 'VU-Campusnet', 'iotroam', 'iotroam', 'VU-Campusnet', 'VU-Campusnet'], 'signals': [-79, -71, -60, -57, -73, -60, -65, -79, -73, -75], 'timestamps': [1.7832579524719206e+18, 1.7832579524669207e+18, 1.7832579568166067e+18, 1.7832579569656067e+18, 1.7832579583345065e+18, 1.7832579540849206e+18, 1.7832579543999206e+18, 1.7832579552989207e+18, 1.7832579566606067e+18, 1.7832579568176067e+18], 'frequencies': [2412, 2412, 2437, 2462, 5320, 5500, 5540, 5660, 2412, 2437]}
39 49 1783257958408439532
{'names': ['NU-AP05132', 'NU-AP06167', 'NU-AP06164', 'NU-AP06163', 'NU-AP06162', 'NU-AP06163', 'NU-AP06164', 'NU-AP06167', 'NU-AP07183', 'NU-AP06165'], 'addresses': ['48:00:b3:5f:61:e1', '48:00:b3:5e:0b:e0', '48:00:b3:5f:72:e0', '48:00:b3:5f:46:a0', '48:00:b3:5a:90:8d', '48:00:b3:5f:46:ae', '48:00:b3:5f:72:ef', '48:00:b3:5e:0b:ef', '48:00:b3:5f:70:22', '48:00:b3:5e:17:c2'], 'ssids': ['eduroam', 'iotroam', 'iotroam', 'iotroam', 'VU-Campusnet', 'eduroam', 'iotroam', 'iotroam', 'VU-Campusnet', 'VU-Campusnet'], 'signals': [-79, -71, -60, -57, -73, -61, -65, -79, -73, -75], 'timestamps': [1.7832579524719206e+18, 1.7832579524669207e+18, 1.7832579568166067e+18, 1.7832579569656067e+18, 1.7832579583345065e+18, 1.7832579583784397e+18, 1.7832579543999206e+18, 1.7832579552989207e+18, 1.7832579566606067e+18, 1.7832579568176067e+18], 'frequencies': [2412, 2412, 2437, 2462, 5320, 5500, 5540, 5660, 2412, 2437]}
39 51 1783257958481039061
{'names': ['NU-AP06164', 'NU-AP06163', 'NU-AP06162', 'NU-AP06163', 'NU-AP06164', 'NU-AP06167', 'NU-AP07183', 'NU-AP06165'], 'addresses': ['48:00:b3:5f:72:e0', '48:00:b3:5f:46:a0', '48:00:b3:5a:90:8d', '48:00:b3:5f:46:ae', '48:00:b3:5f:72:ef', '48:00:b3:5e:0b:ef', '48:00:b3:5f:70:22', '48:00:b3:5e:17:c2'], 'ssids': ['iotroam', 'iotroam', 'VU-Campusnet', 'eduroam', 'iotroam', 'iotroam', 'VU-Campusnet', 'VU-Campusnet'], 'signals': [-60, -57, -73, -61, -65, -79, -73, -75], 'timestamps': [1.7832579568166067e+18, 1.7832579569656067e+18, 1.783257958335039e+18, 1.7832579583790392e+18, 1.7832579543999206e+18, 1.7832579552989207e+18, 1.7832579566606067e+18, 1.7832579568176067e+18], 'frequencies': [2437, 2462, 5320, 5500, 5540, 5660, 2412, 2437]}
41 51 1783257958554983249
{'names': ['NU-AP06164', 'NU-AP06163', 'NU-AP06162', 'NU-AP06163', 'NU-AP06164', 'NU-AP06167', 'NU-AP07183', 'NU-AP06165'], 'addresses': ['48:00:b3:5f:72:e0', '48:00:b3:5f:46:a0', '48:00:b3:5a:90:8d', '48:00:b3:5f:46:ae', '48:00:b3:5f:72:ef', '48:00:b3:5e:0b:ef', '48:00:b3:5f:70:22', '48:00:b3:5e:17:c2'], 'ssids': ['iotroam', 'iotroam', 'VU-Campusnet', 'eduroam', 'iotroam', 'iotroam', 'VU-Campusnet', 'VU-Campusnet'], 'signals': [-60, -57, -73, -61, -65, -79, -73, -75], 'timestamps': [1.7832579568166067e+18, 1.7832579569656067e+18, 1.783257958335039e+18, 1.7832579583790392e+18, 1.7832579543999206e+18, 1.7832579552989207e+18, 1.7832579566606067e+18, 1.7832579568176067e+18], 'frequencies': [2437, 2462, 5320, 5500, 5540, 5660, 2412, 2437]}
43 51 1783257958631683296
{'names': ['NU-AP06164', 'NU-AP06163', 'NU-AP06162', 'NU-AP06163', 'NU-AP06164', 'NU-AP06167', 'NU-AP07183', 'NU-AP06165'], 'addresses': ['48:00:b3:5f:72:e0', '48:00:b3:5f:46:a0', '48:00:b3:5a:90:8d', '48:00:b3:5f:46:ae', '48:00:b3:5f:72:ef', '48:00:b3:5e:0b:ef', '48:00:b3:5f:70:22', '48:00:b3:5e:17:c2'], 'ssids': ['iotroam', 'iotroam', 'VU-Campusnet', 'eduroam', 'iotroam', 'iotroam', 'VU-Campusnet', 'VU-Campusnet'], 'signals': [-60, -57, -73, -61, -65, -79, -73, -75], 'timestamps': [1.7832579568166067e+18, 1.7832579569656067e+18, 1.783257958335039e+18, 1.7832579583790392e+18, 1.7832579543999206e+18, 1.7832579552989207e+18, 1.7832579566606067e+18, 1.7832579568176067e+18], 'frequencies': [2437, 2462, 5320, 5500, 5540, 5660, 2412, 2437]}
45 52 1783257958705540946
{'names': ['NU-AP06164', 'NU-AP06163', 'NU-AP06162', 'NU-AP06163', 'NU-AP06164', 'NU-AP06167', 'NU-AP07183', 'NU-AP06165'], 'addresses': ['48:00:b3:5f:72:e0', '48:00:b3:5f:46:a0', '48:00:b3:5a:90:8d', '48:00:b3:5f:46:ae', '48:00:b3:5f:72:ef', '48:00:b3:5e:0b:ef', '48:00:b3:5f:70:22', '48:00:b3:5e:17:c2'], 'ssids': ['iotroam', 'iotroam', 'VU-Campusnet', 'eduroam', 'iotroam', 'iotroam', 'VU-Campusnet', 'VU-Campusnet'], 'signals': [-60, -57, -73, -61, -66, -79, -73, -75], 'timestamps': [1.7832579568166067e+18, 1.7832579569656067e+18, 1.783257958335039e+18, 1.7832579583790392e+18, 1.7832579586415409e+18, 1.7832579552989207e+18, 1.7832579566606067e+18, 1.7832579568176067e+18], 'frequencies': [2437, 2462, 5320, 5500, 5540, 5660, 2412, 2437]}
47 53 1783257958778658963
{'names': ['NU-AP06164', 'NU-AP06163', 'NU-AP06162', 'NU-AP06163', 'NU-AP06164', 'NU-AP06167', 'NU-AP07183', 'NU-AP06165'], 'addresses': ['48:00:b3:5f:72:e0', '48:00:b3:5f:46:a0', '48:00:b3:5a:90:8d', '48:00:b3:5f:46:ae', '48:00:b3:5f:72:ef', '48:00:b3:5e:0b:ef', '48:00:b3:5f:70:22', '48:00:b3:5e:17:c2'], 'ssids': ['iotroam', 'iotroam', 'VU-Campusnet', 'eduroam', 'iotroam', 'iotroam', 'VU-Campusnet', 'VU-Campusnet'], 'signals': [-60, -57, -73, -61, -66, -79, -73, -75], 'timestamps': [1.7832579568166067e+18, 1.7832579569656067e+18, 1.783257958335039e+18, 1.7832579583790392e+18, 1.7832579586416591e+18, 1.7832579552989207e+18, 1.7832579566606067e+18, 1.7832579568176067e+18], 'frequencies': [2437, 2462, 5320, 5500, 5540, 5660, 2412, 2437]}
