in the second of 16:31:15:
	220 new cells on 2.4GHz, 231 new cells on 5 GHz
	0 new predictions on 2.4GHz, 62 new predictions on 5 GHz
in the second of 16:31:16:
	279 new cells on 2.4GHz, 443 new cells on 5 GHz
	9 new predictions on 2.4GHz, 60 new predictions on 5 GHz
in the second of 16:31:17:
	75 new cells on 2.4GHz, 138 new cells on 5 GHz
	12 new predictions on 2.4GHz, 12 new predictions on 5 GHz
in the second of 16:31:18:
	166 new cells on 2.4GHz, 257 new cells on 5 GHz
	20 new predictions on 2.4GHz, 20 new predictions on 5 GHz
24-ALL-tri
[(12.124, 27.700, 46.108), (10.208517248045922, 8.5), 37.656928401045064, 1783261877001255370, ['NU-AP06163', 'NU-AP06162', 'NU-AP06164'], [(16.350, 27.700, 50.030), (10.830, 27.700, 31.890), (2.960, 27.700, 44.930)], [-60, -74, -69]]
[(12.124, 27.700, 46.108), (12.399356286860723, 8.5), 37.60918142188573, 1783261877065283234, ['NU-AP06163', 'NU-AP06162', 'NU-AP06164'], [(16.350, 27.700, 50.030), (10.830, 27.700, 31.890), (2.960, 27.700, 44.930)], [-60, -74, -69]]
[(12.124, 27.700, 46.108), (16.821920042220967, 8.5), 37.90045115030359, 1783261877194533857, ['NU-AP06163', 'NU-AP06162', 'NU-AP06164'], [(16.350, 27.700, 50.030), (10.830, 27.700, 31.890), (2.960, 27.700, 44.930)], [-60, -74, -69]]
[(12.124, 27.700, 46.108), (19.19532348060035, 8.5), 38.267177116458484, 1783261877263897215, ['NU-AP06163', 'NU-AP06162', 'NU-AP06164'], [(16.350, 27.700, 50.030), (10.830, 27.700, 31.890), (2.960, 27.700, 44.930)], [-60, -74, -69]]
[(12.124, 27.700, 46.108), (34.68814072195606, 8.5), 43.85784202482039, 1783261877716678993, ['NU-AP06163', 'NU-AP06162', 'NU-AP06164'], [(16.350, 27.700, 50.030), (10.830, 27.700, 31.890), (2.960, 27.700, 44.930)], [-60, -74, -69]]
[(12.124, 27.700, 46.108), (37.04081791947597, 8.5), 45.11338121127412, 1783261877785436621, ['NU-AP06163', 'NU-AP06162', 'NU-AP06164'], [(16.350, 27.700, 50.030), (10.830, 27.700, 31.890), (2.960, 27.700, 44.930)], [-60, -74, -69]]
[(12.124, 27.700, 46.108), (49.34052855751112, 41.023674016342454), 37.562135842245105, 1783261878893500315, ['NU-AP06163', 'NU-AP06162', 'NU-AP06164'], [(16.350, 27.700, 50.030), (10.830, 27.700, 31.890), (2.960, 27.700, 44.930)], [-60, -74, -69]]
[(12.124, 27.700, 46.108), (50.60340964219136, 46.262291849090076), 38.47960957761033, 1783261879050986254, ['NU-AP06163', 'NU-AP06162', 'NU-AP06164'], [(16.350, 27.700, 50.030), (10.830, 27.700, 31.890), (2.960, 27.700, 44.930)], [-60, -74, -69]]
[(12.124, 27.700, 46.108), (51.152702198385, 48.5408387488563), 39.10433438003518, 1783261879119485066, ['NU-AP06163', 'NU-AP06162', 'NU-AP06164'], [(16.350, 27.700, 50.030), (10.830, 27.700, 31.890), (2.960, 27.700, 44.930)], [-60, -74, -69]]
[(12.124, 27.700, 46.108), (52.27078958757701, 53.17883088180095), 40.764570061747065, 1783261879258914696, ['NU-AP06163', 'NU-AP06162', 'NU-AP06164'], [(16.350, 27.700, 50.030), (10.830, 27.700, 31.890), (2.960, 27.700, 44.930)], [-60, -74, -69]]
[(12.124, 27.700, 46.108), (53.36957739644237, 57.73676549635353), 42.85338754084389, 1783261879395937597, ['NU-AP06163', 'NU-AP06162', 'NU-AP06164'], [(16.350, 27.700, 50.030), (10.830, 27.700, 31.890), (2.960, 27.700, 44.930)], [-60, -74, -69]]
[(11.468, 27.700, 47.371), (13.029260357213158, 64.5), 17.199985635883507, 1783261880825863550, ['NU-AP06163', 'NU-AP06162', 'NU-AP06164'], [(16.350, 27.700, 50.030), (10.830, 27.700, 31.890), (2.960, 27.700, 44.930)], [-62, -75, -69]]
[(11.468, 27.700, 47.371), (8.120712497923558, 64.5), 17.45285646558346, 1783261880969317190, ['NU-AP06163', 'NU-AP06162', 'NU-AP06164'], [(16.350, 27.700, 50.030), (10.830, 27.700, 31.890), (2.960, 27.700, 44.930)], [-62, -75, -69]]
[(11.468, 27.700, 47.371), (5.618401647979818, 64.5), 18.100098687124607, 1783261881042447902, ['NU-AP06163', 'NU-AP06162', 'NU-AP06164'], [(16.350, 27.700, 50.030), (10.830, 27.700, 31.890), (2.960, 27.700, 44.930)], [-62, -75, -69]]
[(11.468, 27.700, 47.371), (2.9999999999999885, 64.5), 19.10760594350258, 1783261881118971399, ['NU-AP06163', 'NU-AP06162', 'NU-AP06164'], [(16.350, 27.700, 50.030), (10.830, 27.700, 31.890), (2.960, 27.700, 44.930)], [-62, -75, -69]]
24-80-tri
[(12.124, 27.700, 46.108), (10.208517248045922, 8.5), 37.656928401045064, 1783261877001255370, ['NU-AP06163', 'NU-AP06162', 'NU-AP06164'], [(16.350, 27.700, 50.030), (10.830, 27.700, 31.890), (2.960, 27.700, 44.930)], [-60, -74, -69]]
[(12.124, 27.700, 46.108), (12.399356286860723, 8.5), 37.60918142188573, 1783261877065283234, ['NU-AP06163', 'NU-AP06162', 'NU-AP06164'], [(16.350, 27.700, 50.030), (10.830, 27.700, 31.890), (2.960, 27.700, 44.930)], [-60, -74, -69]]
[(12.124, 27.700, 46.108), (16.821920042220967, 8.5), 37.90045115030359, 1783261877194533857, ['NU-AP06163', 'NU-AP06162', 'NU-AP06164'], [(16.350, 27.700, 50.030), (10.830, 27.700, 31.890), (2.960, 27.700, 44.930)], [-60, -74, -69]]
[(12.124, 27.700, 46.108), (19.19532348060035, 8.5), 38.267177116458484, 1783261877263897215, ['NU-AP06163', 'NU-AP06162', 'NU-AP06164'], [(16.350, 27.700, 50.030), (10.830, 27.700, 31.890), (2.960, 27.700, 44.930)], [-60, -74, -69]]
[(12.124, 27.700, 46.108), (34.68814072195606, 8.5), 43.85784202482039, 1783261877716678993, ['NU-AP06163', 'NU-AP06162', 'NU-AP06164'], [(16.350, 27.700, 50.030), (10.830, 27.700, 31.890), (2.960, 27.700, 44.930)], [-60, -74, -69]]
[(12.124, 27.700, 46.108), (37.04081791947597, 8.5), 45.11338121127412, 1783261877785436621, ['NU-AP06163', 'NU-AP06162', 'NU-AP06164'], [(16.350, 27.700, 50.030), (10.830, 27.700, 31.890), (2.960, 27.700, 44.930)], [-60, -74, -69]]
[(12.124, 27.700, 46.108), (49.34052855751112, 41.023674016342454), 37.562135842245105, 1783261878893500315, ['NU-AP06163', 'NU-AP06162', 'NU-AP06164'], [(16.350, 27.700, 50.030), (10.830, 27.700, 31.890), (2.960, 27.700, 44.930)], [-60, -74, -69]]
[(12.124, 27.700, 46.108), (50.60340964219136, 46.262291849090076), 38.47960957761033, 1783261879050986254, ['NU-AP06163', 'NU-AP06162', 'NU-AP06164'], [(16.350, 27.700, 50.030), (10.830, 27.700, 31.890), (2.960, 27.700, 44.930)], [-60, -74, -69]]
[(12.124, 27.700, 46.108), (51.152702198385, 48.5408387488563), 39.10433438003518, 1783261879119485066, ['NU-AP06163', 'NU-AP06162', 'NU-AP06164'], [(16.350, 27.700, 50.030), (10.830, 27.700, 31.890), (2.960, 27.700, 44.930)], [-60, -74, -69]]
[(12.124, 27.700, 46.108), (52.27078958757701, 53.17883088180095), 40.764570061747065, 1783261879258914696, ['NU-AP06163', 'NU-AP06162', 'NU-AP06164'], [(16.350, 27.700, 50.030), (10.830, 27.700, 31.890), (2.960, 27.700, 44.930)], [-60, -74, -69]]
[(12.124, 27.700, 46.108), (53.36957739644237, 57.73676549635353), 42.85338754084389, 1783261879395937597, ['NU-AP06163', 'NU-AP06162', 'NU-AP06164'], [(16.350, 27.700, 50.030), (10.830, 27.700, 31.890), (2.960, 27.700, 44.930)], [-60, -74, -69]]
[(11.468, 27.700, 47.371), (13.029260357213158, 64.5), 17.199985635883507, 1783261880825863550, ['NU-AP06163', 'NU-AP06162', 'NU-AP06164'], [(16.350, 27.700, 50.030), (10.830, 27.700, 31.890), (2.960, 27.700, 44.930)], [-62, -75, -69]]
[(11.468, 27.700, 47.371), (8.120712497923558, 64.5), 17.45285646558346, 1783261880969317190, ['NU-AP06163', 'NU-AP06162', 'NU-AP06164'], [(16.350, 27.700, 50.030), (10.830, 27.700, 31.890), (2.960, 27.700, 44.930)], [-62, -75, -69]]
[(11.468, 27.700, 47.371), (5.618401647979818, 64.5), 18.100098687124607, 1783261881042447902, ['NU-AP06163', 'NU-AP06162', 'NU-AP06164'], [(16.350, 27.700, 50.030), (10.830, 27.700, 31.890), (2.960, 27.700, 44.930)], [-62, -75, -69]]
[(11.468, 27.700, 47.371), (2.9999999999999885, 64.5), 19.10760594350258, 1783261881118971399, ['NU-AP06163', 'NU-AP06162', 'NU-AP06164'], [(16.350, 27.700, 50.030), (10.830, 27.700, 31.890), (2.960, 27.700, 44.930)], [-62, -75, -69]]
24-70-tri
24-67-tri
50-ALL-tri
[(9.877, 27.700, 47.461), (3.0, 57.84208990210372), 12.4524445202324, 1783261875348548567, ['NU-AP06163', 'NU-AP06167', 'NU-AP06164'], [(16.350, 27.700, 50.030), (6.580, 27.700, 59.750), (2.960, 27.700, 44.930)], [-55, -72, -60]]
[(9.877, 27.700, 47.461), (3.0, 56.100097381372635), 11.042157391315987, 1783261875399458770, ['NU-AP06163', 'NU-AP06167', 'NU-AP06164'], [(16.350, 27.700, 50.030), (6.580, 27.700, 59.750), (2.960, 27.700, 44.930)], [-55, -72, -60]]
[(9.877, 27.700, 47.461), (3.0, 54.306723026929944), 9.703505377248392, 1783261875451870621, ['NU-AP06163', 'NU-AP06167', 'NU-AP06164'], [(16.350, 27.700, 50.030), (6.580, 27.700, 59.750), (2.960, 27.700, 44.930)], [-55, -72, -60]]
[(9.877, 27.700, 47.461), (3.0, 52.50073848989537), 8.525954809069729, 1783261875504651008, ['NU-AP06163', 'NU-AP06167', 'NU-AP06164'], [(16.350, 27.700, 50.030), (6.580, 27.700, 59.750), (2.960, 27.700, 44.930)], [-55, -72, -60]]
[(9.877, 27.700, 47.461), (3.0, 50.66914720973338), 7.588411037054791, 1783261875558179759, ['NU-AP06163', 'NU-AP06167', 'NU-AP06164'], [(16.350, 27.700, 50.030), (6.580, 27.700, 59.750), (2.960, 27.700, 44.930)], [-55, -72, -60]]
[(9.877, 27.700, 47.461), (3.0, 48.81124944955534), 7.008121184693617, 1783261875612477324, ['NU-AP06163', 'NU-AP06167', 'NU-AP06164'], [(16.350, 27.700, 50.030), (6.580, 27.700, 59.750), (2.960, 27.700, 44.930)], [-55, -72, -60]]
[(9.877, 27.700, 47.461), (3.0, 46.98691230236872), 6.893053381613489, 1783261875665794071, ['NU-AP06163', 'NU-AP06167', 'NU-AP06164'], [(16.350, 27.700, 50.030), (6.580, 27.700, 59.750), (2.960, 27.700, 44.930)], [-55, -72, -60]]
[(9.877, 27.700, 47.461), (3.0, 45.23316967662198), 7.228522362872067, 1783261875717047674, ['NU-AP06163', 'NU-AP06167', 'NU-AP06164'], [(16.350, 27.700, 50.030), (6.580, 27.700, 59.750), (2.960, 27.700, 44.930)], [-55, -72, -60]]
[(9.877, 27.700, 47.461), (4.135597204431253, 44.5), 6.45960523728609, 1783261875771662892, ['NU-AP06163', 'NU-AP06167', 'NU-AP06164'], [(16.350, 27.700, 50.030), (6.580, 27.700, 59.750), (2.960, 27.700, 44.930)], [-55, -72, -60]]
[(9.877, 27.700, 47.461), (5.938957471506093, 44.5), 4.926648413709358, 1783261875824366584, ['NU-AP06163', 'NU-AP06167', 'NU-AP06164'], [(16.350, 27.700, 50.030), (6.580, 27.700, 59.750), (2.960, 27.700, 44.930)], [-55, -72, -60]]
[(9.877, 27.700, 47.461), (7.808472506450329, 44.5), 3.611567003507772, 1783261875879003667, ['NU-AP06163', 'NU-AP06167', 'NU-AP06164'], [(16.350, 27.700, 50.030), (6.580, 27.700, 59.750), (2.960, 27.700, 44.930)], [-55, -72, -60]]
[(9.877, 27.700, 47.461), (9.0, 43.84741701369981), 3.718114230442605, 1783261875932898295, ['NU-AP06163', 'NU-AP06167', 'NU-AP06164'], [(16.350, 27.700, 50.030), (6.580, 27.700, 59.750), (2.960, 27.700, 44.930)], [-55, -72, -60]]
[(9.877, 27.700, 47.461), (9.0, 42.08303647109531), 5.448647372637425, 1783261875984462794, ['NU-AP06163', 'NU-AP06167', 'NU-AP06164'], [(16.350, 27.700, 50.030), (6.580, 27.700, 59.750), (2.960, 27.700, 44.930)], [-55, -72, -60]]
[(9.877, 27.700, 47.461), (9.0, 40.324626480541745), 7.189712951885606, 1783261876035852802, ['NU-AP06163', 'NU-AP06167', 'NU-AP06164'], [(16.350, 27.700, 50.030), (6.580, 27.700, 59.750), (2.960, 27.700, 44.930)], [-55, -72, -60]]
[(9.877, 27.700, 47.461), (9.0, 38.51494456116098), 8.988598299710333, 1783261876088741246, ['NU-AP06163', 'NU-AP06167', 'NU-AP06164'], [(16.350, 27.700, 50.030), (6.580, 27.700, 59.750), (2.960, 27.700, 44.930)], [-55, -72, -60]]
[(9.877, 27.700, 47.461), (9.0, 36.695914020079684), 10.800412391696572, 1783261876141902906, ['NU-AP06163', 'NU-AP06167', 'NU-AP06164'], [(16.350, 27.700, 50.030), (6.580, 27.700, 59.750), (2.960, 27.700, 44.930)], [-55, -72, -60]]
[(9.877, 27.700, 47.461), (9.0, 34.855867249379436), 12.635269294060995, 1783261876195678771, ['NU-AP06163', 'NU-AP06167', 'NU-AP06164'], [(16.350, 27.700, 50.030), (6.580, 27.700, 59.750), (2.960, 27.700, 44.930)], [-55, -72, -60]]
[(9.877, 27.700, 47.461), (9.0, 33.08953380784173), 14.39786695247747, 1783261876247300344, ['NU-AP06163', 'NU-AP06167', 'NU-AP06164'], [(16.350, 27.700, 50.030), (6.580, 27.700, 59.750), (2.960, 27.700, 44.930)], [-55, -72, -60]]
[(9.877, 27.700, 47.461), (9.0, 31.30246611867527), 16.18198411935327, 1783261876299527881, ['NU-AP06163', 'NU-AP06167', 'NU-AP06164'], [(16.350, 27.700, 50.030), (6.580, 27.700, 59.750), (2.960, 27.700, 44.930)], [-55, -72, -60]]
[(9.877, 27.700, 47.461), (9.0, 29.515710556643207), 17.96637600703416, 1783261876351746296, ['NU-AP06163', 'NU-AP06167', 'NU-AP06164'], [(16.350, 27.700, 50.030), (6.580, 27.700, 59.750), (2.960, 27.700, 44.930)], [-55, -72, -60]]
[(9.877, 27.700, 47.461), (9.0, 27.690786964931654), 19.789325746769485, 1783261876405080182, ['NU-AP06163', 'NU-AP06167', 'NU-AP06164'], [(16.350, 27.700, 50.030), (6.580, 27.700, 59.750), (2.960, 27.700, 44.930)], [-55, -72, -60]]
[(9.877, 27.700, 47.461), (9.0, 25.88655115421343), 21.59193790953288, 1783261876457809462, ['NU-AP06163', 'NU-AP06167', 'NU-AP06164'], [(16.350, 27.700, 50.030), (6.580, 27.700, 59.750), (2.960, 27.700, 44.930)], [-55, -72, -60]]
[(9.877, 27.700, 47.461), (9.0, 24.09806955171132), 23.379057262770896, 1783261876510078321, ['NU-AP06163', 'NU-AP06167', 'NU-AP06164'], [(16.350, 27.700, 50.030), (6.580, 27.700, 59.750), (2.960, 27.700, 44.930)], [-55, -72, -60]]
[(9.877, 27.700, 47.461), (9.0, 22.232214465756005), 25.243696821959997, 1783261876564608441, ['NU-AP06163', 'NU-AP06167', 'NU-AP06164'], [(16.350, 27.700, 50.030), (6.580, 27.700, 59.750), (2.960, 27.700, 44.930)], [-55, -72, -60]]
[(9.877, 27.700, 47.461), (9.0, 19.912844025580725), 27.561785654782625, 1783261876632392670, ['NU-AP06163', 'NU-AP06167', 'NU-AP06164'], [(16.350, 27.700, 50.030), (6.580, 27.700, 59.750), (2.960, 27.700, 44.930)], [-55, -72, -60]]
[(9.877, 27.700, 47.461), (9.0, 17.431169733837027), 30.042307740966294, 1783261876704920273, ['NU-AP06163', 'NU-AP06167', 'NU-AP06164'], [(16.350, 27.700, 50.030), (6.580, 27.700, 59.750), (2.960, 27.700, 44.930)], [-55, -72, -60]]
[(9.877, 27.700, 47.461), (9.0, 15.537239014022504), 31.935479588055884, 1783261876760270911, ['NU-AP06163', 'NU-AP06167', 'NU-AP06164'], [(16.350, 27.700, 50.030), (6.580, 27.700, 59.750), (2.960, 27.700, 44.930)], [-55, -72, -60]]
[(9.877, 27.700, 47.461), (9.0, 13.673289128554288), 33.798765636015155, 1783261876814745351, ['NU-AP06163', 'NU-AP06167', 'NU-AP06164'], [(16.350, 27.700, 50.030), (6.580, 27.700, 59.750), (2.960, 27.700, 44.930)], [-55, -72, -60]]
[(9.877, 27.700, 47.461), (10.208517248045922, 8.5), 38.96209372583888, 1783261877001255370, ['NU-AP06163', 'NU-AP06167', 'NU-AP06164'], [(16.350, 27.700, 50.030), (6.580, 27.700, 59.750), (2.960, 27.700, 44.930)], [-55, -72, -60]]
[(9.877, 27.700, 47.461), (12.399356286860723, 8.5), 39.04226182691449, 1783261877065283234, ['NU-AP06163', 'NU-AP06167', 'NU-AP06164'], [(16.350, 27.700, 50.030), (6.580, 27.700, 59.750), (2.960, 27.700, 44.930)], [-55, -72, -60]]
[(9.877, 27.700, 47.461), (16.821920042220967, 8.5), 39.574866126788386, 1783261877194533857, ['NU-AP06163', 'NU-AP06167', 'NU-AP06164'], [(16.350, 27.700, 50.030), (6.580, 27.700, 59.750), (2.960, 27.700, 44.930)], [-55, -72, -60]]
[(9.877, 27.700, 47.461), (19.19532348060035, 8.5), 40.05958612925605, 1783261877263897215, ['NU-AP06163', 'NU-AP06167', 'NU-AP06164'], [(16.350, 27.700, 50.030), (6.580, 27.700, 59.750), (2.960, 27.700, 44.930)], [-55, -72, -60]]
[(9.877, 27.700, 47.461), (34.68814072195606, 8.5), 46.190254972870825, 1783261877716678993, ['NU-AP06163', 'NU-AP06167', 'NU-AP06164'], [(16.350, 27.700, 50.030), (6.580, 27.700, 59.750), (2.960, 27.700, 44.930)], [-55, -72, -60]]
[(9.877, 27.700, 47.461), (37.04081791947597, 8.5), 47.49548523853521, 1783261877785436621, ['NU-AP06163', 'NU-AP06167', 'NU-AP06164'], [(16.350, 27.700, 50.030), (6.580, 27.700, 59.750), (2.960, 27.700, 44.930)], [-55, -72, -60]]
[(9.877, 27.700, 47.461), (49.34052855751112, 41.023674016342454), 39.98530561339571, 1783261878893500315, ['NU-AP06163', 'NU-AP06167', 'NU-AP06164'], [(16.350, 27.700, 50.030), (6.580, 27.700, 59.750), (2.960, 27.700, 44.930)], [-55, -72, -60]]
[(9.877, 27.700, 47.461), (50.60340964219136, 46.262291849090076), 40.74428452222641, 1783261879050986254, ['NU-AP06163', 'NU-AP06167', 'NU-AP06164'], [(16.350, 27.700, 50.030), (6.580, 27.700, 59.750), (2.960, 27.700, 44.930)], [-55, -72, -60]]
[(9.877, 27.700, 47.461), (51.152702198385, 48.5408387488563), 41.29008047697041, 1783261879119485066, ['NU-AP06163', 'NU-AP06167', 'NU-AP06164'], [(16.350, 27.700, 50.030), (6.580, 27.700, 59.750), (2.960, 27.700, 44.930)], [-55, -72, -60]]
[(9.877, 27.700, 47.461), (52.27078958757701, 53.17883088180095), 42.777933538346865, 1783261879258914696, ['NU-AP06163', 'NU-AP06167', 'NU-AP06164'], [(16.350, 27.700, 50.030), (6.580, 27.700, 59.750), (2.960, 27.700, 44.930)], [-55, -72, -60]]
[(9.877, 27.700, 47.461), (53.36957739644237, 57.73676549635353), 44.69030886977963, 1783261879395937597, ['NU-AP06163', 'NU-AP06167', 'NU-AP06164'], [(16.350, 27.700, 50.030), (6.580, 27.700, 59.750), (2.960, 27.700, 44.930)], [-55, -72, -60]]
[(9.877, 27.700, 47.461), (13.029260357213158, 64.5), 17.32849357214825, 1783261880825863550, ['NU-AP06163', 'NU-AP06167', 'NU-AP06164'], [(16.350, 27.700, 50.030), (6.580, 27.700, 59.750), (2.960, 27.700, 44.930)], [-55, -72, -60]]
[(9.877, 27.700, 47.461), (8.120712497923558, 64.5), 17.129566904144482, 1783261880969317190, ['NU-AP06163', 'NU-AP06167', 'NU-AP06164'], [(16.350, 27.700, 50.030), (6.580, 27.700, 59.750), (2.960, 27.700, 44.930)], [-55, -72, -60]]
[(9.877, 27.700, 47.461), (5.618401647979818, 64.5), 17.563369235622062, 1783261881042447902, ['NU-AP06163', 'NU-AP06167', 'NU-AP06164'], [(16.350, 27.700, 50.030), (6.580, 27.700, 59.750), (2.960, 27.700, 44.930)], [-55, -72, -60]]
[(9.877, 27.700, 47.461), (2.9999999999999885, 64.5), 18.37465953475314, 1783261881118971399, ['NU-AP06163', 'NU-AP06167', 'NU-AP06164'], [(16.350, 27.700, 50.030), (6.580, 27.700, 59.750), (2.960, 27.700, 44.930)], [-55, -72, -60]]
50-80-tri
[(9.877, 27.700, 47.461), (3.0, 57.84208990210372), 12.4524445202324, 1783261875348548567, ['NU-AP06163', 'NU-AP06167', 'NU-AP06164'], [(16.350, 27.700, 50.030), (6.580, 27.700, 59.750), (2.960, 27.700, 44.930)], [-55, -72, -60]]
[(9.877, 27.700, 47.461), (3.0, 56.100097381372635), 11.042157391315987, 1783261875399458770, ['NU-AP06163', 'NU-AP06167', 'NU-AP06164'], [(16.350, 27.700, 50.030), (6.580, 27.700, 59.750), (2.960, 27.700, 44.930)], [-55, -72, -60]]
[(9.877, 27.700, 47.461), (3.0, 54.306723026929944), 9.703505377248392, 1783261875451870621, ['NU-AP06163', 'NU-AP06167', 'NU-AP06164'], [(16.350, 27.700, 50.030), (6.580, 27.700, 59.750), (2.960, 27.700, 44.930)], [-55, -72, -60]]
[(9.877, 27.700, 47.461), (3.0, 52.50073848989537), 8.525954809069729, 1783261875504651008, ['NU-AP06163', 'NU-AP06167', 'NU-AP06164'], [(16.350, 27.700, 50.030), (6.580, 27.700, 59.750), (2.960, 27.700, 44.930)], [-55, -72, -60]]
[(9.877, 27.700, 47.461), (3.0, 50.66914720973338), 7.588411037054791, 1783261875558179759, ['NU-AP06163', 'NU-AP06167', 'NU-AP06164'], [(16.350, 27.700, 50.030), (6.580, 27.700, 59.750), (2.960, 27.700, 44.930)], [-55, -72, -60]]
[(9.877, 27.700, 47.461), (3.0, 48.81124944955534), 7.008121184693617, 1783261875612477324, ['NU-AP06163', 'NU-AP06167', 'NU-AP06164'], [(16.350, 27.700, 50.030), (6.580, 27.700, 59.750), (2.960, 27.700, 44.930)], [-55, -72, -60]]
[(9.877, 27.700, 47.461), (3.0, 46.98691230236872), 6.893053381613489, 1783261875665794071, ['NU-AP06163', 'NU-AP06167', 'NU-AP06164'], [(16.350, 27.700, 50.030), (6.580, 27.700, 59.750), (2.960, 27.700, 44.930)], [-55, -72, -60]]
[(9.877, 27.700, 47.461), (3.0, 45.23316967662198), 7.228522362872067, 1783261875717047674, ['NU-AP06163', 'NU-AP06167', 'NU-AP06164'], [(16.350, 27.700, 50.030), (6.580, 27.700, 59.750), (2.960, 27.700, 44.930)], [-55, -72, -60]]
[(9.877, 27.700, 47.461), (4.135597204431253, 44.5), 6.45960523728609, 1783261875771662892, ['NU-AP06163', 'NU-AP06167', 'NU-AP06164'], [(16.350, 27.700, 50.030), (6.580, 27.700, 59.750), (2.960, 27.700, 44.930)], [-55, -72, -60]]
[(9.877, 27.700, 47.461), (5.938957471506093, 44.5), 4.926648413709358, 1783261875824366584, ['NU-AP06163', 'NU-AP06167', 'NU-AP06164'], [(16.350, 27.700, 50.030), (6.580, 27.700, 59.750), (2.960, 27.700, 44.930)], [-55, -72, -60]]
[(9.877, 27.700, 47.461), (7.808472506450329, 44.5), 3.611567003507772, 1783261875879003667, ['NU-AP06163', 'NU-AP06167', 'NU-AP06164'], [(16.350, 27.700, 50.030), (6.580, 27.700, 59.750), (2.960, 27.700, 44.930)], [-55, -72, -60]]
[(9.877, 27.700, 47.461), (9.0, 43.84741701369981), 3.718114230442605, 1783261875932898295, ['NU-AP06163', 'NU-AP06167', 'NU-AP06164'], [(16.350, 27.700, 50.030), (6.580, 27.700, 59.750), (2.960, 27.700, 44.930)], [-55, -72, -60]]
[(9.877, 27.700, 47.461), (9.0, 42.08303647109531), 5.448647372637425, 1783261875984462794, ['NU-AP06163', 'NU-AP06167', 'NU-AP06164'], [(16.350, 27.700, 50.030), (6.580, 27.700, 59.750), (2.960, 27.700, 44.930)], [-55, -72, -60]]
[(9.877, 27.700, 47.461), (9.0, 40.324626480541745), 7.189712951885606, 1783261876035852802, ['NU-AP06163', 'NU-AP06167', 'NU-AP06164'], [(16.350, 27.700, 50.030), (6.580, 27.700, 59.750), (2.960, 27.700, 44.930)], [-55, -72, -60]]
[(9.877, 27.700, 47.461), (9.0, 38.51494456116098), 8.988598299710333, 1783261876088741246, ['NU-AP06163', 'NU-AP06167', 'NU-AP06164'], [(16.350, 27.700, 50.030), (6.580, 27.700, 59.750), (2.960, 27.700, 44.930)], [-55, -72, -60]]
[(9.877, 27.700, 47.461), (9.0, 36.695914020079684), 10.800412391696572, 1783261876141902906, ['NU-AP06163', 'NU-AP06167', 'NU-AP06164'], [(16.350, 27.700, 50.030), (6.580, 27.700, 59.750), (2.960, 27.700, 44.930)], [-55, -72, -60]]
[(9.877, 27.700, 47.461), (9.0, 34.855867249379436), 12.635269294060995, 1783261876195678771, ['NU-AP06163', 'NU-AP06167', 'NU-AP06164'], [(16.350, 27.700, 50.030), (6.580, 27.700, 59.750), (2.960, 27.700, 44.930)], [-55, -72, -60]]
[(9.877, 27.700, 47.461), (9.0, 33.08953380784173), 14.39786695247747, 1783261876247300344, ['NU-AP06163', 'NU-AP06167', 'NU-AP06164'], [(16.350, 27.700, 50.030), (6.580, 27.700, 59.750), (2.960, 27.700, 44.930)], [-55, -72, -60]]
[(9.877, 27.700, 47.461), (9.0, 31.30246611867527), 16.18198411935327, 1783261876299527881, ['NU-AP06163', 'NU-AP06167', 'NU-AP06164'], [(16.350, 27.700, 50.030), (6.580, 27.700, 59.750), (2.960, 27.700, 44.930)], [-55, -72, -60]]
[(9.877, 27.700, 47.461), (9.0, 29.515710556643207), 17.96637600703416, 1783261876351746296, ['NU-AP06163', 'NU-AP06167', 'NU-AP06164'], [(16.350, 27.700, 50.030), (6.580, 27.700, 59.750), (2.960, 27.700, 44.930)], [-55, -72, -60]]
[(9.877, 27.700, 47.461), (9.0, 27.690786964931654), 19.789325746769485, 1783261876405080182, ['NU-AP06163', 'NU-AP06167', 'NU-AP06164'], [(16.350, 27.700, 50.030), (6.580, 27.700, 59.750), (2.960, 27.700, 44.930)], [-55, -72, -60]]
[(9.877, 27.700, 47.461), (9.0, 25.88655115421343), 21.59193790953288, 1783261876457809462, ['NU-AP06163', 'NU-AP06167', 'NU-AP06164'], [(16.350, 27.700, 50.030), (6.580, 27.700, 59.750), (2.960, 27.700, 44.930)], [-55, -72, -60]]
[(9.877, 27.700, 47.461), (9.0, 24.09806955171132), 23.379057262770896, 1783261876510078321, ['NU-AP06163', 'NU-AP06167', 'NU-AP06164'], [(16.350, 27.700, 50.030), (6.580, 27.700, 59.750), (2.960, 27.700, 44.930)], [-55, -72, -60]]
[(9.877, 27.700, 47.461), (9.0, 22.232214465756005), 25.243696821959997, 1783261876564608441, ['NU-AP06163', 'NU-AP06167', 'NU-AP06164'], [(16.350, 27.700, 50.030), (6.580, 27.700, 59.750), (2.960, 27.700, 44.930)], [-55, -72, -60]]
[(9.877, 27.700, 47.461), (9.0, 19.912844025580725), 27.561785654782625, 1783261876632392670, ['NU-AP06163', 'NU-AP06167', 'NU-AP06164'], [(16.350, 27.700, 50.030), (6.580, 27.700, 59.750), (2.960, 27.700, 44.930)], [-55, -72, -60]]
[(9.877, 27.700, 47.461), (9.0, 17.431169733837027), 30.042307740966294, 1783261876704920273, ['NU-AP06163', 'NU-AP06167', 'NU-AP06164'], [(16.350, 27.700, 50.030), (6.580, 27.700, 59.750), (2.960, 27.700, 44.930)], [-55, -72, -60]]
[(9.877, 27.700, 47.461), (9.0, 15.537239014022504), 31.935479588055884, 1783261876760270911, ['NU-AP06163', 'NU-AP06167', 'NU-AP06164'], [(16.350, 27.700, 50.030), (6.580, 27.700, 59.750), (2.960, 27.700, 44.930)], [-55, -72, -60]]
[(9.877, 27.700, 47.461), (9.0, 13.673289128554288), 33.798765636015155, 1783261876814745351, ['NU-AP06163', 'NU-AP06167', 'NU-AP06164'], [(16.350, 27.700, 50.030), (6.580, 27.700, 59.750), (2.960, 27.700, 44.930)], [-55, -72, -60]]
[(9.877, 27.700, 47.461), (10.208517248045922, 8.5), 38.96209372583888, 1783261877001255370, ['NU-AP06163', 'NU-AP06167', 'NU-AP06164'], [(16.350, 27.700, 50.030), (6.580, 27.700, 59.750), (2.960, 27.700, 44.930)], [-55, -72, -60]]
[(9.877, 27.700, 47.461), (12.399356286860723, 8.5), 39.04226182691449, 1783261877065283234, ['NU-AP06163', 'NU-AP06167', 'NU-AP06164'], [(16.350, 27.700, 50.030), (6.580, 27.700, 59.750), (2.960, 27.700, 44.930)], [-55, -72, -60]]
[(9.877, 27.700, 47.461), (16.821920042220967, 8.5), 39.574866126788386, 1783261877194533857, ['NU-AP06163', 'NU-AP06167', 'NU-AP06164'], [(16.350, 27.700, 50.030), (6.580, 27.700, 59.750), (2.960, 27.700, 44.930)], [-55, -72, -60]]
[(9.877, 27.700, 47.461), (19.19532348060035, 8.5), 40.05958612925605, 1783261877263897215, ['NU-AP06163', 'NU-AP06167', 'NU-AP06164'], [(16.350, 27.700, 50.030), (6.580, 27.700, 59.750), (2.960, 27.700, 44.930)], [-55, -72, -60]]
[(9.877, 27.700, 47.461), (34.68814072195606, 8.5), 46.190254972870825, 1783261877716678993, ['NU-AP06163', 'NU-AP06167', 'NU-AP06164'], [(16.350, 27.700, 50.030), (6.580, 27.700, 59.750), (2.960, 27.700, 44.930)], [-55, -72, -60]]
[(9.877, 27.700, 47.461), (37.04081791947597, 8.5), 47.49548523853521, 1783261877785436621, ['NU-AP06163', 'NU-AP06167', 'NU-AP06164'], [(16.350, 27.700, 50.030), (6.580, 27.700, 59.750), (2.960, 27.700, 44.930)], [-55, -72, -60]]
[(9.877, 27.700, 47.461), (49.34052855751112, 41.023674016342454), 39.98530561339571, 1783261878893500315, ['NU-AP06163', 'NU-AP06167', 'NU-AP06164'], [(16.350, 27.700, 50.030), (6.580, 27.700, 59.750), (2.960, 27.700, 44.930)], [-55, -72, -60]]
[(9.877, 27.700, 47.461), (50.60340964219136, 46.262291849090076), 40.74428452222641, 1783261879050986254, ['NU-AP06163', 'NU-AP06167', 'NU-AP06164'], [(16.350, 27.700, 50.030), (6.580, 27.700, 59.750), (2.960, 27.700, 44.930)], [-55, -72, -60]]
[(9.877, 27.700, 47.461), (51.152702198385, 48.5408387488563), 41.29008047697041, 1783261879119485066, ['NU-AP06163', 'NU-AP06167', 'NU-AP06164'], [(16.350, 27.700, 50.030), (6.580, 27.700, 59.750), (2.960, 27.700, 44.930)], [-55, -72, -60]]
[(9.877, 27.700, 47.461), (52.27078958757701, 53.17883088180095), 42.777933538346865, 1783261879258914696, ['NU-AP06163', 'NU-AP06167', 'NU-AP06164'], [(16.350, 27.700, 50.030), (6.580, 27.700, 59.750), (2.960, 27.700, 44.930)], [-55, -72, -60]]
[(9.877, 27.700, 47.461), (53.36957739644237, 57.73676549635353), 44.69030886977963, 1783261879395937597, ['NU-AP06163', 'NU-AP06167', 'NU-AP06164'], [(16.350, 27.700, 50.030), (6.580, 27.700, 59.750), (2.960, 27.700, 44.930)], [-55, -72, -60]]
[(9.877, 27.700, 47.461), (13.029260357213158, 64.5), 17.32849357214825, 1783261880825863550, ['NU-AP06163', 'NU-AP06167', 'NU-AP06164'], [(16.350, 27.700, 50.030), (6.580, 27.700, 59.750), (2.960, 27.700, 44.930)], [-55, -72, -60]]
[(9.877, 27.700, 47.461), (8.120712497923558, 64.5), 17.129566904144482, 1783261880969317190, ['NU-AP06163', 'NU-AP06167', 'NU-AP06164'], [(16.350, 27.700, 50.030), (6.580, 27.700, 59.750), (2.960, 27.700, 44.930)], [-55, -72, -60]]
[(9.877, 27.700, 47.461), (5.618401647979818, 64.5), 17.563369235622062, 1783261881042447902, ['NU-AP06163', 'NU-AP06167', 'NU-AP06164'], [(16.350, 27.700, 50.030), (6.580, 27.700, 59.750), (2.960, 27.700, 44.930)], [-55, -72, -60]]
[(9.877, 27.700, 47.461), (2.9999999999999885, 64.5), 18.37465953475314, 1783261881118971399, ['NU-AP06163', 'NU-AP06167', 'NU-AP06164'], [(16.350, 27.700, 50.030), (6.580, 27.700, 59.750), (2.960, 27.700, 44.930)], [-55, -72, -60]]
50-70-tri
50-67-tri
24-ALL-mul
[(12.926, 31.300, 16.432), (19.19532348060035, 8.5), 10.11038618174568, 1783261877263897215, ['NU-AP06163', 'NU-AP06162', 'NU-AP06164', 'NU-AP07183'], [(16.350, 27.700, 50.030), (10.830, 27.700, 31.890), (2.960, 27.700, 44.930), (10.550, 31.300, 46.790)], [-60, -74, -69, -82]]
[(8.804, 27.700, 42.137), (34.68814072195606, 8.5), 42.44337535776901, 1783261877716678993, ['NU-AP06163', 'NU-AP06162', 'NU-AP06164', 'NU-AP07183', 'NU-AP06167'], [(16.350, 27.700, 50.030), (10.830, 27.700, 31.890), (2.960, 27.700, 44.930), (10.550, 31.300, 46.790), (6.580, 27.700, 59.750)], [-60, -74, -69, -82, -79]]
[(8.804, 27.700, 42.137), (37.04081791947597, 8.5), 43.91774433801164, 1783261877785436621, ['NU-AP06163', 'NU-AP06162', 'NU-AP06164', 'NU-AP07183', 'NU-AP06167'], [(16.350, 27.700, 50.030), (10.830, 27.700, 31.890), (2.960, 27.700, 44.930), (10.550, 31.300, 46.790), (6.580, 27.700, 59.750)], [-60, -74, -69, -82, -79]]
[(8.804, 27.700, 42.137), (49.34052855751112, 41.023674016342454), 40.551610026872794, 1783261878893500315, ['NU-AP06163', 'NU-AP06162', 'NU-AP06164', 'NU-AP07183', 'NU-AP06167'], [(16.350, 27.700, 50.030), (10.830, 27.700, 31.890), (2.960, 27.700, 44.930), (10.550, 31.300, 46.790), (6.580, 27.700, 59.750)], [-60, -74, -69, -82, -79]]
[(8.804, 27.700, 42.137), (50.60340964219136, 46.262291849090076), 42.00225381642734, 1783261879050986254, ['NU-AP06163', 'NU-AP06162', 'NU-AP06164', 'NU-AP07183', 'NU-AP06167'], [(16.350, 27.700, 50.030), (10.830, 27.700, 31.890), (2.960, 27.700, 44.930), (10.550, 31.300, 46.790), (6.580, 27.700, 59.750)], [-60, -74, -69, -82, -79]]
[(8.804, 27.700, 42.137), (51.152702198385, 48.5408387488563), 42.82990967439851, 1783261879119485066, ['NU-AP06163', 'NU-AP06162', 'NU-AP06164', 'NU-AP07183', 'NU-AP06167'], [(16.350, 27.700, 50.030), (10.830, 27.700, 31.890), (2.960, 27.700, 44.930), (10.550, 31.300, 46.790), (6.580, 27.700, 59.750)], [-60, -74, -69, -82, -79]]
[(8.804, 27.700, 42.137), (52.27078958757701, 53.17883088180095), 44.84708232192356, 1783261879258914696, ['NU-AP06163', 'NU-AP06162', 'NU-AP06164', 'NU-AP07183', 'NU-AP06167'], [(16.350, 27.700, 50.030), (10.830, 27.700, 31.890), (2.960, 27.700, 44.930), (10.550, 31.300, 46.790), (6.580, 27.700, 59.750)], [-60, -74, -69, -82, -79]]
[(8.804, 27.700, 42.137), (53.36957739644237, 57.73676549635353), 47.21671222922817, 1783261879395937597, ['NU-AP06163', 'NU-AP06162', 'NU-AP06164', 'NU-AP07183', 'NU-AP06167'], [(16.350, 27.700, 50.030), (10.830, 27.700, 31.890), (2.960, 27.700, 44.930), (10.550, 31.300, 46.790), (6.580, 27.700, 59.750)], [-60, -74, -69, -82, -79]]
[(8.711, 27.700, 42.619), (13.029260357213158, 64.5), 22.30310060921459, 1783261880825863550, ['NU-AP06163', 'NU-AP06162', 'NU-AP06164', 'NU-AP07183', 'NU-AP06167'], [(16.350, 27.700, 50.030), (10.830, 27.700, 31.890), (2.960, 27.700, 44.930), (10.550, 31.300, 46.790), (6.580, 27.700, 59.750)], [-62, -75, -69, -82, -79]]
[(8.711, 27.700, 42.619), (8.120712497923558, 64.5), 21.889131307129198, 1783261880969317190, ['NU-AP06163', 'NU-AP06162', 'NU-AP06164', 'NU-AP07183', 'NU-AP06167'], [(16.350, 27.700, 50.030), (10.830, 27.700, 31.890), (2.960, 27.700, 44.930), (10.550, 31.300, 46.790), (6.580, 27.700, 59.750)], [-62, -75, -69, -82, -79]]
[(8.711, 27.700, 42.619), (5.618401647979818, 64.5), 22.098692123106087, 1783261881042447902, ['NU-AP06163', 'NU-AP06162', 'NU-AP06164', 'NU-AP07183', 'NU-AP06167'], [(16.350, 27.700, 50.030), (10.830, 27.700, 31.890), (2.960, 27.700, 44.930), (10.550, 31.300, 46.790), (6.580, 27.700, 59.750)], [-62, -75, -69, -82, -79]]
[(8.711, 27.700, 42.619), (2.9999999999999885, 64.5), 22.614288850618887, 1783261881118971399, ['NU-AP06163', 'NU-AP06162', 'NU-AP06164', 'NU-AP07183', 'NU-AP06167'], [(16.350, 27.700, 50.030), (10.830, 27.700, 31.890), (2.960, 27.700, 44.930), (10.550, 31.300, 46.790), (6.580, 27.700, 59.750)], [-62, -75, -69, -82, -79]]
24-80-mul
[(16.559, 27.700, 38.680), (34.68814072195606, 8.5), 35.20610298791441, 1783261877716678993, ['NU-AP06163', 'NU-AP06162', 'NU-AP06164', 'NU-AP06167'], [(16.350, 27.700, 50.030), (10.830, 27.700, 31.890), (2.960, 27.700, 44.930), (6.580, 27.700, 59.750)], [-60, -74, -69, -79]]
[(16.559, 27.700, 38.680), (37.04081791947597, 8.5), 36.47337773344508, 1783261877785436621, ['NU-AP06163', 'NU-AP06162', 'NU-AP06164', 'NU-AP06167'], [(16.350, 27.700, 50.030), (10.830, 27.700, 31.890), (2.960, 27.700, 44.930), (6.580, 27.700, 59.750)], [-60, -74, -69, -79]]
[(16.559, 27.700, 38.680), (49.34052855751112, 41.023674016342454), 32.86489696266466, 1783261878893500315, ['NU-AP06163', 'NU-AP06162', 'NU-AP06164', 'NU-AP06167'], [(16.350, 27.700, 50.030), (10.830, 27.700, 31.890), (2.960, 27.700, 44.930), (6.580, 27.700, 59.750)], [-60, -74, -69, -79]]
[(16.559, 27.700, 38.680), (50.60340964219136, 46.262291849090076), 34.87828960910331, 1783261879050986254, ['NU-AP06163', 'NU-AP06162', 'NU-AP06164', 'NU-AP06167'], [(16.350, 27.700, 50.030), (10.830, 27.700, 31.890), (2.960, 27.700, 44.930), (6.580, 27.700, 59.750)], [-60, -74, -69, -79]]
[(16.559, 27.700, 38.680), (51.152702198385, 48.5408387488563), 35.971424564380726, 1783261879119485066, ['NU-AP06163', 'NU-AP06162', 'NU-AP06164', 'NU-AP06167'], [(16.350, 27.700, 50.030), (10.830, 27.700, 31.890), (2.960, 27.700, 44.930), (6.580, 27.700, 59.750)], [-60, -74, -69, -79]]
[(16.559, 27.700, 38.680), (52.27078958757701, 53.17883088180095), 38.54261103403472, 1783261879258914696, ['NU-AP06163', 'NU-AP06162', 'NU-AP06164', 'NU-AP06167'], [(16.350, 27.700, 50.030), (10.830, 27.700, 31.890), (2.960, 27.700, 44.930), (6.580, 27.700, 59.750)], [-60, -74, -69, -79]]
[(16.559, 27.700, 38.680), (53.36957739644237, 57.73676549635353), 41.45076091915191, 1783261879395937597, ['NU-AP06163', 'NU-AP06162', 'NU-AP06164', 'NU-AP06167'], [(16.350, 27.700, 50.030), (10.830, 27.700, 31.890), (2.960, 27.700, 44.930), (6.580, 27.700, 59.750)], [-60, -74, -69, -79]]
[(16.334, 27.700, 39.220), (13.029260357213158, 64.5), 25.494597907835697, 1783261880825863550, ['NU-AP06163', 'NU-AP06162', 'NU-AP06164', 'NU-AP06167'], [(16.350, 27.700, 50.030), (10.830, 27.700, 31.890), (2.960, 27.700, 44.930), (6.580, 27.700, 59.750)], [-62, -75, -69, -79]]
[(16.334, 27.700, 39.220), (8.120712497923558, 64.5), 26.580269879530444, 1783261880969317190, ['NU-AP06163', 'NU-AP06162', 'NU-AP06164', 'NU-AP06167'], [(16.350, 27.700, 50.030), (10.830, 27.700, 31.890), (2.960, 27.700, 44.930), (6.580, 27.700, 59.750)], [-62, -75, -69, -79]]
[(16.334, 27.700, 39.220), (5.618401647979818, 64.5), 27.456810016072055, 1783261881042447902, ['NU-AP06163', 'NU-AP06162', 'NU-AP06164', 'NU-AP06167'], [(16.350, 27.700, 50.030), (10.830, 27.700, 31.890), (2.960, 27.700, 44.930), (6.580, 27.700, 59.750)], [-62, -75, -69, -79]]
[(16.334, 27.700, 39.220), (2.9999999999999885, 64.5), 28.580546248088126, 1783261881118971399, ['NU-AP06163', 'NU-AP06162', 'NU-AP06164', 'NU-AP06167'], [(16.350, 27.700, 50.030), (10.830, 27.700, 31.890), (2.960, 27.700, 44.930), (6.580, 27.700, 59.750)], [-62, -75, -69, -79]]
24-70-mul
24-67-mul
50-ALL-mul
[(9.751, 27.700, 48.022), (3.0, 52.50073848989537), 8.101985569443265, 1783261875504651008, ['NU-AP06163', 'NU-AP06167', 'NU-AP06164', 'NU-AP06162'], [(16.350, 27.700, 50.030), (6.580, 27.700, 59.750), (2.960, 27.700, 44.930), (10.830, 27.700, 31.890)], [-55, -72, -60, -75]]
[(9.751, 27.700, 48.022), (3.0, 50.66914720973338), 7.251871711656263, 1783261875558179759, ['NU-AP06163', 'NU-AP06167', 'NU-AP06164', 'NU-AP06162'], [(16.350, 27.700, 50.030), (6.580, 27.700, 59.750), (2.960, 27.700, 44.930), (10.830, 27.700, 31.890)], [-55, -72, -60, -75]]
[(9.751, 27.700, 48.022), (3.0, 48.81124944955534), 6.797377523811028, 1783261875612477324, ['NU-AP06163', 'NU-AP06167', 'NU-AP06164', 'NU-AP06162'], [(16.350, 27.700, 50.030), (6.580, 27.700, 59.750), (2.960, 27.700, 44.930), (10.830, 27.700, 31.890)], [-55, -72, -60, -75]]
[(9.751, 27.700, 48.022), (3.0, 46.98691230236872), 6.830228367326213, 1783261875665794071, ['NU-AP06163', 'NU-AP06167', 'NU-AP06164', 'NU-AP06162'], [(16.350, 27.700, 50.030), (6.580, 27.700, 59.750), (2.960, 27.700, 44.930), (10.830, 27.700, 31.890)], [-55, -72, -60, -75]]
[(9.751, 27.700, 48.022), (3.0, 45.23316967662198), 7.304615360184999, 1783261875717047674, ['NU-AP06163', 'NU-AP06167', 'NU-AP06164', 'NU-AP06162'], [(16.350, 27.700, 50.030), (6.580, 27.700, 59.750), (2.960, 27.700, 44.930), (10.830, 27.700, 31.890)], [-55, -72, -60, -75]]
[(9.751, 27.700, 48.022), (4.135597204431253, 44.5), 6.6287164829295415, 1783261875771662892, ['NU-AP06163', 'NU-AP06167', 'NU-AP06164', 'NU-AP06162'], [(16.350, 27.700, 50.030), (6.580, 27.700, 59.750), (2.960, 27.700, 44.930), (10.830, 27.700, 31.890)], [-55, -72, -60, -75]]
[(9.751, 27.700, 48.022), (5.938957471506093, 44.5), 5.190129735167975, 1783261875824366584, ['NU-AP06163', 'NU-AP06167', 'NU-AP06164', 'NU-AP06162'], [(16.350, 27.700, 50.030), (6.580, 27.700, 59.750), (2.960, 27.700, 44.930), (10.830, 27.700, 31.890)], [-55, -72, -60, -75]]
[(9.751, 27.700, 48.022), (7.808472506450329, 44.5), 4.022161925003297, 1783261875879003667, ['NU-AP06163', 'NU-AP06167', 'NU-AP06164', 'NU-AP06162'], [(16.350, 27.700, 50.030), (6.580, 27.700, 59.750), (2.960, 27.700, 44.930), (10.830, 27.700, 31.890)], [-55, -72, -60, -75]]
[(9.751, 27.700, 48.022), (9.0, 43.84741701369981), 4.241443995548725, 1783261875932898295, ['NU-AP06163', 'NU-AP06167', 'NU-AP06164', 'NU-AP06162'], [(16.350, 27.700, 50.030), (6.580, 27.700, 59.750), (2.960, 27.700, 44.930), (10.830, 27.700, 31.890)], [-55, -72, -60, -75]]
[(9.751, 27.700, 48.022), (9.0, 42.08303647109531), 5.986084287039318, 1783261875984462794, ['NU-AP06163', 'NU-AP06167', 'NU-AP06164', 'NU-AP06162'], [(16.350, 27.700, 50.030), (6.580, 27.700, 59.750), (2.960, 27.700, 44.930), (10.830, 27.700, 31.890)], [-55, -72, -60, -75]]
[(9.751, 27.700, 48.022), (9.0, 40.324626480541745), 7.733737278334798, 1783261876035852802, ['NU-AP06163', 'NU-AP06167', 'NU-AP06164', 'NU-AP06162'], [(16.350, 27.700, 50.030), (6.580, 27.700, 59.750), (2.960, 27.700, 44.930), (10.830, 27.700, 31.890)], [-55, -72, -60, -75]]
[(9.751, 27.700, 48.022), (9.0, 38.51494456116098), 9.536478875604287, 1783261876088741246, ['NU-AP06163', 'NU-AP06167', 'NU-AP06164', 'NU-AP06162'], [(16.350, 27.700, 50.030), (6.580, 27.700, 59.750), (2.960, 27.700, 44.930), (10.830, 27.700, 31.890)], [-55, -72, -60, -75]]
[(9.751, 27.700, 48.022), (9.0, 36.695914020079684), 11.35075938952914, 1783261876141902906, ['NU-AP06163', 'NU-AP06167', 'NU-AP06164', 'NU-AP06162'], [(16.350, 27.700, 50.030), (6.580, 27.700, 59.750), (2.960, 27.700, 44.930), (10.830, 27.700, 31.890)], [-55, -72, -60, -75]]
[(9.751, 27.700, 48.022), (9.0, 34.855867249379436), 13.18733279312739, 1783261876195678771, ['NU-AP06163', 'NU-AP06167', 'NU-AP06164', 'NU-AP06162'], [(16.350, 27.700, 50.030), (6.580, 27.700, 59.750), (2.960, 27.700, 44.930), (10.830, 27.700, 31.890)], [-55, -72, -60, -75]]
[(9.751, 27.700, 48.022), (9.0, 33.08953380784173), 14.951135526603379, 1783261876247300344, ['NU-AP06163', 'NU-AP06167', 'NU-AP06164', 'NU-AP06162'], [(16.350, 27.700, 50.030), (6.580, 27.700, 59.750), (2.960, 27.700, 44.930), (10.830, 27.700, 31.890)], [-55, -72, -60, -75]]
[(9.751, 27.700, 48.022), (9.0, 31.30246611867527), 16.73618604351497, 1783261876299527881, ['NU-AP06163', 'NU-AP06167', 'NU-AP06164', 'NU-AP06162'], [(16.350, 27.700, 50.030), (6.580, 27.700, 59.750), (2.960, 27.700, 44.930), (10.830, 27.700, 31.890)], [-55, -72, -60, -75]]
[(9.751, 27.700, 48.022), (9.0, 29.515710556643207), 18.5213137302495, 1783261876351746296, ['NU-AP06163', 'NU-AP06167', 'NU-AP06164', 'NU-AP06162'], [(16.350, 27.700, 50.030), (6.580, 27.700, 59.750), (2.960, 27.700, 44.930), (10.830, 27.700, 31.890)], [-55, -72, -60, -75]]
[(9.751, 27.700, 48.022), (9.0, 27.690786964931654), 20.34486969850901, 1783261876405080182, ['NU-AP06163', 'NU-AP06167', 'NU-AP06164', 'NU-AP06162'], [(16.350, 27.700, 50.030), (6.580, 27.700, 59.750), (2.960, 27.700, 44.930), (10.830, 27.700, 31.890)], [-55, -72, -60, -75]]
[(9.751, 27.700, 48.022), (9.0, 25.88655115421343), 22.147974865444326, 1783261876457809462, ['NU-AP06163', 'NU-AP06167', 'NU-AP06164', 'NU-AP06162'], [(16.350, 27.700, 50.030), (6.580, 27.700, 59.750), (2.960, 27.700, 44.930), (10.830, 27.700, 31.890)], [-55, -72, -60, -75]]
[(9.751, 27.700, 48.022), (9.0, 24.09806955171132), 23.93550387227008, 1783261876510078321, ['NU-AP06163', 'NU-AP06167', 'NU-AP06164', 'NU-AP06162'], [(16.350, 27.700, 50.030), (6.580, 27.700, 59.750), (2.960, 27.700, 44.930), (10.830, 27.700, 31.890)], [-55, -72, -60, -75]]
[(9.751, 27.700, 48.022), (9.0, 22.232214465756005), 25.800505875160226, 1783261876564608441, ['NU-AP06163', 'NU-AP06167', 'NU-AP06164', 'NU-AP06162'], [(16.350, 27.700, 50.030), (6.580, 27.700, 59.750), (2.960, 27.700, 44.930), (10.830, 27.700, 31.890)], [-55, -72, -60, -75]]
[(9.751, 27.700, 48.022), (9.0, 19.912844025580725), 28.118973680839087, 1783261876632392670, ['NU-AP06163', 'NU-AP06167', 'NU-AP06164', 'NU-AP06162'], [(16.350, 27.700, 50.030), (6.580, 27.700, 59.750), (2.960, 27.700, 44.930), (10.830, 27.700, 31.890)], [-55, -72, -60, -75]]
[(9.751, 27.700, 48.022), (9.0, 17.431169733837027), 30.599833676452437, 1783261876704920273, ['NU-AP06163', 'NU-AP06167', 'NU-AP06164', 'NU-AP06162'], [(16.350, 27.700, 50.030), (6.580, 27.700, 59.750), (2.960, 27.700, 44.930), (10.830, 27.700, 31.890)], [-55, -72, -60, -75]]
[(9.751, 27.700, 48.022), (9.0, 15.537239014022504), 32.49322662397611, 1783261876760270911, ['NU-AP06163', 'NU-AP06167', 'NU-AP06164', 'NU-AP06162'], [(16.350, 27.700, 50.030), (6.580, 27.700, 59.750), (2.960, 27.700, 44.930), (10.830, 27.700, 31.890)], [-55, -72, -60, -75]]
[(9.751, 27.700, 48.022), (9.0, 13.673289128554288), 34.35670513142507, 1783261876814745351, ['NU-AP06163', 'NU-AP06167', 'NU-AP06164', 'NU-AP06162'], [(16.350, 27.700, 50.030), (6.580, 27.700, 59.750), (2.960, 27.700, 44.930), (10.830, 27.700, 31.890)], [-55, -72, -60, -75]]
[(9.751, 27.700, 48.022), (10.208517248045922, 8.5), 39.52442079197107, 1783261877001255370, ['NU-AP06163', 'NU-AP06167', 'NU-AP06164', 'NU-AP06162'], [(16.350, 27.700, 50.030), (6.580, 27.700, 59.750), (2.960, 27.700, 44.930), (10.830, 27.700, 31.890)], [-55, -72, -60, -75]]
[(9.751, 27.700, 48.022), (12.399356286860723, 8.5), 39.61038577841084, 1783261877065283234, ['NU-AP06163', 'NU-AP06167', 'NU-AP06164', 'NU-AP06162'], [(16.350, 27.700, 50.030), (6.580, 27.700, 59.750), (2.960, 27.700, 44.930), (10.830, 27.700, 31.890)], [-55, -72, -60, -75]]
[(9.751, 27.700, 48.022), (16.821920042220967, 8.5), 40.14926471528393, 1783261877194533857, ['NU-AP06163', 'NU-AP06167', 'NU-AP06164', 'NU-AP06162'], [(16.350, 27.700, 50.030), (6.580, 27.700, 59.750), (2.960, 27.700, 44.930), (10.830, 27.700, 31.890)], [-55, -72, -60, -75]]
[(9.751, 27.700, 48.022), (19.19532348060035, 8.5), 40.634455937385496, 1783261877263897215, ['NU-AP06163', 'NU-AP06167', 'NU-AP06164', 'NU-AP06162'], [(16.350, 27.700, 50.030), (6.580, 27.700, 59.750), (2.960, 27.700, 44.930), (10.830, 27.700, 31.890)], [-55, -72, -60, -75]]
[(9.751, 27.700, 48.022), (34.68814072195606, 8.5), 46.73128617801135, 1783261877716678993, ['NU-AP06163', 'NU-AP06167', 'NU-AP06164', 'NU-AP06162'], [(16.350, 27.700, 50.030), (6.580, 27.700, 59.750), (2.960, 27.700, 44.930), (10.830, 27.700, 31.890)], [-55, -72, -60, -75]]
[(9.751, 27.700, 48.022), (37.04081791947597, 8.5), 48.02795555200248, 1783261877785436621, ['NU-AP06163', 'NU-AP06167', 'NU-AP06164', 'NU-AP06162'], [(16.350, 27.700, 50.030), (6.580, 27.700, 59.750), (2.960, 27.700, 44.930), (10.830, 27.700, 31.890)], [-55, -72, -60, -75]]
[(9.751, 27.700, 48.022), (49.34052855751112, 41.023674016342454), 40.20291613762619, 1783261878893500315, ['NU-AP06163', 'NU-AP06167', 'NU-AP06164', 'NU-AP06162'], [(16.350, 27.700, 50.030), (6.580, 27.700, 59.750), (2.960, 27.700, 44.930), (10.830, 27.700, 31.890)], [-55, -72, -60, -75]]
[(9.751, 27.700, 48.022), (50.60340964219136, 46.262291849090076), 40.88990659395983, 1783261879050986254, ['NU-AP06163', 'NU-AP06167', 'NU-AP06164', 'NU-AP06162'], [(16.350, 27.700, 50.030), (6.580, 27.700, 59.750), (2.960, 27.700, 44.930), (10.830, 27.700, 31.890)], [-55, -72, -60, -75]]
[(9.751, 27.700, 48.022), (51.152702198385, 48.5408387488563), 41.404580141924924, 1783261879119485066, ['NU-AP06163', 'NU-AP06167', 'NU-AP06164', 'NU-AP06162'], [(16.350, 27.700, 50.030), (6.580, 27.700, 59.750), (2.960, 27.700, 44.930), (10.830, 27.700, 31.890)], [-55, -72, -60, -75]]
[(7.092, 27.700, 51.968), (52.27078958757701, 53.17883088180095), 45.19543757579, 1783261879258914696, ['NU-AP06163', 'NU-AP06167', 'NU-AP06164', 'NU-AP06162', 'NU-AP06165'], [(16.350, 27.700, 50.030), (6.580, 27.700, 59.750), (2.960, 27.700, 44.930), (10.830, 27.700, 31.890), (3.940, 27.700, 71.250)], [-55, -72, -60, -75, -76]]
[(6.965, 27.700, 51.642), (53.36957739644237, 57.73676549635353), 46.80295264360133, 1783261879395937597, ['NU-AP06163', 'NU-AP06167', 'NU-AP06164', 'NU-AP06162', 'NU-AP06165'], [(16.350, 27.700, 50.030), (6.580, 27.700, 59.750), (2.960, 27.700, 44.930), (10.830, 27.700, 31.890), (3.940, 27.700, 71.250)], [-55, -72, -60, -74, -76]]
[(6.965, 27.700, 51.642), (13.029260357213158, 64.5), 14.216048712126948, 1783261880825863550, ['NU-AP06163', 'NU-AP06167', 'NU-AP06164', 'NU-AP06162', 'NU-AP06165'], [(16.350, 27.700, 50.030), (6.580, 27.700, 59.750), (2.960, 27.700, 44.930), (10.830, 27.700, 31.890), (3.940, 27.700, 71.250)], [-55, -72, -60, -74, -76]]
[(6.965, 27.700, 51.642), (8.120712497923558, 64.5), 12.909597593045662, 1783261880969317190, ['NU-AP06163', 'NU-AP06167', 'NU-AP06164', 'NU-AP06162', 'NU-AP06165'], [(16.350, 27.700, 50.030), (6.580, 27.700, 59.750), (2.960, 27.700, 44.930), (10.830, 27.700, 31.890), (3.940, 27.700, 71.250)], [-55, -72, -60, -74, -76]]
[(6.965, 27.700, 51.642), (5.618401647979818, 64.5), 12.928109052358995, 1783261881042447902, ['NU-AP06163', 'NU-AP06167', 'NU-AP06164', 'NU-AP06162', 'NU-AP06165'], [(16.350, 27.700, 50.030), (6.580, 27.700, 59.750), (2.960, 27.700, 44.930), (10.830, 27.700, 31.890), (3.940, 27.700, 71.250)], [-55, -72, -60, -74, -76]]
[(6.965, 27.700, 51.642), (2.9999999999999885, 64.5), 13.455280340982846, 1783261881118971399, ['NU-AP06163', 'NU-AP06167', 'NU-AP06164', 'NU-AP06162', 'NU-AP06165'], [(16.350, 27.700, 50.030), (6.580, 27.700, 59.750), (2.960, 27.700, 44.930), (10.830, 27.700, 31.890), (3.940, 27.700, 71.250)], [-55, -72, -60, -74, -76]]
50-80-mul
[(9.751, 27.700, 48.022), (3.0, 52.50073848989537), 8.101985569443265, 1783261875504651008, ['NU-AP06163', 'NU-AP06167', 'NU-AP06164', 'NU-AP06162'], [(16.350, 27.700, 50.030), (6.580, 27.700, 59.750), (2.960, 27.700, 44.930), (10.830, 27.700, 31.890)], [-55, -72, -60, -75]]
[(9.751, 27.700, 48.022), (3.0, 50.66914720973338), 7.251871711656263, 1783261875558179759, ['NU-AP06163', 'NU-AP06167', 'NU-AP06164', 'NU-AP06162'], [(16.350, 27.700, 50.030), (6.580, 27.700, 59.750), (2.960, 27.700, 44.930), (10.830, 27.700, 31.890)], [-55, -72, -60, -75]]
[(9.751, 27.700, 48.022), (3.0, 48.81124944955534), 6.797377523811028, 1783261875612477324, ['NU-AP06163', 'NU-AP06167', 'NU-AP06164', 'NU-AP06162'], [(16.350, 27.700, 50.030), (6.580, 27.700, 59.750), (2.960, 27.700, 44.930), (10.830, 27.700, 31.890)], [-55, -72, -60, -75]]
[(9.751, 27.700, 48.022), (3.0, 46.98691230236872), 6.830228367326213, 1783261875665794071, ['NU-AP06163', 'NU-AP06167', 'NU-AP06164', 'NU-AP06162'], [(16.350, 27.700, 50.030), (6.580, 27.700, 59.750), (2.960, 27.700, 44.930), (10.830, 27.700, 31.890)], [-55, -72, -60, -75]]
[(9.751, 27.700, 48.022), (3.0, 45.23316967662198), 7.304615360184999, 1783261875717047674, ['NU-AP06163', 'NU-AP06167', 'NU-AP06164', 'NU-AP06162'], [(16.350, 27.700, 50.030), (6.580, 27.700, 59.750), (2.960, 27.700, 44.930), (10.830, 27.700, 31.890)], [-55, -72, -60, -75]]
[(9.751, 27.700, 48.022), (4.135597204431253, 44.5), 6.6287164829295415, 1783261875771662892, ['NU-AP06163', 'NU-AP06167', 'NU-AP06164', 'NU-AP06162'], [(16.350, 27.700, 50.030), (6.580, 27.700, 59.750), (2.960, 27.700, 44.930), (10.830, 27.700, 31.890)], [-55, -72, -60, -75]]
[(9.751, 27.700, 48.022), (5.938957471506093, 44.5), 5.190129735167975, 1783261875824366584, ['NU-AP06163', 'NU-AP06167', 'NU-AP06164', 'NU-AP06162'], [(16.350, 27.700, 50.030), (6.580, 27.700, 59.750), (2.960, 27.700, 44.930), (10.830, 27.700, 31.890)], [-55, -72, -60, -75]]
[(9.751, 27.700, 48.022), (7.808472506450329, 44.5), 4.022161925003297, 1783261875879003667, ['NU-AP06163', 'NU-AP06167', 'NU-AP06164', 'NU-AP06162'], [(16.350, 27.700, 50.030), (6.580, 27.700, 59.750), (2.960, 27.700, 44.930), (10.830, 27.700, 31.890)], [-55, -72, -60, -75]]
[(9.751, 27.700, 48.022), (9.0, 43.84741701369981), 4.241443995548725, 1783261875932898295, ['NU-AP06163', 'NU-AP06167', 'NU-AP06164', 'NU-AP06162'], [(16.350, 27.700, 50.030), (6.580, 27.700, 59.750), (2.960, 27.700, 44.930), (10.830, 27.700, 31.890)], [-55, -72, -60, -75]]
[(9.751, 27.700, 48.022), (9.0, 42.08303647109531), 5.986084287039318, 1783261875984462794, ['NU-AP06163', 'NU-AP06167', 'NU-AP06164', 'NU-AP06162'], [(16.350, 27.700, 50.030), (6.580, 27.700, 59.750), (2.960, 27.700, 44.930), (10.830, 27.700, 31.890)], [-55, -72, -60, -75]]
[(9.751, 27.700, 48.022), (9.0, 40.324626480541745), 7.733737278334798, 1783261876035852802, ['NU-AP06163', 'NU-AP06167', 'NU-AP06164', 'NU-AP06162'], [(16.350, 27.700, 50.030), (6.580, 27.700, 59.750), (2.960, 27.700, 44.930), (10.830, 27.700, 31.890)], [-55, -72, -60, -75]]
[(9.751, 27.700, 48.022), (9.0, 38.51494456116098), 9.536478875604287, 1783261876088741246, ['NU-AP06163', 'NU-AP06167', 'NU-AP06164', 'NU-AP06162'], [(16.350, 27.700, 50.030), (6.580, 27.700, 59.750), (2.960, 27.700, 44.930), (10.830, 27.700, 31.890)], [-55, -72, -60, -75]]
[(9.751, 27.700, 48.022), (9.0, 36.695914020079684), 11.35075938952914, 1783261876141902906, ['NU-AP06163', 'NU-AP06167', 'NU-AP06164', 'NU-AP06162'], [(16.350, 27.700, 50.030), (6.580, 27.700, 59.750), (2.960, 27.700, 44.930), (10.830, 27.700, 31.890)], [-55, -72, -60, -75]]
[(9.751, 27.700, 48.022), (9.0, 34.855867249379436), 13.18733279312739, 1783261876195678771, ['NU-AP06163', 'NU-AP06167', 'NU-AP06164', 'NU-AP06162'], [(16.350, 27.700, 50.030), (6.580, 27.700, 59.750), (2.960, 27.700, 44.930), (10.830, 27.700, 31.890)], [-55, -72, -60, -75]]
[(9.751, 27.700, 48.022), (9.0, 33.08953380784173), 14.951135526603379, 1783261876247300344, ['NU-AP06163', 'NU-AP06167', 'NU-AP06164', 'NU-AP06162'], [(16.350, 27.700, 50.030), (6.580, 27.700, 59.750), (2.960, 27.700, 44.930), (10.830, 27.700, 31.890)], [-55, -72, -60, -75]]
[(9.751, 27.700, 48.022), (9.0, 31.30246611867527), 16.73618604351497, 1783261876299527881, ['NU-AP06163', 'NU-AP06167', 'NU-AP06164', 'NU-AP06162'], [(16.350, 27.700, 50.030), (6.580, 27.700, 59.750), (2.960, 27.700, 44.930), (10.830, 27.700, 31.890)], [-55, -72, -60, -75]]
[(9.751, 27.700, 48.022), (9.0, 29.515710556643207), 18.5213137302495, 1783261876351746296, ['NU-AP06163', 'NU-AP06167', 'NU-AP06164', 'NU-AP06162'], [(16.350, 27.700, 50.030), (6.580, 27.700, 59.750), (2.960, 27.700, 44.930), (10.830, 27.700, 31.890)], [-55, -72, -60, -75]]
[(9.751, 27.700, 48.022), (9.0, 27.690786964931654), 20.34486969850901, 1783261876405080182, ['NU-AP06163', 'NU-AP06167', 'NU-AP06164', 'NU-AP06162'], [(16.350, 27.700, 50.030), (6.580, 27.700, 59.750), (2.960, 27.700, 44.930), (10.830, 27.700, 31.890)], [-55, -72, -60, -75]]
[(9.751, 27.700, 48.022), (9.0, 25.88655115421343), 22.147974865444326, 1783261876457809462, ['NU-AP06163', 'NU-AP06167', 'NU-AP06164', 'NU-AP06162'], [(16.350, 27.700, 50.030), (6.580, 27.700, 59.750), (2.960, 27.700, 44.930), (10.830, 27.700, 31.890)], [-55, -72, -60, -75]]
[(9.751, 27.700, 48.022), (9.0, 24.09806955171132), 23.93550387227008, 1783261876510078321, ['NU-AP06163', 'NU-AP06167', 'NU-AP06164', 'NU-AP06162'], [(16.350, 27.700, 50.030), (6.580, 27.700, 59.750), (2.960, 27.700, 44.930), (10.830, 27.700, 31.890)], [-55, -72, -60, -75]]
[(9.751, 27.700, 48.022), (9.0, 22.232214465756005), 25.800505875160226, 1783261876564608441, ['NU-AP06163', 'NU-AP06167', 'NU-AP06164', 'NU-AP06162'], [(16.350, 27.700, 50.030), (6.580, 27.700, 59.750), (2.960, 27.700, 44.930), (10.830, 27.700, 31.890)], [-55, -72, -60, -75]]
[(9.751, 27.700, 48.022), (9.0, 19.912844025580725), 28.118973680839087, 1783261876632392670, ['NU-AP06163', 'NU-AP06167', 'NU-AP06164', 'NU-AP06162'], [(16.350, 27.700, 50.030), (6.580, 27.700, 59.750), (2.960, 27.700, 44.930), (10.830, 27.700, 31.890)], [-55, -72, -60, -75]]
[(9.751, 27.700, 48.022), (9.0, 17.431169733837027), 30.599833676452437, 1783261876704920273, ['NU-AP06163', 'NU-AP06167', 'NU-AP06164', 'NU-AP06162'], [(16.350, 27.700, 50.030), (6.580, 27.700, 59.750), (2.960, 27.700, 44.930), (10.830, 27.700, 31.890)], [-55, -72, -60, -75]]
[(9.751, 27.700, 48.022), (9.0, 15.537239014022504), 32.49322662397611, 1783261876760270911, ['NU-AP06163', 'NU-AP06167', 'NU-AP06164', 'NU-AP06162'], [(16.350, 27.700, 50.030), (6.580, 27.700, 59.750), (2.960, 27.700, 44.930), (10.830, 27.700, 31.890)], [-55, -72, -60, -75]]
[(9.751, 27.700, 48.022), (9.0, 13.673289128554288), 34.35670513142507, 1783261876814745351, ['NU-AP06163', 'NU-AP06167', 'NU-AP06164', 'NU-AP06162'], [(16.350, 27.700, 50.030), (6.580, 27.700, 59.750), (2.960, 27.700, 44.930), (10.830, 27.700, 31.890)], [-55, -72, -60, -75]]
[(9.751, 27.700, 48.022), (10.208517248045922, 8.5), 39.52442079197107, 1783261877001255370, ['NU-AP06163', 'NU-AP06167', 'NU-AP06164', 'NU-AP06162'], [(16.350, 27.700, 50.030), (6.580, 27.700, 59.750), (2.960, 27.700, 44.930), (10.830, 27.700, 31.890)], [-55, -72, -60, -75]]
[(9.751, 27.700, 48.022), (12.399356286860723, 8.5), 39.61038577841084, 1783261877065283234, ['NU-AP06163', 'NU-AP06167', 'NU-AP06164', 'NU-AP06162'], [(16.350, 27.700, 50.030), (6.580, 27.700, 59.750), (2.960, 27.700, 44.930), (10.830, 27.700, 31.890)], [-55, -72, -60, -75]]
[(9.751, 27.700, 48.022), (16.821920042220967, 8.5), 40.14926471528393, 1783261877194533857, ['NU-AP06163', 'NU-AP06167', 'NU-AP06164', 'NU-AP06162'], [(16.350, 27.700, 50.030), (6.580, 27.700, 59.750), (2.960, 27.700, 44.930), (10.830, 27.700, 31.890)], [-55, -72, -60, -75]]
[(9.751, 27.700, 48.022), (19.19532348060035, 8.5), 40.634455937385496, 1783261877263897215, ['NU-AP06163', 'NU-AP06167', 'NU-AP06164', 'NU-AP06162'], [(16.350, 27.700, 50.030), (6.580, 27.700, 59.750), (2.960, 27.700, 44.930), (10.830, 27.700, 31.890)], [-55, -72, -60, -75]]
[(9.751, 27.700, 48.022), (34.68814072195606, 8.5), 46.73128617801135, 1783261877716678993, ['NU-AP06163', 'NU-AP06167', 'NU-AP06164', 'NU-AP06162'], [(16.350, 27.700, 50.030), (6.580, 27.700, 59.750), (2.960, 27.700, 44.930), (10.830, 27.700, 31.890)], [-55, -72, -60, -75]]
[(9.751, 27.700, 48.022), (37.04081791947597, 8.5), 48.02795555200248, 1783261877785436621, ['NU-AP06163', 'NU-AP06167', 'NU-AP06164', 'NU-AP06162'], [(16.350, 27.700, 50.030), (6.580, 27.700, 59.750), (2.960, 27.700, 44.930), (10.830, 27.700, 31.890)], [-55, -72, -60, -75]]
[(9.751, 27.700, 48.022), (49.34052855751112, 41.023674016342454), 40.20291613762619, 1783261878893500315, ['NU-AP06163', 'NU-AP06167', 'NU-AP06164', 'NU-AP06162'], [(16.350, 27.700, 50.030), (6.580, 27.700, 59.750), (2.960, 27.700, 44.930), (10.830, 27.700, 31.890)], [-55, -72, -60, -75]]
[(9.751, 27.700, 48.022), (50.60340964219136, 46.262291849090076), 40.88990659395983, 1783261879050986254, ['NU-AP06163', 'NU-AP06167', 'NU-AP06164', 'NU-AP06162'], [(16.350, 27.700, 50.030), (6.580, 27.700, 59.750), (2.960, 27.700, 44.930), (10.830, 27.700, 31.890)], [-55, -72, -60, -75]]
[(9.751, 27.700, 48.022), (51.152702198385, 48.5408387488563), 41.404580141924924, 1783261879119485066, ['NU-AP06163', 'NU-AP06167', 'NU-AP06164', 'NU-AP06162'], [(16.350, 27.700, 50.030), (6.580, 27.700, 59.750), (2.960, 27.700, 44.930), (10.830, 27.700, 31.890)], [-55, -72, -60, -75]]
[(7.092, 27.700, 51.968), (52.27078958757701, 53.17883088180095), 45.19543757579, 1783261879258914696, ['NU-AP06163', 'NU-AP06167', 'NU-AP06164', 'NU-AP06162', 'NU-AP06165'], [(16.350, 27.700, 50.030), (6.580, 27.700, 59.750), (2.960, 27.700, 44.930), (10.830, 27.700, 31.890), (3.940, 27.700, 71.250)], [-55, -72, -60, -75, -76]]
[(6.965, 27.700, 51.642), (53.36957739644237, 57.73676549635353), 46.80295264360133, 1783261879395937597, ['NU-AP06163', 'NU-AP06167', 'NU-AP06164', 'NU-AP06162', 'NU-AP06165'], [(16.350, 27.700, 50.030), (6.580, 27.700, 59.750), (2.960, 27.700, 44.930), (10.830, 27.700, 31.890), (3.940, 27.700, 71.250)], [-55, -72, -60, -74, -76]]
[(6.965, 27.700, 51.642), (13.029260357213158, 64.5), 14.216048712126948, 1783261880825863550, ['NU-AP06163', 'NU-AP06167', 'NU-AP06164', 'NU-AP06162', 'NU-AP06165'], [(16.350, 27.700, 50.030), (6.580, 27.700, 59.750), (2.960, 27.700, 44.930), (10.830, 27.700, 31.890), (3.940, 27.700, 71.250)], [-55, -72, -60, -74, -76]]
[(6.965, 27.700, 51.642), (8.120712497923558, 64.5), 12.909597593045662, 1783261880969317190, ['NU-AP06163', 'NU-AP06167', 'NU-AP06164', 'NU-AP06162', 'NU-AP06165'], [(16.350, 27.700, 50.030), (6.580, 27.700, 59.750), (2.960, 27.700, 44.930), (10.830, 27.700, 31.890), (3.940, 27.700, 71.250)], [-55, -72, -60, -74, -76]]
[(6.965, 27.700, 51.642), (5.618401647979818, 64.5), 12.928109052358995, 1783261881042447902, ['NU-AP06163', 'NU-AP06167', 'NU-AP06164', 'NU-AP06162', 'NU-AP06165'], [(16.350, 27.700, 50.030), (6.580, 27.700, 59.750), (2.960, 27.700, 44.930), (10.830, 27.700, 31.890), (3.940, 27.700, 71.250)], [-55, -72, -60, -74, -76]]
[(6.965, 27.700, 51.642), (2.9999999999999885, 64.5), 13.455280340982846, 1783261881118971399, ['NU-AP06163', 'NU-AP06167', 'NU-AP06164', 'NU-AP06162', 'NU-AP06165'], [(16.350, 27.700, 50.030), (6.580, 27.700, 59.750), (2.960, 27.700, 44.930), (10.830, 27.700, 31.890), (3.940, 27.700, 71.250)], [-55, -72, -60, -74, -76]]
50-70-mul
50-67-mul
