4 5 1783257203712420651
{'names': [], 'addresses': [], 'ssids': [], 'signals': [], 'timestamps': [], 'frequencies': []}
8 10 1783257203781735025
{'names': [], 'addresses': [], 'ssids': [], 'signals': [], 'timestamps': [], 'frequencies': []}
12 15 1783257203853029702
{'names': [], 'addresses': [], 'ssids': [], 'signals': [], 'timestamps': [], 'frequencies': []}
16 20 1783257203918033924
{'names': ['NU-AP06164'], 'addresses': ['48:00:b3:5f:72:e0'], 'ssids': ['iotroam'], 'signals': [-59], 'timestamps': [1.783257203868034e+18], 'frequencies': [2437]}
19 25 1783257203985304798
{'names': ['NU-AP06164'], 'addresses': ['48:00:b3:5f:72:e0'], 'ssids': ['iotroam'], 'signals': [-59], 'timestamps': [1.783257203868034e+18], 'frequencies': [2437]}
22 30 1783257204052988455
{'names': ['NU-AP06164', 'NU-AP06163'], 'addresses': ['48:00:b3:5f:72:e0', '48:00:b3:5f:46:a0'], 'ssids': ['iotroam', 'iotroam'], 'signals': [-59, -56], 'timestamps': [1.783257203868034e+18, 1.7832572040189885e+18], 'frequencies': [2437, 2462]}
26 35 1783257204122095542
{'names': ['NU-AP06164', 'NU-AP06163'], 'addresses': ['48:00:b3:5f:72:e0', '48:00:b3:5f:46:a0'], 'ssids': ['iotroam', 'iotroam'], 'signals': [-59, -56], 'timestamps': [1.7832572038680955e+18, 1.7832572040200955e+18], 'frequencies': [2437, 2462]}
28 40 1783257204190864221
{'names': ['NU-AP06164', 'NU-AP06163'], 'addresses': ['48:00:b3:5f:72:e0', '48:00:b3:5f:46:a0'], 'ssids': ['iotroam', 'iotroam'], 'signals': [-59, -56], 'timestamps': [1.7832572038680955e+18, 1.7832572040200955e+18], 'frequencies': [2437, 2462]}
32 45 1783257204260213794
{'names': ['NU-AP06164', 'NU-AP06163'], 'addresses': ['48:00:b3:5f:72:e0', '48:00:b3:5f:46:a0'], 'ssids': ['iotroam', 'iotroam'], 'signals': [-59, -56], 'timestamps': [1.7832572038682138e+18, 1.7832572040202138e+18], 'frequencies': [2437, 2462]}
34 50 1783257204329878914
{'names': ['NU-AP06164', 'NU-AP06163'], 'addresses': ['48:00:b3:5f:72:e0', '48:00:b3:5f:46:a0'], 'ssids': ['iotroam', 'iotroam'], 'signals': [-59, -56], 'timestamps': [1.7832572038682138e+18, 1.7832572040202138e+18], 'frequencies': [2437, 2462]}
36 55 1783257204398410935
{'names': ['NU-AP06164', 'NU-AP06163'], 'addresses': ['48:00:b3:5f:72:e0', '48:00:b3:5f:46:a0'], 'ssids': ['iotroam', 'iotroam'], 'signals': [-59, -56], 'timestamps': [1.7832572038682138e+18, 1.7832572040202138e+18], 'frequencies': [2437, 2462]}
40 60 1783257204466272788
{'names': ['NU-AP06164', 'NU-AP06163'], 'addresses': ['48:00:b3:5f:72:e0', '48:00:b3:5f:46:a0'], 'ssids': ['iotroam', 'iotroam'], 'signals': [-59, -56], 'timestamps': [1.7832572038682726e+18, 1.7832572040202726e+18], 'frequencies': [2437, 2462]}
42 65 1783257204534254252
{'names': ['NU-AP06164', 'NU-AP06163'], 'addresses': ['48:00:b3:5f:72:e0', '48:00:b3:5f:46:a0'], 'ssids': ['iotroam', 'iotroam'], 'signals': [-59, -56], 'timestamps': [1.7832572038682726e+18, 1.7832572040202726e+18], 'frequencies': [2437, 2462]}
44 70 1783257204602618858
{'names': ['NU-AP06164', 'NU-AP06163'], 'addresses': ['48:00:b3:5f:72:e0', '48:00:b3:5f:46:a0'], 'ssids': ['iotroam', 'iotroam'], 'signals': [-59, -56], 'timestamps': [1.7832572038682726e+18, 1.7832572040202726e+18], 'frequencies': [2437, 2462]}
46 75 1783257204670719500
{'names': ['NU-AP06164', 'NU-AP06163'], 'addresses': ['48:00:b3:5f:72:e0', '48:00:b3:5f:46:a0'], 'ssids': ['iotroam', 'iotroam'], 'signals': [-59, -56], 'timestamps': [1.7832572038682726e+18, 1.7832572040202726e+18], 'frequencies': [2437, 2462]}
48 80 1783257204739153390
{'names': ['NU-AP06164', 'NU-AP06163'], 'addresses': ['48:00:b3:5f:72:e0', '48:00:b3:5f:46:a0'], 'ssids': ['iotroam', 'iotroam'], 'signals': [-59, -56], 'timestamps': [1.7832572038682726e+18, 1.7832572040202726e+18], 'frequencies': [2437, 2462]}
50 85 1783257204810157521
{'names': ['NU-AP06164', 'NU-AP06163'], 'addresses': ['48:00:b3:5f:72:e0', '48:00:b3:5f:46:a0'], 'ssids': ['iotroam', 'iotroam'], 'signals': [-59, -56], 'timestamps': [1.7832572038682726e+18, 1.7832572040202726e+18], 'frequencies': [2437, 2462]}
52 90 1783257204881128050
{'names': ['NU-AP06164', 'NU-AP06163'], 'addresses': ['48:00:b3:5f:72:e0', '48:00:b3:5f:46:a0'], 'ssids': ['iotroam', 'iotroam'], 'signals': [-59, -56], 'timestamps': [1.7832572038682726e+18, 1.7832572040202726e+18], 'frequencies': [2437, 2462]}
54 95 1783257204950996805
{'names': ['NU-AP06164', 'NU-AP06163'], 'addresses': ['48:00:b3:5f:72:e0', '48:00:b3:5f:46:a0'], 'ssids': ['iotroam', 'iotroam'], 'signals': [-59, -56], 'timestamps': [1.7832572038682726e+18, 1.7832572040202726e+18], 'frequencies': [2437, 2462]}
56 100 1783257205020027120
{'names': ['NU-AP06164', 'NU-AP06163'], 'addresses': ['48:00:b3:5f:72:e0', '48:00:b3:5f:46:a0'], 'ssids': ['iotroam', 'iotroam'], 'signals': [-59, -56], 'timestamps': [1.7832572038682726e+18, 1.7832572040202726e+18], 'frequencies': [2437, 2462]}
58 105 1783257205088953366
{'names': ['NU-AP06164', 'NU-AP06163'], 'addresses': ['48:00:b3:5f:72:e0', '48:00:b3:5f:46:a0'], 'ssids': ['iotroam', 'iotroam'], 'signals': [-59, -56], 'timestamps': [1.7832572038682726e+18, 1.7832572040202726e+18], 'frequencies': [2437, 2462]}
60 110 1783257205157481624
{'names': ['NU-AP06164', 'NU-AP06163'], 'addresses': ['48:00:b3:5f:72:e0', '48:00:b3:5f:46:a0'], 'ssids': ['iotroam', 'iotroam'], 'signals': [-59, -56], 'timestamps': [1.7832572038682726e+18, 1.7832572040202726e+18], 'frequencies': [2437, 2462]}
62 115 1783257205227318224
{'names': ['NU-AP06164', 'NU-AP06163'], 'addresses': ['48:00:b3:5f:72:e0', '48:00:b3:5f:46:a0'], 'ssids': ['iotroam', 'iotroam'], 'signals': [-59, -56], 'timestamps': [1.7832572038682726e+18, 1.7832572040202726e+18], 'frequencies': [2437, 2462]}
64 120 1783257205298624583
{'names': ['NU-AP06164', 'NU-AP06163'], 'addresses': ['48:00:b3:5f:72:e0', '48:00:b3:5f:46:a0'], 'ssids': ['iotroam', 'iotroam'], 'signals': [-59, -56], 'timestamps': [1.7832572038682726e+18, 1.7832572040202726e+18], 'frequencies': [2437, 2462]}
66 125 1783257205368074000
{'names': ['NU-AP06164', 'NU-AP06163'], 'addresses': ['48:00:b3:5f:72:e0', '48:00:b3:5f:46:a0'], 'ssids': ['iotroam', 'iotroam'], 'signals': [-59, -56], 'timestamps': [1.7832572038682726e+18, 1.7832572040202726e+18], 'frequencies': [2437, 2462]}
68 130 1783257205436045884
{'names': ['NU-AP06164', 'NU-AP06163'], 'addresses': ['48:00:b3:5f:72:e0', '48:00:b3:5f:46:a0'], 'ssids': ['iotroam', 'iotroam'], 'signals': [-59, -56], 'timestamps': [1.7832572038682726e+18, 1.7832572040202726e+18], 'frequencies': [2437, 2462]}
70 135 1783257205504104332
{'names': ['NU-AP06164', 'NU-AP06163'], 'addresses': ['48:00:b3:5f:72:e0', '48:00:b3:5f:46:a0'], 'ssids': ['iotroam', 'iotroam'], 'signals': [-59, -56], 'timestamps': [1.7832572038682726e+18, 1.7832572040202726e+18], 'frequencies': [2437, 2462]}
72 140 1783257205573831448
{'names': ['NU-AP06164', 'NU-AP06163'], 'addresses': ['48:00:b3:5f:72:e0', '48:00:b3:5f:46:a0'], 'ssids': ['iotroam', 'iotroam'], 'signals': [-59, -56], 'timestamps': [1.7832572038682726e+18, 1.7832572040202726e+18], 'frequencies': [2437, 2462]}
74 145 1783257205643588254
{'names': ['NU-AP06164', 'NU-AP06163'], 'addresses': ['48:00:b3:5f:72:e0', '48:00:b3:5f:46:a0'], 'ssids': ['iotroam', 'iotroam'], 'signals': [-59, -56], 'timestamps': [1.7832572038682726e+18, 1.7832572040202726e+18], 'frequencies': [2437, 2462]}
76 150 1783257205712591980
{'names': ['NU-AP06164', 'NU-AP06163', 'NU-AP06162'], 'addresses': ['48:00:b3:5f:72:e0', '48:00:b3:5f:46:a0', '48:00:b3:5a:90:8e'], 'ssids': ['iotroam', 'iotroam', 'eduroam'], 'signals': [-59, -56, -74], 'timestamps': [1.7832572038682726e+18, 1.7832572040202726e+18, 1.783257205696592e+18], 'frequencies': [2437, 2462, 5320]}
78 154 1783257205783322120
{'names': ['NU-AP06164', 'NU-AP06163', 'NU-AP06162', 'NU-AP06163'], 'addresses': ['48:00:b3:5f:72:e0', '48:00:b3:5f:46:a0', '48:00:b3:5a:90:8e', '48:00:b3:5f:46:ae'], 'ssids': ['iotroam', 'iotroam', 'eduroam', 'eduroam'], 'signals': [-59, -56, -74, -62], 'timestamps': [1.7832572038682726e+18, 1.7832572040202726e+18, 1.783257205696592e+18, 1.783257205740322e+18], 'frequencies': [2437, 2462, 5320, 5500]}
80 157 1783257205854232259
{'names': ['NU-AP06164', 'NU-AP06163', 'NU-AP06162', 'NU-AP06163'], 'addresses': ['48:00:b3:5f:72:e0', '48:00:b3:5f:46:a0', '48:00:b3:5a:90:8e', '48:00:b3:5f:46:ae'], 'ssids': ['iotroam', 'iotroam', 'eduroam', 'eduroam'], 'signals': [-59, -56, -74, -62], 'timestamps': [1.7832572038682726e+18, 1.7832572040202726e+18, 1.783257205696592e+18, 1.783257205740322e+18], 'frequencies': [2437, 2462, 5320, 5500]}
82 162 1783257205928046105
{'names': ['NU-AP06164', 'NU-AP06163', 'NU-AP06162', 'NU-AP06163'], 'addresses': ['48:00:b3:5f:72:e0', '48:00:b3:5f:46:a0', '48:00:b3:5a:90:8e', '48:00:b3:5f:46:ae'], 'ssids': ['iotroam', 'iotroam', 'eduroam', 'eduroam'], 'signals': [-59, -56, -74, -62], 'timestamps': [1.7832572038682726e+18, 1.7832572040202726e+18, 1.783257205697046e+18, 1.783257205741046e+18], 'frequencies': [2437, 2462, 5320, 5500]}
84 165 1783257205999891640
{'names': ['NU-AP06164', 'NU-AP06163', 'NU-AP06162', 'NU-AP06163'], 'addresses': ['48:00:b3:5f:72:e0', '48:00:b3:5f:46:a0', '48:00:b3:5a:90:8e', '48:00:b3:5f:46:ae'], 'ssids': ['iotroam', 'iotroam', 'eduroam', 'eduroam'], 'signals': [-59, -56, -74, -62], 'timestamps': [1.7832572038682726e+18, 1.7832572040202726e+18, 1.783257205697046e+18, 1.783257205741046e+18], 'frequencies': [2437, 2462, 5320, 5500]}
86 168 1783257206071233006
{'names': ['NU-AP06164', 'NU-AP06163', 'NU-AP06162', 'NU-AP06163', 'NU-AP06164'], 'addresses': ['48:00:b3:5f:72:e0', '48:00:b3:5f:46:a0', '48:00:b3:5a:90:8e', '48:00:b3:5f:46:ae', '48:00:b3:5f:72:ee'], 'ssids': ['iotroam', 'iotroam', 'eduroam', 'eduroam', 'eduroam'], 'signals': [-59, -56, -74, -62, -64], 'timestamps': [1.7832572038682726e+18, 1.7832572040202726e+18, 1.783257205697046e+18, 1.783257205741046e+18, 1.783257206003233e+18], 'frequencies': [2437, 2462, 5320, 5500, 5540]}
90 173 1783257206143390108
{'names': ['NU-AP06164', 'NU-AP06163', 'NU-AP06162', 'NU-AP06163', 'NU-AP06164'], 'addresses': ['48:00:b3:5f:72:e0', '48:00:b3:5f:46:a0', '48:00:b3:5a:90:8e', '48:00:b3:5f:46:ae', '48:00:b3:5f:72:ee'], 'ssids': ['iotroam', 'iotroam', 'eduroam', 'eduroam', 'eduroam'], 'signals': [-59, -56, -74, -62, -64], 'timestamps': [1.7832572038683901e+18, 1.7832572040203901e+18, 1.78325720569739e+18, 1.7832572057413903e+18, 1.7832572060043901e+18], 'frequencies': [2437, 2462, 5320, 5500, 5540]}
94 178 1783257206217596062
{'names': ['NU-AP06164', 'NU-AP06163', 'NU-AP06162', 'NU-AP06163', 'NU-AP06164', 'NU-AP07183'], 'addresses': ['48:00:b3:5f:72:e0', '48:00:b3:5f:46:a0', '48:00:b3:5a:90:8e', '48:00:b3:5f:46:ae', '48:00:b3:5f:72:ee', '48:00:b3:5f:70:2f'], 'ssids': ['iotroam', 'iotroam', 'eduroam', 'eduroam', 'eduroam', 'iotroam'], 'signals': [-59, -56, -74, -62, -64, -81], 'timestamps': [1.7832572038685962e+18, 1.7832572040205962e+18, 1.7832572056975962e+18, 1.7832572057415962e+18, 1.7832572060045962e+18, 1.7832572062045962e+18], 'frequencies': [2437, 2462, 5320, 5500, 5540, 5580]}
96 179 1783257206287732498
{'names': ['NU-AP06164', 'NU-AP06163', 'NU-AP06162', 'NU-AP06163', 'NU-AP06164', 'NU-AP07183'], 'addresses': ['48:00:b3:5f:72:e0', '48:00:b3:5f:46:a0', '48:00:b3:5a:90:8e', '48:00:b3:5f:46:ae', '48:00:b3:5f:72:ee', '48:00:b3:5f:70:2f'], 'ssids': ['iotroam', 'iotroam', 'eduroam', 'eduroam', 'eduroam', 'iotroam'], 'signals': [-59, -56, -74, -62, -64, -81], 'timestamps': [1.7832572038685962e+18, 1.7832572040205962e+18, 1.7832572056975962e+18, 1.7832572057415962e+18, 1.7832572060045962e+18, 1.7832572062045962e+18], 'frequencies': [2437, 2462, 5320, 5500, 5540, 5580]}
98 180 1783257206361381067
{'names': ['NU-AP06164', 'NU-AP06163', 'NU-AP06162', 'NU-AP06163', 'NU-AP06164', 'NU-AP07183'], 'addresses': ['48:00:b3:5f:72:e0', '48:00:b3:5f:46:a0', '48:00:b3:5a:90:8e', '48:00:b3:5f:46:ae', '48:00:b3:5f:72:ee', '48:00:b3:5f:70:2f'], 'ssids': ['iotroam', 'iotroam', 'eduroam', 'eduroam', 'eduroam', 'iotroam'], 'signals': [-59, -56, -74, -62, -64, -81], 'timestamps': [1.7832572038685962e+18, 1.7832572040205962e+18, 1.7832572056975962e+18, 1.7832572057415962e+18, 1.7832572060045962e+18, 1.7832572062045962e+18], 'frequencies': [2437, 2462, 5320, 5500, 5540, 5580]}
100 181 1783257206432820878
{'names': ['NU-AP06164', 'NU-AP06163', 'NU-AP06162', 'NU-AP06163', 'NU-AP06164', 'NU-AP07183'], 'addresses': ['48:00:b3:5f:72:e0', '48:00:b3:5f:46:a0', '48:00:b3:5a:90:8e', '48:00:b3:5f:46:ae', '48:00:b3:5f:72:ee', '48:00:b3:5f:70:2f'], 'ssids': ['iotroam', 'iotroam', 'eduroam', 'eduroam', 'eduroam', 'iotroam'], 'signals': [-59, -56, -74, -62, -64, -81], 'timestamps': [1.7832572038685962e+18, 1.7832572040205962e+18, 1.7832572056975962e+18, 1.7832572057415962e+18, 1.7832572060045962e+18, 1.7832572062045962e+18], 'frequencies': [2437, 2462, 5320, 5500, 5540, 5580]}
102 182 1783257206505881401
{'names': ['NU-AP06164', 'NU-AP06163', 'NU-AP06162', 'NU-AP06163', 'NU-AP06164', 'NU-AP07183'], 'addresses': ['48:00:b3:5f:72:e0', '48:00:b3:5f:46:a0', '48:00:b3:5a:90:8e', '48:00:b3:5f:46:ae', '48:00:b3:5f:72:ee', '48:00:b3:5f:70:2f'], 'ssids': ['iotroam', 'iotroam', 'eduroam', 'eduroam', 'eduroam', 'iotroam'], 'signals': [-59, -56, -74, -62, -64, -81], 'timestamps': [1.7832572038685962e+18, 1.7832572040205962e+18, 1.7832572056975962e+18, 1.7832572057415962e+18, 1.7832572060045962e+18, 1.7832572062045962e+18], 'frequencies': [2437, 2462, 5320, 5500, 5540, 5580]}
104 183 1783257206579051298
{'names': ['NU-AP06164', 'NU-AP06163', 'NU-AP06162', 'NU-AP06163', 'NU-AP06164', 'NU-AP07183'], 'addresses': ['48:00:b3:5f:72:e0', '48:00:b3:5f:46:a0', '48:00:b3:5a:90:8e', '48:00:b3:5f:46:ae', '48:00:b3:5f:72:ee', '48:00:b3:5f:70:2f'], 'ssids': ['iotroam', 'iotroam', 'eduroam', 'eduroam', 'eduroam', 'iotroam'], 'signals': [-59, -56, -74, -62, -64, -81], 'timestamps': [1.7832572038685962e+18, 1.7832572040205962e+18, 1.7832572056975962e+18, 1.7832572057415962e+18, 1.7832572060045962e+18, 1.7832572062045962e+18], 'frequencies': [2437, 2462, 5320, 5500, 5540, 5580]}
106 184 1783257206652990886
{'names': ['NU-AP06164', 'NU-AP06163', 'NU-AP06162', 'NU-AP06163', 'NU-AP06164', 'NU-AP07183', 'NU-AP06167'], 'addresses': ['48:00:b3:5f:72:e0', '48:00:b3:5f:46:a0', '48:00:b3:5a:90:8e', '48:00:b3:5f:46:ae', '48:00:b3:5f:72:ee', '48:00:b3:5f:70:2f', '48:00:b3:5e:0b:ef'], 'ssids': ['iotroam', 'iotroam', 'eduroam', 'eduroam', 'eduroam', 'iotroam', 'iotroam'], 'signals': [-59, -56, -74, -62, -64, -81, -79], 'timestamps': [1.7832572038685962e+18, 1.7832572040205962e+18, 1.7832572056975962e+18, 1.7832572057415962e+18, 1.7832572060045962e+18, 1.7832572062045962e+18, 1.783257206619991e+18], 'frequencies': [2437, 2462, 5320, 5500, 5540, 5580, 5660]}
108 185 1783257206724210471
{'names': ['NU-AP06164', 'NU-AP06163', 'NU-AP06162', 'NU-AP06163', 'NU-AP06164', 'NU-AP07183', 'NU-AP06167'], 'addresses': ['48:00:b3:5f:72:e0', '48:00:b3:5f:46:a0', '48:00:b3:5a:90:8e', '48:00:b3:5f:46:ae', '48:00:b3:5f:72:ee', '48:00:b3:5f:70:2f', '48:00:b3:5e:0b:ef'], 'ssids': ['iotroam', 'iotroam', 'eduroam', 'eduroam', 'eduroam', 'iotroam', 'iotroam'], 'signals': [-59, -56, -74, -62, -64, -81, -79], 'timestamps': [1.7832572038685962e+18, 1.7832572040205962e+18, 1.7832572056975962e+18, 1.7832572057415962e+18, 1.7832572060045962e+18, 1.7832572062045962e+18, 1.7832572066202104e+18], 'frequencies': [2437, 2462, 5320, 5500, 5540, 5580, 5660]}
110 185 1783257206797984298
{'names': ['NU-AP06164', 'NU-AP06163', 'NU-AP06162', 'NU-AP06163', 'NU-AP06164', 'NU-AP07183', 'NU-AP06167'], 'addresses': ['48:00:b3:5f:72:e0', '48:00:b3:5f:46:a0', '48:00:b3:5a:90:8e', '48:00:b3:5f:46:ae', '48:00:b3:5f:72:ee', '48:00:b3:5f:70:2f', '48:00:b3:5e:0b:ef'], 'ssids': ['iotroam', 'iotroam', 'eduroam', 'eduroam', 'eduroam', 'iotroam', 'iotroam'], 'signals': [-59, -56, -74, -62, -64, -81, -79], 'timestamps': [1.7832572038685962e+18, 1.7832572040205962e+18, 1.7832572056975962e+18, 1.7832572057415962e+18, 1.7832572060045962e+18, 1.7832572062045962e+18, 1.7832572066202104e+18], 'frequencies': [2437, 2462, 5320, 5500, 5540, 5580, 5660]}
112 185 1783257206869747636
{'names': ['NU-AP06164', 'NU-AP06163', 'NU-AP06162', 'NU-AP06163', 'NU-AP06164', 'NU-AP07183', 'NU-AP06167'], 'addresses': ['48:00:b3:5f:72:e0', '48:00:b3:5f:46:a0', '48:00:b3:5a:90:8e', '48:00:b3:5f:46:ae', '48:00:b3:5f:72:ee', '48:00:b3:5f:70:2f', '48:00:b3:5e:0b:ef'], 'ssids': ['iotroam', 'iotroam', 'eduroam', 'eduroam', 'eduroam', 'iotroam', 'iotroam'], 'signals': [-59, -56, -74, -62, -64, -81, -79], 'timestamps': [1.7832572038685962e+18, 1.7832572040205962e+18, 1.7832572056975962e+18, 1.7832572057415962e+18, 1.7832572060045962e+18, 1.7832572062045962e+18, 1.7832572066202104e+18], 'frequencies': [2437, 2462, 5320, 5500, 5540, 5580, 5660]}
114 185 1783257206942649334
{'names': ['NU-AP06164', 'NU-AP06163', 'NU-AP06162', 'NU-AP06163', 'NU-AP06164', 'NU-AP07183', 'NU-AP06167'], 'addresses': ['48:00:b3:5f:72:e0', '48:00:b3:5f:46:a0', '48:00:b3:5a:90:8e', '48:00:b3:5f:46:ae', '48:00:b3:5f:72:ee', '48:00:b3:5f:70:2f', '48:00:b3:5e:0b:ef'], 'ssids': ['iotroam', 'iotroam', 'eduroam', 'eduroam', 'eduroam', 'iotroam', 'iotroam'], 'signals': [-59, -56, -74, -62, -64, -81, -79], 'timestamps': [1.7832572038685962e+18, 1.7832572040205962e+18, 1.7832572056975962e+18, 1.7832572057415962e+18, 1.7832572060045962e+18, 1.7832572062045962e+18, 1.7832572066202104e+18], 'frequencies': [2437, 2462, 5320, 5500, 5540, 5580, 5660]}
116 185 1783257207015830433
{'names': ['NU-AP06164', 'NU-AP06163', 'NU-AP06162', 'NU-AP06163', 'NU-AP06164', 'NU-AP07183', 'NU-AP06167'], 'addresses': ['48:00:b3:5f:72:e0', '48:00:b3:5f:46:a0', '48:00:b3:5a:90:8e', '48:00:b3:5f:46:ae', '48:00:b3:5f:72:ee', '48:00:b3:5f:70:2f', '48:00:b3:5e:0b:ef'], 'ssids': ['iotroam', 'iotroam', 'eduroam', 'eduroam', 'eduroam', 'iotroam', 'iotroam'], 'signals': [-59, -56, -74, -62, -64, -81, -79], 'timestamps': [1.7832572038685962e+18, 1.7832572040205962e+18, 1.7832572056975962e+18, 1.7832572057415962e+18, 1.7832572060045962e+18, 1.7832572062045962e+18, 1.7832572066202104e+18], 'frequencies': [2437, 2462, 5320, 5500, 5540, 5580, 5660]}
120 190 1783257207087879797
{'names': ['NU-AP06164', 'NU-AP06163', 'NU-AP06162', 'NU-AP06163', 'NU-AP06164', 'NU-AP07183', 'NU-AP06167'], 'addresses': ['48:00:b3:5f:72:e0', '48:00:b3:5f:46:a0', '48:00:b3:5a:90:8e', '48:00:b3:5f:46:ae', '48:00:b3:5f:72:ee', '48:00:b3:5f:70:2f', '48:00:b3:5e:0b:ef'], 'ssids': ['iotroam', 'iotroam', 'eduroam', 'eduroam', 'eduroam', 'iotroam', 'iotroam'], 'signals': [-59, -56, -74, -62, -64, -81, -79], 'timestamps': [1.7832572038688796e+18, 1.7832572040208796e+18, 1.7832572056978796e+18, 1.7832572057418798e+18, 1.7832572060048796e+18, 1.7832572062048796e+18, 1.7832572066208796e+18], 'frequencies': [2437, 2462, 5320, 5500, 5540, 5580, 5660]}
122 190 1783257207160411821
{'names': ['NU-AP06164', 'NU-AP06163', 'NU-AP06162', 'NU-AP06163', 'NU-AP06164', 'NU-AP07183', 'NU-AP06167'], 'addresses': ['48:00:b3:5f:72:e0', '48:00:b3:5f:46:a0', '48:00:b3:5a:90:8e', '48:00:b3:5f:46:ae', '48:00:b3:5f:72:ee', '48:00:b3:5f:70:2f', '48:00:b3:5e:0b:ef'], 'ssids': ['iotroam', 'iotroam', 'eduroam', 'eduroam', 'eduroam', 'iotroam', 'iotroam'], 'signals': [-59, -56, -74, -62, -64, -81, -79], 'timestamps': [1.7832572038688796e+18, 1.7832572040208796e+18, 1.7832572056978796e+18, 1.7832572057418798e+18, 1.7832572060048796e+18, 1.7832572062048796e+18, 1.7832572066208796e+18], 'frequencies': [2437, 2462, 5320, 5500, 5540, 5580, 5660]}
124 190 1783257207233145357
{'names': ['NU-AP06164', 'NU-AP06163', 'NU-AP06162', 'NU-AP06163', 'NU-AP06164', 'NU-AP07183', 'NU-AP06167'], 'addresses': ['48:00:b3:5f:72:e0', '48:00:b3:5f:46:a0', '48:00:b3:5a:90:8e', '48:00:b3:5f:46:ae', '48:00:b3:5f:72:ee', '48:00:b3:5f:70:2f', '48:00:b3:5e:0b:ef'], 'ssids': ['iotroam', 'iotroam', 'eduroam', 'eduroam', 'eduroam', 'iotroam', 'iotroam'], 'signals': [-59, -56, -74, -62, -64, -81, -79], 'timestamps': [1.7832572038688796e+18, 1.7832572040208796e+18, 1.7832572056978796e+18, 1.7832572057418798e+18, 1.7832572060048796e+18, 1.7832572062048796e+18, 1.7832572066208796e+18], 'frequencies': [2437, 2462, 5320, 5500, 5540, 5580, 5660]}
126 190 1783257207334368560
{'names': ['NU-AP06164', 'NU-AP06163', 'NU-AP06162', 'NU-AP06163', 'NU-AP06164', 'NU-AP07183', 'NU-AP06167'], 'addresses': ['48:00:b3:5f:72:e0', '48:00:b3:5f:46:a0', '48:00:b3:5a:90:8e', '48:00:b3:5f:46:ae', '48:00:b3:5f:72:ee', '48:00:b3:5f:70:2f', '48:00:b3:5e:0b:ef'], 'ssids': ['iotroam', 'iotroam', 'eduroam', 'eduroam', 'eduroam', 'iotroam', 'iotroam'], 'signals': [-59, -56, -74, -62, -64, -81, -79], 'timestamps': [1.7832572038688796e+18, 1.7832572040208796e+18, 1.7832572056978796e+18, 1.7832572057418798e+18, 1.7832572060048796e+18, 1.7832572062048796e+18, 1.7832572066208796e+18], 'frequencies': [2437, 2462, 5320, 5500, 5540, 5580, 5660]}
128 190 1783257207404813192
{'names': ['NU-AP06164', 'NU-AP06163', 'NU-AP06162', 'NU-AP06163', 'NU-AP06164', 'NU-AP07183', 'NU-AP06167'], 'addresses': ['48:00:b3:5f:72:e0', '48:00:b3:5f:46:a0', '48:00:b3:5a:90:8e', '48:00:b3:5f:46:ae', '48:00:b3:5f:72:ee', '48:00:b3:5f:70:2f', '48:00:b3:5e:0b:ef'], 'ssids': ['iotroam', 'iotroam', 'eduroam', 'eduroam', 'eduroam', 'iotroam', 'iotroam'], 'signals': [-59, -56, -74, -62, -64, -81, -79], 'timestamps': [1.7832572038688796e+18, 1.7832572040208796e+18, 1.7832572056978796e+18, 1.7832572057418798e+18, 1.7832572060048796e+18, 1.7832572062048796e+18, 1.7832572066208796e+18], 'frequencies': [2437, 2462, 5320, 5500, 5540, 5580, 5660]}
130 190 1783257207477023684
{'names': ['NU-AP06164', 'NU-AP06163', 'NU-AP06162', 'NU-AP06163', 'NU-AP06164', 'NU-AP07183', 'NU-AP06167'], 'addresses': ['48:00:b3:5f:72:e0', '48:00:b3:5f:46:a0', '48:00:b3:5a:90:8e', '48:00:b3:5f:46:ae', '48:00:b3:5f:72:ee', '48:00:b3:5f:70:2f', '48:00:b3:5e:0b:ef'], 'ssids': ['iotroam', 'iotroam', 'eduroam', 'eduroam', 'eduroam', 'iotroam', 'iotroam'], 'signals': [-59, -56, -74, -62, -64, -81, -79], 'timestamps': [1.7832572038688796e+18, 1.7832572040208796e+18, 1.7832572056978796e+18, 1.7832572057418798e+18, 1.7832572060048796e+18, 1.7832572062048796e+18, 1.7832572066208796e+18], 'frequencies': [2437, 2462, 5320, 5500, 5540, 5580, 5660]}
132 190 1783257207548180880
{'names': ['NU-AP06164', 'NU-AP06163', 'NU-AP06162', 'NU-AP06163', 'NU-AP06164', 'NU-AP07183', 'NU-AP06167'], 'addresses': ['48:00:b3:5f:72:e0', '48:00:b3:5f:46:a0', '48:00:b3:5a:90:8e', '48:00:b3:5f:46:ae', '48:00:b3:5f:72:ee', '48:00:b3:5f:70:2f', '48:00:b3:5e:0b:ef'], 'ssids': ['iotroam', 'iotroam', 'eduroam', 'eduroam', 'eduroam', 'iotroam', 'iotroam'], 'signals': [-59, -56, -74, -62, -64, -81, -79], 'timestamps': [1.7832572038688796e+18, 1.7832572040208796e+18, 1.7832572056978796e+18, 1.7832572057418798e+18, 1.7832572060048796e+18, 1.7832572062048796e+18, 1.7832572066208796e+18], 'frequencies': [2437, 2462, 5320, 5500, 5540, 5580, 5660]}
134 190 1783257207622356769
{'names': ['NU-AP06164', 'NU-AP06163', 'NU-AP06162', 'NU-AP06163', 'NU-AP06164', 'NU-AP07183', 'NU-AP06167'], 'addresses': ['48:00:b3:5f:72:e0', '48:00:b3:5f:46:a0', '48:00:b3:5a:90:8e', '48:00:b3:5f:46:ae', '48:00:b3:5f:72:ee', '48:00:b3:5f:70:2f', '48:00:b3:5e:0b:ef'], 'ssids': ['iotroam', 'iotroam', 'eduroam', 'eduroam', 'eduroam', 'iotroam', 'iotroam'], 'signals': [-59, -56, -74, -62, -64, -81, -79], 'timestamps': [1.7832572038688796e+18, 1.7832572040208796e+18, 1.7832572056978796e+18, 1.7832572057418798e+18, 1.7832572060048796e+18, 1.7832572062048796e+18, 1.7832572066208796e+18], 'frequencies': [2437, 2462, 5320, 5500, 5540, 5580, 5660]}
136 190 1783257207693736118
{'names': ['NU-AP06164', 'NU-AP06163', 'NU-AP06162', 'NU-AP06163', 'NU-AP06164', 'NU-AP07183', 'NU-AP06167'], 'addresses': ['48:00:b3:5f:72:e0', '48:00:b3:5f:46:a0', '48:00:b3:5a:90:8e', '48:00:b3:5f:46:ae', '48:00:b3:5f:72:ee', '48:00:b3:5f:70:2f', '48:00:b3:5e:0b:ef'], 'ssids': ['iotroam', 'iotroam', 'eduroam', 'eduroam', 'eduroam', 'iotroam', 'iotroam'], 'signals': [-59, -56, -74, -62, -64, -81, -79], 'timestamps': [1.7832572038688796e+18, 1.7832572040208796e+18, 1.7832572056978796e+18, 1.7832572057418798e+18, 1.7832572060048796e+18, 1.7832572062048796e+18, 1.7832572066208796e+18], 'frequencies': [2437, 2462, 5320, 5500, 5540, 5580, 5660]}
138 190 1783257207766134656
{'names': ['NU-AP06164', 'NU-AP06163', 'NU-AP06162', 'NU-AP06163', 'NU-AP06164', 'NU-AP07183', 'NU-AP06167'], 'addresses': ['48:00:b3:5f:72:e0', '48:00:b3:5f:46:a0', '48:00:b3:5a:90:8e', '48:00:b3:5f:46:ae', '48:00:b3:5f:72:ee', '48:00:b3:5f:70:2f', '48:00:b3:5e:0b:ef'], 'ssids': ['iotroam', 'iotroam', 'eduroam', 'eduroam', 'eduroam', 'iotroam', 'iotroam'], 'signals': [-59, -56, -74, -62, -64, -81, -79], 'timestamps': [1.7832572038688796e+18, 1.7832572040208796e+18, 1.7832572056978796e+18, 1.7832572057418798e+18, 1.7832572060048796e+18, 1.7832572062048796e+18, 1.7832572066208796e+18], 'frequencies': [2437, 2462, 5320, 5500, 5540, 5580, 5660]}
140 190 1783257207837299595
{'names': ['NU-AP06164', 'NU-AP06163', 'NU-AP06162', 'NU-AP06163', 'NU-AP06164', 'NU-AP07183', 'NU-AP06167'], 'addresses': ['48:00:b3:5f:72:e0', '48:00:b3:5f:46:a0', '48:00:b3:5a:90:8e', '48:00:b3:5f:46:ae', '48:00:b3:5f:72:ee', '48:00:b3:5f:70:2f', '48:00:b3:5e:0b:ef'], 'ssids': ['iotroam', 'iotroam', 'eduroam', 'eduroam', 'eduroam', 'iotroam', 'iotroam'], 'signals': [-59, -56, -74, -62, -64, -81, -79], 'timestamps': [1.7832572038688796e+18, 1.7832572040208796e+18, 1.7832572056978796e+18, 1.7832572057418798e+18, 1.7832572060048796e+18, 1.7832572062048796e+18, 1.7832572066208796e+18], 'frequencies': [2437, 2462, 5320, 5500, 5540, 5580, 5660]}
141 190 1783257207922388845
{'names': ['NU-AP06164', 'NU-AP06163', 'NU-AP06162', 'NU-AP06163', 'NU-AP06164', 'NU-AP07183', 'NU-AP06167', 'NU-AP06167'], 'addresses': ['48:00:b3:5f:72:e0', '48:00:b3:5f:46:a0', '48:00:b3:5a:90:8e', '48:00:b3:5f:46:ae', '48:00:b3:5f:72:ee', '48:00:b3:5f:70:2f', '48:00:b3:5e:0b:ef', '48:00:b3:5e:0b:e0'], 'ssids': ['iotroam', 'iotroam', 'eduroam', 'eduroam', 'eduroam', 'iotroam', 'iotroam', 'iotroam'], 'signals': [-59, -56, -74, -62, -64, -81, -79, -69], 'timestamps': [1.7832572038688796e+18, 1.7832572040208796e+18, 1.7832572056978796e+18, 1.7832572057418798e+18, 1.7832572060048796e+18, 1.7832572062048796e+18, 1.7832572066208796e+18, 1.7832572079163889e+18], 'frequencies': [2437, 2462, 5320, 5500, 5540, 5580, 5660, 2412]}
142 190 1783257207985933140
{'names': ['NU-AP06164', 'NU-AP06163', 'NU-AP06162', 'NU-AP06163', 'NU-AP06164', 'NU-AP07183', 'NU-AP06167', 'NU-AP06167'], 'addresses': ['48:00:b3:5f:72:e0', '48:00:b3:5f:46:a0', '48:00:b3:5a:90:8e', '48:00:b3:5f:46:ae', '48:00:b3:5f:72:ee', '48:00:b3:5f:70:2f', '48:00:b3:5e:0b:ef', '48:00:b3:5e:0b:e0'], 'ssids': ['iotroam', 'iotroam', 'eduroam', 'eduroam', 'eduroam', 'iotroam', 'iotroam', 'iotroam'], 'signals': [-59, -56, -74, -62, -64, -81, -79, -69], 'timestamps': [1.7832572038688796e+18, 1.7832572040208796e+18, 1.7832572056978796e+18, 1.7832572057418798e+18, 1.7832572060048796e+18, 1.7832572062048796e+18, 1.7832572066208796e+18, 1.783257207916933e+18], 'frequencies': [2437, 2462, 5320, 5500, 5540, 5580, 5660, 2412]}
143 190 1783257208111923009
{'names': ['NU-AP06164', 'NU-AP06163', 'NU-AP06162', 'NU-AP06163', 'NU-AP06164', 'NU-AP07183', 'NU-AP06167', 'NU-AP06167'], 'addresses': ['48:00:b3:5f:72:e0', '48:00:b3:5f:46:a0', '48:00:b3:5a:90:8e', '48:00:b3:5f:46:ae', '48:00:b3:5f:72:ee', '48:00:b3:5f:70:2f', '48:00:b3:5e:0b:ef', '48:00:b3:5e:0b:e0'], 'ssids': ['iotroam', 'iotroam', 'eduroam', 'eduroam', 'eduroam', 'iotroam', 'iotroam', 'iotroam'], 'signals': [-59, -56, -74, -62, -64, -81, -79, -69], 'timestamps': [1.783257208064923e+18, 1.7832572040208796e+18, 1.7832572056978796e+18, 1.7832572057418798e+18, 1.7832572060048796e+18, 1.7832572062048796e+18, 1.7832572066208796e+18, 1.783257207916933e+18], 'frequencies': [2437, 2462, 5320, 5500, 5540, 5580, 5660, 2412]}
144 190 1783257208174411067
{'names': ['NU-AP06164', 'NU-AP06163', 'NU-AP06162', 'NU-AP06163', 'NU-AP06164', 'NU-AP07183', 'NU-AP06167', 'NU-AP06167'], 'addresses': ['48:00:b3:5f:72:e0', '48:00:b3:5f:46:a0', '48:00:b3:5a:90:8e', '48:00:b3:5f:46:ae', '48:00:b3:5f:72:ee', '48:00:b3:5f:70:2f', '48:00:b3:5e:0b:ef', '48:00:b3:5e:0b:e0'], 'ssids': ['iotroam', 'iotroam', 'eduroam', 'eduroam', 'eduroam', 'iotroam', 'iotroam', 'iotroam'], 'signals': [-59, -56, -74, -62, -64, -81, -79, -69], 'timestamps': [1.783257208065411e+18, 1.7832572040208796e+18, 1.7832572056978796e+18, 1.7832572057418798e+18, 1.7832572060048796e+18, 1.7832572062048796e+18, 1.7832572066208796e+18, 1.783257207916933e+18], 'frequencies': [2437, 2462, 5320, 5500, 5540, 5580, 5660, 2412]}
145 190 1783257208298949406
{'names': ['NU-AP06164', 'NU-AP06163', 'NU-AP06162', 'NU-AP06163', 'NU-AP06164', 'NU-AP07183', 'NU-AP06167', 'NU-AP06167'], 'addresses': ['48:00:b3:5f:72:e0', '48:00:b3:5f:46:a0', '48:00:b3:5a:90:8e', '48:00:b3:5f:46:ae', '48:00:b3:5f:72:ee', '48:00:b3:5f:70:2f', '48:00:b3:5e:0b:ef', '48:00:b3:5e:0b:e0'], 'ssids': ['iotroam', 'iotroam', 'eduroam', 'eduroam', 'eduroam', 'iotroam', 'iotroam', 'iotroam'], 'signals': [-59, -57, -74, -62, -64, -81, -79, -69], 'timestamps': [1.783257208065411e+18, 1.7832572082509494e+18, 1.7832572056978796e+18, 1.7832572057418798e+18, 1.7832572060048796e+18, 1.7832572062048796e+18, 1.7832572066208796e+18, 1.783257207916933e+18], 'frequencies': [2437, 2462, 5320, 5500, 5540, 5580, 5660, 2412]}
146 190 1783257208361044073
{'names': ['NU-AP06164', 'NU-AP06163', 'NU-AP06162', 'NU-AP06163', 'NU-AP06164', 'NU-AP07183', 'NU-AP06167', 'NU-AP06167'], 'addresses': ['48:00:b3:5f:72:e0', '48:00:b3:5f:46:a0', '48:00:b3:5a:90:8e', '48:00:b3:5f:46:ae', '48:00:b3:5f:72:ee', '48:00:b3:5f:70:2f', '48:00:b3:5e:0b:ef', '48:00:b3:5e:0b:e0'], 'ssids': ['iotroam', 'iotroam', 'eduroam', 'eduroam', 'eduroam', 'iotroam', 'iotroam', 'iotroam'], 'signals': [-59, -57, -74, -62, -64, -81, -79, -69], 'timestamps': [1.783257208065411e+18, 1.7832572082510438e+18, 1.7832572056978796e+18, 1.7832572057418798e+18, 1.7832572060048796e+18, 1.7832572062048796e+18, 1.7832572066208796e+18, 1.783257207916933e+18], 'frequencies': [2437, 2462, 5320, 5500, 5540, 5580, 5660, 2412]}
147 190 1783257208484086159
{'names': ['NU-AP06164', 'NU-AP06163', 'NU-AP06162', 'NU-AP06163', 'NU-AP06164', 'NU-AP07183', 'NU-AP06167', 'NU-AP06167'], 'addresses': ['48:00:b3:5f:72:e0', '48:00:b3:5f:46:a0', '48:00:b3:5a:90:8e', '48:00:b3:5f:46:ae', '48:00:b3:5f:72:ee', '48:00:b3:5f:70:2f', '48:00:b3:5e:0b:ef', '48:00:b3:5e:0b:e0'], 'ssids': ['iotroam', 'iotroam', 'eduroam', 'eduroam', 'eduroam', 'iotroam', 'iotroam', 'iotroam'], 'signals': [-59, -57, -74, -62, -64, -81, -79, -69], 'timestamps': [1.783257208065411e+18, 1.7832572082510863e+18, 1.7832572056978796e+18, 1.7832572057418798e+18, 1.7832572060048796e+18, 1.7832572062048796e+18, 1.7832572066208796e+18, 1.783257207916933e+18], 'frequencies': [2437, 2462, 5320, 5500, 5540, 5580, 5660, 2412]}
149 190 1783257208546733252
{'names': ['NU-AP06164', 'NU-AP06163', 'NU-AP06162', 'NU-AP06163', 'NU-AP06164', 'NU-AP07183', 'NU-AP06167', 'NU-AP06167'], 'addresses': ['48:00:b3:5f:72:e0', '48:00:b3:5f:46:a0', '48:00:b3:5a:90:8e', '48:00:b3:5f:46:ae', '48:00:b3:5f:72:ee', '48:00:b3:5f:70:2f', '48:00:b3:5e:0b:ef', '48:00:b3:5e:0b:e0'], 'ssids': ['iotroam', 'iotroam', 'eduroam', 'eduroam', 'eduroam', 'iotroam', 'iotroam', 'iotroam'], 'signals': [-59, -57, -74, -62, -64, -81, -79, -69], 'timestamps': [1.7832572080657334e+18, 1.7832572082517332e+18, 1.7832572056978796e+18, 1.7832572057418798e+18, 1.7832572060048796e+18, 1.7832572062048796e+18, 1.7832572066208796e+18, 1.783257207916933e+18], 'frequencies': [2437, 2462, 5320, 5500, 5540, 5580, 5660, 2412]}
151 190 1783257209452805758
{'names': ['NU-AP06164', 'NU-AP06163', 'NU-AP06162', 'NU-AP06163', 'NU-AP06164', 'NU-AP07183', 'NU-AP06167', 'NU-AP06167'], 'addresses': ['48:00:b3:5f:72:e0', '48:00:b3:5f:46:a0', '48:00:b3:5a:90:8e', '48:00:b3:5f:46:ae', '48:00:b3:5f:72:ee', '48:00:b3:5f:70:2f', '48:00:b3:5e:0b:ef', '48:00:b3:5e:0b:e0'], 'ssids': ['iotroam', 'iotroam', 'eduroam', 'eduroam', 'eduroam', 'iotroam', 'iotroam', 'iotroam'], 'signals': [-59, -57, -74, -62, -64, -81, -79, -69], 'timestamps': [1.7832572080658056e+18, 1.7832572082518057e+18, 1.7832572056978796e+18, 1.7832572057418798e+18, 1.7832572060048796e+18, 1.7832572062048796e+18, 1.7832572066208796e+18, 1.783257207916933e+18], 'frequencies': [2437, 2462, 5320, 5500, 5540, 5580, 5660, 2412]}
154 191 1783257209577019482
{'names': ['NU-AP06164', 'NU-AP06163', 'NU-AP06162', 'NU-AP06163', 'NU-AP06164', 'NU-AP07183', 'NU-AP06167', 'NU-AP06167'], 'addresses': ['48:00:b3:5f:72:e0', '48:00:b3:5f:46:a0', '48:00:b3:5a:90:8d', '48:00:b3:5f:46:ae', '48:00:b3:5f:72:ee', '48:00:b3:5f:70:2f', '48:00:b3:5e:0b:ef', '48:00:b3:5e:0b:e0'], 'ssids': ['iotroam', 'iotroam', 'VU-Campusnet', 'eduroam', 'eduroam', 'iotroam', 'iotroam', 'iotroam'], 'signals': [-59, -57, -74, -62, -64, -81, -79, -69], 'timestamps': [1.7832572080660193e+18, 1.7832572082520195e+18, 1.7832572095580193e+18, 1.7832572057418798e+18, 1.7832572060048796e+18, 1.7832572062048796e+18, 1.7832572066208796e+18, 1.7832572079170194e+18], 'frequencies': [2437, 2462, 5320, 5500, 5540, 5580, 5660, 2412]}
154 192 1783257209640695570
{'names': ['NU-AP06164', 'NU-AP06163', 'NU-AP06162', 'NU-AP06163', 'NU-AP06164', 'NU-AP07183', 'NU-AP06167', 'NU-AP06167'], 'addresses': ['48:00:b3:5f:72:e0', '48:00:b3:5f:46:a0', '48:00:b3:5a:90:8d', '48:00:b3:5f:46:ae', '48:00:b3:5f:72:ee', '48:00:b3:5f:70:2f', '48:00:b3:5e:0b:ef', '48:00:b3:5e:0b:e0'], 'ssids': ['iotroam', 'iotroam', 'VU-Campusnet', 'eduroam', 'eduroam', 'iotroam', 'iotroam', 'iotroam'], 'signals': [-59, -57, -74, -62, -64, -81, -79, -69], 'timestamps': [1.7832572080660193e+18, 1.7832572082520195e+18, 1.7832572095580193e+18, 1.7832572095816955e+18, 1.7832572060048796e+18, 1.7832572062048796e+18, 1.7832572066208796e+18, 1.7832572079170194e+18], 'frequencies': [2437, 2462, 5320, 5500, 5540, 5580, 5660, 2412]}
154 193 1783257209765877118
{'names': ['NU-AP06164', 'NU-AP06163', 'NU-AP06162', 'NU-AP06163', 'NU-AP06164', 'NU-AP07183', 'NU-AP06167', 'NU-AP06167'], 'addresses': ['48:00:b3:5f:72:e0', '48:00:b3:5f:46:a0', '48:00:b3:5a:90:8d', '48:00:b3:5f:46:ae', '48:00:b3:5f:72:ee', '48:00:b3:5f:70:2f', '48:00:b3:5e:0b:ef', '48:00:b3:5e:0b:e0'], 'ssids': ['iotroam', 'iotroam', 'VU-Campusnet', 'eduroam', 'eduroam', 'iotroam', 'iotroam', 'iotroam'], 'signals': [-59, -57, -74, -62, -64, -81, -79, -69], 'timestamps': [1.7832572080660193e+18, 1.7832572082520195e+18, 1.7832572095580193e+18, 1.7832572095816955e+18, 1.783257209764877e+18, 1.7832572062048796e+18, 1.7832572066208796e+18, 1.7832572079170194e+18], 'frequencies': [2437, 2462, 5320, 5500, 5540, 5580, 5660, 2412]}
154 194 1783257209829261932
{'names': ['NU-AP06164', 'NU-AP06163', 'NU-AP06162', 'NU-AP06163', 'NU-AP06164', 'NU-AP07183', 'NU-AP06167', 'NU-AP06167'], 'addresses': ['48:00:b3:5f:72:e0', '48:00:b3:5f:46:a0', '48:00:b3:5a:90:8d', '48:00:b3:5f:46:ae', '48:00:b3:5f:72:ee', '48:00:b3:5f:70:2f', '48:00:b3:5e:0b:ef', '48:00:b3:5e:0b:e0'], 'ssids': ['iotroam', 'iotroam', 'VU-Campusnet', 'eduroam', 'eduroam', 'iotroam', 'iotroam', 'iotroam'], 'signals': [-59, -57, -74, -62, -64, -81, -79, -69], 'timestamps': [1.7832572080660193e+18, 1.7832572082520195e+18, 1.7832572095580193e+18, 1.7832572095816955e+18, 1.7832572097652618e+18, 1.7832572062048796e+18, 1.7832572066208796e+18, 1.7832572079170194e+18], 'frequencies': [2437, 2462, 5320, 5500, 5540, 5580, 5660, 2412]}
154 195 1783257209958619811
{'names': ['NU-AP06164', 'NU-AP06163', 'NU-AP06162', 'NU-AP06163', 'NU-AP06164', 'NU-AP07183', 'NU-AP06167', 'NU-AP06167'], 'addresses': ['48:00:b3:5f:72:e0', '48:00:b3:5f:46:a0', '48:00:b3:5a:90:8d', '48:00:b3:5f:46:ae', '48:00:b3:5f:72:ee', '48:00:b3:5f:70:2f', '48:00:b3:5e:0b:ef', '48:00:b3:5e:0b:e0'], 'ssids': ['iotroam', 'iotroam', 'VU-Campusnet', 'eduroam', 'eduroam', 'iotroam', 'iotroam', 'iotroam'], 'signals': [-59, -57, -74, -62, -64, -81, -79, -69], 'timestamps': [1.7832572080660193e+18, 1.7832572082520195e+18, 1.7832572095580193e+18, 1.7832572095816955e+18, 1.78325720976562e+18, 1.7832572062048796e+18, 1.7832572066208796e+18, 1.7832572079170194e+18], 'frequencies': [2437, 2462, 5320, 5500, 5540, 5580, 5660, 2412]}
154 198 1783257210021791215
{'names': ['NU-AP06164', 'NU-AP06163', 'NU-AP06162', 'NU-AP06163', 'NU-AP06164', 'NU-AP07183', 'NU-AP06167', 'NU-AP06167'], 'addresses': ['48:00:b3:5f:72:e0', '48:00:b3:5f:46:a0', '48:00:b3:5a:90:8d', '48:00:b3:5f:46:ae', '48:00:b3:5f:72:ee', '48:00:b3:5f:70:2e', '48:00:b3:5e:0b:ef', '48:00:b3:5e:0b:e0'], 'ssids': ['iotroam', 'iotroam', 'VU-Campusnet', 'eduroam', 'eduroam', 'eduroam', 'iotroam', 'iotroam'], 'signals': [-59, -57, -74, -62, -64, -81, -79, -69], 'timestamps': [1.7832572080660193e+18, 1.7832572082520195e+18, 1.7832572095580193e+18, 1.7832572095817912e+18, 1.7832572097657912e+18, 1.783257209999791e+18, 1.7832572066208796e+18, 1.7832572079170194e+18], 'frequencies': [2437, 2462, 5320, 5500, 5540, 5580, 5660, 2412]}
157 202 1783257210089701830
{'names': ['NU-AP06164', 'NU-AP06163', 'NU-AP06162', 'NU-AP06163', 'NU-AP06164', 'NU-AP07183', 'NU-AP06167', 'NU-AP06167'], 'addresses': ['48:00:b3:5f:72:e0', '48:00:b3:5f:46:a0', '48:00:b3:5a:90:8d', '48:00:b3:5f:46:ae', '48:00:b3:5f:72:ee', '48:00:b3:5f:70:2e', '48:00:b3:5e:0b:ef', '48:00:b3:5e:0b:e0'], 'ssids': ['iotroam', 'iotroam', 'VU-Campusnet', 'eduroam', 'eduroam', 'eduroam', 'iotroam', 'iotroam'], 'signals': [-59, -57, -74, -62, -64, -81, -79, -69], 'timestamps': [1.7832572080667018e+18, 1.783257208252702e+18, 1.7832572095587018e+18, 1.7832572095827018e+18, 1.7832572097667018e+18, 1.783257210000702e+18, 1.7832572066208796e+18, 1.783257207917702e+18], 'frequencies': [2437, 2462, 5320, 5500, 5540, 5580, 5660, 2412]}
157 203 1783257210537151414
{'names': ['NU-AP06164', 'NU-AP06163', 'NU-AP06162', 'NU-AP06163', 'NU-AP06164', 'NU-AP07183', 'NU-AP06167', 'NU-AP06167'], 'addresses': ['48:00:b3:5f:72:e0', '48:00:b3:5f:46:a0', '48:00:b3:5a:90:8d', '48:00:b3:5f:46:ae', '48:00:b3:5f:72:ee', '48:00:b3:5f:70:2e', '48:00:b3:5e:0b:ed', '48:00:b3:5e:0b:e0'], 'ssids': ['iotroam', 'iotroam', 'VU-Campusnet', 'eduroam', 'eduroam', 'eduroam', 'VU-Campusnet', 'iotroam'], 'signals': [-59, -57, -74, -62, -64, -81, -80, -69], 'timestamps': [1.7832572080667018e+18, 1.783257208252702e+18, 1.7832572095587018e+18, 1.7832572095827018e+18, 1.7832572097667018e+18, 1.783257210000702e+18, 1.7832572104811515e+18, 1.783257207917702e+18], 'frequencies': [2437, 2462, 5320, 5500, 5540, 5580, 5660, 2412]}
157 204 1783257210606275819
{'names': ['NU-AP06164', 'NU-AP06163', 'NU-AP06162', 'NU-AP06163', 'NU-AP06164', 'NU-AP07183', 'NU-AP06167', 'NU-AP06167'], 'addresses': ['48:00:b3:5f:72:e0', '48:00:b3:5f:46:a0', '48:00:b3:5a:90:8d', '48:00:b3:5f:46:ae', '48:00:b3:5f:72:ee', '48:00:b3:5f:70:2e', '48:00:b3:5e:0b:ed', '48:00:b3:5e:0b:e0'], 'ssids': ['iotroam', 'iotroam', 'VU-Campusnet', 'eduroam', 'eduroam', 'eduroam', 'VU-Campusnet', 'iotroam'], 'signals': [-59, -57, -74, -62, -64, -81, -80, -69], 'timestamps': [1.7832572080667018e+18, 1.783257208252702e+18, 1.7832572095587018e+18, 1.7832572095827018e+18, 1.7832572097667018e+18, 1.783257210000702e+18, 1.783257210481276e+18, 1.783257207917702e+18], 'frequencies': [2437, 2462, 5320, 5500, 5540, 5580, 5660, 2412]}
157 205 1783257210676571651
{'names': ['NU-AP06164', 'NU-AP06163', 'NU-AP06162', 'NU-AP06163', 'NU-AP06164', 'NU-AP07183', 'NU-AP06167', 'NU-AP06167'], 'addresses': ['48:00:b3:5f:72:e0', '48:00:b3:5f:46:a0', '48:00:b3:5a:90:8d', '48:00:b3:5f:46:ae', '48:00:b3:5f:72:ee', '48:00:b3:5f:70:2e', '48:00:b3:5e:0b:ed', '48:00:b3:5e:0b:e0'], 'ssids': ['iotroam', 'iotroam', 'VU-Campusnet', 'eduroam', 'eduroam', 'eduroam', 'VU-Campusnet', 'iotroam'], 'signals': [-59, -57, -74, -62, -64, -81, -80, -69], 'timestamps': [1.7832572080667018e+18, 1.783257208252702e+18, 1.7832572095587018e+18, 1.7832572095827018e+18, 1.7832572097667018e+18, 1.783257210000702e+18, 1.7832572104815716e+18, 1.783257207917702e+18], 'frequencies': [2437, 2462, 5320, 5500, 5540, 5580, 5660, 2412]}
157 206 1783257210747112808
{'names': ['NU-AP06164', 'NU-AP06163', 'NU-AP06162', 'NU-AP06163', 'NU-AP06164', 'NU-AP07183', 'NU-AP06167', 'NU-AP06167'], 'addresses': ['48:00:b3:5f:72:e0', '48:00:b3:5f:46:a0', '48:00:b3:5a:90:8d', '48:00:b3:5f:46:ae', '48:00:b3:5f:72:ee', '48:00:b3:5f:70:2e', '48:00:b3:5e:0b:ed', '48:00:b3:5e:0b:e0'], 'ssids': ['iotroam', 'iotroam', 'VU-Campusnet', 'eduroam', 'eduroam', 'eduroam', 'VU-Campusnet', 'iotroam'], 'signals': [-59, -57, -74, -62, -64, -81, -80, -69], 'timestamps': [1.7832572080667018e+18, 1.783257208252702e+18, 1.7832572095587018e+18, 1.7832572095827018e+18, 1.7832572097667018e+18, 1.783257210000702e+18, 1.7832572104821128e+18, 1.783257207917702e+18], 'frequencies': [2437, 2462, 5320, 5500, 5540, 5580, 5660, 2412]}
160 211 1783257211871152438
{'names': ['NU-AP06164', 'NU-AP06163', 'NU-AP06162', 'NU-AP06163', 'NU-AP06164', 'NU-AP07183', 'NU-AP06167', 'NU-AP06167'], 'addresses': ['48:00:b3:5f:72:e0', '48:00:b3:5f:46:a0', '48:00:b3:5a:90:8d', '48:00:b3:5f:46:ae', '48:00:b3:5f:72:ee', '48:00:b3:5f:70:2e', '48:00:b3:5e:0b:ed', '48:00:b3:5e:0b:e0'], 'ssids': ['iotroam', 'iotroam', 'VU-Campusnet', 'eduroam', 'eduroam', 'eduroam', 'VU-Campusnet', 'iotroam'], 'signals': [-59, -57, -74, -62, -64, -81, -80, -69], 'timestamps': [1.7832572080671524e+18, 1.7832572082531523e+18, 1.7832572095591524e+18, 1.7832572095831524e+18, 1.7832572097671524e+18, 1.7832572100011525e+18, 1.7832572104831524e+18, 1.7832572079181524e+18], 'frequencies': [2437, 2462, 5320, 5500, 5540, 5580, 5660, 2412]}
161 211 1783257212086367389
{'names': ['NU-AP06164', 'NU-AP06163', 'NU-AP06162', 'NU-AP06163', 'NU-AP06164', 'NU-AP07183', 'NU-AP06167', 'NU-AP06167'], 'addresses': ['48:00:b3:5f:72:e0', '48:00:b3:5f:46:a0', '48:00:b3:5a:90:8d', '48:00:b3:5f:46:ae', '48:00:b3:5f:72:ee', '48:00:b3:5f:70:2e', '48:00:b3:5e:0b:ed', '48:00:b3:5e:0b:e0'], 'ssids': ['iotroam', 'iotroam', 'VU-Campusnet', 'eduroam', 'eduroam', 'eduroam', 'VU-Campusnet', 'iotroam'], 'signals': [-59, -57, -74, -62, -64, -81, -80, -69], 'timestamps': [1.7832572080671524e+18, 1.7832572082531523e+18, 1.7832572095591524e+18, 1.7832572095831524e+18, 1.7832572097671524e+18, 1.7832572100011525e+18, 1.7832572104831524e+18, 1.7832572120403676e+18], 'frequencies': [2437, 2462, 5320, 5500, 5540, 5580, 5660, 2412]}
162 211 1783257212153890762
{'names': ['NU-AP06164', 'NU-AP06163', 'NU-AP06162', 'NU-AP06163', 'NU-AP06164', 'NU-AP07183', 'NU-AP06167', 'NU-AP06167'], 'addresses': ['48:00:b3:5f:72:e0', '48:00:b3:5f:46:a0', '48:00:b3:5a:90:8d', '48:00:b3:5f:46:ae', '48:00:b3:5f:72:ee', '48:00:b3:5f:70:2e', '48:00:b3:5e:0b:ed', '48:00:b3:5e:0b:e0'], 'ssids': ['iotroam', 'iotroam', 'VU-Campusnet', 'eduroam', 'eduroam', 'eduroam', 'VU-Campusnet', 'iotroam'], 'signals': [-59, -57, -74, -62, -64, -81, -80, -69], 'timestamps': [1.7832572080671524e+18, 1.7832572082531523e+18, 1.7832572095591524e+18, 1.7832572095831524e+18, 1.7832572097671524e+18, 1.7832572100011525e+18, 1.7832572104831524e+18, 1.783257212040891e+18], 'frequencies': [2437, 2462, 5320, 5500, 5540, 5580, 5660, 2412]}
164 211 1783257212228734192
{'names': ['NU-AP06164', 'NU-AP06163', 'NU-AP06162', 'NU-AP06163', 'NU-AP06164', 'NU-AP07183', 'NU-AP06167', 'NU-AP06167'], 'addresses': ['48:00:b3:5f:72:e0', '48:00:b3:5f:46:a0', '48:00:b3:5a:90:8d', '48:00:b3:5f:46:ae', '48:00:b3:5f:72:ee', '48:00:b3:5f:70:2e', '48:00:b3:5e:0b:ed', '48:00:b3:5e:0b:e0'], 'ssids': ['iotroam', 'iotroam', 'VU-Campusnet', 'eduroam', 'eduroam', 'eduroam', 'VU-Campusnet', 'iotroam'], 'signals': [-59, -57, -74, -62, -64, -81, -80, -69], 'timestamps': [1.7832572122057341e+18, 1.7832572082531523e+18, 1.7832572095591524e+18, 1.7832572095831524e+18, 1.7832572097671524e+18, 1.7832572100011525e+18, 1.7832572104831524e+18, 1.7832572120417341e+18], 'frequencies': [2437, 2462, 5320, 5500, 5540, 5580, 5660, 2412]}
165 211 1783257212373046070
{'names': ['NU-AP06164', 'NU-AP06163', 'NU-AP06162', 'NU-AP06163', 'NU-AP06164', 'NU-AP07183', 'NU-AP06167', 'NU-AP06167'], 'addresses': ['48:00:b3:5f:72:e0', '48:00:b3:5f:46:a0', '48:00:b3:5a:90:8d', '48:00:b3:5f:46:ae', '48:00:b3:5f:72:ee', '48:00:b3:5f:70:2e', '48:00:b3:5e:0b:ed', '48:00:b3:5e:0b:e0'], 'ssids': ['iotroam', 'iotroam', 'VU-Campusnet', 'eduroam', 'eduroam', 'eduroam', 'VU-Campusnet', 'iotroam'], 'signals': [-59, -57, -74, -62, -64, -81, -80, -69], 'timestamps': [1.7832572122057341e+18, 1.783257212348046e+18, 1.7832572095591524e+18, 1.7832572095831524e+18, 1.7832572097671524e+18, 1.7832572100011525e+18, 1.7832572104831524e+18, 1.7832572120417341e+18], 'frequencies': [2437, 2462, 5320, 5500, 5540, 5580, 5660, 2412]}
166 211 1783257212443638068
{'names': ['NU-AP06164', 'NU-AP06163', 'NU-AP06162', 'NU-AP06163', 'NU-AP06164', 'NU-AP07183', 'NU-AP06167', 'NU-AP06167'], 'addresses': ['48:00:b3:5f:72:e0', '48:00:b3:5f:46:a0', '48:00:b3:5a:90:8d', '48:00:b3:5f:46:ae', '48:00:b3:5f:72:ee', '48:00:b3:5f:70:2e', '48:00:b3:5e:0b:ed', '48:00:b3:5e:0b:e0'], 'ssids': ['iotroam', 'iotroam', 'VU-Campusnet', 'eduroam', 'eduroam', 'eduroam', 'VU-Campusnet', 'iotroam'], 'signals': [-59, -57, -74, -62, -64, -81, -80, -69], 'timestamps': [1.7832572122057341e+18, 1.783257212348638e+18, 1.7832572095591524e+18, 1.7832572095831524e+18, 1.7832572097671524e+18, 1.7832572100011525e+18, 1.7832572104831524e+18, 1.7832572120417341e+18], 'frequencies': [2437, 2462, 5320, 5500, 5540, 5580, 5660, 2412]}
166 212 1783257213760394158
{'names': ['NU-AP06164', 'NU-AP06163', 'NU-AP06162', 'NU-AP06163', 'NU-AP06164', 'NU-AP07183', 'NU-AP06167', 'NU-AP06167'], 'addresses': ['48:00:b3:5f:72:e0', '48:00:b3:5f:46:a0', '48:00:b3:5a:90:8e', '48:00:b3:5f:46:ae', '48:00:b3:5f:72:ee', '48:00:b3:5f:70:2e', '48:00:b3:5e:0b:ed', '48:00:b3:5e:0b:e0'], 'ssids': ['iotroam', 'iotroam', 'eduroam', 'eduroam', 'eduroam', 'eduroam', 'VU-Campusnet', 'iotroam'], 'signals': [-59, -57, -74, -62, -64, -81, -80, -69], 'timestamps': [1.7832572122057341e+18, 1.783257212348638e+18, 1.783257213698394e+18, 1.7832572095831524e+18, 1.7832572097671524e+18, 1.7832572100011525e+18, 1.7832572104831524e+18, 1.7832572120417341e+18], 'frequencies': [2437, 2462, 5320, 5500, 5540, 5580, 5660, 2412]}
166 214 1783257213832251412
{'names': ['NU-AP06164', 'NU-AP06163', 'NU-AP06162', 'NU-AP06163', 'NU-AP06164', 'NU-AP07183', 'NU-AP06167', 'NU-AP06167'], 'addresses': ['48:00:b3:5f:72:e0', '48:00:b3:5f:46:a0', '48:00:b3:5a:90:8e', '48:00:b3:5f:46:ae', '48:00:b3:5f:72:ee', '48:00:b3:5f:70:2e', '48:00:b3:5e:0b:ed', '48:00:b3:5e:0b:e0'], 'ssids': ['iotroam', 'iotroam', 'eduroam', 'eduroam', 'eduroam', 'eduroam', 'VU-Campusnet', 'iotroam'], 'signals': [-59, -57, -74, -62, -64, -81, -80, -69], 'timestamps': [1.7832572122057341e+18, 1.783257212348638e+18, 1.7832572136992515e+18, 1.7832572137802514e+18, 1.7832572097671524e+18, 1.7832572100011525e+18, 1.7832572104831524e+18, 1.7832572120417341e+18], 'frequencies': [2437, 2462, 5320, 5500, 5540, 5580, 5660, 2412]}
166 215 1783257214040898171
{'names': ['NU-AP06164', 'NU-AP06163', 'NU-AP06162', 'NU-AP06163', 'NU-AP06164', 'NU-AP07183', 'NU-AP06167', 'NU-AP06167'], 'addresses': ['48:00:b3:5f:72:e0', '48:00:b3:5f:46:a0', '48:00:b3:5a:90:8e', '48:00:b3:5f:46:ae', '48:00:b3:5f:72:ee', '48:00:b3:5f:70:2e', '48:00:b3:5e:0b:ed', '48:00:b3:5e:0b:e0'], 'ssids': ['iotroam', 'iotroam', 'eduroam', 'eduroam', 'eduroam', 'eduroam', 'VU-Campusnet', 'iotroam'], 'signals': [-59, -57, -74, -62, -65, -81, -80, -69], 'timestamps': [1.7832572122057341e+18, 1.783257212348638e+18, 1.7832572136992515e+18, 1.7832572137802514e+18, 1.7832572139908982e+18, 1.7832572100011525e+18, 1.7832572104831524e+18, 1.7832572120417341e+18], 'frequencies': [2437, 2462, 5320, 5500, 5540, 5580, 5660, 2412]}
166 216 1783257214109926714
{'names': ['NU-AP06164', 'NU-AP06163', 'NU-AP06162', 'NU-AP06163', 'NU-AP06164', 'NU-AP07183', 'NU-AP06167', 'NU-AP06167'], 'addresses': ['48:00:b3:5f:72:e0', '48:00:b3:5f:46:a0', '48:00:b3:5a:90:8e', '48:00:b3:5f:46:ae', '48:00:b3:5f:72:ee', '48:00:b3:5f:70:2e', '48:00:b3:5e:0b:ed', '48:00:b3:5e:0b:e0'], 'ssids': ['iotroam', 'iotroam', 'eduroam', 'eduroam', 'eduroam', 'eduroam', 'VU-Campusnet', 'iotroam'], 'signals': [-59, -57, -74, -62, -65, -81, -80, -69], 'timestamps': [1.7832572122057341e+18, 1.783257212348638e+18, 1.7832572136992515e+18, 1.7832572137802514e+18, 1.7832572139909266e+18, 1.7832572100011525e+18, 1.7832572104831524e+18, 1.7832572120417341e+18], 'frequencies': [2437, 2462, 5320, 5500, 5540, 5580, 5660, 2412]}
166 217 1783257214246871139
{'names': ['NU-AP06164', 'NU-AP06163', 'NU-AP06162', 'NU-AP06163', 'NU-AP06164', 'NU-AP07183', 'NU-AP06167', 'NU-AP06167'], 'addresses': ['48:00:b3:5f:72:e0', '48:00:b3:5f:46:a0', '48:00:b3:5a:90:8e', '48:00:b3:5f:46:ae', '48:00:b3:5f:72:ee', '48:00:b3:5f:70:2e', '48:00:b3:5e:0b:ed', '48:00:b3:5e:0b:e0'], 'ssids': ['iotroam', 'iotroam', 'eduroam', 'eduroam', 'eduroam', 'eduroam', 'VU-Campusnet', 'iotroam'], 'signals': [-59, -57, -74, -62, -65, -81, -80, -69], 'timestamps': [1.7832572122057341e+18, 1.783257212348638e+18, 1.7832572136992515e+18, 1.7832572137802514e+18, 1.7832572139909266e+18, 1.783257214206871e+18, 1.7832572104831524e+18, 1.7832572120417341e+18], 'frequencies': [2437, 2462, 5320, 5500, 5540, 5580, 5660, 2412]}
167 217 1783257216094275345
{'names': ['NU-AP06164', 'NU-AP06163', 'NU-AP06162', 'NU-AP06163', 'NU-AP06164', 'NU-AP07183', 'NU-AP06167', 'NU-AP06167'], 'addresses': ['48:00:b3:5f:72:e0', '48:00:b3:5f:46:a0', '48:00:b3:5a:90:8e', '48:00:b3:5f:46:ae', '48:00:b3:5f:72:ee', '48:00:b3:5f:70:2e', '48:00:b3:5e:0b:ed', '48:00:b3:5e:0b:e0'], 'ssids': ['iotroam', 'iotroam', 'eduroam', 'eduroam', 'eduroam', 'eduroam', 'VU-Campusnet', 'iotroam'], 'signals': [-59, -57, -74, -62, -65, -81, -80, -68], 'timestamps': [1.7832572122057341e+18, 1.783257212348638e+18, 1.7832572136992515e+18, 1.7832572137802514e+18, 1.7832572139909266e+18, 1.783257214206871e+18, 1.7832572104831524e+18, 1.7832572160372754e+18], 'frequencies': [2437, 2462, 5320, 5500, 5540, 5580, 5660, 2412]}
168 217 1783257216158574325
{'names': ['NU-AP06164', 'NU-AP06163', 'NU-AP06162', 'NU-AP06163', 'NU-AP06164', 'NU-AP07183', 'NU-AP06167', 'NU-AP06167'], 'addresses': ['48:00:b3:5f:72:e0', '48:00:b3:5f:46:a0', '48:00:b3:5a:90:8e', '48:00:b3:5f:46:ae', '48:00:b3:5f:72:ee', '48:00:b3:5f:70:2e', '48:00:b3:5e:0b:ed', '48:00:b3:5e:0b:e0'], 'ssids': ['iotroam', 'iotroam', 'eduroam', 'eduroam', 'eduroam', 'eduroam', 'VU-Campusnet', 'iotroam'], 'signals': [-59, -57, -74, -62, -65, -81, -80, -68], 'timestamps': [1.7832572122057341e+18, 1.783257212348638e+18, 1.7832572136992515e+18, 1.7832572137802514e+18, 1.7832572139909266e+18, 1.783257214206871e+18, 1.7832572104831524e+18, 1.7832572160375744e+18], 'frequencies': [2437, 2462, 5320, 5500, 5540, 5580, 5660, 2412]}
171 221 1783257216243848299
{'names': ['NU-AP06164', 'NU-AP06163', 'NU-AP06162', 'NU-AP06163', 'NU-AP06164', 'NU-AP07183', 'NU-AP06167', 'NU-AP06167'], 'addresses': ['48:00:b3:5f:72:e0', '48:00:b3:5f:46:a0', '48:00:b3:5a:90:8e', '48:00:b3:5f:46:ae', '48:00:b3:5f:72:ee', '48:00:b3:5f:70:2e', '48:00:b3:5e:0b:ed', '48:00:b3:5e:0b:e0'], 'ssids': ['iotroam', 'iotroam', 'eduroam', 'eduroam', 'eduroam', 'eduroam', 'VU-Campusnet', 'iotroam'], 'signals': [-59, -57, -74, -62, -65, -81, -80, -68], 'timestamps': [1.7832572161998482e+18, 1.783257212349848e+18, 1.783257213700848e+18, 1.783257213781848e+18, 1.7832572139928481e+18, 1.7832572142088481e+18, 1.7832572104831524e+18, 1.7832572160398482e+18], 'frequencies': [2437, 2462, 5320, 5500, 5540, 5580, 5660, 2412]}
172 221 1783257216340619591
{'names': ['NU-AP06164', 'NU-AP06163', 'NU-AP06162', 'NU-AP06163', 'NU-AP06164', 'NU-AP07183', 'NU-AP06167', 'NU-AP06167'], 'addresses': ['48:00:b3:5f:72:e0', '48:00:b3:5f:46:a0', '48:00:b3:5a:90:8e', '48:00:b3:5f:46:ae', '48:00:b3:5f:72:ee', '48:00:b3:5f:70:2e', '48:00:b3:5e:0b:ed', '48:00:b3:5e:0b:e0'], 'ssids': ['iotroam', 'iotroam', 'eduroam', 'eduroam', 'eduroam', 'eduroam', 'VU-Campusnet', 'iotroam'], 'signals': [-59, -57, -74, -62, -65, -81, -80, -68], 'timestamps': [1.7832572161998482e+18, 1.7832572163396196e+18, 1.783257213700848e+18, 1.783257213781848e+18, 1.7832572139928481e+18, 1.7832572142088481e+18, 1.7832572104831524e+18, 1.7832572160398482e+18], 'frequencies': [2437, 2462, 5320, 5500, 5540, 5580, 5660, 2412]}
173 221 1783257216407439221
{'names': ['NU-AP06164', 'NU-AP06163', 'NU-AP06162', 'NU-AP06163', 'NU-AP06164', 'NU-AP07183', 'NU-AP06167', 'NU-AP06167'], 'addresses': ['48:00:b3:5f:72:e0', '48:00:b3:5f:46:a0', '48:00:b3:5a:90:8e', '48:00:b3:5f:46:ae', '48:00:b3:5f:72:ee', '48:00:b3:5f:70:2e', '48:00:b3:5e:0b:ed', '48:00:b3:5e:0b:e0'], 'ssids': ['iotroam', 'iotroam', 'eduroam', 'eduroam', 'eduroam', 'eduroam', 'VU-Campusnet', 'iotroam'], 'signals': [-59, -57, -74, -62, -65, -81, -80, -68], 'timestamps': [1.7832572161998482e+18, 1.783257216340439e+18, 1.783257213700848e+18, 1.783257213781848e+18, 1.7832572139928481e+18, 1.7832572142088481e+18, 1.7832572104831524e+18, 1.7832572160398482e+18], 'frequencies': [2437, 2462, 5320, 5500, 5540, 5580, 5660, 2412]}
174 221 1783257217482489521
{'names': ['NU-AP06164', 'NU-AP06163', 'NU-AP06162', 'NU-AP06163', 'NU-AP06164', 'NU-AP07183', 'NU-AP06167'], 'addresses': ['48:00:b3:5f:72:e0', '48:00:b3:5f:46:a0', '48:00:b3:5a:90:8e', '48:00:b3:5f:46:ae', '48:00:b3:5f:72:ee', '48:00:b3:5f:70:2e', '48:00:b3:5e:0b:e0'], 'ssids': ['iotroam', 'iotroam', 'eduroam', 'eduroam', 'eduroam', 'eduroam', 'iotroam'], 'signals': [-59, -57, -74, -62, -65, -81, -68], 'timestamps': [1.7832572161998482e+18, 1.7832572163404897e+18, 1.783257213700848e+18, 1.783257213781848e+18, 1.7832572139928481e+18, 1.7832572142088481e+18, 1.7832572160398482e+18], 'frequencies': [2437, 2462, 5320, 5500, 5540, 5580, 2412]}
174 223 1783257217918974213
{'names': ['NU-AP06164', 'NU-AP06163', 'NU-AP06162', 'NU-AP06163', 'NU-AP06164', 'NU-AP07183', 'NU-AP06167'], 'addresses': ['48:00:b3:5f:72:e0', '48:00:b3:5f:46:a0', '48:00:b3:5a:90:8e', '48:00:b3:5f:46:ae', '48:00:b3:5f:72:ee', '48:00:b3:5f:70:2e', '48:00:b3:5e:0b:e0'], 'ssids': ['iotroam', 'iotroam', 'eduroam', 'eduroam', 'eduroam', 'eduroam', 'iotroam'], 'signals': [-59, -57, -74, -62, -65, -81, -68], 'timestamps': [1.7832572161998482e+18, 1.7832572163404897e+18, 1.7832572178749742e+18, 1.7832572178679741e+18, 1.7832572139928481e+18, 1.7832572142088481e+18, 1.7832572160398482e+18], 'frequencies': [2437, 2462, 5320, 5500, 5540, 5580, 2412]}
174 225 1783257217983731214
{'names': ['NU-AP06164', 'NU-AP06163', 'NU-AP06162', 'NU-AP06163', 'NU-AP06164', 'NU-AP07183', 'NU-AP06167'], 'addresses': ['48:00:b3:5f:72:e0', '48:00:b3:5f:46:a0', '48:00:b3:5a:90:8e', '48:00:b3:5f:46:ae', '48:00:b3:5f:72:ee', '48:00:b3:5f:70:2e', '48:00:b3:5e:0b:e0'], 'ssids': ['iotroam', 'iotroam', 'eduroam', 'eduroam', 'eduroam', 'eduroam', 'iotroam'], 'signals': [-59, -57, -74, -62, -65, -81, -68], 'timestamps': [1.7832572161998482e+18, 1.7832572163404897e+18, 1.7832572178757312e+18, 1.7832572178687311e+18, 1.7832572139928481e+18, 1.7832572142088481e+18, 1.7832572160398482e+18], 'frequencies': [2437, 2462, 5320, 5500, 5540, 5580, 2412]}
174 226 1783257218114117171
{'names': ['NU-AP06164', 'NU-AP06163', 'NU-AP06162', 'NU-AP06163', 'NU-AP06164', 'NU-AP07183', 'NU-AP06167'], 'addresses': ['48:00:b3:5f:72:e0', '48:00:b3:5f:46:a0', '48:00:b3:5a:90:8e', '48:00:b3:5f:46:ae', '48:00:b3:5f:72:ee', '48:00:b3:5f:70:2e', '48:00:b3:5e:0b:e0'], 'ssids': ['iotroam', 'iotroam', 'eduroam', 'eduroam', 'eduroam', 'eduroam', 'iotroam'], 'signals': [-59, -57, -74, -62, -65, -81, -68], 'timestamps': [1.7832572161998482e+18, 1.7832572163404897e+18, 1.7832572178757312e+18, 1.7832572178687311e+18, 1.783257218075117e+18, 1.7832572142088481e+18, 1.7832572160398482e+18], 'frequencies': [2437, 2462, 5320, 5500, 5540, 5580, 2412]}
174 227 1783257218177359370
{'names': ['NU-AP06164', 'NU-AP06163', 'NU-AP06162', 'NU-AP06163', 'NU-AP06164', 'NU-AP07183', 'NU-AP06167'], 'addresses': ['48:00:b3:5f:72:e0', '48:00:b3:5f:46:a0', '48:00:b3:5a:90:8e', '48:00:b3:5f:46:ae', '48:00:b3:5f:72:ee', '48:00:b3:5f:70:2e', '48:00:b3:5e:0b:e0'], 'ssids': ['iotroam', 'iotroam', 'eduroam', 'eduroam', 'eduroam', 'eduroam', 'iotroam'], 'signals': [-59, -57, -74, -62, -65, -81, -68], 'timestamps': [1.7832572161998482e+18, 1.7832572163404897e+18, 1.7832572178757312e+18, 1.7832572178687311e+18, 1.7832572180753592e+18, 1.7832572142088481e+18, 1.7832572160398482e+18], 'frequencies': [2437, 2462, 5320, 5500, 5540, 5580, 2412]}
174 230 1783257218243750958
{'names': ['NU-AP06164', 'NU-AP06163', 'NU-AP06162', 'NU-AP06163', 'NU-AP06164', 'NU-AP07183', 'NU-AP06167'], 'addresses': ['48:00:b3:5f:72:e0', '48:00:b3:5f:46:a0', '48:00:b3:5a:90:8e', '48:00:b3:5f:46:ae', '48:00:b3:5f:72:ee', '48:00:b3:5f:70:2e', '48:00:b3:5e:0b:e0'], 'ssids': ['iotroam', 'iotroam', 'eduroam', 'eduroam', 'eduroam', 'eduroam', 'iotroam'], 'signals': [-59, -57, -74, -62, -65, -81, -68], 'timestamps': [1.7832572161998482e+18, 1.7832572163404897e+18, 1.783257217875751e+18, 1.7832572178687508e+18, 1.783257218075751e+18, 1.7832572142088481e+18, 1.7832572160398482e+18], 'frequencies': [2437, 2462, 5320, 5500, 5540, 5580, 2412]}
174 233 1783257219770894754
{'names': ['NU-AP06164', 'NU-AP06163', 'NU-AP06162', 'NU-AP06163', 'NU-AP06164', 'NU-AP07183', 'NU-AP06167'], 'addresses': ['48:00:b3:5f:72:e0', '48:00:b3:5f:46:a0', '48:00:b3:5a:90:8e', '48:00:b3:5f:46:ae', '48:00:b3:5f:72:ee', '48:00:b3:5f:70:2e', '48:00:b3:5e:0b:e0'], 'ssids': ['iotroam', 'iotroam', 'eduroam', 'eduroam', 'eduroam', 'eduroam', 'iotroam'], 'signals': [-59, -57, -74, -62, -65, -81, -68], 'timestamps': [1.7832572161998482e+18, 1.7832572163404897e+18, 1.7832572178758948e+18, 1.7832572178688947e+18, 1.7832572180758948e+18, 1.7832572142088481e+18, 1.7832572160398482e+18], 'frequencies': [2437, 2462, 5320, 5500, 5540, 5580, 2412]}
175 233 1783257220186217545
{'names': ['NU-AP06164', 'NU-AP06163', 'NU-AP06162', 'NU-AP06163', 'NU-AP06164', 'NU-AP07183', 'NU-AP06167'], 'addresses': ['48:00:b3:5f:72:e0', '48:00:b3:5f:46:a0', '48:00:b3:5a:90:8e', '48:00:b3:5f:46:ae', '48:00:b3:5f:72:ee', '48:00:b3:5f:70:2e', '48:00:b3:5e:0b:e0'], 'ssids': ['iotroam', 'iotroam', 'eduroam', 'eduroam', 'eduroam', 'eduroam', 'iotroam'], 'signals': [-59, -57, -74, -62, -65, -81, -68], 'timestamps': [1.7832572201732175e+18, 1.7832572163404897e+18, 1.7832572178758948e+18, 1.7832572178688947e+18, 1.7832572180758948e+18, 1.7832572142088481e+18, 1.7832572160398482e+18], 'frequencies': [2437, 2462, 5320, 5500, 5540, 5580, 2412]}
176 233 1783257220242935116
{'names': ['NU-AP06164', 'NU-AP06163', 'NU-AP06162', 'NU-AP06163', 'NU-AP06164', 'NU-AP06167'], 'addresses': ['48:00:b3:5f:72:e2', '48:00:b3:5f:46:a0', '48:00:b3:5a:90:8e', '48:00:b3:5f:46:ae', '48:00:b3:5f:72:ee', '48:00:b3:5e:0b:e0'], 'ssids': ['VU-Campusnet', 'iotroam', 'eduroam', 'eduroam', 'eduroam', 'iotroam'], 'signals': [-59, -57, -74, -62, -65, -68], 'timestamps': [1.783257220190935e+18, 1.7832572163404897e+18, 1.7832572178758948e+18, 1.7832572178688947e+18, 1.7832572180758948e+18, 1.7832572160398482e+18], 'frequencies': [2437, 2462, 5320, 5500, 5540, 2412]}
177 233 1783257220303730755
{'names': ['NU-AP06164', 'NU-AP06163', 'NU-AP06162', 'NU-AP06163', 'NU-AP06164', 'NU-AP06167'], 'addresses': ['48:00:b3:5f:72:e2', '48:00:b3:5f:46:a0', '48:00:b3:5a:90:8e', '48:00:b3:5f:46:ae', '48:00:b3:5f:72:ee', '48:00:b3:5e:0b:e0'], 'ssids': ['VU-Campusnet', 'iotroam', 'eduroam', 'eduroam', 'eduroam', 'iotroam'], 'signals': [-59, -57, -74, -62, -65, -68], 'timestamps': [1.7832572201917307e+18, 1.7832572163404897e+18, 1.7832572178758948e+18, 1.7832572178688947e+18, 1.7832572180758948e+18, 1.7832572160398482e+18], 'frequencies': [2437, 2462, 5320, 5500, 5540, 2412]}
178 233 1783257220362911385
{'names': ['NU-AP06164', 'NU-AP06163', 'NU-AP06162', 'NU-AP06163', 'NU-AP06164', 'NU-AP06167'], 'addresses': ['48:00:b3:5f:72:e2', '48:00:b3:5f:46:a0', '48:00:b3:5a:90:8e', '48:00:b3:5f:46:ae', '48:00:b3:5f:72:ee', '48:00:b3:5e:0b:e0'], 'ssids': ['VU-Campusnet', 'iotroam', 'eduroam', 'eduroam', 'eduroam', 'iotroam'], 'signals': [-59, -57, -74, -62, -65, -68], 'timestamps': [1.7832572201917307e+18, 1.7832572203329116e+18, 1.7832572178758948e+18, 1.7832572178688947e+18, 1.7832572180758948e+18, 1.7832572160398482e+18], 'frequencies': [2437, 2462, 5320, 5500, 5540, 2412]}
179 233 1783257220423084907
{'names': ['NU-AP06164', 'NU-AP06163', 'NU-AP06162', 'NU-AP06163', 'NU-AP06164', 'NU-AP06167'], 'addresses': ['48:00:b3:5f:72:e2', '48:00:b3:5f:46:a0', '48:00:b3:5a:90:8e', '48:00:b3:5f:46:ae', '48:00:b3:5f:72:ee', '48:00:b3:5e:0b:e0'], 'ssids': ['VU-Campusnet', 'iotroam', 'eduroam', 'eduroam', 'eduroam', 'iotroam'], 'signals': [-59, -57, -74, -62, -65, -68], 'timestamps': [1.7832572201917307e+18, 1.7832572203330847e+18, 1.7832572178758948e+18, 1.7832572178688947e+18, 1.7832572180758948e+18, 1.7832572160398482e+18], 'frequencies': [2437, 2462, 5320, 5500, 5540, 2412]}
180 233 1783257220537097744
{'names': ['NU-AP06164', 'NU-AP06163', 'NU-AP06162', 'NU-AP06163', 'NU-AP06164', 'NU-AP06167'], 'addresses': ['48:00:b3:5f:72:e2', '48:00:b3:5f:46:a0', '48:00:b3:5a:90:8e', '48:00:b3:5f:46:ae', '48:00:b3:5f:72:ee', '48:00:b3:5e:0b:e0'], 'ssids': ['VU-Campusnet', 'iotroam', 'eduroam', 'eduroam', 'eduroam', 'iotroam'], 'signals': [-59, -57, -74, -62, -65, -68], 'timestamps': [1.7832572201917307e+18, 1.7832572203330977e+18, 1.7832572178758948e+18, 1.7832572178688947e+18, 1.7832572180758948e+18, 1.7832572160398482e+18], 'frequencies': [2437, 2462, 5320, 5500, 5540, 2412]}
181 233 1783257220758467185
{'names': ['NU-AP06164', 'NU-AP06163', 'NU-AP06162', 'NU-AP06163', 'NU-AP06164', 'NU-AP06167'], 'addresses': ['48:00:b3:5f:72:e2', '48:00:b3:5f:46:a0', '48:00:b3:5a:90:8e', '48:00:b3:5f:46:ae', '48:00:b3:5f:72:ee', '48:00:b3:5e:0b:e0'], 'ssids': ['VU-Campusnet', 'iotroam', 'eduroam', 'eduroam', 'eduroam', 'iotroam'], 'signals': [-59, -57, -74, -62, -65, -68], 'timestamps': [1.7832572201917307e+18, 1.7832572203334671e+18, 1.7832572178758948e+18, 1.7832572178688947e+18, 1.7832572180758948e+18, 1.7832572160398482e+18], 'frequencies': [2437, 2462, 5320, 5500, 5540, 2412]}
181 234 1783257221689072910
{'names': ['NU-AP06164', 'NU-AP06163', 'NU-AP06162', 'NU-AP06163', 'NU-AP06164', 'NU-AP06167'], 'addresses': ['48:00:b3:5f:72:e2', '48:00:b3:5f:46:a0', '48:00:b3:5a:90:8e', '48:00:b3:5f:46:ae', '48:00:b3:5f:72:ee', '48:00:b3:5e:0b:e0'], 'ssids': ['VU-Campusnet', 'iotroam', 'eduroam', 'eduroam', 'eduroam', 'iotroam'], 'signals': [-59, -57, -74, -62, -65, -68], 'timestamps': [1.7832572201917307e+18, 1.7832572203334671e+18, 1.7832572216700728e+18, 1.7832572178688947e+18, 1.7832572180758948e+18, 1.7832572160398482e+18], 'frequencies': [2437, 2462, 5320, 5500, 5540, 2412]}
181 236 1783257221747177231
{'names': ['NU-AP06164', 'NU-AP06163', 'NU-AP06162', 'NU-AP06163', 'NU-AP06164', 'NU-AP06167'], 'addresses': ['48:00:b3:5f:72:e2', '48:00:b3:5f:46:a0', '48:00:b3:5a:90:8e', '48:00:b3:5f:46:ae', '48:00:b3:5f:72:ee', '48:00:b3:5e:0b:e0'], 'ssids': ['VU-Campusnet', 'iotroam', 'eduroam', 'eduroam', 'eduroam', 'iotroam'], 'signals': [-59, -57, -74, -62, -65, -68], 'timestamps': [1.7832572201917307e+18, 1.7832572203334671e+18, 1.7832572216701773e+18, 1.7832572217141773e+18, 1.7832572180758948e+18, 1.7832572160398482e+18], 'frequencies': [2437, 2462, 5320, 5500, 5540, 2412]}
182 238 1783257221809484174
{'names': ['NU-AP06164', 'NU-AP06163', 'NU-AP06162', 'NU-AP06163', 'NU-AP06164', 'NU-AP06167'], 'addresses': ['48:00:b3:5f:72:e2', '48:00:b3:5f:46:a0', '48:00:b3:5a:90:8e', '48:00:b3:5f:46:ae', '48:00:b3:5f:72:ee', '48:00:b3:5e:0b:e0'], 'ssids': ['VU-Campusnet', 'iotroam', 'eduroam', 'eduroam', 'eduroam', 'iotroam'], 'signals': [-59, -57, -74, -62, -65, -68], 'timestamps': [1.7832572201917307e+18, 1.7832572203334843e+18, 1.7832572216704842e+18, 1.7832572217144842e+18, 1.7832572180758948e+18, 1.7832572160398482e+18], 'frequencies': [2437, 2462, 5320, 5500, 5540, 2412]}
183 240 1783257221931697225
{'names': ['NU-AP06164', 'NU-AP06163', 'NU-AP06162', 'NU-AP06163', 'NU-AP06164', 'NU-AP06167'], 'addresses': ['48:00:b3:5f:72:e2', '48:00:b3:5f:46:a0', '48:00:b3:5a:90:8e', '48:00:b3:5f:46:ae', '48:00:b3:5f:72:ee', '48:00:b3:5e:0b:e0'], 'ssids': ['VU-Campusnet', 'iotroam', 'eduroam', 'eduroam', 'eduroam', 'iotroam'], 'signals': [-59, -57, -74, -62, -65, -68], 'timestamps': [1.7832572201917307e+18, 1.783257220333697e+18, 1.7832572216706972e+18, 1.7832572217146972e+18, 1.7832572180758948e+18, 1.7832572160398482e+18], 'frequencies': [2437, 2462, 5320, 5500, 5540, 2412]}
183 241 1783257221998964613
{'names': ['NU-AP06164', 'NU-AP06163', 'NU-AP06162', 'NU-AP06163', 'NU-AP06164', 'NU-AP06167'], 'addresses': ['48:00:b3:5f:72:e2', '48:00:b3:5f:46:a0', '48:00:b3:5a:90:8e', '48:00:b3:5f:46:ae', '48:00:b3:5f:72:ee', '48:00:b3:5e:0b:e0'], 'ssids': ['VU-Campusnet', 'iotroam', 'eduroam', 'eduroam', 'eduroam', 'iotroam'], 'signals': [-59, -57, -74, -62, -65, -68], 'timestamps': [1.7832572201917307e+18, 1.783257220333697e+18, 1.7832572216706972e+18, 1.7832572217146972e+18, 1.7832572219939648e+18, 1.7832572160398482e+18], 'frequencies': [2437, 2462, 5320, 5500, 5540, 2412]}
185 244 1783257222063978190
{'names': ['NU-AP06164', 'NU-AP06163', 'NU-AP06162', 'NU-AP06163', 'NU-AP06164'], 'addresses': ['48:00:b3:5f:72:e2', '48:00:b3:5f:46:a0', '48:00:b3:5a:90:8e', '48:00:b3:5f:46:ae', '48:00:b3:5f:72:ee'], 'ssids': ['VU-Campusnet', 'iotroam', 'eduroam', 'eduroam', 'eduroam'], 'signals': [-59, -57, -74, -62, -65], 'timestamps': [1.7832572201919782e+18, 1.783257220333978e+18, 1.7832572216709783e+18, 1.7832572217149783e+18, 1.7832572219949783e+18], 'frequencies': [2437, 2462, 5320, 5500, 5540]}
186 244 1783257222132259911
{'names': ['NU-AP06164', 'NU-AP06163', 'NU-AP06162', 'NU-AP06163', 'NU-AP06164'], 'addresses': ['48:00:b3:5f:72:e2', '48:00:b3:5f:46:a0', '48:00:b3:5a:90:8e', '48:00:b3:5f:46:ae', '48:00:b3:5f:72:ee'], 'ssids': ['VU-Campusnet', 'iotroam', 'eduroam', 'eduroam', 'eduroam'], 'signals': [-59, -57, -74, -62, -65], 'timestamps': [1.7832572201919782e+18, 1.783257220333978e+18, 1.7832572216709783e+18, 1.7832572217149783e+18, 1.7832572219949783e+18], 'frequencies': [2437, 2462, 5320, 5500, 5540]}
187 245 1783257222194370601
{'names': ['NU-AP06164', 'NU-AP06163', 'NU-AP06162', 'NU-AP06163', 'NU-AP06164', 'NU-AP07183'], 'addresses': ['48:00:b3:5f:72:e2', '48:00:b3:5f:46:a0', '48:00:b3:5a:90:8e', '48:00:b3:5f:46:ae', '48:00:b3:5f:72:ee', '48:00:b3:5f:70:2d'], 'ssids': ['VU-Campusnet', 'iotroam', 'eduroam', 'eduroam', 'eduroam', 'VU-Campusnet'], 'signals': [-59, -57, -74, -62, -65, -81], 'timestamps': [1.7832572201919782e+18, 1.783257220333978e+18, 1.7832572216709783e+18, 1.7832572217149783e+18, 1.7832572219949783e+18, 1.7832572221843707e+18], 'frequencies': [2437, 2462, 5320, 5500, 5540, 5580]}
190 249 1783257222262157743
{'names': ['NU-AP06164', 'NU-AP06163', 'NU-AP06162', 'NU-AP06163', 'NU-AP06164', 'NU-AP07183'], 'addresses': ['48:00:b3:5f:72:e2', '48:00:b3:5f:46:a0', '48:00:b3:5a:90:8e', '48:00:b3:5f:46:ae', '48:00:b3:5f:72:ee', '48:00:b3:5f:70:2d'], 'ssids': ['VU-Campusnet', 'iotroam', 'eduroam', 'eduroam', 'eduroam', 'VU-Campusnet'], 'signals': [-59, -57, -74, -62, -65, -81], 'timestamps': [1.7832572201921577e+18, 1.7832572203341578e+18, 1.7832572216711578e+18, 1.7832572217151578e+18, 1.7832572219951578e+18, 1.783257222185158e+18], 'frequencies': [2437, 2462, 5320, 5500, 5540, 5580]}
193 253 1783257222335677559
{'names': ['NU-AP06164', 'NU-AP06163', 'NU-AP06162', 'NU-AP06163', 'NU-AP06164', 'NU-AP07183'], 'addresses': ['48:00:b3:5f:72:e2', '48:00:b3:5f:46:a0', '48:00:b3:5a:90:8e', '48:00:b3:5f:46:ae', '48:00:b3:5f:72:ee', '48:00:b3:5f:70:2d'], 'ssids': ['VU-Campusnet', 'iotroam', 'eduroam', 'eduroam', 'eduroam', 'VU-Campusnet'], 'signals': [-59, -57, -74, -62, -65, -81], 'timestamps': [1.7832572201956774e+18, 1.7832572203376773e+18, 1.7832572216746775e+18, 1.7832572217186775e+18, 1.7832572219986775e+18, 1.7832572221886774e+18], 'frequencies': [2437, 2462, 5320, 5500, 5540, 5580]}
