in the second of {formatted_time}:
	{cells_in_second24} new cells on 2.4GHz, {cells_in_second50} new cells on 5 GHz
	{predictions_in_second24} new predictions on 2.4GHz, {predictions_in_second50} new predictions on 5 GHz
in the second of {formatted_time}:
	{cells_in_second24} new cells on 2.4GHz, {cells_in_second50} new cells on 5 GHz
	{predictions_in_second24} new predictions on 2.4GHz, {predictions_in_second50} new predictions on 5 GHz
in the second of {formatted_time}:
	{cells_in_second24} new cells on 2.4GHz, {cells_in_second50} new cells on 5 GHz
	{predictions_in_second24} new predictions on 2.4GHz, {predictions_in_second50} new predictions on 5 GHz
in the second of {formatted_time}:
	{cells_in_second24} new cells on 2.4GHz, {cells_in_second50} new cells on 5 GHz
	{predictions_in_second24} new predictions on 2.4GHz, {predictions_in_second50} new predictions on 5 GHz
in the second of {formatted_time}:
	{cells_in_second24} new cells on 2.4GHz, {cells_in_second50} new cells on 5 GHz
	{predictions_in_second24} new predictions on 2.4GHz, {predictions_in_second50} new predictions on 5 GHz
24-ALL-tri
[(11.561, 27.700, 46.222), (20.831318004410733, 8.5), 38.84414900297565, 1783256239224674970, ['NU-AP06162', 'NU-AP06163', 'NU-AP06164'], [(10.830, 27.700, 31.890), (16.350, 27.700, 50.030), (2.960, 27.700, 44.930)], [13.389382961641566, 3.2842176056757415, 6.999554872984425]]
[(11.561, 27.700, 46.222), (30.82134643152656, 8.5), 42.35434261088758, 1783256239518780168, ['NU-AP06162', 'NU-AP06163', 'NU-AP06164'], [(10.830, 27.700, 31.890), (16.350, 27.700, 50.030), (2.960, 27.700, 44.930)], [13.389382961641566, 3.2842176056757415, 6.999554872984425]]
[(11.561, 27.700, 46.222), (44.02027543332314, 18.95447587156265), 42.392317353255095, 1783256240149753925, ['NU-AP06162', 'NU-AP06163', 'NU-AP06164'], [(10.830, 27.700, 31.890), (16.350, 27.700, 50.030), (2.960, 27.700, 44.930)], [13.389382961641566, 3.2842176056757415, 6.999554872984425]]
[(11.561, 27.700, 46.222), (44.53276098410397, 21.080341859986856), 41.4635659175337, 1783256240214132059, ['NU-AP06162', 'NU-AP06163', 'NU-AP06164'], [(10.830, 27.700, 31.890), (16.350, 27.700, 50.030), (2.960, 27.700, 44.930)], [13.389382961641566, 3.2842176056757415, 6.999554872984425]]
[(11.561, 27.700, 46.222), (45.535979731174464, 25.24184184783482), 39.930638202155, 1783256240340155809, ['NU-AP06162', 'NU-AP06163', 'NU-AP06164'], [(10.830, 27.700, 31.890), (16.350, 27.700, 50.030), (2.960, 27.700, 44.930)], [13.389382961641566, 3.2842176056757415, 6.999554872984425]]
[(11.561, 27.700, 46.222), (47.96009146686724, 35.297416455153), 38.00309830617963, 1783256240644671302, ['NU-AP06162', 'NU-AP06163', 'NU-AP06164'], [(10.830, 27.700, 31.890), (16.350, 27.700, 50.030), (2.960, 27.700, 44.930)], [13.389382961641566, 3.2842176056757415, 6.999554872984425]]
[(11.561, 27.700, 46.222), (51.359559663701305, 49.39891416053873), 39.92519205478666, 1783256241071710501, ['NU-AP06162', 'NU-AP06163', 'NU-AP06164'], [(10.830, 27.700, 31.890), (16.350, 27.700, 50.030), (2.960, 27.700, 44.930)], [13.389382961641566, 3.2842176056757415, 6.999554872984425]]
[(11.482, 27.700, 46.174), (53.34267057214383, 57.625152002967), 43.39871735614672, 1783256241320827729, ['NU-AP06162', 'NU-AP06163', 'NU-AP06164'], [(10.830, 27.700, 31.890), (16.350, 27.700, 50.030), (2.960, 27.700, 44.930)], [13.389382961641566, 3.65915057925218, 6.999554872984425]]
[(11.482, 27.700, 46.174), (53.844471755204744, 59.706697651219685), 44.47152924589164, 1783256241383863699, ['NU-AP06162', 'NU-AP06163', 'NU-AP06164'], [(10.830, 27.700, 31.890), (16.350, 27.700, 50.030), (2.960, 27.700, 44.930)], [13.389382961641566, 3.65915057925218, 6.999554872984425]]
[(11.482, 27.700, 46.174), (54.42391678945211, 62.11032149698652), 45.80369522679431, 1783256241456653244, ['NU-AP06162', 'NU-AP06163', 'NU-AP06164'], [(10.830, 27.700, 31.890), (16.350, 27.700, 50.030), (2.960, 27.700, 44.930)], [13.389382961641566, 3.65915057925218, 6.999554872984425]]
[(11.482, 27.700, 46.174), (54.96283403775785, 64.5), 47.18505142895502, 1783256241530114640, ['NU-AP06162', 'NU-AP06163', 'NU-AP06164'], [(10.830, 27.700, 31.890), (16.350, 27.700, 50.030), (2.960, 27.700, 44.930)], [13.389382961641566, 3.65915057925218, 6.999554872984425]]
[(11.482, 27.700, 46.174), (51.464131596015356, 64.5), 43.98200324884984, 1783256241633116006, ['NU-AP06162', 'NU-AP06163', 'NU-AP06164'], [(10.830, 27.700, 31.890), (16.350, 27.700, 50.030), (2.960, 27.700, 44.930)], [13.389382961641566, 3.65915057925218, 6.999554872984425]]
[(11.482, 27.700, 46.174), (49.08365981579592, 64.5), 41.82977791565202, 1783256241703196800, ['NU-AP06162', 'NU-AP06163', 'NU-AP06164'], [(10.830, 27.700, 31.890), (16.350, 27.700, 50.030), (2.960, 27.700, 44.930)], [13.389382961641566, 3.65915057925218, 6.999554872984425]]
[(11.482, 27.700, 46.174), (46.61231475876005, 64.5), 39.62302665520642, 1783256241775952892, ['NU-AP06162', 'NU-AP06163', 'NU-AP06164'], [(10.830, 27.700, 31.890), (16.350, 27.700, 50.030), (2.960, 27.700, 44.930)], [13.389382961641566, 3.65915057925218, 6.999554872984425]]
[(11.482, 27.700, 46.174), (44.18854622686384, 64.5), 37.4908405389999, 1783256241847308337, ['NU-AP06162', 'NU-AP06163', 'NU-AP06164'], [(10.830, 27.700, 31.890), (16.350, 27.700, 50.030), (2.960, 27.700, 44.930)], [13.389382961641566, 3.65915057925218, 6.999554872984425]]
[(11.482, 27.700, 46.174), (17.342768263960767, 64.5), 19.24033768057705, 1783256242637644711, ['NU-AP06162', 'NU-AP06163', 'NU-AP06164'], [(10.830, 27.700, 31.890), (16.350, 27.700, 50.030), (2.960, 27.700, 44.930)], [13.389382961641566, 3.65915057925218, 6.999554872984425]]
[(11.482, 27.700, 46.174), (14.95149789885121, 64.5), 18.65151845410731, 1783256242708043414, ['NU-AP06162', 'NU-AP06163', 'NU-AP06164'], [(10.830, 27.700, 31.890), (16.350, 27.700, 50.030), (2.960, 27.700, 44.930)], [13.389382961641566, 3.65915057925218, 6.999554872984425]]
[(11.482, 27.700, 46.174), (12.44987486101146, 64.5), 18.35151846773708, 1783256242781690886, ['NU-AP06162', 'NU-AP06163', 'NU-AP06164'], [(10.830, 27.700, 31.890), (16.350, 27.700, 50.030), (2.960, 27.700, 44.930)], [13.389382961641566, 3.65915057925218, 6.999554872984425]]
[(11.482, 27.700, 46.174), (2.9999999999999885, 64.5), 20.193680379898638, 1783256243059894030, ['NU-AP06162', 'NU-AP06163', 'NU-AP06164'], [(10.830, 27.700, 31.890), (16.350, 27.700, 50.030), (2.960, 27.700, 44.930)], [13.389382961641566, 3.65915057925218, 6.999554872984425]]
24-80-tri
[(11.561, 27.700, 46.222), (20.831318004410733, 8.5), 38.84414900297565, 1783256239224674970, ['NU-AP06162', 'NU-AP06163', 'NU-AP06164'], [(10.830, 27.700, 31.890), (16.350, 27.700, 50.030), (2.960, 27.700, 44.930)], [13.389382961641566, 3.2842176056757415, 6.999554872984425]]
[(11.561, 27.700, 46.222), (30.82134643152656, 8.5), 42.35434261088758, 1783256239518780168, ['NU-AP06162', 'NU-AP06163', 'NU-AP06164'], [(10.830, 27.700, 31.890), (16.350, 27.700, 50.030), (2.960, 27.700, 44.930)], [13.389382961641566, 3.2842176056757415, 6.999554872984425]]
[(11.561, 27.700, 46.222), (44.02027543332314, 18.95447587156265), 42.392317353255095, 1783256240149753925, ['NU-AP06162', 'NU-AP06163', 'NU-AP06164'], [(10.830, 27.700, 31.890), (16.350, 27.700, 50.030), (2.960, 27.700, 44.930)], [13.389382961641566, 3.2842176056757415, 6.999554872984425]]
[(11.561, 27.700, 46.222), (44.53276098410397, 21.080341859986856), 41.4635659175337, 1783256240214132059, ['NU-AP06162', 'NU-AP06163', 'NU-AP06164'], [(10.830, 27.700, 31.890), (16.350, 27.700, 50.030), (2.960, 27.700, 44.930)], [13.389382961641566, 3.2842176056757415, 6.999554872984425]]
[(11.561, 27.700, 46.222), (45.535979731174464, 25.24184184783482), 39.930638202155, 1783256240340155809, ['NU-AP06162', 'NU-AP06163', 'NU-AP06164'], [(10.830, 27.700, 31.890), (16.350, 27.700, 50.030), (2.960, 27.700, 44.930)], [13.389382961641566, 3.2842176056757415, 6.999554872984425]]
[(11.561, 27.700, 46.222), (47.96009146686724, 35.297416455153), 38.00309830617963, 1783256240644671302, ['NU-AP06162', 'NU-AP06163', 'NU-AP06164'], [(10.830, 27.700, 31.890), (16.350, 27.700, 50.030), (2.960, 27.700, 44.930)], [13.389382961641566, 3.2842176056757415, 6.999554872984425]]
[(11.561, 27.700, 46.222), (51.359559663701305, 49.39891416053873), 39.92519205478666, 1783256241071710501, ['NU-AP06162', 'NU-AP06163', 'NU-AP06164'], [(10.830, 27.700, 31.890), (16.350, 27.700, 50.030), (2.960, 27.700, 44.930)], [13.389382961641566, 3.2842176056757415, 6.999554872984425]]
[(11.482, 27.700, 46.174), (53.34267057214383, 57.625152002967), 43.39871735614672, 1783256241320827729, ['NU-AP06162', 'NU-AP06163', 'NU-AP06164'], [(10.830, 27.700, 31.890), (16.350, 27.700, 50.030), (2.960, 27.700, 44.930)], [13.389382961641566, 3.65915057925218, 6.999554872984425]]
[(11.482, 27.700, 46.174), (53.844471755204744, 59.706697651219685), 44.47152924589164, 1783256241383863699, ['NU-AP06162', 'NU-AP06163', 'NU-AP06164'], [(10.830, 27.700, 31.890), (16.350, 27.700, 50.030), (2.960, 27.700, 44.930)], [13.389382961641566, 3.65915057925218, 6.999554872984425]]
[(11.482, 27.700, 46.174), (54.42391678945211, 62.11032149698652), 45.80369522679431, 1783256241456653244, ['NU-AP06162', 'NU-AP06163', 'NU-AP06164'], [(10.830, 27.700, 31.890), (16.350, 27.700, 50.030), (2.960, 27.700, 44.930)], [13.389382961641566, 3.65915057925218, 6.999554872984425]]
[(11.482, 27.700, 46.174), (54.96283403775785, 64.5), 47.18505142895502, 1783256241530114640, ['NU-AP06162', 'NU-AP06163', 'NU-AP06164'], [(10.830, 27.700, 31.890), (16.350, 27.700, 50.030), (2.960, 27.700, 44.930)], [13.389382961641566, 3.65915057925218, 6.999554872984425]]
[(11.482, 27.700, 46.174), (51.464131596015356, 64.5), 43.98200324884984, 1783256241633116006, ['NU-AP06162', 'NU-AP06163', 'NU-AP06164'], [(10.830, 27.700, 31.890), (16.350, 27.700, 50.030), (2.960, 27.700, 44.930)], [13.389382961641566, 3.65915057925218, 6.999554872984425]]
[(11.482, 27.700, 46.174), (49.08365981579592, 64.5), 41.82977791565202, 1783256241703196800, ['NU-AP06162', 'NU-AP06163', 'NU-AP06164'], [(10.830, 27.700, 31.890), (16.350, 27.700, 50.030), (2.960, 27.700, 44.930)], [13.389382961641566, 3.65915057925218, 6.999554872984425]]
[(11.482, 27.700, 46.174), (46.61231475876005, 64.5), 39.62302665520642, 1783256241775952892, ['NU-AP06162', 'NU-AP06163', 'NU-AP06164'], [(10.830, 27.700, 31.890), (16.350, 27.700, 50.030), (2.960, 27.700, 44.930)], [13.389382961641566, 3.65915057925218, 6.999554872984425]]
[(11.482, 27.700, 46.174), (44.18854622686384, 64.5), 37.4908405389999, 1783256241847308337, ['NU-AP06162', 'NU-AP06163', 'NU-AP06164'], [(10.830, 27.700, 31.890), (16.350, 27.700, 50.030), (2.960, 27.700, 44.930)], [13.389382961641566, 3.65915057925218, 6.999554872984425]]
[(11.482, 27.700, 46.174), (17.342768263960767, 64.5), 19.24033768057705, 1783256242637644711, ['NU-AP06162', 'NU-AP06163', 'NU-AP06164'], [(10.830, 27.700, 31.890), (16.350, 27.700, 50.030), (2.960, 27.700, 44.930)], [13.389382961641566, 3.65915057925218, 6.999554872984425]]
[(11.482, 27.700, 46.174), (14.95149789885121, 64.5), 18.65151845410731, 1783256242708043414, ['NU-AP06162', 'NU-AP06163', 'NU-AP06164'], [(10.830, 27.700, 31.890), (16.350, 27.700, 50.030), (2.960, 27.700, 44.930)], [13.389382961641566, 3.65915057925218, 6.999554872984425]]
[(11.482, 27.700, 46.174), (12.44987486101146, 64.5), 18.35151846773708, 1783256242781690886, ['NU-AP06162', 'NU-AP06163', 'NU-AP06164'], [(10.830, 27.700, 31.890), (16.350, 27.700, 50.030), (2.960, 27.700, 44.930)], [13.389382961641566, 3.65915057925218, 6.999554872984425]]
[(11.482, 27.700, 46.174), (2.9999999999999885, 64.5), 20.193680379898638, 1783256243059894030, ['NU-AP06162', 'NU-AP06163', 'NU-AP06164'], [(10.830, 27.700, 31.890), (16.350, 27.700, 50.030), (2.960, 27.700, 44.930)], [13.389382961641566, 3.65915057925218, 6.999554872984425]]
24-70-tri
24-67-tri
50-ALL-tri
[(10.081, 27.700, 46.360), (54.42391678945211, 62.11032149698652), 47.056511057890454, 1783256241456653244, ['NU-AP06164', 'NU-AP06163', 'NU-AP06167'], [(2.960, 27.700, 44.930), (16.350, 27.700, 50.030), (6.580, 27.700, 59.750)], [2.3745802670486156, 2.3745802670486156, 12.017446754198597]]
[(10.081, 27.700, 46.360), (54.96283403775785, 64.5), 48.40851680454032, 1783256241530114640, ['NU-AP06164', 'NU-AP06163', 'NU-AP06167'], [(2.960, 27.700, 44.930), (16.350, 27.700, 50.030), (6.580, 27.700, 59.750)], [2.3745802670486156, 2.3745802670486156, 12.017446754198597]]
[(10.052, 27.700, 46.331), (51.464131596015356, 64.5), 45.222821897266634, 1783256241633116006, ['NU-AP06164', 'NU-AP06163', 'NU-AP06167'], [(2.960, 27.700, 44.930), (16.350, 27.700, 50.030), (6.580, 27.700, 59.750)], [2.131270126829564, 2.3745802670486156, 12.017446754198597]]
[(10.052, 27.700, 46.331), (49.08365981579592, 64.5), 43.05355542912527, 1783256241703196800, ['NU-AP06164', 'NU-AP06163', 'NU-AP06167'], [(2.960, 27.700, 44.930), (16.350, 27.700, 50.030), (6.580, 27.700, 59.750)], [2.131270126829564, 2.3745802670486156, 12.017446754198597]]
[(10.052, 27.700, 46.331), (46.61231475876005, 64.5), 40.82638780912247, 1783256241775952892, ['NU-AP06164', 'NU-AP06163', 'NU-AP06167'], [(2.960, 27.700, 44.930), (16.350, 27.700, 50.030), (6.580, 27.700, 59.750)], [2.131270126829564, 2.3745802670486156, 12.017446754198597]]
[(10.052, 27.700, 46.331), (44.18854622686384, 64.5), 38.67092305512828, 1783256241847308337, ['NU-AP06164', 'NU-AP06163', 'NU-AP06167'], [(2.960, 27.700, 44.930), (16.350, 27.700, 50.030), (6.580, 27.700, 59.750)], [2.131270126829564, 2.3745802670486156, 12.017446754198597]]
[(10.052, 27.700, 46.331), (17.342768263960767, 64.5), 19.57760633259388, 1783256242637644711, ['NU-AP06164', 'NU-AP06163', 'NU-AP06167'], [(2.960, 27.700, 44.930), (16.350, 27.700, 50.030), (6.580, 27.700, 59.750)], [2.131270126829564, 2.3745802670486156, 12.017446754198597]]
[(10.052, 27.700, 46.331), (14.95149789885121, 64.5), 18.818385528748237, 1783256242708043414, ['NU-AP06164', 'NU-AP06163', 'NU-AP06167'], [(2.960, 27.700, 44.930), (16.350, 27.700, 50.030), (6.580, 27.700, 59.750)], [2.131270126829564, 2.3745802670486156, 12.017446754198597]]
[(10.052, 27.700, 46.331), (12.44987486101146, 64.5), 18.326906639250073, 1783256242781690886, ['NU-AP06164', 'NU-AP06163', 'NU-AP06167'], [(2.960, 27.700, 44.930), (16.350, 27.700, 50.030), (6.580, 27.700, 59.750)], [2.131270126829564, 2.3745802670486156, 12.017446754198597]]
[(10.052, 27.700, 46.331), (2.9999999999999885, 64.5), 19.48982277912685, 1783256243059894030, ['NU-AP06164', 'NU-AP06163', 'NU-AP06167'], [(2.960, 27.700, 44.930), (16.350, 27.700, 50.030), (6.580, 27.700, 59.750)], [2.131270126829564, 2.3745802670486156, 12.017446754198597]]
50-80-tri
[(10.081, 27.700, 46.360), (54.42391678945211, 62.11032149698652), 47.056511057890454, 1783256241456653244, ['NU-AP06164', 'NU-AP06163', 'NU-AP06167'], [(2.960, 27.700, 44.930), (16.350, 27.700, 50.030), (6.580, 27.700, 59.750)], [2.3745802670486156, 2.3745802670486156, 12.017446754198597]]
[(10.081, 27.700, 46.360), (54.96283403775785, 64.5), 48.40851680454032, 1783256241530114640, ['NU-AP06164', 'NU-AP06163', 'NU-AP06167'], [(2.960, 27.700, 44.930), (16.350, 27.700, 50.030), (6.580, 27.700, 59.750)], [2.3745802670486156, 2.3745802670486156, 12.017446754198597]]
[(10.052, 27.700, 46.331), (51.464131596015356, 64.5), 45.222821897266634, 1783256241633116006, ['NU-AP06164', 'NU-AP06163', 'NU-AP06167'], [(2.960, 27.700, 44.930), (16.350, 27.700, 50.030), (6.580, 27.700, 59.750)], [2.131270126829564, 2.3745802670486156, 12.017446754198597]]
[(10.052, 27.700, 46.331), (49.08365981579592, 64.5), 43.05355542912527, 1783256241703196800, ['NU-AP06164', 'NU-AP06163', 'NU-AP06167'], [(2.960, 27.700, 44.930), (16.350, 27.700, 50.030), (6.580, 27.700, 59.750)], [2.131270126829564, 2.3745802670486156, 12.017446754198597]]
[(10.052, 27.700, 46.331), (46.61231475876005, 64.5), 40.82638780912247, 1783256241775952892, ['NU-AP06164', 'NU-AP06163', 'NU-AP06167'], [(2.960, 27.700, 44.930), (16.350, 27.700, 50.030), (6.580, 27.700, 59.750)], [2.131270126829564, 2.3745802670486156, 12.017446754198597]]
[(10.052, 27.700, 46.331), (44.18854622686384, 64.5), 38.67092305512828, 1783256241847308337, ['NU-AP06164', 'NU-AP06163', 'NU-AP06167'], [(2.960, 27.700, 44.930), (16.350, 27.700, 50.030), (6.580, 27.700, 59.750)], [2.131270126829564, 2.3745802670486156, 12.017446754198597]]
[(10.052, 27.700, 46.331), (17.342768263960767, 64.5), 19.57760633259388, 1783256242637644711, ['NU-AP06164', 'NU-AP06163', 'NU-AP06167'], [(2.960, 27.700, 44.930), (16.350, 27.700, 50.030), (6.580, 27.700, 59.750)], [2.131270126829564, 2.3745802670486156, 12.017446754198597]]
[(10.052, 27.700, 46.331), (14.95149789885121, 64.5), 18.818385528748237, 1783256242708043414, ['NU-AP06164', 'NU-AP06163', 'NU-AP06167'], [(2.960, 27.700, 44.930), (16.350, 27.700, 50.030), (6.580, 27.700, 59.750)], [2.131270126829564, 2.3745802670486156, 12.017446754198597]]
[(10.052, 27.700, 46.331), (12.44987486101146, 64.5), 18.326906639250073, 1783256242781690886, ['NU-AP06164', 'NU-AP06163', 'NU-AP06167'], [(2.960, 27.700, 44.930), (16.350, 27.700, 50.030), (6.580, 27.700, 59.750)], [2.131270126829564, 2.3745802670486156, 12.017446754198597]]
[(10.052, 27.700, 46.331), (2.9999999999999885, 64.5), 19.48982277912685, 1783256243059894030, ['NU-AP06164', 'NU-AP06163', 'NU-AP06167'], [(2.960, 27.700, 44.930), (16.350, 27.700, 50.030), (6.580, 27.700, 59.750)], [2.131270126829564, 2.3745802670486156, 12.017446754198597]]
50-70-tri
50-67-tri
24-ALL-mul
[(19.915, 27.700, 32.231), (44.02027543332314, 18.95447587156265), 27.519802644451186, 1783256240149753925, ['NU-AP06162', 'NU-AP06163', 'NU-AP06164', 'NU-AP06167'], [(10.830, 27.700, 31.890), (16.350, 27.700, 50.030), (2.960, 27.700, 44.930), (6.580, 27.700, 59.750)], [13.389382961641566, 3.2842176056757415, 6.999554872984425, 28.536391922827427]]
[(19.915, 27.700, 32.231), (44.53276098410397, 21.080341859986856), 27.025598375402883, 1783256240214132059, ['NU-AP06162', 'NU-AP06163', 'NU-AP06164', 'NU-AP06167'], [(10.830, 27.700, 31.890), (16.350, 27.700, 50.030), (2.960, 27.700, 44.930), (6.580, 27.700, 59.750)], [13.389382961641566, 3.2842176056757415, 6.999554872984425, 28.536391922827427]]
[(19.915, 27.700, 32.231), (45.535979731174464, 25.24184184783482), 26.557474475196408, 1783256240340155809, ['NU-AP06162', 'NU-AP06163', 'NU-AP06164', 'NU-AP06167'], [(10.830, 27.700, 31.890), (16.350, 27.700, 50.030), (2.960, 27.700, 44.930), (6.580, 27.700, 59.750)], [13.389382961641566, 3.2842176056757415, 6.999554872984425, 28.536391922827427]]
[(19.915, 27.700, 32.231), (47.96009146686724, 35.297416455153), 28.212734315553178, 1783256240644671302, ['NU-AP06162', 'NU-AP06163', 'NU-AP06164', 'NU-AP06167'], [(10.830, 27.700, 31.890), (16.350, 27.700, 50.030), (2.960, 27.700, 44.930), (6.580, 27.700, 59.750)], [13.389382961641566, 3.2842176056757415, 6.999554872984425, 28.536391922827427]]
[(19.915, 27.700, 32.231), (51.359559663701305, 49.39891416053873), 35.82656086429251, 1783256241071710501, ['NU-AP06162', 'NU-AP06163', 'NU-AP06164', 'NU-AP06167'], [(10.830, 27.700, 31.890), (16.350, 27.700, 50.030), (2.960, 27.700, 44.930), (6.580, 27.700, 59.750)], [13.389382961641566, 3.2842176056757415, 6.999554872984425, 28.536391922827427]]
[(19.809, 27.700, 32.227), (53.34267057214383, 57.625152002967), 42.06623086359927, 1783256241320827729, ['NU-AP06162', 'NU-AP06163', 'NU-AP06164', 'NU-AP06167'], [(10.830, 27.700, 31.890), (16.350, 27.700, 50.030), (2.960, 27.700, 44.930), (6.580, 27.700, 59.750)], [13.389382961641566, 3.65915057925218, 6.999554872984425, 28.536391922827427]]
[(19.809, 27.700, 32.227), (53.844471755204744, 59.706697651219685), 43.744058133601854, 1783256241383863699, ['NU-AP06162', 'NU-AP06163', 'NU-AP06164', 'NU-AP06167'], [(10.830, 27.700, 31.890), (16.350, 27.700, 50.030), (2.960, 27.700, 44.930), (6.580, 27.700, 59.750)], [13.389382961641566, 3.65915057925218, 6.999554872984425, 28.536391922827427]]
[(19.809, 27.700, 32.227), (54.42391678945211, 62.11032149698652), 45.72966126804977, 1783256241456653244, ['NU-AP06162', 'NU-AP06163', 'NU-AP06164', 'NU-AP06167'], [(10.830, 27.700, 31.890), (16.350, 27.700, 50.030), (2.960, 27.700, 44.930), (6.580, 27.700, 59.750)], [13.389382961641566, 3.65915057925218, 6.999554872984425, 28.536391922827427]]
[(19.809, 27.700, 32.227), (54.96283403775785, 64.5), 47.72144376233961, 1783256241530114640, ['NU-AP06162', 'NU-AP06163', 'NU-AP06164', 'NU-AP06167'], [(10.830, 27.700, 31.890), (16.350, 27.700, 50.030), (2.960, 27.700, 44.930), (6.580, 27.700, 59.750)], [13.389382961641566, 3.65915057925218, 6.999554872984425, 28.536391922827427]]
[(19.809, 27.700, 32.227), (51.464131596015356, 64.5), 45.20612359386996, 1783256241633116006, ['NU-AP06162', 'NU-AP06163', 'NU-AP06164', 'NU-AP06167'], [(10.830, 27.700, 31.890), (16.350, 27.700, 50.030), (2.960, 27.700, 44.930), (6.580, 27.700, 59.750)], [13.389382961641566, 3.65915057925218, 6.999554872984425, 28.536391922827427]]
[(19.809, 27.700, 32.227), (49.08365981579592, 64.5), 43.572392576074726, 1783256241703196800, ['NU-AP06162', 'NU-AP06163', 'NU-AP06164', 'NU-AP06167'], [(10.830, 27.700, 31.890), (16.350, 27.700, 50.030), (2.960, 27.700, 44.930), (6.580, 27.700, 59.750)], [13.389382961641566, 3.65915057925218, 6.999554872984425, 28.536391922827427]]
[(19.809, 27.700, 32.227), (46.61231475876005, 64.5), 41.95195892567071, 1783256241775952892, ['NU-AP06162', 'NU-AP06163', 'NU-AP06164', 'NU-AP06167'], [(10.830, 27.700, 31.890), (16.350, 27.700, 50.030), (2.960, 27.700, 44.930), (6.580, 27.700, 59.750)], [13.389382961641566, 3.65915057925218, 6.999554872984425, 28.536391922827427]]
[(19.809, 27.700, 32.227), (44.18854622686384, 64.5), 40.446420229652134, 1783256241847308337, ['NU-AP06162', 'NU-AP06163', 'NU-AP06164', 'NU-AP06167'], [(10.830, 27.700, 31.890), (16.350, 27.700, 50.030), (2.960, 27.700, 44.930), (6.580, 27.700, 59.750)], [13.389382961641566, 3.65915057925218, 6.999554872984425, 28.536391922827427]]
[(19.809, 27.700, 32.227), (17.342768263960767, 64.5), 32.367407988225914, 1783256242637644711, ['NU-AP06162', 'NU-AP06163', 'NU-AP06164', 'NU-AP06167'], [(10.830, 27.700, 31.890), (16.350, 27.700, 50.030), (2.960, 27.700, 44.930), (6.580, 27.700, 59.750)], [13.389382961641566, 3.65915057925218, 6.999554872984425, 28.536391922827427]]
[(19.809, 27.700, 32.227), (14.95149789885121, 64.5), 32.63684371252031, 1783256242708043414, ['NU-AP06162', 'NU-AP06163', 'NU-AP06164', 'NU-AP06167'], [(10.830, 27.700, 31.890), (16.350, 27.700, 50.030), (2.960, 27.700, 44.930), (6.580, 27.700, 59.750)], [13.389382961641566, 3.65915057925218, 6.999554872984425, 28.536391922827427]]
[(19.809, 27.700, 32.227), (12.44987486101146, 64.5), 33.10175931982487, 1783256242781690886, ['NU-AP06162', 'NU-AP06163', 'NU-AP06164', 'NU-AP06167'], [(10.830, 27.700, 31.890), (16.350, 27.700, 50.030), (2.960, 27.700, 44.930), (6.580, 27.700, 59.750)], [13.389382961641566, 3.65915057925218, 6.999554872984425, 28.536391922827427]]
[(19.809, 27.700, 32.227), (2.9999999999999885, 64.5), 36.388431110613446, 1783256243059894030, ['NU-AP06162', 'NU-AP06163', 'NU-AP06164', 'NU-AP06167'], [(10.830, 27.700, 31.890), (16.350, 27.700, 50.030), (2.960, 27.700, 44.930), (6.580, 27.700, 59.750)], [13.389382961641566, 3.65915057925218, 6.999554872984425, 28.536391922827427]]
24-80-mul
24-70-mul
24-67-mul
50-ALL-mul
50-80-mul
50-70-mul
50-67-mul
