0 1 1783256237051090124
{'names': [], 'addresses': [], 'ssids': [], 'signals': [], 'timestamps': [], 'frequencies': []}
0 2 1783256237117135598
{'names': [], 'addresses': [], 'ssids': [], 'signals': [], 'timestamps': [], 'frequencies': []}
0 3 1783256237163012525
{'names': [], 'addresses': [], 'ssids': [], 'signals': [], 'timestamps': [], 'frequencies': []}
1 4 1783256237205948871
{'names': ['NU-AP06164'], 'addresses': ['48:00:b3:5f:72:e1'], 'ssids': ['eduroam'], 'signals': [-58], 'timestamps': [1.783256237204949e+18], 'frequencies': [2437]}
2 5 1783256237255813260
{'names': ['NU-AP06164'], 'addresses': ['48:00:b3:5f:72:e1'], 'ssids': ['eduroam'], 'signals': [-58], 'timestamps': [1.7832562372058132e+18], 'frequencies': [2437]}
3 6 1783256237302901258
{'names': ['NU-AP06164'], 'addresses': ['48:00:b3:5f:72:e1'], 'ssids': ['eduroam'], 'signals': [-58], 'timestamps': [1.7832562372059013e+18], 'frequencies': [2437]}
4 7 1783256237350378976
{'names': ['NU-AP06164', 'NU-AP06163'], 'addresses': ['48:00:b3:5f:72:e1', '48:00:b3:5f:46:a0'], 'ssids': ['eduroam', 'iotroam'], 'signals': [-58, -58], 'timestamps': [1.7832562372059013e+18, 1.783256237345379e+18], 'frequencies': [2437, 2462]}
4 8 1783256237399301565
{'names': ['NU-AP06164', 'NU-AP06163'], 'addresses': ['48:00:b3:5f:72:e1', '48:00:b3:5f:46:a0'], 'ssids': ['eduroam', 'iotroam'], 'signals': [-58, -58], 'timestamps': [1.7832562372059013e+18, 1.783256237345379e+18], 'frequencies': [2437, 2462]}
6 9 1783256237450948226
{'names': ['NU-AP06164', 'NU-AP06163'], 'addresses': ['48:00:b3:5f:72:e1', '48:00:b3:5f:46:a0'], 'ssids': ['eduroam', 'iotroam'], 'signals': [-58, -58], 'timestamps': [1.7832562372059484e+18, 1.7832562373459484e+18], 'frequencies': [2437, 2462]}
6 10 1783256237500210474
{'names': ['NU-AP06164', 'NU-AP06163'], 'addresses': ['48:00:b3:5f:72:e1', '48:00:b3:5f:46:a0'], 'ssids': ['eduroam', 'iotroam'], 'signals': [-58, -58], 'timestamps': [1.7832562372059484e+18, 1.7832562373459484e+18], 'frequencies': [2437, 2462]}
6 11 1783256237549932416
{'names': ['NU-AP06164', 'NU-AP06163'], 'addresses': ['48:00:b3:5f:72:e1', '48:00:b3:5f:46:a0'], 'ssids': ['eduroam', 'iotroam'], 'signals': [-58, -58], 'timestamps': [1.7832562372059484e+18, 1.7832562373459484e+18], 'frequencies': [2437, 2462]}
6 12 1783256237598911252
{'names': ['NU-AP06164', 'NU-AP06163'], 'addresses': ['48:00:b3:5f:72:e1', '48:00:b3:5f:46:a0'], 'ssids': ['eduroam', 'iotroam'], 'signals': [-58, -58], 'timestamps': [1.7832562372059484e+18, 1.7832562373459484e+18], 'frequencies': [2437, 2462]}
6 13 1783256237647771298
{'names': ['NU-AP06164', 'NU-AP06163'], 'addresses': ['48:00:b3:5f:72:e1', '48:00:b3:5f:46:a0'], 'ssids': ['eduroam', 'iotroam'], 'signals': [-58, -58], 'timestamps': [1.7832562372059484e+18, 1.7832562373459484e+18], 'frequencies': [2437, 2462]}
6 14 1783256237697051403
{'names': ['NU-AP06164', 'NU-AP06163'], 'addresses': ['48:00:b3:5f:72:e1', '48:00:b3:5f:46:a0'], 'ssids': ['eduroam', 'iotroam'], 'signals': [-58, -58], 'timestamps': [1.7832562372059484e+18, 1.7832562373459484e+18], 'frequencies': [2437, 2462]}
6 15 1783256237746388084
{'names': ['NU-AP06164', 'NU-AP06163'], 'addresses': ['48:00:b3:5f:72:e1', '48:00:b3:5f:46:a0'], 'ssids': ['eduroam', 'iotroam'], 'signals': [-58, -58], 'timestamps': [1.7832562372059484e+18, 1.7832562373459484e+18], 'frequencies': [2437, 2462]}
6 16 1783256237793913663
{'names': ['NU-AP06164', 'NU-AP06163'], 'addresses': ['48:00:b3:5f:72:e1', '48:00:b3:5f:46:a0'], 'ssids': ['eduroam', 'iotroam'], 'signals': [-58, -58], 'timestamps': [1.7832562372059484e+18, 1.7832562373459484e+18], 'frequencies': [2437, 2462]}
6 17 1783256237844774346
{'names': ['NU-AP06164', 'NU-AP06163'], 'addresses': ['48:00:b3:5f:72:e1', '48:00:b3:5f:46:a0'], 'ssids': ['eduroam', 'iotroam'], 'signals': [-58, -58], 'timestamps': [1.7832562372059484e+18, 1.7832562373459484e+18], 'frequencies': [2437, 2462]}
8 18 1783256237895044688
{'names': ['NU-AP06164', 'NU-AP06163'], 'addresses': ['48:00:b3:5f:72:e1', '48:00:b3:5f:46:a0'], 'ssids': ['eduroam', 'iotroam'], 'signals': [-58, -58], 'timestamps': [1.7832562372060447e+18, 1.7832562373460447e+18], 'frequencies': [2437, 2462]}
8 19 1783256237944959714
{'names': ['NU-AP06164', 'NU-AP06163'], 'addresses': ['48:00:b3:5f:72:e1', '48:00:b3:5f:46:a0'], 'ssids': ['eduroam', 'iotroam'], 'signals': [-58, -58], 'timestamps': [1.7832562372060447e+18, 1.7832562373460447e+18], 'frequencies': [2437, 2462]}
10 20 1783256237993667517
{'names': ['NU-AP06164', 'NU-AP06163'], 'addresses': ['48:00:b3:5f:72:e1', '48:00:b3:5f:46:a0'], 'ssids': ['eduroam', 'iotroam'], 'signals': [-58, -58], 'timestamps': [1.7832562372066675e+18, 1.7832562373466675e+18], 'frequencies': [2437, 2462]}
10 21 1783256238042202424
{'names': ['NU-AP06164', 'NU-AP06163'], 'addresses': ['48:00:b3:5f:72:e1', '48:00:b3:5f:46:a0'], 'ssids': ['eduroam', 'iotroam'], 'signals': [-58, -58], 'timestamps': [1.7832562372066675e+18, 1.7832562373466675e+18], 'frequencies': [2437, 2462]}
10 22 1783256238091200916
{'names': ['NU-AP06164', 'NU-AP06163'], 'addresses': ['48:00:b3:5f:72:e1', '48:00:b3:5f:46:a0'], 'ssids': ['eduroam', 'iotroam'], 'signals': [-58, -58], 'timestamps': [1.7832562372066675e+18, 1.7832562373466675e+18], 'frequencies': [2437, 2462]}
10 23 1783256238138939113
{'names': ['NU-AP06164', 'NU-AP06163'], 'addresses': ['48:00:b3:5f:72:e1', '48:00:b3:5f:46:a0'], 'ssids': ['eduroam', 'iotroam'], 'signals': [-58, -58], 'timestamps': [1.7832562372066675e+18, 1.7832562373466675e+18], 'frequencies': [2437, 2462]}
10 24 1783256238187966965
{'names': ['NU-AP06164', 'NU-AP06163'], 'addresses': ['48:00:b3:5f:72:e1', '48:00:b3:5f:46:a0'], 'ssids': ['eduroam', 'iotroam'], 'signals': [-58, -58], 'timestamps': [1.7832562372066675e+18, 1.7832562373466675e+18], 'frequencies': [2437, 2462]}
10 25 1783256238237410316
{'names': ['NU-AP06164', 'NU-AP06163'], 'addresses': ['48:00:b3:5f:72:e1', '48:00:b3:5f:46:a0'], 'ssids': ['eduroam', 'iotroam'], 'signals': [-58, -58], 'timestamps': [1.7832562372066675e+18, 1.7832562373466675e+18], 'frequencies': [2437, 2462]}
12 26 1783256238298023179
{'names': ['NU-AP06164', 'NU-AP06163'], 'addresses': ['48:00:b3:5f:72:e1', '48:00:b3:5f:46:a0'], 'ssids': ['eduroam', 'iotroam'], 'signals': [-58, -58], 'timestamps': [1.783256237207023e+18, 1.783256237347023e+18], 'frequencies': [2437, 2462]}
12 27 1783256238372365729
{'names': ['NU-AP06164', 'NU-AP06163'], 'addresses': ['48:00:b3:5f:72:e1', '48:00:b3:5f:46:a0'], 'ssids': ['eduroam', 'iotroam'], 'signals': [-58, -58], 'timestamps': [1.783256237207023e+18, 1.783256237347023e+18], 'frequencies': [2437, 2462]}
12 28 1783256238427913337
{'names': ['NU-AP06164', 'NU-AP06163'], 'addresses': ['48:00:b3:5f:72:e1', '48:00:b3:5f:46:a0'], 'ssids': ['eduroam', 'iotroam'], 'signals': [-58, -58], 'timestamps': [1.783256237207023e+18, 1.783256237347023e+18], 'frequencies': [2437, 2462]}
12 29 1783256238477150756
{'names': ['NU-AP06164', 'NU-AP06163'], 'addresses': ['48:00:b3:5f:72:e1', '48:00:b3:5f:46:a0'], 'ssids': ['eduroam', 'iotroam'], 'signals': [-58, -58], 'timestamps': [1.783256237207023e+18, 1.783256237347023e+18], 'frequencies': [2437, 2462]}
12 30 1783256238526593786
{'names': ['NU-AP06164', 'NU-AP06163'], 'addresses': ['48:00:b3:5f:72:e1', '48:00:b3:5f:46:a0'], 'ssids': ['eduroam', 'iotroam'], 'signals': [-58, -58], 'timestamps': [1.783256237207023e+18, 1.783256237347023e+18], 'frequencies': [2437, 2462]}
12 31 1783256238576697946
{'names': ['NU-AP06164', 'NU-AP06163'], 'addresses': ['48:00:b3:5f:72:e1', '48:00:b3:5f:46:a0'], 'ssids': ['eduroam', 'iotroam'], 'signals': [-58, -58], 'timestamps': [1.783256237207023e+18, 1.783256237347023e+18], 'frequencies': [2437, 2462]}
12 32 1783256238627562270
{'names': ['NU-AP06164', 'NU-AP06163'], 'addresses': ['48:00:b3:5f:72:e1', '48:00:b3:5f:46:a0'], 'ssids': ['eduroam', 'iotroam'], 'signals': [-58, -58], 'timestamps': [1.783256237207023e+18, 1.783256237347023e+18], 'frequencies': [2437, 2462]}
12 33 1783256238676836674
{'names': ['NU-AP06164', 'NU-AP06163'], 'addresses': ['48:00:b3:5f:72:e1', '48:00:b3:5f:46:a0'], 'ssids': ['eduroam', 'iotroam'], 'signals': [-58, -58], 'timestamps': [1.783256237207023e+18, 1.783256237347023e+18], 'frequencies': [2437, 2462]}
12 34 1783256238726370095
{'names': ['NU-AP06164', 'NU-AP06163'], 'addresses': ['48:00:b3:5f:72:e1', '48:00:b3:5f:46:a0'], 'ssids': ['eduroam', 'iotroam'], 'signals': [-58, -58], 'timestamps': [1.783256237207023e+18, 1.783256237347023e+18], 'frequencies': [2437, 2462]}
12 35 1783256238775905026
{'names': ['NU-AP06164', 'NU-AP06163'], 'addresses': ['48:00:b3:5f:72:e1', '48:00:b3:5f:46:a0'], 'ssids': ['eduroam', 'iotroam'], 'signals': [-58, -58], 'timestamps': [1.783256237207023e+18, 1.783256237347023e+18], 'frequencies': [2437, 2462]}
12 36 1783256238824783662
{'names': ['NU-AP06164', 'NU-AP06163'], 'addresses': ['48:00:b3:5f:72:e1', '48:00:b3:5f:46:a0'], 'ssids': ['eduroam', 'iotroam'], 'signals': [-58, -58], 'timestamps': [1.783256237207023e+18, 1.783256237347023e+18], 'frequencies': [2437, 2462]}
12 38 1783256238875638621
{'names': ['NU-AP06164', 'NU-AP06163', 'NU-AP06162'], 'addresses': ['48:00:b3:5f:72:e1', '48:00:b3:5f:46:a0', '48:00:b3:5a:90:8f'], 'ssids': ['eduroam', 'iotroam', 'iotroam'], 'signals': [-58, -58, -74], 'timestamps': [1.783256237207023e+18, 1.783256237347023e+18, 1.7832562388746386e+18], 'frequencies': [2437, 2462, 5320]}
12 40 1783256238930115091
{'names': ['NU-AP06164', 'NU-AP06163', 'NU-AP06162', 'NU-AP06163'], 'addresses': ['48:00:b3:5f:72:e1', '48:00:b3:5f:46:a0', '48:00:b3:5a:90:8f', '48:00:b3:5f:46:ad'], 'ssids': ['eduroam', 'iotroam', 'iotroam', 'VU-Campusnet'], 'signals': [-58, -58, -74, -61], 'timestamps': [1.783256237207023e+18, 1.783256237347023e+18, 1.783256238875115e+18, 1.783256238890115e+18], 'frequencies': [2437, 2462, 5320, 5500]}
12 42 1783256239097183961
{'names': ['NU-AP06164', 'NU-AP06163', 'NU-AP06162', 'NU-AP06163'], 'addresses': ['48:00:b3:5f:72:e1', '48:00:b3:5f:46:a0', '48:00:b3:5a:90:8f', '48:00:b3:5f:46:ad'], 'ssids': ['eduroam', 'iotroam', 'iotroam', 'VU-Campusnet'], 'signals': [-58, -58, -74, -61], 'timestamps': [1.783256237207023e+18, 1.783256237347023e+18, 1.783256238875184e+18, 1.783256238890184e+18], 'frequencies': [2437, 2462, 5320, 5500]}
14 44 1783256239162642961
{'names': ['NU-AP06164', 'NU-AP06163', 'NU-AP06162', 'NU-AP06163'], 'addresses': ['48:00:b3:5f:72:e1', '48:00:b3:5f:46:a0', '48:00:b3:5a:90:8f', '48:00:b3:5f:46:ad'], 'ssids': ['eduroam', 'iotroam', 'iotroam', 'VU-Campusnet'], 'signals': [-58, -58, -74, -61], 'timestamps': [1.783256237207643e+18, 1.783256237347643e+18, 1.7832562388766428e+18, 1.783256238891643e+18], 'frequencies': [2437, 2462, 5320, 5500]}
14 45 1783256239224674970
{'names': ['NU-AP06164', 'NU-AP06163', 'NU-AP06162', 'NU-AP06163', 'NU-AP06164'], 'addresses': ['48:00:b3:5f:72:e1', '48:00:b3:5f:46:a0', '48:00:b3:5a:90:8f', '48:00:b3:5f:46:ad', '48:00:b3:5f:72:ef'], 'ssids': ['eduroam', 'iotroam', 'iotroam', 'VU-Campusnet', 'iotroam'], 'signals': [-58, -58, -74, -61, -68], 'timestamps': [1.783256237207643e+18, 1.783256237347643e+18, 1.7832562388766428e+18, 1.783256238891643e+18, 1.7832562392076751e+18], 'frequencies': [2437, 2462, 5320, 5500, 5540]}
14 46 1783256239518780168
{'names': ['NU-AP06164', 'NU-AP06163', 'NU-AP06162', 'NU-AP06163', 'NU-AP06164'], 'addresses': ['48:00:b3:5f:72:e1', '48:00:b3:5f:46:a0', '48:00:b3:5a:90:8f', '48:00:b3:5f:46:ad', '48:00:b3:5f:72:ef'], 'ssids': ['eduroam', 'iotroam', 'iotroam', 'VU-Campusnet', 'iotroam'], 'signals': [-58, -58, -74, -61, -68], 'timestamps': [1.783256237207643e+18, 1.783256237347643e+18, 1.7832562388766428e+18, 1.783256238891643e+18, 1.78325623920778e+18], 'frequencies': [2437, 2462, 5320, 5500, 5540]}
14 47 1783256240149753925
{'names': ['NU-AP06164', 'NU-AP06163', 'NU-AP06162', 'NU-AP06163', 'NU-AP06164', 'NU-AP06167'], 'addresses': ['48:00:b3:5f:72:e1', '48:00:b3:5f:46:a0', '48:00:b3:5a:90:8f', '48:00:b3:5f:46:ad', '48:00:b3:5f:72:ef', '48:00:b3:5e:0b:ee'], 'ssids': ['eduroam', 'iotroam', 'iotroam', 'VU-Campusnet', 'iotroam', 'eduroam'], 'signals': [-58, -58, -74, -61, -68, -81], 'timestamps': [1.783256237207643e+18, 1.783256237347643e+18, 1.7832562388766428e+18, 1.783256238891643e+18, 1.78325623920778e+18, 1.783256240104754e+18], 'frequencies': [2437, 2462, 5320, 5500, 5540, 5660]}
14 48 1783256240214132059
{'names': ['NU-AP06164', 'NU-AP06163', 'NU-AP06162', 'NU-AP06163', 'NU-AP06164', 'NU-AP06167'], 'addresses': ['48:00:b3:5f:72:e1', '48:00:b3:5f:46:a0', '48:00:b3:5a:90:8f', '48:00:b3:5f:46:ad', '48:00:b3:5f:72:ef', '48:00:b3:5e:0b:ee'], 'ssids': ['eduroam', 'iotroam', 'iotroam', 'VU-Campusnet', 'iotroam', 'eduroam'], 'signals': [-58, -58, -74, -61, -68, -81], 'timestamps': [1.783256237207643e+18, 1.783256237347643e+18, 1.7832562388766428e+18, 1.783256238891643e+18, 1.78325623920778e+18, 1.783256240105132e+18], 'frequencies': [2437, 2462, 5320, 5500, 5540, 5660]}
14 49 1783256240340155809
{'names': ['NU-AP06164', 'NU-AP06163', 'NU-AP06162', 'NU-AP06163', 'NU-AP06164', 'NU-AP06167'], 'addresses': ['48:00:b3:5f:72:e1', '48:00:b3:5f:46:a0', '48:00:b3:5a:90:8f', '48:00:b3:5f:46:ad', '48:00:b3:5f:72:ef', '48:00:b3:5e:0b:ee'], 'ssids': ['eduroam', 'iotroam', 'iotroam', 'VU-Campusnet', 'iotroam', 'eduroam'], 'signals': [-58, -58, -74, -61, -68, -81], 'timestamps': [1.783256237207643e+18, 1.783256237347643e+18, 1.7832562388766428e+18, 1.783256238891643e+18, 1.78325623920778e+18, 1.7832562401051558e+18], 'frequencies': [2437, 2462, 5320, 5500, 5540, 5660]}
14 50 1783256240644671302
{'names': ['NU-AP06164', 'NU-AP06163', 'NU-AP06162', 'NU-AP06163', 'NU-AP06164', 'NU-AP06167'], 'addresses': ['48:00:b3:5f:72:e1', '48:00:b3:5f:46:a0', '48:00:b3:5a:90:8f', '48:00:b3:5f:46:ad', '48:00:b3:5f:72:ef', '48:00:b3:5e:0b:ee'], 'ssids': ['eduroam', 'iotroam', 'iotroam', 'VU-Campusnet', 'iotroam', 'eduroam'], 'signals': [-58, -58, -74, -61, -68, -81], 'timestamps': [1.783256237207643e+18, 1.783256237347643e+18, 1.7832562388766428e+18, 1.783256238891643e+18, 1.78325623920778e+18, 1.7832562401056712e+18], 'frequencies': [2437, 2462, 5320, 5500, 5540, 5660]}
14 51 1783256241071710501
{'names': ['NU-AP06164', 'NU-AP06163', 'NU-AP06162', 'NU-AP06163', 'NU-AP06164', 'NU-AP06167'], 'addresses': ['48:00:b3:5f:72:e1', '48:00:b3:5f:46:a0', '48:00:b3:5a:90:8f', '48:00:b3:5f:46:ad', '48:00:b3:5f:72:ef', '48:00:b3:5e:0b:ee'], 'ssids': ['eduroam', 'iotroam', 'iotroam', 'VU-Campusnet', 'iotroam', 'eduroam'], 'signals': [-58, -58, -74, -61, -68, -81], 'timestamps': [1.783256237207643e+18, 1.783256237347643e+18, 1.7832562388766428e+18, 1.783256238891643e+18, 1.78325623920778e+18, 1.7832562401057106e+18], 'frequencies': [2437, 2462, 5320, 5500, 5540, 5660]}
14 52 1783256241320827729
{'names': ['NU-AP06164', 'NU-AP06163', 'NU-AP06162', 'NU-AP06163', 'NU-AP06164', 'NU-AP06167'], 'addresses': ['48:00:b3:5f:72:e1', '48:00:b3:5f:46:a0', '48:00:b3:5a:90:8f', '48:00:b3:5f:46:ae', '48:00:b3:5f:72:ef', '48:00:b3:5e:0b:ee'], 'ssids': ['eduroam', 'iotroam', 'iotroam', 'eduroam', 'iotroam', 'eduroam'], 'signals': [-58, -58, -74, -62, -68, -81], 'timestamps': [1.783256237207643e+18, 1.783256237347643e+18, 1.7832562388766428e+18, 1.7832562412818276e+18, 1.78325623920778e+18, 1.7832562401057106e+18], 'frequencies': [2437, 2462, 5320, 5500, 5540, 5660]}
14 55 1783256241383863699
{'names': ['NU-AP06164', 'NU-AP06163', 'NU-AP06162', 'NU-AP06163', 'NU-AP06164', 'NU-AP06167'], 'addresses': ['48:00:b3:5f:72:e1', '48:00:b3:5f:46:a0', '48:00:b3:5a:90:8f', '48:00:b3:5f:46:ae', '48:00:b3:5f:72:ef', '48:00:b3:5e:0b:ee'], 'ssids': ['eduroam', 'iotroam', 'iotroam', 'eduroam', 'iotroam', 'eduroam'], 'signals': [-58, -58, -74, -62, -68, -81], 'timestamps': [1.783256237207643e+18, 1.783256237347643e+18, 1.7832562388766428e+18, 1.7832562412828639e+18, 1.7832562392078638e+18, 1.7832562401058637e+18], 'frequencies': [2437, 2462, 5320, 5500, 5540, 5660]}
15 55 1783256241456653244
{'names': ['NU-AP06164', 'NU-AP06163', 'NU-AP06162', 'NU-AP06163', 'NU-AP06164', 'NU-AP06167', 'NU-AP06167'], 'addresses': ['48:00:b3:5f:72:e1', '48:00:b3:5f:46:a0', '48:00:b3:5a:90:8f', '48:00:b3:5f:46:ae', '48:00:b3:5f:72:ef', '48:00:b3:5e:0b:ee', '48:00:b3:5e:0b:e0'], 'ssids': ['eduroam', 'iotroam', 'iotroam', 'eduroam', 'iotroam', 'eduroam', 'iotroam'], 'signals': [-58, -58, -74, -62, -68, -81, -73], 'timestamps': [1.783256237207643e+18, 1.783256237347643e+18, 1.7832562388766428e+18, 1.7832562412828639e+18, 1.7832562392078638e+18, 1.7832562401058637e+18, 1.7832562414526533e+18], 'frequencies': [2437, 2462, 5320, 5500, 5540, 5660, 2412]}
16 58 1783256241530114640
{'names': ['NU-AP06164', 'NU-AP06163', 'NU-AP06162', 'NU-AP06163', 'NU-AP06164', 'NU-AP06167', 'NU-AP06167'], 'addresses': ['48:00:b3:5f:72:e1', '48:00:b3:5f:46:a0', '48:00:b3:5a:90:8f', '48:00:b3:5f:46:ae', '48:00:b3:5f:72:ef', '48:00:b3:5e:0b:ee', '48:00:b3:5e:0b:e0'], 'ssids': ['eduroam', 'iotroam', 'iotroam', 'eduroam', 'iotroam', 'eduroam', 'iotroam'], 'signals': [-58, -58, -74, -62, -68, -81, -73], 'timestamps': [1.783256237207643e+18, 1.783256237347643e+18, 1.7832562388766428e+18, 1.7832562412831145e+18, 1.7832562392081147e+18, 1.7832562401061146e+18, 1.7832562414531146e+18], 'frequencies': [2437, 2462, 5320, 5500, 5540, 5660, 2412]}
17 58 1783256241633116006
{'names': ['NU-AP06164', 'NU-AP06163', 'NU-AP06162', 'NU-AP06163', 'NU-AP06164', 'NU-AP06167', 'NU-AP06167'], 'addresses': ['48:00:b3:5f:72:e1', '48:00:b3:5f:46:a0', '48:00:b3:5a:90:8f', '48:00:b3:5f:46:ae', '48:00:b3:5f:72:ef', '48:00:b3:5e:0b:ee', '48:00:b3:5e:0b:e0'], 'ssids': ['eduroam', 'iotroam', 'iotroam', 'eduroam', 'iotroam', 'eduroam', 'iotroam'], 'signals': [-57, -58, -74, -62, -68, -81, -73], 'timestamps': [1.783256241601116e+18, 1.783256237347643e+18, 1.7832562388766428e+18, 1.7832562412831145e+18, 1.7832562392081147e+18, 1.7832562401061146e+18, 1.7832562414531146e+18], 'frequencies': [2437, 2462, 5320, 5500, 5540, 5660, 2412]}
18 58 1783256241703196800
{'names': ['NU-AP06164', 'NU-AP06163', 'NU-AP06162', 'NU-AP06163', 'NU-AP06164', 'NU-AP06167', 'NU-AP06167'], 'addresses': ['48:00:b3:5f:72:e1', '48:00:b3:5f:46:a0', '48:00:b3:5a:90:8f', '48:00:b3:5f:46:ae', '48:00:b3:5f:72:ef', '48:00:b3:5e:0b:ee', '48:00:b3:5e:0b:e0'], 'ssids': ['eduroam', 'iotroam', 'iotroam', 'eduroam', 'iotroam', 'eduroam', 'iotroam'], 'signals': [-57, -58, -74, -62, -68, -81, -73], 'timestamps': [1.7832562416011965e+18, 1.783256237347643e+18, 1.7832562388766428e+18, 1.7832562412831145e+18, 1.7832562392081147e+18, 1.7832562401061146e+18, 1.7832562414531146e+18], 'frequencies': [2437, 2462, 5320, 5500, 5540, 5660, 2412]}
20 58 1783256241775952892
{'names': ['NU-AP06164', 'NU-AP06163', 'NU-AP06162', 'NU-AP06163', 'NU-AP06164', 'NU-AP06167', 'NU-AP06167'], 'addresses': ['48:00:b3:5f:72:e1', '48:00:b3:5f:46:a0', '48:00:b3:5a:90:8f', '48:00:b3:5f:46:ae', '48:00:b3:5f:72:ef', '48:00:b3:5e:0b:ee', '48:00:b3:5e:0b:e0'], 'ssids': ['eduroam', 'iotroam', 'iotroam', 'eduroam', 'iotroam', 'eduroam', 'iotroam'], 'signals': [-57, -58, -74, -62, -68, -81, -73], 'timestamps': [1.7832562416019528e+18, 1.7832562417489528e+18, 1.7832562388766428e+18, 1.7832562412831145e+18, 1.7832562392081147e+18, 1.7832562401061146e+18, 1.7832562414531146e+18], 'frequencies': [2437, 2462, 5320, 5500, 5540, 5660, 2412]}
23 61 1783256241847308337
{'names': ['NU-AP06164', 'NU-AP06163', 'NU-AP06162', 'NU-AP06163', 'NU-AP06164', 'NU-AP06167', 'NU-AP06167'], 'addresses': ['48:00:b3:5f:72:e1', '48:00:b3:5f:46:a0', '48:00:b3:5a:90:8f', '48:00:b3:5f:46:ae', '48:00:b3:5f:72:ef', '48:00:b3:5e:0b:ee', '48:00:b3:5e:0b:e0'], 'ssids': ['eduroam', 'iotroam', 'iotroam', 'eduroam', 'iotroam', 'eduroam', 'iotroam'], 'signals': [-57, -58, -74, -62, -68, -81, -73], 'timestamps': [1.7832562416023084e+18, 1.7832562417493084e+18, 1.7832562388766428e+18, 1.7832562412833083e+18, 1.7832562392083082e+18, 1.7832562401063084e+18, 1.7832562414533084e+18], 'frequencies': [2437, 2462, 5320, 5500, 5540, 5660, 2412]}
26 65 1783256242637644711
{'names': ['NU-AP06164', 'NU-AP06163', 'NU-AP06162', 'NU-AP06163', 'NU-AP06164', 'NU-AP06167', 'NU-AP06167'], 'addresses': ['48:00:b3:5f:72:e1', '48:00:b3:5f:46:a0', '48:00:b3:5a:90:8f', '48:00:b3:5f:46:ae', '48:00:b3:5f:72:ef', '48:00:b3:5e:0b:ee', '48:00:b3:5e:0b:e0'], 'ssids': ['eduroam', 'iotroam', 'iotroam', 'eduroam', 'iotroam', 'eduroam', 'iotroam'], 'signals': [-57, -58, -74, -62, -68, -81, -73], 'timestamps': [1.783256241603645e+18, 1.7832562417506447e+18, 1.7832562388776448e+18, 1.7832562412846449e+18, 1.7832562392096448e+18, 1.783256240107645e+18, 1.7832562414546447e+18], 'frequencies': [2437, 2462, 5320, 5500, 5540, 5660, 2412]}
29 69 1783256242708043414
{'names': ['NU-AP06164', 'NU-AP06163', 'NU-AP06162', 'NU-AP06163', 'NU-AP06164', 'NU-AP06167', 'NU-AP06167'], 'addresses': ['48:00:b3:5f:72:e1', '48:00:b3:5f:46:a0', '48:00:b3:5a:90:8f', '48:00:b3:5f:46:ae', '48:00:b3:5f:72:ef', '48:00:b3:5e:0b:ee', '48:00:b3:5e:0b:e0'], 'ssids': ['eduroam', 'iotroam', 'iotroam', 'eduroam', 'iotroam', 'eduroam', 'iotroam'], 'signals': [-57, -58, -74, -62, -68, -81, -73], 'timestamps': [1.7832562416040435e+18, 1.7832562417510436e+18, 1.7832562388780436e+18, 1.7832562412850435e+18, 1.7832562392100434e+18, 1.7832562401080435e+18, 1.7832562414550436e+18], 'frequencies': [2437, 2462, 5320, 5500, 5540, 5660, 2412]}
32 73 1783256242781690886
{'names': ['NU-AP06164', 'NU-AP06163', 'NU-AP06162', 'NU-AP06163', 'NU-AP06164', 'NU-AP06167', 'NU-AP06167'], 'addresses': ['48:00:b3:5f:72:e1', '48:00:b3:5f:46:a0', '48:00:b3:5a:90:8f', '48:00:b3:5f:46:ae', '48:00:b3:5f:72:ef', '48:00:b3:5e:0b:ee', '48:00:b3:5e:0b:e0'], 'ssids': ['eduroam', 'iotroam', 'iotroam', 'eduroam', 'iotroam', 'eduroam', 'iotroam'], 'signals': [-57, -58, -74, -62, -68, -81, -73], 'timestamps': [1.783256241604691e+18, 1.7832562417516908e+18, 1.7832562388786908e+18, 1.783256241285691e+18, 1.7832562392106908e+18, 1.783256240108691e+18, 1.7832562414556908e+18], 'frequencies': [2437, 2462, 5320, 5500, 5540, 5660, 2412]}
35 77 1783256243059894030
{'names': ['NU-AP06164', 'NU-AP06163', 'NU-AP06162', 'NU-AP06163', 'NU-AP06164', 'NU-AP06167', 'NU-AP06167'], 'addresses': ['48:00:b3:5f:72:e1', '48:00:b3:5f:46:a0', '48:00:b3:5a:90:8f', '48:00:b3:5f:46:ae', '48:00:b3:5f:72:ef', '48:00:b3:5e:0b:ee', '48:00:b3:5e:0b:e0'], 'ssids': ['eduroam', 'iotroam', 'iotroam', 'eduroam', 'iotroam', 'eduroam', 'iotroam'], 'signals': [-57, -58, -74, -62, -68, -81, -73], 'timestamps': [1.783256241604894e+18, 1.783256241751894e+18, 1.783256238878894e+18, 1.7832562412858941e+18, 1.783256239210894e+18, 1.783256240108894e+18, 1.783256241455894e+18], 'frequencies': [2437, 2462, 5320, 5500, 5540, 5660, 2412]}
38 81 1783256243207944437
{'names': ['NU-AP06164', 'NU-AP06163', 'NU-AP06162', 'NU-AP06163', 'NU-AP06164', 'NU-AP06167', 'NU-AP06167'], 'addresses': ['48:00:b3:5f:72:e1', '48:00:b3:5f:46:a0', '48:00:b3:5a:90:8f', '48:00:b3:5f:46:ae', '48:00:b3:5f:72:ef', '48:00:b3:5e:0b:ee', '48:00:b3:5e:0b:e0'], 'ssids': ['eduroam', 'iotroam', 'iotroam', 'eduroam', 'iotroam', 'eduroam', 'iotroam'], 'signals': [-57, -58, -74, -62, -68, -81, -73], 'timestamps': [1.7832562416049444e+18, 1.7832562417519444e+18, 1.7832562388789445e+18, 1.7832562412859443e+18, 1.7832562392109445e+18, 1.7832562401089444e+18, 1.7832562414559444e+18], 'frequencies': [2437, 2462, 5320, 5500, 5540, 5660, 2412]}
