0 1 1783260741853218415
{'names': [], 'addresses': [], 'ssids': [], 'signals': [], 'timestamps': [], 'frequencies': []}
0 2 1783260741914267993
{'names': [], 'addresses': [], 'ssids': [], 'signals': [], 'timestamps': [], 'frequencies': []}
0 3 1783260741961205537
{'names': [], 'addresses': [], 'ssids': [], 'signals': [], 'timestamps': [], 'frequencies': []}
0 4 1783260742005316380
{'names': [], 'addresses': [], 'ssids': [], 'signals': [], 'timestamps': [], 'frequencies': []}
1 5 1783260742048579160
{'names': ['NU-AP06164'], 'addresses': ['48:00:b3:5f:72:e0'], 'ssids': ['iotroam'], 'signals': [-59], 'timestamps': [1.783260742012579e+18], 'frequencies': [2437]}
1 6 1783260742091962984
{'names': ['NU-AP06164'], 'addresses': ['48:00:b3:5f:72:e0'], 'ssids': ['iotroam'], 'signals': [-59], 'timestamps': [1.783260742012579e+18], 'frequencies': [2437]}
1 7 1783260742135231725
{'names': ['NU-AP06164'], 'addresses': ['48:00:b3:5f:72:e0'], 'ssids': ['iotroam'], 'signals': [-59], 'timestamps': [1.783260742012579e+18], 'frequencies': [2437]}
3 8 1783260742181184412
{'names': ['NU-AP06164', 'NU-AP06163'], 'addresses': ['48:00:b3:5f:72:e0', '48:00:b3:5f:46:a0'], 'ssids': ['iotroam', 'iotroam'], 'signals': [-59, -56], 'timestamps': [1.7832607420131845e+18, 1.7832607421651845e+18], 'frequencies': [2437, 2462]}
3 9 1783260742227046357
{'names': ['NU-AP06164', 'NU-AP06163'], 'addresses': ['48:00:b3:5f:72:e0', '48:00:b3:5f:46:a0'], 'ssids': ['iotroam', 'iotroam'], 'signals': [-59, -56], 'timestamps': [1.7832607420131845e+18, 1.7832607421651845e+18], 'frequencies': [2437, 2462]}
3 10 1783260742273732906
{'names': ['NU-AP06164', 'NU-AP06163'], 'addresses': ['48:00:b3:5f:72:e0', '48:00:b3:5f:46:a0'], 'ssids': ['iotroam', 'iotroam'], 'signals': [-59, -56], 'timestamps': [1.7832607420131845e+18, 1.7832607421651845e+18], 'frequencies': [2437, 2462]}
3 11 1783260742319237961
{'names': ['NU-AP06164', 'NU-AP06163'], 'addresses': ['48:00:b3:5f:72:e0', '48:00:b3:5f:46:a0'], 'ssids': ['iotroam', 'iotroam'], 'signals': [-59, -56], 'timestamps': [1.7832607420131845e+18, 1.7832607421651845e+18], 'frequencies': [2437, 2462]}
3 12 1783260742364460612
{'names': ['NU-AP06164', 'NU-AP06163'], 'addresses': ['48:00:b3:5f:72:e0', '48:00:b3:5f:46:a0'], 'ssids': ['iotroam', 'iotroam'], 'signals': [-59, -56], 'timestamps': [1.7832607420131845e+18, 1.7832607421651845e+18], 'frequencies': [2437, 2462]}
3 13 1783260742410282460
{'names': ['NU-AP06164', 'NU-AP06163'], 'addresses': ['48:00:b3:5f:72:e0', '48:00:b3:5f:46:a0'], 'ssids': ['iotroam', 'iotroam'], 'signals': [-59, -56], 'timestamps': [1.7832607420131845e+18, 1.7832607421651845e+18], 'frequencies': [2437, 2462]}
3 14 1783260742456913654
{'names': ['NU-AP06164', 'NU-AP06163'], 'addresses': ['48:00:b3:5f:72:e0', '48:00:b3:5f:46:a0'], 'ssids': ['iotroam', 'iotroam'], 'signals': [-59, -56], 'timestamps': [1.7832607420131845e+18, 1.7832607421651845e+18], 'frequencies': [2437, 2462]}
3 15 1783260742502849423
{'names': ['NU-AP06164', 'NU-AP06163'], 'addresses': ['48:00:b3:5f:72:e0', '48:00:b3:5f:46:a0'], 'ssids': ['iotroam', 'iotroam'], 'signals': [-59, -56], 'timestamps': [1.7832607420131845e+18, 1.7832607421651845e+18], 'frequencies': [2437, 2462]}
5 16 1783260742577934525
{'names': ['NU-AP06164', 'NU-AP06163'], 'addresses': ['48:00:b3:5f:72:e0', '48:00:b3:5f:46:a0'], 'ssids': ['iotroam', 'iotroam'], 'signals': [-59, -56], 'timestamps': [1.7832607420149345e+18, 1.7832607421669345e+18], 'frequencies': [2437, 2462]}
5 17 1783260742673245794
{'names': ['NU-AP06164', 'NU-AP06163'], 'addresses': ['48:00:b3:5f:72:e0', '48:00:b3:5f:46:a0'], 'ssids': ['iotroam', 'iotroam'], 'signals': [-59, -56], 'timestamps': [1.7832607420149345e+18, 1.7832607421669345e+18], 'frequencies': [2437, 2462]}
5 18 1783260742720656043
{'names': ['NU-AP06164', 'NU-AP06163'], 'addresses': ['48:00:b3:5f:72:e0', '48:00:b3:5f:46:a0'], 'ssids': ['iotroam', 'iotroam'], 'signals': [-59, -56], 'timestamps': [1.7832607420149345e+18, 1.7832607421669345e+18], 'frequencies': [2437, 2462]}
5 19 1783260742767551166
{'names': ['NU-AP06164', 'NU-AP06163'], 'addresses': ['48:00:b3:5f:72:e0', '48:00:b3:5f:46:a0'], 'ssids': ['iotroam', 'iotroam'], 'signals': [-59, -56], 'timestamps': [1.7832607420149345e+18, 1.7832607421669345e+18], 'frequencies': [2437, 2462]}
5 20 1783260742814503286
{'names': ['NU-AP06164', 'NU-AP06163'], 'addresses': ['48:00:b3:5f:72:e0', '48:00:b3:5f:46:a0'], 'ssids': ['iotroam', 'iotroam'], 'signals': [-59, -56], 'timestamps': [1.7832607420149345e+18, 1.7832607421669345e+18], 'frequencies': [2437, 2462]}
5 21 1783260742861746760
{'names': ['NU-AP06164', 'NU-AP06163'], 'addresses': ['48:00:b3:5f:72:e0', '48:00:b3:5f:46:a0'], 'ssids': ['iotroam', 'iotroam'], 'signals': [-59, -56], 'timestamps': [1.7832607420149345e+18, 1.7832607421669345e+18], 'frequencies': [2437, 2462]}
5 22 1783260742907703927
{'names': ['NU-AP06164', 'NU-AP06163'], 'addresses': ['48:00:b3:5f:72:e0', '48:00:b3:5f:46:a0'], 'ssids': ['iotroam', 'iotroam'], 'signals': [-59, -56], 'timestamps': [1.7832607420149345e+18, 1.7832607421669345e+18], 'frequencies': [2437, 2462]}
5 23 1783260742953123389
{'names': ['NU-AP06164', 'NU-AP06163'], 'addresses': ['48:00:b3:5f:72:e0', '48:00:b3:5f:46:a0'], 'ssids': ['iotroam', 'iotroam'], 'signals': [-59, -56], 'timestamps': [1.7832607420149345e+18, 1.7832607421669345e+18], 'frequencies': [2437, 2462]}
5 24 1783260743000258228
{'names': ['NU-AP06164', 'NU-AP06163'], 'addresses': ['48:00:b3:5f:72:e0', '48:00:b3:5f:46:a0'], 'ssids': ['iotroam', 'iotroam'], 'signals': [-59, -56], 'timestamps': [1.7832607420149345e+18, 1.7832607421669345e+18], 'frequencies': [2437, 2462]}
5 25 1783260743044700713
{'names': ['NU-AP06164', 'NU-AP06163'], 'addresses': ['48:00:b3:5f:72:e0', '48:00:b3:5f:46:a0'], 'ssids': ['iotroam', 'iotroam'], 'signals': [-59, -56], 'timestamps': [1.7832607420149345e+18, 1.7832607421669345e+18], 'frequencies': [2437, 2462]}
5 26 1783260743091689456
{'names': ['NU-AP06164', 'NU-AP06163'], 'addresses': ['48:00:b3:5f:72:e0', '48:00:b3:5f:46:a0'], 'ssids': ['iotroam', 'iotroam'], 'signals': [-59, -56], 'timestamps': [1.7832607420149345e+18, 1.7832607421669345e+18], 'frequencies': [2437, 2462]}
5 27 1783260743138870330
{'names': ['NU-AP06164', 'NU-AP06163'], 'addresses': ['48:00:b3:5f:72:e0', '48:00:b3:5f:46:a0'], 'ssids': ['iotroam', 'iotroam'], 'signals': [-59, -56], 'timestamps': [1.7832607420149345e+18, 1.7832607421669345e+18], 'frequencies': [2437, 2462]}
5 28 1783260743184471767
{'names': ['NU-AP06164', 'NU-AP06163'], 'addresses': ['48:00:b3:5f:72:e0', '48:00:b3:5f:46:a0'], 'ssids': ['iotroam', 'iotroam'], 'signals': [-59, -56], 'timestamps': [1.7832607420149345e+18, 1.7832607421669345e+18], 'frequencies': [2437, 2462]}
5 29 1783260743230632801
{'names': ['NU-AP06164', 'NU-AP06163'], 'addresses': ['48:00:b3:5f:72:e0', '48:00:b3:5f:46:a0'], 'ssids': ['iotroam', 'iotroam'], 'signals': [-59, -56], 'timestamps': [1.7832607420149345e+18, 1.7832607421669345e+18], 'frequencies': [2437, 2462]}
5 30 1783260743276815648
{'names': ['NU-AP06164', 'NU-AP06163'], 'addresses': ['48:00:b3:5f:72:e0', '48:00:b3:5f:46:a0'], 'ssids': ['iotroam', 'iotroam'], 'signals': [-59, -56], 'timestamps': [1.7832607420149345e+18, 1.7832607421669345e+18], 'frequencies': [2437, 2462]}
5 31 1783260743323193255
{'names': ['NU-AP06164', 'NU-AP06163'], 'addresses': ['48:00:b3:5f:72:e0', '48:00:b3:5f:46:a0'], 'ssids': ['iotroam', 'iotroam'], 'signals': [-59, -56], 'timestamps': [1.7832607420149345e+18, 1.7832607421669345e+18], 'frequencies': [2437, 2462]}
5 32 1783260743369901008
{'names': ['NU-AP06164', 'NU-AP06163'], 'addresses': ['48:00:b3:5f:72:e0', '48:00:b3:5f:46:a0'], 'ssids': ['iotroam', 'iotroam'], 'signals': [-59, -56], 'timestamps': [1.7832607420149345e+18, 1.7832607421669345e+18], 'frequencies': [2437, 2462]}
5 33 1783260743414944362
{'names': ['NU-AP06164', 'NU-AP06163'], 'addresses': ['48:00:b3:5f:72:e0', '48:00:b3:5f:46:a0'], 'ssids': ['iotroam', 'iotroam'], 'signals': [-59, -56], 'timestamps': [1.7832607420149345e+18, 1.7832607421669345e+18], 'frequencies': [2437, 2462]}
5 34 1783260743462291153
{'names': ['NU-AP06164', 'NU-AP06163'], 'addresses': ['48:00:b3:5f:72:e0', '48:00:b3:5f:46:a0'], 'ssids': ['iotroam', 'iotroam'], 'signals': [-59, -56], 'timestamps': [1.7832607420149345e+18, 1.7832607421669345e+18], 'frequencies': [2437, 2462]}
5 35 1783260743507948145
{'names': ['NU-AP06164', 'NU-AP06163'], 'addresses': ['48:00:b3:5f:72:e0', '48:00:b3:5f:46:a0'], 'ssids': ['iotroam', 'iotroam'], 'signals': [-59, -56], 'timestamps': [1.7832607420149345e+18, 1.7832607421669345e+18], 'frequencies': [2437, 2462]}
5 37 1783260743553674845
{'names': ['NU-AP06164', 'NU-AP06163', 'NU-AP06163', 'NU-AP06162'], 'addresses': ['48:00:b3:5f:72:e0', '48:00:b3:5f:46:a0', '48:00:b3:5f:46:ae', '48:00:b3:5a:90:8f'], 'ssids': ['iotroam', 'iotroam', 'eduroam', 'iotroam'], 'signals': [-59, -56, -58, -73], 'timestamps': [1.7832607420149345e+18, 1.7832607421669345e+18, 1.7832607435526748e+18, 1.7832607435396746e+18], 'frequencies': [2437, 2462, 5500, 5320]}
5 39 1783260743710180871
{'names': ['NU-AP06164', 'NU-AP06163', 'NU-AP06163', 'NU-AP06162'], 'addresses': ['48:00:b3:5f:72:e0', '48:00:b3:5f:46:a0', '48:00:b3:5f:46:ae', '48:00:b3:5a:90:8f'], 'ssids': ['iotroam', 'iotroam', 'eduroam', 'iotroam'], 'signals': [-59, -56, -58, -73], 'timestamps': [1.7832607420149345e+18, 1.7832607421669345e+18, 1.783260743553181e+18, 1.783260743540181e+18], 'frequencies': [2437, 2462, 5500, 5320]}
5 42 1783260743865386669
{'names': ['NU-AP06164', 'NU-AP06163', 'NU-AP06163', 'NU-AP06162', 'NU-AP06164'], 'addresses': ['48:00:b3:5f:72:e0', '48:00:b3:5f:46:a0', '48:00:b3:5f:46:ae', '48:00:b3:5a:90:8f', '48:00:b3:5f:72:ef'], 'ssids': ['iotroam', 'iotroam', 'eduroam', 'iotroam', 'iotroam'], 'signals': [-59, -56, -58, -73, -67], 'timestamps': [1.7832607420149345e+18, 1.7832607421669345e+18, 1.7832607435533868e+18, 1.7832607435403868e+18, 1.7832607438613868e+18], 'frequencies': [2437, 2462, 5500, 5320, 5540]}
5 43 1783260744777853500
{'names': ['NU-AP06164', 'NU-AP06163', 'NU-AP06163', 'NU-AP06162', 'NU-AP06164', 'NU-AP06167'], 'addresses': ['48:00:b3:5f:72:e0', '48:00:b3:5f:46:a0', '48:00:b3:5f:46:ae', '48:00:b3:5a:90:8f', '48:00:b3:5f:72:ef', '48:00:b3:5e:0b:ed'], 'ssids': ['iotroam', 'iotroam', 'eduroam', 'iotroam', 'iotroam', 'VU-Campusnet'], 'signals': [-59, -56, -58, -73, -67, -77], 'timestamps': [1.7832607420149345e+18, 1.7832607421669345e+18, 1.7832607435533868e+18, 1.7832607435403868e+18, 1.7832607438613868e+18, 1.7832607447678536e+18], 'frequencies': [2437, 2462, 5500, 5320, 5540, 5660]}
5 47 1783260744847068281
{'names': ['NU-AP06164', 'NU-AP06163', 'NU-AP06163', 'NU-AP06162', 'NU-AP06164', 'NU-AP06167'], 'addresses': ['48:00:b3:5f:72:e0', '48:00:b3:5f:46:a0', '48:00:b3:5f:46:ae', '48:00:b3:5a:90:8f', '48:00:b3:5f:72:ef', '48:00:b3:5e:0b:ed'], 'ssids': ['iotroam', 'iotroam', 'eduroam', 'iotroam', 'iotroam', 'VU-Campusnet'], 'signals': [-59, -56, -58, -73, -67, -77], 'timestamps': [1.7832607420149345e+18, 1.7832607421669345e+18, 1.7832607435540682e+18, 1.7832607435410683e+18, 1.7832607438620682e+18, 1.783260744769068e+18], 'frequencies': [2437, 2462, 5500, 5320, 5540, 5660]}
5 51 1783260745852079697
{'names': ['NU-AP06164', 'NU-AP06163', 'NU-AP06163', 'NU-AP06162', 'NU-AP06164', 'NU-AP06167'], 'addresses': ['48:00:b3:5f:72:e0', '48:00:b3:5f:46:a0', '48:00:b3:5f:46:ae', '48:00:b3:5a:90:8f', '48:00:b3:5f:72:ef', '48:00:b3:5e:0b:ed'], 'ssids': ['iotroam', 'iotroam', 'eduroam', 'iotroam', 'iotroam', 'VU-Campusnet'], 'signals': [-59, -56, -58, -73, -67, -77], 'timestamps': [1.7832607420149345e+18, 1.7832607421669345e+18, 1.7832607435540797e+18, 1.7832607435410796e+18, 1.7832607438620795e+18, 1.7832607447690796e+18], 'frequencies': [2437, 2462, 5500, 5320, 5540, 5660]}
6 51 1783260746283562105
{'names': ['NU-AP06164', 'NU-AP06163', 'NU-AP06163', 'NU-AP06162', 'NU-AP06164', 'NU-AP06167'], 'addresses': ['48:00:b3:5f:72:e0', '48:00:b3:5f:46:a0', '48:00:b3:5f:46:ae', '48:00:b3:5a:90:8f', '48:00:b3:5f:72:ef', '48:00:b3:5e:0b:ed'], 'ssids': ['iotroam', 'iotroam', 'eduroam', 'iotroam', 'iotroam', 'VU-Campusnet'], 'signals': [-59, -56, -58, -73, -67, -77], 'timestamps': [1.783260746268562e+18, 1.7832607421669345e+18, 1.7832607435540797e+18, 1.7832607435410796e+18, 1.7832607438620795e+18, 1.7832607447690796e+18], 'frequencies': [2437, 2462, 5500, 5320, 5540, 5660]}
7 51 1783260746467951364
{'names': ['NU-AP06164', 'NU-AP06163', 'NU-AP06163', 'NU-AP06162', 'NU-AP06164', 'NU-AP06167'], 'addresses': ['48:00:b3:5f:72:e0', '48:00:b3:5f:46:a0', '48:00:b3:5f:46:ae', '48:00:b3:5a:90:8f', '48:00:b3:5f:72:ef', '48:00:b3:5e:0b:ed'], 'ssids': ['iotroam', 'iotroam', 'eduroam', 'iotroam', 'iotroam', 'VU-Campusnet'], 'signals': [-59, -56, -58, -73, -67, -77], 'timestamps': [1.783260746268562e+18, 1.7832607464119514e+18, 1.7832607435540797e+18, 1.7832607435410796e+18, 1.7832607438620795e+18, 1.7832607447690796e+18], 'frequencies': [2437, 2462, 5500, 5320, 5540, 5660]}
9 55 1783260746538211096
{'names': ['NU-AP06164', 'NU-AP06163', 'NU-AP06163', 'NU-AP06162', 'NU-AP06164', 'NU-AP06167'], 'addresses': ['48:00:b3:5f:72:e0', '48:00:b3:5f:46:a0', '48:00:b3:5f:46:ae', '48:00:b3:5a:90:8f', '48:00:b3:5f:72:ef', '48:00:b3:5e:0b:ed'], 'ssids': ['iotroam', 'iotroam', 'eduroam', 'iotroam', 'iotroam', 'VU-Campusnet'], 'signals': [-59, -56, -58, -73, -67, -77], 'timestamps': [1.7832607462692111e+18, 1.7832607464132111e+18, 1.783260743554211e+18, 1.7832607435412111e+18, 1.783260743862211e+18, 1.7832607447692111e+18], 'frequencies': [2437, 2462, 5500, 5320, 5540, 5660]}
11 59 1783260747593268349
{'names': ['NU-AP06164', 'NU-AP06163', 'NU-AP06163', 'NU-AP06162', 'NU-AP06164', 'NU-AP06167'], 'addresses': ['48:00:b3:5f:72:e0', '48:00:b3:5f:46:a0', '48:00:b3:5f:46:ae', '48:00:b3:5a:90:8f', '48:00:b3:5f:72:ef', '48:00:b3:5e:0b:ed'], 'ssids': ['iotroam', 'iotroam', 'eduroam', 'iotroam', 'iotroam', 'VU-Campusnet'], 'signals': [-59, -56, -58, -73, -67, -77], 'timestamps': [1.7832607462692682e+18, 1.7832607464132682e+18, 1.7832607435542682e+18, 1.7832607435412682e+18, 1.7832607438622682e+18, 1.7832607447692682e+18], 'frequencies': [2437, 2462, 5500, 5320, 5540, 5660]}
13 63 1783260747670270522
{'names': ['NU-AP06164', 'NU-AP06163', 'NU-AP06163', 'NU-AP06162', 'NU-AP06164', 'NU-AP06167'], 'addresses': ['48:00:b3:5f:72:e0', '48:00:b3:5f:46:a0', '48:00:b3:5f:46:ae', '48:00:b3:5a:90:8f', '48:00:b3:5f:72:ef', '48:00:b3:5e:0b:ed'], 'ssids': ['iotroam', 'iotroam', 'eduroam', 'iotroam', 'iotroam', 'VU-Campusnet'], 'signals': [-59, -56, -58, -73, -67, -77], 'timestamps': [1.7832607462702705e+18, 1.7832607464142705e+18, 1.7832607435552704e+18, 1.7832607435422705e+18, 1.7832607438632704e+18, 1.7832607447702705e+18], 'frequencies': [2437, 2462, 5500, 5320, 5540, 5660]}
13 64 1783260747810503448
{'names': ['NU-AP06164', 'NU-AP06163', 'NU-AP06163', 'NU-AP06162', 'NU-AP06164', 'NU-AP06167'], 'addresses': ['48:00:b3:5f:72:e0', '48:00:b3:5f:46:a0', '48:00:b3:5f:46:ae', '48:00:b3:5a:90:8d', '48:00:b3:5f:72:ef', '48:00:b3:5e:0b:ed'], 'ssids': ['iotroam', 'iotroam', 'eduroam', 'VU-Campusnet', 'iotroam', 'VU-Campusnet'], 'signals': [-59, -56, -58, -73, -67, -77], 'timestamps': [1.7832607462702705e+18, 1.7832607464142705e+18, 1.7832607435552704e+18, 1.7832607478005033e+18, 1.7832607438632704e+18, 1.7832607447702705e+18], 'frequencies': [2437, 2462, 5500, 5320, 5540, 5660]}
13 65 1783260747875146568
{'names': ['NU-AP06164', 'NU-AP06163', 'NU-AP06163', 'NU-AP06162', 'NU-AP06164', 'NU-AP06167'], 'addresses': ['48:00:b3:5f:72:e0', '48:00:b3:5f:46:a0', '48:00:b3:5f:46:ae', '48:00:b3:5a:90:8d', '48:00:b3:5f:72:ef', '48:00:b3:5e:0b:ed'], 'ssids': ['iotroam', 'iotroam', 'eduroam', 'VU-Campusnet', 'iotroam', 'VU-Campusnet'], 'signals': [-59, -56, -58, -73, -67, -77], 'timestamps': [1.7832607462702705e+18, 1.7832607464142705e+18, 1.7832607478121464e+18, 1.7832607478005033e+18, 1.7832607438632704e+18, 1.7832607447702705e+18], 'frequencies': [2437, 2462, 5500, 5320, 5540, 5660]}
13 67 1783260747940514120
{'names': ['NU-AP06164', 'NU-AP06163', 'NU-AP06163', 'NU-AP06162', 'NU-AP06164', 'NU-AP06167'], 'addresses': ['48:00:b3:5f:72:e0', '48:00:b3:5f:46:a0', '48:00:b3:5f:46:ae', '48:00:b3:5a:90:8d', '48:00:b3:5f:72:ef', '48:00:b3:5e:0b:ed'], 'ssids': ['iotroam', 'iotroam', 'eduroam', 'VU-Campusnet', 'iotroam', 'VU-Campusnet'], 'signals': [-59, -56, -58, -73, -67, -77], 'timestamps': [1.7832607462702705e+18, 1.7832607464142705e+18, 1.783260747813514e+18, 1.783260747801514e+18, 1.7832607438632704e+18, 1.7832607447702705e+18], 'frequencies': [2437, 2462, 5500, 5320, 5540, 5660]}
13 68 1783260748011242179
{'names': ['NU-AP06164', 'NU-AP06163', 'NU-AP06163', 'NU-AP06162', 'NU-AP06164', 'NU-AP06167'], 'addresses': ['48:00:b3:5f:72:e0', '48:00:b3:5f:46:a0', '48:00:b3:5f:46:ae', '48:00:b3:5a:90:8d', '48:00:b3:5f:72:ef', '48:00:b3:5e:0b:ed'], 'ssids': ['iotroam', 'iotroam', 'eduroam', 'VU-Campusnet', 'iotroam', 'VU-Campusnet'], 'signals': [-59, -56, -58, -73, -68, -77], 'timestamps': [1.7832607462702705e+18, 1.7832607464142705e+18, 1.783260747813514e+18, 1.783260747801514e+18, 1.7832607479992422e+18, 1.7832607447702705e+18], 'frequencies': [2437, 2462, 5500, 5320, 5540, 5660]}
13 69 1783260748074759079
{'names': ['NU-AP06164', 'NU-AP06163', 'NU-AP06163', 'NU-AP06162', 'NU-AP06164', 'NU-AP06167'], 'addresses': ['48:00:b3:5f:72:e0', '48:00:b3:5f:46:a0', '48:00:b3:5f:46:ae', '48:00:b3:5a:90:8d', '48:00:b3:5f:72:ef', '48:00:b3:5e:0b:ed'], 'ssids': ['iotroam', 'iotroam', 'eduroam', 'VU-Campusnet', 'iotroam', 'VU-Campusnet'], 'signals': [-59, -56, -58, -73, -68, -77], 'timestamps': [1.7832607462702705e+18, 1.7832607464142705e+18, 1.783260747813514e+18, 1.783260747801514e+18, 1.783260747999759e+18, 1.7832607447702705e+18], 'frequencies': [2437, 2462, 5500, 5320, 5540, 5660]}
13 72 1783260748402592628
{'names': ['NU-AP06164', 'NU-AP06163', 'NU-AP06163', 'NU-AP06162', 'NU-AP06164', 'NU-AP06167'], 'addresses': ['48:00:b3:5f:72:e0', '48:00:b3:5f:46:a0', '48:00:b3:5f:46:ae', '48:00:b3:5a:90:8d', '48:00:b3:5f:72:ef', '48:00:b3:5e:0b:ed'], 'ssids': ['iotroam', 'iotroam', 'eduroam', 'VU-Campusnet', 'iotroam', 'VU-Campusnet'], 'signals': [-59, -56, -58, -73, -68, -77], 'timestamps': [1.7832607462702705e+18, 1.7832607464142705e+18, 1.7832607478135926e+18, 1.7832607478015926e+18, 1.7832607480005924e+18, 1.7832607447702705e+18], 'frequencies': [2437, 2462, 5500, 5320, 5540, 5660]}
13 73 1783260748841419379
{'names': ['NU-AP06164', 'NU-AP06163', 'NU-AP06163', 'NU-AP06162', 'NU-AP06164', 'NU-AP06167'], 'addresses': ['48:00:b3:5f:72:e0', '48:00:b3:5f:46:a0', '48:00:b3:5f:46:ae', '48:00:b3:5a:90:8d', '48:00:b3:5f:72:ef', '48:00:b3:5e:0b:ef'], 'ssids': ['iotroam', 'iotroam', 'eduroam', 'VU-Campusnet', 'iotroam', 'iotroam'], 'signals': [-59, -56, -58, -73, -68, -78], 'timestamps': [1.7832607462702705e+18, 1.7832607464142705e+18, 1.7832607478135926e+18, 1.7832607478015926e+18, 1.7832607480005924e+18, 1.7832607488314194e+18], 'frequencies': [2437, 2462, 5500, 5320, 5540, 5660]}
13 74 1783260748966026023
{'names': ['NU-AP06164', 'NU-AP06163', 'NU-AP06163', 'NU-AP06162', 'NU-AP06164', 'NU-AP06167'], 'addresses': ['48:00:b3:5f:72:e0', '48:00:b3:5f:46:a0', '48:00:b3:5f:46:ae', '48:00:b3:5a:90:8d', '48:00:b3:5f:72:ef', '48:00:b3:5e:0b:ef'], 'ssids': ['iotroam', 'iotroam', 'eduroam', 'VU-Campusnet', 'iotroam', 'iotroam'], 'signals': [-59, -56, -58, -73, -68, -78], 'timestamps': [1.7832607462702705e+18, 1.7832607464142705e+18, 1.7832607478135926e+18, 1.7832607478015926e+18, 1.7832607480005924e+18, 1.783260748832026e+18], 'frequencies': [2437, 2462, 5500, 5320, 5540, 5660]}
13 78 1783260749517112512
{'names': ['NU-AP06164', 'NU-AP06163', 'NU-AP06163', 'NU-AP06162', 'NU-AP06164', 'NU-AP06167'], 'addresses': ['48:00:b3:5f:72:e0', '48:00:b3:5f:46:a0', '48:00:b3:5f:46:ae', '48:00:b3:5a:90:8d', '48:00:b3:5f:72:ef', '48:00:b3:5e:0b:ef'], 'ssids': ['iotroam', 'iotroam', 'eduroam', 'VU-Campusnet', 'iotroam', 'iotroam'], 'signals': [-59, -56, -58, -73, -68, -78], 'timestamps': [1.7832607462702705e+18, 1.7832607464142705e+18, 1.7832607478141125e+18, 1.7832607478021125e+18, 1.7832607480011126e+18, 1.7832607488331126e+18], 'frequencies': [2437, 2462, 5500, 5320, 5540, 5660]}
14 78 1783260750144844543
{'names': ['NU-AP06164', 'NU-AP06163', 'NU-AP06163', 'NU-AP06162', 'NU-AP06164', 'NU-AP06167', 'NU-AP07183'], 'addresses': ['48:00:b3:5f:72:e0', '48:00:b3:5f:46:a0', '48:00:b3:5f:46:ae', '48:00:b3:5a:90:8d', '48:00:b3:5f:72:ef', '48:00:b3:5e:0b:ef', '48:00:b3:5f:70:20'], 'ssids': ['iotroam', 'iotroam', 'eduroam', 'VU-Campusnet', 'iotroam', 'iotroam', 'iotroam'], 'signals': [-59, -56, -58, -73, -68, -78, -75], 'timestamps': [1.7832607462702705e+18, 1.7832607464142705e+18, 1.7832607478141125e+18, 1.7832607478021125e+18, 1.7832607480011126e+18, 1.7832607488331126e+18, 1.7832607500828447e+18], 'frequencies': [2437, 2462, 5500, 5320, 5540, 5660, 2412]}
15 78 1783260750277764236
{'names': ['NU-AP06164', 'NU-AP06163', 'NU-AP06163', 'NU-AP06162', 'NU-AP06164', 'NU-AP06167', 'NU-AP07183'], 'addresses': ['48:00:b3:5f:72:e0', '48:00:b3:5f:46:a0', '48:00:b3:5f:46:ae', '48:00:b3:5a:90:8d', '48:00:b3:5f:72:ef', '48:00:b3:5e:0b:ef', '48:00:b3:5f:70:20'], 'ssids': ['iotroam', 'iotroam', 'eduroam', 'VU-Campusnet', 'iotroam', 'iotroam', 'iotroam'], 'signals': [-59, -56, -58, -73, -68, -78, -75], 'timestamps': [1.7832607502147643e+18, 1.7832607464142705e+18, 1.7832607478141125e+18, 1.7832607478021125e+18, 1.7832607480011126e+18, 1.7832607488331126e+18, 1.7832607500828447e+18], 'frequencies': [2437, 2462, 5500, 5320, 5540, 5660, 2412]}
17 78 1783260750340852821
{'names': ['NU-AP06164', 'NU-AP06163', 'NU-AP06163', 'NU-AP06162', 'NU-AP06164', 'NU-AP06167', 'NU-AP07183'], 'addresses': ['48:00:b3:5f:72:e0', '48:00:b3:5f:46:a0', '48:00:b3:5f:46:ae', '48:00:b3:5a:90:8d', '48:00:b3:5f:72:ef', '48:00:b3:5e:0b:ef', '48:00:b3:5f:70:20'], 'ssids': ['iotroam', 'iotroam', 'eduroam', 'VU-Campusnet', 'iotroam', 'iotroam', 'iotroam'], 'signals': [-59, -56, -58, -73, -68, -78, -75], 'timestamps': [1.7832607502158528e+18, 1.7832607464142705e+18, 1.7832607478141125e+18, 1.7832607478021125e+18, 1.7832607480011126e+18, 1.7832607488331126e+18, 1.7832607500828529e+18], 'frequencies': [2437, 2462, 5500, 5320, 5540, 5660, 2412]}
18 78 1783260750404961977
{'names': ['NU-AP06164', 'NU-AP06163', 'NU-AP06163', 'NU-AP06162', 'NU-AP06164', 'NU-AP06167', 'NU-AP07183'], 'addresses': ['48:00:b3:5f:72:e0', '48:00:b3:5f:46:a0', '48:00:b3:5f:46:ae', '48:00:b3:5a:90:8d', '48:00:b3:5f:72:ef', '48:00:b3:5e:0b:ef', '48:00:b3:5f:70:20'], 'ssids': ['iotroam', 'iotroam', 'eduroam', 'VU-Campusnet', 'iotroam', 'iotroam', 'iotroam'], 'signals': [-59, -56, -58, -73, -68, -78, -75], 'timestamps': [1.7832607502158528e+18, 1.783260750379962e+18, 1.7832607478141125e+18, 1.7832607478021125e+18, 1.7832607480011126e+18, 1.7832607488331126e+18, 1.7832607500828529e+18], 'frequencies': [2437, 2462, 5500, 5320, 5540, 5660, 2412]}
19 78 1783260750530971147
{'names': ['NU-AP06164', 'NU-AP06163', 'NU-AP06163', 'NU-AP06162', 'NU-AP06164', 'NU-AP06167', 'NU-AP07183'], 'addresses': ['48:00:b3:5f:72:e0', '48:00:b3:5f:46:a0', '48:00:b3:5f:46:ae', '48:00:b3:5a:90:8d', '48:00:b3:5f:72:ef', '48:00:b3:5e:0b:ef', '48:00:b3:5f:70:20'], 'ssids': ['iotroam', 'iotroam', 'eduroam', 'VU-Campusnet', 'iotroam', 'iotroam', 'iotroam'], 'signals': [-59, -56, -58, -73, -68, -78, -75], 'timestamps': [1.7832607502158528e+18, 1.783260750379971e+18, 1.7832607478141125e+18, 1.7832607478021125e+18, 1.7832607480011126e+18, 1.7832607488331126e+18, 1.7832607500828529e+18], 'frequencies': [2437, 2462, 5500, 5320, 5540, 5660, 2412]}
20 78 1783260750594212313
{'names': ['NU-AP06164', 'NU-AP06163', 'NU-AP06163', 'NU-AP06162', 'NU-AP06164', 'NU-AP06167', 'NU-AP07183'], 'addresses': ['48:00:b3:5f:72:e0', '48:00:b3:5f:46:a0', '48:00:b3:5f:46:ae', '48:00:b3:5a:90:8d', '48:00:b3:5f:72:ef', '48:00:b3:5e:0b:ef', '48:00:b3:5f:70:20'], 'ssids': ['iotroam', 'iotroam', 'eduroam', 'VU-Campusnet', 'iotroam', 'iotroam', 'iotroam'], 'signals': [-59, -56, -58, -73, -68, -78, -75], 'timestamps': [1.7832607502158528e+18, 1.7832607503802122e+18, 1.7832607478141125e+18, 1.7832607478021125e+18, 1.7832607480011126e+18, 1.7832607488331126e+18, 1.7832607500828529e+18], 'frequencies': [2437, 2462, 5500, 5320, 5540, 5660, 2412]}
21 78 1783260750660386051
{'names': ['NU-AP06164', 'NU-AP06163', 'NU-AP06163', 'NU-AP06162', 'NU-AP06164', 'NU-AP06167', 'NU-AP07183'], 'addresses': ['48:00:b3:5f:72:e0', '48:00:b3:5f:46:a0', '48:00:b3:5f:46:ae', '48:00:b3:5a:90:8d', '48:00:b3:5f:72:ef', '48:00:b3:5e:0b:ef', '48:00:b3:5f:70:20'], 'ssids': ['iotroam', 'iotroam', 'eduroam', 'VU-Campusnet', 'iotroam', 'iotroam', 'iotroam'], 'signals': [-59, -56, -58, -73, -68, -78, -75], 'timestamps': [1.7832607502158528e+18, 1.783260750380386e+18, 1.7832607478141125e+18, 1.7832607478021125e+18, 1.7832607480011126e+18, 1.7832607488331126e+18, 1.7832607500828529e+18], 'frequencies': [2437, 2462, 5500, 5320, 5540, 5660, 2412]}
24 78 1783260750726136481
{'names': ['NU-AP06164', 'NU-AP06163', 'NU-AP06163', 'NU-AP06162', 'NU-AP06164', 'NU-AP06167', 'NU-AP07183'], 'addresses': ['48:00:b3:5f:72:e0', '48:00:b3:5f:46:a0', '48:00:b3:5f:46:ae', '48:00:b3:5a:90:8d', '48:00:b3:5f:72:ef', '48:00:b3:5e:0b:ef', '48:00:b3:5f:70:20'], 'ssids': ['iotroam', 'iotroam', 'eduroam', 'VU-Campusnet', 'iotroam', 'iotroam', 'iotroam'], 'signals': [-59, -56, -58, -73, -68, -78, -75], 'timestamps': [1.7832607502161367e+18, 1.7832607503811366e+18, 1.7832607478141125e+18, 1.7832607478021125e+18, 1.7832607480011126e+18, 1.7832607488331126e+18, 1.7832607500831365e+18], 'frequencies': [2437, 2462, 5500, 5320, 5540, 5660, 2412]}
27 78 1783260751343270097
{'names': ['NU-AP06164', 'NU-AP06163', 'NU-AP06163', 'NU-AP06162', 'NU-AP06164', 'NU-AP06167', 'NU-AP07183'], 'addresses': ['48:00:b3:5f:72:e0', '48:00:b3:5f:46:a0', '48:00:b3:5f:46:ae', '48:00:b3:5a:90:8d', '48:00:b3:5f:72:ef', '48:00:b3:5e:0b:ef', '48:00:b3:5f:70:20'], 'ssids': ['iotroam', 'iotroam', 'eduroam', 'VU-Campusnet', 'iotroam', 'iotroam', 'iotroam'], 'signals': [-59, -56, -58, -73, -68, -78, -75], 'timestamps': [1.78326075021627e+18, 1.78326075038127e+18, 1.7832607478141125e+18, 1.7832607478021125e+18, 1.7832607480011126e+18, 1.7832607488331126e+18, 1.7832607500832701e+18], 'frequencies': [2437, 2462, 5500, 5320, 5540, 5660, 2412]}
30 82 1783260751410357795
{'names': ['NU-AP06164', 'NU-AP06163', 'NU-AP06163', 'NU-AP06162', 'NU-AP06164', 'NU-AP06167', 'NU-AP07183'], 'addresses': ['48:00:b3:5f:72:e0', '48:00:b3:5f:46:a0', '48:00:b3:5f:46:ae', '48:00:b3:5a:90:8d', '48:00:b3:5f:72:ef', '48:00:b3:5e:0b:ef', '48:00:b3:5f:70:20'], 'ssids': ['iotroam', 'iotroam', 'eduroam', 'VU-Campusnet', 'iotroam', 'iotroam', 'iotroam'], 'signals': [-59, -56, -58, -73, -68, -78, -75], 'timestamps': [1.7832607502173578e+18, 1.7832607503823578e+18, 1.7832607478143578e+18, 1.7832607478023578e+18, 1.7832607480013578e+18, 1.7832607488333578e+18, 1.7832607500843576e+18], 'frequencies': [2437, 2462, 5500, 5320, 5540, 5660, 2412]}
30 84 1783260751835714698
{'names': ['NU-AP06164', 'NU-AP06163', 'NU-AP06163', 'NU-AP06162', 'NU-AP06164', 'NU-AP06167', 'NU-AP07183'], 'addresses': ['48:00:b3:5f:72:e0', '48:00:b3:5f:46:a0', '48:00:b3:5f:46:ae', '48:00:b3:5a:90:8d', '48:00:b3:5f:72:ef', '48:00:b3:5e:0b:ef', '48:00:b3:5f:70:20'], 'ssids': ['iotroam', 'iotroam', 'eduroam', 'VU-Campusnet', 'iotroam', 'iotroam', 'iotroam'], 'signals': [-59, -56, -58, -74, -68, -78, -75], 'timestamps': [1.7832607502173578e+18, 1.7832607503823578e+18, 1.783260751805715e+18, 1.7832607517937147e+18, 1.7832607480013578e+18, 1.7832607488333578e+18, 1.7832607500843576e+18], 'frequencies': [2437, 2462, 5500, 5320, 5540, 5660, 2412]}
30 86 1783260751900005748
{'names': ['NU-AP06164', 'NU-AP06163', 'NU-AP06163', 'NU-AP06162', 'NU-AP06164', 'NU-AP06167', 'NU-AP07183'], 'addresses': ['48:00:b3:5f:72:e0', '48:00:b3:5f:46:a0', '48:00:b3:5f:46:ae', '48:00:b3:5a:90:8d', '48:00:b3:5f:72:ef', '48:00:b3:5e:0b:ef', '48:00:b3:5f:70:20'], 'ssids': ['iotroam', 'iotroam', 'eduroam', 'VU-Campusnet', 'iotroam', 'iotroam', 'iotroam'], 'signals': [-59, -56, -58, -74, -68, -78, -75], 'timestamps': [1.7832607502173578e+18, 1.7832607503823578e+18, 1.7832607518060058e+18, 1.7832607517940055e+18, 1.7832607480013578e+18, 1.7832607488333578e+18, 1.7832607500843576e+18], 'frequencies': [2437, 2462, 5500, 5320, 5540, 5660, 2412]}
30 88 1783260751964944261
{'names': ['NU-AP06164', 'NU-AP06163', 'NU-AP06163', 'NU-AP06162', 'NU-AP06164', 'NU-AP06167', 'NU-AP07183'], 'addresses': ['48:00:b3:5f:72:e0', '48:00:b3:5f:46:a0', '48:00:b3:5f:46:ae', '48:00:b3:5a:90:8d', '48:00:b3:5f:72:ef', '48:00:b3:5e:0b:ef', '48:00:b3:5f:70:20'], 'ssids': ['iotroam', 'iotroam', 'eduroam', 'VU-Campusnet', 'iotroam', 'iotroam', 'iotroam'], 'signals': [-59, -56, -58, -74, -68, -78, -75], 'timestamps': [1.7832607502173578e+18, 1.7832607503823578e+18, 1.7832607518069443e+18, 1.7832607517949445e+18, 1.7832607480013578e+18, 1.7832607488333578e+18, 1.7832607500843576e+18], 'frequencies': [2437, 2462, 5500, 5320, 5540, 5660, 2412]}
30 89 1783260752029459168
{'names': ['NU-AP06164', 'NU-AP06163', 'NU-AP06163', 'NU-AP06162', 'NU-AP06164', 'NU-AP06167', 'NU-AP07183'], 'addresses': ['48:00:b3:5f:72:e0', '48:00:b3:5f:46:a0', '48:00:b3:5f:46:ae', '48:00:b3:5a:90:8d', '48:00:b3:5f:72:ef', '48:00:b3:5e:0b:ef', '48:00:b3:5f:70:20'], 'ssids': ['iotroam', 'iotroam', 'eduroam', 'VU-Campusnet', 'iotroam', 'iotroam', 'iotroam'], 'signals': [-59, -56, -58, -74, -69, -78, -75], 'timestamps': [1.7832607502173578e+18, 1.7832607503823578e+18, 1.7832607518069443e+18, 1.7832607517949445e+18, 1.7832607519934592e+18, 1.7832607488333578e+18, 1.7832607500843576e+18], 'frequencies': [2437, 2462, 5500, 5320, 5540, 5660, 2412]}
30 90 1783260752092701135
{'names': ['NU-AP06164', 'NU-AP06163', 'NU-AP06163', 'NU-AP06162', 'NU-AP06164', 'NU-AP06167', 'NU-AP07183'], 'addresses': ['48:00:b3:5f:72:e0', '48:00:b3:5f:46:a0', '48:00:b3:5f:46:ae', '48:00:b3:5a:90:8d', '48:00:b3:5f:72:ef', '48:00:b3:5e:0b:ef', '48:00:b3:5f:70:20'], 'ssids': ['iotroam', 'iotroam', 'eduroam', 'VU-Campusnet', 'iotroam', 'iotroam', 'iotroam'], 'signals': [-59, -56, -58, -74, -69, -78, -75], 'timestamps': [1.7832607502173578e+18, 1.7832607503823578e+18, 1.7832607518069443e+18, 1.7832607517949445e+18, 1.783260751993701e+18, 1.7832607488333578e+18, 1.7832607500843576e+18], 'frequencies': [2437, 2462, 5500, 5320, 5540, 5660, 2412]}
30 91 1783260752157800379
{'names': ['NU-AP06164', 'NU-AP06163', 'NU-AP06163', 'NU-AP06162', 'NU-AP06164', 'NU-AP06167', 'NU-AP07183'], 'addresses': ['48:00:b3:5f:72:e0', '48:00:b3:5f:46:a0', '48:00:b3:5f:46:ae', '48:00:b3:5a:90:8d', '48:00:b3:5f:72:ef', '48:00:b3:5e:0b:ef', '48:00:b3:5f:70:20'], 'ssids': ['iotroam', 'iotroam', 'eduroam', 'VU-Campusnet', 'iotroam', 'iotroam', 'iotroam'], 'signals': [-59, -56, -58, -74, -69, -78, -75], 'timestamps': [1.7832607502173578e+18, 1.7832607503823578e+18, 1.7832607518069443e+18, 1.7832607517949445e+18, 1.7832607519938004e+18, 1.7832607488333578e+18, 1.7832607500843576e+18], 'frequencies': [2437, 2462, 5500, 5320, 5540, 5660, 2412]}
30 94 1783260752223990024
{'names': ['NU-AP06164', 'NU-AP06163', 'NU-AP06163', 'NU-AP06162', 'NU-AP06164', 'NU-AP06167', 'NU-AP07183'], 'addresses': ['48:00:b3:5f:72:e0', '48:00:b3:5f:46:a0', '48:00:b3:5f:46:ae', '48:00:b3:5a:90:8d', '48:00:b3:5f:72:ef', '48:00:b3:5e:0b:ef', '48:00:b3:5f:70:20'], 'ssids': ['iotroam', 'iotroam', 'eduroam', 'VU-Campusnet', 'iotroam', 'iotroam', 'iotroam'], 'signals': [-59, -56, -58, -74, -69, -78, -75], 'timestamps': [1.7832607502173578e+18, 1.7832607503823578e+18, 1.78326075180699e+18, 1.78326075179499e+18, 1.7832607519939901e+18, 1.7832607488333578e+18, 1.7832607500843576e+18], 'frequencies': [2437, 2462, 5500, 5320, 5540, 5660, 2412]}
30 97 1783260752292455704
{'names': ['NU-AP06164', 'NU-AP06163', 'NU-AP06163', 'NU-AP06162', 'NU-AP06164', 'NU-AP06167', 'NU-AP07183'], 'addresses': ['48:00:b3:5f:72:e0', '48:00:b3:5f:46:a0', '48:00:b3:5f:46:ae', '48:00:b3:5a:90:8d', '48:00:b3:5f:72:ef', '48:00:b3:5e:0b:ef', '48:00:b3:5f:70:20'], 'ssids': ['iotroam', 'iotroam', 'eduroam', 'VU-Campusnet', 'iotroam', 'iotroam', 'iotroam'], 'signals': [-59, -56, -58, -74, -69, -78, -75], 'timestamps': [1.7832607502173578e+18, 1.7832607503823578e+18, 1.7832607518074557e+18, 1.7832607517954557e+18, 1.7832607519944556e+18, 1.7832607488333578e+18, 1.7832607500843576e+18], 'frequencies': [2437, 2462, 5500, 5320, 5540, 5660, 2412]}
30 101 1783260752844644837
{'names': ['NU-AP06164', 'NU-AP06163', 'NU-AP06163', 'NU-AP06162', 'NU-AP06164', 'NU-AP06167', 'NU-AP07183'], 'addresses': ['48:00:b3:5f:72:e0', '48:00:b3:5f:46:a0', '48:00:b3:5f:46:ae', '48:00:b3:5a:90:8d', '48:00:b3:5f:72:ef', '48:00:b3:5e:0b:ed', '48:00:b3:5f:70:20'], 'ssids': ['iotroam', 'iotroam', 'eduroam', 'VU-Campusnet', 'iotroam', 'VU-Campusnet', 'iotroam'], 'signals': [-59, -56, -58, -74, -69, -78, -75], 'timestamps': [1.7832607502173578e+18, 1.7832607503823578e+18, 1.783260751807645e+18, 1.783260751795645e+18, 1.783260751994645e+18, 1.783260752827645e+18, 1.7832607500843576e+18], 'frequencies': [2437, 2462, 5500, 5320, 5540, 5660, 2412]}
30 105 1783260752913794951
{'names': ['NU-AP06164', 'NU-AP06163', 'NU-AP06163', 'NU-AP06162', 'NU-AP06164', 'NU-AP06167', 'NU-AP07183'], 'addresses': ['48:00:b3:5f:72:e0', '48:00:b3:5f:46:a0', '48:00:b3:5f:46:ae', '48:00:b3:5a:90:8d', '48:00:b3:5f:72:ef', '48:00:b3:5e:0b:ed', '48:00:b3:5f:70:20'], 'ssids': ['iotroam', 'iotroam', 'eduroam', 'VU-Campusnet', 'iotroam', 'VU-Campusnet', 'iotroam'], 'signals': [-59, -56, -58, -74, -69, -78, -75], 'timestamps': [1.7832607502173578e+18, 1.7832607503823578e+18, 1.7832607518077952e+18, 1.783260751795795e+18, 1.783260751994795e+18, 1.783260752827795e+18, 1.7832607500843576e+18], 'frequencies': [2437, 2462, 5500, 5320, 5540, 5660, 2412]}
31 105 1783260754166096244
{'names': ['NU-AP06164', 'NU-AP06163', 'NU-AP06163', 'NU-AP06162', 'NU-AP06164', 'NU-AP06167', 'NU-AP07183'], 'addresses': ['48:00:b3:5f:72:e0', '48:00:b3:5f:46:a0', '48:00:b3:5f:46:ae', '48:00:b3:5a:90:8d', '48:00:b3:5f:72:ef', '48:00:b3:5e:0b:ed', '48:00:b3:5f:70:22'], 'ssids': ['iotroam', 'iotroam', 'eduroam', 'VU-Campusnet', 'iotroam', 'VU-Campusnet', 'VU-Campusnet'], 'signals': [-59, -56, -58, -74, -69, -78, -75], 'timestamps': [1.7832607502173578e+18, 1.7832607503823578e+18, 1.7832607518077952e+18, 1.783260751795795e+18, 1.783260751994795e+18, 1.783260752827795e+18, 1.783260754084096e+18], 'frequencies': [2437, 2462, 5500, 5320, 5540, 5660, 2412]}
33 109 1783260754242146617
{'names': ['NU-AP06164', 'NU-AP06163', 'NU-AP06163', 'NU-AP06162', 'NU-AP06164', 'NU-AP06167', 'NU-AP07183'], 'addresses': ['48:00:b3:5f:72:e0', '48:00:b3:5f:46:a0', '48:00:b3:5f:46:ae', '48:00:b3:5a:90:8d', '48:00:b3:5f:72:ef', '48:00:b3:5e:0b:ed', '48:00:b3:5f:70:22'], 'ssids': ['iotroam', 'iotroam', 'eduroam', 'VU-Campusnet', 'iotroam', 'VU-Campusnet', 'VU-Campusnet'], 'signals': [-60, -56, -58, -74, -69, -78, -75], 'timestamps': [1.7832607542181466e+18, 1.7832607503823578e+18, 1.7832607518081464e+18, 1.7832607517961467e+18, 1.7832607519951465e+18, 1.7832607528281467e+18, 1.7832607540861466e+18], 'frequencies': [2437, 2462, 5500, 5320, 5540, 5660, 2412]}
33 111 1783260755840364044
{'names': ['NU-AP06164', 'NU-AP06163', 'NU-AP06163', 'NU-AP06162', 'NU-AP06164', 'NU-AP06167', 'NU-AP07183'], 'addresses': ['48:00:b3:5f:72:e0', '48:00:b3:5f:46:a0', '48:00:b3:5f:46:ae', '48:00:b3:5a:90:8f', '48:00:b3:5f:72:ef', '48:00:b3:5e:0b:ed', '48:00:b3:5f:70:22'], 'ssids': ['iotroam', 'iotroam', 'eduroam', 'iotroam', 'iotroam', 'VU-Campusnet', 'VU-Campusnet'], 'signals': [-60, -56, -58, -73, -69, -78, -75], 'timestamps': [1.7832607542181466e+18, 1.7832607503823578e+18, 1.783260755799364e+18, 1.783260755787364e+18, 1.7832607519951465e+18, 1.7832607528281467e+18, 1.7832607540861466e+18], 'frequencies': [2437, 2462, 5500, 5320, 5540, 5660, 2412]}
33 113 1783260755907522336
{'names': ['NU-AP06164', 'NU-AP06163', 'NU-AP06163', 'NU-AP06162', 'NU-AP06164', 'NU-AP06167', 'NU-AP07183'], 'addresses': ['48:00:b3:5f:72:e0', '48:00:b3:5f:46:a0', '48:00:b3:5f:46:ae', '48:00:b3:5a:90:8f', '48:00:b3:5f:72:ef', '48:00:b3:5e:0b:ed', '48:00:b3:5f:70:22'], 'ssids': ['iotroam', 'iotroam', 'eduroam', 'iotroam', 'iotroam', 'VU-Campusnet', 'VU-Campusnet'], 'signals': [-60, -56, -58, -73, -69, -78, -75], 'timestamps': [1.7832607542181466e+18, 1.7832607503823578e+18, 1.7832607558005222e+18, 1.7832607557885222e+18, 1.7832607519951465e+18, 1.7832607528281467e+18, 1.7832607540861466e+18], 'frequencies': [2437, 2462, 5500, 5320, 5540, 5660, 2412]}
33 114 1783260756050232692
{'names': ['NU-AP06164', 'NU-AP06163', 'NU-AP06163', 'NU-AP06162', 'NU-AP06164', 'NU-AP06167', 'NU-AP07183'], 'addresses': ['48:00:b3:5f:72:e0', '48:00:b3:5f:46:a0', '48:00:b3:5f:46:ae', '48:00:b3:5a:90:8f', '48:00:b3:5f:72:ef', '48:00:b3:5e:0b:ed', '48:00:b3:5f:70:22'], 'ssids': ['iotroam', 'iotroam', 'eduroam', 'iotroam', 'iotroam', 'VU-Campusnet', 'VU-Campusnet'], 'signals': [-60, -56, -58, -73, -68, -78, -75], 'timestamps': [1.7832607542181466e+18, 1.7832607503823578e+18, 1.7832607558005222e+18, 1.7832607557885222e+18, 1.7832607559882327e+18, 1.7832607528281467e+18, 1.7832607540861466e+18], 'frequencies': [2437, 2462, 5500, 5320, 5540, 5660, 2412]}
33 115 1783260756373449647
{'names': ['NU-AP06164', 'NU-AP06163', 'NU-AP06163', 'NU-AP06162', 'NU-AP06164', 'NU-AP06167', 'NU-AP07183'], 'addresses': ['48:00:b3:5f:72:e0', '48:00:b3:5f:46:a0', '48:00:b3:5f:46:ae', '48:00:b3:5a:90:8f', '48:00:b3:5f:72:ef', '48:00:b3:5e:0b:ed', '48:00:b3:5f:70:22'], 'ssids': ['iotroam', 'iotroam', 'eduroam', 'iotroam', 'iotroam', 'VU-Campusnet', 'VU-Campusnet'], 'signals': [-60, -56, -58, -73, -68, -78, -75], 'timestamps': [1.7832607542181466e+18, 1.7832607503823578e+18, 1.7832607558005222e+18, 1.7832607557885222e+18, 1.7832607559884498e+18, 1.7832607528281467e+18, 1.7832607540861466e+18], 'frequencies': [2437, 2462, 5500, 5320, 5540, 5660, 2412]}
33 116 1783260756548450247
{'names': ['NU-AP06164', 'NU-AP06163', 'NU-AP06162', 'NU-AP06164', 'NU-AP06167', 'NU-AP07183'], 'addresses': ['48:00:b3:5f:72:e0', '48:00:b3:5f:46:ae', '48:00:b3:5a:90:8f', '48:00:b3:5f:72:ef', '48:00:b3:5e:0b:ed', '48:00:b3:5f:70:22'], 'ssids': ['iotroam', 'eduroam', 'iotroam', 'iotroam', 'VU-Campusnet', 'VU-Campusnet'], 'signals': [-60, -58, -73, -68, -78, -75], 'timestamps': [1.7832607542181466e+18, 1.7832607558005222e+18, 1.7832607557885222e+18, 1.7832607559884503e+18, 1.7832607528281467e+18, 1.7832607540861466e+18], 'frequencies': [2437, 5500, 5320, 5540, 5660, 2412]}
34 116 1783260756622239976
{'names': ['NU-AP06164', 'NU-AP06163', 'NU-AP06162', 'NU-AP06164', 'NU-AP06167', 'NU-AP07183'], 'addresses': ['48:00:b3:5f:72:e0', '48:00:b3:5f:46:ae', '48:00:b3:5a:90:8f', '48:00:b3:5f:72:ef', '48:00:b3:5e:0b:ed', '48:00:b3:5f:70:22'], 'ssids': ['iotroam', 'eduroam', 'iotroam', 'iotroam', 'VU-Campusnet', 'VU-Campusnet'], 'signals': [-60, -58, -73, -68, -78, -75], 'timestamps': [1.7832607542181466e+18, 1.7832607558005222e+18, 1.7832607557885222e+18, 1.7832607559884503e+18, 1.7832607528281467e+18, 1.7832607540861466e+18], 'frequencies': [2437, 5500, 5320, 5540, 5660, 2412]}
35 116 1783260756690234921
{'names': ['NU-AP06164', 'NU-AP06163', 'NU-AP06162', 'NU-AP06164', 'NU-AP06167', 'NU-AP07183'], 'addresses': ['48:00:b3:5f:72:e0', '48:00:b3:5f:46:ae', '48:00:b3:5a:90:8f', '48:00:b3:5f:72:ef', '48:00:b3:5e:0b:ed', '48:00:b3:5f:70:22'], 'ssids': ['iotroam', 'eduroam', 'iotroam', 'iotroam', 'VU-Campusnet', 'VU-Campusnet'], 'signals': [-60, -58, -73, -68, -78, -75], 'timestamps': [1.7832607542181466e+18, 1.7832607558005222e+18, 1.7832607557885222e+18, 1.7832607559884503e+18, 1.7832607528281467e+18, 1.7832607540861466e+18], 'frequencies': [2437, 5500, 5320, 5540, 5660, 2412]}
36 116 1783260756759200948
{'names': ['NU-AP06164', 'NU-AP06163', 'NU-AP06162', 'NU-AP06164', 'NU-AP06167', 'NU-AP07183'], 'addresses': ['48:00:b3:5f:72:e0', '48:00:b3:5f:46:ae', '48:00:b3:5a:90:8f', '48:00:b3:5f:72:ef', '48:00:b3:5e:0b:ed', '48:00:b3:5f:70:22'], 'ssids': ['iotroam', 'eduroam', 'iotroam', 'iotroam', 'VU-Campusnet', 'VU-Campusnet'], 'signals': [-60, -58, -73, -68, -78, -75], 'timestamps': [1.7832607542181466e+18, 1.7832607558005222e+18, 1.7832607557885222e+18, 1.7832607559884503e+18, 1.7832607528281467e+18, 1.7832607540861466e+18], 'frequencies': [2437, 5500, 5320, 5540, 5660, 2412]}
37 117 1783260756825369108
{'names': ['NU-AP06164', 'NU-AP06163', 'NU-AP06162', 'NU-AP06164', 'NU-AP06167', 'NU-AP07183'], 'addresses': ['48:00:b3:5f:72:e0', '48:00:b3:5f:46:ae', '48:00:b3:5a:90:8f', '48:00:b3:5f:72:ef', '48:00:b3:5e:0b:ee', '48:00:b3:5f:70:22'], 'ssids': ['iotroam', 'eduroam', 'iotroam', 'iotroam', 'eduroam', 'VU-Campusnet'], 'signals': [-60, -58, -73, -68, -77, -75], 'timestamps': [1.7832607542181466e+18, 1.7832607558005222e+18, 1.7832607557885222e+18, 1.7832607559884503e+18, 1.7832607568203692e+18, 1.7832607540861466e+18], 'frequencies': [2437, 5500, 5320, 5540, 5660, 2412]}
38 118 1783260756894625634
{'names': ['NU-AP06164', 'NU-AP06163', 'NU-AP06162', 'NU-AP06164', 'NU-AP06167', 'NU-AP07183'], 'addresses': ['48:00:b3:5f:72:e0', '48:00:b3:5f:46:ae', '48:00:b3:5a:90:8f', '48:00:b3:5f:72:ef', '48:00:b3:5e:0b:ee', '48:00:b3:5f:70:22'], 'ssids': ['iotroam', 'eduroam', 'iotroam', 'iotroam', 'eduroam', 'VU-Campusnet'], 'signals': [-60, -58, -73, -68, -77, -75], 'timestamps': [1.7832607542181466e+18, 1.7832607558005222e+18, 1.7832607557885222e+18, 1.7832607559884503e+18, 1.7832607568206254e+18, 1.7832607540861466e+18], 'frequencies': [2437, 5500, 5320, 5540, 5660, 2412]}
39 118 1783260756962283643
{'names': ['NU-AP06164', 'NU-AP06163', 'NU-AP06162', 'NU-AP06164', 'NU-AP06167', 'NU-AP07183'], 'addresses': ['48:00:b3:5f:72:e0', '48:00:b3:5f:46:ae', '48:00:b3:5a:90:8f', '48:00:b3:5f:72:ef', '48:00:b3:5e:0b:ee', '48:00:b3:5f:70:22'], 'ssids': ['iotroam', 'eduroam', 'iotroam', 'iotroam', 'eduroam', 'VU-Campusnet'], 'signals': [-60, -58, -73, -68, -77, -75], 'timestamps': [1.7832607542181466e+18, 1.7832607558005222e+18, 1.7832607557885222e+18, 1.7832607559884503e+18, 1.7832607568206254e+18, 1.7832607540861466e+18], 'frequencies': [2437, 5500, 5320, 5540, 5660, 2412]}
40 119 1783260757031007531
{'names': ['NU-AP06164', 'NU-AP06163', 'NU-AP06162', 'NU-AP06164', 'NU-AP06167', 'NU-AP07183'], 'addresses': ['48:00:b3:5f:72:e0', '48:00:b3:5f:46:ae', '48:00:b3:5a:90:8f', '48:00:b3:5f:72:ef', '48:00:b3:5e:0b:ee', '48:00:b3:5f:70:22'], 'ssids': ['iotroam', 'eduroam', 'iotroam', 'iotroam', 'eduroam', 'VU-Campusnet'], 'signals': [-60, -58, -73, -68, -77, -75], 'timestamps': [1.7832607542181466e+18, 1.7832607558005222e+18, 1.7832607557885222e+18, 1.7832607559884503e+18, 1.7832607568210074e+18, 1.7832607540861466e+18], 'frequencies': [2437, 5500, 5320, 5540, 5660, 2412]}
41 119 1783260757098298026
{'names': ['NU-AP06164', 'NU-AP06163', 'NU-AP06162', 'NU-AP06164', 'NU-AP06167', 'NU-AP07183'], 'addresses': ['48:00:b3:5f:72:e0', '48:00:b3:5f:46:ae', '48:00:b3:5a:90:8f', '48:00:b3:5f:72:ef', '48:00:b3:5e:0b:ee', '48:00:b3:5f:70:22'], 'ssids': ['iotroam', 'eduroam', 'iotroam', 'iotroam', 'eduroam', 'VU-Campusnet'], 'signals': [-60, -58, -73, -68, -77, -75], 'timestamps': [1.7832607542181466e+18, 1.7832607558005222e+18, 1.7832607557885222e+18, 1.7832607559884503e+18, 1.7832607568210074e+18, 1.7832607540861466e+18], 'frequencies': [2437, 5500, 5320, 5540, 5660, 2412]}
42 119 1783260757166049750
{'names': ['NU-AP06164', 'NU-AP06163', 'NU-AP06162', 'NU-AP06164', 'NU-AP06167', 'NU-AP07183'], 'addresses': ['48:00:b3:5f:72:e0', '48:00:b3:5f:46:ae', '48:00:b3:5a:90:8f', '48:00:b3:5f:72:ef', '48:00:b3:5e:0b:ee', '48:00:b3:5f:70:22'], 'ssids': ['iotroam', 'eduroam', 'iotroam', 'iotroam', 'eduroam', 'VU-Campusnet'], 'signals': [-60, -58, -73, -68, -77, -75], 'timestamps': [1.7832607542181466e+18, 1.7832607558005222e+18, 1.7832607557885222e+18, 1.7832607559884503e+18, 1.7832607568210074e+18, 1.7832607540861466e+18], 'frequencies': [2437, 5500, 5320, 5540, 5660, 2412]}
43 119 1783260757234154180
{'names': ['NU-AP06164', 'NU-AP06163', 'NU-AP06162', 'NU-AP06164', 'NU-AP06167', 'NU-AP07183'], 'addresses': ['48:00:b3:5f:72:e0', '48:00:b3:5f:46:ae', '48:00:b3:5a:90:8f', '48:00:b3:5f:72:ef', '48:00:b3:5e:0b:ee', '48:00:b3:5f:70:22'], 'ssids': ['iotroam', 'eduroam', 'iotroam', 'iotroam', 'eduroam', 'VU-Campusnet'], 'signals': [-60, -58, -73, -68, -77, -75], 'timestamps': [1.7832607542181466e+18, 1.7832607558005222e+18, 1.7832607557885222e+18, 1.7832607559884503e+18, 1.7832607568210074e+18, 1.7832607540861466e+18], 'frequencies': [2437, 5500, 5320, 5540, 5660, 2412]}
44 120 1783260757302266126
{'names': ['NU-AP06164', 'NU-AP06163', 'NU-AP06162', 'NU-AP06164', 'NU-AP06167', 'NU-AP07183'], 'addresses': ['48:00:b3:5f:72:e0', '48:00:b3:5f:46:ae', '48:00:b3:5a:90:8f', '48:00:b3:5f:72:ef', '48:00:b3:5e:0b:ee', '48:00:b3:5f:70:22'], 'ssids': ['iotroam', 'eduroam', 'iotroam', 'iotroam', 'eduroam', 'VU-Campusnet'], 'signals': [-60, -58, -73, -68, -77, -75], 'timestamps': [1.7832607542181466e+18, 1.7832607558005222e+18, 1.7832607557885222e+18, 1.7832607559884503e+18, 1.7832607568212662e+18, 1.7832607540861466e+18], 'frequencies': [2437, 5500, 5320, 5540, 5660, 2412]}
45 120 1783260757369208057
{'names': ['NU-AP06164', 'NU-AP06163', 'NU-AP06162', 'NU-AP06164', 'NU-AP06167', 'NU-AP07183'], 'addresses': ['48:00:b3:5f:72:e0', '48:00:b3:5f:46:ae', '48:00:b3:5a:90:8f', '48:00:b3:5f:72:ef', '48:00:b3:5e:0b:ee', '48:00:b3:5f:70:22'], 'ssids': ['iotroam', 'eduroam', 'iotroam', 'iotroam', 'eduroam', 'VU-Campusnet'], 'signals': [-60, -58, -73, -68, -77, -75], 'timestamps': [1.7832607542181466e+18, 1.7832607558005222e+18, 1.7832607557885222e+18, 1.7832607559884503e+18, 1.7832607568212662e+18, 1.7832607540861466e+18], 'frequencies': [2437, 5500, 5320, 5540, 5660, 2412]}
46 120 1783260757438467577
{'names': ['NU-AP06164', 'NU-AP06163', 'NU-AP06162', 'NU-AP06164', 'NU-AP06167', 'NU-AP07183'], 'addresses': ['48:00:b3:5f:72:e0', '48:00:b3:5f:46:ae', '48:00:b3:5a:90:8f', '48:00:b3:5f:72:ef', '48:00:b3:5e:0b:ee', '48:00:b3:5f:70:22'], 'ssids': ['iotroam', 'eduroam', 'iotroam', 'iotroam', 'eduroam', 'VU-Campusnet'], 'signals': [-60, -58, -73, -68, -77, -75], 'timestamps': [1.7832607542181466e+18, 1.7832607558005222e+18, 1.7832607557885222e+18, 1.7832607559884503e+18, 1.7832607568212662e+18, 1.7832607540861466e+18], 'frequencies': [2437, 5500, 5320, 5540, 5660, 2412]}
47 120 1783260757506512215
{'names': ['NU-AP06164', 'NU-AP06163', 'NU-AP06162', 'NU-AP06164', 'NU-AP06167', 'NU-AP07183'], 'addresses': ['48:00:b3:5f:72:e0', '48:00:b3:5f:46:ae', '48:00:b3:5a:90:8f', '48:00:b3:5f:72:ef', '48:00:b3:5e:0b:ee', '48:00:b3:5f:70:22'], 'ssids': ['iotroam', 'eduroam', 'iotroam', 'iotroam', 'eduroam', 'VU-Campusnet'], 'signals': [-60, -58, -73, -68, -77, -75], 'timestamps': [1.7832607542181466e+18, 1.7832607558005222e+18, 1.7832607557885222e+18, 1.7832607559884503e+18, 1.7832607568212662e+18, 1.7832607540861466e+18], 'frequencies': [2437, 5500, 5320, 5540, 5660, 2412]}
48 120 1783260757574700502
{'names': ['NU-AP06164', 'NU-AP06163', 'NU-AP06162', 'NU-AP06164', 'NU-AP06167', 'NU-AP07183'], 'addresses': ['48:00:b3:5f:72:e0', '48:00:b3:5f:46:ae', '48:00:b3:5a:90:8f', '48:00:b3:5f:72:ef', '48:00:b3:5e:0b:ee', '48:00:b3:5f:70:22'], 'ssids': ['iotroam', 'eduroam', 'iotroam', 'iotroam', 'eduroam', 'VU-Campusnet'], 'signals': [-60, -58, -73, -68, -77, -75], 'timestamps': [1.7832607542181466e+18, 1.7832607558005222e+18, 1.7832607557885222e+18, 1.7832607559884503e+18, 1.7832607568212662e+18, 1.7832607540861466e+18], 'frequencies': [2437, 5500, 5320, 5540, 5660, 2412]}
49 120 1783260757640777660
{'names': ['NU-AP06164', 'NU-AP06163', 'NU-AP06162', 'NU-AP06164', 'NU-AP06167', 'NU-AP07183'], 'addresses': ['48:00:b3:5f:72:e0', '48:00:b3:5f:46:ae', '48:00:b3:5a:90:8f', '48:00:b3:5f:72:ef', '48:00:b3:5e:0b:ee', '48:00:b3:5f:70:22'], 'ssids': ['iotroam', 'eduroam', 'iotroam', 'iotroam', 'eduroam', 'VU-Campusnet'], 'signals': [-60, -58, -73, -68, -77, -75], 'timestamps': [1.7832607542181466e+18, 1.7832607558005222e+18, 1.7832607557885222e+18, 1.7832607559884503e+18, 1.7832607568212662e+18, 1.7832607540861466e+18], 'frequencies': [2437, 5500, 5320, 5540, 5660, 2412]}
50 120 1783260757709087408
{'names': ['NU-AP06164', 'NU-AP06163', 'NU-AP06162', 'NU-AP06164', 'NU-AP06167', 'NU-AP07183'], 'addresses': ['48:00:b3:5f:72:e0', '48:00:b3:5f:46:ae', '48:00:b3:5a:90:8f', '48:00:b3:5f:72:ef', '48:00:b3:5e:0b:ee', '48:00:b3:5f:70:22'], 'ssids': ['iotroam', 'eduroam', 'iotroam', 'iotroam', 'eduroam', 'VU-Campusnet'], 'signals': [-60, -58, -73, -68, -77, -75], 'timestamps': [1.7832607542181466e+18, 1.7832607558005222e+18, 1.7832607557885222e+18, 1.7832607559884503e+18, 1.7832607568212662e+18, 1.7832607540861466e+18], 'frequencies': [2437, 5500, 5320, 5540, 5660, 2412]}
51 120 1783260757776012829
{'names': ['NU-AP06164', 'NU-AP06163', 'NU-AP06162', 'NU-AP06164', 'NU-AP06167', 'NU-AP07183'], 'addresses': ['48:00:b3:5f:72:e0', '48:00:b3:5f:46:ae', '48:00:b3:5a:90:8f', '48:00:b3:5f:72:ef', '48:00:b3:5e:0b:ee', '48:00:b3:5f:70:22'], 'ssids': ['iotroam', 'eduroam', 'iotroam', 'iotroam', 'eduroam', 'VU-Campusnet'], 'signals': [-60, -58, -73, -68, -77, -75], 'timestamps': [1.7832607542181466e+18, 1.7832607558005222e+18, 1.7832607557885222e+18, 1.7832607559884503e+18, 1.7832607568212662e+18, 1.7832607540861466e+18], 'frequencies': [2437, 5500, 5320, 5540, 5660, 2412]}
52 120 1783260757845250441
{'names': ['NU-AP06164', 'NU-AP06163', 'NU-AP06162', 'NU-AP06164', 'NU-AP06167', 'NU-AP07183'], 'addresses': ['48:00:b3:5f:72:e0', '48:00:b3:5f:46:ae', '48:00:b3:5a:90:8f', '48:00:b3:5f:72:ef', '48:00:b3:5e:0b:ee', '48:00:b3:5f:70:22'], 'ssids': ['iotroam', 'eduroam', 'iotroam', 'iotroam', 'eduroam', 'VU-Campusnet'], 'signals': [-60, -58, -73, -68, -77, -75], 'timestamps': [1.7832607542181466e+18, 1.7832607558005222e+18, 1.7832607557885222e+18, 1.7832607559884503e+18, 1.7832607568212662e+18, 1.7832607540861466e+18], 'frequencies': [2437, 5500, 5320, 5540, 5660, 2412]}
53 120 1783260757912116162
{'names': ['NU-AP06164', 'NU-AP06163', 'NU-AP06162', 'NU-AP06164', 'NU-AP06167', 'NU-AP07183'], 'addresses': ['48:00:b3:5f:72:e0', '48:00:b3:5f:46:ae', '48:00:b3:5a:90:8f', '48:00:b3:5f:72:ef', '48:00:b3:5e:0b:ee', '48:00:b3:5f:70:22'], 'ssids': ['iotroam', 'eduroam', 'iotroam', 'iotroam', 'eduroam', 'VU-Campusnet'], 'signals': [-60, -58, -73, -68, -77, -75], 'timestamps': [1.7832607542181466e+18, 1.7832607558005222e+18, 1.7832607557885222e+18, 1.7832607559884503e+18, 1.7832607568212662e+18, 1.7832607540861466e+18], 'frequencies': [2437, 5500, 5320, 5540, 5660, 2412]}
54 120 1783260757978831693
{'names': ['NU-AP06164', 'NU-AP06163', 'NU-AP06162', 'NU-AP06164', 'NU-AP06167', 'NU-AP07183'], 'addresses': ['48:00:b3:5f:72:e0', '48:00:b3:5f:46:ae', '48:00:b3:5a:90:8f', '48:00:b3:5f:72:ef', '48:00:b3:5e:0b:ee', '48:00:b3:5f:70:22'], 'ssids': ['iotroam', 'eduroam', 'iotroam', 'iotroam', 'eduroam', 'VU-Campusnet'], 'signals': [-60, -58, -73, -68, -77, -75], 'timestamps': [1.7832607542181466e+18, 1.7832607558005222e+18, 1.7832607557885222e+18, 1.7832607559884503e+18, 1.7832607568212662e+18, 1.7832607540861466e+18], 'frequencies': [2437, 5500, 5320, 5540, 5660, 2412]}
54 124 1783260758051736680
{'names': ['NU-AP06164', 'NU-AP06163', 'NU-AP06162', 'NU-AP06164', 'NU-AP06167', 'NU-AP07183'], 'addresses': ['48:00:b3:5f:72:e0', '48:00:b3:5f:46:ae', '48:00:b3:5a:90:8f', '48:00:b3:5f:72:ef', '48:00:b3:5e:0b:ee', '48:00:b3:5f:70:22'], 'ssids': ['iotroam', 'eduroam', 'iotroam', 'iotroam', 'eduroam', 'VU-Campusnet'], 'signals': [-60, -58, -73, -68, -77, -75], 'timestamps': [1.7832607542181466e+18, 1.7832607558007365e+18, 1.7832607557887365e+18, 1.7832607559887365e+18, 1.7832607568217364e+18, 1.7832607540861466e+18], 'frequencies': [2437, 5500, 5320, 5540, 5660, 2412]}
55 124 1783260758183449732
{'names': ['NU-AP06164', 'NU-AP06163', 'NU-AP06162', 'NU-AP06164', 'NU-AP06167', 'NU-AP07183'], 'addresses': ['48:00:b3:5f:72:e0', '48:00:b3:5f:46:ae', '48:00:b3:5a:90:8f', '48:00:b3:5f:72:ef', '48:00:b3:5e:0b:ee', '48:00:b3:5f:70:21'], 'ssids': ['iotroam', 'eduroam', 'iotroam', 'iotroam', 'eduroam', 'eduroam'], 'signals': [-60, -58, -73, -68, -77, -75], 'timestamps': [1.7832607542181466e+18, 1.7832607558007365e+18, 1.7832607557887365e+18, 1.7832607559887365e+18, 1.7832607568217364e+18, 1.78326075812645e+18], 'frequencies': [2437, 5500, 5320, 5540, 5660, 2412]}
56 124 1783260758251124098
{'names': ['NU-AP06164', 'NU-AP06163', 'NU-AP06162', 'NU-AP06164', 'NU-AP06167', 'NU-AP07183'], 'addresses': ['48:00:b3:5f:72:e0', '48:00:b3:5f:46:ae', '48:00:b3:5a:90:8f', '48:00:b3:5f:72:ef', '48:00:b3:5e:0b:ee', '48:00:b3:5f:70:21'], 'ssids': ['iotroam', 'eduroam', 'iotroam', 'iotroam', 'eduroam', 'eduroam'], 'signals': [-60, -58, -73, -68, -77, -75], 'timestamps': [1.7832607542181466e+18, 1.7832607558007365e+18, 1.7832607557887365e+18, 1.7832607559887365e+18, 1.7832607568217364e+18, 1.7832607581271242e+18], 'frequencies': [2437, 5500, 5320, 5540, 5660, 2412]}
57 124 1783260758319277213
{'names': ['NU-AP06164', 'NU-AP06163', 'NU-AP06162', 'NU-AP06164', 'NU-AP06167', 'NU-AP07183'], 'addresses': ['48:00:b3:5f:72:e0', '48:00:b3:5f:46:ae', '48:00:b3:5a:90:8f', '48:00:b3:5f:72:ef', '48:00:b3:5e:0b:ee', '48:00:b3:5f:70:21'], 'ssids': ['iotroam', 'eduroam', 'iotroam', 'iotroam', 'eduroam', 'eduroam'], 'signals': [-59, -58, -73, -68, -77, -75], 'timestamps': [1.7832607582612772e+18, 1.7832607558007365e+18, 1.7832607557887365e+18, 1.7832607559887365e+18, 1.7832607568217364e+18, 1.7832607581271242e+18], 'frequencies': [2437, 5500, 5320, 5540, 5660, 2412]}
58 124 1783260758399412472
{'names': ['NU-AP06164', 'NU-AP06163', 'NU-AP06162', 'NU-AP06164', 'NU-AP06167', 'NU-AP07183'], 'addresses': ['48:00:b3:5f:72:e0', '48:00:b3:5f:46:ae', '48:00:b3:5a:90:8f', '48:00:b3:5f:72:ef', '48:00:b3:5e:0b:ee', '48:00:b3:5f:70:21'], 'ssids': ['iotroam', 'eduroam', 'iotroam', 'iotroam', 'eduroam', 'eduroam'], 'signals': [-59, -58, -73, -68, -77, -75], 'timestamps': [1.7832607582614124e+18, 1.7832607558007365e+18, 1.7832607557887365e+18, 1.7832607559887365e+18, 1.7832607568217364e+18, 1.7832607581271242e+18], 'frequencies': [2437, 5500, 5320, 5540, 5660, 2412]}
61 128 1783260758472844432
{'names': ['NU-AP06164', 'NU-AP06163', 'NU-AP06162', 'NU-AP06164', 'NU-AP06167', 'NU-AP07183', 'NU-AP06163'], 'addresses': ['48:00:b3:5f:72:e0', '48:00:b3:5f:46:ae', '48:00:b3:5a:90:8f', '48:00:b3:5f:72:ef', '48:00:b3:5e:0b:ee', '48:00:b3:5f:70:21', '48:00:b3:5f:46:a0'], 'ssids': ['iotroam', 'eduroam', 'iotroam', 'iotroam', 'eduroam', 'eduroam', 'iotroam'], 'signals': [-59, -58, -73, -68, -77, -75, -57], 'timestamps': [1.7832607582628444e+18, 1.7832607558008445e+18, 1.7832607557888445e+18, 1.7832607559888445e+18, 1.7832607568218445e+18, 1.7832607581278446e+18, 1.7832607584138445e+18], 'frequencies': [2437, 5500, 5320, 5540, 5660, 2412, 2462]}
61 130 1783260759786384699
{'names': ['NU-AP06164', 'NU-AP06163', 'NU-AP06162', 'NU-AP06164', 'NU-AP06167', 'NU-AP07183', 'NU-AP06163'], 'addresses': ['48:00:b3:5f:72:e0', '48:00:b3:5f:46:ae', '48:00:b3:5a:90:8f', '48:00:b3:5f:72:ef', '48:00:b3:5e:0b:ee', '48:00:b3:5f:70:21', '48:00:b3:5f:46:a0'], 'ssids': ['iotroam', 'eduroam', 'iotroam', 'iotroam', 'eduroam', 'eduroam', 'iotroam'], 'signals': [-59, -58, -74, -68, -77, -75, -57], 'timestamps': [1.7832607582628444e+18, 1.7832607597813847e+18, 1.7832607597563848e+18, 1.7832607559888445e+18, 1.7832607568218445e+18, 1.7832607581278446e+18, 1.7832607584138445e+18], 'frequencies': [2437, 5500, 5320, 5540, 5660, 2412, 2462]}
61 132 1783260759854563456
{'names': ['NU-AP06164', 'NU-AP06163', 'NU-AP06162', 'NU-AP06164', 'NU-AP06167', 'NU-AP07183', 'NU-AP06163'], 'addresses': ['48:00:b3:5f:72:e0', '48:00:b3:5f:46:ae', '48:00:b3:5a:90:8f', '48:00:b3:5f:72:ef', '48:00:b3:5e:0b:ee', '48:00:b3:5f:70:21', '48:00:b3:5f:46:a0'], 'ssids': ['iotroam', 'eduroam', 'iotroam', 'iotroam', 'eduroam', 'eduroam', 'iotroam'], 'signals': [-59, -58, -74, -68, -77, -75, -57], 'timestamps': [1.7832607582628444e+18, 1.7832607597815634e+18, 1.7832607597565635e+18, 1.7832607559888445e+18, 1.7832607568218445e+18, 1.7832607581278446e+18, 1.7832607584138445e+18], 'frequencies': [2437, 5500, 5320, 5540, 5660, 2412, 2462]}
61 134 1783260759923918599
{'names': ['NU-AP06164', 'NU-AP06163', 'NU-AP06162', 'NU-AP06164', 'NU-AP06167', 'NU-AP07183', 'NU-AP06163'], 'addresses': ['48:00:b3:5f:72:e0', '48:00:b3:5f:46:ae', '48:00:b3:5a:90:8f', '48:00:b3:5f:72:ef', '48:00:b3:5e:0b:ee', '48:00:b3:5f:70:21', '48:00:b3:5f:46:a0'], 'ssids': ['iotroam', 'eduroam', 'iotroam', 'iotroam', 'eduroam', 'eduroam', 'iotroam'], 'signals': [-59, -58, -74, -68, -77, -75, -57], 'timestamps': [1.7832607582628444e+18, 1.7832607597819187e+18, 1.7832607597569185e+18, 1.7832607559888445e+18, 1.7832607568218445e+18, 1.7832607581278446e+18, 1.7832607584138445e+18], 'frequencies': [2437, 5500, 5320, 5540, 5660, 2412, 2462]}
64 138 1783260759993872230
{'names': ['NU-AP06164', 'NU-AP06163', 'NU-AP06162', 'NU-AP06164', 'NU-AP06167', 'NU-AP07183', 'NU-AP06163'], 'addresses': ['48:00:b3:5f:72:e0', '48:00:b3:5f:46:ae', '48:00:b3:5a:90:8f', '48:00:b3:5f:72:ef', '48:00:b3:5e:0b:ee', '48:00:b3:5f:70:21', '48:00:b3:5f:46:a0'], 'ssids': ['iotroam', 'eduroam', 'iotroam', 'iotroam', 'eduroam', 'eduroam', 'iotroam'], 'signals': [-59, -58, -74, -68, -77, -75, -57], 'timestamps': [1.783260758262872e+18, 1.783260759782872e+18, 1.783260759757872e+18, 1.783260759965872e+18, 1.783260756821872e+18, 1.783260758127872e+18, 1.783260758413872e+18], 'frequencies': [2437, 5500, 5320, 5540, 5660, 2412, 2462]}
64 139 1783260760840454670
{'names': ['NU-AP06164', 'NU-AP06163', 'NU-AP06162', 'NU-AP06164', 'NU-AP06167', 'NU-AP07183', 'NU-AP06163'], 'addresses': ['48:00:b3:5f:72:e0', '48:00:b3:5f:46:ae', '48:00:b3:5a:90:8f', '48:00:b3:5f:72:ef', '48:00:b3:5e:0b:ed', '48:00:b3:5f:70:21', '48:00:b3:5f:46:a0'], 'ssids': ['iotroam', 'eduroam', 'iotroam', 'iotroam', 'VU-Campusnet', 'eduroam', 'iotroam'], 'signals': [-59, -58, -74, -68, -77, -75, -57], 'timestamps': [1.783260758262872e+18, 1.783260759782872e+18, 1.783260759757872e+18, 1.783260759965872e+18, 1.7832607608144548e+18, 1.783260758127872e+18, 1.783260758413872e+18], 'frequencies': [2437, 5500, 5320, 5540, 5660, 2412, 2462]}
64 140 1783260760974964591
{'names': ['NU-AP06164', 'NU-AP06163', 'NU-AP06162', 'NU-AP06164', 'NU-AP06167', 'NU-AP07183', 'NU-AP06163'], 'addresses': ['48:00:b3:5f:72:e0', '48:00:b3:5f:46:ae', '48:00:b3:5a:90:8f', '48:00:b3:5f:72:ef', '48:00:b3:5e:0b:ed', '48:00:b3:5f:70:21', '48:00:b3:5f:46:a0'], 'ssids': ['iotroam', 'eduroam', 'iotroam', 'iotroam', 'VU-Campusnet', 'eduroam', 'iotroam'], 'signals': [-59, -58, -74, -68, -77, -75, -57], 'timestamps': [1.783260758262872e+18, 1.783260759782872e+18, 1.783260759757872e+18, 1.783260759965872e+18, 1.7832607608149645e+18, 1.783260758127872e+18, 1.783260758413872e+18], 'frequencies': [2437, 5500, 5320, 5540, 5660, 2412, 2462]}
64 141 1783260761044371946
{'names': ['NU-AP06164', 'NU-AP06163', 'NU-AP06162', 'NU-AP06164', 'NU-AP06167', 'NU-AP07183', 'NU-AP06163'], 'addresses': ['48:00:b3:5f:72:e0', '48:00:b3:5f:46:ae', '48:00:b3:5a:90:8f', '48:00:b3:5f:72:ef', '48:00:b3:5e:0b:ed', '48:00:b3:5f:70:21', '48:00:b3:5f:46:a0'], 'ssids': ['iotroam', 'eduroam', 'iotroam', 'iotroam', 'VU-Campusnet', 'eduroam', 'iotroam'], 'signals': [-59, -58, -74, -68, -77, -75, -57], 'timestamps': [1.783260758262872e+18, 1.783260759782872e+18, 1.783260759757872e+18, 1.783260759965872e+18, 1.783260760815372e+18, 1.783260758127872e+18, 1.783260758413872e+18], 'frequencies': [2437, 5500, 5320, 5540, 5660, 2412, 2462]}
67 145 1783260761182740731
{'names': ['NU-AP06164', 'NU-AP06163', 'NU-AP06162', 'NU-AP06164', 'NU-AP06167', 'NU-AP07183', 'NU-AP06163'], 'addresses': ['48:00:b3:5f:72:e0', '48:00:b3:5f:46:ae', '48:00:b3:5a:90:8f', '48:00:b3:5f:72:ef', '48:00:b3:5e:0b:ed', '48:00:b3:5f:70:21', '48:00:b3:5f:46:a0'], 'ssids': ['iotroam', 'eduroam', 'iotroam', 'iotroam', 'VU-Campusnet', 'eduroam', 'iotroam'], 'signals': [-59, -58, -74, -68, -77, -75, -57], 'timestamps': [1.7832607582637407e+18, 1.7832607597837407e+18, 1.7832607597587407e+18, 1.7832607599667407e+18, 1.7832607608167409e+18, 1.7832607581287409e+18, 1.7832607584147407e+18], 'frequencies': [2437, 5500, 5320, 5540, 5660, 2412, 2462]}
69 145 1783260762103541675
{'names': ['NU-AP06164', 'NU-AP06163', 'NU-AP06162', 'NU-AP06164', 'NU-AP06167', 'NU-AP07183', 'NU-AP06163', 'NU-AP06167'], 'addresses': ['48:00:b3:5f:72:e0', '48:00:b3:5f:46:ae', '48:00:b3:5a:90:8f', '48:00:b3:5f:72:ef', '48:00:b3:5e:0b:ed', '48:00:b3:5f:70:22', '48:00:b3:5f:46:a0', '48:00:b3:5e:0b:e0'], 'ssids': ['iotroam', 'eduroam', 'iotroam', 'iotroam', 'VU-Campusnet', 'VU-Campusnet', 'iotroam', 'iotroam'], 'signals': [-59, -58, -74, -68, -77, -75, -57, -74], 'timestamps': [1.7832607582637407e+18, 1.7832607597837407e+18, 1.7832607597587407e+18, 1.7832607599667407e+18, 1.7832607608167409e+18, 1.7832607621035418e+18, 1.7832607584147407e+18, 1.7832607621025418e+18], 'frequencies': [2437, 5500, 5320, 5540, 5660, 2412, 2462, 2412]}
71 145 1783260762239961971
{'names': ['NU-AP06164', 'NU-AP06163', 'NU-AP06162', 'NU-AP06164', 'NU-AP06167', 'NU-AP07183', 'NU-AP06163', 'NU-AP06167'], 'addresses': ['48:00:b3:5f:72:e0', '48:00:b3:5f:46:ae', '48:00:b3:5a:90:8f', '48:00:b3:5f:72:ef', '48:00:b3:5e:0b:ed', '48:00:b3:5f:70:21', '48:00:b3:5f:46:a0', '48:00:b3:5e:0b:e0'], 'ssids': ['iotroam', 'eduroam', 'iotroam', 'iotroam', 'VU-Campusnet', 'eduroam', 'iotroam', 'iotroam'], 'signals': [-59, -58, -74, -68, -77, -75, -57, -74], 'timestamps': [1.7832607582637407e+18, 1.7832607597837407e+18, 1.7832607597587407e+18, 1.7832607599667407e+18, 1.7832607608167409e+18, 1.7832607621039619e+18, 1.7832607584147407e+18, 1.783260762102962e+18], 'frequencies': [2437, 5500, 5320, 5540, 5660, 2412, 2462, 2412]}
72 145 1783260762309900504
{'names': ['NU-AP06164', 'NU-AP06163', 'NU-AP06162', 'NU-AP06164', 'NU-AP06167', 'NU-AP07183', 'NU-AP06163', 'NU-AP06167'], 'addresses': ['48:00:b3:5f:72:e0', '48:00:b3:5f:46:ae', '48:00:b3:5a:90:8f', '48:00:b3:5f:72:ef', '48:00:b3:5e:0b:ed', '48:00:b3:5f:70:21', '48:00:b3:5f:46:a0', '48:00:b3:5e:0b:e0'], 'ssids': ['iotroam', 'eduroam', 'iotroam', 'iotroam', 'VU-Campusnet', 'eduroam', 'iotroam', 'iotroam'], 'signals': [-59, -58, -74, -68, -77, -75, -57, -74], 'timestamps': [1.7832607622459005e+18, 1.7832607597837407e+18, 1.7832607597587407e+18, 1.7832607599667407e+18, 1.7832607608167409e+18, 1.7832607621039619e+18, 1.7832607584147407e+18, 1.783260762102962e+18], 'frequencies': [2437, 5500, 5320, 5540, 5660, 2412, 2462, 2412]}
75 145 1783260762381393526
{'names': ['NU-AP06164', 'NU-AP06163', 'NU-AP06162', 'NU-AP06164', 'NU-AP06167', 'NU-AP07183', 'NU-AP06163', 'NU-AP06167'], 'addresses': ['48:00:b3:5f:72:e0', '48:00:b3:5f:46:ae', '48:00:b3:5a:90:8f', '48:00:b3:5f:72:ef', '48:00:b3:5e:0b:ed', '48:00:b3:5f:70:21', '48:00:b3:5f:46:a0', '48:00:b3:5e:0b:e0'], 'ssids': ['iotroam', 'eduroam', 'iotroam', 'iotroam', 'VU-Campusnet', 'eduroam', 'iotroam', 'iotroam'], 'signals': [-59, -58, -74, -68, -77, -75, -57, -74], 'timestamps': [1.7832607622463933e+18, 1.7832607597837407e+18, 1.7832607597587407e+18, 1.7832607599667407e+18, 1.7832607608167409e+18, 1.7832607621043935e+18, 1.7832607584147407e+18, 1.7832607621033933e+18], 'frequencies': [2437, 5500, 5320, 5540, 5660, 2412, 2462, 2412]}
77 145 1783260762451530799
{'names': ['NU-AP06164', 'NU-AP06163', 'NU-AP06162', 'NU-AP06164', 'NU-AP06167', 'NU-AP07183', 'NU-AP06163', 'NU-AP06167', 'NU-AP05135'], 'addresses': ['48:00:b3:5f:72:e0', '48:00:b3:5f:46:ae', '48:00:b3:5a:90:8f', '48:00:b3:5f:72:ef', '48:00:b3:5e:0b:ed', '48:00:b3:5f:70:21', '48:00:b3:5f:46:a0', '48:00:b3:5e:0b:e0', '10:e3:76:47:4b:42'], 'ssids': ['iotroam', 'eduroam', 'iotroam', 'iotroam', 'VU-Campusnet', 'eduroam', 'iotroam', 'iotroam', 'VU-Campusnet'], 'signals': [-59, -58, -74, -68, -77, -75, -57, -74, -80], 'timestamps': [1.7832607622463933e+18, 1.7832607597837407e+18, 1.7832607597587407e+18, 1.7832607599667407e+18, 1.7832607608167409e+18, 1.7832607621043935e+18, 1.7832607623995308e+18, 1.7832607621033933e+18, 1.7832607624165307e+18], 'frequencies': [2437, 5500, 5320, 5540, 5660, 2412, 2462, 2412, 2462]}
79 145 1783260762525703153
{'names': ['NU-AP06164', 'NU-AP06163', 'NU-AP06162', 'NU-AP06164', 'NU-AP06167', 'NU-AP07183', 'NU-AP06163', 'NU-AP06167', 'NU-AP05135'], 'addresses': ['48:00:b3:5f:72:e0', '48:00:b3:5f:46:ae', '48:00:b3:5a:90:8f', '48:00:b3:5f:72:ef', '48:00:b3:5e:0b:ed', '48:00:b3:5f:70:21', '48:00:b3:5f:46:a0', '48:00:b3:5e:0b:e0', '10:e3:76:47:4b:42'], 'ssids': ['iotroam', 'eduroam', 'iotroam', 'iotroam', 'VU-Campusnet', 'eduroam', 'iotroam', 'iotroam', 'VU-Campusnet'], 'signals': [-59, -58, -74, -68, -77, -75, -57, -74, -80], 'timestamps': [1.7832607622463933e+18, 1.7832607597837407e+18, 1.7832607597587407e+18, 1.7832607599667407e+18, 1.7832607608167409e+18, 1.7832607621043935e+18, 1.783260762399703e+18, 1.7832607621033933e+18, 1.7832607624167032e+18], 'frequencies': [2437, 5500, 5320, 5540, 5660, 2412, 2462, 2412, 2462]}
81 145 1783260762961334161
{'names': ['NU-AP06164', 'NU-AP06163', 'NU-AP06162', 'NU-AP06164', 'NU-AP06167', 'NU-AP07183', 'NU-AP06163', 'NU-AP06167', 'NU-AP05135'], 'addresses': ['48:00:b3:5f:72:e0', '48:00:b3:5f:46:ae', '48:00:b3:5a:90:8f', '48:00:b3:5f:72:ef', '48:00:b3:5e:0b:ed', '48:00:b3:5f:70:21', '48:00:b3:5f:46:a0', '48:00:b3:5e:0b:e0', '10:e3:76:47:4b:42'], 'ssids': ['iotroam', 'eduroam', 'iotroam', 'iotroam', 'VU-Campusnet', 'eduroam', 'iotroam', 'iotroam', 'VU-Campusnet'], 'signals': [-59, -58, -74, -68, -77, -75, -57, -74, -80], 'timestamps': [1.7832607622463933e+18, 1.7832607597837407e+18, 1.7832607597587407e+18, 1.7832607599667407e+18, 1.7832607608167409e+18, 1.7832607621043935e+18, 1.7832607624003343e+18, 1.7832607621033933e+18, 1.7832607624173343e+18], 'frequencies': [2437, 5500, 5320, 5540, 5660, 2412, 2462, 2412, 2462]}
86 145 1783260763462609293
{'names': ['NU-AP06164', 'NU-AP06163', 'NU-AP06162', 'NU-AP06164', 'NU-AP06167', 'NU-AP07183', 'NU-AP06163', 'NU-AP06167', 'NU-AP05135'], 'addresses': ['48:00:b3:5f:72:e0', '48:00:b3:5f:46:ae', '48:00:b3:5a:90:8f', '48:00:b3:5f:72:ef', '48:00:b3:5e:0b:ed', '48:00:b3:5f:70:21', '48:00:b3:5f:46:a0', '48:00:b3:5e:0b:e0', '10:e3:76:47:4b:42'], 'ssids': ['iotroam', 'eduroam', 'iotroam', 'iotroam', 'VU-Campusnet', 'eduroam', 'iotroam', 'iotroam', 'VU-Campusnet'], 'signals': [-59, -58, -74, -68, -77, -75, -57, -74, -80], 'timestamps': [1.7832607622466094e+18, 1.7832607597837407e+18, 1.7832607597587407e+18, 1.7832607599667407e+18, 1.7832607608167409e+18, 1.7832607621046093e+18, 1.7832607624006093e+18, 1.7832607621036093e+18, 1.7832607624176095e+18], 'frequencies': [2437, 5500, 5320, 5540, 5660, 2412, 2462, 2412, 2462]}
86 147 1783260763815346228
{'names': ['NU-AP06164', 'NU-AP06163', 'NU-AP06162', 'NU-AP06164', 'NU-AP06167', 'NU-AP07183', 'NU-AP06163', 'NU-AP06167', 'NU-AP05135'], 'addresses': ['48:00:b3:5f:72:e0', '48:00:b3:5f:46:ad', '48:00:b3:5a:90:8f', '48:00:b3:5f:72:ef', '48:00:b3:5e:0b:ed', '48:00:b3:5f:70:21', '48:00:b3:5f:46:a0', '48:00:b3:5e:0b:e0', '10:e3:76:47:4b:42'], 'ssids': ['iotroam', 'VU-Campusnet', 'iotroam', 'iotroam', 'VU-Campusnet', 'eduroam', 'iotroam', 'iotroam', 'VU-Campusnet'], 'signals': [-59, -58, -73, -68, -77, -75, -57, -74, -80], 'timestamps': [1.7832607622466094e+18, 1.7832607637973463e+18, 1.7832607637753462e+18, 1.7832607599667407e+18, 1.7832607608167409e+18, 1.7832607621046093e+18, 1.7832607624006093e+18, 1.7832607621036093e+18, 1.7832607624176095e+18], 'frequencies': [2437, 5500, 5320, 5540, 5660, 2412, 2462, 2412, 2462]}
86 149 1783260763887725268
{'names': ['NU-AP06164', 'NU-AP06163', 'NU-AP06162', 'NU-AP06164', 'NU-AP06167', 'NU-AP07183', 'NU-AP06163', 'NU-AP06167', 'NU-AP05135'], 'addresses': ['48:00:b3:5f:72:e0', '48:00:b3:5f:46:ad', '48:00:b3:5a:90:8f', '48:00:b3:5f:72:ef', '48:00:b3:5e:0b:ed', '48:00:b3:5f:70:21', '48:00:b3:5f:46:a0', '48:00:b3:5e:0b:e0', '10:e3:76:47:4b:42'], 'ssids': ['iotroam', 'VU-Campusnet', 'iotroam', 'iotroam', 'VU-Campusnet', 'eduroam', 'iotroam', 'iotroam', 'VU-Campusnet'], 'signals': [-59, -58, -73, -68, -77, -75, -57, -74, -80], 'timestamps': [1.7832607622466094e+18, 1.7832607637977252e+18, 1.7832607637757253e+18, 1.7832607599667407e+18, 1.7832607608167409e+18, 1.7832607621046093e+18, 1.7832607624006093e+18, 1.7832607621036093e+18, 1.7832607624176095e+18], 'frequencies': [2437, 5500, 5320, 5540, 5660, 2412, 2462, 2412, 2462]}
86 150 1783260763963116519
{'names': ['NU-AP06164', 'NU-AP06163', 'NU-AP06162', 'NU-AP06164', 'NU-AP06167', 'NU-AP07183', 'NU-AP06163', 'NU-AP06167', 'NU-AP05135'], 'addresses': ['48:00:b3:5f:72:e0', '48:00:b3:5f:46:ad', '48:00:b3:5a:90:8f', '48:00:b3:5f:72:ef', '48:00:b3:5e:0b:ed', '48:00:b3:5f:70:21', '48:00:b3:5f:46:a0', '48:00:b3:5e:0b:e0', '10:e3:76:47:4b:42'], 'ssids': ['iotroam', 'VU-Campusnet', 'iotroam', 'iotroam', 'VU-Campusnet', 'eduroam', 'iotroam', 'iotroam', 'VU-Campusnet'], 'signals': [-59, -58, -73, -68, -77, -75, -57, -74, -80], 'timestamps': [1.7832607622466094e+18, 1.7832607637977252e+18, 1.7832607637761165e+18, 1.7832607599667407e+18, 1.7832607608167409e+18, 1.7832607621046093e+18, 1.7832607624006093e+18, 1.7832607621036093e+18, 1.7832607624176095e+18], 'frequencies': [2437, 5500, 5320, 5540, 5660, 2412, 2462, 2412, 2462]}
91 154 1783260764047268209
{'names': ['NU-AP06164', 'NU-AP06163', 'NU-AP06162', 'NU-AP06164', 'NU-AP06167', 'NU-AP07183', 'NU-AP06163', 'NU-AP06167', 'NU-AP05135'], 'addresses': ['48:00:b3:5f:72:e0', '48:00:b3:5f:46:ad', '48:00:b3:5a:90:8f', '48:00:b3:5f:72:ef', '48:00:b3:5e:0b:ed', '48:00:b3:5f:70:21', '48:00:b3:5f:46:a0', '48:00:b3:5e:0b:e0', '10:e3:76:47:4b:42'], 'ssids': ['iotroam', 'VU-Campusnet', 'iotroam', 'iotroam', 'VU-Campusnet', 'eduroam', 'iotroam', 'iotroam', 'VU-Campusnet'], 'signals': [-59, -58, -73, -68, -77, -75, -57, -74, -80], 'timestamps': [1.783260762248268e+18, 1.783260763800268e+18, 1.7832607637782682e+18, 1.7832607639782682e+18, 1.7832607608172682e+18, 1.7832607621062682e+18, 1.7832607624022682e+18, 1.7832607621052682e+18, 1.783260762419268e+18], 'frequencies': [2437, 5500, 5320, 5540, 5660, 2412, 2462, 2412, 2462]}
91 155 1783260764309283524
{'names': ['NU-AP06164', 'NU-AP06163', 'NU-AP06162', 'NU-AP06164', 'NU-AP06167', 'NU-AP07183', 'NU-AP06163', 'NU-AP06167', 'NU-AP05135'], 'addresses': ['48:00:b3:5f:72:e0', '48:00:b3:5f:46:ae', '48:00:b3:5a:90:8f', '48:00:b3:5f:72:ef', '48:00:b3:5e:0b:ed', '48:00:b3:5f:70:21', '48:00:b3:5f:46:a0', '48:00:b3:5e:0b:e0', '10:e3:76:47:4b:42'], 'ssids': ['iotroam', 'eduroam', 'iotroam', 'iotroam', 'VU-Campusnet', 'eduroam', 'iotroam', 'iotroam', 'VU-Campusnet'], 'signals': [-59, -58, -73, -68, -77, -75, -57, -74, -80], 'timestamps': [1.783260762248268e+18, 1.7832607642822835e+18, 1.7832607637782682e+18, 1.7832607639782682e+18, 1.7832607608172682e+18, 1.7832607621062682e+18, 1.7832607624022682e+18, 1.7832607621052682e+18, 1.783260762419268e+18], 'frequencies': [2437, 5500, 5320, 5540, 5660, 2412, 2462, 2412, 2462]}
91 156 1783260765027953999
{'names': ['NU-AP06164', 'NU-AP06163', 'NU-AP06162', 'NU-AP06164', 'NU-AP06167', 'NU-AP07183', 'NU-AP06163', 'NU-AP06167', 'NU-AP05135'], 'addresses': ['48:00:b3:5f:72:e0', '48:00:b3:5f:46:ae', '48:00:b3:5a:90:8f', '48:00:b3:5f:72:ef', '48:00:b3:5e:0b:ef', '48:00:b3:5f:70:21', '48:00:b3:5f:46:a0', '48:00:b3:5e:0b:e0', '10:e3:76:47:4b:42'], 'ssids': ['iotroam', 'eduroam', 'iotroam', 'iotroam', 'iotroam', 'eduroam', 'iotroam', 'iotroam', 'VU-Campusnet'], 'signals': [-59, -58, -73, -68, -79, -75, -57, -74, -80], 'timestamps': [1.783260762248268e+18, 1.7832607642822835e+18, 1.7832607637782682e+18, 1.7832607639782682e+18, 1.7832607649809539e+18, 1.7832607621062682e+18, 1.7832607624022682e+18, 1.7832607621052682e+18, 1.783260762419268e+18], 'frequencies': [2437, 5500, 5320, 5540, 5660, 2412, 2462, 2412, 2462]}
91 157 1783260765101295615
{'names': ['NU-AP06164', 'NU-AP06163', 'NU-AP06162', 'NU-AP06164', 'NU-AP06167', 'NU-AP07183', 'NU-AP06163', 'NU-AP06167', 'NU-AP05135'], 'addresses': ['48:00:b3:5f:72:e0', '48:00:b3:5f:46:ae', '48:00:b3:5a:90:8f', '48:00:b3:5f:72:ef', '48:00:b3:5e:0b:ef', '48:00:b3:5f:70:21', '48:00:b3:5f:46:a0', '48:00:b3:5e:0b:e0', '10:e3:76:47:4b:42'], 'ssids': ['iotroam', 'eduroam', 'iotroam', 'iotroam', 'iotroam', 'eduroam', 'iotroam', 'iotroam', 'VU-Campusnet'], 'signals': [-59, -58, -73, -68, -79, -75, -57, -74, -80], 'timestamps': [1.783260762248268e+18, 1.7832607642822835e+18, 1.7832607637782682e+18, 1.7832607639782682e+18, 1.7832607649812956e+18, 1.7832607621062682e+18, 1.7832607624022682e+18, 1.7832607621052682e+18, 1.783260762419268e+18], 'frequencies': [2437, 5500, 5320, 5540, 5660, 2412, 2462, 2412, 2462]}
