1 1 1783258148225849943
{'names': ['NU-AP06167'], 'addresses': ['48:00:b3:5e:0b:e2'], 'ssids': ['VU-Campusnet'], 'signals': [-71], 'timestamps': [1.78325814821685e+18], 'frequencies': [2412]}
3 2 1783258148271891585
{'names': ['NU-AP06167', 'NU-AP07183'], 'addresses': ['48:00:b3:5e:0b:e0', '48:00:b3:5f:70:22'], 'ssids': ['iotroam', 'VU-Campusnet'], 'signals': [-72, -74], 'timestamps': [1.7832581482278917e+18, 1.7832581482318917e+18], 'frequencies': [2412, 2412]}
3 3 1783258148318846058
{'names': ['NU-AP06167', 'NU-AP07183'], 'addresses': ['48:00:b3:5e:0b:e0', '48:00:b3:5f:70:22'], 'ssids': ['iotroam', 'VU-Campusnet'], 'signals': [-72, -74], 'timestamps': [1.7832581482278917e+18, 1.7832581482318917e+18], 'frequencies': [2412, 2412]}
5 4 1783258148366403516
{'names': ['NU-AP06167', 'NU-AP07183'], 'addresses': ['48:00:b3:5e:0b:e0', '48:00:b3:5f:70:22'], 'ssids': ['iotroam', 'VU-Campusnet'], 'signals': [-72, -74], 'timestamps': [1.7832581482284037e+18, 1.7832581482324035e+18], 'frequencies': [2412, 2412]}
8 5 1783258148411866133
{'names': ['NU-AP06167', 'NU-AP07183', 'NU-AP06164'], 'addresses': ['48:00:b3:5e:0b:e0', '48:00:b3:5f:70:22', '48:00:b3:5f:72:e0'], 'ssids': ['iotroam', 'VU-Campusnet', 'iotroam'], 'signals': [-72, -74, -58], 'timestamps': [1.783258148228866e+18, 1.783258148232866e+18, 1.783258148387866e+18], 'frequencies': [2412, 2412, 2437]}
8 6 1783258148461109753
{'names': ['NU-AP06167', 'NU-AP07183', 'NU-AP06164'], 'addresses': ['48:00:b3:5e:0b:e0', '48:00:b3:5f:70:22', '48:00:b3:5f:72:e0'], 'ssids': ['iotroam', 'VU-Campusnet', 'iotroam'], 'signals': [-72, -74, -58], 'timestamps': [1.783258148228866e+18, 1.783258148232866e+18, 1.783258148387866e+18], 'frequencies': [2412, 2412, 2437]}
8 7 1783258148510813623
{'names': ['NU-AP06167', 'NU-AP07183', 'NU-AP06164'], 'addresses': ['48:00:b3:5e:0b:e0', '48:00:b3:5f:70:22', '48:00:b3:5f:72:e0'], 'ssids': ['iotroam', 'VU-Campusnet', 'iotroam'], 'signals': [-72, -74, -58], 'timestamps': [1.783258148228866e+18, 1.783258148232866e+18, 1.783258148387866e+18], 'frequencies': [2412, 2412, 2437]}
9 8 1783258148559224651
{'names': ['NU-AP06167', 'NU-AP07183', 'NU-AP06164', 'NU-AP06163'], 'addresses': ['48:00:b3:5e:0b:e0', '48:00:b3:5f:70:22', '48:00:b3:5f:72:e0', '48:00:b3:5f:46:a0'], 'ssids': ['iotroam', 'VU-Campusnet', 'iotroam', 'iotroam'], 'signals': [-72, -74, -58, -56], 'timestamps': [1.783258148228866e+18, 1.783258148232866e+18, 1.783258148387866e+18, 1.7832581485282245e+18], 'frequencies': [2412, 2412, 2437, 2462]}
10 9 1783258148609401511
{'names': ['NU-AP06167', 'NU-AP07183', 'NU-AP06164', 'NU-AP06163'], 'addresses': ['48:00:b3:5e:0b:e0', '48:00:b3:5f:70:22', '48:00:b3:5f:72:e0', '48:00:b3:5f:46:a0'], 'ssids': ['iotroam', 'VU-Campusnet', 'iotroam', 'iotroam'], 'signals': [-72, -74, -58, -56], 'timestamps': [1.783258148228866e+18, 1.783258148232866e+18, 1.783258148387866e+18, 1.7832581485284017e+18], 'frequencies': [2412, 2412, 2437, 2462]}
11 10 1783258148659690048
{'names': ['NU-AP06167', 'NU-AP07183', 'NU-AP06164', 'NU-AP06163'], 'addresses': ['48:00:b3:5e:0b:e0', '48:00:b3:5f:70:22', '48:00:b3:5f:72:e0', '48:00:b3:5f:46:a0'], 'ssids': ['iotroam', 'VU-Campusnet', 'iotroam', 'iotroam'], 'signals': [-72, -74, -58, -56], 'timestamps': [1.783258148228866e+18, 1.783258148232866e+18, 1.783258148387866e+18, 1.78325814852869e+18], 'frequencies': [2412, 2412, 2437, 2462]}
11 11 1783258148709605898
{'names': ['NU-AP06167', 'NU-AP07183', 'NU-AP06164', 'NU-AP06163'], 'addresses': ['48:00:b3:5e:0b:e0', '48:00:b3:5f:70:22', '48:00:b3:5f:72:e0', '48:00:b3:5f:46:a0'], 'ssids': ['iotroam', 'VU-Campusnet', 'iotroam', 'iotroam'], 'signals': [-72, -74, -58, -56], 'timestamps': [1.783258148228866e+18, 1.783258148232866e+18, 1.783258148387866e+18, 1.78325814852869e+18], 'frequencies': [2412, 2412, 2437, 2462]}
12 12 1783258148759739542
{'names': ['NU-AP06167', 'NU-AP07183', 'NU-AP06164', 'NU-AP06163'], 'addresses': ['48:00:b3:5e:0b:e0', '48:00:b3:5f:70:22', '48:00:b3:5f:72:e0', '48:00:b3:5f:46:a0'], 'ssids': ['iotroam', 'VU-Campusnet', 'iotroam', 'iotroam'], 'signals': [-72, -74, -58, -56], 'timestamps': [1.783258148228866e+18, 1.783258148232866e+18, 1.783258148387866e+18, 1.7832581485287396e+18], 'frequencies': [2412, 2412, 2437, 2462]}
12 13 1783258148809149070
{'names': ['NU-AP06167', 'NU-AP07183', 'NU-AP06164', 'NU-AP06163'], 'addresses': ['48:00:b3:5e:0b:e0', '48:00:b3:5f:70:22', '48:00:b3:5f:72:e0', '48:00:b3:5f:46:a0'], 'ssids': ['iotroam', 'VU-Campusnet', 'iotroam', 'iotroam'], 'signals': [-72, -74, -58, -56], 'timestamps': [1.783258148228866e+18, 1.783258148232866e+18, 1.783258148387866e+18, 1.7832581485287396e+18], 'frequencies': [2412, 2412, 2437, 2462]}
12 14 1783258148859588028
{'names': ['NU-AP06167', 'NU-AP07183', 'NU-AP06164', 'NU-AP06163'], 'addresses': ['48:00:b3:5e:0b:e0', '48:00:b3:5f:70:22', '48:00:b3:5f:72:e0', '48:00:b3:5f:46:a0'], 'ssids': ['iotroam', 'VU-Campusnet', 'iotroam', 'iotroam'], 'signals': [-72, -74, -58, -56], 'timestamps': [1.783258148228866e+18, 1.783258148232866e+18, 1.783258148387866e+18, 1.7832581485287396e+18], 'frequencies': [2412, 2412, 2437, 2462]}
16 15 1783258148909103097
{'names': ['NU-AP06167', 'NU-AP07183', 'NU-AP06164', 'NU-AP06163'], 'addresses': ['48:00:b3:5e:0b:e0', '48:00:b3:5f:70:22', '48:00:b3:5f:72:e0', '48:00:b3:5f:46:a0'], 'ssids': ['iotroam', 'VU-Campusnet', 'iotroam', 'iotroam'], 'signals': [-72, -74, -58, -56], 'timestamps': [1.783258148229103e+18, 1.783258148233103e+18, 1.7832581483881032e+18, 1.783258148529103e+18], 'frequencies': [2412, 2412, 2437, 2462]}
16 16 1783258148960440919
{'names': ['NU-AP06167', 'NU-AP07183', 'NU-AP06164', 'NU-AP06163'], 'addresses': ['48:00:b3:5e:0b:e0', '48:00:b3:5f:70:22', '48:00:b3:5f:72:e0', '48:00:b3:5f:46:a0'], 'ssids': ['iotroam', 'VU-Campusnet', 'iotroam', 'iotroam'], 'signals': [-72, -74, -58, -56], 'timestamps': [1.783258148229103e+18, 1.783258148233103e+18, 1.7832581483881032e+18, 1.783258148529103e+18], 'frequencies': [2412, 2412, 2437, 2462]}
16 17 1783258149011552398
{'names': ['NU-AP06167', 'NU-AP07183', 'NU-AP06164', 'NU-AP06163'], 'addresses': ['48:00:b3:5e:0b:e0', '48:00:b3:5f:70:22', '48:00:b3:5f:72:e0', '48:00:b3:5f:46:a0'], 'ssids': ['iotroam', 'VU-Campusnet', 'iotroam', 'iotroam'], 'signals': [-72, -74, -58, -56], 'timestamps': [1.783258148229103e+18, 1.783258148233103e+18, 1.7832581483881032e+18, 1.783258148529103e+18], 'frequencies': [2412, 2412, 2437, 2462]}
16 18 1783258149061627306
{'names': ['NU-AP06167', 'NU-AP07183', 'NU-AP06164', 'NU-AP06163'], 'addresses': ['48:00:b3:5e:0b:e0', '48:00:b3:5f:70:22', '48:00:b3:5f:72:e0', '48:00:b3:5f:46:a0'], 'ssids': ['iotroam', 'VU-Campusnet', 'iotroam', 'iotroam'], 'signals': [-72, -74, -58, -56], 'timestamps': [1.783258148229103e+18, 1.783258148233103e+18, 1.7832581483881032e+18, 1.783258148529103e+18], 'frequencies': [2412, 2412, 2437, 2462]}
20 19 1783258149112138267
{'names': ['NU-AP06167', 'NU-AP07183', 'NU-AP06164', 'NU-AP06163'], 'addresses': ['48:00:b3:5e:0b:e0', '48:00:b3:5f:70:22', '48:00:b3:5f:72:e0', '48:00:b3:5f:46:a0'], 'ssids': ['iotroam', 'VU-Campusnet', 'iotroam', 'iotroam'], 'signals': [-72, -74, -58, -56], 'timestamps': [1.7832581482291382e+18, 1.7832581482331382e+18, 1.7832581483881382e+18, 1.7832581485291382e+18], 'frequencies': [2412, 2412, 2437, 2462]}
24 20 1783258149165006903
{'names': ['NU-AP06167', 'NU-AP07183', 'NU-AP06164', 'NU-AP06163'], 'addresses': ['48:00:b3:5e:0b:e0', '48:00:b3:5f:70:22', '48:00:b3:5f:72:e0', '48:00:b3:5f:46:a0'], 'ssids': ['iotroam', 'VU-Campusnet', 'iotroam', 'iotroam'], 'signals': [-72, -74, -58, -56], 'timestamps': [1.7832581482300068e+18, 1.7832581482340068e+18, 1.7832581483890068e+18, 1.7832581485300068e+18], 'frequencies': [2412, 2412, 2437, 2462]}
24 21 1783258149217973753
{'names': ['NU-AP06167', 'NU-AP07183', 'NU-AP06164', 'NU-AP06163'], 'addresses': ['48:00:b3:5e:0b:e0', '48:00:b3:5f:70:22', '48:00:b3:5f:72:e0', '48:00:b3:5f:46:a0'], 'ssids': ['iotroam', 'VU-Campusnet', 'iotroam', 'iotroam'], 'signals': [-72, -74, -58, -56], 'timestamps': [1.7832581482300068e+18, 1.7832581482340068e+18, 1.7832581483890068e+18, 1.7832581485300068e+18], 'frequencies': [2412, 2412, 2437, 2462]}
24 22 1783258149267678810
{'names': ['NU-AP06167', 'NU-AP07183', 'NU-AP06164', 'NU-AP06163'], 'addresses': ['48:00:b3:5e:0b:e0', '48:00:b3:5f:70:22', '48:00:b3:5f:72:e0', '48:00:b3:5f:46:a0'], 'ssids': ['iotroam', 'VU-Campusnet', 'iotroam', 'iotroam'], 'signals': [-72, -74, -58, -56], 'timestamps': [1.7832581482300068e+18, 1.7832581482340068e+18, 1.7832581483890068e+18, 1.7832581485300068e+18], 'frequencies': [2412, 2412, 2437, 2462]}
24 23 1783258149318746696
{'names': ['NU-AP06167', 'NU-AP07183', 'NU-AP06164', 'NU-AP06163'], 'addresses': ['48:00:b3:5e:0b:e0', '48:00:b3:5f:70:22', '48:00:b3:5f:72:e0', '48:00:b3:5f:46:a0'], 'ssids': ['iotroam', 'VU-Campusnet', 'iotroam', 'iotroam'], 'signals': [-72, -74, -58, -56], 'timestamps': [1.7832581482300068e+18, 1.7832581482340068e+18, 1.7832581483890068e+18, 1.7832581485300068e+18], 'frequencies': [2412, 2412, 2437, 2462]}
24 24 1783258149368682578
{'names': ['NU-AP06167', 'NU-AP07183', 'NU-AP06164', 'NU-AP06163'], 'addresses': ['48:00:b3:5e:0b:e0', '48:00:b3:5f:70:22', '48:00:b3:5f:72:e0', '48:00:b3:5f:46:a0'], 'ssids': ['iotroam', 'VU-Campusnet', 'iotroam', 'iotroam'], 'signals': [-72, -74, -58, -56], 'timestamps': [1.7832581482300068e+18, 1.7832581482340068e+18, 1.7832581483890068e+18, 1.7832581485300068e+18], 'frequencies': [2412, 2412, 2437, 2462]}
24 25 1783258149419494310
{'names': ['NU-AP06167', 'NU-AP07183', 'NU-AP06164', 'NU-AP06163'], 'addresses': ['48:00:b3:5e:0b:e0', '48:00:b3:5f:70:22', '48:00:b3:5f:72:e0', '48:00:b3:5f:46:a0'], 'ssids': ['iotroam', 'VU-Campusnet', 'iotroam', 'iotroam'], 'signals': [-72, -74, -58, -56], 'timestamps': [1.7832581482300068e+18, 1.7832581482340068e+18, 1.7832581483890068e+18, 1.7832581485300068e+18], 'frequencies': [2412, 2412, 2437, 2462]}
28 26 1783258149522069595
{'names': ['NU-AP06167', 'NU-AP07183', 'NU-AP06164', 'NU-AP06163'], 'addresses': ['48:00:b3:5e:0b:e0', '48:00:b3:5f:70:22', '48:00:b3:5f:72:e0', '48:00:b3:5f:46:a0'], 'ssids': ['iotroam', 'VU-Campusnet', 'iotroam', 'iotroam'], 'signals': [-72, -74, -58, -56], 'timestamps': [1.7832581482320696e+18, 1.7832581482360694e+18, 1.7832581483910694e+18, 1.7832581485320694e+18], 'frequencies': [2412, 2412, 2437, 2462]}
28 27 1783258149596281574
{'names': ['NU-AP06167', 'NU-AP07183', 'NU-AP06164', 'NU-AP06163'], 'addresses': ['48:00:b3:5e:0b:e0', '48:00:b3:5f:70:22', '48:00:b3:5f:72:e0', '48:00:b3:5f:46:a0'], 'ssids': ['iotroam', 'VU-Campusnet', 'iotroam', 'iotroam'], 'signals': [-72, -74, -58, -56], 'timestamps': [1.7832581482320696e+18, 1.7832581482360694e+18, 1.7832581483910694e+18, 1.7832581485320694e+18], 'frequencies': [2412, 2412, 2437, 2462]}
28 28 1783258149646590664
{'names': ['NU-AP06167', 'NU-AP07183', 'NU-AP06164', 'NU-AP06163'], 'addresses': ['48:00:b3:5e:0b:e0', '48:00:b3:5f:70:22', '48:00:b3:5f:72:e0', '48:00:b3:5f:46:a0'], 'ssids': ['iotroam', 'VU-Campusnet', 'iotroam', 'iotroam'], 'signals': [-72, -74, -58, -56], 'timestamps': [1.7832581482320696e+18, 1.7832581482360694e+18, 1.7832581483910694e+18, 1.7832581485320694e+18], 'frequencies': [2412, 2412, 2437, 2462]}
28 29 1783258149697574632
{'names': ['NU-AP06167', 'NU-AP07183', 'NU-AP06164', 'NU-AP06163'], 'addresses': ['48:00:b3:5e:0b:e0', '48:00:b3:5f:70:22', '48:00:b3:5f:72:e0', '48:00:b3:5f:46:a0'], 'ssids': ['iotroam', 'VU-Campusnet', 'iotroam', 'iotroam'], 'signals': [-72, -74, -58, -56], 'timestamps': [1.7832581482320696e+18, 1.7832581482360694e+18, 1.7832581483910694e+18, 1.7832581485320694e+18], 'frequencies': [2412, 2412, 2437, 2462]}
28 30 1783258149746842238
{'names': ['NU-AP06167', 'NU-AP07183', 'NU-AP06164', 'NU-AP06163'], 'addresses': ['48:00:b3:5e:0b:e0', '48:00:b3:5f:70:22', '48:00:b3:5f:72:e0', '48:00:b3:5f:46:a0'], 'ssids': ['iotroam', 'VU-Campusnet', 'iotroam', 'iotroam'], 'signals': [-72, -74, -58, -56], 'timestamps': [1.7832581482320696e+18, 1.7832581482360694e+18, 1.7832581483910694e+18, 1.7832581485320694e+18], 'frequencies': [2412, 2412, 2437, 2462]}
28 31 1783258149796273112
{'names': ['NU-AP06167', 'NU-AP07183', 'NU-AP06164', 'NU-AP06163'], 'addresses': ['48:00:b3:5e:0b:e0', '48:00:b3:5f:70:22', '48:00:b3:5f:72:e0', '48:00:b3:5f:46:a0'], 'ssids': ['iotroam', 'VU-Campusnet', 'iotroam', 'iotroam'], 'signals': [-72, -74, -58, -56], 'timestamps': [1.7832581482320696e+18, 1.7832581482360694e+18, 1.7832581483910694e+18, 1.7832581485320694e+18], 'frequencies': [2412, 2412, 2437, 2462]}
28 32 1783258149845016822
{'names': ['NU-AP06167', 'NU-AP07183', 'NU-AP06164', 'NU-AP06163'], 'addresses': ['48:00:b3:5e:0b:e0', '48:00:b3:5f:70:22', '48:00:b3:5f:72:e0', '48:00:b3:5f:46:a0'], 'ssids': ['iotroam', 'VU-Campusnet', 'iotroam', 'iotroam'], 'signals': [-72, -74, -58, -56], 'timestamps': [1.7832581482320696e+18, 1.7832581482360694e+18, 1.7832581483910694e+18, 1.7832581485320694e+18], 'frequencies': [2412, 2412, 2437, 2462]}
28 34 1783258149895358859
{'names': ['NU-AP06167', 'NU-AP07183', 'NU-AP06164', 'NU-AP06163', 'NU-AP06162'], 'addresses': ['48:00:b3:5e:0b:e0', '48:00:b3:5f:70:22', '48:00:b3:5f:72:e0', '48:00:b3:5f:46:a0', '48:00:b3:5a:90:8d'], 'ssids': ['iotroam', 'VU-Campusnet', 'iotroam', 'iotroam', 'VU-Campusnet'], 'signals': [-72, -74, -58, -56, -73], 'timestamps': [1.7832581482320696e+18, 1.7832581482360694e+18, 1.7832581483910694e+18, 1.7832581485320694e+18, 1.783258149892359e+18], 'frequencies': [2412, 2412, 2437, 2462, 5320]}
28 36 1783258149953349892
{'names': ['NU-AP06167', 'NU-AP07183', 'NU-AP06164', 'NU-AP06163', 'NU-AP06162', 'NU-AP06163'], 'addresses': ['48:00:b3:5e:0b:e0', '48:00:b3:5f:70:22', '48:00:b3:5f:72:e0', '48:00:b3:5f:46:a0', '48:00:b3:5a:90:8d', '48:00:b3:5f:46:ae'], 'ssids': ['iotroam', 'VU-Campusnet', 'iotroam', 'iotroam', 'VU-Campusnet', 'eduroam'], 'signals': [-72, -74, -58, -56, -73, -62], 'timestamps': [1.7832581482320696e+18, 1.7832581482360694e+18, 1.7832581483910694e+18, 1.7832581485320694e+18, 1.78325814989335e+18, 1.78325814991735e+18], 'frequencies': [2412, 2412, 2437, 2462, 5320, 5500]}
28 38 1783258150011380139
{'names': ['NU-AP06167', 'NU-AP07183', 'NU-AP06164', 'NU-AP06163', 'NU-AP06162', 'NU-AP06163'], 'addresses': ['48:00:b3:5e:0b:e0', '48:00:b3:5f:70:22', '48:00:b3:5f:72:e0', '48:00:b3:5f:46:a0', '48:00:b3:5a:90:8d', '48:00:b3:5f:46:ae'], 'ssids': ['iotroam', 'VU-Campusnet', 'iotroam', 'iotroam', 'VU-Campusnet', 'eduroam'], 'signals': [-72, -74, -58, -56, -73, -62], 'timestamps': [1.7832581482320696e+18, 1.7832581482360694e+18, 1.7832581483910694e+18, 1.7832581485320694e+18, 1.78325814989338e+18, 1.78325814991738e+18], 'frequencies': [2412, 2412, 2437, 2462, 5320, 5500]}
28 39 1783258150125104484
{'names': ['NU-AP06167', 'NU-AP07183', 'NU-AP06164', 'NU-AP06163', 'NU-AP06162', 'NU-AP06163', 'NU-AP06164'], 'addresses': ['48:00:b3:5e:0b:e0', '48:00:b3:5f:70:22', '48:00:b3:5f:72:e0', '48:00:b3:5f:46:a0', '48:00:b3:5a:90:8d', '48:00:b3:5f:46:ae', '48:00:b3:5f:72:ed'], 'ssids': ['iotroam', 'VU-Campusnet', 'iotroam', 'iotroam', 'VU-Campusnet', 'eduroam', 'VU-Campusnet'], 'signals': [-72, -74, -58, -56, -73, -62, -65], 'timestamps': [1.7832581482320696e+18, 1.7832581482360694e+18, 1.7832581483910694e+18, 1.7832581485320694e+18, 1.78325814989338e+18, 1.78325814991738e+18, 1.7832581501011044e+18], 'frequencies': [2412, 2412, 2437, 2462, 5320, 5500, 5540]}
28 40 1783258150364293673
{'names': ['NU-AP06167', 'NU-AP07183', 'NU-AP06164', 'NU-AP06163', 'NU-AP06162', 'NU-AP06163', 'NU-AP06164'], 'addresses': ['48:00:b3:5e:0b:e0', '48:00:b3:5f:70:22', '48:00:b3:5f:72:e0', '48:00:b3:5f:46:a0', '48:00:b3:5a:90:8d', '48:00:b3:5f:46:ae', '48:00:b3:5f:72:ed'], 'ssids': ['iotroam', 'VU-Campusnet', 'iotroam', 'iotroam', 'VU-Campusnet', 'eduroam', 'VU-Campusnet'], 'signals': [-72, -74, -58, -56, -73, -62, -65], 'timestamps': [1.7832581482320696e+18, 1.7832581482360694e+18, 1.7832581483910694e+18, 1.7832581485320694e+18, 1.78325814989338e+18, 1.78325814991738e+18, 1.7832581501012936e+18], 'frequencies': [2412, 2412, 2437, 2462, 5320, 5500, 5540]}
28 41 1783258150426178981
{'names': ['NU-AP06167', 'NU-AP07183', 'NU-AP06164', 'NU-AP06163', 'NU-AP06162', 'NU-AP06163', 'NU-AP06164', 'NU-AP07183'], 'addresses': ['48:00:b3:5e:0b:e0', '48:00:b3:5f:70:22', '48:00:b3:5f:72:e0', '48:00:b3:5f:46:a0', '48:00:b3:5a:90:8d', '48:00:b3:5f:46:ae', '48:00:b3:5f:72:ed', '48:00:b3:5f:70:2f'], 'ssids': ['iotroam', 'VU-Campusnet', 'iotroam', 'iotroam', 'VU-Campusnet', 'eduroam', 'VU-Campusnet', 'iotroam'], 'signals': [-72, -74, -58, -56, -73, -62, -65, -80], 'timestamps': [1.7832581482320696e+18, 1.7832581482360694e+18, 1.7832581483910694e+18, 1.7832581485320694e+18, 1.78325814989338e+18, 1.78325814991738e+18, 1.7832581501012936e+18, 1.783258150367179e+18], 'frequencies': [2412, 2412, 2437, 2462, 5320, 5500, 5540, 5580]}
28 45 1783258150493993222
{'names': ['NU-AP06167', 'NU-AP07183', 'NU-AP06164', 'NU-AP06163', 'NU-AP06162', 'NU-AP06163', 'NU-AP06164', 'NU-AP07183'], 'addresses': ['48:00:b3:5e:0b:e0', '48:00:b3:5f:70:22', '48:00:b3:5f:72:e0', '48:00:b3:5f:46:a0', '48:00:b3:5a:90:8d', '48:00:b3:5f:46:ae', '48:00:b3:5f:72:ed', '48:00:b3:5f:70:2f'], 'ssids': ['iotroam', 'VU-Campusnet', 'iotroam', 'iotroam', 'VU-Campusnet', 'eduroam', 'VU-Campusnet', 'iotroam'], 'signals': [-72, -74, -58, -56, -73, -62, -65, -80], 'timestamps': [1.7832581482320696e+18, 1.7832581482360694e+18, 1.7832581483910694e+18, 1.7832581485320694e+18, 1.7832581498939932e+18, 1.7832581499179932e+18, 1.7832581501019932e+18, 1.7832581503679933e+18], 'frequencies': [2412, 2412, 2437, 2462, 5320, 5500, 5540, 5580]}
28 49 1783258151666137780
{'names': ['NU-AP06167', 'NU-AP07183', 'NU-AP06164', 'NU-AP06163', 'NU-AP06162', 'NU-AP06163', 'NU-AP06164', 'NU-AP07183'], 'addresses': ['48:00:b3:5e:0b:e0', '48:00:b3:5f:70:22', '48:00:b3:5f:72:e0', '48:00:b3:5f:46:a0', '48:00:b3:5a:90:8d', '48:00:b3:5f:46:ae', '48:00:b3:5f:72:ed', '48:00:b3:5f:70:2f'], 'ssids': ['iotroam', 'VU-Campusnet', 'iotroam', 'iotroam', 'VU-Campusnet', 'eduroam', 'VU-Campusnet', 'iotroam'], 'signals': [-72, -74, -58, -56, -73, -62, -65, -80], 'timestamps': [1.7832581482320696e+18, 1.7832581482360694e+18, 1.7832581483910694e+18, 1.7832581485320694e+18, 1.7832581498941379e+18, 1.7832581499181379e+18, 1.7832581501021379e+18, 1.7832581503681377e+18], 'frequencies': [2412, 2412, 2437, 2462, 5320, 5500, 5540, 5580]}
29 49 1783258152421500756
{'names': ['NU-AP06167', 'NU-AP07183', 'NU-AP06164', 'NU-AP06163', 'NU-AP06162', 'NU-AP06163', 'NU-AP06164', 'NU-AP07183'], 'addresses': ['48:00:b3:5e:0b:e0', '48:00:b3:5f:70:22', '48:00:b3:5f:72:e0', '48:00:b3:5f:46:a0', '48:00:b3:5a:90:8d', '48:00:b3:5f:46:ae', '48:00:b3:5f:72:ed', '48:00:b3:5f:70:2f'], 'ssids': ['iotroam', 'VU-Campusnet', 'iotroam', 'iotroam', 'VU-Campusnet', 'eduroam', 'VU-Campusnet', 'iotroam'], 'signals': [-72, -74, -60, -56, -73, -62, -65, -80], 'timestamps': [1.7832581482320696e+18, 1.7832581482360694e+18, 1.7832581523775007e+18, 1.7832581485320694e+18, 1.7832581498941379e+18, 1.7832581499181379e+18, 1.7832581501021379e+18, 1.7832581503681377e+18], 'frequencies': [2412, 2412, 2437, 2462, 5320, 5500, 5540, 5580]}
30 49 1783258152550208803
{'names': ['NU-AP06167', 'NU-AP07183', 'NU-AP06164', 'NU-AP06163', 'NU-AP06162', 'NU-AP06163', 'NU-AP06164', 'NU-AP07183'], 'addresses': ['48:00:b3:5e:0b:e0', '48:00:b3:5f:70:22', '48:00:b3:5f:72:e0', '48:00:b3:5f:46:a0', '48:00:b3:5a:90:8d', '48:00:b3:5f:46:ae', '48:00:b3:5f:72:ed', '48:00:b3:5f:70:2f'], 'ssids': ['iotroam', 'VU-Campusnet', 'iotroam', 'iotroam', 'VU-Campusnet', 'eduroam', 'VU-Campusnet', 'iotroam'], 'signals': [-72, -74, -60, -56, -73, -62, -65, -80], 'timestamps': [1.7832581482320696e+18, 1.7832581482360694e+18, 1.7832581523775007e+18, 1.7832581525272087e+18, 1.7832581498941379e+18, 1.7832581499181379e+18, 1.7832581501021379e+18, 1.7832581503681377e+18], 'frequencies': [2412, 2412, 2437, 2462, 5320, 5500, 5540, 5580]}
32 49 1783258152614945972
{'names': ['NU-AP06167', 'NU-AP07183', 'NU-AP06164', 'NU-AP06163', 'NU-AP06162', 'NU-AP06163', 'NU-AP06164', 'NU-AP07183'], 'addresses': ['48:00:b3:5e:0b:e0', '48:00:b3:5f:70:22', '48:00:b3:5f:72:e0', '48:00:b3:5f:46:a0', '48:00:b3:5a:90:8d', '48:00:b3:5f:46:ae', '48:00:b3:5f:72:ed', '48:00:b3:5f:70:2f'], 'ssids': ['iotroam', 'VU-Campusnet', 'iotroam', 'iotroam', 'VU-Campusnet', 'eduroam', 'VU-Campusnet', 'iotroam'], 'signals': [-72, -74, -60, -56, -73, -62, -65, -80], 'timestamps': [1.7832581482320696e+18, 1.7832581482360694e+18, 1.783258152377946e+18, 1.783258152527946e+18, 1.7832581498941379e+18, 1.7832581499181379e+18, 1.7832581501021379e+18, 1.7832581503681377e+18], 'frequencies': [2412, 2412, 2437, 2462, 5320, 5500, 5540, 5580]}
34 49 1783258152682037613
{'names': ['NU-AP06167', 'NU-AP07183', 'NU-AP06164', 'NU-AP06163', 'NU-AP06162', 'NU-AP06163', 'NU-AP06164', 'NU-AP07183'], 'addresses': ['48:00:b3:5e:0b:e0', '48:00:b3:5f:70:22', '48:00:b3:5f:72:e0', '48:00:b3:5f:46:a0', '48:00:b3:5a:90:8d', '48:00:b3:5f:46:ae', '48:00:b3:5f:72:ed', '48:00:b3:5f:70:2f'], 'ssids': ['iotroam', 'VU-Campusnet', 'iotroam', 'iotroam', 'VU-Campusnet', 'eduroam', 'VU-Campusnet', 'iotroam'], 'signals': [-72, -74, -60, -56, -73, -62, -65, -80], 'timestamps': [1.7832581482320696e+18, 1.7832581482360694e+18, 1.7832581523780375e+18, 1.7832581525280374e+18, 1.7832581498941379e+18, 1.7832581499181379e+18, 1.7832581501021379e+18, 1.7832581503681377e+18], 'frequencies': [2412, 2412, 2437, 2462, 5320, 5500, 5540, 5580]}
36 53 1783258152749337347
{'names': ['NU-AP06167', 'NU-AP07183', 'NU-AP06164', 'NU-AP06163', 'NU-AP06162', 'NU-AP06163', 'NU-AP06164', 'NU-AP07183'], 'addresses': ['48:00:b3:5e:0b:e0', '48:00:b3:5f:70:22', '48:00:b3:5f:72:e0', '48:00:b3:5f:46:a0', '48:00:b3:5a:90:8d', '48:00:b3:5f:46:ae', '48:00:b3:5f:72:ed', '48:00:b3:5f:70:2f'], 'ssids': ['iotroam', 'VU-Campusnet', 'iotroam', 'iotroam', 'VU-Campusnet', 'eduroam', 'VU-Campusnet', 'iotroam'], 'signals': [-72, -74, -60, -56, -73, -62, -65, -80], 'timestamps': [1.7832581482320696e+18, 1.7832581482360694e+18, 1.7832581523783373e+18, 1.7832581525283374e+18, 1.7832581498943373e+18, 1.7832581499183373e+18, 1.7832581501023373e+18, 1.7832581503683374e+18], 'frequencies': [2412, 2412, 2437, 2462, 5320, 5500, 5540, 5580]}
36 55 1783258153944057440
{'names': ['NU-AP06167', 'NU-AP07183', 'NU-AP06164', 'NU-AP06163', 'NU-AP06162', 'NU-AP06163', 'NU-AP06164', 'NU-AP07183'], 'addresses': ['48:00:b3:5e:0b:e0', '48:00:b3:5f:70:22', '48:00:b3:5f:72:e0', '48:00:b3:5f:46:a0', '48:00:b3:5a:90:8f', '48:00:b3:5f:46:ae', '48:00:b3:5f:72:ed', '48:00:b3:5f:70:2f'], 'ssids': ['iotroam', 'VU-Campusnet', 'iotroam', 'iotroam', 'iotroam', 'eduroam', 'VU-Campusnet', 'iotroam'], 'signals': [-72, -74, -60, -56, -74, -61, -65, -80], 'timestamps': [1.7832581482320696e+18, 1.7832581482360694e+18, 1.7832581523783373e+18, 1.7832581525283374e+18, 1.7832581538870574e+18, 1.7832581539120573e+18, 1.7832581501023373e+18, 1.7832581503683374e+18], 'frequencies': [2412, 2412, 2437, 2462, 5320, 5500, 5540, 5580]}
36 56 1783258154136226976
{'names': ['NU-AP06167', 'NU-AP07183', 'NU-AP06164', 'NU-AP06163', 'NU-AP06162', 'NU-AP06163', 'NU-AP06164', 'NU-AP07183'], 'addresses': ['48:00:b3:5e:0b:e0', '48:00:b3:5f:70:22', '48:00:b3:5f:72:e0', '48:00:b3:5f:46:a0', '48:00:b3:5a:90:8f', '48:00:b3:5f:46:ae', '48:00:b3:5f:72:ef', '48:00:b3:5f:70:2f'], 'ssids': ['iotroam', 'VU-Campusnet', 'iotroam', 'iotroam', 'iotroam', 'eduroam', 'iotroam', 'iotroam'], 'signals': [-72, -74, -60, -56, -74, -61, -65, -80], 'timestamps': [1.7832581482320696e+18, 1.7832581482360694e+18, 1.7832581523783373e+18, 1.7832581525283374e+18, 1.7832581538870574e+18, 1.7832581539120573e+18, 1.783258154094227e+18, 1.7832581503683374e+18], 'frequencies': [2412, 2412, 2437, 2462, 5320, 5500, 5540, 5580]}
36 57 1783258154202312520
{'names': ['NU-AP06167', 'NU-AP07183', 'NU-AP06164', 'NU-AP06163', 'NU-AP06162', 'NU-AP06163', 'NU-AP06164', 'NU-AP07183'], 'addresses': ['48:00:b3:5e:0b:e0', '48:00:b3:5f:70:22', '48:00:b3:5f:72:e0', '48:00:b3:5f:46:a0', '48:00:b3:5a:90:8f', '48:00:b3:5f:46:ae', '48:00:b3:5f:72:ef', '48:00:b3:5f:70:2f'], 'ssids': ['iotroam', 'VU-Campusnet', 'iotroam', 'iotroam', 'iotroam', 'eduroam', 'iotroam', 'iotroam'], 'signals': [-72, -74, -60, -56, -74, -61, -65, -80], 'timestamps': [1.7832581482320696e+18, 1.7832581482360694e+18, 1.7832581523783373e+18, 1.7832581525283374e+18, 1.7832581538870574e+18, 1.7832581539120573e+18, 1.7832581540943124e+18, 1.7832581503683374e+18], 'frequencies': [2412, 2412, 2437, 2462, 5320, 5500, 5540, 5580]}
36 58 1783258154269005505
{'names': ['NU-AP06164', 'NU-AP06163', 'NU-AP06162', 'NU-AP06163', 'NU-AP06164', 'NU-AP07183'], 'addresses': ['48:00:b3:5f:72:e0', '48:00:b3:5f:46:a0', '48:00:b3:5a:90:8f', '48:00:b3:5f:46:ae', '48:00:b3:5f:72:ef', '48:00:b3:5f:70:2f'], 'ssids': ['iotroam', 'iotroam', 'iotroam', 'eduroam', 'iotroam', 'iotroam'], 'signals': [-60, -56, -74, -61, -65, -80], 'timestamps': [1.7832581523783373e+18, 1.7832581525283374e+18, 1.7832581538870574e+18, 1.7832581539120573e+18, 1.7832581540950057e+18, 1.7832581503683374e+18], 'frequencies': [2437, 2462, 5320, 5500, 5540, 5580]}
38 58 1783258154337099245
{'names': ['NU-AP06164', 'NU-AP06163', 'NU-AP06162', 'NU-AP06163', 'NU-AP06164', 'NU-AP07183'], 'addresses': ['48:00:b3:5f:72:e0', '48:00:b3:5f:46:a0', '48:00:b3:5a:90:8f', '48:00:b3:5f:46:ae', '48:00:b3:5f:72:ef', '48:00:b3:5f:70:2f'], 'ssids': ['iotroam', 'iotroam', 'iotroam', 'eduroam', 'iotroam', 'iotroam'], 'signals': [-60, -56, -74, -61, -65, -80], 'timestamps': [1.7832581523783373e+18, 1.7832581525283374e+18, 1.7832581538870574e+18, 1.7832581539120573e+18, 1.7832581540950057e+18, 1.7832581503683374e+18], 'frequencies': [2437, 2462, 5320, 5500, 5540, 5580]}
40 58 1783258154403024586
{'names': ['NU-AP06164', 'NU-AP06163', 'NU-AP06162', 'NU-AP06163', 'NU-AP06164', 'NU-AP07183'], 'addresses': ['48:00:b3:5f:72:e0', '48:00:b3:5f:46:a0', '48:00:b3:5a:90:8f', '48:00:b3:5f:46:ae', '48:00:b3:5f:72:ef', '48:00:b3:5f:70:2f'], 'ssids': ['iotroam', 'iotroam', 'iotroam', 'eduroam', 'iotroam', 'iotroam'], 'signals': [-60, -56, -74, -61, -65, -80], 'timestamps': [1.7832581523783373e+18, 1.7832581525283374e+18, 1.7832581538870574e+18, 1.7832581539120573e+18, 1.7832581540950057e+18, 1.7832581503683374e+18], 'frequencies': [2437, 2462, 5320, 5500, 5540, 5580]}
42 58 1783258154469953355
{'names': ['NU-AP06164', 'NU-AP06163', 'NU-AP06162', 'NU-AP06163', 'NU-AP06164', 'NU-AP07183'], 'addresses': ['48:00:b3:5f:72:e0', '48:00:b3:5f:46:a0', '48:00:b3:5a:90:8f', '48:00:b3:5f:46:ae', '48:00:b3:5f:72:ef', '48:00:b3:5f:70:2f'], 'ssids': ['iotroam', 'iotroam', 'iotroam', 'eduroam', 'iotroam', 'iotroam'], 'signals': [-60, -56, -74, -61, -65, -80], 'timestamps': [1.7832581523783373e+18, 1.7832581525283374e+18, 1.7832581538870574e+18, 1.7832581539120573e+18, 1.7832581540950057e+18, 1.7832581503683374e+18], 'frequencies': [2437, 2462, 5320, 5500, 5540, 5580]}
44 58 1783258154536427216
{'names': ['NU-AP06164', 'NU-AP06163', 'NU-AP06162', 'NU-AP06163', 'NU-AP06164', 'NU-AP07183'], 'addresses': ['48:00:b3:5f:72:e0', '48:00:b3:5f:46:a0', '48:00:b3:5a:90:8f', '48:00:b3:5f:46:ae', '48:00:b3:5f:72:ef', '48:00:b3:5f:70:2f'], 'ssids': ['iotroam', 'iotroam', 'iotroam', 'eduroam', 'iotroam', 'iotroam'], 'signals': [-60, -56, -74, -61, -65, -80], 'timestamps': [1.7832581523783373e+18, 1.7832581525283374e+18, 1.7832581538870574e+18, 1.7832581539120573e+18, 1.7832581540950057e+18, 1.7832581503683374e+18], 'frequencies': [2437, 2462, 5320, 5500, 5540, 5580]}
46 58 1783258154605019900
{'names': ['NU-AP06164', 'NU-AP06163', 'NU-AP06162', 'NU-AP06163', 'NU-AP06164', 'NU-AP07183'], 'addresses': ['48:00:b3:5f:72:e0', '48:00:b3:5f:46:a0', '48:00:b3:5a:90:8f', '48:00:b3:5f:46:ae', '48:00:b3:5f:72:ef', '48:00:b3:5f:70:2f'], 'ssids': ['iotroam', 'iotroam', 'iotroam', 'eduroam', 'iotroam', 'iotroam'], 'signals': [-60, -56, -74, -61, -65, -80], 'timestamps': [1.7832581523783373e+18, 1.7832581525283374e+18, 1.7832581538870574e+18, 1.7832581539120573e+18, 1.7832581540950057e+18, 1.7832581503683374e+18], 'frequencies': [2437, 2462, 5320, 5500, 5540, 5580]}
48 58 1783258154672397352
{'names': ['NU-AP06164', 'NU-AP06163', 'NU-AP06162', 'NU-AP06163', 'NU-AP06164', 'NU-AP07183'], 'addresses': ['48:00:b3:5f:72:e0', '48:00:b3:5f:46:a0', '48:00:b3:5a:90:8f', '48:00:b3:5f:46:ae', '48:00:b3:5f:72:ef', '48:00:b3:5f:70:2f'], 'ssids': ['iotroam', 'iotroam', 'iotroam', 'eduroam', 'iotroam', 'iotroam'], 'signals': [-60, -56, -74, -61, -65, -80], 'timestamps': [1.7832581523783373e+18, 1.7832581525283374e+18, 1.7832581538870574e+18, 1.7832581539120573e+18, 1.7832581540950057e+18, 1.7832581503683374e+18], 'frequencies': [2437, 2462, 5320, 5500, 5540, 5580]}
50 58 1783258154740227021
{'names': ['NU-AP06164', 'NU-AP06163', 'NU-AP06162', 'NU-AP06163', 'NU-AP06164', 'NU-AP07183'], 'addresses': ['48:00:b3:5f:72:e0', '48:00:b3:5f:46:a0', '48:00:b3:5a:90:8f', '48:00:b3:5f:46:ae', '48:00:b3:5f:72:ef', '48:00:b3:5f:70:2f'], 'ssids': ['iotroam', 'iotroam', 'iotroam', 'eduroam', 'iotroam', 'iotroam'], 'signals': [-60, -56, -74, -61, -65, -80], 'timestamps': [1.7832581523783373e+18, 1.7832581525283374e+18, 1.7832581538870574e+18, 1.7832581539120573e+18, 1.7832581540950057e+18, 1.7832581503683374e+18], 'frequencies': [2437, 2462, 5320, 5500, 5540, 5580]}
52 58 1783258154807456803
{'names': ['NU-AP06164', 'NU-AP06163', 'NU-AP06162', 'NU-AP06163', 'NU-AP06164', 'NU-AP07183'], 'addresses': ['48:00:b3:5f:72:e0', '48:00:b3:5f:46:a0', '48:00:b3:5a:90:8f', '48:00:b3:5f:46:ae', '48:00:b3:5f:72:ef', '48:00:b3:5f:70:2f'], 'ssids': ['iotroam', 'iotroam', 'iotroam', 'eduroam', 'iotroam', 'iotroam'], 'signals': [-60, -56, -74, -61, -65, -80], 'timestamps': [1.7832581523783373e+18, 1.7832581525283374e+18, 1.7832581538870574e+18, 1.7832581539120573e+18, 1.7832581540950057e+18, 1.7832581503683374e+18], 'frequencies': [2437, 2462, 5320, 5500, 5540, 5580]}
54 59 1783258154875968032
{'names': ['NU-AP06164', 'NU-AP06163', 'NU-AP06162', 'NU-AP06163', 'NU-AP06164', 'NU-AP07183', 'NU-AP06167'], 'addresses': ['48:00:b3:5f:72:e0', '48:00:b3:5f:46:a0', '48:00:b3:5a:90:8f', '48:00:b3:5f:46:ae', '48:00:b3:5f:72:ef', '48:00:b3:5f:70:2f', '48:00:b3:5e:0b:ed'], 'ssids': ['iotroam', 'iotroam', 'iotroam', 'eduroam', 'iotroam', 'iotroam', 'VU-Campusnet'], 'signals': [-60, -56, -74, -61, -65, -80, -78], 'timestamps': [1.7832581523783373e+18, 1.7832581525283374e+18, 1.7832581538870574e+18, 1.7832581539120573e+18, 1.7832581540950057e+18, 1.7832581503683374e+18, 1.783258154811968e+18], 'frequencies': [2437, 2462, 5320, 5500, 5540, 5580, 5660]}
58 64 1783258154949754968
{'names': ['NU-AP06164', 'NU-AP06163', 'NU-AP06162', 'NU-AP06163', 'NU-AP06164', 'NU-AP07183', 'NU-AP06167'], 'addresses': ['48:00:b3:5f:72:e0', '48:00:b3:5f:46:a0', '48:00:b3:5a:90:8f', '48:00:b3:5f:46:ae', '48:00:b3:5f:72:ef', '48:00:b3:5f:70:2f', '48:00:b3:5e:0b:ed'], 'ssids': ['iotroam', 'iotroam', 'iotroam', 'eduroam', 'iotroam', 'iotroam', 'VU-Campusnet'], 'signals': [-60, -56, -74, -61, -65, -80, -78], 'timestamps': [1.7832581523787548e+18, 1.783258152528755e+18, 1.7832581538877548e+18, 1.783258153912755e+18, 1.7832581540957548e+18, 1.783258150368755e+18, 1.783258154812755e+18], 'frequencies': [2437, 2462, 5320, 5500, 5540, 5580, 5660]}
60 64 1783258155021627037
{'names': ['NU-AP06164', 'NU-AP06163', 'NU-AP06162', 'NU-AP06163', 'NU-AP06164', 'NU-AP07183', 'NU-AP06167'], 'addresses': ['48:00:b3:5f:72:e0', '48:00:b3:5f:46:a0', '48:00:b3:5a:90:8f', '48:00:b3:5f:46:ae', '48:00:b3:5f:72:ef', '48:00:b3:5f:70:2f', '48:00:b3:5e:0b:ed'], 'ssids': ['iotroam', 'iotroam', 'iotroam', 'eduroam', 'iotroam', 'iotroam', 'VU-Campusnet'], 'signals': [-60, -56, -74, -61, -65, -80, -78], 'timestamps': [1.7832581523787548e+18, 1.783258152528755e+18, 1.7832581538877548e+18, 1.783258153912755e+18, 1.7832581540957548e+18, 1.783258150368755e+18, 1.783258154812755e+18], 'frequencies': [2437, 2462, 5320, 5500, 5540, 5580, 5660]}
62 64 1783258155092196397
{'names': ['NU-AP06164', 'NU-AP06163', 'NU-AP06162', 'NU-AP06163', 'NU-AP06164', 'NU-AP07183', 'NU-AP06167'], 'addresses': ['48:00:b3:5f:72:e0', '48:00:b3:5f:46:a0', '48:00:b3:5a:90:8f', '48:00:b3:5f:46:ae', '48:00:b3:5f:72:ef', '48:00:b3:5f:70:2f', '48:00:b3:5e:0b:ed'], 'ssids': ['iotroam', 'iotroam', 'iotroam', 'eduroam', 'iotroam', 'iotroam', 'VU-Campusnet'], 'signals': [-60, -56, -74, -61, -65, -80, -78], 'timestamps': [1.7832581523787548e+18, 1.783258152528755e+18, 1.7832581538877548e+18, 1.783258153912755e+18, 1.7832581540957548e+18, 1.783258150368755e+18, 1.783258154812755e+18], 'frequencies': [2437, 2462, 5320, 5500, 5540, 5580, 5660]}
64 64 1783258155165386633
{'names': ['NU-AP06164', 'NU-AP06163', 'NU-AP06162', 'NU-AP06163', 'NU-AP06164', 'NU-AP07183', 'NU-AP06167'], 'addresses': ['48:00:b3:5f:72:e0', '48:00:b3:5f:46:a0', '48:00:b3:5a:90:8f', '48:00:b3:5f:46:ae', '48:00:b3:5f:72:ef', '48:00:b3:5f:70:2f', '48:00:b3:5e:0b:ed'], 'ssids': ['iotroam', 'iotroam', 'iotroam', 'eduroam', 'iotroam', 'iotroam', 'VU-Campusnet'], 'signals': [-60, -56, -74, -61, -65, -80, -78], 'timestamps': [1.7832581523787548e+18, 1.783258152528755e+18, 1.7832581538877548e+18, 1.783258153912755e+18, 1.7832581540957548e+18, 1.783258150368755e+18, 1.783258154812755e+18], 'frequencies': [2437, 2462, 5320, 5500, 5540, 5580, 5660]}
66 64 1783258155236252372
{'names': ['NU-AP06164', 'NU-AP06163', 'NU-AP06162', 'NU-AP06163', 'NU-AP06164', 'NU-AP07183', 'NU-AP06167'], 'addresses': ['48:00:b3:5f:72:e0', '48:00:b3:5f:46:a0', '48:00:b3:5a:90:8f', '48:00:b3:5f:46:ae', '48:00:b3:5f:72:ef', '48:00:b3:5f:70:2f', '48:00:b3:5e:0b:ed'], 'ssids': ['iotroam', 'iotroam', 'iotroam', 'eduroam', 'iotroam', 'iotroam', 'VU-Campusnet'], 'signals': [-60, -56, -74, -61, -65, -80, -78], 'timestamps': [1.7832581523787548e+18, 1.783258152528755e+18, 1.7832581538877548e+18, 1.783258153912755e+18, 1.7832581540957548e+18, 1.783258150368755e+18, 1.783258154812755e+18], 'frequencies': [2437, 2462, 5320, 5500, 5540, 5580, 5660]}
68 64 1783258155307322416
{'names': ['NU-AP06164', 'NU-AP06163', 'NU-AP06162', 'NU-AP06163', 'NU-AP06164', 'NU-AP07183', 'NU-AP06167'], 'addresses': ['48:00:b3:5f:72:e0', '48:00:b3:5f:46:a0', '48:00:b3:5a:90:8f', '48:00:b3:5f:46:ae', '48:00:b3:5f:72:ef', '48:00:b3:5f:70:2f', '48:00:b3:5e:0b:ed'], 'ssids': ['iotroam', 'iotroam', 'iotroam', 'eduroam', 'iotroam', 'iotroam', 'VU-Campusnet'], 'signals': [-60, -56, -74, -61, -65, -80, -78], 'timestamps': [1.7832581523787548e+18, 1.783258152528755e+18, 1.7832581538877548e+18, 1.783258153912755e+18, 1.7832581540957548e+18, 1.783258150368755e+18, 1.783258154812755e+18], 'frequencies': [2437, 2462, 5320, 5500, 5540, 5580, 5660]}
70 64 1783258155379622422
{'names': ['NU-AP06164', 'NU-AP06163', 'NU-AP06162', 'NU-AP06163', 'NU-AP06164', 'NU-AP07183', 'NU-AP06167'], 'addresses': ['48:00:b3:5f:72:e0', '48:00:b3:5f:46:a0', '48:00:b3:5a:90:8f', '48:00:b3:5f:46:ae', '48:00:b3:5f:72:ef', '48:00:b3:5f:70:2f', '48:00:b3:5e:0b:ed'], 'ssids': ['iotroam', 'iotroam', 'iotroam', 'eduroam', 'iotroam', 'iotroam', 'VU-Campusnet'], 'signals': [-60, -56, -74, -61, -65, -80, -78], 'timestamps': [1.7832581523787548e+18, 1.783258152528755e+18, 1.7832581538877548e+18, 1.783258153912755e+18, 1.7832581540957548e+18, 1.783258150368755e+18, 1.783258154812755e+18], 'frequencies': [2437, 2462, 5320, 5500, 5540, 5580, 5660]}
72 64 1783258155451566254
{'names': ['NU-AP06164', 'NU-AP06163', 'NU-AP06162', 'NU-AP06163', 'NU-AP06164', 'NU-AP07183', 'NU-AP06167'], 'addresses': ['48:00:b3:5f:72:e0', '48:00:b3:5f:46:a0', '48:00:b3:5a:90:8f', '48:00:b3:5f:46:ae', '48:00:b3:5f:72:ef', '48:00:b3:5f:70:2f', '48:00:b3:5e:0b:ed'], 'ssids': ['iotroam', 'iotroam', 'iotroam', 'eduroam', 'iotroam', 'iotroam', 'VU-Campusnet'], 'signals': [-60, -56, -74, -61, -65, -80, -78], 'timestamps': [1.7832581523787548e+18, 1.783258152528755e+18, 1.7832581538877548e+18, 1.783258153912755e+18, 1.7832581540957548e+18, 1.783258150368755e+18, 1.783258154812755e+18], 'frequencies': [2437, 2462, 5320, 5500, 5540, 5580, 5660]}
74 64 1783258155523123392
{'names': ['NU-AP06164', 'NU-AP06163', 'NU-AP06162', 'NU-AP06163', 'NU-AP06164', 'NU-AP07183', 'NU-AP06167'], 'addresses': ['48:00:b3:5f:72:e0', '48:00:b3:5f:46:a0', '48:00:b3:5a:90:8f', '48:00:b3:5f:46:ae', '48:00:b3:5f:72:ef', '48:00:b3:5f:70:2f', '48:00:b3:5e:0b:ed'], 'ssids': ['iotroam', 'iotroam', 'iotroam', 'eduroam', 'iotroam', 'iotroam', 'VU-Campusnet'], 'signals': [-60, -56, -74, -61, -65, -80, -78], 'timestamps': [1.7832581523787548e+18, 1.783258152528755e+18, 1.7832581538877548e+18, 1.783258153912755e+18, 1.7832581540957548e+18, 1.783258150368755e+18, 1.783258154812755e+18], 'frequencies': [2437, 2462, 5320, 5500, 5540, 5580, 5660]}
76 64 1783258155595353650
{'names': ['NU-AP06164', 'NU-AP06163', 'NU-AP06162', 'NU-AP06163', 'NU-AP06164', 'NU-AP07183', 'NU-AP06167'], 'addresses': ['48:00:b3:5f:72:e0', '48:00:b3:5f:46:a0', '48:00:b3:5a:90:8f', '48:00:b3:5f:46:ae', '48:00:b3:5f:72:ef', '48:00:b3:5f:70:2f', '48:00:b3:5e:0b:ed'], 'ssids': ['iotroam', 'iotroam', 'iotroam', 'eduroam', 'iotroam', 'iotroam', 'VU-Campusnet'], 'signals': [-60, -56, -74, -61, -65, -80, -78], 'timestamps': [1.7832581523787548e+18, 1.783258152528755e+18, 1.7832581538877548e+18, 1.783258153912755e+18, 1.7832581540957548e+18, 1.783258150368755e+18, 1.783258154812755e+18], 'frequencies': [2437, 2462, 5320, 5500, 5540, 5580, 5660]}
78 64 1783258155669411146
{'names': ['NU-AP06164', 'NU-AP06163', 'NU-AP06162', 'NU-AP06163', 'NU-AP06164', 'NU-AP07183', 'NU-AP06167'], 'addresses': ['48:00:b3:5f:72:e0', '48:00:b3:5f:46:a0', '48:00:b3:5a:90:8f', '48:00:b3:5f:46:ae', '48:00:b3:5f:72:ef', '48:00:b3:5f:70:2f', '48:00:b3:5e:0b:ed'], 'ssids': ['iotroam', 'iotroam', 'iotroam', 'eduroam', 'iotroam', 'iotroam', 'VU-Campusnet'], 'signals': [-60, -56, -74, -61, -65, -80, -78], 'timestamps': [1.7832581523787548e+18, 1.783258152528755e+18, 1.7832581538877548e+18, 1.783258153912755e+18, 1.7832581540957548e+18, 1.783258150368755e+18, 1.783258154812755e+18], 'frequencies': [2437, 2462, 5320, 5500, 5540, 5580, 5660]}
80 64 1783258155740360324
{'names': ['NU-AP06164', 'NU-AP06163', 'NU-AP06162', 'NU-AP06163', 'NU-AP06164', 'NU-AP07183', 'NU-AP06167'], 'addresses': ['48:00:b3:5f:72:e0', '48:00:b3:5f:46:a0', '48:00:b3:5a:90:8f', '48:00:b3:5f:46:ae', '48:00:b3:5f:72:ef', '48:00:b3:5f:70:2f', '48:00:b3:5e:0b:ed'], 'ssids': ['iotroam', 'iotroam', 'iotroam', 'eduroam', 'iotroam', 'iotroam', 'VU-Campusnet'], 'signals': [-60, -56, -74, -61, -65, -80, -78], 'timestamps': [1.7832581523787548e+18, 1.783258152528755e+18, 1.7832581538877548e+18, 1.783258153912755e+18, 1.7832581540957548e+18, 1.783258150368755e+18, 1.783258154812755e+18], 'frequencies': [2437, 2462, 5320, 5500, 5540, 5580, 5660]}
82 64 1783258155811231905
{'names': ['NU-AP06164', 'NU-AP06163', 'NU-AP06162', 'NU-AP06163', 'NU-AP06164', 'NU-AP07183', 'NU-AP06167'], 'addresses': ['48:00:b3:5f:72:e0', '48:00:b3:5f:46:a0', '48:00:b3:5a:90:8f', '48:00:b3:5f:46:ae', '48:00:b3:5f:72:ef', '48:00:b3:5f:70:2f', '48:00:b3:5e:0b:ed'], 'ssids': ['iotroam', 'iotroam', 'iotroam', 'eduroam', 'iotroam', 'iotroam', 'VU-Campusnet'], 'signals': [-60, -56, -74, -61, -65, -80, -78], 'timestamps': [1.7832581523787548e+18, 1.783258152528755e+18, 1.7832581538877548e+18, 1.783258153912755e+18, 1.7832581540957548e+18, 1.783258150368755e+18, 1.783258154812755e+18], 'frequencies': [2437, 2462, 5320, 5500, 5540, 5580, 5660]}
84 64 1783258155882812267
{'names': ['NU-AP06164', 'NU-AP06163', 'NU-AP06162', 'NU-AP06163', 'NU-AP06164', 'NU-AP07183', 'NU-AP06167'], 'addresses': ['48:00:b3:5f:72:e0', '48:00:b3:5f:46:a0', '48:00:b3:5a:90:8f', '48:00:b3:5f:46:ae', '48:00:b3:5f:72:ef', '48:00:b3:5f:70:2f', '48:00:b3:5e:0b:ed'], 'ssids': ['iotroam', 'iotroam', 'iotroam', 'eduroam', 'iotroam', 'iotroam', 'VU-Campusnet'], 'signals': [-60, -56, -74, -61, -65, -80, -78], 'timestamps': [1.7832581523787548e+18, 1.783258152528755e+18, 1.7832581538877548e+18, 1.783258153912755e+18, 1.7832581540957548e+18, 1.783258150368755e+18, 1.783258154812755e+18], 'frequencies': [2437, 2462, 5320, 5500, 5540, 5580, 5660]}
86 64 1783258155955330300
{'names': ['NU-AP06164', 'NU-AP06163', 'NU-AP06162', 'NU-AP06163', 'NU-AP06164', 'NU-AP07183', 'NU-AP06167'], 'addresses': ['48:00:b3:5f:72:e0', '48:00:b3:5f:46:a0', '48:00:b3:5a:90:8f', '48:00:b3:5f:46:ae', '48:00:b3:5f:72:ef', '48:00:b3:5f:70:2f', '48:00:b3:5e:0b:ed'], 'ssids': ['iotroam', 'iotroam', 'iotroam', 'eduroam', 'iotroam', 'iotroam', 'VU-Campusnet'], 'signals': [-60, -56, -74, -61, -65, -80, -78], 'timestamps': [1.7832581523787548e+18, 1.783258152528755e+18, 1.7832581538877548e+18, 1.783258153912755e+18, 1.7832581540957548e+18, 1.783258150368755e+18, 1.783258154812755e+18], 'frequencies': [2437, 2462, 5320, 5500, 5540, 5580, 5660]}
88 64 1783258156032733848
{'names': ['NU-AP06164', 'NU-AP06163', 'NU-AP06162', 'NU-AP06163', 'NU-AP06164', 'NU-AP07183', 'NU-AP06167', 'NU-AP07183', 'NU-AP06167'], 'addresses': ['48:00:b3:5f:72:e0', '48:00:b3:5f:46:a0', '48:00:b3:5a:90:8f', '48:00:b3:5f:46:ae', '48:00:b3:5f:72:ef', '48:00:b3:5f:70:2f', '48:00:b3:5e:0b:ed', '48:00:b3:5f:70:22', '48:00:b3:5e:0b:e0'], 'ssids': ['iotroam', 'iotroam', 'iotroam', 'eduroam', 'iotroam', 'iotroam', 'VU-Campusnet', 'VU-Campusnet', 'iotroam'], 'signals': [-60, -56, -74, -61, -65, -80, -78, -75, -71], 'timestamps': [1.7832581523787548e+18, 1.783258152528755e+18, 1.7832581538877548e+18, 1.783258153912755e+18, 1.7832581540957548e+18, 1.783258150368755e+18, 1.783258154812755e+18, 1.7832581560307338e+18, 1.783258156023734e+18], 'frequencies': [2437, 2462, 5320, 5500, 5540, 5580, 5660, 2412, 2412]}
90 64 1783258156100999692
{'names': ['NU-AP06164', 'NU-AP06163', 'NU-AP06162', 'NU-AP06163', 'NU-AP06164', 'NU-AP07183', 'NU-AP06167', 'NU-AP07183', 'NU-AP06167'], 'addresses': ['48:00:b3:5f:72:e0', '48:00:b3:5f:46:a0', '48:00:b3:5a:90:8f', '48:00:b3:5f:46:ae', '48:00:b3:5f:72:ef', '48:00:b3:5f:70:2f', '48:00:b3:5e:0b:ed', '48:00:b3:5f:70:22', '48:00:b3:5e:0b:e0'], 'ssids': ['iotroam', 'iotroam', 'iotroam', 'eduroam', 'iotroam', 'iotroam', 'VU-Campusnet', 'VU-Campusnet', 'iotroam'], 'signals': [-60, -56, -74, -61, -65, -80, -78, -75, -71], 'timestamps': [1.7832581523787548e+18, 1.783258152528755e+18, 1.7832581538877548e+18, 1.783258153912755e+18, 1.7832581540957548e+18, 1.783258150368755e+18, 1.783258154812755e+18, 1.7832581560309996e+18, 1.7832581560239997e+18], 'frequencies': [2437, 2462, 5320, 5500, 5540, 5580, 5660, 2412, 2412]}
91 64 1783258156231237521
{'names': ['NU-AP06164', 'NU-AP06163', 'NU-AP06162', 'NU-AP06163', 'NU-AP06164', 'NU-AP07183', 'NU-AP06167', 'NU-AP07183', 'NU-AP06167'], 'addresses': ['48:00:b3:5f:72:e0', '48:00:b3:5f:46:a0', '48:00:b3:5a:90:8f', '48:00:b3:5f:46:ae', '48:00:b3:5f:72:ef', '48:00:b3:5f:70:2f', '48:00:b3:5e:0b:ed', '48:00:b3:5f:70:22', '48:00:b3:5e:0b:e0'], 'ssids': ['iotroam', 'iotroam', 'iotroam', 'eduroam', 'iotroam', 'iotroam', 'VU-Campusnet', 'VU-Campusnet', 'iotroam'], 'signals': [-59, -56, -74, -61, -65, -80, -78, -75, -71], 'timestamps': [1.7832581561912376e+18, 1.783258152528755e+18, 1.7832581538877548e+18, 1.783258153912755e+18, 1.7832581540957548e+18, 1.783258150368755e+18, 1.783258154812755e+18, 1.7832581560309996e+18, 1.7832581560239997e+18], 'frequencies': [2437, 2462, 5320, 5500, 5540, 5580, 5660, 2412, 2412]}
92 64 1783258156306849648
{'names': ['NU-AP06164', 'NU-AP06163', 'NU-AP06162', 'NU-AP06163', 'NU-AP06164', 'NU-AP07183', 'NU-AP06167', 'NU-AP07183', 'NU-AP06167'], 'addresses': ['48:00:b3:5f:72:e0', '48:00:b3:5f:46:a0', '48:00:b3:5a:90:8f', '48:00:b3:5f:46:ae', '48:00:b3:5f:72:ef', '48:00:b3:5f:70:2f', '48:00:b3:5e:0b:ed', '48:00:b3:5f:70:22', '48:00:b3:5e:0b:e0'], 'ssids': ['iotroam', 'iotroam', 'iotroam', 'eduroam', 'iotroam', 'iotroam', 'VU-Campusnet', 'VU-Campusnet', 'iotroam'], 'signals': [-59, -56, -74, -61, -65, -80, -78, -75, -71], 'timestamps': [1.7832581561918495e+18, 1.783258152528755e+18, 1.7832581538877548e+18, 1.783258153912755e+18, 1.7832581540957548e+18, 1.783258150368755e+18, 1.783258154812755e+18, 1.7832581560309996e+18, 1.7832581560239997e+18], 'frequencies': [2437, 2462, 5320, 5500, 5540, 5580, 5660, 2412, 2412]}
93 64 1783258156383650278
{'names': ['NU-AP06164', 'NU-AP06163', 'NU-AP06162', 'NU-AP06163', 'NU-AP06164', 'NU-AP06167', 'NU-AP07183', 'NU-AP06167'], 'addresses': ['48:00:b3:5f:72:e0', '48:00:b3:5f:46:a0', '48:00:b3:5a:90:8f', '48:00:b3:5f:46:ae', '48:00:b3:5f:72:ef', '48:00:b3:5e:0b:ed', '48:00:b3:5f:70:22', '48:00:b3:5e:0b:e0'], 'ssids': ['iotroam', 'iotroam', 'iotroam', 'eduroam', 'iotroam', 'VU-Campusnet', 'VU-Campusnet', 'iotroam'], 'signals': [-59, -56, -74, -61, -65, -78, -75, -71], 'timestamps': [1.7832581561918495e+18, 1.7832581563416504e+18, 1.7832581538877548e+18, 1.783258153912755e+18, 1.7832581540957548e+18, 1.783258154812755e+18, 1.7832581560309996e+18, 1.7832581560239997e+18], 'frequencies': [2437, 2462, 5320, 5500, 5540, 5660, 2412, 2412]}
95 64 1783258156701937109
{'names': ['NU-AP06164', 'NU-AP06163', 'NU-AP06162', 'NU-AP06163', 'NU-AP06164', 'NU-AP06167', 'NU-AP07183', 'NU-AP06167'], 'addresses': ['48:00:b3:5f:72:e0', '48:00:b3:5f:46:a0', '48:00:b3:5a:90:8f', '48:00:b3:5f:46:ae', '48:00:b3:5f:72:ef', '48:00:b3:5e:0b:ed', '48:00:b3:5f:70:22', '48:00:b3:5e:0b:e0'], 'ssids': ['iotroam', 'iotroam', 'iotroam', 'eduroam', 'iotroam', 'VU-Campusnet', 'VU-Campusnet', 'iotroam'], 'signals': [-59, -56, -74, -61, -65, -78, -75, -71], 'timestamps': [1.783258156191937e+18, 1.7832581563419372e+18, 1.7832581538877548e+18, 1.783258153912755e+18, 1.7832581540957548e+18, 1.783258154812755e+18, 1.7832581560309996e+18, 1.7832581560239997e+18], 'frequencies': [2437, 2462, 5320, 5500, 5540, 5660, 2412, 2412]}
97 64 1783258157033958147
{'names': ['NU-AP06164', 'NU-AP06163', 'NU-AP06162', 'NU-AP06163', 'NU-AP06164', 'NU-AP06167', 'NU-AP07183', 'NU-AP06167'], 'addresses': ['48:00:b3:5f:72:e0', '48:00:b3:5f:46:a0', '48:00:b3:5a:90:8f', '48:00:b3:5f:46:ae', '48:00:b3:5f:72:ef', '48:00:b3:5e:0b:ed', '48:00:b3:5f:70:22', '48:00:b3:5e:0b:e0'], 'ssids': ['iotroam', 'iotroam', 'iotroam', 'eduroam', 'iotroam', 'VU-Campusnet', 'VU-Campusnet', 'iotroam'], 'signals': [-59, -56, -74, -61, -65, -78, -75, -71], 'timestamps': [1.783258156191958e+18, 1.7832581563419581e+18, 1.7832581538877548e+18, 1.783258153912755e+18, 1.7832581540957548e+18, 1.783258154812755e+18, 1.7832581560309996e+18, 1.7832581560239997e+18], 'frequencies': [2437, 2462, 5320, 5500, 5540, 5660, 2412, 2412]}
101 64 1783258157235115064
{'names': ['NU-AP06164', 'NU-AP06163', 'NU-AP06162', 'NU-AP06163', 'NU-AP06164', 'NU-AP06167', 'NU-AP07183', 'NU-AP06167'], 'addresses': ['48:00:b3:5f:72:e0', '48:00:b3:5f:46:a0', '48:00:b3:5a:90:8f', '48:00:b3:5f:46:ae', '48:00:b3:5f:72:ef', '48:00:b3:5e:0b:ed', '48:00:b3:5f:70:22', '48:00:b3:5e:0b:e0'], 'ssids': ['iotroam', 'iotroam', 'iotroam', 'eduroam', 'iotroam', 'VU-Campusnet', 'VU-Campusnet', 'iotroam'], 'signals': [-59, -56, -74, -61, -65, -78, -75, -71], 'timestamps': [1.783258156192115e+18, 1.783258156342115e+18, 1.7832581538877548e+18, 1.783258153912755e+18, 1.7832581540957548e+18, 1.783258154812755e+18, 1.783258156031115e+18, 1.783258156024115e+18], 'frequencies': [2437, 2462, 5320, 5500, 5540, 5660, 2412, 2412]}
105 64 1783258157369567622
{'names': ['NU-AP06164', 'NU-AP06163', 'NU-AP06162', 'NU-AP06163', 'NU-AP06164', 'NU-AP06167', 'NU-AP07183', 'NU-AP06167'], 'addresses': ['48:00:b3:5f:72:e0', '48:00:b3:5f:46:a0', '48:00:b3:5a:90:8f', '48:00:b3:5f:46:ae', '48:00:b3:5f:72:ef', '48:00:b3:5e:0b:ed', '48:00:b3:5f:70:22', '48:00:b3:5e:0b:e0'], 'ssids': ['iotroam', 'iotroam', 'iotroam', 'eduroam', 'iotroam', 'VU-Campusnet', 'VU-Campusnet', 'iotroam'], 'signals': [-59, -56, -74, -61, -65, -78, -75, -71], 'timestamps': [1.7832581561925678e+18, 1.7832581563425677e+18, 1.7832581538877548e+18, 1.783258153912755e+18, 1.7832581540957548e+18, 1.783258154812755e+18, 1.783258156031568e+18, 1.7832581560245678e+18], 'frequencies': [2437, 2462, 5320, 5500, 5540, 5660, 2412, 2412]}
105 65 1783258157749362233
{'names': ['NU-AP06164', 'NU-AP06163', 'NU-AP06162', 'NU-AP06163', 'NU-AP06164', 'NU-AP06167', 'NU-AP07183', 'NU-AP06167'], 'addresses': ['48:00:b3:5f:72:e0', '48:00:b3:5f:46:a0', '48:00:b3:5a:90:8d', '48:00:b3:5f:46:ae', '48:00:b3:5f:72:ef', '48:00:b3:5e:0b:ed', '48:00:b3:5f:70:22', '48:00:b3:5e:0b:e0'], 'ssids': ['iotroam', 'iotroam', 'VU-Campusnet', 'eduroam', 'iotroam', 'VU-Campusnet', 'VU-Campusnet', 'iotroam'], 'signals': [-59, -56, -74, -61, -65, -78, -75, -71], 'timestamps': [1.7832581561925678e+18, 1.7832581563425677e+18, 1.783258157706362e+18, 1.783258153912755e+18, 1.7832581540957548e+18, 1.783258154812755e+18, 1.783258156031568e+18, 1.7832581560245678e+18], 'frequencies': [2437, 2462, 5320, 5500, 5540, 5660, 2412, 2412]}
105 66 1783258157815062714
{'names': ['NU-AP06164', 'NU-AP06163', 'NU-AP06162', 'NU-AP06163', 'NU-AP06164', 'NU-AP06167', 'NU-AP07183', 'NU-AP06167'], 'addresses': ['48:00:b3:5f:72:e0', '48:00:b3:5f:46:a0', '48:00:b3:5a:90:8d', '48:00:b3:5f:46:ae', '48:00:b3:5f:72:ef', '48:00:b3:5e:0b:ed', '48:00:b3:5f:70:22', '48:00:b3:5e:0b:e0'], 'ssids': ['iotroam', 'iotroam', 'VU-Campusnet', 'eduroam', 'iotroam', 'VU-Campusnet', 'VU-Campusnet', 'iotroam'], 'signals': [-59, -56, -74, -60, -65, -78, -75, -71], 'timestamps': [1.7832581561925678e+18, 1.7832581563425677e+18, 1.783258157706362e+18, 1.7832581577500628e+18, 1.7832581540957548e+18, 1.783258154812755e+18, 1.783258156031568e+18, 1.7832581560245678e+18], 'frequencies': [2437, 2462, 5320, 5500, 5540, 5660, 2412, 2412]}
105 67 1783258158010126947
{'names': ['NU-AP06164', 'NU-AP06163', 'NU-AP06162', 'NU-AP06163', 'NU-AP06164', 'NU-AP06167', 'NU-AP07183', 'NU-AP06167'], 'addresses': ['48:00:b3:5f:72:e0', '48:00:b3:5f:46:a0', '48:00:b3:5a:90:8d', '48:00:b3:5f:46:ae', '48:00:b3:5f:72:ef', '48:00:b3:5e:0b:ed', '48:00:b3:5f:70:22', '48:00:b3:5e:0b:e0'], 'ssids': ['iotroam', 'iotroam', 'VU-Campusnet', 'eduroam', 'iotroam', 'VU-Campusnet', 'VU-Campusnet', 'iotroam'], 'signals': [-59, -56, -74, -60, -65, -78, -75, -71], 'timestamps': [1.7832581561925678e+18, 1.7832581563425677e+18, 1.783258157706362e+18, 1.7832581577501268e+18, 1.7832581540957548e+18, 1.783258154812755e+18, 1.783258156031568e+18, 1.7832581560245678e+18], 'frequencies': [2437, 2462, 5320, 5500, 5540, 5660, 2412, 2412]}
105 69 1783258158075143538
{'names': ['NU-AP06164', 'NU-AP06163', 'NU-AP06162', 'NU-AP06163', 'NU-AP06164', 'NU-AP06167', 'NU-AP07183', 'NU-AP06167'], 'addresses': ['48:00:b3:5f:72:e0', '48:00:b3:5f:46:a0', '48:00:b3:5a:90:8d', '48:00:b3:5f:46:ae', '48:00:b3:5f:72:ef', '48:00:b3:5e:0b:ed', '48:00:b3:5f:70:22', '48:00:b3:5e:0b:e0'], 'ssids': ['iotroam', 'iotroam', 'VU-Campusnet', 'eduroam', 'iotroam', 'VU-Campusnet', 'VU-Campusnet', 'iotroam'], 'signals': [-59, -56, -74, -60, -64, -78, -75, -71], 'timestamps': [1.7832581561925678e+18, 1.7832581563425677e+18, 1.783258157706362e+18, 1.7832581577501435e+18, 1.7832581580131436e+18, 1.783258154812755e+18, 1.783258156031568e+18, 1.7832581560245678e+18], 'frequencies': [2437, 2462, 5320, 5500, 5540, 5660, 2412, 2412]}
105 72 1783258158144297484
{'names': ['NU-AP06164', 'NU-AP06163', 'NU-AP06162', 'NU-AP06163', 'NU-AP06164', 'NU-AP06167', 'NU-AP07183', 'NU-AP06167'], 'addresses': ['48:00:b3:5f:72:e0', '48:00:b3:5f:46:a0', '48:00:b3:5a:90:8d', '48:00:b3:5f:46:ae', '48:00:b3:5f:72:ef', '48:00:b3:5e:0b:ed', '48:00:b3:5f:70:22', '48:00:b3:5e:0b:e0'], 'ssids': ['iotroam', 'iotroam', 'VU-Campusnet', 'eduroam', 'iotroam', 'VU-Campusnet', 'VU-Campusnet', 'iotroam'], 'signals': [-59, -56, -74, -60, -64, -78, -75, -71], 'timestamps': [1.7832581561925678e+18, 1.7832581563425677e+18, 1.7832581577072975e+18, 1.7832581577512975e+18, 1.7832581580142976e+18, 1.783258154812755e+18, 1.783258156031568e+18, 1.7832581560245678e+18], 'frequencies': [2437, 2462, 5320, 5500, 5540, 5660, 2412, 2412]}
105 75 1783258158215389826
{'names': ['NU-AP06164', 'NU-AP06163', 'NU-AP06162', 'NU-AP06163', 'NU-AP06164', 'NU-AP06167', 'NU-AP07183', 'NU-AP06167'], 'addresses': ['48:00:b3:5f:72:e0', '48:00:b3:5f:46:a0', '48:00:b3:5a:90:8d', '48:00:b3:5f:46:ae', '48:00:b3:5f:72:ef', '48:00:b3:5e:0b:ed', '48:00:b3:5f:70:22', '48:00:b3:5e:0b:e0'], 'ssids': ['iotroam', 'iotroam', 'VU-Campusnet', 'eduroam', 'iotroam', 'VU-Campusnet', 'VU-Campusnet', 'iotroam'], 'signals': [-59, -56, -74, -60, -64, -78, -75, -71], 'timestamps': [1.7832581561925678e+18, 1.7832581563425677e+18, 1.78325815770739e+18, 1.78325815775139e+18, 1.78325815801439e+18, 1.783258154812755e+18, 1.783258156031568e+18, 1.7832581560245678e+18], 'frequencies': [2437, 2462, 5320, 5500, 5540, 5660, 2412, 2412]}
105 76 1783258158658182233
{'names': ['NU-AP06164', 'NU-AP06163', 'NU-AP06162', 'NU-AP06163', 'NU-AP06164', 'NU-AP06167', 'NU-AP07183', 'NU-AP06167'], 'addresses': ['48:00:b3:5f:72:e0', '48:00:b3:5f:46:a0', '48:00:b3:5a:90:8d', '48:00:b3:5f:46:ae', '48:00:b3:5f:72:ef', '48:00:b3:5e:0b:ef', '48:00:b3:5f:70:22', '48:00:b3:5e:0b:e0'], 'ssids': ['iotroam', 'iotroam', 'VU-Campusnet', 'eduroam', 'iotroam', 'iotroam', 'VU-Campusnet', 'iotroam'], 'signals': [-59, -56, -74, -60, -64, -77, -75, -71], 'timestamps': [1.7832581561925678e+18, 1.7832581563425677e+18, 1.78325815770739e+18, 1.78325815775139e+18, 1.78325815801439e+18, 1.7832581586301821e+18, 1.783258156031568e+18, 1.7832581560245678e+18], 'frequencies': [2437, 2462, 5320, 5500, 5540, 5660, 2412, 2412]}
105 77 1783258158724542111
{'names': ['NU-AP06164', 'NU-AP06163', 'NU-AP06162', 'NU-AP06163', 'NU-AP06164', 'NU-AP06167', 'NU-AP07183', 'NU-AP06167'], 'addresses': ['48:00:b3:5f:72:e0', '48:00:b3:5f:46:a0', '48:00:b3:5a:90:8d', '48:00:b3:5f:46:ae', '48:00:b3:5f:72:ef', '48:00:b3:5e:0b:ef', '48:00:b3:5f:70:22', '48:00:b3:5e:0b:e0'], 'ssids': ['iotroam', 'iotroam', 'VU-Campusnet', 'eduroam', 'iotroam', 'iotroam', 'VU-Campusnet', 'iotroam'], 'signals': [-59, -56, -74, -60, -64, -77, -75, -71], 'timestamps': [1.7832581561925678e+18, 1.7832581563425677e+18, 1.78325815770739e+18, 1.78325815775139e+18, 1.78325815801439e+18, 1.7832581586305423e+18, 1.783258156031568e+18, 1.7832581560245678e+18], 'frequencies': [2437, 2462, 5320, 5500, 5540, 5660, 2412, 2412]}
105 78 1783258158981066068
{'names': ['NU-AP06164', 'NU-AP06163', 'NU-AP06162', 'NU-AP06163', 'NU-AP06164', 'NU-AP06167', 'NU-AP07183', 'NU-AP06167'], 'addresses': ['48:00:b3:5f:72:e0', '48:00:b3:5f:46:a0', '48:00:b3:5a:90:8d', '48:00:b3:5f:46:ae', '48:00:b3:5f:72:ef', '48:00:b3:5e:0b:ef', '48:00:b3:5f:70:22', '48:00:b3:5e:0b:e0'], 'ssids': ['iotroam', 'iotroam', 'VU-Campusnet', 'eduroam', 'iotroam', 'iotroam', 'VU-Campusnet', 'iotroam'], 'signals': [-59, -56, -74, -60, -64, -77, -75, -71], 'timestamps': [1.7832581561925678e+18, 1.7832581563425677e+18, 1.78325815770739e+18, 1.78325815775139e+18, 1.78325815801439e+18, 1.783258158631066e+18, 1.783258156031568e+18, 1.7832581560245678e+18], 'frequencies': [2437, 2462, 5320, 5500, 5540, 5660, 2412, 2412]}
106 78 1783258159989666524
{'names': ['NU-AP06164', 'NU-AP06163', 'NU-AP06162', 'NU-AP06163', 'NU-AP06164', 'NU-AP06167', 'NU-AP07183', 'NU-AP06167'], 'addresses': ['48:00:b3:5f:72:e0', '48:00:b3:5f:46:a0', '48:00:b3:5a:90:8d', '48:00:b3:5f:46:ae', '48:00:b3:5f:72:ef', '48:00:b3:5e:0b:ef', '48:00:b3:5f:70:22', '48:00:b3:5e:0b:e0'], 'ssids': ['iotroam', 'iotroam', 'VU-Campusnet', 'eduroam', 'iotroam', 'iotroam', 'VU-Campusnet', 'iotroam'], 'signals': [-59, -56, -74, -60, -64, -77, -74, -71], 'timestamps': [1.7832581561925678e+18, 1.7832581563425677e+18, 1.78325815770739e+18, 1.78325815775139e+18, 1.78325815801439e+18, 1.783258158631066e+18, 1.7832581599386665e+18, 1.7832581560245678e+18], 'frequencies': [2437, 2462, 5320, 5500, 5540, 5660, 2412, 2412]}
107 78 1783258160119017783
{'names': ['NU-AP06164', 'NU-AP06163', 'NU-AP06162', 'NU-AP06163', 'NU-AP06164', 'NU-AP06167', 'NU-AP07183', 'NU-AP06167'], 'addresses': ['48:00:b3:5f:72:e0', '48:00:b3:5f:46:a0', '48:00:b3:5a:90:8d', '48:00:b3:5f:46:ae', '48:00:b3:5f:72:ef', '48:00:b3:5e:0b:ef', '48:00:b3:5f:70:22', '48:00:b3:5e:0b:e0'], 'ssids': ['iotroam', 'iotroam', 'VU-Campusnet', 'eduroam', 'iotroam', 'iotroam', 'VU-Campusnet', 'iotroam'], 'signals': [-59, -56, -74, -60, -64, -77, -74, -71], 'timestamps': [1.7832581600690176e+18, 1.7832581563425677e+18, 1.78325815770739e+18, 1.78325815775139e+18, 1.78325815801439e+18, 1.783258158631066e+18, 1.7832581599386665e+18, 1.7832581560245678e+18], 'frequencies': [2437, 2462, 5320, 5500, 5540, 5660, 2412, 2412]}
109 78 1783258160185855459
{'names': ['NU-AP06164', 'NU-AP06163', 'NU-AP06162', 'NU-AP06163', 'NU-AP06164', 'NU-AP06167', 'NU-AP07183', 'NU-AP06167'], 'addresses': ['48:00:b3:5f:72:e0', '48:00:b3:5f:46:a0', '48:00:b3:5a:90:8d', '48:00:b3:5f:46:ae', '48:00:b3:5f:72:ef', '48:00:b3:5e:0b:ef', '48:00:b3:5f:70:22', '48:00:b3:5e:0b:e0'], 'ssids': ['iotroam', 'iotroam', 'VU-Campusnet', 'eduroam', 'iotroam', 'iotroam', 'VU-Campusnet', 'iotroam'], 'signals': [-59, -56, -74, -60, -64, -77, -74, -71], 'timestamps': [1.7832581600698555e+18, 1.7832581563425677e+18, 1.78325815770739e+18, 1.78325815775139e+18, 1.78325815801439e+18, 1.783258158631066e+18, 1.7832581599388554e+18, 1.7832581560245678e+18], 'frequencies': [2437, 2462, 5320, 5500, 5540, 5660, 2412, 2412]}
113 78 1783258160253062313
{'names': ['NU-AP06164', 'NU-AP06163', 'NU-AP06162', 'NU-AP06163', 'NU-AP06164', 'NU-AP06167', 'NU-AP07183', 'NU-AP06167', 'NU-AP05135'], 'addresses': ['48:00:b3:5f:72:e0', '48:00:b3:5f:46:a0', '48:00:b3:5a:90:8d', '48:00:b3:5f:46:ae', '48:00:b3:5f:72:ef', '48:00:b3:5e:0b:ef', '48:00:b3:5f:70:22', '48:00:b3:5e:0b:e0', '10:e3:76:47:4b:41'], 'ssids': ['iotroam', 'iotroam', 'VU-Campusnet', 'eduroam', 'iotroam', 'iotroam', 'VU-Campusnet', 'iotroam', 'eduroam'], 'signals': [-59, -56, -74, -60, -64, -77, -74, -71, -81], 'timestamps': [1.7832581600700623e+18, 1.7832581602220623e+18, 1.78325815770739e+18, 1.78325815775139e+18, 1.78325815801439e+18, 1.783258158631066e+18, 1.7832581599390623e+18, 1.7832581560245678e+18, 1.7832581602340623e+18], 'frequencies': [2437, 2462, 5320, 5500, 5540, 5660, 2412, 2412, 2462]}
117 79 1783258160515093821
{'names': ['NU-AP06164', 'NU-AP06163', 'NU-AP06162', 'NU-AP06163', 'NU-AP06164', 'NU-AP06167', 'NU-AP07183', 'NU-AP06167', 'NU-AP05135'], 'addresses': ['48:00:b3:5f:72:e0', '48:00:b3:5f:46:a0', '48:00:b3:5a:90:8d', '48:00:b3:5f:46:ae', '48:00:b3:5f:72:ef', '48:00:b3:5e:0b:ef', '48:00:b3:5f:70:22', '48:00:b3:5e:0b:e0', '10:e3:76:47:4b:41'], 'ssids': ['iotroam', 'iotroam', 'VU-Campusnet', 'eduroam', 'iotroam', 'iotroam', 'VU-Campusnet', 'iotroam', 'eduroam'], 'signals': [-59, -56, -74, -60, -64, -77, -74, -71, -81], 'timestamps': [1.7832581600700938e+18, 1.7832581602220938e+18, 1.78325815770739e+18, 1.78325815775139e+18, 1.78325815801439e+18, 1.7832581586310938e+18, 1.7832581599390938e+18, 1.7832581560245678e+18, 1.7832581602340938e+18], 'frequencies': [2437, 2462, 5320, 5500, 5540, 5660, 2412, 2412, 2462]}
122 83 1783258160855553670
{'names': ['NU-AP06164', 'NU-AP06163', 'NU-AP06162', 'NU-AP06163', 'NU-AP06164', 'NU-AP06167', 'NU-AP07183', 'NU-AP06167', 'NU-AP05135'], 'addresses': ['48:00:b3:5f:72:e0', '48:00:b3:5f:46:a0', '48:00:b3:5a:90:8d', '48:00:b3:5f:46:ae', '48:00:b3:5f:72:ef', '48:00:b3:5e:0b:ef', '48:00:b3:5f:70:22', '48:00:b3:5e:0b:e0', '10:e3:76:47:4b:41'], 'ssids': ['iotroam', 'iotroam', 'VU-Campusnet', 'eduroam', 'iotroam', 'iotroam', 'VU-Campusnet', 'iotroam', 'eduroam'], 'signals': [-59, -56, -74, -60, -64, -77, -74, -71, -81], 'timestamps': [1.7832581600725537e+18, 1.7832581602245537e+18, 1.7832581577095537e+18, 1.783258157753554e+18, 1.7832581580165537e+18, 1.783258158633554e+18, 1.7832581599415537e+18, 1.7832581560265539e+18, 1.7832581602365537e+18], 'frequencies': [2437, 2462, 5320, 5500, 5540, 5660, 2412, 2412, 2462]}
