2 1 1783261875153969342
{'names': ['NU-AP06163', 'NU-AP06167'], 'addresses': ['48:00:b3:5f:46:a0', '48:00:b3:5e:0b:e0'], 'ssids': ['iotroam', 'iotroam'], 'signals': [-55, -73], 'timestamps': [1.7832618751479695e+18, 1.7832618751479695e+18], 'frequencies': [2412, 2412]}
3 2 1783261875202208929
{'names': ['NU-AP06163', 'NU-AP06167'], 'addresses': ['48:00:b3:5f:46:a0', '48:00:b3:5e:0b:e0'], 'ssids': ['iotroam', 'iotroam'], 'signals': [-55, -72], 'timestamps': [1.7832618751479695e+18, 1.783261875157209e+18], 'frequencies': [2412, 2412]}
4 3 1783261875251266400
{'names': ['NU-AP06163', 'NU-AP06167'], 'addresses': ['48:00:b3:5f:46:a0', '48:00:b3:5e:0b:e0'], 'ssids': ['iotroam', 'iotroam'], 'signals': [-55, -72], 'timestamps': [1.7832618751479695e+18, 1.7832618751572664e+18], 'frequencies': [2412, 2412]}
5 4 1783261875299560676
{'names': ['NU-AP06163', 'NU-AP06167'], 'addresses': ['48:00:b3:5f:46:a0', '48:00:b3:5e:0b:e0'], 'ssids': ['iotroam', 'iotroam'], 'signals': [-55, -72], 'timestamps': [1.7832618751479695e+18, 1.7832618751575608e+18], 'frequencies': [2412, 2412]}
6 5 1783261875348548567
{'names': ['NU-AP06163', 'NU-AP06167', 'NU-AP06164'], 'addresses': ['48:00:b3:5f:46:a0', '48:00:b3:5e:0b:e0', '48:00:b3:5f:72:e0'], 'ssids': ['iotroam', 'iotroam', 'iotroam'], 'signals': [-55, -72, -60], 'timestamps': [1.7832618751479695e+18, 1.7832618751575608e+18, 1.7832618753035487e+18], 'frequencies': [2412, 2412, 2437]}
9 6 1783261875399458770
{'names': ['NU-AP06163', 'NU-AP06167', 'NU-AP06164'], 'addresses': ['48:00:b3:5f:46:a0', '48:00:b3:5e:0b:e0', '48:00:b3:5f:72:e0'], 'ssids': ['iotroam', 'iotroam', 'iotroam'], 'signals': [-55, -72, -60], 'timestamps': [1.7832618751484588e+18, 1.783261875158459e+18, 1.7832618753044588e+18], 'frequencies': [2412, 2412, 2437]}
9 7 1783261875451870621
{'names': ['NU-AP06163', 'NU-AP06167', 'NU-AP06164'], 'addresses': ['48:00:b3:5f:46:a0', '48:00:b3:5e:0b:e0', '48:00:b3:5f:72:e0'], 'ssids': ['iotroam', 'iotroam', 'iotroam'], 'signals': [-55, -72, -60], 'timestamps': [1.7832618751484588e+18, 1.783261875158459e+18, 1.7832618753044588e+18], 'frequencies': [2412, 2412, 2437]}
13 8 1783261875504651008
{'names': ['NU-AP06163', 'NU-AP06167', 'NU-AP06164', 'NU-AP06162'], 'addresses': ['48:00:b3:5f:46:a0', '48:00:b3:5e:0b:e0', '48:00:b3:5f:72:e0', '48:00:b3:5a:90:80'], 'ssids': ['iotroam', 'iotroam', 'iotroam', 'iotroam'], 'signals': [-55, -72, -60, -75], 'timestamps': [1.783261875148651e+18, 1.783261875158651e+18, 1.783261875304651e+18, 1.783261875469651e+18], 'frequencies': [2412, 2412, 2437, 2462]}
13 9 1783261875558179759
{'names': ['NU-AP06163', 'NU-AP06167', 'NU-AP06164', 'NU-AP06162'], 'addresses': ['48:00:b3:5f:46:a0', '48:00:b3:5e:0b:e0', '48:00:b3:5f:72:e0', '48:00:b3:5a:90:80'], 'ssids': ['iotroam', 'iotroam', 'iotroam', 'iotroam'], 'signals': [-55, -72, -60, -75], 'timestamps': [1.783261875148651e+18, 1.783261875158651e+18, 1.783261875304651e+18, 1.783261875469651e+18], 'frequencies': [2412, 2412, 2437, 2462]}
13 10 1783261875612477324
{'names': ['NU-AP06163', 'NU-AP06167', 'NU-AP06164', 'NU-AP06162'], 'addresses': ['48:00:b3:5f:46:a0', '48:00:b3:5e:0b:e0', '48:00:b3:5f:72:e0', '48:00:b3:5a:90:80'], 'ssids': ['iotroam', 'iotroam', 'iotroam', 'iotroam'], 'signals': [-55, -72, -60, -75], 'timestamps': [1.783261875148651e+18, 1.783261875158651e+18, 1.783261875304651e+18, 1.783261875469651e+18], 'frequencies': [2412, 2412, 2437, 2462]}
13 11 1783261875665794071
{'names': ['NU-AP06163', 'NU-AP06167', 'NU-AP06164', 'NU-AP06162'], 'addresses': ['48:00:b3:5f:46:a0', '48:00:b3:5e:0b:e0', '48:00:b3:5f:72:e0', '48:00:b3:5a:90:80'], 'ssids': ['iotroam', 'iotroam', 'iotroam', 'iotroam'], 'signals': [-55, -72, -60, -75], 'timestamps': [1.783261875148651e+18, 1.783261875158651e+18, 1.783261875304651e+18, 1.783261875469651e+18], 'frequencies': [2412, 2412, 2437, 2462]}
13 12 1783261875717047674
{'names': ['NU-AP06163', 'NU-AP06167', 'NU-AP06164', 'NU-AP06162'], 'addresses': ['48:00:b3:5f:46:a0', '48:00:b3:5e:0b:e0', '48:00:b3:5f:72:e0', '48:00:b3:5a:90:80'], 'ssids': ['iotroam', 'iotroam', 'iotroam', 'iotroam'], 'signals': [-55, -72, -60, -75], 'timestamps': [1.783261875148651e+18, 1.783261875158651e+18, 1.783261875304651e+18, 1.783261875469651e+18], 'frequencies': [2412, 2412, 2437, 2462]}
13 13 1783261875771662892
{'names': ['NU-AP06163', 'NU-AP06167', 'NU-AP06164', 'NU-AP06162'], 'addresses': ['48:00:b3:5f:46:a0', '48:00:b3:5e:0b:e0', '48:00:b3:5f:72:e0', '48:00:b3:5a:90:80'], 'ssids': ['iotroam', 'iotroam', 'iotroam', 'iotroam'], 'signals': [-55, -72, -60, -75], 'timestamps': [1.783261875148651e+18, 1.783261875158651e+18, 1.783261875304651e+18, 1.783261875469651e+18], 'frequencies': [2412, 2412, 2437, 2462]}
13 14 1783261875824366584
{'names': ['NU-AP06163', 'NU-AP06167', 'NU-AP06164', 'NU-AP06162'], 'addresses': ['48:00:b3:5f:46:a0', '48:00:b3:5e:0b:e0', '48:00:b3:5f:72:e0', '48:00:b3:5a:90:80'], 'ssids': ['iotroam', 'iotroam', 'iotroam', 'iotroam'], 'signals': [-55, -72, -60, -75], 'timestamps': [1.783261875148651e+18, 1.783261875158651e+18, 1.783261875304651e+18, 1.783261875469651e+18], 'frequencies': [2412, 2412, 2437, 2462]}
13 15 1783261875879003667
{'names': ['NU-AP06163', 'NU-AP06167', 'NU-AP06164', 'NU-AP06162'], 'addresses': ['48:00:b3:5f:46:a0', '48:00:b3:5e:0b:e0', '48:00:b3:5f:72:e0', '48:00:b3:5a:90:80'], 'ssids': ['iotroam', 'iotroam', 'iotroam', 'iotroam'], 'signals': [-55, -72, -60, -75], 'timestamps': [1.783261875148651e+18, 1.783261875158651e+18, 1.783261875304651e+18, 1.783261875469651e+18], 'frequencies': [2412, 2412, 2437, 2462]}
13 16 1783261875932898295
{'names': ['NU-AP06163', 'NU-AP06167', 'NU-AP06164', 'NU-AP06162'], 'addresses': ['48:00:b3:5f:46:a0', '48:00:b3:5e:0b:e0', '48:00:b3:5f:72:e0', '48:00:b3:5a:90:80'], 'ssids': ['iotroam', 'iotroam', 'iotroam', 'iotroam'], 'signals': [-55, -72, -60, -75], 'timestamps': [1.783261875148651e+18, 1.783261875158651e+18, 1.783261875304651e+18, 1.783261875469651e+18], 'frequencies': [2412, 2412, 2437, 2462]}
13 17 1783261875984462794
{'names': ['NU-AP06163', 'NU-AP06167', 'NU-AP06164', 'NU-AP06162'], 'addresses': ['48:00:b3:5f:46:a0', '48:00:b3:5e:0b:e0', '48:00:b3:5f:72:e0', '48:00:b3:5a:90:80'], 'ssids': ['iotroam', 'iotroam', 'iotroam', 'iotroam'], 'signals': [-55, -72, -60, -75], 'timestamps': [1.783261875148651e+18, 1.783261875158651e+18, 1.783261875304651e+18, 1.783261875469651e+18], 'frequencies': [2412, 2412, 2437, 2462]}
13 18 1783261876035852802
{'names': ['NU-AP06163', 'NU-AP06167', 'NU-AP06164', 'NU-AP06162'], 'addresses': ['48:00:b3:5f:46:a0', '48:00:b3:5e:0b:e0', '48:00:b3:5f:72:e0', '48:00:b3:5a:90:80'], 'ssids': ['iotroam', 'iotroam', 'iotroam', 'iotroam'], 'signals': [-55, -72, -60, -75], 'timestamps': [1.783261875148651e+18, 1.783261875158651e+18, 1.783261875304651e+18, 1.783261875469651e+18], 'frequencies': [2412, 2412, 2437, 2462]}
13 19 1783261876088741246
{'names': ['NU-AP06163', 'NU-AP06167', 'NU-AP06164', 'NU-AP06162'], 'addresses': ['48:00:b3:5f:46:a0', '48:00:b3:5e:0b:e0', '48:00:b3:5f:72:e0', '48:00:b3:5a:90:80'], 'ssids': ['iotroam', 'iotroam', 'iotroam', 'iotroam'], 'signals': [-55, -72, -60, -75], 'timestamps': [1.783261875148651e+18, 1.783261875158651e+18, 1.783261875304651e+18, 1.783261875469651e+18], 'frequencies': [2412, 2412, 2437, 2462]}
13 20 1783261876141902906
{'names': ['NU-AP06163', 'NU-AP06167', 'NU-AP06164', 'NU-AP06162'], 'addresses': ['48:00:b3:5f:46:a0', '48:00:b3:5e:0b:e0', '48:00:b3:5f:72:e0', '48:00:b3:5a:90:80'], 'ssids': ['iotroam', 'iotroam', 'iotroam', 'iotroam'], 'signals': [-55, -72, -60, -75], 'timestamps': [1.783261875148651e+18, 1.783261875158651e+18, 1.783261875304651e+18, 1.783261875469651e+18], 'frequencies': [2412, 2412, 2437, 2462]}
13 21 1783261876195678771
{'names': ['NU-AP06163', 'NU-AP06167', 'NU-AP06164', 'NU-AP06162'], 'addresses': ['48:00:b3:5f:46:a0', '48:00:b3:5e:0b:e0', '48:00:b3:5f:72:e0', '48:00:b3:5a:90:80'], 'ssids': ['iotroam', 'iotroam', 'iotroam', 'iotroam'], 'signals': [-55, -72, -60, -75], 'timestamps': [1.783261875148651e+18, 1.783261875158651e+18, 1.783261875304651e+18, 1.783261875469651e+18], 'frequencies': [2412, 2412, 2437, 2462]}
13 22 1783261876247300344
{'names': ['NU-AP06163', 'NU-AP06167', 'NU-AP06164', 'NU-AP06162'], 'addresses': ['48:00:b3:5f:46:a0', '48:00:b3:5e:0b:e0', '48:00:b3:5f:72:e0', '48:00:b3:5a:90:80'], 'ssids': ['iotroam', 'iotroam', 'iotroam', 'iotroam'], 'signals': [-55, -72, -60, -75], 'timestamps': [1.783261875148651e+18, 1.783261875158651e+18, 1.783261875304651e+18, 1.783261875469651e+18], 'frequencies': [2412, 2412, 2437, 2462]}
13 23 1783261876299527881
{'names': ['NU-AP06163', 'NU-AP06167', 'NU-AP06164', 'NU-AP06162'], 'addresses': ['48:00:b3:5f:46:a0', '48:00:b3:5e:0b:e0', '48:00:b3:5f:72:e0', '48:00:b3:5a:90:80'], 'ssids': ['iotroam', 'iotroam', 'iotroam', 'iotroam'], 'signals': [-55, -72, -60, -75], 'timestamps': [1.783261875148651e+18, 1.783261875158651e+18, 1.783261875304651e+18, 1.783261875469651e+18], 'frequencies': [2412, 2412, 2437, 2462]}
17 24 1783261876351746296
{'names': ['NU-AP06163', 'NU-AP06167', 'NU-AP06164', 'NU-AP06162'], 'addresses': ['48:00:b3:5f:46:a0', '48:00:b3:5e:0b:e0', '48:00:b3:5f:72:e0', '48:00:b3:5a:90:80'], 'ssids': ['iotroam', 'iotroam', 'iotroam', 'iotroam'], 'signals': [-55, -72, -60, -75], 'timestamps': [1.7832618751487462e+18, 1.7832618751587464e+18, 1.7832618753047462e+18, 1.7832618754697462e+18], 'frequencies': [2412, 2412, 2437, 2462]}
17 25 1783261876405080182
{'names': ['NU-AP06163', 'NU-AP06167', 'NU-AP06164', 'NU-AP06162'], 'addresses': ['48:00:b3:5f:46:a0', '48:00:b3:5e:0b:e0', '48:00:b3:5f:72:e0', '48:00:b3:5a:90:80'], 'ssids': ['iotroam', 'iotroam', 'iotroam', 'iotroam'], 'signals': [-55, -72, -60, -75], 'timestamps': [1.7832618751487462e+18, 1.7832618751587464e+18, 1.7832618753047462e+18, 1.7832618754697462e+18], 'frequencies': [2412, 2412, 2437, 2462]}
17 26 1783261876457809462
{'names': ['NU-AP06163', 'NU-AP06167', 'NU-AP06164', 'NU-AP06162'], 'addresses': ['48:00:b3:5f:46:a0', '48:00:b3:5e:0b:e0', '48:00:b3:5f:72:e0', '48:00:b3:5a:90:80'], 'ssids': ['iotroam', 'iotroam', 'iotroam', 'iotroam'], 'signals': [-55, -72, -60, -75], 'timestamps': [1.7832618751487462e+18, 1.7832618751587464e+18, 1.7832618753047462e+18, 1.7832618754697462e+18], 'frequencies': [2412, 2412, 2437, 2462]}
17 27 1783261876510078321
{'names': ['NU-AP06163', 'NU-AP06167', 'NU-AP06164', 'NU-AP06162'], 'addresses': ['48:00:b3:5f:46:a0', '48:00:b3:5e:0b:e0', '48:00:b3:5f:72:e0', '48:00:b3:5a:90:80'], 'ssids': ['iotroam', 'iotroam', 'iotroam', 'iotroam'], 'signals': [-55, -72, -60, -75], 'timestamps': [1.7832618751487462e+18, 1.7832618751587464e+18, 1.7832618753047462e+18, 1.7832618754697462e+18], 'frequencies': [2412, 2412, 2437, 2462]}
17 28 1783261876564608441
{'names': ['NU-AP06163', 'NU-AP06167', 'NU-AP06164', 'NU-AP06162'], 'addresses': ['48:00:b3:5f:46:a0', '48:00:b3:5e:0b:e0', '48:00:b3:5f:72:e0', '48:00:b3:5a:90:80'], 'ssids': ['iotroam', 'iotroam', 'iotroam', 'iotroam'], 'signals': [-55, -72, -60, -75], 'timestamps': [1.7832618751487462e+18, 1.7832618751587464e+18, 1.7832618753047462e+18, 1.7832618754697462e+18], 'frequencies': [2412, 2412, 2437, 2462]}
21 29 1783261876632392670
{'names': ['NU-AP06163', 'NU-AP06167', 'NU-AP06164', 'NU-AP06162'], 'addresses': ['48:00:b3:5f:46:a0', '48:00:b3:5e:0b:e0', '48:00:b3:5f:72:e0', '48:00:b3:5a:90:80'], 'ssids': ['iotroam', 'iotroam', 'iotroam', 'iotroam'], 'signals': [-55, -72, -60, -75], 'timestamps': [1.7832618751493926e+18, 1.7832618751593928e+18, 1.7832618753053926e+18, 1.7832618754703928e+18], 'frequencies': [2412, 2412, 2437, 2462]}
21 30 1783261876704920273
{'names': ['NU-AP06163', 'NU-AP06167', 'NU-AP06164', 'NU-AP06162'], 'addresses': ['48:00:b3:5f:46:a0', '48:00:b3:5e:0b:e0', '48:00:b3:5f:72:e0', '48:00:b3:5a:90:80'], 'ssids': ['iotroam', 'iotroam', 'iotroam', 'iotroam'], 'signals': [-55, -72, -60, -75], 'timestamps': [1.7832618751493926e+18, 1.7832618751593928e+18, 1.7832618753053926e+18, 1.7832618754703928e+18], 'frequencies': [2412, 2412, 2437, 2462]}
21 31 1783261876760270911
{'names': ['NU-AP06163', 'NU-AP06167', 'NU-AP06164', 'NU-AP06162'], 'addresses': ['48:00:b3:5f:46:a0', '48:00:b3:5e:0b:e0', '48:00:b3:5f:72:e0', '48:00:b3:5a:90:80'], 'ssids': ['iotroam', 'iotroam', 'iotroam', 'iotroam'], 'signals': [-55, -72, -60, -75], 'timestamps': [1.7832618751493926e+18, 1.7832618751593928e+18, 1.7832618753053926e+18, 1.7832618754703928e+18], 'frequencies': [2412, 2412, 2437, 2462]}
21 33 1783261876814745351
{'names': ['NU-AP06163', 'NU-AP06167', 'NU-AP06164', 'NU-AP06162', 'NU-AP06163', 'NU-AP06162'], 'addresses': ['48:00:b3:5f:46:a0', '48:00:b3:5e:0b:e0', '48:00:b3:5f:72:e0', '48:00:b3:5a:90:80', '48:00:b3:5f:46:ad', '48:00:b3:5a:90:8f'], 'ssids': ['iotroam', 'iotroam', 'iotroam', 'iotroam', 'VU-Campusnet', 'iotroam'], 'signals': [-55, -72, -60, -75, -60, -74], 'timestamps': [1.7832618751493926e+18, 1.7832618751593928e+18, 1.7832618753053926e+18, 1.7832618754703928e+18, 1.7832618767767455e+18, 1.7832618767647452e+18], 'frequencies': [2412, 2412, 2437, 2462, 5500, 5320]}
21 34 1783261877001255370
{'names': ['NU-AP06163', 'NU-AP06167', 'NU-AP06164', 'NU-AP06162', 'NU-AP06163', 'NU-AP06162', 'NU-AP06164'], 'addresses': ['48:00:b3:5f:46:a0', '48:00:b3:5e:0b:e0', '48:00:b3:5f:72:e0', '48:00:b3:5a:90:80', '48:00:b3:5f:46:ad', '48:00:b3:5a:90:8f', '48:00:b3:5f:72:ef'], 'ssids': ['iotroam', 'iotroam', 'iotroam', 'iotroam', 'VU-Campusnet', 'iotroam', 'iotroam'], 'signals': [-55, -72, -60, -75, -60, -74, -69], 'timestamps': [1.7832618751493926e+18, 1.7832618751593928e+18, 1.7832618753053926e+18, 1.7832618754703928e+18, 1.7832618767767455e+18, 1.7832618767647452e+18, 1.7832618769632553e+18], 'frequencies': [2412, 2412, 2437, 2462, 5500, 5320, 5540]}
21 35 1783261877065283234
{'names': ['NU-AP06163', 'NU-AP06167', 'NU-AP06164', 'NU-AP06162', 'NU-AP06163', 'NU-AP06162', 'NU-AP06164'], 'addresses': ['48:00:b3:5f:46:a0', '48:00:b3:5e:0b:e0', '48:00:b3:5f:72:e0', '48:00:b3:5a:90:80', '48:00:b3:5f:46:ad', '48:00:b3:5a:90:8f', '48:00:b3:5f:72:ef'], 'ssids': ['iotroam', 'iotroam', 'iotroam', 'iotroam', 'VU-Campusnet', 'iotroam', 'iotroam'], 'signals': [-55, -72, -60, -75, -60, -74, -69], 'timestamps': [1.7832618751493926e+18, 1.7832618751593928e+18, 1.7832618753053926e+18, 1.7832618754703928e+18, 1.7832618767767455e+18, 1.7832618767647452e+18, 1.7832618769632835e+18], 'frequencies': [2412, 2412, 2437, 2462, 5500, 5320, 5540]}
21 36 1783261877194533857
{'names': ['NU-AP06163', 'NU-AP06167', 'NU-AP06164', 'NU-AP06162', 'NU-AP06163', 'NU-AP06162', 'NU-AP06164'], 'addresses': ['48:00:b3:5f:46:a0', '48:00:b3:5e:0b:e0', '48:00:b3:5f:72:e0', '48:00:b3:5a:90:80', '48:00:b3:5f:46:ad', '48:00:b3:5a:90:8f', '48:00:b3:5f:72:ef'], 'ssids': ['iotroam', 'iotroam', 'iotroam', 'iotroam', 'VU-Campusnet', 'iotroam', 'iotroam'], 'signals': [-55, -72, -60, -75, -60, -74, -69], 'timestamps': [1.7832618751493926e+18, 1.7832618751593928e+18, 1.7832618753053926e+18, 1.7832618754703928e+18, 1.7832618767767455e+18, 1.7832618767647452e+18, 1.7832618769635338e+18], 'frequencies': [2412, 2412, 2437, 2462, 5500, 5320, 5540]}
21 40 1783261877263897215
{'names': ['NU-AP06163', 'NU-AP06167', 'NU-AP06164', 'NU-AP06162', 'NU-AP06163', 'NU-AP06162', 'NU-AP06164', 'NU-AP07183'], 'addresses': ['48:00:b3:5f:46:a0', '48:00:b3:5e:0b:e0', '48:00:b3:5f:72:e0', '48:00:b3:5a:90:80', '48:00:b3:5f:46:ad', '48:00:b3:5a:90:8f', '48:00:b3:5f:72:ef', '48:00:b3:5f:70:2d'], 'ssids': ['iotroam', 'iotroam', 'iotroam', 'iotroam', 'VU-Campusnet', 'iotroam', 'iotroam', 'VU-Campusnet'], 'signals': [-55, -72, -60, -75, -60, -74, -69, -82], 'timestamps': [1.7832618751493926e+18, 1.7832618751593928e+18, 1.7832618753053926e+18, 1.7832618754703928e+18, 1.783261876776897e+18, 1.783261876764897e+18, 1.783261876963897e+18, 1.783261877208897e+18], 'frequencies': [2412, 2412, 2437, 2462, 5500, 5320, 5540, 5580]}
21 41 1783261877716678993
{'names': ['NU-AP06163', 'NU-AP06167', 'NU-AP06164', 'NU-AP06162', 'NU-AP06163', 'NU-AP06162', 'NU-AP06164', 'NU-AP07183', 'NU-AP06167'], 'addresses': ['48:00:b3:5f:46:a0', '48:00:b3:5e:0b:e0', '48:00:b3:5f:72:e0', '48:00:b3:5a:90:80', '48:00:b3:5f:46:ad', '48:00:b3:5a:90:8f', '48:00:b3:5f:72:ef', '48:00:b3:5f:70:2d', '48:00:b3:5e:0b:ed'], 'ssids': ['iotroam', 'iotroam', 'iotroam', 'iotroam', 'VU-Campusnet', 'iotroam', 'iotroam', 'VU-Campusnet', 'VU-Campusnet'], 'signals': [-55, -72, -60, -75, -60, -74, -69, -82, -79], 'timestamps': [1.7832618751493926e+18, 1.7832618751593928e+18, 1.7832618753053926e+18, 1.7832618754703928e+18, 1.783261876776897e+18, 1.783261876764897e+18, 1.783261876963897e+18, 1.783261877208897e+18, 1.783261877688679e+18], 'frequencies': [2412, 2412, 2437, 2462, 5500, 5320, 5540, 5580, 5660]}
25 46 1783261877785436621
{'names': ['NU-AP06163', 'NU-AP06167', 'NU-AP06164', 'NU-AP06162', 'NU-AP06163', 'NU-AP06162', 'NU-AP06164', 'NU-AP07183', 'NU-AP06167'], 'addresses': ['48:00:b3:5f:46:a0', '48:00:b3:5e:0b:e0', '48:00:b3:5f:72:e0', '48:00:b3:5a:90:80', '48:00:b3:5f:46:ad', '48:00:b3:5a:90:8f', '48:00:b3:5f:72:ef', '48:00:b3:5f:70:2d', '48:00:b3:5e:0b:ed'], 'ssids': ['iotroam', 'iotroam', 'iotroam', 'iotroam', 'VU-Campusnet', 'iotroam', 'iotroam', 'VU-Campusnet', 'VU-Campusnet'], 'signals': [-55, -72, -60, -75, -60, -74, -69, -82, -79], 'timestamps': [1.7832618751494367e+18, 1.7832618751594368e+18, 1.7832618753054367e+18, 1.7832618754704366e+18, 1.7832618767774367e+18, 1.7832618767654367e+18, 1.7832618769644367e+18, 1.7832618772094367e+18, 1.7832618776894367e+18], 'frequencies': [2412, 2412, 2437, 2462, 5500, 5320, 5540, 5580, 5660]}
29 51 1783261878893500315
{'names': ['NU-AP06163', 'NU-AP06167', 'NU-AP06164', 'NU-AP06162', 'NU-AP06163', 'NU-AP06162', 'NU-AP06164', 'NU-AP07183', 'NU-AP06167'], 'addresses': ['48:00:b3:5f:46:a0', '48:00:b3:5e:0b:e0', '48:00:b3:5f:72:e0', '48:00:b3:5a:90:80', '48:00:b3:5f:46:ad', '48:00:b3:5a:90:8f', '48:00:b3:5f:72:ef', '48:00:b3:5f:70:2d', '48:00:b3:5e:0b:ed'], 'ssids': ['iotroam', 'iotroam', 'iotroam', 'iotroam', 'VU-Campusnet', 'iotroam', 'iotroam', 'VU-Campusnet', 'VU-Campusnet'], 'signals': [-55, -72, -60, -75, -60, -74, -69, -82, -79], 'timestamps': [1.7832618751495004e+18, 1.7832618751595003e+18, 1.7832618753055004e+18, 1.7832618754705004e+18, 1.7832618767775004e+18, 1.7832618767655004e+18, 1.7832618769645005e+18, 1.7832618772095004e+18, 1.7832618776895004e+18], 'frequencies': [2412, 2412, 2437, 2462, 5500, 5320, 5540, 5580, 5660]}
30 51 1783261879050986254
{'names': ['NU-AP06163', 'NU-AP06167', 'NU-AP06164', 'NU-AP06162', 'NU-AP06163', 'NU-AP06162', 'NU-AP06164', 'NU-AP07183', 'NU-AP06167'], 'addresses': ['48:00:b3:5f:46:a0', '48:00:b3:5e:0b:e0', '48:00:b3:5f:72:e0', '48:00:b3:5a:90:80', '48:00:b3:5f:46:ad', '48:00:b3:5a:90:8f', '48:00:b3:5f:72:ef', '48:00:b3:5f:70:2d', '48:00:b3:5e:0b:ed'], 'ssids': ['iotroam', 'iotroam', 'iotroam', 'iotroam', 'VU-Campusnet', 'iotroam', 'iotroam', 'VU-Campusnet', 'VU-Campusnet'], 'signals': [-55, -72, -60, -75, -60, -74, -69, -82, -79], 'timestamps': [1.7832618790439862e+18, 1.7832618751595003e+18, 1.7832618753055004e+18, 1.7832618754705004e+18, 1.7832618767775004e+18, 1.7832618767655004e+18, 1.7832618769645005e+18, 1.7832618772095004e+18, 1.7832618776895004e+18], 'frequencies': [2412, 2412, 2437, 2462, 5500, 5320, 5540, 5580, 5660]}
31 51 1783261879119485066
{'names': ['NU-AP06163', 'NU-AP06167', 'NU-AP06164', 'NU-AP06162', 'NU-AP06163', 'NU-AP06162', 'NU-AP06164', 'NU-AP07183', 'NU-AP06167'], 'addresses': ['48:00:b3:5f:46:a0', '48:00:b3:5e:0b:e0', '48:00:b3:5f:72:e0', '48:00:b3:5a:90:80', '48:00:b3:5f:46:ad', '48:00:b3:5a:90:8f', '48:00:b3:5f:72:ef', '48:00:b3:5f:70:2d', '48:00:b3:5e:0b:ed'], 'ssids': ['iotroam', 'iotroam', 'iotroam', 'iotroam', 'VU-Campusnet', 'iotroam', 'iotroam', 'VU-Campusnet', 'VU-Campusnet'], 'signals': [-55, -72, -60, -75, -60, -74, -69, -82, -79], 'timestamps': [1.783261879044485e+18, 1.7832618751595003e+18, 1.7832618753055004e+18, 1.7832618754705004e+18, 1.7832618767775004e+18, 1.7832618767655004e+18, 1.7832618769645005e+18, 1.7832618772095004e+18, 1.7832618776895004e+18], 'frequencies': [2412, 2412, 2437, 2462, 5500, 5320, 5540, 5580, 5660]}
33 51 1783261879258914696
{'names': ['NU-AP06163', 'NU-AP06167', 'NU-AP06164', 'NU-AP06162', 'NU-AP06163', 'NU-AP06162', 'NU-AP06164', 'NU-AP07183', 'NU-AP06167', 'NU-AP06165'], 'addresses': ['48:00:b3:5f:46:a0', '48:00:b3:5e:0b:e0', '48:00:b3:5f:72:e0', '48:00:b3:5a:90:80', '48:00:b3:5f:46:ad', '48:00:b3:5a:90:8f', '48:00:b3:5f:72:ef', '48:00:b3:5f:70:2d', '48:00:b3:5e:0b:ed', '48:00:b3:5e:17:c1'], 'ssids': ['iotroam', 'iotroam', 'iotroam', 'iotroam', 'VU-Campusnet', 'iotroam', 'iotroam', 'VU-Campusnet', 'VU-Campusnet', 'eduroam'], 'signals': [-55, -72, -60, -75, -60, -74, -69, -82, -79, -76], 'timestamps': [1.783261879044485e+18, 1.7832618751595003e+18, 1.7832618791909148e+18, 1.7832618754705004e+18, 1.7832618767775004e+18, 1.7832618767655004e+18, 1.7832618769645005e+18, 1.7832618772095004e+18, 1.7832618776895004e+18, 1.783261879189915e+18], 'frequencies': [2412, 2412, 2437, 2462, 5500, 5320, 5540, 5580, 5660, 2437]}
36 51 1783261879395937597
{'names': ['NU-AP06163', 'NU-AP06167', 'NU-AP06164', 'NU-AP06162', 'NU-AP06163', 'NU-AP06162', 'NU-AP06164', 'NU-AP07183', 'NU-AP06167', 'NU-AP06165'], 'addresses': ['48:00:b3:5f:46:a0', '48:00:b3:5e:0b:e0', '48:00:b3:5f:72:e0', '48:00:b3:5a:90:81', '48:00:b3:5f:46:ad', '48:00:b3:5a:90:8f', '48:00:b3:5f:72:ef', '48:00:b3:5f:70:2d', '48:00:b3:5e:0b:ed', '48:00:b3:5e:17:c1'], 'ssids': ['iotroam', 'iotroam', 'iotroam', 'eduroam', 'VU-Campusnet', 'iotroam', 'iotroam', 'VU-Campusnet', 'VU-Campusnet', 'eduroam'], 'signals': [-55, -72, -60, -74, -60, -74, -69, -82, -79, -76], 'timestamps': [1.783261879044485e+18, 1.7832618751595003e+18, 1.7832618791909376e+18, 1.7832618793619374e+18, 1.7832618767775004e+18, 1.7832618767655004e+18, 1.7832618769645005e+18, 1.7832618772095004e+18, 1.7832618776895004e+18, 1.7832618791899377e+18], 'frequencies': [2412, 2412, 2437, 2462, 5500, 5320, 5540, 5580, 5660, 2437]}
36 53 1783261880825863550
{'names': ['NU-AP06163', 'NU-AP06167', 'NU-AP06164', 'NU-AP06162', 'NU-AP06163', 'NU-AP06162', 'NU-AP06164', 'NU-AP07183', 'NU-AP06167', 'NU-AP06165'], 'addresses': ['48:00:b3:5f:46:a0', '48:00:b3:5e:0b:e0', '48:00:b3:5f:72:e0', '48:00:b3:5a:90:81', '48:00:b3:5f:46:ae', '48:00:b3:5a:90:8f', '48:00:b3:5f:72:ef', '48:00:b3:5f:70:2d', '48:00:b3:5e:0b:ed', '48:00:b3:5e:17:c1'], 'ssids': ['iotroam', 'iotroam', 'iotroam', 'eduroam', 'eduroam', 'iotroam', 'iotroam', 'VU-Campusnet', 'VU-Campusnet', 'eduroam'], 'signals': [-55, -72, -60, -74, -62, -75, -69, -82, -79, -76], 'timestamps': [1.783261879044485e+18, 1.7832618751595003e+18, 1.7832618791909376e+18, 1.7832618793619374e+18, 1.7832618807698634e+18, 1.7832618807578634e+18, 1.7832618769645005e+18, 1.7832618772095004e+18, 1.7832618776895004e+18, 1.7832618791899377e+18], 'frequencies': [2412, 2412, 2437, 2462, 5500, 5320, 5540, 5580, 5660, 2437]}
36 54 1783261880969317190
{'names': ['NU-AP06163', 'NU-AP06167', 'NU-AP06164', 'NU-AP06162', 'NU-AP06163', 'NU-AP06162', 'NU-AP06164', 'NU-AP07183', 'NU-AP06167', 'NU-AP06165'], 'addresses': ['48:00:b3:5f:46:a0', '48:00:b3:5e:0b:e0', '48:00:b3:5f:72:e0', '48:00:b3:5a:90:81', '48:00:b3:5f:46:ae', '48:00:b3:5a:90:8f', '48:00:b3:5f:72:ef', '48:00:b3:5f:70:2d', '48:00:b3:5e:0b:ed', '48:00:b3:5e:17:c1'], 'ssids': ['iotroam', 'iotroam', 'iotroam', 'eduroam', 'eduroam', 'iotroam', 'iotroam', 'VU-Campusnet', 'VU-Campusnet', 'eduroam'], 'signals': [-55, -72, -60, -74, -62, -75, -69, -82, -79, -76], 'timestamps': [1.783261879044485e+18, 1.7832618751595003e+18, 1.7832618791909376e+18, 1.7832618793619374e+18, 1.7832618807698634e+18, 1.7832618807578634e+18, 1.783261880957317e+18, 1.7832618772095004e+18, 1.7832618776895004e+18, 1.7832618791899377e+18], 'frequencies': [2412, 2412, 2437, 2462, 5500, 5320, 5540, 5580, 5660, 2437]}
36 55 1783261881042447902
{'names': ['NU-AP06163', 'NU-AP06167', 'NU-AP06164', 'NU-AP06162', 'NU-AP06163', 'NU-AP06162', 'NU-AP06164', 'NU-AP07183', 'NU-AP06167', 'NU-AP06165'], 'addresses': ['48:00:b3:5f:46:a0', '48:00:b3:5e:0b:e0', '48:00:b3:5f:72:e0', '48:00:b3:5a:90:81', '48:00:b3:5f:46:ae', '48:00:b3:5a:90:8f', '48:00:b3:5f:72:ef', '48:00:b3:5f:70:2d', '48:00:b3:5e:0b:ed', '48:00:b3:5e:17:c1'], 'ssids': ['iotroam', 'iotroam', 'iotroam', 'eduroam', 'eduroam', 'iotroam', 'iotroam', 'VU-Campusnet', 'VU-Campusnet', 'eduroam'], 'signals': [-55, -72, -60, -74, -62, -75, -69, -82, -79, -76], 'timestamps': [1.783261879044485e+18, 1.7832618751595003e+18, 1.7832618791909376e+18, 1.7832618793619374e+18, 1.7832618807698634e+18, 1.7832618807578634e+18, 1.783261880957448e+18, 1.7832618772095004e+18, 1.7832618776895004e+18, 1.7832618791899377e+18], 'frequencies': [2412, 2412, 2437, 2462, 5500, 5320, 5540, 5580, 5660, 2437]}
39 58 1783261881118971399
{'names': ['NU-AP06163', 'NU-AP06167', 'NU-AP06164', 'NU-AP06162', 'NU-AP06163', 'NU-AP06162', 'NU-AP06164', 'NU-AP07183', 'NU-AP06167', 'NU-AP06165'], 'addresses': ['48:00:b3:5f:46:a0', '48:00:b3:5e:0b:e0', '48:00:b3:5f:72:e0', '48:00:b3:5a:90:81', '48:00:b3:5f:46:ae', '48:00:b3:5a:90:8f', '48:00:b3:5f:72:ef', '48:00:b3:5f:70:2d', '48:00:b3:5e:0b:ed', '48:00:b3:5e:17:c1'], 'ssids': ['iotroam', 'iotroam', 'iotroam', 'eduroam', 'eduroam', 'iotroam', 'iotroam', 'VU-Campusnet', 'VU-Campusnet', 'eduroam'], 'signals': [-55, -72, -60, -74, -62, -75, -69, -82, -79, -76], 'timestamps': [1.783261879044485e+18, 1.7832618751595003e+18, 1.7832618791909714e+18, 1.7832618793619715e+18, 1.7832618807699715e+18, 1.7832618807579715e+18, 1.7832618809579715e+18, 1.7832618772095004e+18, 1.7832618776895004e+18, 1.7832618791899715e+18], 'frequencies': [2412, 2412, 2437, 2462, 5500, 5320, 5540, 5580, 5660, 2437]}
44 63 1783261881272309111
{'names': ['NU-AP06163', 'NU-AP06164', 'NU-AP06162', 'NU-AP06163', 'NU-AP06162', 'NU-AP06164', 'NU-AP07183', 'NU-AP06167', 'NU-AP06165'], 'addresses': ['48:00:b3:5f:46:a0', '48:00:b3:5f:72:e0', '48:00:b3:5a:90:81', '48:00:b3:5f:46:ae', '48:00:b3:5a:90:8f', '48:00:b3:5f:72:ef', '48:00:b3:5f:70:2d', '48:00:b3:5e:0b:ed', '48:00:b3:5e:17:c1'], 'ssids': ['iotroam', 'iotroam', 'eduroam', 'eduroam', 'iotroam', 'iotroam', 'VU-Campusnet', 'VU-Campusnet', 'eduroam'], 'signals': [-55, -60, -74, -62, -75, -69, -82, -79, -76], 'timestamps': [1.783261879048309e+18, 1.783261879195309e+18, 1.7832618793663089e+18, 1.7832618807743089e+18, 1.783261880762309e+18, 1.783261880962309e+18, 1.783261877213309e+18, 1.783261877693309e+18, 1.783261879194309e+18], 'frequencies': [2412, 2437, 2462, 5500, 5320, 5540, 5580, 5660, 2437]}
