0 1 1783261103452151271
{'names': [], 'addresses': [], 'ssids': [], 'signals': [], 'timestamps': [], 'frequencies': []}
0 2 1783261103525120244
{'names': [], 'addresses': [], 'ssids': [], 'signals': [], 'timestamps': [], 'frequencies': []}
0 3 1783261103596202568
{'names': [], 'addresses': [], 'ssids': [], 'signals': [], 'timestamps': [], 'frequencies': []}
1 4 1783261103638315164
{'names': ['NU-AP06164'], 'addresses': ['48:00:b3:5f:72:e0'], 'ssids': ['iotroam'], 'signals': [-59], 'timestamps': [1.7832611036143153e+18], 'frequencies': [2437]}
2 5 1783261103682778328
{'names': ['NU-AP06164'], 'addresses': ['48:00:b3:5f:72:e0'], 'ssids': ['iotroam'], 'signals': [-59], 'timestamps': [1.7832611036147784e+18], 'frequencies': [2437]}
3 6 1783261103728520739
{'names': ['NU-AP06164'], 'addresses': ['48:00:b3:5f:72:e0'], 'ssids': ['iotroam'], 'signals': [-59], 'timestamps': [1.7832611036155208e+18], 'frequencies': [2437]}
4 7 1783261103773622130
{'names': ['NU-AP06164', 'NU-AP06163'], 'addresses': ['48:00:b3:5f:72:e0', '48:00:b3:5f:46:a0'], 'ssids': ['iotroam', 'iotroam'], 'signals': [-59, -56], 'timestamps': [1.7832611036155208e+18, 1.783261103764622e+18], 'frequencies': [2437, 2462]}
6 8 1783261103818802521
{'names': ['NU-AP06164', 'NU-AP06163', 'NU-AP06162'], 'addresses': ['48:00:b3:5f:72:e0', '48:00:b3:5f:46:a0', '48:00:b3:5a:90:81'], 'ssids': ['iotroam', 'iotroam', 'eduroam'], 'signals': [-59, -56, -73], 'timestamps': [1.7832611036155208e+18, 1.7832611037648026e+18, 1.7832611037808026e+18], 'frequencies': [2437, 2462, 2462]}
6 9 1783261103867674503
{'names': ['NU-AP06164', 'NU-AP06163', 'NU-AP06162'], 'addresses': ['48:00:b3:5f:72:e0', '48:00:b3:5f:46:a0', '48:00:b3:5a:90:81'], 'ssids': ['iotroam', 'iotroam', 'eduroam'], 'signals': [-59, -56, -73], 'timestamps': [1.7832611036155208e+18, 1.7832611037648026e+18, 1.7832611037808026e+18], 'frequencies': [2437, 2462, 2462]}
6 10 1783261103915601194
{'names': ['NU-AP06164', 'NU-AP06163', 'NU-AP06162'], 'addresses': ['48:00:b3:5f:72:e0', '48:00:b3:5f:46:a0', '48:00:b3:5a:90:81'], 'ssids': ['iotroam', 'iotroam', 'eduroam'], 'signals': [-59, -56, -73], 'timestamps': [1.7832611036155208e+18, 1.7832611037648026e+18, 1.7832611037808026e+18], 'frequencies': [2437, 2462, 2462]}
6 11 1783261103961974054
{'names': ['NU-AP06164', 'NU-AP06163', 'NU-AP06162'], 'addresses': ['48:00:b3:5f:72:e0', '48:00:b3:5f:46:a0', '48:00:b3:5a:90:81'], 'ssids': ['iotroam', 'iotroam', 'eduroam'], 'signals': [-59, -56, -73], 'timestamps': [1.7832611036155208e+18, 1.7832611037648026e+18, 1.7832611037808026e+18], 'frequencies': [2437, 2462, 2462]}
8 12 1783261104009880528
{'names': ['NU-AP06164', 'NU-AP06163', 'NU-AP06162'], 'addresses': ['48:00:b3:5f:72:e0', '48:00:b3:5f:46:a0', '48:00:b3:5a:90:81'], 'ssids': ['iotroam', 'iotroam', 'eduroam'], 'signals': [-59, -56, -73], 'timestamps': [1.7832611036155208e+18, 1.7832611037648806e+18, 1.7832611037808806e+18], 'frequencies': [2437, 2462, 2462]}
8 13 1783261104057761635
{'names': ['NU-AP06164', 'NU-AP06163', 'NU-AP06162'], 'addresses': ['48:00:b3:5f:72:e0', '48:00:b3:5f:46:a0', '48:00:b3:5a:90:81'], 'ssids': ['iotroam', 'iotroam', 'eduroam'], 'signals': [-59, -56, -73], 'timestamps': [1.7832611036155208e+18, 1.7832611037648806e+18, 1.7832611037808806e+18], 'frequencies': [2437, 2462, 2462]}
8 14 1783261104104941378
{'names': ['NU-AP06164', 'NU-AP06163', 'NU-AP06162'], 'addresses': ['48:00:b3:5f:72:e0', '48:00:b3:5f:46:a0', '48:00:b3:5a:90:81'], 'ssids': ['iotroam', 'iotroam', 'eduroam'], 'signals': [-59, -56, -73], 'timestamps': [1.7832611036155208e+18, 1.7832611037648806e+18, 1.7832611037808806e+18], 'frequencies': [2437, 2462, 2462]}
10 15 1783261104152228918
{'names': ['NU-AP06164', 'NU-AP06163', 'NU-AP06162'], 'addresses': ['48:00:b3:5f:72:e0', '48:00:b3:5f:46:a0', '48:00:b3:5a:90:81'], 'ssids': ['iotroam', 'iotroam', 'eduroam'], 'signals': [-59, -56, -73], 'timestamps': [1.7832611036155208e+18, 1.7832611037652288e+18, 1.7832611037812288e+18], 'frequencies': [2437, 2462, 2462]}
10 16 1783261104202749122
{'names': ['NU-AP06164', 'NU-AP06163', 'NU-AP06162'], 'addresses': ['48:00:b3:5f:72:e0', '48:00:b3:5f:46:a0', '48:00:b3:5a:90:81'], 'ssids': ['iotroam', 'iotroam', 'eduroam'], 'signals': [-59, -56, -73], 'timestamps': [1.7832611036155208e+18, 1.7832611037652288e+18, 1.7832611037812288e+18], 'frequencies': [2437, 2462, 2462]}
10 17 1783261104251400185
{'names': ['NU-AP06164', 'NU-AP06163', 'NU-AP06162'], 'addresses': ['48:00:b3:5f:72:e0', '48:00:b3:5f:46:a0', '48:00:b3:5a:90:81'], 'ssids': ['iotroam', 'iotroam', 'eduroam'], 'signals': [-59, -56, -73], 'timestamps': [1.7832611036155208e+18, 1.7832611037652288e+18, 1.7832611037812288e+18], 'frequencies': [2437, 2462, 2462]}
10 18 1783261104298639121
{'names': ['NU-AP06164', 'NU-AP06163', 'NU-AP06162'], 'addresses': ['48:00:b3:5f:72:e0', '48:00:b3:5f:46:a0', '48:00:b3:5a:90:81'], 'ssids': ['iotroam', 'iotroam', 'eduroam'], 'signals': [-59, -56, -73], 'timestamps': [1.7832611036155208e+18, 1.7832611037652288e+18, 1.7832611037812288e+18], 'frequencies': [2437, 2462, 2462]}
10 19 1783261104345081526
{'names': ['NU-AP06164', 'NU-AP06163', 'NU-AP06162'], 'addresses': ['48:00:b3:5f:72:e0', '48:00:b3:5f:46:a0', '48:00:b3:5a:90:81'], 'ssids': ['iotroam', 'iotroam', 'eduroam'], 'signals': [-59, -56, -73], 'timestamps': [1.7832611036155208e+18, 1.7832611037652288e+18, 1.7832611037812288e+18], 'frequencies': [2437, 2462, 2462]}
10 20 1783261104392137557
{'names': ['NU-AP06164', 'NU-AP06163', 'NU-AP06162'], 'addresses': ['48:00:b3:5f:72:e0', '48:00:b3:5f:46:a0', '48:00:b3:5a:90:81'], 'ssids': ['iotroam', 'iotroam', 'eduroam'], 'signals': [-59, -56, -73], 'timestamps': [1.7832611036155208e+18, 1.7832611037652288e+18, 1.7832611037812288e+18], 'frequencies': [2437, 2462, 2462]}
10 21 1783261104440176420
{'names': ['NU-AP06164', 'NU-AP06163', 'NU-AP06162'], 'addresses': ['48:00:b3:5f:72:e0', '48:00:b3:5f:46:a0', '48:00:b3:5a:90:81'], 'ssids': ['iotroam', 'iotroam', 'eduroam'], 'signals': [-59, -56, -73], 'timestamps': [1.7832611036155208e+18, 1.7832611037652288e+18, 1.7832611037812288e+18], 'frequencies': [2437, 2462, 2462]}
10 22 1783261104488334539
{'names': ['NU-AP06164', 'NU-AP06163', 'NU-AP06162'], 'addresses': ['48:00:b3:5f:72:e0', '48:00:b3:5f:46:a0', '48:00:b3:5a:90:81'], 'ssids': ['iotroam', 'iotroam', 'eduroam'], 'signals': [-59, -56, -73], 'timestamps': [1.7832611036155208e+18, 1.7832611037652288e+18, 1.7832611037812288e+18], 'frequencies': [2437, 2462, 2462]}
10 23 1783261104535001953
{'names': ['NU-AP06164', 'NU-AP06163', 'NU-AP06162'], 'addresses': ['48:00:b3:5f:72:e0', '48:00:b3:5f:46:a0', '48:00:b3:5a:90:81'], 'ssids': ['iotroam', 'iotroam', 'eduroam'], 'signals': [-59, -56, -73], 'timestamps': [1.7832611036155208e+18, 1.7832611037652288e+18, 1.7832611037812288e+18], 'frequencies': [2437, 2462, 2462]}
10 24 1783261104584414165
{'names': ['NU-AP06164', 'NU-AP06163', 'NU-AP06162'], 'addresses': ['48:00:b3:5f:72:e0', '48:00:b3:5f:46:a0', '48:00:b3:5a:90:81'], 'ssids': ['iotroam', 'iotroam', 'eduroam'], 'signals': [-59, -56, -73], 'timestamps': [1.7832611036155208e+18, 1.7832611037652288e+18, 1.7832611037812288e+18], 'frequencies': [2437, 2462, 2462]}
10 25 1783261104631628627
{'names': ['NU-AP06164', 'NU-AP06163', 'NU-AP06162'], 'addresses': ['48:00:b3:5f:72:e0', '48:00:b3:5f:46:a0', '48:00:b3:5a:90:81'], 'ssids': ['iotroam', 'iotroam', 'eduroam'], 'signals': [-59, -56, -73], 'timestamps': [1.7832611036155208e+18, 1.7832611037652288e+18, 1.7832611037812288e+18], 'frequencies': [2437, 2462, 2462]}
10 26 1783261104678674903
{'names': ['NU-AP06164', 'NU-AP06163', 'NU-AP06162'], 'addresses': ['48:00:b3:5f:72:e0', '48:00:b3:5f:46:a0', '48:00:b3:5a:90:81'], 'ssids': ['iotroam', 'iotroam', 'eduroam'], 'signals': [-59, -56, -73], 'timestamps': [1.7832611036155208e+18, 1.7832611037652288e+18, 1.7832611037812288e+18], 'frequencies': [2437, 2462, 2462]}
10 27 1783261104727134224
{'names': ['NU-AP06164', 'NU-AP06163', 'NU-AP06162'], 'addresses': ['48:00:b3:5f:72:e0', '48:00:b3:5f:46:a0', '48:00:b3:5a:90:81'], 'ssids': ['iotroam', 'iotroam', 'eduroam'], 'signals': [-59, -56, -73], 'timestamps': [1.7832611036155208e+18, 1.7832611037652288e+18, 1.7832611037812288e+18], 'frequencies': [2437, 2462, 2462]}
10 28 1783261104773827263
{'names': ['NU-AP06164', 'NU-AP06163', 'NU-AP06162'], 'addresses': ['48:00:b3:5f:72:e0', '48:00:b3:5f:46:a0', '48:00:b3:5a:90:81'], 'ssids': ['iotroam', 'iotroam', 'eduroam'], 'signals': [-59, -56, -73], 'timestamps': [1.7832611036155208e+18, 1.7832611037652288e+18, 1.7832611037812288e+18], 'frequencies': [2437, 2462, 2462]}
10 29 1783261104821453119
{'names': ['NU-AP06164', 'NU-AP06163', 'NU-AP06162'], 'addresses': ['48:00:b3:5f:72:e0', '48:00:b3:5f:46:a0', '48:00:b3:5a:90:81'], 'ssids': ['iotroam', 'iotroam', 'eduroam'], 'signals': [-59, -56, -73], 'timestamps': [1.7832611036155208e+18, 1.7832611037652288e+18, 1.7832611037812288e+18], 'frequencies': [2437, 2462, 2462]}
10 30 1783261104870091949
{'names': ['NU-AP06164', 'NU-AP06163', 'NU-AP06162'], 'addresses': ['48:00:b3:5f:72:e0', '48:00:b3:5f:46:a0', '48:00:b3:5a:90:81'], 'ssids': ['iotroam', 'iotroam', 'eduroam'], 'signals': [-59, -56, -73], 'timestamps': [1.7832611036155208e+18, 1.7832611037652288e+18, 1.7832611037812288e+18], 'frequencies': [2437, 2462, 2462]}
10 31 1783261104918164721
{'names': ['NU-AP06164', 'NU-AP06163', 'NU-AP06162'], 'addresses': ['48:00:b3:5f:72:e0', '48:00:b3:5f:46:a0', '48:00:b3:5a:90:81'], 'ssids': ['iotroam', 'iotroam', 'eduroam'], 'signals': [-59, -56, -73], 'timestamps': [1.7832611036155208e+18, 1.7832611037652288e+18, 1.7832611037812288e+18], 'frequencies': [2437, 2462, 2462]}
10 32 1783261104965694681
{'names': ['NU-AP06164', 'NU-AP06163', 'NU-AP06162'], 'addresses': ['48:00:b3:5f:72:e0', '48:00:b3:5f:46:a0', '48:00:b3:5a:90:81'], 'ssids': ['iotroam', 'iotroam', 'eduroam'], 'signals': [-59, -56, -73], 'timestamps': [1.7832611036155208e+18, 1.7832611037652288e+18, 1.7832611037812288e+18], 'frequencies': [2437, 2462, 2462]}
10 33 1783261105013953858
{'names': ['NU-AP06164', 'NU-AP06163', 'NU-AP06162'], 'addresses': ['48:00:b3:5f:72:e0', '48:00:b3:5f:46:a0', '48:00:b3:5a:90:81'], 'ssids': ['iotroam', 'iotroam', 'eduroam'], 'signals': [-59, -56, -73], 'timestamps': [1.7832611036155208e+18, 1.7832611037652288e+18, 1.7832611037812288e+18], 'frequencies': [2437, 2462, 2462]}
10 34 1783261105062993330
{'names': ['NU-AP06164', 'NU-AP06163', 'NU-AP06162'], 'addresses': ['48:00:b3:5f:72:e0', '48:00:b3:5f:46:a0', '48:00:b3:5a:90:81'], 'ssids': ['iotroam', 'iotroam', 'eduroam'], 'signals': [-59, -56, -73], 'timestamps': [1.7832611036155208e+18, 1.7832611037652288e+18, 1.7832611037812288e+18], 'frequencies': [2437, 2462, 2462]}
10 35 1783261105110157288
{'names': ['NU-AP06164', 'NU-AP06163', 'NU-AP06162'], 'addresses': ['48:00:b3:5f:72:e0', '48:00:b3:5f:46:a0', '48:00:b3:5a:90:81'], 'ssids': ['iotroam', 'iotroam', 'eduroam'], 'signals': [-59, -56, -73], 'timestamps': [1.7832611036155208e+18, 1.7832611037652288e+18, 1.7832611037812288e+18], 'frequencies': [2437, 2462, 2462]}
12 37 1783261105158466018
{'names': ['NU-AP06164', 'NU-AP06163', 'NU-AP06162', 'NU-AP06163', 'NU-AP06162'], 'addresses': ['48:00:b3:5f:72:e0', '48:00:b3:5f:46:a0', '48:00:b3:5a:90:81', '48:00:b3:5f:46:ae', '48:00:b3:5a:90:8f'], 'ssids': ['iotroam', 'iotroam', 'eduroam', 'eduroam', 'iotroam'], 'signals': [-59, -56, -73, -58, -73], 'timestamps': [1.7832611036155208e+18, 1.783261103765466e+18, 1.783261103781466e+18, 1.783261105129466e+18, 1.783261105112466e+18], 'frequencies': [2437, 2462, 2462, 5500, 5320]}
15 39 1783261105214554820
{'names': ['NU-AP06164', 'NU-AP06163', 'NU-AP06162', 'NU-AP06163', 'NU-AP06162'], 'addresses': ['48:00:b3:5f:72:e0', '48:00:b3:5f:46:a0', '48:00:b3:5a:90:81', '48:00:b3:5f:46:ae', '48:00:b3:5a:90:8f'], 'ssids': ['iotroam', 'iotroam', 'eduroam', 'eduroam', 'iotroam'], 'signals': [-59, -56, -73, -58, -73], 'timestamps': [1.7832611036155548e+18, 1.783261103765555e+18, 1.783261103781555e+18, 1.783261105129555e+18, 1.783261105112555e+18], 'frequencies': [2437, 2462, 2462, 5500, 5320]}
18 41 1783261105270718836
{'names': ['NU-AP06164', 'NU-AP06163', 'NU-AP06162', 'NU-AP06163', 'NU-AP06162'], 'addresses': ['48:00:b3:5f:72:e0', '48:00:b3:5f:46:a0', '48:00:b3:5a:90:81', '48:00:b3:5f:46:ae', '48:00:b3:5a:90:8f'], 'ssids': ['iotroam', 'iotroam', 'eduroam', 'eduroam', 'iotroam'], 'signals': [-59, -56, -73, -58, -73], 'timestamps': [1.7832611036157187e+18, 1.7832611037657188e+18, 1.7832611037817188e+18, 1.7832611051297188e+18, 1.7832611051127188e+18], 'frequencies': [2437, 2462, 2462, 5500, 5320]}
21 44 1783261105432971458
{'names': ['NU-AP06164', 'NU-AP06163', 'NU-AP06162', 'NU-AP06163', 'NU-AP06162', 'NU-AP06164'], 'addresses': ['48:00:b3:5f:72:e0', '48:00:b3:5f:46:a0', '48:00:b3:5a:90:81', '48:00:b3:5f:46:ae', '48:00:b3:5a:90:8f', '48:00:b3:5f:72:ef'], 'ssids': ['iotroam', 'iotroam', 'eduroam', 'eduroam', 'iotroam', 'iotroam'], 'signals': [-59, -56, -73, -58, -73, -69], 'timestamps': [1.7832611036159716e+18, 1.7832611037659715e+18, 1.7832611037819715e+18, 1.7832611051299715e+18, 1.7832611051129715e+18, 1.7832611054329715e+18], 'frequencies': [2437, 2462, 2462, 5500, 5320, 5540]}
21 45 1783261105492250205
{'names': ['NU-AP06164', 'NU-AP06163', 'NU-AP06162', 'NU-AP06163', 'NU-AP06162', 'NU-AP06164'], 'addresses': ['48:00:b3:5f:72:e0', '48:00:b3:5f:46:a0', '48:00:b3:5a:90:81', '48:00:b3:5f:46:ae', '48:00:b3:5a:90:8f', '48:00:b3:5f:72:ef'], 'ssids': ['iotroam', 'iotroam', 'eduroam', 'eduroam', 'iotroam', 'iotroam'], 'signals': [-59, -56, -73, -58, -73, -69], 'timestamps': [1.7832611036159716e+18, 1.7832611037659715e+18, 1.7832611037819715e+18, 1.7832611051299715e+18, 1.7832611051129715e+18, 1.7832611054352502e+18], 'frequencies': [2437, 2462, 2462, 5500, 5320, 5540]}
21 46 1783261105611640054
{'names': ['NU-AP06164', 'NU-AP06163', 'NU-AP06162', 'NU-AP06163', 'NU-AP06162', 'NU-AP06164'], 'addresses': ['48:00:b3:5f:72:e0', '48:00:b3:5f:46:a0', '48:00:b3:5a:90:81', '48:00:b3:5f:46:ae', '48:00:b3:5a:90:8f', '48:00:b3:5f:72:ef'], 'ssids': ['iotroam', 'iotroam', 'eduroam', 'eduroam', 'iotroam', 'iotroam'], 'signals': [-59, -56, -73, -58, -73, -69], 'timestamps': [1.7832611036159716e+18, 1.7832611037659715e+18, 1.7832611037819715e+18, 1.7832611051299715e+18, 1.7832611051129715e+18, 1.78326110543564e+18], 'frequencies': [2437, 2462, 2462, 5500, 5320, 5540]}
21 47 1783261106068771813
{'names': ['NU-AP06164', 'NU-AP06163', 'NU-AP06162', 'NU-AP06163', 'NU-AP06162', 'NU-AP06164'], 'addresses': ['48:00:b3:5f:72:e0', '48:00:b3:5f:46:a0', '48:00:b3:5a:90:81', '48:00:b3:5f:46:ae', '48:00:b3:5a:90:8f', '48:00:b3:5f:72:ef'], 'ssids': ['iotroam', 'iotroam', 'eduroam', 'eduroam', 'iotroam', 'iotroam'], 'signals': [-59, -56, -73, -58, -73, -69], 'timestamps': [1.7832611036159716e+18, 1.7832611037659715e+18, 1.7832611037819715e+18, 1.7832611051299715e+18, 1.7832611051129715e+18, 1.783261105435772e+18], 'frequencies': [2437, 2462, 2462, 5500, 5320, 5540]}
24 51 1783261106358175867
{'names': ['NU-AP06164', 'NU-AP06163', 'NU-AP06162', 'NU-AP06163', 'NU-AP06162', 'NU-AP06164', 'NU-AP06167'], 'addresses': ['48:00:b3:5f:72:e0', '48:00:b3:5f:46:a0', '48:00:b3:5a:90:81', '48:00:b3:5f:46:ae', '48:00:b3:5a:90:8f', '48:00:b3:5f:72:ef', '48:00:b3:5e:0b:ed'], 'ssids': ['iotroam', 'iotroam', 'eduroam', 'eduroam', 'iotroam', 'iotroam', 'VU-Campusnet'], 'signals': [-59, -56, -73, -58, -73, -69, -79], 'timestamps': [1.7832611036161756e+18, 1.7832611037661757e+18, 1.7832611037821757e+18, 1.7832611051301757e+18, 1.7832611051131758e+18, 1.783261105436176e+18, 1.7832611063441756e+18], 'frequencies': [2437, 2462, 2462, 5500, 5320, 5540, 5660]}
27 55 1783261106536217351
{'names': ['NU-AP06164', 'NU-AP06163', 'NU-AP06162', 'NU-AP06163', 'NU-AP06162', 'NU-AP06164', 'NU-AP06167'], 'addresses': ['48:00:b3:5f:72:e0', '48:00:b3:5f:46:a0', '48:00:b3:5a:90:81', '48:00:b3:5f:46:ae', '48:00:b3:5a:90:8f', '48:00:b3:5f:72:ef', '48:00:b3:5e:0b:ed'], 'ssids': ['iotroam', 'iotroam', 'eduroam', 'eduroam', 'iotroam', 'iotroam', 'VU-Campusnet'], 'signals': [-59, -56, -73, -58, -73, -69, -79], 'timestamps': [1.7832611036162173e+18, 1.7832611037662172e+18, 1.7832611037822172e+18, 1.7832611051302175e+18, 1.7832611051132173e+18, 1.7832611054362173e+18, 1.7832611063442173e+18], 'frequencies': [2437, 2462, 2462, 5500, 5320, 5540, 5660]}
28 55 1783261107666797626
{'names': ['NU-AP06164', 'NU-AP06163', 'NU-AP06162', 'NU-AP06163', 'NU-AP06162', 'NU-AP06164', 'NU-AP06167', 'NU-AP06167'], 'addresses': ['48:00:b3:5f:72:e0', '48:00:b3:5f:46:a0', '48:00:b3:5a:90:81', '48:00:b3:5f:46:ae', '48:00:b3:5a:90:8f', '48:00:b3:5f:72:ef', '48:00:b3:5e:0b:ed', '48:00:b3:5e:0b:e0'], 'ssids': ['iotroam', 'iotroam', 'eduroam', 'eduroam', 'iotroam', 'iotroam', 'VU-Campusnet', 'iotroam'], 'signals': [-59, -56, -73, -58, -73, -69, -79, -70], 'timestamps': [1.7832611036162173e+18, 1.7832611037662172e+18, 1.7832611037822172e+18, 1.7832611051302175e+18, 1.7832611051132173e+18, 1.7832611054362173e+18, 1.7832611063442173e+18, 1.7832611076597975e+18], 'frequencies': [2437, 2462, 2462, 5500, 5320, 5540, 5660, 2412]}
32 59 1783261107750759074
{'names': ['NU-AP06164', 'NU-AP06163', 'NU-AP06162', 'NU-AP06163', 'NU-AP06162', 'NU-AP06164', 'NU-AP06167', 'NU-AP06167'], 'addresses': ['48:00:b3:5f:72:e0', '48:00:b3:5f:46:a0', '48:00:b3:5a:90:81', '48:00:b3:5f:46:ae', '48:00:b3:5a:90:8f', '48:00:b3:5f:72:ef', '48:00:b3:5e:0b:ed', '48:00:b3:5e:0b:e1'], 'ssids': ['iotroam', 'iotroam', 'eduroam', 'eduroam', 'iotroam', 'iotroam', 'VU-Campusnet', 'eduroam'], 'signals': [-59, -56, -73, -58, -73, -69, -79, -71], 'timestamps': [1.7832611036177592e+18, 1.783261103767759e+18, 1.783261103783759e+18, 1.783261105131759e+18, 1.7832611051147592e+18, 1.7832611054377592e+18, 1.7832611063457592e+18, 1.783261107671759e+18], 'frequencies': [2437, 2462, 2462, 5500, 5320, 5540, 5660, 2412]}
33 59 1783261107825050712
{'names': ['NU-AP06164', 'NU-AP06163', 'NU-AP06162', 'NU-AP06163', 'NU-AP06162', 'NU-AP06164', 'NU-AP06167', 'NU-AP06167'], 'addresses': ['48:00:b3:5f:72:e0', '48:00:b3:5f:46:a0', '48:00:b3:5a:90:81', '48:00:b3:5f:46:ae', '48:00:b3:5a:90:8f', '48:00:b3:5f:72:ef', '48:00:b3:5e:0b:ed', '48:00:b3:5e:0b:e1'], 'ssids': ['iotroam', 'iotroam', 'eduroam', 'eduroam', 'iotroam', 'iotroam', 'VU-Campusnet', 'eduroam'], 'signals': [-60, -56, -73, -58, -73, -69, -79, -71], 'timestamps': [1.7832611078050506e+18, 1.783261103767759e+18, 1.783261103783759e+18, 1.783261105131759e+18, 1.7832611051147592e+18, 1.7832611054377592e+18, 1.7832611063457592e+18, 1.783261107671759e+18], 'frequencies': [2437, 2462, 2462, 5500, 5320, 5540, 5660, 2412]}
34 59 1783261107900697989
{'names': ['NU-AP06164', 'NU-AP06163', 'NU-AP06162', 'NU-AP06163', 'NU-AP06162', 'NU-AP06164', 'NU-AP06167', 'NU-AP06167'], 'addresses': ['48:00:b3:5f:72:e0', '48:00:b3:5f:46:a0', '48:00:b3:5a:90:81', '48:00:b3:5f:46:ae', '48:00:b3:5a:90:8f', '48:00:b3:5f:72:ef', '48:00:b3:5e:0b:ed', '48:00:b3:5e:0b:e1'], 'ssids': ['iotroam', 'iotroam', 'eduroam', 'eduroam', 'iotroam', 'iotroam', 'VU-Campusnet', 'eduroam'], 'signals': [-60, -56, -73, -58, -73, -69, -79, -71], 'timestamps': [1.783261107805698e+18, 1.783261103767759e+18, 1.783261103783759e+18, 1.783261105131759e+18, 1.7832611051147592e+18, 1.7832611054377592e+18, 1.7832611063457592e+18, 1.783261107671759e+18], 'frequencies': [2437, 2462, 2462, 5500, 5320, 5540, 5660, 2412]}
36 59 1783261107970959536
{'names': ['NU-AP06164', 'NU-AP06163', 'NU-AP06162', 'NU-AP06163', 'NU-AP06162', 'NU-AP06164', 'NU-AP06167', 'NU-AP06167'], 'addresses': ['48:00:b3:5f:72:e0', '48:00:b3:5f:46:a0', '48:00:b3:5a:90:81', '48:00:b3:5f:46:ae', '48:00:b3:5a:90:8f', '48:00:b3:5f:72:ef', '48:00:b3:5e:0b:ed', '48:00:b3:5e:0b:e1'], 'ssids': ['iotroam', 'iotroam', 'eduroam', 'eduroam', 'iotroam', 'iotroam', 'VU-Campusnet', 'eduroam'], 'signals': [-60, -56, -73, -58, -73, -69, -79, -71], 'timestamps': [1.7832611078059597e+18, 1.7832611079629596e+18, 1.783261103783759e+18, 1.783261105131759e+18, 1.7832611051147592e+18, 1.7832611054377592e+18, 1.7832611063457592e+18, 1.783261107671759e+18], 'frequencies': [2437, 2462, 2462, 5500, 5320, 5540, 5660, 2412]}
39 59 1783261108043827115
{'names': ['NU-AP06164', 'NU-AP06163', 'NU-AP06162', 'NU-AP06163', 'NU-AP06162', 'NU-AP06164', 'NU-AP06167', 'NU-AP06167'], 'addresses': ['48:00:b3:5f:72:e0', '48:00:b3:5f:46:a0', '48:00:b3:5a:90:81', '48:00:b3:5f:46:ae', '48:00:b3:5a:90:8f', '48:00:b3:5f:72:ef', '48:00:b3:5e:0b:ed', '48:00:b3:5e:0b:e1'], 'ssids': ['iotroam', 'iotroam', 'eduroam', 'eduroam', 'iotroam', 'iotroam', 'VU-Campusnet', 'eduroam'], 'signals': [-60, -56, -73, -58, -73, -69, -79, -71], 'timestamps': [1.7832611078068273e+18, 1.7832611079638272e+18, 1.7832611079828273e+18, 1.783261105131759e+18, 1.7832611051147592e+18, 1.7832611054377592e+18, 1.7832611063457592e+18, 1.783261107671759e+18], 'frequencies': [2437, 2462, 2462, 5500, 5320, 5540, 5660, 2412]}
42 59 1783261108840995311
{'names': ['NU-AP06164', 'NU-AP06163', 'NU-AP06162', 'NU-AP06163', 'NU-AP06162', 'NU-AP06164', 'NU-AP06167', 'NU-AP06167'], 'addresses': ['48:00:b3:5f:72:e0', '48:00:b3:5f:46:a0', '48:00:b3:5a:90:81', '48:00:b3:5f:46:ae', '48:00:b3:5a:90:8f', '48:00:b3:5f:72:ef', '48:00:b3:5e:0b:ed', '48:00:b3:5e:0b:e1'], 'ssids': ['iotroam', 'iotroam', 'eduroam', 'eduroam', 'iotroam', 'iotroam', 'VU-Campusnet', 'eduroam'], 'signals': [-60, -56, -73, -58, -73, -69, -79, -71], 'timestamps': [1.7832611078069955e+18, 1.7832611079639954e+18, 1.7832611079829955e+18, 1.783261105131759e+18, 1.7832611051147592e+18, 1.7832611054377592e+18, 1.7832611063457592e+18, 1.783261107671759e+18], 'frequencies': [2437, 2462, 2462, 5500, 5320, 5540, 5660, 2412]}
42 60 1783261109391846426
{'names': ['NU-AP06164', 'NU-AP06163', 'NU-AP06162', 'NU-AP06163', 'NU-AP06162', 'NU-AP06164', 'NU-AP06167', 'NU-AP06167'], 'addresses': ['48:00:b3:5f:72:e0', '48:00:b3:5f:46:a0', '48:00:b3:5a:90:81', '48:00:b3:5f:46:ae', '48:00:b3:5a:90:8d', '48:00:b3:5f:72:ef', '48:00:b3:5e:0b:ed', '48:00:b3:5e:0b:e1'], 'ssids': ['iotroam', 'iotroam', 'eduroam', 'eduroam', 'VU-Campusnet', 'iotroam', 'VU-Campusnet', 'eduroam'], 'signals': [-60, -56, -73, -58, -74, -69, -79, -71], 'timestamps': [1.7832611078069955e+18, 1.7832611079639954e+18, 1.7832611079829955e+18, 1.783261105131759e+18, 1.7832611093878464e+18, 1.7832611054377592e+18, 1.7832611063457592e+18, 1.783261107671759e+18], 'frequencies': [2437, 2462, 2462, 5500, 5320, 5540, 5660, 2412]}
42 61 1783261109462408305
{'names': ['NU-AP06164', 'NU-AP06163', 'NU-AP06162', 'NU-AP06163', 'NU-AP06162', 'NU-AP06164', 'NU-AP06167', 'NU-AP06167'], 'addresses': ['48:00:b3:5f:72:e0', '48:00:b3:5f:46:a0', '48:00:b3:5a:90:81', '48:00:b3:5f:46:ae', '48:00:b3:5a:90:8d', '48:00:b3:5f:72:ef', '48:00:b3:5e:0b:ed', '48:00:b3:5e:0b:e1'], 'ssids': ['iotroam', 'iotroam', 'eduroam', 'eduroam', 'VU-Campusnet', 'iotroam', 'VU-Campusnet', 'eduroam'], 'signals': [-60, -56, -73, -57, -74, -69, -79, -71], 'timestamps': [1.7832611078069955e+18, 1.7832611079639954e+18, 1.7832611079829955e+18, 1.7832611094034081e+18, 1.7832611093878464e+18, 1.7832611054377592e+18, 1.7832611063457592e+18, 1.783261107671759e+18], 'frequencies': [2437, 2462, 2462, 5500, 5320, 5540, 5660, 2412]}
42 62 1783261109534479958
{'names': ['NU-AP06164', 'NU-AP06163', 'NU-AP06162', 'NU-AP06163', 'NU-AP06162', 'NU-AP06164', 'NU-AP06167', 'NU-AP06167'], 'addresses': ['48:00:b3:5f:72:e0', '48:00:b3:5f:46:a0', '48:00:b3:5a:90:81', '48:00:b3:5f:46:ae', '48:00:b3:5a:90:8d', '48:00:b3:5f:72:ef', '48:00:b3:5e:0b:ed', '48:00:b3:5e:0b:e1'], 'ssids': ['iotroam', 'iotroam', 'eduroam', 'eduroam', 'VU-Campusnet', 'iotroam', 'VU-Campusnet', 'eduroam'], 'signals': [-60, -56, -73, -57, -74, -69, -79, -71], 'timestamps': [1.7832611078069955e+18, 1.7832611079639954e+18, 1.7832611079829955e+18, 1.7832611094034798e+18, 1.7832611093878464e+18, 1.7832611054377592e+18, 1.7832611063457592e+18, 1.783261107671759e+18], 'frequencies': [2437, 2462, 2462, 5500, 5320, 5540, 5660, 2412]}
42 64 1783261109606642995
{'names': ['NU-AP06164', 'NU-AP06163', 'NU-AP06162', 'NU-AP06163', 'NU-AP06162', 'NU-AP06164', 'NU-AP06167', 'NU-AP06167'], 'addresses': ['48:00:b3:5f:72:e0', '48:00:b3:5f:46:a0', '48:00:b3:5a:90:81', '48:00:b3:5f:46:ae', '48:00:b3:5a:90:8d', '48:00:b3:5f:72:ee', '48:00:b3:5e:0b:ed', '48:00:b3:5e:0b:e1'], 'ssids': ['iotroam', 'iotroam', 'eduroam', 'eduroam', 'VU-Campusnet', 'eduroam', 'VU-Campusnet', 'eduroam'], 'signals': [-60, -56, -73, -57, -74, -69, -79, -71], 'timestamps': [1.7832611078069955e+18, 1.7832611079639954e+18, 1.7832611079829955e+18, 1.783261109403643e+18, 1.7832611093878464e+18, 1.783261109591643e+18, 1.7832611063457592e+18, 1.783261107671759e+18], 'frequencies': [2437, 2462, 2462, 5500, 5320, 5540, 5660, 2412]}
42 67 1783261109747193670
{'names': ['NU-AP06164', 'NU-AP06163', 'NU-AP06162', 'NU-AP06163', 'NU-AP06162', 'NU-AP06164', 'NU-AP06167', 'NU-AP06167'], 'addresses': ['48:00:b3:5f:72:e0', '48:00:b3:5f:46:a0', '48:00:b3:5a:90:81', '48:00:b3:5f:46:ae', '48:00:b3:5a:90:8d', '48:00:b3:5f:72:ee', '48:00:b3:5e:0b:ed', '48:00:b3:5e:0b:e1'], 'ssids': ['iotroam', 'iotroam', 'eduroam', 'eduroam', 'VU-Campusnet', 'eduroam', 'VU-Campusnet', 'eduroam'], 'signals': [-60, -56, -73, -57, -74, -69, -79, -71], 'timestamps': [1.7832611078069955e+18, 1.7832611079639954e+18, 1.7832611079829955e+18, 1.7832611094041935e+18, 1.7832611093881935e+18, 1.7832611095921935e+18, 1.7832611063457592e+18, 1.783261107671759e+18], 'frequencies': [2437, 2462, 2462, 5500, 5320, 5540, 5660, 2412]}
42 71 1783261109888316286
{'names': ['NU-AP06164', 'NU-AP06163', 'NU-AP06162', 'NU-AP06163', 'NU-AP06162', 'NU-AP06164', 'NU-AP06167', 'NU-AP06167', 'NU-AP07183'], 'addresses': ['48:00:b3:5f:72:e0', '48:00:b3:5f:46:a0', '48:00:b3:5a:90:81', '48:00:b3:5f:46:ae', '48:00:b3:5a:90:8d', '48:00:b3:5f:72:ee', '48:00:b3:5e:0b:ed', '48:00:b3:5e:0b:e1', '48:00:b3:5f:70:2f'], 'ssids': ['iotroam', 'iotroam', 'eduroam', 'eduroam', 'VU-Campusnet', 'eduroam', 'VU-Campusnet', 'eduroam', 'iotroam'], 'signals': [-60, -56, -73, -57, -74, -69, -79, -71, -82], 'timestamps': [1.7832611078069955e+18, 1.7832611079639954e+18, 1.7832611079829955e+18, 1.7832611094043162e+18, 1.7832611093883162e+18, 1.7832611095923162e+18, 1.7832611063457592e+18, 1.783261107671759e+18, 1.783261109821316e+18], 'frequencies': [2437, 2462, 2462, 5500, 5320, 5540, 5660, 2412, 5580]}
42 75 1783261109963630911
{'names': ['NU-AP06164', 'NU-AP06163', 'NU-AP06162', 'NU-AP06163', 'NU-AP06162', 'NU-AP06164', 'NU-AP06167', 'NU-AP06167', 'NU-AP07183'], 'addresses': ['48:00:b3:5f:72:e0', '48:00:b3:5f:46:a0', '48:00:b3:5a:90:81', '48:00:b3:5f:46:ae', '48:00:b3:5a:90:8d', '48:00:b3:5f:72:ee', '48:00:b3:5e:0b:ed', '48:00:b3:5e:0b:e1', '48:00:b3:5f:70:2f'], 'ssids': ['iotroam', 'iotroam', 'eduroam', 'eduroam', 'VU-Campusnet', 'eduroam', 'VU-Campusnet', 'eduroam', 'iotroam'], 'signals': [-60, -56, -73, -57, -74, -69, -79, -71, -82], 'timestamps': [1.7832611078069955e+18, 1.7832611079639954e+18, 1.7832611079829955e+18, 1.7832611094046308e+18, 1.7832611093886308e+18, 1.7832611095926308e+18, 1.7832611063457592e+18, 1.783261107671759e+18, 1.783261109822631e+18], 'frequencies': [2437, 2462, 2462, 5500, 5320, 5540, 5660, 2412, 5580]}
42 79 1783261110038730345
{'names': ['NU-AP06164', 'NU-AP06163', 'NU-AP06162', 'NU-AP06163', 'NU-AP06162', 'NU-AP06164', 'NU-AP06167', 'NU-AP06167', 'NU-AP07183'], 'addresses': ['48:00:b3:5f:72:e0', '48:00:b3:5f:46:a0', '48:00:b3:5a:90:81', '48:00:b3:5f:46:ae', '48:00:b3:5a:90:8d', '48:00:b3:5f:72:ee', '48:00:b3:5e:0b:ed', '48:00:b3:5e:0b:e1', '48:00:b3:5f:70:2f'], 'ssids': ['iotroam', 'iotroam', 'eduroam', 'eduroam', 'VU-Campusnet', 'eduroam', 'VU-Campusnet', 'eduroam', 'iotroam'], 'signals': [-60, -56, -73, -57, -74, -69, -79, -71, -82], 'timestamps': [1.7832611078069955e+18, 1.7832611079639954e+18, 1.7832611079829955e+18, 1.7832611094047304e+18, 1.7832611093887304e+18, 1.78326110959273e+18, 1.7832611063457592e+18, 1.783261107671759e+18, 1.7832611098227302e+18], 'frequencies': [2437, 2462, 2462, 5500, 5320, 5540, 5660, 2412, 5580]}
42 80 1783261110466812877
{'names': ['NU-AP06164', 'NU-AP06163', 'NU-AP06162', 'NU-AP06163', 'NU-AP06162', 'NU-AP06164', 'NU-AP06167', 'NU-AP06167', 'NU-AP07183'], 'addresses': ['48:00:b3:5f:72:e0', '48:00:b3:5f:46:a0', '48:00:b3:5a:90:81', '48:00:b3:5f:46:ae', '48:00:b3:5a:90:8d', '48:00:b3:5f:72:ee', '48:00:b3:5e:0b:ef', '48:00:b3:5e:0b:e1', '48:00:b3:5f:70:2f'], 'ssids': ['iotroam', 'iotroam', 'eduroam', 'eduroam', 'VU-Campusnet', 'eduroam', 'iotroam', 'eduroam', 'iotroam'], 'signals': [-60, -56, -73, -57, -74, -69, -79, -71, -82], 'timestamps': [1.7832611078069955e+18, 1.7832611079639954e+18, 1.7832611079829955e+18, 1.7832611094047304e+18, 1.7832611093887304e+18, 1.78326110959273e+18, 1.7832611104078129e+18, 1.783261107671759e+18, 1.7832611098227302e+18], 'frequencies': [2437, 2462, 2462, 5500, 5320, 5540, 5660, 2412, 5580]}
42 85 1783261110540928791
{'names': ['NU-AP06164', 'NU-AP06163', 'NU-AP06162', 'NU-AP06163', 'NU-AP06162', 'NU-AP06164', 'NU-AP06167', 'NU-AP06167', 'NU-AP07183'], 'addresses': ['48:00:b3:5f:72:e0', '48:00:b3:5f:46:a0', '48:00:b3:5a:90:81', '48:00:b3:5f:46:ae', '48:00:b3:5a:90:8d', '48:00:b3:5f:72:ee', '48:00:b3:5e:0b:ef', '48:00:b3:5e:0b:e1', '48:00:b3:5f:70:2f'], 'ssids': ['iotroam', 'iotroam', 'eduroam', 'eduroam', 'VU-Campusnet', 'eduroam', 'iotroam', 'eduroam', 'iotroam'], 'signals': [-60, -56, -73, -57, -74, -69, -79, -71, -82], 'timestamps': [1.7832611078069955e+18, 1.7832611079639954e+18, 1.7832611079829955e+18, 1.7832611094049288e+18, 1.7832611093889288e+18, 1.7832611095929288e+18, 1.7832611104089288e+18, 1.783261107671759e+18, 1.783261109822929e+18], 'frequencies': [2437, 2462, 2462, 5500, 5320, 5540, 5660, 2412, 5580]}
43 85 1783261111672893823
{'names': ['NU-AP06164', 'NU-AP06163', 'NU-AP06162', 'NU-AP06163', 'NU-AP06162', 'NU-AP06164', 'NU-AP06167', 'NU-AP06167', 'NU-AP07183'], 'addresses': ['48:00:b3:5f:72:e0', '48:00:b3:5f:46:a0', '48:00:b3:5a:90:81', '48:00:b3:5f:46:ae', '48:00:b3:5a:90:8d', '48:00:b3:5f:72:ee', '48:00:b3:5e:0b:ef', '48:00:b3:5e:0b:e0', '48:00:b3:5f:70:2f'], 'ssids': ['iotroam', 'iotroam', 'eduroam', 'eduroam', 'VU-Campusnet', 'eduroam', 'iotroam', 'iotroam', 'iotroam'], 'signals': [-60, -56, -73, -57, -74, -69, -79, -71, -82], 'timestamps': [1.7832611078069955e+18, 1.7832611079639954e+18, 1.7832611079829955e+18, 1.7832611094049288e+18, 1.7832611093889288e+18, 1.7832611095929288e+18, 1.7832611104089288e+18, 1.7832611116688937e+18, 1.783261109822929e+18], 'frequencies': [2437, 2462, 2462, 5500, 5320, 5540, 5660, 2412, 5580]}
44 85 1783261111886790865
{'names': ['NU-AP06164', 'NU-AP06163', 'NU-AP06162', 'NU-AP06163', 'NU-AP06162', 'NU-AP06164', 'NU-AP06167', 'NU-AP06167', 'NU-AP07183'], 'addresses': ['48:00:b3:5f:72:e0', '48:00:b3:5f:46:a0', '48:00:b3:5a:90:81', '48:00:b3:5f:46:ae', '48:00:b3:5a:90:8d', '48:00:b3:5f:72:ee', '48:00:b3:5e:0b:ef', '48:00:b3:5e:0b:e0', '48:00:b3:5f:70:2f'], 'ssids': ['iotroam', 'iotroam', 'eduroam', 'eduroam', 'VU-Campusnet', 'eduroam', 'iotroam', 'iotroam', 'iotroam'], 'signals': [-59, -56, -73, -57, -74, -69, -79, -71, -82], 'timestamps': [1.783261111833791e+18, 1.7832611079639954e+18, 1.7832611079829955e+18, 1.7832611094049288e+18, 1.7832611093889288e+18, 1.7832611095929288e+18, 1.7832611104089288e+18, 1.7832611116688937e+18, 1.783261109822929e+18], 'frequencies': [2437, 2462, 2462, 5500, 5320, 5540, 5660, 2412, 5580]}
46 85 1783261111959490688
{'names': ['NU-AP06164', 'NU-AP06163', 'NU-AP06162', 'NU-AP06163', 'NU-AP06162', 'NU-AP06164', 'NU-AP06167', 'NU-AP06167', 'NU-AP07183'], 'addresses': ['48:00:b3:5f:72:e0', '48:00:b3:5f:46:a0', '48:00:b3:5a:90:81', '48:00:b3:5f:46:ae', '48:00:b3:5a:90:8d', '48:00:b3:5f:72:ee', '48:00:b3:5e:0b:ef', '48:00:b3:5e:0b:e0', '48:00:b3:5f:70:2f'], 'ssids': ['iotroam', 'iotroam', 'eduroam', 'eduroam', 'VU-Campusnet', 'eduroam', 'iotroam', 'iotroam', 'iotroam'], 'signals': [-59, -56, -73, -57, -74, -69, -79, -71, -82], 'timestamps': [1.7832611118344906e+18, 1.7832611079639954e+18, 1.7832611079829955e+18, 1.7832611094049288e+18, 1.7832611093889288e+18, 1.7832611095929288e+18, 1.7832611104089288e+18, 1.7832611116694907e+18, 1.783261109822929e+18], 'frequencies': [2437, 2462, 2462, 5500, 5320, 5540, 5660, 2412, 5580]}
47 85 1783261112034150887
{'names': ['NU-AP06164', 'NU-AP06163', 'NU-AP06162', 'NU-AP06163', 'NU-AP06162', 'NU-AP06164', 'NU-AP06167', 'NU-AP06167', 'NU-AP07183', 'NU-AP05133'], 'addresses': ['48:00:b3:5f:72:e0', '48:00:b3:5f:46:a0', '48:00:b3:5a:90:81', '48:00:b3:5f:46:ae', '48:00:b3:5a:90:8d', '48:00:b3:5f:72:ee', '48:00:b3:5e:0b:ef', '48:00:b3:5e:0b:e0', '48:00:b3:5f:70:2f', '48:00:b3:5f:45:02'], 'ssids': ['iotroam', 'iotroam', 'eduroam', 'eduroam', 'VU-Campusnet', 'eduroam', 'iotroam', 'iotroam', 'iotroam', 'VU-Campusnet'], 'signals': [-59, -56, -73, -57, -74, -69, -79, -71, -82, -80], 'timestamps': [1.7832611118344906e+18, 1.7832611079639954e+18, 1.7832611079829955e+18, 1.7832611094049288e+18, 1.7832611093889288e+18, 1.7832611095929288e+18, 1.7832611104089288e+18, 1.7832611116694907e+18, 1.783261109822929e+18, 1.783261111994151e+18], 'frequencies': [2437, 2462, 2462, 5500, 5320, 5540, 5660, 2412, 5580, 2462]}
50 85 1783261112613551558
{'names': ['NU-AP06164', 'NU-AP06163', 'NU-AP06162', 'NU-AP06163', 'NU-AP06162', 'NU-AP06164', 'NU-AP06167', 'NU-AP06167', 'NU-AP07183', 'NU-AP05133'], 'addresses': ['48:00:b3:5f:72:e0', '48:00:b3:5f:46:a0', '48:00:b3:5a:90:81', '48:00:b3:5f:46:ae', '48:00:b3:5a:90:8d', '48:00:b3:5f:72:ee', '48:00:b3:5e:0b:ef', '48:00:b3:5e:0b:e0', '48:00:b3:5f:70:2f', '48:00:b3:5f:45:02'], 'ssids': ['iotroam', 'iotroam', 'eduroam', 'eduroam', 'VU-Campusnet', 'eduroam', 'iotroam', 'iotroam', 'iotroam', 'VU-Campusnet'], 'signals': [-59, -56, -73, -57, -74, -69, -79, -71, -82, -80], 'timestamps': [1.7832611118345516e+18, 1.7832611079639954e+18, 1.7832611079829955e+18, 1.7832611094049288e+18, 1.7832611093889288e+18, 1.7832611095929288e+18, 1.7832611104089288e+18, 1.7832611116695516e+18, 1.783261109822929e+18, 1.7832611119945516e+18], 'frequencies': [2437, 2462, 2462, 5500, 5320, 5540, 5660, 2412, 5580, 2462]}
55 90 1783261112691289036
{'names': ['NU-AP06164', 'NU-AP06163', 'NU-AP06162', 'NU-AP06163', 'NU-AP06162', 'NU-AP06164', 'NU-AP06167', 'NU-AP06167', 'NU-AP07183', 'NU-AP05133'], 'addresses': ['48:00:b3:5f:72:e0', '48:00:b3:5f:46:a0', '48:00:b3:5a:90:81', '48:00:b3:5f:46:ae', '48:00:b3:5a:90:8d', '48:00:b3:5f:72:ee', '48:00:b3:5e:0b:ef', '48:00:b3:5e:0b:e0', '48:00:b3:5f:70:2f', '48:00:b3:5f:45:02'], 'ssids': ['iotroam', 'iotroam', 'eduroam', 'eduroam', 'VU-Campusnet', 'eduroam', 'iotroam', 'iotroam', 'iotroam', 'VU-Campusnet'], 'signals': [-59, -56, -73, -57, -74, -69, -79, -71, -82, -80], 'timestamps': [1.783261111835289e+18, 1.783261107964289e+18, 1.783261107983289e+18, 1.783261109405289e+18, 1.783261109389289e+18, 1.7832611095932892e+18, 1.7832611104092892e+18, 1.7832611116702892e+18, 1.783261109823289e+18, 1.783261111995289e+18], 'frequencies': [2437, 2462, 2462, 5500, 5320, 5540, 5660, 2412, 5580, 2462]}
60 95 1783261112782341658
{'names': ['NU-AP06164', 'NU-AP06163', 'NU-AP06162', 'NU-AP06163', 'NU-AP06162', 'NU-AP06164', 'NU-AP06167', 'NU-AP06167', 'NU-AP07183', 'NU-AP05133'], 'addresses': ['48:00:b3:5f:72:e0', '48:00:b3:5f:46:a0', '48:00:b3:5a:90:81', '48:00:b3:5f:46:ae', '48:00:b3:5a:90:8d', '48:00:b3:5f:72:ee', '48:00:b3:5e:0b:ef', '48:00:b3:5e:0b:e0', '48:00:b3:5f:70:2f', '48:00:b3:5f:45:02'], 'ssids': ['iotroam', 'iotroam', 'eduroam', 'eduroam', 'VU-Campusnet', 'eduroam', 'iotroam', 'iotroam', 'iotroam', 'VU-Campusnet'], 'signals': [-59, -56, -73, -57, -74, -69, -79, -71, -82, -80], 'timestamps': [1.7832611118353416e+18, 1.7832611079643418e+18, 1.7832611079833416e+18, 1.7832611094053417e+18, 1.7832611093893417e+18, 1.7832611095933417e+18, 1.7832611104093417e+18, 1.7832611116703416e+18, 1.7832611098233416e+18, 1.7832611119953416e+18], 'frequencies': [2437, 2462, 2462, 5500, 5320, 5540, 5660, 2412, 5580, 2462]}
60 96 1783261113379923202
{'names': ['NU-AP06164', 'NU-AP06163', 'NU-AP06162', 'NU-AP06163', 'NU-AP06162', 'NU-AP06164', 'NU-AP06167', 'NU-AP06167', 'NU-AP07183', 'NU-AP05133'], 'addresses': ['48:00:b3:5f:72:e0', '48:00:b3:5f:46:a0', '48:00:b3:5a:90:81', '48:00:b3:5f:46:ae', '48:00:b3:5a:90:8f', '48:00:b3:5f:72:ee', '48:00:b3:5e:0b:ef', '48:00:b3:5e:0b:e0', '48:00:b3:5f:70:2f', '48:00:b3:5f:45:02'], 'ssids': ['iotroam', 'iotroam', 'eduroam', 'eduroam', 'iotroam', 'eduroam', 'iotroam', 'iotroam', 'iotroam', 'VU-Campusnet'], 'signals': [-59, -56, -73, -57, -74, -69, -79, -71, -82, -80], 'timestamps': [1.7832611118353416e+18, 1.7832611079643418e+18, 1.7832611079833416e+18, 1.7832611094053417e+18, 1.783261113369923e+18, 1.7832611095933417e+18, 1.7832611104093417e+18, 1.7832611116703416e+18, 1.7832611098233416e+18, 1.7832611119953416e+18], 'frequencies': [2437, 2462, 2462, 5500, 5320, 5540, 5660, 2412, 5580, 2462]}
60 98 1783261113456242453
{'names': ['NU-AP06164', 'NU-AP06163', 'NU-AP06162', 'NU-AP06163', 'NU-AP06162', 'NU-AP06164', 'NU-AP06167', 'NU-AP06167', 'NU-AP07183', 'NU-AP05133'], 'addresses': ['48:00:b3:5f:72:e0', '48:00:b3:5f:46:a0', '48:00:b3:5a:90:81', '48:00:b3:5f:46:ae', '48:00:b3:5a:90:8f', '48:00:b3:5f:72:ee', '48:00:b3:5e:0b:ef', '48:00:b3:5e:0b:e0', '48:00:b3:5f:70:2f', '48:00:b3:5f:45:02'], 'ssids': ['iotroam', 'iotroam', 'eduroam', 'eduroam', 'iotroam', 'eduroam', 'iotroam', 'iotroam', 'iotroam', 'VU-Campusnet'], 'signals': [-59, -56, -73, -58, -74, -69, -79, -71, -82, -80], 'timestamps': [1.7832611118353416e+18, 1.7832611079643418e+18, 1.7832611079833416e+18, 1.7832611133822423e+18, 1.7832611133702426e+18, 1.7832611095933417e+18, 1.7832611104093417e+18, 1.7832611116703416e+18, 1.7832611098233416e+18, 1.7832611119953416e+18], 'frequencies': [2437, 2462, 2462, 5500, 5320, 5540, 5660, 2412, 5580, 2462]}
60 99 1783261113606542867
{'names': ['NU-AP06164', 'NU-AP06163', 'NU-AP06162', 'NU-AP06163', 'NU-AP06162', 'NU-AP06164', 'NU-AP06167', 'NU-AP06167', 'NU-AP07183', 'NU-AP05133'], 'addresses': ['48:00:b3:5f:72:e0', '48:00:b3:5f:46:a0', '48:00:b3:5a:90:81', '48:00:b3:5f:46:ae', '48:00:b3:5a:90:8f', '48:00:b3:5f:72:ed', '48:00:b3:5e:0b:ef', '48:00:b3:5e:0b:e0', '48:00:b3:5f:70:2f', '48:00:b3:5f:45:02'], 'ssids': ['iotroam', 'iotroam', 'eduroam', 'eduroam', 'iotroam', 'VU-Campusnet', 'iotroam', 'iotroam', 'iotroam', 'VU-Campusnet'], 'signals': [-59, -56, -73, -58, -74, -68, -79, -71, -82, -80], 'timestamps': [1.7832611118353416e+18, 1.7832611079643418e+18, 1.7832611079833416e+18, 1.7832611133822423e+18, 1.7832611133702426e+18, 1.783261113569543e+18, 1.7832611104093417e+18, 1.7832611116703416e+18, 1.7832611098233416e+18, 1.7832611119953416e+18], 'frequencies': [2437, 2462, 2462, 5500, 5320, 5540, 5660, 2412, 5580, 2462]}
60 102 1783261113759308286
{'names': ['NU-AP06164', 'NU-AP06163', 'NU-AP06162', 'NU-AP06163', 'NU-AP06162', 'NU-AP06164', 'NU-AP06167', 'NU-AP06167', 'NU-AP07183', 'NU-AP05133'], 'addresses': ['48:00:b3:5f:72:e0', '48:00:b3:5f:46:a0', '48:00:b3:5a:90:81', '48:00:b3:5f:46:ae', '48:00:b3:5a:90:8f', '48:00:b3:5f:72:ed', '48:00:b3:5e:0b:ef', '48:00:b3:5e:0b:e0', '48:00:b3:5f:70:2f', '48:00:b3:5f:45:02'], 'ssids': ['iotroam', 'iotroam', 'eduroam', 'eduroam', 'iotroam', 'VU-Campusnet', 'iotroam', 'iotroam', 'iotroam', 'VU-Campusnet'], 'signals': [-59, -56, -73, -58, -74, -68, -79, -71, -82, -80], 'timestamps': [1.7832611118353416e+18, 1.7832611079643418e+18, 1.7832611079833416e+18, 1.7832611133823084e+18, 1.7832611133703084e+18, 1.7832611135703084e+18, 1.7832611104093417e+18, 1.7832611116703416e+18, 1.7832611098233416e+18, 1.7832611119953416e+18], 'frequencies': [2437, 2462, 2462, 5500, 5320, 5540, 5660, 2412, 5580, 2462]}
60 103 1783261113835259060
{'names': ['NU-AP06164', 'NU-AP06163', 'NU-AP06162', 'NU-AP06163', 'NU-AP06162', 'NU-AP06164', 'NU-AP06167', 'NU-AP06167', 'NU-AP07183', 'NU-AP05133'], 'addresses': ['48:00:b3:5f:72:e0', '48:00:b3:5f:46:a0', '48:00:b3:5a:90:81', '48:00:b3:5f:46:ae', '48:00:b3:5a:90:8f', '48:00:b3:5f:72:ed', '48:00:b3:5e:0b:ef', '48:00:b3:5e:0b:e0', '48:00:b3:5f:70:2d', '48:00:b3:5f:45:02'], 'ssids': ['iotroam', 'iotroam', 'eduroam', 'eduroam', 'iotroam', 'VU-Campusnet', 'iotroam', 'iotroam', 'VU-Campusnet', 'VU-Campusnet'], 'signals': [-59, -56, -73, -58, -74, -68, -79, -71, -80, -80], 'timestamps': [1.7832611118353416e+18, 1.7832611079643418e+18, 1.7832611079833416e+18, 1.7832611133823084e+18, 1.7832611133703084e+18, 1.7832611135703084e+18, 1.7832611104093417e+18, 1.7832611116703416e+18, 1.7832611137892593e+18, 1.7832611119953416e+18], 'frequencies': [2437, 2462, 2462, 5500, 5320, 5540, 5660, 2412, 5580, 2462]}
60 107 1783261113915610136
{'names': ['NU-AP06164', 'NU-AP06163', 'NU-AP06162', 'NU-AP06163', 'NU-AP06162', 'NU-AP06164', 'NU-AP06167', 'NU-AP06167', 'NU-AP07183', 'NU-AP05133'], 'addresses': ['48:00:b3:5f:72:e0', '48:00:b3:5f:46:a0', '48:00:b3:5a:90:81', '48:00:b3:5f:46:ae', '48:00:b3:5a:90:8f', '48:00:b3:5f:72:ed', '48:00:b3:5e:0b:ef', '48:00:b3:5e:0b:e0', '48:00:b3:5f:70:2d', '48:00:b3:5f:45:02'], 'ssids': ['iotroam', 'iotroam', 'eduroam', 'eduroam', 'iotroam', 'VU-Campusnet', 'iotroam', 'iotroam', 'VU-Campusnet', 'VU-Campusnet'], 'signals': [-59, -56, -73, -58, -74, -68, -79, -71, -80, -80], 'timestamps': [1.7832611118353416e+18, 1.7832611079643418e+18, 1.7832611079833416e+18, 1.7832611133826102e+18, 1.7832611133706102e+18, 1.7832611135706102e+18, 1.7832611104093417e+18, 1.7832611116703416e+18, 1.78326111378961e+18, 1.7832611119953416e+18], 'frequencies': [2437, 2462, 2462, 5500, 5320, 5540, 5660, 2412, 5580, 2462]}
60 111 1783261114145730458
{'names': ['NU-AP06164', 'NU-AP06163', 'NU-AP06162', 'NU-AP06164', 'NU-AP06167', 'NU-AP06167', 'NU-AP07183', 'NU-AP05133'], 'addresses': ['48:00:b3:5f:72:e0', '48:00:b3:5f:46:ae', '48:00:b3:5a:90:8f', '48:00:b3:5f:72:ed', '48:00:b3:5e:0b:ef', '48:00:b3:5e:0b:e0', '48:00:b3:5f:70:2d', '48:00:b3:5f:45:02'], 'ssids': ['iotroam', 'eduroam', 'iotroam', 'VU-Campusnet', 'iotroam', 'iotroam', 'VU-Campusnet', 'VU-Campusnet'], 'signals': [-59, -58, -74, -68, -79, -71, -80, -80], 'timestamps': [1.7832611118353416e+18, 1.7832611133827305e+18, 1.7832611133707305e+18, 1.7832611135707305e+18, 1.7832611104093417e+18, 1.7832611116703416e+18, 1.7832611137897306e+18, 1.7832611119953416e+18], 'frequencies': [2437, 5500, 5320, 5540, 5660, 2412, 5580, 2462]}
62 115 1783261114223026834
{'names': ['NU-AP06164', 'NU-AP06163', 'NU-AP06162', 'NU-AP06164', 'NU-AP06167', 'NU-AP06167', 'NU-AP07183', 'NU-AP05133'], 'addresses': ['48:00:b3:5f:72:e0', '48:00:b3:5f:46:ae', '48:00:b3:5a:90:8f', '48:00:b3:5f:72:ed', '48:00:b3:5e:0b:ef', '48:00:b3:5e:0b:e0', '48:00:b3:5f:70:2d', '48:00:b3:5f:45:02'], 'ssids': ['iotroam', 'eduroam', 'iotroam', 'VU-Campusnet', 'iotroam', 'iotroam', 'VU-Campusnet', 'VU-Campusnet'], 'signals': [-59, -58, -74, -68, -79, -71, -80, -80], 'timestamps': [1.7832611118353416e+18, 1.783261113383027e+18, 1.783261113371027e+18, 1.783261113571027e+18, 1.7832611104093417e+18, 1.7832611116703416e+18, 1.783261113790027e+18, 1.7832611119953416e+18], 'frequencies': [2437, 5500, 5320, 5540, 5660, 2412, 5580, 2462]}
64 116 1783261114300998797
{'names': ['NU-AP06164', 'NU-AP06163', 'NU-AP06162', 'NU-AP06164', 'NU-AP06167', 'NU-AP06167', 'NU-AP07183', 'NU-AP05133'], 'addresses': ['48:00:b3:5f:72:e0', '48:00:b3:5f:46:ae', '48:00:b3:5a:90:8f', '48:00:b3:5f:72:ed', '48:00:b3:5e:0b:ed', '48:00:b3:5e:0b:e0', '48:00:b3:5f:70:2d', '48:00:b3:5f:45:02'], 'ssids': ['iotroam', 'eduroam', 'iotroam', 'VU-Campusnet', 'VU-Campusnet', 'iotroam', 'VU-Campusnet', 'VU-Campusnet'], 'signals': [-59, -58, -74, -68, -78, -71, -80, -80], 'timestamps': [1.7832611118353416e+18, 1.783261113383027e+18, 1.783261113371027e+18, 1.783261113571027e+18, 1.783261114268999e+18, 1.7832611116703416e+18, 1.783261113790027e+18, 1.7832611119953416e+18], 'frequencies': [2437, 5500, 5320, 5540, 5660, 2412, 5580, 2462]}
66 117 1783261114381268504
{'names': ['NU-AP06164', 'NU-AP06163', 'NU-AP06162', 'NU-AP06164', 'NU-AP06167', 'NU-AP06167', 'NU-AP07183', 'NU-AP05133'], 'addresses': ['48:00:b3:5f:72:e0', '48:00:b3:5f:46:ae', '48:00:b3:5a:90:8f', '48:00:b3:5f:72:ed', '48:00:b3:5e:0b:ed', '48:00:b3:5e:0b:e0', '48:00:b3:5f:70:2d', '48:00:b3:5f:45:02'], 'ssids': ['iotroam', 'eduroam', 'iotroam', 'VU-Campusnet', 'VU-Campusnet', 'iotroam', 'VU-Campusnet', 'VU-Campusnet'], 'signals': [-59, -58, -74, -68, -78, -71, -80, -80], 'timestamps': [1.7832611118353416e+18, 1.783261113383027e+18, 1.783261113371027e+18, 1.783261113571027e+18, 1.7832611142692685e+18, 1.7832611116703416e+18, 1.783261113790027e+18, 1.7832611119953416e+18], 'frequencies': [2437, 5500, 5320, 5540, 5660, 2412, 5580, 2462]}
68 117 1783261114459803884
{'names': ['NU-AP06164', 'NU-AP06163', 'NU-AP06162', 'NU-AP06164', 'NU-AP06167', 'NU-AP06167', 'NU-AP07183', 'NU-AP05133'], 'addresses': ['48:00:b3:5f:72:e0', '48:00:b3:5f:46:ae', '48:00:b3:5a:90:8f', '48:00:b3:5f:72:ed', '48:00:b3:5e:0b:ed', '48:00:b3:5e:0b:e0', '48:00:b3:5f:70:2d', '48:00:b3:5f:45:02'], 'ssids': ['iotroam', 'eduroam', 'iotroam', 'VU-Campusnet', 'VU-Campusnet', 'iotroam', 'VU-Campusnet', 'VU-Campusnet'], 'signals': [-59, -58, -74, -68, -78, -71, -80, -80], 'timestamps': [1.7832611118353416e+18, 1.783261113383027e+18, 1.783261113371027e+18, 1.783261113571027e+18, 1.7832611142692685e+18, 1.7832611116703416e+18, 1.783261113790027e+18, 1.7832611119953416e+18], 'frequencies': [2437, 5500, 5320, 5540, 5660, 2412, 5580, 2462]}
70 118 1783261114538405390
{'names': ['NU-AP06164', 'NU-AP06163', 'NU-AP06162', 'NU-AP06164', 'NU-AP06167', 'NU-AP06167', 'NU-AP07183', 'NU-AP05133'], 'addresses': ['48:00:b3:5f:72:e0', '48:00:b3:5f:46:ae', '48:00:b3:5a:90:8f', '48:00:b3:5f:72:ed', '48:00:b3:5e:0b:ed', '48:00:b3:5e:0b:e0', '48:00:b3:5f:70:2d', '48:00:b3:5f:45:02'], 'ssids': ['iotroam', 'eduroam', 'iotroam', 'VU-Campusnet', 'VU-Campusnet', 'iotroam', 'VU-Campusnet', 'VU-Campusnet'], 'signals': [-59, -58, -74, -68, -78, -71, -80, -80], 'timestamps': [1.7832611118353416e+18, 1.783261113383027e+18, 1.783261113371027e+18, 1.783261113571027e+18, 1.7832611142694054e+18, 1.7832611116703416e+18, 1.783261113790027e+18, 1.7832611119953416e+18], 'frequencies': [2437, 5500, 5320, 5540, 5660, 2412, 5580, 2462]}
72 118 1783261114618128946
{'names': ['NU-AP06164', 'NU-AP06163', 'NU-AP06162', 'NU-AP06164', 'NU-AP06167', 'NU-AP06167', 'NU-AP07183', 'NU-AP05133'], 'addresses': ['48:00:b3:5f:72:e0', '48:00:b3:5f:46:ae', '48:00:b3:5a:90:8f', '48:00:b3:5f:72:ed', '48:00:b3:5e:0b:ed', '48:00:b3:5e:0b:e0', '48:00:b3:5f:70:2d', '48:00:b3:5f:45:02'], 'ssids': ['iotroam', 'eduroam', 'iotroam', 'VU-Campusnet', 'VU-Campusnet', 'iotroam', 'VU-Campusnet', 'VU-Campusnet'], 'signals': [-59, -58, -74, -68, -78, -71, -80, -80], 'timestamps': [1.7832611118353416e+18, 1.783261113383027e+18, 1.783261113371027e+18, 1.783261113571027e+18, 1.7832611142694054e+18, 1.7832611116703416e+18, 1.783261113790027e+18, 1.7832611119953416e+18], 'frequencies': [2437, 5500, 5320, 5540, 5660, 2412, 5580, 2462]}
74 119 1783261114696793260
{'names': ['NU-AP06164', 'NU-AP06163', 'NU-AP06162', 'NU-AP06164', 'NU-AP06167', 'NU-AP06167', 'NU-AP07183', 'NU-AP05133'], 'addresses': ['48:00:b3:5f:72:e0', '48:00:b3:5f:46:ae', '48:00:b3:5a:90:8f', '48:00:b3:5f:72:ed', '48:00:b3:5e:0b:ed', '48:00:b3:5e:0b:e0', '48:00:b3:5f:70:2d', '48:00:b3:5f:45:02'], 'ssids': ['iotroam', 'eduroam', 'iotroam', 'VU-Campusnet', 'VU-Campusnet', 'iotroam', 'VU-Campusnet', 'VU-Campusnet'], 'signals': [-59, -58, -74, -68, -78, -71, -80, -80], 'timestamps': [1.7832611118353416e+18, 1.783261113383027e+18, 1.783261113371027e+18, 1.783261113571027e+18, 1.7832611142697933e+18, 1.7832611116703416e+18, 1.783261113790027e+18, 1.7832611119953416e+18], 'frequencies': [2437, 5500, 5320, 5540, 5660, 2412, 5580, 2462]}
76 119 1783261114776844912
{'names': ['NU-AP06164', 'NU-AP06163', 'NU-AP06162', 'NU-AP06164', 'NU-AP06167', 'NU-AP06167', 'NU-AP07183', 'NU-AP05133'], 'addresses': ['48:00:b3:5f:72:e0', '48:00:b3:5f:46:ae', '48:00:b3:5a:90:8f', '48:00:b3:5f:72:ed', '48:00:b3:5e:0b:ed', '48:00:b3:5e:0b:e0', '48:00:b3:5f:70:2d', '48:00:b3:5f:45:02'], 'ssids': ['iotroam', 'eduroam', 'iotroam', 'VU-Campusnet', 'VU-Campusnet', 'iotroam', 'VU-Campusnet', 'VU-Campusnet'], 'signals': [-59, -58, -74, -68, -78, -71, -80, -80], 'timestamps': [1.7832611118353416e+18, 1.783261113383027e+18, 1.783261113371027e+18, 1.783261113571027e+18, 1.7832611142697933e+18, 1.7832611116703416e+18, 1.783261113790027e+18, 1.7832611119953416e+18], 'frequencies': [2437, 5500, 5320, 5540, 5660, 2412, 5580, 2462]}
78 120 1783261114855815195
{'names': ['NU-AP06164', 'NU-AP06163', 'NU-AP06162', 'NU-AP06164', 'NU-AP06167', 'NU-AP06167', 'NU-AP07183', 'NU-AP05133'], 'addresses': ['48:00:b3:5f:72:e0', '48:00:b3:5f:46:ae', '48:00:b3:5a:90:8f', '48:00:b3:5f:72:ed', '48:00:b3:5e:0b:ed', '48:00:b3:5e:0b:e0', '48:00:b3:5f:70:2d', '48:00:b3:5f:45:02'], 'ssids': ['iotroam', 'eduroam', 'iotroam', 'VU-Campusnet', 'VU-Campusnet', 'iotroam', 'VU-Campusnet', 'VU-Campusnet'], 'signals': [-59, -58, -74, -68, -78, -71, -80, -80], 'timestamps': [1.7832611118353416e+18, 1.783261113383027e+18, 1.783261113371027e+18, 1.783261113571027e+18, 1.7832611142698153e+18, 1.7832611116703416e+18, 1.783261113790027e+18, 1.7832611119953416e+18], 'frequencies': [2437, 5500, 5320, 5540, 5660, 2412, 5580, 2462]}
80 120 1783261114933822196
{'names': ['NU-AP06164', 'NU-AP06163', 'NU-AP06162', 'NU-AP06164', 'NU-AP06167', 'NU-AP06167', 'NU-AP07183', 'NU-AP05133'], 'addresses': ['48:00:b3:5f:72:e0', '48:00:b3:5f:46:ae', '48:00:b3:5a:90:8f', '48:00:b3:5f:72:ed', '48:00:b3:5e:0b:ed', '48:00:b3:5e:0b:e0', '48:00:b3:5f:70:2d', '48:00:b3:5f:45:02'], 'ssids': ['iotroam', 'eduroam', 'iotroam', 'VU-Campusnet', 'VU-Campusnet', 'iotroam', 'VU-Campusnet', 'VU-Campusnet'], 'signals': [-59, -58, -74, -68, -78, -71, -80, -80], 'timestamps': [1.7832611118353416e+18, 1.783261113383027e+18, 1.783261113371027e+18, 1.783261113571027e+18, 1.7832611142698153e+18, 1.7832611116703416e+18, 1.783261113790027e+18, 1.7832611119953416e+18], 'frequencies': [2437, 5500, 5320, 5540, 5660, 2412, 5580, 2462]}
85 125 1783261115013370264
{'names': ['NU-AP06164', 'NU-AP06163', 'NU-AP06162', 'NU-AP06164', 'NU-AP06167', 'NU-AP06167', 'NU-AP07183', 'NU-AP05133'], 'addresses': ['48:00:b3:5f:72:e0', '48:00:b3:5f:46:ae', '48:00:b3:5a:90:8f', '48:00:b3:5f:72:ed', '48:00:b3:5e:0b:ed', '48:00:b3:5e:0b:e0', '48:00:b3:5f:70:2d', '48:00:b3:5f:45:02'], 'ssids': ['iotroam', 'eduroam', 'iotroam', 'VU-Campusnet', 'VU-Campusnet', 'iotroam', 'VU-Campusnet', 'VU-Campusnet'], 'signals': [-59, -58, -74, -68, -78, -71, -80, -80], 'timestamps': [1.7832611118353705e+18, 1.7832611133833702e+18, 1.7832611133713705e+18, 1.7832611135713705e+18, 1.7832611142703703e+18, 1.7832611116703703e+18, 1.7832611137903703e+18, 1.7832611119953705e+18], 'frequencies': [2437, 5500, 5320, 5540, 5660, 2412, 5580, 2462]}
90 130 1783261115105747014
{'names': ['NU-AP06164', 'NU-AP06163', 'NU-AP06162', 'NU-AP06164', 'NU-AP06167', 'NU-AP06167', 'NU-AP07183', 'NU-AP05133'], 'addresses': ['48:00:b3:5f:72:e0', '48:00:b3:5f:46:ae', '48:00:b3:5a:90:8f', '48:00:b3:5f:72:ed', '48:00:b3:5e:0b:ed', '48:00:b3:5e:0b:e0', '48:00:b3:5f:70:2d', '48:00:b3:5f:45:02'], 'ssids': ['iotroam', 'eduroam', 'iotroam', 'VU-Campusnet', 'VU-Campusnet', 'iotroam', 'VU-Campusnet', 'VU-Campusnet'], 'signals': [-59, -58, -74, -68, -78, -71, -80, -80], 'timestamps': [1.7832611118357468e+18, 1.783261113383747e+18, 1.7832611133717468e+18, 1.7832611135717468e+18, 1.783261114270747e+18, 1.783261111670747e+18, 1.783261113790747e+18, 1.7832611119957468e+18], 'frequencies': [2437, 5500, 5320, 5540, 5660, 2412, 5580, 2462]}
92 130 1783261115191927082
{'names': ['NU-AP06164', 'NU-AP06163', 'NU-AP06162', 'NU-AP06164', 'NU-AP06167', 'NU-AP06167', 'NU-AP07183', 'NU-AP05133'], 'addresses': ['48:00:b3:5f:72:e0', '48:00:b3:5f:46:ae', '48:00:b3:5a:90:8f', '48:00:b3:5f:72:ed', '48:00:b3:5e:0b:ed', '48:00:b3:5e:0b:e0', '48:00:b3:5f:70:2d', '48:00:b3:5f:45:02'], 'ssids': ['iotroam', 'eduroam', 'iotroam', 'VU-Campusnet', 'VU-Campusnet', 'iotroam', 'VU-Campusnet', 'VU-Campusnet'], 'signals': [-59, -58, -74, -68, -78, -71, -80, -80], 'timestamps': [1.7832611118357468e+18, 1.783261113383747e+18, 1.7832611133717468e+18, 1.7832611135717468e+18, 1.783261114270747e+18, 1.783261111670747e+18, 1.783261113790747e+18, 1.7832611119957468e+18], 'frequencies': [2437, 5500, 5320, 5540, 5660, 2412, 5580, 2462]}
94 130 1783261115272083503
{'names': ['NU-AP06164', 'NU-AP06163', 'NU-AP06162', 'NU-AP06164', 'NU-AP06167', 'NU-AP06167', 'NU-AP07183', 'NU-AP05133'], 'addresses': ['48:00:b3:5f:72:e0', '48:00:b3:5f:46:ae', '48:00:b3:5a:90:8f', '48:00:b3:5f:72:ed', '48:00:b3:5e:0b:ed', '48:00:b3:5e:0b:e0', '48:00:b3:5f:70:2d', '48:00:b3:5f:45:02'], 'ssids': ['iotroam', 'eduroam', 'iotroam', 'VU-Campusnet', 'VU-Campusnet', 'iotroam', 'VU-Campusnet', 'VU-Campusnet'], 'signals': [-59, -58, -74, -68, -78, -71, -80, -80], 'timestamps': [1.7832611118357468e+18, 1.783261113383747e+18, 1.7832611133717468e+18, 1.7832611135717468e+18, 1.783261114270747e+18, 1.783261111670747e+18, 1.783261113790747e+18, 1.7832611119957468e+18], 'frequencies': [2437, 5500, 5320, 5540, 5660, 2412, 5580, 2462]}
96 130 1783261115349216586
{'names': ['NU-AP06164', 'NU-AP06163', 'NU-AP06162', 'NU-AP06164', 'NU-AP06167', 'NU-AP06167', 'NU-AP07183', 'NU-AP05133'], 'addresses': ['48:00:b3:5f:72:e0', '48:00:b3:5f:46:ae', '48:00:b3:5a:90:8f', '48:00:b3:5f:72:ed', '48:00:b3:5e:0b:ed', '48:00:b3:5e:0b:e0', '48:00:b3:5f:70:2d', '48:00:b3:5f:45:02'], 'ssids': ['iotroam', 'eduroam', 'iotroam', 'VU-Campusnet', 'VU-Campusnet', 'iotroam', 'VU-Campusnet', 'VU-Campusnet'], 'signals': [-59, -58, -74, -68, -78, -71, -80, -80], 'timestamps': [1.7832611118357468e+18, 1.783261113383747e+18, 1.7832611133717468e+18, 1.7832611135717468e+18, 1.783261114270747e+18, 1.783261111670747e+18, 1.783261113790747e+18, 1.7832611119957468e+18], 'frequencies': [2437, 5500, 5320, 5540, 5660, 2412, 5580, 2462]}
98 130 1783261115427588986
{'names': ['NU-AP06164', 'NU-AP06163', 'NU-AP06162', 'NU-AP06164', 'NU-AP06167', 'NU-AP06167', 'NU-AP07183', 'NU-AP05133'], 'addresses': ['48:00:b3:5f:72:e0', '48:00:b3:5f:46:ae', '48:00:b3:5a:90:8f', '48:00:b3:5f:72:ed', '48:00:b3:5e:0b:ed', '48:00:b3:5e:0b:e0', '48:00:b3:5f:70:2d', '48:00:b3:5f:45:02'], 'ssids': ['iotroam', 'eduroam', 'iotroam', 'VU-Campusnet', 'VU-Campusnet', 'iotroam', 'VU-Campusnet', 'VU-Campusnet'], 'signals': [-59, -58, -74, -68, -78, -71, -80, -80], 'timestamps': [1.7832611118357468e+18, 1.783261113383747e+18, 1.7832611133717468e+18, 1.7832611135717468e+18, 1.783261114270747e+18, 1.783261111670747e+18, 1.783261113790747e+18, 1.7832611119957468e+18], 'frequencies': [2437, 5500, 5320, 5540, 5660, 2412, 5580, 2462]}
99 130 1783261115698239488
{'names': ['NU-AP06164', 'NU-AP06163', 'NU-AP06162', 'NU-AP06164', 'NU-AP06167', 'NU-AP06167', 'NU-AP07183', 'NU-AP05133'], 'addresses': ['48:00:b3:5f:72:e0', '48:00:b3:5f:46:ae', '48:00:b3:5a:90:8f', '48:00:b3:5f:72:ed', '48:00:b3:5e:0b:ed', '48:00:b3:5e:0b:e0', '48:00:b3:5f:70:2d', '48:00:b3:5f:45:02'], 'ssids': ['iotroam', 'eduroam', 'iotroam', 'VU-Campusnet', 'VU-Campusnet', 'iotroam', 'VU-Campusnet', 'VU-Campusnet'], 'signals': [-60, -58, -74, -68, -78, -71, -80, -80], 'timestamps': [1.7832611156732396e+18, 1.783261113383747e+18, 1.7832611133717468e+18, 1.7832611135717468e+18, 1.783261114270747e+18, 1.783261111670747e+18, 1.783261113790747e+18, 1.7832611119957468e+18], 'frequencies': [2437, 5500, 5320, 5540, 5660, 2412, 5580, 2462]}
100 130 1783261115766741074
{'names': ['NU-AP06164', 'NU-AP06163', 'NU-AP06162', 'NU-AP06164', 'NU-AP06167', 'NU-AP06167', 'NU-AP07183', 'NU-AP05133'], 'addresses': ['48:00:b3:5f:72:e0', '48:00:b3:5f:46:ae', '48:00:b3:5a:90:8f', '48:00:b3:5f:72:ed', '48:00:b3:5e:0b:ed', '48:00:b3:5e:0b:e0', '48:00:b3:5f:70:2d', '48:00:b3:5f:45:02'], 'ssids': ['iotroam', 'eduroam', 'iotroam', 'VU-Campusnet', 'VU-Campusnet', 'iotroam', 'VU-Campusnet', 'VU-Campusnet'], 'signals': [-60, -58, -74, -68, -78, -71, -80, -80], 'timestamps': [1.783261115673741e+18, 1.783261113383747e+18, 1.7832611133717468e+18, 1.7832611135717468e+18, 1.783261114270747e+18, 1.783261111670747e+18, 1.783261113790747e+18, 1.7832611119957468e+18], 'frequencies': [2437, 5500, 5320, 5540, 5660, 2412, 5580, 2462]}
102 130 1783261115839697918
{'names': ['NU-AP06164', 'NU-AP06163', 'NU-AP06162', 'NU-AP06164', 'NU-AP06167', 'NU-AP06167', 'NU-AP07183', 'NU-AP05133', 'NU-AP06163'], 'addresses': ['48:00:b3:5f:72:e0', '48:00:b3:5f:46:ae', '48:00:b3:5a:90:8f', '48:00:b3:5f:72:ed', '48:00:b3:5e:0b:ed', '48:00:b3:5e:0b:e0', '48:00:b3:5f:70:2d', '48:00:b3:5f:45:02', '48:00:b3:5f:46:a0'], 'ssids': ['iotroam', 'eduroam', 'iotroam', 'VU-Campusnet', 'VU-Campusnet', 'iotroam', 'VU-Campusnet', 'VU-Campusnet', 'iotroam'], 'signals': [-60, -58, -74, -68, -78, -71, -80, -80, -56], 'timestamps': [1.783261115674698e+18, 1.783261113383747e+18, 1.7832611133717468e+18, 1.7832611135717468e+18, 1.783261114270747e+18, 1.783261111670747e+18, 1.783261113790747e+18, 1.7832611119957468e+18, 1.7832611158286979e+18], 'frequencies': [2437, 5500, 5320, 5540, 5660, 2412, 5580, 2462, 2462]}
102 132 1783261117215029438
{'names': ['NU-AP06164', 'NU-AP06163', 'NU-AP06162', 'NU-AP06164', 'NU-AP06167', 'NU-AP06167', 'NU-AP07183', 'NU-AP05133', 'NU-AP06163'], 'addresses': ['48:00:b3:5f:72:e0', '48:00:b3:5f:46:ae', '48:00:b3:5a:90:8f', '48:00:b3:5f:72:ed', '48:00:b3:5e:0b:ed', '48:00:b3:5e:0b:e0', '48:00:b3:5f:70:2d', '48:00:b3:5f:45:02', '48:00:b3:5f:46:a0'], 'ssids': ['iotroam', 'eduroam', 'iotroam', 'VU-Campusnet', 'VU-Campusnet', 'iotroam', 'VU-Campusnet', 'VU-Campusnet', 'iotroam'], 'signals': [-60, -58, -73, -68, -78, -71, -80, -80, -56], 'timestamps': [1.783261115674698e+18, 1.7832611172090296e+18, 1.7832611171650294e+18, 1.7832611135717468e+18, 1.783261114270747e+18, 1.783261111670747e+18, 1.783261113790747e+18, 1.7832611119957468e+18, 1.7832611158286979e+18], 'frequencies': [2437, 5500, 5320, 5540, 5660, 2412, 5580, 2462, 2462]}
104 134 1783261117286971819
{'names': ['NU-AP06164', 'NU-AP06163', 'NU-AP06162', 'NU-AP06164', 'NU-AP06167', 'NU-AP06167', 'NU-AP07183', 'NU-AP05133', 'NU-AP06163'], 'addresses': ['48:00:b3:5f:72:e0', '48:00:b3:5f:46:ae', '48:00:b3:5a:90:8f', '48:00:b3:5f:72:ed', '48:00:b3:5e:0b:ed', '48:00:b3:5e:0b:e0', '48:00:b3:5f:70:2d', '48:00:b3:5f:45:02', '48:00:b3:5f:46:a0'], 'ssids': ['iotroam', 'eduroam', 'iotroam', 'VU-Campusnet', 'VU-Campusnet', 'iotroam', 'VU-Campusnet', 'VU-Campusnet', 'iotroam'], 'signals': [-60, -58, -73, -68, -78, -71, -80, -80, -56], 'timestamps': [1.783261115674972e+18, 1.783261117209972e+18, 1.783261117165972e+18, 1.7832611135717468e+18, 1.783261114270747e+18, 1.783261111670747e+18, 1.783261113790747e+18, 1.7832611119957468e+18, 1.783261115828972e+18], 'frequencies': [2437, 5500, 5320, 5540, 5660, 2412, 5580, 2462, 2462]}
106 137 1783261117500677684
{'names': ['NU-AP06164', 'NU-AP06163', 'NU-AP06162', 'NU-AP06164', 'NU-AP06167', 'NU-AP06167', 'NU-AP07183', 'NU-AP05133', 'NU-AP06163'], 'addresses': ['48:00:b3:5f:72:e0', '48:00:b3:5f:46:ae', '48:00:b3:5a:90:8f', '48:00:b3:5f:72:ee', '48:00:b3:5e:0b:ed', '48:00:b3:5e:0b:e0', '48:00:b3:5f:70:2d', '48:00:b3:5f:45:02', '48:00:b3:5f:46:a0'], 'ssids': ['iotroam', 'eduroam', 'iotroam', 'eduroam', 'VU-Campusnet', 'iotroam', 'VU-Campusnet', 'VU-Campusnet', 'iotroam'], 'signals': [-60, -58, -73, -69, -78, -71, -80, -80, -56], 'timestamps': [1.7832611156756777e+18, 1.7832611172106778e+18, 1.7832611171666775e+18, 1.7832611174746778e+18, 1.783261114270747e+18, 1.783261111670747e+18, 1.783261113790747e+18, 1.7832611119957468e+18, 1.7832611158296776e+18], 'frequencies': [2437, 5500, 5320, 5540, 5660, 2412, 5580, 2462, 2462]}
