2 1 1783263550554337211
{'names': ['NU-AP06163', 'NU-AP06167'], 'addresses': ['48:00:b3:5f:46:a0', '48:00:b3:5e:0b:e0'], 'ssids': ['iotroam', 'iotroam'], 'signals': [-53, -69], 'timestamps': [1.7832635505453373e+18, 1.7832635505453373e+18], 'frequencies': [2412, 2412]}
2 2 1783263550602629120
{'names': ['NU-AP06163', 'NU-AP06167'], 'addresses': ['48:00:b3:5f:46:a0', '48:00:b3:5e:0b:e0'], 'ssids': ['iotroam', 'iotroam'], 'signals': [-53, -69], 'timestamps': [1.7832635505453373e+18, 1.7832635505453373e+18], 'frequencies': [2412, 2412]}
2 3 1783263550648867158
{'names': ['NU-AP06163', 'NU-AP06167'], 'addresses': ['48:00:b3:5f:46:a0', '48:00:b3:5e:0b:e0'], 'ssids': ['iotroam', 'iotroam'], 'signals': [-53, -69], 'timestamps': [1.7832635505453373e+18, 1.7832635505453373e+18], 'frequencies': [2412, 2412]}
2 4 1783263550696219517
{'names': ['NU-AP06163', 'NU-AP06167'], 'addresses': ['48:00:b3:5f:46:a0', '48:00:b3:5e:0b:e0'], 'ssids': ['iotroam', 'iotroam'], 'signals': [-53, -69], 'timestamps': [1.7832635505453373e+18, 1.7832635505453373e+18], 'frequencies': [2412, 2412]}
5 5 1783263550753960474
{'names': ['NU-AP06163', 'NU-AP06167', 'NU-AP06164'], 'addresses': ['48:00:b3:5f:46:a0', '48:00:b3:5e:0b:e0', '48:00:b3:5f:72:e0'], 'ssids': ['iotroam', 'iotroam', 'iotroam'], 'signals': [-53, -69, -61], 'timestamps': [1.7832635505459604e+18, 1.7832635505459604e+18, 1.7832635507039606e+18], 'frequencies': [2412, 2412, 2437]}
5 6 1783263550844280756
{'names': ['NU-AP06163', 'NU-AP06167', 'NU-AP06164'], 'addresses': ['48:00:b3:5f:46:a0', '48:00:b3:5e:0b:e0', '48:00:b3:5f:72:e0'], 'ssids': ['iotroam', 'iotroam', 'iotroam'], 'signals': [-53, -69, -61], 'timestamps': [1.7832635505459604e+18, 1.7832635505459604e+18, 1.7832635507039606e+18], 'frequencies': [2412, 2412, 2437]}
5 7 1783263550904310175
{'names': ['NU-AP06163', 'NU-AP06167', 'NU-AP06164'], 'addresses': ['48:00:b3:5f:46:a0', '48:00:b3:5e:0b:e0', '48:00:b3:5f:72:e0'], 'ssids': ['iotroam', 'iotroam', 'iotroam'], 'signals': [-53, -69, -61], 'timestamps': [1.7832635505459604e+18, 1.7832635505459604e+18, 1.7832635507039606e+18], 'frequencies': [2412, 2412, 2437]}
5 8 1783263550950773405
{'names': ['NU-AP06163', 'NU-AP06167', 'NU-AP06164'], 'addresses': ['48:00:b3:5f:46:a0', '48:00:b3:5e:0b:e0', '48:00:b3:5f:72:e0'], 'ssids': ['iotroam', 'iotroam', 'iotroam'], 'signals': [-53, -69, -61], 'timestamps': [1.7832635505459604e+18, 1.7832635505459604e+18, 1.7832635507039606e+18], 'frequencies': [2412, 2412, 2437]}
5 9 1783263550998142735
{'names': ['NU-AP06163', 'NU-AP06167', 'NU-AP06164'], 'addresses': ['48:00:b3:5f:46:a0', '48:00:b3:5e:0b:e0', '48:00:b3:5f:72:e0'], 'ssids': ['iotroam', 'iotroam', 'iotroam'], 'signals': [-53, -69, -61], 'timestamps': [1.7832635505459604e+18, 1.7832635505459604e+18, 1.7832635507039606e+18], 'frequencies': [2412, 2412, 2437]}
5 10 1783263551047093215
{'names': ['NU-AP06163', 'NU-AP06167', 'NU-AP06164'], 'addresses': ['48:00:b3:5f:46:a0', '48:00:b3:5e:0b:e0', '48:00:b3:5f:72:e0'], 'ssids': ['iotroam', 'iotroam', 'iotroam'], 'signals': [-53, -69, -61], 'timestamps': [1.7832635505459604e+18, 1.7832635505459604e+18, 1.7832635507039606e+18], 'frequencies': [2412, 2412, 2437]}
5 11 1783263551093982791
{'names': ['NU-AP06163', 'NU-AP06167', 'NU-AP06164'], 'addresses': ['48:00:b3:5f:46:a0', '48:00:b3:5e:0b:e0', '48:00:b3:5f:72:e0'], 'ssids': ['iotroam', 'iotroam', 'iotroam'], 'signals': [-53, -69, -61], 'timestamps': [1.7832635505459604e+18, 1.7832635505459604e+18, 1.7832635507039606e+18], 'frequencies': [2412, 2412, 2437]}
5 12 1783263551142098604
{'names': ['NU-AP06163', 'NU-AP06167', 'NU-AP06164'], 'addresses': ['48:00:b3:5f:46:a0', '48:00:b3:5e:0b:e0', '48:00:b3:5f:72:e0'], 'ssids': ['iotroam', 'iotroam', 'iotroam'], 'signals': [-53, -69, -61], 'timestamps': [1.7832635505459604e+18, 1.7832635505459604e+18, 1.7832635507039606e+18], 'frequencies': [2412, 2412, 2437]}
5 13 1783263551188428337
{'names': ['NU-AP06163', 'NU-AP06167', 'NU-AP06164'], 'addresses': ['48:00:b3:5f:46:a0', '48:00:b3:5e:0b:e0', '48:00:b3:5f:72:e0'], 'ssids': ['iotroam', 'iotroam', 'iotroam'], 'signals': [-53, -69, -61], 'timestamps': [1.7832635505459604e+18, 1.7832635505459604e+18, 1.7832635507039606e+18], 'frequencies': [2412, 2412, 2437]}
5 14 1783263551235543113
{'names': ['NU-AP06163', 'NU-AP06167', 'NU-AP06164'], 'addresses': ['48:00:b3:5f:46:a0', '48:00:b3:5e:0b:e0', '48:00:b3:5f:72:e0'], 'ssids': ['iotroam', 'iotroam', 'iotroam'], 'signals': [-53, -69, -61], 'timestamps': [1.7832635505459604e+18, 1.7832635505459604e+18, 1.7832635507039606e+18], 'frequencies': [2412, 2412, 2437]}
5 15 1783263551283697780
{'names': ['NU-AP06163', 'NU-AP06167', 'NU-AP06164'], 'addresses': ['48:00:b3:5f:46:a0', '48:00:b3:5e:0b:e0', '48:00:b3:5f:72:e0'], 'ssids': ['iotroam', 'iotroam', 'iotroam'], 'signals': [-53, -69, -61], 'timestamps': [1.7832635505459604e+18, 1.7832635505459604e+18, 1.7832635507039606e+18], 'frequencies': [2412, 2412, 2437]}
5 16 1783263551331166295
{'names': ['NU-AP06163', 'NU-AP06167', 'NU-AP06164'], 'addresses': ['48:00:b3:5f:46:a0', '48:00:b3:5e:0b:e0', '48:00:b3:5f:72:e0'], 'ssids': ['iotroam', 'iotroam', 'iotroam'], 'signals': [-53, -69, -61], 'timestamps': [1.7832635505459604e+18, 1.7832635505459604e+18, 1.7832635507039606e+18], 'frequencies': [2412, 2412, 2437]}
5 17 1783263551379206687
{'names': ['NU-AP06163', 'NU-AP06167', 'NU-AP06164'], 'addresses': ['48:00:b3:5f:46:a0', '48:00:b3:5e:0b:e0', '48:00:b3:5f:72:e0'], 'ssids': ['iotroam', 'iotroam', 'iotroam'], 'signals': [-53, -69, -61], 'timestamps': [1.7832635505459604e+18, 1.7832635505459604e+18, 1.7832635507039606e+18], 'frequencies': [2412, 2412, 2437]}
5 18 1783263551425153156
{'names': ['NU-AP06163', 'NU-AP06167', 'NU-AP06164'], 'addresses': ['48:00:b3:5f:46:a0', '48:00:b3:5e:0b:e0', '48:00:b3:5f:72:e0'], 'ssids': ['iotroam', 'iotroam', 'iotroam'], 'signals': [-53, -69, -61], 'timestamps': [1.7832635505459604e+18, 1.7832635505459604e+18, 1.7832635507039606e+18], 'frequencies': [2412, 2412, 2437]}
5 19 1783263551471958653
{'names': ['NU-AP06163', 'NU-AP06167', 'NU-AP06164'], 'addresses': ['48:00:b3:5f:46:a0', '48:00:b3:5e:0b:e0', '48:00:b3:5f:72:e0'], 'ssids': ['iotroam', 'iotroam', 'iotroam'], 'signals': [-53, -69, -61], 'timestamps': [1.7832635505459604e+18, 1.7832635505459604e+18, 1.7832635507039606e+18], 'frequencies': [2412, 2412, 2437]}
5 20 1783263551520804251
{'names': ['NU-AP06163', 'NU-AP06167', 'NU-AP06164'], 'addresses': ['48:00:b3:5f:46:a0', '48:00:b3:5e:0b:e0', '48:00:b3:5f:72:e0'], 'ssids': ['iotroam', 'iotroam', 'iotroam'], 'signals': [-53, -69, -61], 'timestamps': [1.7832635505459604e+18, 1.7832635505459604e+18, 1.7832635507039606e+18], 'frequencies': [2412, 2412, 2437]}
5 21 1783263551576174214
{'names': ['NU-AP06163', 'NU-AP06167', 'NU-AP06164'], 'addresses': ['48:00:b3:5f:46:a0', '48:00:b3:5e:0b:e0', '48:00:b3:5f:72:e0'], 'ssids': ['iotroam', 'iotroam', 'iotroam'], 'signals': [-53, -69, -61], 'timestamps': [1.7832635505459604e+18, 1.7832635505459604e+18, 1.7832635507039606e+18], 'frequencies': [2412, 2412, 2437]}
5 22 1783263551646460021
{'names': ['NU-AP06163', 'NU-AP06167', 'NU-AP06164'], 'addresses': ['48:00:b3:5f:46:a0', '48:00:b3:5e:0b:e0', '48:00:b3:5f:72:e0'], 'ssids': ['iotroam', 'iotroam', 'iotroam'], 'signals': [-53, -69, -61], 'timestamps': [1.7832635505459604e+18, 1.7832635505459604e+18, 1.7832635507039606e+18], 'frequencies': [2412, 2412, 2437]}
5 23 1783263551698347225
{'names': ['NU-AP06163', 'NU-AP06167', 'NU-AP06164'], 'addresses': ['48:00:b3:5f:46:a0', '48:00:b3:5e:0b:e0', '48:00:b3:5f:72:e0'], 'ssids': ['iotroam', 'iotroam', 'iotroam'], 'signals': [-53, -69, -61], 'timestamps': [1.7832635505459604e+18, 1.7832635505459604e+18, 1.7832635507039606e+18], 'frequencies': [2412, 2412, 2437]}
5 24 1783263551747910513
{'names': ['NU-AP06163', 'NU-AP06167', 'NU-AP06164'], 'addresses': ['48:00:b3:5f:46:a0', '48:00:b3:5e:0b:e0', '48:00:b3:5f:72:e0'], 'ssids': ['iotroam', 'iotroam', 'iotroam'], 'signals': [-53, -69, -61], 'timestamps': [1.7832635505459604e+18, 1.7832635505459604e+18, 1.7832635507039606e+18], 'frequencies': [2412, 2412, 2437]}
5 25 1783263551794349186
{'names': ['NU-AP06163', 'NU-AP06167', 'NU-AP06164'], 'addresses': ['48:00:b3:5f:46:a0', '48:00:b3:5e:0b:e0', '48:00:b3:5f:72:e0'], 'ssids': ['iotroam', 'iotroam', 'iotroam'], 'signals': [-53, -69, -61], 'timestamps': [1.7832635505459604e+18, 1.7832635505459604e+18, 1.7832635507039606e+18], 'frequencies': [2412, 2412, 2437]}
5 26 1783263551840501232
{'names': ['NU-AP06163', 'NU-AP06167', 'NU-AP06164'], 'addresses': ['48:00:b3:5f:46:a0', '48:00:b3:5e:0b:e0', '48:00:b3:5f:72:e0'], 'ssids': ['iotroam', 'iotroam', 'iotroam'], 'signals': [-53, -69, -61], 'timestamps': [1.7832635505459604e+18, 1.7832635505459604e+18, 1.7832635507039606e+18], 'frequencies': [2412, 2412, 2437]}
5 27 1783263551888219292
{'names': ['NU-AP06163', 'NU-AP06167', 'NU-AP06164'], 'addresses': ['48:00:b3:5f:46:a0', '48:00:b3:5e:0b:e0', '48:00:b3:5f:72:e0'], 'ssids': ['iotroam', 'iotroam', 'iotroam'], 'signals': [-53, -69, -61], 'timestamps': [1.7832635505459604e+18, 1.7832635505459604e+18, 1.7832635507039606e+18], 'frequencies': [2412, 2412, 2437]}
5 28 1783263551936147823
{'names': ['NU-AP06163', 'NU-AP06167', 'NU-AP06164'], 'addresses': ['48:00:b3:5f:46:a0', '48:00:b3:5e:0b:e0', '48:00:b3:5f:72:e0'], 'ssids': ['iotroam', 'iotroam', 'iotroam'], 'signals': [-53, -69, -61], 'timestamps': [1.7832635505459604e+18, 1.7832635505459604e+18, 1.7832635507039606e+18], 'frequencies': [2412, 2412, 2437]}
5 29 1783263551983512779
{'names': ['NU-AP06163', 'NU-AP06167', 'NU-AP06164'], 'addresses': ['48:00:b3:5f:46:a0', '48:00:b3:5e:0b:e0', '48:00:b3:5f:72:e0'], 'ssids': ['iotroam', 'iotroam', 'iotroam'], 'signals': [-53, -69, -61], 'timestamps': [1.7832635505459604e+18, 1.7832635505459604e+18, 1.7832635507039606e+18], 'frequencies': [2412, 2412, 2437]}
5 30 1783263552032940608
{'names': ['NU-AP06163', 'NU-AP06167', 'NU-AP06164'], 'addresses': ['48:00:b3:5f:46:a0', '48:00:b3:5e:0b:e0', '48:00:b3:5f:72:e0'], 'ssids': ['iotroam', 'iotroam', 'iotroam'], 'signals': [-53, -69, -61], 'timestamps': [1.7832635505459604e+18, 1.7832635505459604e+18, 1.7832635507039606e+18], 'frequencies': [2412, 2412, 2437]}
5 31 1783263552079657359
{'names': ['NU-AP06163', 'NU-AP06167', 'NU-AP06164'], 'addresses': ['48:00:b3:5f:46:a0', '48:00:b3:5e:0b:e0', '48:00:b3:5f:72:e0'], 'ssids': ['iotroam', 'iotroam', 'iotroam'], 'signals': [-53, -69, -61], 'timestamps': [1.7832635505459604e+18, 1.7832635505459604e+18, 1.7832635507039606e+18], 'frequencies': [2412, 2412, 2437]}
5 32 1783263552126390722
{'names': ['NU-AP06163', 'NU-AP06167', 'NU-AP06164'], 'addresses': ['48:00:b3:5f:46:a0', '48:00:b3:5e:0b:e0', '48:00:b3:5f:72:e0'], 'ssids': ['iotroam', 'iotroam', 'iotroam'], 'signals': [-53, -69, -61], 'timestamps': [1.7832635505459604e+18, 1.7832635505459604e+18, 1.7832635507039606e+18], 'frequencies': [2412, 2412, 2437]}
5 33 1783263552173777054
{'names': ['NU-AP06163', 'NU-AP06167', 'NU-AP06164'], 'addresses': ['48:00:b3:5f:46:a0', '48:00:b3:5e:0b:e0', '48:00:b3:5f:72:e0'], 'ssids': ['iotroam', 'iotroam', 'iotroam'], 'signals': [-53, -69, -61], 'timestamps': [1.7832635505459604e+18, 1.7832635505459604e+18, 1.7832635507039606e+18], 'frequencies': [2412, 2412, 2437]}
5 35 1783263552223349806
{'names': ['NU-AP06163', 'NU-AP06167', 'NU-AP06164', 'NU-AP06162'], 'addresses': ['48:00:b3:5f:46:a0', '48:00:b3:5e:0b:e0', '48:00:b3:5f:72:e0', '48:00:b3:5a:90:8f'], 'ssids': ['iotroam', 'iotroam', 'iotroam', 'iotroam'], 'signals': [-53, -69, -61, -73], 'timestamps': [1.7832635505459604e+18, 1.7832635505459604e+18, 1.7832635507039606e+18, 1.78326355221335e+18], 'frequencies': [2412, 2412, 2437, 5320]}
5 36 1783263552277843851
{'names': ['NU-AP06163', 'NU-AP06167', 'NU-AP06164', 'NU-AP06162', 'NU-AP06163'], 'addresses': ['48:00:b3:5f:46:a0', '48:00:b3:5e:0b:e0', '48:00:b3:5f:72:e0', '48:00:b3:5a:90:8f', '48:00:b3:5f:46:ae'], 'ssids': ['iotroam', 'iotroam', 'iotroam', 'iotroam', 'eduroam'], 'signals': [-53, -69, -61, -73, -60], 'timestamps': [1.7832635505459604e+18, 1.7832635505459604e+18, 1.7832635507039606e+18, 1.78326355221335e+18, 1.783263552237844e+18], 'frequencies': [2412, 2412, 2437, 5320, 5500]}
5 37 1783263552335203167
{'names': ['NU-AP06163', 'NU-AP06167', 'NU-AP06164', 'NU-AP06162', 'NU-AP06163'], 'addresses': ['48:00:b3:5f:46:a0', '48:00:b3:5e:0b:e0', '48:00:b3:5f:72:e0', '48:00:b3:5a:90:8f', '48:00:b3:5f:46:ae'], 'ssids': ['iotroam', 'iotroam', 'iotroam', 'iotroam', 'eduroam'], 'signals': [-53, -69, -61, -73, -60], 'timestamps': [1.7832635505459604e+18, 1.7832635505459604e+18, 1.7832635507039606e+18, 1.78326355221335e+18, 1.7832635522382031e+18], 'frequencies': [2412, 2412, 2437, 5320, 5500]}
5 39 1783263552390641981
{'names': ['NU-AP06163', 'NU-AP06167', 'NU-AP06164', 'NU-AP06162', 'NU-AP06163'], 'addresses': ['48:00:b3:5f:46:a0', '48:00:b3:5e:0b:e0', '48:00:b3:5f:72:e0', '48:00:b3:5a:90:8f', '48:00:b3:5f:46:ae'], 'ssids': ['iotroam', 'iotroam', 'iotroam', 'iotroam', 'eduroam'], 'signals': [-53, -69, -61, -73, -60], 'timestamps': [1.7832635505459604e+18, 1.7832635505459604e+18, 1.7832635507039606e+18, 1.783263552213642e+18, 1.783263552238642e+18], 'frequencies': [2412, 2412, 2437, 5320, 5500]}
5 40 1783263552449599583
{'names': ['NU-AP06163', 'NU-AP06167', 'NU-AP06164', 'NU-AP06162', 'NU-AP06163', 'NU-AP06164'], 'addresses': ['48:00:b3:5f:46:a0', '48:00:b3:5e:0b:e0', '48:00:b3:5f:72:e0', '48:00:b3:5a:90:8f', '48:00:b3:5f:46:ae', '48:00:b3:5f:72:ed'], 'ssids': ['iotroam', 'iotroam', 'iotroam', 'iotroam', 'eduroam', 'VU-Campusnet'], 'signals': [-53, -69, -61, -73, -60, -69], 'timestamps': [1.7832635505459604e+18, 1.7832635505459604e+18, 1.7832635507039606e+18, 1.783263552213642e+18, 1.783263552238642e+18, 1.7832635524215995e+18], 'frequencies': [2412, 2412, 2437, 5320, 5500, 5540]}
5 43 1783263552684694488
{'names': ['NU-AP06163', 'NU-AP06167', 'NU-AP06164', 'NU-AP06162', 'NU-AP06163', 'NU-AP06164'], 'addresses': ['48:00:b3:5f:46:a0', '48:00:b3:5e:0b:e0', '48:00:b3:5f:72:e0', '48:00:b3:5a:90:8f', '48:00:b3:5f:46:ae', '48:00:b3:5f:72:ed'], 'ssids': ['iotroam', 'iotroam', 'iotroam', 'iotroam', 'eduroam', 'VU-Campusnet'], 'signals': [-53, -69, -61, -73, -60, -69], 'timestamps': [1.7832635505459604e+18, 1.7832635505459604e+18, 1.7832635507039606e+18, 1.7832635522136945e+18, 1.7832635522386944e+18, 1.7832635524216945e+18], 'frequencies': [2412, 2412, 2437, 5320, 5500, 5540]}
8 47 1783263552801009908
{'names': ['NU-AP06163', 'NU-AP06167', 'NU-AP06164', 'NU-AP06162', 'NU-AP06163', 'NU-AP06164', 'NU-AP07183'], 'addresses': ['48:00:b3:5f:46:a0', '48:00:b3:5e:0b:e0', '48:00:b3:5f:72:e0', '48:00:b3:5a:90:8f', '48:00:b3:5f:46:ae', '48:00:b3:5f:72:ed', '48:00:b3:5f:70:2e'], 'ssids': ['iotroam', 'iotroam', 'iotroam', 'iotroam', 'eduroam', 'VU-Campusnet', 'eduroam'], 'signals': [-53, -69, -61, -73, -60, -69, -81], 'timestamps': [1.7832635505460099e+18, 1.7832635505460099e+18, 1.78326355070401e+18, 1.7832635522140099e+18, 1.7832635522390098e+18, 1.7832635524220099e+18, 1.78326355278401e+18], 'frequencies': [2412, 2412, 2437, 5320, 5500, 5540, 5580]}
8 48 1783263553396290071
{'names': ['NU-AP06163', 'NU-AP06167', 'NU-AP06164', 'NU-AP06162', 'NU-AP06163', 'NU-AP06164', 'NU-AP07183', 'NU-AP06167'], 'addresses': ['48:00:b3:5f:46:a0', '48:00:b3:5e:0b:e0', '48:00:b3:5f:72:e0', '48:00:b3:5a:90:8f', '48:00:b3:5f:46:ae', '48:00:b3:5f:72:ed', '48:00:b3:5f:70:2e', '48:00:b3:5e:0b:ef'], 'ssids': ['iotroam', 'iotroam', 'iotroam', 'iotroam', 'eduroam', 'VU-Campusnet', 'eduroam', 'iotroam'], 'signals': [-53, -69, -61, -73, -60, -69, -81, -79], 'timestamps': [1.7832635505460099e+18, 1.7832635505460099e+18, 1.78326355070401e+18, 1.7832635522140099e+18, 1.7832635522390098e+18, 1.7832635524220099e+18, 1.78326355278401e+18, 1.78326355339329e+18], 'frequencies': [2412, 2412, 2437, 5320, 5500, 5540, 5580, 5660]}
8 49 1783263553463364787
{'names': ['NU-AP06163', 'NU-AP06167', 'NU-AP06164', 'NU-AP06162', 'NU-AP06163', 'NU-AP06164', 'NU-AP07183', 'NU-AP06167'], 'addresses': ['48:00:b3:5f:46:a0', '48:00:b3:5e:0b:e0', '48:00:b3:5f:72:e0', '48:00:b3:5a:90:8f', '48:00:b3:5f:46:ae', '48:00:b3:5f:72:ed', '48:00:b3:5f:70:2e', '48:00:b3:5e:0b:ed'], 'ssids': ['iotroam', 'iotroam', 'iotroam', 'iotroam', 'eduroam', 'VU-Campusnet', 'eduroam', 'VU-Campusnet'], 'signals': [-53, -69, -61, -73, -60, -69, -81, -79], 'timestamps': [1.7832635505460099e+18, 1.7832635505460099e+18, 1.78326355070401e+18, 1.7832635522140099e+18, 1.7832635522390098e+18, 1.7832635524220099e+18, 1.78326355278401e+18, 1.7832635533993649e+18], 'frequencies': [2412, 2412, 2437, 5320, 5500, 5540, 5580, 5660]}
8 50 1783263553532366043
{'names': ['NU-AP06163', 'NU-AP06167', 'NU-AP06164', 'NU-AP06162', 'NU-AP06163', 'NU-AP06164', 'NU-AP07183', 'NU-AP06167'], 'addresses': ['48:00:b3:5f:46:a0', '48:00:b3:5e:0b:e0', '48:00:b3:5f:72:e0', '48:00:b3:5a:90:8f', '48:00:b3:5f:46:ae', '48:00:b3:5f:72:ed', '48:00:b3:5f:70:2e', '48:00:b3:5e:0b:ed'], 'ssids': ['iotroam', 'iotroam', 'iotroam', 'iotroam', 'eduroam', 'VU-Campusnet', 'eduroam', 'VU-Campusnet'], 'signals': [-53, -69, -61, -73, -60, -69, -81, -79], 'timestamps': [1.7832635505460099e+18, 1.7832635505460099e+18, 1.78326355070401e+18, 1.7832635522140099e+18, 1.7832635522390098e+18, 1.7832635524220099e+18, 1.78326355278401e+18, 1.7832635533993661e+18], 'frequencies': [2412, 2412, 2437, 5320, 5500, 5540, 5580, 5660]}
8 51 1783263553793715924
{'names': ['NU-AP06163', 'NU-AP06167', 'NU-AP06164', 'NU-AP06162', 'NU-AP06163', 'NU-AP06164', 'NU-AP07183', 'NU-AP06167'], 'addresses': ['48:00:b3:5f:46:a0', '48:00:b3:5e:0b:e0', '48:00:b3:5f:72:e0', '48:00:b3:5a:90:8f', '48:00:b3:5f:46:ae', '48:00:b3:5f:72:ed', '48:00:b3:5f:70:2e', '48:00:b3:5e:0b:ed'], 'ssids': ['iotroam', 'iotroam', 'iotroam', 'iotroam', 'eduroam', 'VU-Campusnet', 'eduroam', 'VU-Campusnet'], 'signals': [-53, -69, -61, -73, -60, -69, -81, -79], 'timestamps': [1.7832635505460099e+18, 1.7832635505460099e+18, 1.78326355070401e+18, 1.7832635522140099e+18, 1.7832635522390098e+18, 1.7832635524220099e+18, 1.78326355278401e+18, 1.7832635533997158e+18], 'frequencies': [2412, 2412, 2437, 5320, 5500, 5540, 5580, 5660]}
8 52 1783263553993744515
{'names': ['NU-AP06163', 'NU-AP06167', 'NU-AP06164', 'NU-AP06162', 'NU-AP06163', 'NU-AP06164', 'NU-AP07183', 'NU-AP06167'], 'addresses': ['48:00:b3:5f:46:a0', '48:00:b3:5e:0b:e0', '48:00:b3:5f:72:e0', '48:00:b3:5a:90:8f', '48:00:b3:5f:46:ae', '48:00:b3:5f:72:ed', '48:00:b3:5f:70:2e', '48:00:b3:5e:0b:ed'], 'ssids': ['iotroam', 'iotroam', 'iotroam', 'iotroam', 'eduroam', 'VU-Campusnet', 'eduroam', 'VU-Campusnet'], 'signals': [-53, -69, -61, -73, -60, -69, -81, -79], 'timestamps': [1.7832635505460099e+18, 1.7832635505460099e+18, 1.78326355070401e+18, 1.7832635522140099e+18, 1.7832635522390098e+18, 1.7832635524220099e+18, 1.78326355278401e+18, 1.7832635533997445e+18], 'frequencies': [2412, 2412, 2437, 5320, 5500, 5540, 5580, 5660]}
8 53 1783263554189864109
{'names': ['NU-AP06163', 'NU-AP06167', 'NU-AP06164', 'NU-AP06162', 'NU-AP06163', 'NU-AP06164', 'NU-AP07183', 'NU-AP06167'], 'addresses': ['48:00:b3:5f:46:a0', '48:00:b3:5e:0b:e0', '48:00:b3:5f:72:e0', '48:00:b3:5a:90:8f', '48:00:b3:5f:46:ae', '48:00:b3:5f:72:ed', '48:00:b3:5f:70:2e', '48:00:b3:5e:0b:ed'], 'ssids': ['iotroam', 'iotroam', 'iotroam', 'iotroam', 'eduroam', 'VU-Campusnet', 'eduroam', 'VU-Campusnet'], 'signals': [-53, -69, -61, -73, -60, -69, -81, -79], 'timestamps': [1.7832635505460099e+18, 1.7832635505460099e+18, 1.78326355070401e+18, 1.7832635522140099e+18, 1.7832635522390098e+18, 1.7832635524220099e+18, 1.78326355278401e+18, 1.7832635533998643e+18], 'frequencies': [2412, 2412, 2437, 5320, 5500, 5540, 5580, 5660]}
8 54 1783263554255970787
{'names': ['NU-AP06163', 'NU-AP06167', 'NU-AP06164', 'NU-AP06162', 'NU-AP06163', 'NU-AP06164', 'NU-AP07183', 'NU-AP06167'], 'addresses': ['48:00:b3:5f:46:a0', '48:00:b3:5e:0b:e0', '48:00:b3:5f:72:e0', '48:00:b3:5a:90:8f', '48:00:b3:5f:46:ae', '48:00:b3:5f:72:ed', '48:00:b3:5f:70:2e', '48:00:b3:5e:0b:ed'], 'ssids': ['iotroam', 'iotroam', 'iotroam', 'iotroam', 'eduroam', 'VU-Campusnet', 'eduroam', 'VU-Campusnet'], 'signals': [-53, -69, -61, -73, -60, -69, -81, -79], 'timestamps': [1.7832635505460099e+18, 1.7832635505460099e+18, 1.78326355070401e+18, 1.7832635522140099e+18, 1.7832635522390098e+18, 1.7832635524220099e+18, 1.78326355278401e+18, 1.7832635533999708e+18], 'frequencies': [2412, 2412, 2437, 5320, 5500, 5540, 5580, 5660]}
11 59 1783263554325629596
{'names': ['NU-AP06163', 'NU-AP06167', 'NU-AP06164', 'NU-AP06162', 'NU-AP06163', 'NU-AP06164', 'NU-AP07183', 'NU-AP06167'], 'addresses': ['48:00:b3:5f:46:a0', '48:00:b3:5e:0b:e0', '48:00:b3:5f:72:e0', '48:00:b3:5a:90:8f', '48:00:b3:5f:46:ae', '48:00:b3:5f:72:ed', '48:00:b3:5f:70:2e', '48:00:b3:5e:0b:ed'], 'ssids': ['iotroam', 'iotroam', 'iotroam', 'iotroam', 'eduroam', 'VU-Campusnet', 'eduroam', 'VU-Campusnet'], 'signals': [-53, -69, -61, -73, -60, -69, -81, -79], 'timestamps': [1.7832635505466296e+18, 1.7832635505466296e+18, 1.7832635507046298e+18, 1.7832635522146296e+18, 1.7832635522396298e+18, 1.7832635524226296e+18, 1.7832635527846298e+18, 1.7832635534006298e+18], 'frequencies': [2412, 2412, 2437, 5320, 5500, 5540, 5580, 5660]}
13 59 1783263554699799707
{'names': ['NU-AP06163', 'NU-AP06167', 'NU-AP06164', 'NU-AP06162', 'NU-AP06163', 'NU-AP06164', 'NU-AP07183', 'NU-AP06167', 'NU-AP07183'], 'addresses': ['48:00:b3:5f:46:a0', '48:00:b3:5e:0b:e0', '48:00:b3:5f:72:e0', '48:00:b3:5a:90:8f', '48:00:b3:5f:46:ae', '48:00:b3:5f:72:ed', '48:00:b3:5f:70:2e', '48:00:b3:5e:0b:ed', '48:00:b3:5f:70:20'], 'ssids': ['iotroam', 'iotroam', 'iotroam', 'iotroam', 'eduroam', 'VU-Campusnet', 'eduroam', 'VU-Campusnet', 'iotroam'], 'signals': [-53, -69, -61, -73, -60, -69, -81, -79, -74], 'timestamps': [1.7832635546967997e+18, 1.7832635505466296e+18, 1.7832635507046298e+18, 1.7832635522146296e+18, 1.7832635522396298e+18, 1.7832635524226296e+18, 1.7832635527846298e+18, 1.7832635534006298e+18, 1.7832635546967997e+18], 'frequencies': [2412, 2412, 2437, 5320, 5500, 5540, 5580, 5660, 2412]}
14 59 1783263554902707238
{'names': ['NU-AP06163', 'NU-AP06167', 'NU-AP06164', 'NU-AP06162', 'NU-AP06163', 'NU-AP06164', 'NU-AP07183', 'NU-AP06167', 'NU-AP07183'], 'addresses': ['48:00:b3:5f:46:a0', '48:00:b3:5e:0b:e0', '48:00:b3:5f:72:e0', '48:00:b3:5a:90:8f', '48:00:b3:5f:46:ae', '48:00:b3:5f:72:ed', '48:00:b3:5f:70:2e', '48:00:b3:5e:0b:ed', '48:00:b3:5f:70:20'], 'ssids': ['iotroam', 'iotroam', 'iotroam', 'iotroam', 'eduroam', 'VU-Campusnet', 'eduroam', 'VU-Campusnet', 'iotroam'], 'signals': [-53, -69, -60, -73, -60, -69, -81, -79, -74], 'timestamps': [1.7832635546967997e+18, 1.7832635505466296e+18, 1.7832635548437071e+18, 1.7832635522146296e+18, 1.7832635522396298e+18, 1.7832635524226296e+18, 1.7832635527846298e+18, 1.7832635534006298e+18, 1.7832635546967997e+18], 'frequencies': [2412, 2412, 2437, 5320, 5500, 5540, 5580, 5660, 2412]}
17 59 1783263555298819446
{'names': ['NU-AP06163', 'NU-AP06167', 'NU-AP06164', 'NU-AP06162', 'NU-AP06163', 'NU-AP06164', 'NU-AP07183', 'NU-AP06167', 'NU-AP07183'], 'addresses': ['48:00:b3:5f:46:a0', '48:00:b3:5e:0b:e0', '48:00:b3:5f:72:e0', '48:00:b3:5a:90:8f', '48:00:b3:5f:46:ae', '48:00:b3:5f:72:ed', '48:00:b3:5f:70:2e', '48:00:b3:5e:0b:ed', '48:00:b3:5f:70:20'], 'ssids': ['iotroam', 'iotroam', 'iotroam', 'iotroam', 'eduroam', 'VU-Campusnet', 'eduroam', 'VU-Campusnet', 'iotroam'], 'signals': [-53, -69, -60, -73, -60, -69, -81, -79, -74], 'timestamps': [1.7832635546968192e+18, 1.7832635505466296e+18, 1.7832635548438193e+18, 1.7832635522146296e+18, 1.7832635522396298e+18, 1.7832635524226296e+18, 1.7832635527846298e+18, 1.7832635534006298e+18, 1.7832635546968192e+18], 'frequencies': [2412, 2412, 2437, 5320, 5500, 5540, 5580, 5660, 2412]}
17 60 1783263555970700154
{'names': ['NU-AP06163', 'NU-AP06167', 'NU-AP06164', 'NU-AP06162', 'NU-AP06163', 'NU-AP06164', 'NU-AP07183', 'NU-AP06167', 'NU-AP07183'], 'addresses': ['48:00:b3:5f:46:a0', '48:00:b3:5e:0b:e0', '48:00:b3:5f:72:e0', '48:00:b3:5a:90:8f', '48:00:b3:5f:46:ae', '48:00:b3:5f:72:ed', '48:00:b3:5f:70:2e', '48:00:b3:5e:0b:ed', '48:00:b3:5f:70:20'], 'ssids': ['iotroam', 'iotroam', 'iotroam', 'iotroam', 'eduroam', 'VU-Campusnet', 'eduroam', 'VU-Campusnet', 'iotroam'], 'signals': [-53, -69, -60, -73, -60, -69, -81, -79, -74], 'timestamps': [1.7832635546968192e+18, 1.7832635505466296e+18, 1.7832635548438193e+18, 1.7832635522146296e+18, 1.7832635559177e+18, 1.7832635524226296e+18, 1.7832635527846298e+18, 1.7832635534006298e+18, 1.7832635546968192e+18], 'frequencies': [2412, 2412, 2437, 5320, 5500, 5540, 5580, 5660, 2412]}
17 61 1783263556040753717
{'names': ['NU-AP06163', 'NU-AP06167', 'NU-AP06164', 'NU-AP06162', 'NU-AP06163', 'NU-AP06164', 'NU-AP07183', 'NU-AP06167', 'NU-AP07183'], 'addresses': ['48:00:b3:5f:46:a0', '48:00:b3:5e:0b:e0', '48:00:b3:5f:72:e0', '48:00:b3:5a:90:8f', '48:00:b3:5f:46:ae', '48:00:b3:5f:72:ed', '48:00:b3:5f:70:2e', '48:00:b3:5e:0b:ed', '48:00:b3:5f:70:20'], 'ssids': ['iotroam', 'iotroam', 'iotroam', 'iotroam', 'eduroam', 'VU-Campusnet', 'eduroam', 'VU-Campusnet', 'iotroam'], 'signals': [-53, -69, -60, -73, -60, -69, -81, -79, -74], 'timestamps': [1.7832635546968192e+18, 1.7832635505466296e+18, 1.7832635548438193e+18, 1.7832635522146296e+18, 1.7832635559177536e+18, 1.7832635524226296e+18, 1.7832635527846298e+18, 1.7832635534006298e+18, 1.7832635546968192e+18], 'frequencies': [2412, 2412, 2437, 5320, 5500, 5540, 5580, 5660, 2412]}
20 62 1783263556112053399
{'names': ['NU-AP06163', 'NU-AP06167', 'NU-AP06164', 'NU-AP06162', 'NU-AP06163', 'NU-AP06164', 'NU-AP07183', 'NU-AP06167', 'NU-AP07183'], 'addresses': ['48:00:b3:5f:46:a0', '48:00:b3:5e:0b:e0', '48:00:b3:5f:72:e0', '48:00:b3:5a:90:8f', '48:00:b3:5f:46:ae', '48:00:b3:5f:72:ed', '48:00:b3:5f:70:2e', '48:00:b3:5e:0b:ed', '48:00:b3:5f:70:20'], 'ssids': ['iotroam', 'iotroam', 'iotroam', 'iotroam', 'eduroam', 'VU-Campusnet', 'eduroam', 'VU-Campusnet', 'iotroam'], 'signals': [-53, -69, -60, -73, -60, -69, -81, -79, -74], 'timestamps': [1.7832635546970534e+18, 1.7832635505466296e+18, 1.7832635548440535e+18, 1.7832635522146296e+18, 1.7832635559180534e+18, 1.7832635524226296e+18, 1.7832635527846298e+18, 1.7832635534006298e+18, 1.7832635546970534e+18], 'frequencies': [2412, 2412, 2437, 5320, 5500, 5540, 5580, 5660, 2412]}
20 63 1783263556249772353
{'names': ['NU-AP06163', 'NU-AP06167', 'NU-AP06164', 'NU-AP06162', 'NU-AP06163', 'NU-AP06164', 'NU-AP07183', 'NU-AP06167', 'NU-AP07183'], 'addresses': ['48:00:b3:5f:46:a0', '48:00:b3:5e:0b:e0', '48:00:b3:5f:72:e0', '48:00:b3:5a:90:8f', '48:00:b3:5f:46:ae', '48:00:b3:5f:72:ed', '48:00:b3:5f:70:2e', '48:00:b3:5e:0b:ed', '48:00:b3:5f:70:20'], 'ssids': ['iotroam', 'iotroam', 'iotroam', 'iotroam', 'eduroam', 'VU-Campusnet', 'eduroam', 'VU-Campusnet', 'iotroam'], 'signals': [-53, -69, -60, -73, -59, -69, -81, -79, -74], 'timestamps': [1.7832635546970534e+18, 1.7832635505466296e+18, 1.7832635548440535e+18, 1.7832635522146296e+18, 1.7832635562247724e+18, 1.7832635524226296e+18, 1.7832635527846298e+18, 1.7832635534006298e+18, 1.7832635546970534e+18], 'frequencies': [2412, 2412, 2437, 5320, 5500, 5540, 5580, 5660, 2412]}
20 65 1783263556385183522
{'names': ['NU-AP06163', 'NU-AP06167', 'NU-AP06164', 'NU-AP06162', 'NU-AP06163', 'NU-AP06164', 'NU-AP07183', 'NU-AP06167', 'NU-AP07183'], 'addresses': ['48:00:b3:5f:46:a0', '48:00:b3:5e:0b:e0', '48:00:b3:5f:72:e0', '48:00:b3:5a:90:8f', '48:00:b3:5f:46:ae', '48:00:b3:5f:72:ed', '48:00:b3:5f:70:2e', '48:00:b3:5e:0b:ed', '48:00:b3:5f:70:20'], 'ssids': ['iotroam', 'iotroam', 'iotroam', 'iotroam', 'eduroam', 'VU-Campusnet', 'eduroam', 'VU-Campusnet', 'iotroam'], 'signals': [-53, -69, -60, -73, -59, -69, -81, -79, -74], 'timestamps': [1.7832635546970534e+18, 1.7832635505466296e+18, 1.7832635548440535e+18, 1.7832635563391836e+18, 1.7832635563831834e+18, 1.7832635524226296e+18, 1.7832635527846298e+18, 1.7832635534006298e+18, 1.7832635546970534e+18], 'frequencies': [2412, 2412, 2437, 5320, 5500, 5540, 5580, 5660, 2412]}
20 67 1783263556455447581
{'names': ['NU-AP06163', 'NU-AP06167', 'NU-AP06164', 'NU-AP06162', 'NU-AP06163', 'NU-AP06164', 'NU-AP07183', 'NU-AP06167', 'NU-AP07183'], 'addresses': ['48:00:b3:5f:46:a0', '48:00:b3:5e:0b:e0', '48:00:b3:5f:72:e0', '48:00:b3:5a:90:8f', '48:00:b3:5f:46:ae', '48:00:b3:5f:72:ed', '48:00:b3:5f:70:2e', '48:00:b3:5e:0b:ed', '48:00:b3:5f:70:20'], 'ssids': ['iotroam', 'iotroam', 'iotroam', 'iotroam', 'eduroam', 'VU-Campusnet', 'eduroam', 'VU-Campusnet', 'iotroam'], 'signals': [-53, -69, -60, -73, -59, -69, -81, -79, -74], 'timestamps': [1.7832635546970534e+18, 1.7832635505466296e+18, 1.7832635548440535e+18, 1.7832635563394476e+18, 1.7832635563834476e+18, 1.7832635524226296e+18, 1.7832635527846298e+18, 1.7832635534006298e+18, 1.7832635546970534e+18], 'frequencies': [2412, 2412, 2437, 5320, 5500, 5540, 5580, 5660, 2412]}
20 69 1783263556526042654
{'names': ['NU-AP06163', 'NU-AP06167', 'NU-AP06164', 'NU-AP06162', 'NU-AP06163', 'NU-AP06164', 'NU-AP07183', 'NU-AP06167', 'NU-AP07183'], 'addresses': ['48:00:b3:5f:46:a0', '48:00:b3:5e:0b:e0', '48:00:b3:5f:72:e0', '48:00:b3:5a:90:8f', '48:00:b3:5f:46:ae', '48:00:b3:5f:72:ed', '48:00:b3:5f:70:2e', '48:00:b3:5e:0b:ed', '48:00:b3:5f:70:20'], 'ssids': ['iotroam', 'iotroam', 'iotroam', 'iotroam', 'eduroam', 'VU-Campusnet', 'eduroam', 'VU-Campusnet', 'iotroam'], 'signals': [-53, -69, -60, -73, -59, -69, -81, -79, -74], 'timestamps': [1.7832635546970534e+18, 1.7832635505466296e+18, 1.7832635548440535e+18, 1.7832635563400428e+18, 1.7832635563840425e+18, 1.7832635524226296e+18, 1.7832635527846298e+18, 1.7832635534006298e+18, 1.7832635546970534e+18], 'frequencies': [2412, 2412, 2437, 5320, 5500, 5540, 5580, 5660, 2412]}
20 70 1783263556666143894
{'names': ['NU-AP06163', 'NU-AP06164', 'NU-AP06162', 'NU-AP06163', 'NU-AP06164', 'NU-AP07183', 'NU-AP06167', 'NU-AP07183'], 'addresses': ['48:00:b3:5f:46:a0', '48:00:b3:5f:72:e0', '48:00:b3:5a:90:8f', '48:00:b3:5f:46:ae', '48:00:b3:5f:72:ee', '48:00:b3:5f:70:2e', '48:00:b3:5e:0b:ed', '48:00:b3:5f:70:20'], 'ssids': ['iotroam', 'iotroam', 'iotroam', 'eduroam', 'eduroam', 'eduroam', 'VU-Campusnet', 'iotroam'], 'signals': [-53, -60, -73, -59, -70, -81, -79, -74], 'timestamps': [1.7832635546970534e+18, 1.7832635548440535e+18, 1.7832635563400428e+18, 1.7832635563840425e+18, 1.783263556648144e+18, 1.7832635527846298e+18, 1.7832635534006298e+18, 1.7832635546970534e+18], 'frequencies': [2412, 2437, 5320, 5500, 5540, 5580, 5660, 2412]}
21 71 1783263556736369364
{'names': ['NU-AP06163', 'NU-AP06164', 'NU-AP06162', 'NU-AP06163', 'NU-AP06164', 'NU-AP07183', 'NU-AP06167', 'NU-AP07183'], 'addresses': ['48:00:b3:5f:46:a0', '48:00:b3:5f:72:e0', '48:00:b3:5a:90:8f', '48:00:b3:5f:46:ae', '48:00:b3:5f:72:ee', '48:00:b3:5f:70:2e', '48:00:b3:5e:0b:ed', '48:00:b3:5f:70:20'], 'ssids': ['iotroam', 'iotroam', 'iotroam', 'eduroam', 'eduroam', 'eduroam', 'VU-Campusnet', 'iotroam'], 'signals': [-53, -60, -73, -59, -70, -81, -79, -74], 'timestamps': [1.7832635546970534e+18, 1.7832635548440535e+18, 1.7832635563400428e+18, 1.7832635563840425e+18, 1.7832635566483694e+18, 1.7832635527846298e+18, 1.7832635534006298e+18, 1.7832635546970534e+18], 'frequencies': [2412, 2437, 5320, 5500, 5540, 5580, 5660, 2412]}
22 74 1783263556809043086
{'names': ['NU-AP06163', 'NU-AP06164', 'NU-AP06162', 'NU-AP06163', 'NU-AP06164', 'NU-AP07183', 'NU-AP06167', 'NU-AP07183'], 'addresses': ['48:00:b3:5f:46:a0', '48:00:b3:5f:72:e0', '48:00:b3:5a:90:8f', '48:00:b3:5f:46:ae', '48:00:b3:5f:72:ee', '48:00:b3:5f:70:2e', '48:00:b3:5e:0b:ed', '48:00:b3:5f:70:20'], 'ssids': ['iotroam', 'iotroam', 'iotroam', 'eduroam', 'eduroam', 'eduroam', 'VU-Campusnet', 'iotroam'], 'signals': [-53, -60, -73, -59, -70, -81, -79, -74], 'timestamps': [1.7832635546970534e+18, 1.7832635548440535e+18, 1.7832635563400433e+18, 1.7832635563840433e+18, 1.7832635566490432e+18, 1.7832635527846298e+18, 1.7832635534006298e+18, 1.7832635546970534e+18], 'frequencies': [2412, 2437, 5320, 5500, 5540, 5580, 5660, 2412]}
26 78 1783263556881053676
{'names': ['NU-AP06163', 'NU-AP06164', 'NU-AP06162', 'NU-AP06163', 'NU-AP06164', 'NU-AP07183', 'NU-AP06167', 'NU-AP07183'], 'addresses': ['48:00:b3:5f:46:a0', '48:00:b3:5f:72:e0', '48:00:b3:5a:90:8f', '48:00:b3:5f:46:ae', '48:00:b3:5f:72:ee', '48:00:b3:5f:70:2d', '48:00:b3:5e:0b:ed', '48:00:b3:5f:70:20'], 'ssids': ['iotroam', 'iotroam', 'iotroam', 'eduroam', 'eduroam', 'VU-Campusnet', 'VU-Campusnet', 'iotroam'], 'signals': [-53, -60, -73, -59, -70, -80, -79, -74], 'timestamps': [1.7832635546970537e+18, 1.7832635548440538e+18, 1.7832635563400538e+18, 1.7832635563840538e+18, 1.7832635566490537e+18, 1.7832635568490537e+18, 1.7832635534006298e+18, 1.7832635546970537e+18], 'frequencies': [2412, 2437, 5320, 5500, 5540, 5580, 5660, 2412]}
27 78 1783263556950129955
{'names': ['NU-AP06163', 'NU-AP06164', 'NU-AP06162', 'NU-AP06163', 'NU-AP06164', 'NU-AP07183', 'NU-AP06167', 'NU-AP07183'], 'addresses': ['48:00:b3:5f:46:a0', '48:00:b3:5f:72:e0', '48:00:b3:5a:90:8f', '48:00:b3:5f:46:ae', '48:00:b3:5f:72:ee', '48:00:b3:5f:70:2d', '48:00:b3:5e:0b:ed', '48:00:b3:5f:70:20'], 'ssids': ['iotroam', 'iotroam', 'iotroam', 'eduroam', 'eduroam', 'VU-Campusnet', 'VU-Campusnet', 'iotroam'], 'signals': [-53, -60, -73, -59, -70, -80, -79, -74], 'timestamps': [1.7832635546970537e+18, 1.7832635548440538e+18, 1.7832635563400538e+18, 1.7832635563840538e+18, 1.7832635566490537e+18, 1.7832635568490537e+18, 1.7832635534006298e+18, 1.7832635546970537e+18], 'frequencies': [2412, 2437, 5320, 5500, 5540, 5580, 5660, 2412]}
28 78 1783263557021850007
{'names': ['NU-AP06163', 'NU-AP06164', 'NU-AP06162', 'NU-AP06163', 'NU-AP06164', 'NU-AP07183', 'NU-AP06167', 'NU-AP07183'], 'addresses': ['48:00:b3:5f:46:a0', '48:00:b3:5f:72:e0', '48:00:b3:5a:90:8f', '48:00:b3:5f:46:ae', '48:00:b3:5f:72:ee', '48:00:b3:5f:70:2d', '48:00:b3:5e:0b:ed', '48:00:b3:5f:70:20'], 'ssids': ['iotroam', 'iotroam', 'iotroam', 'eduroam', 'eduroam', 'VU-Campusnet', 'VU-Campusnet', 'iotroam'], 'signals': [-53, -60, -73, -59, -70, -80, -79, -74], 'timestamps': [1.7832635546970537e+18, 1.7832635548440538e+18, 1.7832635563400538e+18, 1.7832635563840538e+18, 1.7832635566490537e+18, 1.7832635568490537e+18, 1.7832635534006298e+18, 1.7832635546970537e+18], 'frequencies': [2412, 2437, 5320, 5500, 5540, 5580, 5660, 2412]}
29 78 1783263557092736070
{'names': ['NU-AP06163', 'NU-AP06164', 'NU-AP06162', 'NU-AP06163', 'NU-AP06164', 'NU-AP07183', 'NU-AP06167', 'NU-AP07183'], 'addresses': ['48:00:b3:5f:46:a0', '48:00:b3:5f:72:e0', '48:00:b3:5a:90:8f', '48:00:b3:5f:46:ae', '48:00:b3:5f:72:ee', '48:00:b3:5f:70:2d', '48:00:b3:5e:0b:ed', '48:00:b3:5f:70:20'], 'ssids': ['iotroam', 'iotroam', 'iotroam', 'eduroam', 'eduroam', 'VU-Campusnet', 'VU-Campusnet', 'iotroam'], 'signals': [-53, -60, -73, -59, -70, -80, -79, -74], 'timestamps': [1.7832635546970537e+18, 1.7832635548440538e+18, 1.7832635563400538e+18, 1.7832635563840538e+18, 1.7832635566490537e+18, 1.7832635568490537e+18, 1.7832635534006298e+18, 1.7832635546970537e+18], 'frequencies': [2412, 2437, 5320, 5500, 5540, 5580, 5660, 2412]}
30 78 1783263557162935548
{'names': ['NU-AP06163', 'NU-AP06164', 'NU-AP06162', 'NU-AP06163', 'NU-AP06164', 'NU-AP07183', 'NU-AP06167', 'NU-AP07183'], 'addresses': ['48:00:b3:5f:46:a0', '48:00:b3:5f:72:e0', '48:00:b3:5a:90:8f', '48:00:b3:5f:46:ae', '48:00:b3:5f:72:ee', '48:00:b3:5f:70:2d', '48:00:b3:5e:0b:ed', '48:00:b3:5f:70:20'], 'ssids': ['iotroam', 'iotroam', 'iotroam', 'eduroam', 'eduroam', 'VU-Campusnet', 'VU-Campusnet', 'iotroam'], 'signals': [-53, -60, -73, -59, -70, -80, -79, -74], 'timestamps': [1.7832635546970537e+18, 1.7832635548440538e+18, 1.7832635563400538e+18, 1.7832635563840538e+18, 1.7832635566490537e+18, 1.7832635568490537e+18, 1.7832635534006298e+18, 1.7832635546970537e+18], 'frequencies': [2412, 2437, 5320, 5500, 5540, 5580, 5660, 2412]}
31 78 1783263557232535515
{'names': ['NU-AP06163', 'NU-AP06164', 'NU-AP06162', 'NU-AP06163', 'NU-AP06164', 'NU-AP07183', 'NU-AP06167', 'NU-AP07183'], 'addresses': ['48:00:b3:5f:46:a0', '48:00:b3:5f:72:e0', '48:00:b3:5a:90:8f', '48:00:b3:5f:46:ae', '48:00:b3:5f:72:ee', '48:00:b3:5f:70:2d', '48:00:b3:5e:0b:ed', '48:00:b3:5f:70:20'], 'ssids': ['iotroam', 'iotroam', 'iotroam', 'eduroam', 'eduroam', 'VU-Campusnet', 'VU-Campusnet', 'iotroam'], 'signals': [-53, -60, -73, -59, -70, -80, -79, -74], 'timestamps': [1.7832635546970537e+18, 1.7832635548440538e+18, 1.7832635563400538e+18, 1.7832635563840538e+18, 1.7832635566490537e+18, 1.7832635568490537e+18, 1.7832635534006298e+18, 1.7832635546970537e+18], 'frequencies': [2412, 2437, 5320, 5500, 5540, 5580, 5660, 2412]}
32 79 1783263557304187554
{'names': ['NU-AP06163', 'NU-AP06164', 'NU-AP06162', 'NU-AP06163', 'NU-AP06164', 'NU-AP07183', 'NU-AP06167', 'NU-AP07183'], 'addresses': ['48:00:b3:5f:46:a0', '48:00:b3:5f:72:e0', '48:00:b3:5a:90:8f', '48:00:b3:5f:46:ae', '48:00:b3:5f:72:ee', '48:00:b3:5f:70:2d', '48:00:b3:5e:0b:ef', '48:00:b3:5f:70:20'], 'ssids': ['iotroam', 'iotroam', 'iotroam', 'eduroam', 'eduroam', 'VU-Campusnet', 'iotroam', 'iotroam'], 'signals': [-53, -60, -73, -59, -70, -80, -78, -74], 'timestamps': [1.7832635546970537e+18, 1.7832635548440538e+18, 1.7832635563400538e+18, 1.7832635563840538e+18, 1.7832635566490537e+18, 1.7832635568490537e+18, 1.7832635572601876e+18, 1.7832635546970537e+18], 'frequencies': [2412, 2437, 5320, 5500, 5540, 5580, 5660, 2412]}
36 84 1783263557388808298
{'names': ['NU-AP06163', 'NU-AP06164', 'NU-AP06162', 'NU-AP06163', 'NU-AP06164', 'NU-AP07183', 'NU-AP06167', 'NU-AP07183'], 'addresses': ['48:00:b3:5f:46:a0', '48:00:b3:5f:72:e0', '48:00:b3:5a:90:8f', '48:00:b3:5f:46:ae', '48:00:b3:5f:72:ee', '48:00:b3:5f:70:2d', '48:00:b3:5e:0b:ef', '48:00:b3:5f:70:20'], 'ssids': ['iotroam', 'iotroam', 'iotroam', 'eduroam', 'eduroam', 'VU-Campusnet', 'iotroam', 'iotroam'], 'signals': [-53, -60, -73, -59, -70, -80, -78, -74], 'timestamps': [1.7832635546988083e+18, 1.783263554845808e+18, 1.783263556341808e+18, 1.7832635563858081e+18, 1.7832635566508083e+18, 1.7832635568508083e+18, 1.783263557262808e+18, 1.7832635546988083e+18], 'frequencies': [2412, 2437, 5320, 5500, 5540, 5580, 5660, 2412]}
40 89 1783263557497401140
{'names': ['NU-AP06163', 'NU-AP06164', 'NU-AP06162', 'NU-AP06163', 'NU-AP06164', 'NU-AP07183', 'NU-AP06167', 'NU-AP07183'], 'addresses': ['48:00:b3:5f:46:a0', '48:00:b3:5f:72:e0', '48:00:b3:5a:90:8f', '48:00:b3:5f:46:ae', '48:00:b3:5f:72:ee', '48:00:b3:5f:70:2d', '48:00:b3:5e:0b:ef', '48:00:b3:5f:70:20'], 'ssids': ['iotroam', 'iotroam', 'iotroam', 'eduroam', 'eduroam', 'VU-Campusnet', 'iotroam', 'iotroam'], 'signals': [-53, -60, -73, -59, -70, -80, -78, -74], 'timestamps': [1.7832635546994012e+18, 1.783263554846401e+18, 1.783263556342401e+18, 1.783263556386401e+18, 1.7832635566514012e+18, 1.7832635568514012e+18, 1.783263557263401e+18, 1.7832635546994012e+18], 'frequencies': [2412, 2437, 5320, 5500, 5540, 5580, 5660, 2412]}
41 89 1783263557568591926
{'names': ['NU-AP06163', 'NU-AP06164', 'NU-AP06162', 'NU-AP06163', 'NU-AP06164', 'NU-AP07183', 'NU-AP06167', 'NU-AP07183'], 'addresses': ['48:00:b3:5f:46:a0', '48:00:b3:5f:72:e0', '48:00:b3:5a:90:8f', '48:00:b3:5f:46:ae', '48:00:b3:5f:72:ee', '48:00:b3:5f:70:2d', '48:00:b3:5e:0b:ef', '48:00:b3:5f:70:20'], 'ssids': ['iotroam', 'iotroam', 'iotroam', 'eduroam', 'eduroam', 'VU-Campusnet', 'iotroam', 'iotroam'], 'signals': [-53, -60, -73, -59, -70, -80, -78, -74], 'timestamps': [1.7832635546994012e+18, 1.783263554846401e+18, 1.783263556342401e+18, 1.783263556386401e+18, 1.7832635566514012e+18, 1.7832635568514012e+18, 1.783263557263401e+18, 1.7832635546994012e+18], 'frequencies': [2412, 2437, 5320, 5500, 5540, 5580, 5660, 2412]}
42 89 1783263557641313750
{'names': ['NU-AP06163', 'NU-AP06164', 'NU-AP06162', 'NU-AP06163', 'NU-AP06164', 'NU-AP07183', 'NU-AP06167', 'NU-AP07183'], 'addresses': ['48:00:b3:5f:46:a0', '48:00:b3:5f:72:e0', '48:00:b3:5a:90:8f', '48:00:b3:5f:46:ae', '48:00:b3:5f:72:ee', '48:00:b3:5f:70:2d', '48:00:b3:5e:0b:ef', '48:00:b3:5f:70:20'], 'ssids': ['iotroam', 'iotroam', 'iotroam', 'eduroam', 'eduroam', 'VU-Campusnet', 'iotroam', 'iotroam'], 'signals': [-53, -60, -73, -59, -70, -80, -78, -74], 'timestamps': [1.7832635546994012e+18, 1.783263554846401e+18, 1.783263556342401e+18, 1.783263556386401e+18, 1.7832635566514012e+18, 1.7832635568514012e+18, 1.783263557263401e+18, 1.7832635546994012e+18], 'frequencies': [2412, 2437, 5320, 5500, 5540, 5580, 5660, 2412]}
43 89 1783263557714640085
{'names': ['NU-AP06163', 'NU-AP06164', 'NU-AP06162', 'NU-AP06163', 'NU-AP06164', 'NU-AP07183', 'NU-AP06167', 'NU-AP07183'], 'addresses': ['48:00:b3:5f:46:a0', '48:00:b3:5f:72:e0', '48:00:b3:5a:90:8f', '48:00:b3:5f:46:ae', '48:00:b3:5f:72:ee', '48:00:b3:5f:70:2d', '48:00:b3:5e:0b:ef', '48:00:b3:5f:70:20'], 'ssids': ['iotroam', 'iotroam', 'iotroam', 'eduroam', 'eduroam', 'VU-Campusnet', 'iotroam', 'iotroam'], 'signals': [-53, -60, -73, -59, -70, -80, -78, -74], 'timestamps': [1.7832635546994012e+18, 1.783263554846401e+18, 1.783263556342401e+18, 1.783263556386401e+18, 1.7832635566514012e+18, 1.7832635568514012e+18, 1.783263557263401e+18, 1.7832635546994012e+18], 'frequencies': [2412, 2437, 5320, 5500, 5540, 5580, 5660, 2412]}
44 89 1783263557783834245
{'names': ['NU-AP06163', 'NU-AP06164', 'NU-AP06162', 'NU-AP06163', 'NU-AP06164', 'NU-AP07183', 'NU-AP06167', 'NU-AP07183'], 'addresses': ['48:00:b3:5f:46:a0', '48:00:b3:5f:72:e0', '48:00:b3:5a:90:8f', '48:00:b3:5f:46:ae', '48:00:b3:5f:72:ee', '48:00:b3:5f:70:2d', '48:00:b3:5e:0b:ef', '48:00:b3:5f:70:20'], 'ssids': ['iotroam', 'iotroam', 'iotroam', 'eduroam', 'eduroam', 'VU-Campusnet', 'iotroam', 'iotroam'], 'signals': [-53, -60, -73, -59, -70, -80, -78, -74], 'timestamps': [1.7832635546994012e+18, 1.783263554846401e+18, 1.783263556342401e+18, 1.783263556386401e+18, 1.7832635566514012e+18, 1.7832635568514012e+18, 1.783263557263401e+18, 1.7832635546994012e+18], 'frequencies': [2412, 2437, 5320, 5500, 5540, 5580, 5660, 2412]}
45 89 1783263557855117243
{'names': ['NU-AP06163', 'NU-AP06164', 'NU-AP06162', 'NU-AP06163', 'NU-AP06164', 'NU-AP07183', 'NU-AP06167', 'NU-AP07183'], 'addresses': ['48:00:b3:5f:46:a0', '48:00:b3:5f:72:e0', '48:00:b3:5a:90:8f', '48:00:b3:5f:46:ae', '48:00:b3:5f:72:ee', '48:00:b3:5f:70:2d', '48:00:b3:5e:0b:ef', '48:00:b3:5f:70:20'], 'ssids': ['iotroam', 'iotroam', 'iotroam', 'eduroam', 'eduroam', 'VU-Campusnet', 'iotroam', 'iotroam'], 'signals': [-53, -60, -73, -59, -70, -80, -78, -74], 'timestamps': [1.7832635546994012e+18, 1.783263554846401e+18, 1.783263556342401e+18, 1.783263556386401e+18, 1.7832635566514012e+18, 1.7832635568514012e+18, 1.783263557263401e+18, 1.7832635546994012e+18], 'frequencies': [2412, 2437, 5320, 5500, 5540, 5580, 5660, 2412]}
46 89 1783263557928195466
{'names': ['NU-AP06163', 'NU-AP06164', 'NU-AP06162', 'NU-AP06163', 'NU-AP06164', 'NU-AP07183', 'NU-AP06167', 'NU-AP07183'], 'addresses': ['48:00:b3:5f:46:a0', '48:00:b3:5f:72:e0', '48:00:b3:5a:90:8f', '48:00:b3:5f:46:ae', '48:00:b3:5f:72:ee', '48:00:b3:5f:70:2d', '48:00:b3:5e:0b:ef', '48:00:b3:5f:70:20'], 'ssids': ['iotroam', 'iotroam', 'iotroam', 'eduroam', 'eduroam', 'VU-Campusnet', 'iotroam', 'iotroam'], 'signals': [-53, -60, -73, -59, -70, -80, -78, -74], 'timestamps': [1.7832635546994012e+18, 1.783263554846401e+18, 1.783263556342401e+18, 1.783263556386401e+18, 1.7832635566514012e+18, 1.7832635568514012e+18, 1.783263557263401e+18, 1.7832635546994012e+18], 'frequencies': [2412, 2437, 5320, 5500, 5540, 5580, 5660, 2412]}
47 89 1783263558000307923
{'names': ['NU-AP06163', 'NU-AP06164', 'NU-AP06162', 'NU-AP06163', 'NU-AP06164', 'NU-AP07183', 'NU-AP06167', 'NU-AP07183'], 'addresses': ['48:00:b3:5f:46:a0', '48:00:b3:5f:72:e0', '48:00:b3:5a:90:8f', '48:00:b3:5f:46:ae', '48:00:b3:5f:72:ee', '48:00:b3:5f:70:2d', '48:00:b3:5e:0b:ef', '48:00:b3:5f:70:20'], 'ssids': ['iotroam', 'iotroam', 'iotroam', 'eduroam', 'eduroam', 'VU-Campusnet', 'iotroam', 'iotroam'], 'signals': [-53, -60, -73, -59, -70, -80, -78, -74], 'timestamps': [1.7832635546994012e+18, 1.783263554846401e+18, 1.783263556342401e+18, 1.783263556386401e+18, 1.7832635566514012e+18, 1.7832635568514012e+18, 1.783263557263401e+18, 1.7832635546994012e+18], 'frequencies': [2412, 2437, 5320, 5500, 5540, 5580, 5660, 2412]}
48 89 1783263558074054926
{'names': ['NU-AP06163', 'NU-AP06164', 'NU-AP06162', 'NU-AP06163', 'NU-AP06164', 'NU-AP07183', 'NU-AP06167', 'NU-AP07183'], 'addresses': ['48:00:b3:5f:46:a0', '48:00:b3:5f:72:e0', '48:00:b3:5a:90:8f', '48:00:b3:5f:46:ae', '48:00:b3:5f:72:ee', '48:00:b3:5f:70:2d', '48:00:b3:5e:0b:ef', '48:00:b3:5f:70:20'], 'ssids': ['iotroam', 'iotroam', 'iotroam', 'eduroam', 'eduroam', 'VU-Campusnet', 'iotroam', 'iotroam'], 'signals': [-53, -60, -73, -59, -70, -80, -78, -74], 'timestamps': [1.7832635546994012e+18, 1.783263554846401e+18, 1.783263556342401e+18, 1.783263556386401e+18, 1.7832635566514012e+18, 1.7832635568514012e+18, 1.783263557263401e+18, 1.7832635546994012e+18], 'frequencies': [2412, 2437, 5320, 5500, 5540, 5580, 5660, 2412]}
49 89 1783263558144930989
{'names': ['NU-AP06163', 'NU-AP06164', 'NU-AP06162', 'NU-AP06163', 'NU-AP06164', 'NU-AP07183', 'NU-AP06167', 'NU-AP07183'], 'addresses': ['48:00:b3:5f:46:a0', '48:00:b3:5f:72:e0', '48:00:b3:5a:90:8f', '48:00:b3:5f:46:ae', '48:00:b3:5f:72:ee', '48:00:b3:5f:70:2d', '48:00:b3:5e:0b:ef', '48:00:b3:5f:70:20'], 'ssids': ['iotroam', 'iotroam', 'iotroam', 'eduroam', 'eduroam', 'VU-Campusnet', 'iotroam', 'iotroam'], 'signals': [-53, -60, -73, -59, -70, -80, -78, -74], 'timestamps': [1.7832635546994012e+18, 1.783263554846401e+18, 1.783263556342401e+18, 1.783263556386401e+18, 1.7832635566514012e+18, 1.7832635568514012e+18, 1.783263557263401e+18, 1.7832635546994012e+18], 'frequencies': [2412, 2437, 5320, 5500, 5540, 5580, 5660, 2412]}
50 89 1783263558214046646
{'names': ['NU-AP06163', 'NU-AP06164', 'NU-AP06162', 'NU-AP06163', 'NU-AP06164', 'NU-AP07183', 'NU-AP06167', 'NU-AP07183'], 'addresses': ['48:00:b3:5f:46:a0', '48:00:b3:5f:72:e0', '48:00:b3:5a:90:8f', '48:00:b3:5f:46:ae', '48:00:b3:5f:72:ee', '48:00:b3:5f:70:2d', '48:00:b3:5e:0b:ef', '48:00:b3:5f:70:20'], 'ssids': ['iotroam', 'iotroam', 'iotroam', 'eduroam', 'eduroam', 'VU-Campusnet', 'iotroam', 'iotroam'], 'signals': [-53, -60, -73, -59, -70, -80, -78, -74], 'timestamps': [1.7832635546994012e+18, 1.783263554846401e+18, 1.783263556342401e+18, 1.783263556386401e+18, 1.7832635566514012e+18, 1.7832635568514012e+18, 1.783263557263401e+18, 1.7832635546994012e+18], 'frequencies': [2412, 2437, 5320, 5500, 5540, 5580, 5660, 2412]}
51 89 1783263558283506100
{'names': ['NU-AP06163', 'NU-AP06164', 'NU-AP06162', 'NU-AP06163', 'NU-AP06164', 'NU-AP07183', 'NU-AP06167', 'NU-AP07183'], 'addresses': ['48:00:b3:5f:46:a0', '48:00:b3:5f:72:e0', '48:00:b3:5a:90:8f', '48:00:b3:5f:46:ae', '48:00:b3:5f:72:ee', '48:00:b3:5f:70:2d', '48:00:b3:5e:0b:ef', '48:00:b3:5f:70:20'], 'ssids': ['iotroam', 'iotroam', 'iotroam', 'eduroam', 'eduroam', 'VU-Campusnet', 'iotroam', 'iotroam'], 'signals': [-53, -60, -73, -59, -70, -80, -78, -74], 'timestamps': [1.7832635546994012e+18, 1.783263554846401e+18, 1.783263556342401e+18, 1.783263556386401e+18, 1.7832635566514012e+18, 1.7832635568514012e+18, 1.783263557263401e+18, 1.7832635546994012e+18], 'frequencies': [2412, 2437, 5320, 5500, 5540, 5580, 5660, 2412]}
52 89 1783263558353472223
{'names': ['NU-AP06163', 'NU-AP06164', 'NU-AP06162', 'NU-AP06163', 'NU-AP06164', 'NU-AP07183', 'NU-AP06167', 'NU-AP07183'], 'addresses': ['48:00:b3:5f:46:a0', '48:00:b3:5f:72:e0', '48:00:b3:5a:90:8f', '48:00:b3:5f:46:ae', '48:00:b3:5f:72:ee', '48:00:b3:5f:70:2d', '48:00:b3:5e:0b:ef', '48:00:b3:5f:70:20'], 'ssids': ['iotroam', 'iotroam', 'iotroam', 'eduroam', 'eduroam', 'VU-Campusnet', 'iotroam', 'iotroam'], 'signals': [-53, -60, -73, -59, -70, -80, -78, -74], 'timestamps': [1.7832635546994012e+18, 1.783263554846401e+18, 1.783263556342401e+18, 1.783263556386401e+18, 1.7832635566514012e+18, 1.7832635568514012e+18, 1.783263557263401e+18, 1.7832635546994012e+18], 'frequencies': [2412, 2437, 5320, 5500, 5540, 5580, 5660, 2412]}
53 89 1783263558423885722
{'names': ['NU-AP06163', 'NU-AP06164', 'NU-AP06162', 'NU-AP06163', 'NU-AP06164', 'NU-AP07183', 'NU-AP06167', 'NU-AP07183'], 'addresses': ['48:00:b3:5f:46:a0', '48:00:b3:5f:72:e0', '48:00:b3:5a:90:8f', '48:00:b3:5f:46:ae', '48:00:b3:5f:72:ee', '48:00:b3:5f:70:2d', '48:00:b3:5e:0b:ef', '48:00:b3:5f:70:20'], 'ssids': ['iotroam', 'iotroam', 'iotroam', 'eduroam', 'eduroam', 'VU-Campusnet', 'iotroam', 'iotroam'], 'signals': [-53, -60, -73, -59, -70, -80, -78, -74], 'timestamps': [1.7832635546994012e+18, 1.783263554846401e+18, 1.783263556342401e+18, 1.783263556386401e+18, 1.7832635566514012e+18, 1.7832635568514012e+18, 1.783263557263401e+18, 1.7832635546994012e+18], 'frequencies': [2412, 2437, 5320, 5500, 5540, 5580, 5660, 2412]}
55 89 1783263558562827731
{'names': ['NU-AP06163', 'NU-AP06164', 'NU-AP06162', 'NU-AP06163', 'NU-AP06164', 'NU-AP07183', 'NU-AP06167', 'NU-AP07183', 'NU-AP06167'], 'addresses': ['48:00:b3:5f:46:a0', '48:00:b3:5f:72:e0', '48:00:b3:5a:90:8f', '48:00:b3:5f:46:ae', '48:00:b3:5f:72:ee', '48:00:b3:5f:70:2d', '48:00:b3:5e:0b:ef', '48:00:b3:5f:70:20', '48:00:b3:5e:0b:e0'], 'ssids': ['iotroam', 'iotroam', 'iotroam', 'eduroam', 'eduroam', 'VU-Campusnet', 'iotroam', 'iotroam', 'iotroam'], 'signals': [-53, -60, -73, -59, -70, -80, -78, -74, -71], 'timestamps': [1.7832635585578278e+18, 1.783263554846401e+18, 1.783263556342401e+18, 1.783263556386401e+18, 1.7832635566514012e+18, 1.7832635568514012e+18, 1.783263557263401e+18, 1.7832635546994012e+18, 1.7832635585578278e+18], 'frequencies': [2412, 2437, 5320, 5500, 5540, 5580, 5660, 2412, 2412]}
57 90 1783263558689193667
{'names': ['NU-AP06163', 'NU-AP06164', 'NU-AP06162', 'NU-AP06163', 'NU-AP06164', 'NU-AP07183', 'NU-AP06167', 'NU-AP07183', 'NU-AP06167'], 'addresses': ['48:00:b3:5f:46:a0', '48:00:b3:5f:72:e0', '48:00:b3:5a:90:8f', '48:00:b3:5f:46:ae', '48:00:b3:5f:72:ee', '48:00:b3:5f:70:2d', '48:00:b3:5e:0b:ef', '48:00:b3:5f:70:20', '48:00:b3:5e:0b:e0'], 'ssids': ['iotroam', 'iotroam', 'iotroam', 'eduroam', 'eduroam', 'VU-Campusnet', 'iotroam', 'iotroam', 'iotroam'], 'signals': [-53, -60, -73, -60, -70, -80, -78, -74, -71], 'timestamps': [1.7832635585581937e+18, 1.783263554846401e+18, 1.783263556342401e+18, 1.7832635586831939e+18, 1.7832635566514012e+18, 1.7832635568514012e+18, 1.783263557263401e+18, 1.7832635546994012e+18, 1.7832635585581937e+18], 'frequencies': [2412, 2437, 5320, 5500, 5540, 5580, 5660, 2412, 2412]}
58 90 1783263558755776401
{'names': ['NU-AP06163', 'NU-AP06164', 'NU-AP06162', 'NU-AP06163', 'NU-AP06164', 'NU-AP07183', 'NU-AP06167', 'NU-AP07183', 'NU-AP06167'], 'addresses': ['48:00:b3:5f:46:a0', '48:00:b3:5f:72:e0', '48:00:b3:5a:90:8f', '48:00:b3:5f:46:ae', '48:00:b3:5f:72:ee', '48:00:b3:5f:70:2d', '48:00:b3:5e:0b:ef', '48:00:b3:5f:70:20', '48:00:b3:5e:0b:e0'], 'ssids': ['iotroam', 'iotroam', 'iotroam', 'eduroam', 'eduroam', 'VU-Campusnet', 'iotroam', 'iotroam', 'iotroam'], 'signals': [-53, -60, -73, -60, -70, -80, -78, -74, -71], 'timestamps': [1.7832635585581937e+18, 1.7832635587067766e+18, 1.783263556342401e+18, 1.7832635586831939e+18, 1.7832635566514012e+18, 1.7832635568514012e+18, 1.783263557263401e+18, 1.7832635546994012e+18, 1.7832635585581937e+18], 'frequencies': [2412, 2437, 5320, 5500, 5540, 5580, 5660, 2412, 2412]}
59 91 1783263558888083931
{'names': ['NU-AP06163', 'NU-AP06164', 'NU-AP06162', 'NU-AP06163', 'NU-AP06164', 'NU-AP07183', 'NU-AP06167', 'NU-AP07183', 'NU-AP06167'], 'addresses': ['48:00:b3:5f:46:a0', '48:00:b3:5f:72:e0', '48:00:b3:5a:90:8f', '48:00:b3:5f:46:ae', '48:00:b3:5f:72:ee', '48:00:b3:5f:70:2d', '48:00:b3:5e:0b:ef', '48:00:b3:5f:70:20', '48:00:b3:5e:0b:e0'], 'ssids': ['iotroam', 'iotroam', 'iotroam', 'eduroam', 'eduroam', 'VU-Campusnet', 'iotroam', 'iotroam', 'iotroam'], 'signals': [-53, -60, -73, -60, -70, -80, -78, -74, -71], 'timestamps': [1.7832635585581937e+18, 1.783263558707084e+18, 1.783263556342401e+18, 1.783263558887084e+18, 1.7832635566514012e+18, 1.7832635568514012e+18, 1.783263557263401e+18, 1.7832635546994012e+18, 1.7832635585581937e+18], 'frequencies': [2412, 2437, 5320, 5500, 5540, 5580, 5660, 2412, 2412]}
59 93 1783263560248118223
{'names': ['NU-AP06163', 'NU-AP06164', 'NU-AP06162', 'NU-AP06163', 'NU-AP06164', 'NU-AP07183', 'NU-AP06167', 'NU-AP07183', 'NU-AP06167'], 'addresses': ['48:00:b3:5f:46:a0', '48:00:b3:5f:72:e0', '48:00:b3:5a:90:8f', '48:00:b3:5f:46:ae', '48:00:b3:5f:72:ee', '48:00:b3:5f:70:2d', '48:00:b3:5e:0b:ef', '48:00:b3:5f:70:20', '48:00:b3:5e:0b:e0'], 'ssids': ['iotroam', 'iotroam', 'iotroam', 'eduroam', 'eduroam', 'VU-Campusnet', 'iotroam', 'iotroam', 'iotroam'], 'signals': [-53, -60, -73, -59, -70, -80, -78, -74, -71], 'timestamps': [1.7832635585581937e+18, 1.783263558707084e+18, 1.7832635602001183e+18, 1.7832635602241183e+18, 1.7832635566514012e+18, 1.7832635568514012e+18, 1.783263557263401e+18, 1.7832635546994012e+18, 1.7832635585581937e+18], 'frequencies': [2412, 2437, 5320, 5500, 5540, 5580, 5660, 2412, 2412]}
62 95 1783263560313721879
{'names': ['NU-AP06163', 'NU-AP06164', 'NU-AP06162', 'NU-AP06163', 'NU-AP06164', 'NU-AP07183', 'NU-AP06167', 'NU-AP07183', 'NU-AP06167'], 'addresses': ['48:00:b3:5f:46:a0', '48:00:b3:5f:72:e0', '48:00:b3:5a:90:8f', '48:00:b3:5f:46:ae', '48:00:b3:5f:72:ee', '48:00:b3:5f:70:2d', '48:00:b3:5e:0b:ef', '48:00:b3:5f:70:20', '48:00:b3:5e:0b:e0'], 'ssids': ['iotroam', 'iotroam', 'iotroam', 'eduroam', 'eduroam', 'VU-Campusnet', 'iotroam', 'iotroam', 'iotroam'], 'signals': [-53, -60, -73, -59, -70, -80, -78, -74, -71], 'timestamps': [1.7832635585587218e+18, 1.7832635587077217e+18, 1.7832635602017219e+18, 1.7832635602257219e+18, 1.7832635566514012e+18, 1.7832635568514012e+18, 1.783263557263401e+18, 1.7832635546994012e+18, 1.7832635585587218e+18], 'frequencies': [2412, 2437, 5320, 5500, 5540, 5580, 5660, 2412, 2412]}
62 96 1783263560449798299
{'names': ['NU-AP06163', 'NU-AP06164', 'NU-AP06162', 'NU-AP06163', 'NU-AP06164', 'NU-AP07183', 'NU-AP06167', 'NU-AP07183', 'NU-AP06167'], 'addresses': ['48:00:b3:5f:46:a0', '48:00:b3:5f:72:e0', '48:00:b3:5a:90:8f', '48:00:b3:5f:46:ae', '48:00:b3:5f:72:ed', '48:00:b3:5f:70:2d', '48:00:b3:5e:0b:ef', '48:00:b3:5f:70:20', '48:00:b3:5e:0b:e0'], 'ssids': ['iotroam', 'iotroam', 'iotroam', 'eduroam', 'VU-Campusnet', 'VU-Campusnet', 'iotroam', 'iotroam', 'iotroam'], 'signals': [-53, -60, -73, -59, -70, -80, -78, -74, -71], 'timestamps': [1.7832635585587218e+18, 1.7832635587077217e+18, 1.7832635602017219e+18, 1.7832635602257219e+18, 1.7832635604087985e+18, 1.7832635568514012e+18, 1.783263557263401e+18, 1.7832635546994012e+18, 1.7832635585587218e+18], 'frequencies': [2412, 2437, 5320, 5500, 5540, 5580, 5660, 2412, 2412]}
62 97 1783263560644238498
{'names': ['NU-AP06163', 'NU-AP06164', 'NU-AP06162', 'NU-AP06163', 'NU-AP06164', 'NU-AP07183', 'NU-AP06167', 'NU-AP07183', 'NU-AP06167'], 'addresses': ['48:00:b3:5f:46:a0', '48:00:b3:5f:72:e0', '48:00:b3:5a:90:8f', '48:00:b3:5f:46:ae', '48:00:b3:5f:72:ed', '48:00:b3:5f:70:2d', '48:00:b3:5e:0b:ef', '48:00:b3:5f:70:20', '48:00:b3:5e:0b:e0'], 'ssids': ['iotroam', 'iotroam', 'iotroam', 'eduroam', 'VU-Campusnet', 'VU-Campusnet', 'iotroam', 'iotroam', 'iotroam'], 'signals': [-53, -60, -73, -59, -70, -80, -78, -74, -71], 'timestamps': [1.7832635585587218e+18, 1.7832635587077217e+18, 1.7832635602017219e+18, 1.7832635602257219e+18, 1.7832635604092385e+18, 1.7832635568514012e+18, 1.783263557263401e+18, 1.7832635546994012e+18, 1.7832635585587218e+18], 'frequencies': [2412, 2437, 5320, 5500, 5540, 5580, 5660, 2412, 2412]}
62 98 1783263561153414533
{'names': ['NU-AP06163', 'NU-AP06164', 'NU-AP06162', 'NU-AP06163', 'NU-AP06164', 'NU-AP07183', 'NU-AP06167', 'NU-AP06167'], 'addresses': ['48:00:b3:5f:46:a0', '48:00:b3:5f:72:e0', '48:00:b3:5a:90:8f', '48:00:b3:5f:46:ae', '48:00:b3:5f:72:ed', '48:00:b3:5f:70:2d', '48:00:b3:5e:0b:ed', '48:00:b3:5e:0b:e0'], 'ssids': ['iotroam', 'iotroam', 'iotroam', 'eduroam', 'VU-Campusnet', 'VU-Campusnet', 'VU-Campusnet', 'iotroam'], 'signals': [-53, -60, -73, -59, -70, -80, -79, -71], 'timestamps': [1.7832635585587218e+18, 1.7832635587077217e+18, 1.7832635602017219e+18, 1.7832635602257219e+18, 1.7832635604092385e+18, 1.7832635568514012e+18, 1.7832635611264146e+18, 1.7832635585587218e+18], 'frequencies': [2412, 2437, 5320, 5500, 5540, 5580, 5660, 2412]}
63 98 1783263561220347233
{'names': ['NU-AP06163', 'NU-AP06164', 'NU-AP06162', 'NU-AP06163', 'NU-AP06164', 'NU-AP07183', 'NU-AP06167', 'NU-AP06167'], 'addresses': ['48:00:b3:5f:46:a0', '48:00:b3:5f:72:e0', '48:00:b3:5a:90:8f', '48:00:b3:5f:46:ae', '48:00:b3:5f:72:ed', '48:00:b3:5f:70:2d', '48:00:b3:5e:0b:ed', '48:00:b3:5e:0b:e0'], 'ssids': ['iotroam', 'iotroam', 'iotroam', 'eduroam', 'VU-Campusnet', 'VU-Campusnet', 'VU-Campusnet', 'iotroam'], 'signals': [-53, -60, -73, -59, -70, -80, -79, -71], 'timestamps': [1.7832635585587218e+18, 1.7832635587077217e+18, 1.7832635602017219e+18, 1.7832635602257219e+18, 1.7832635604092385e+18, 1.7832635568514012e+18, 1.7832635611264146e+18, 1.7832635585587218e+18], 'frequencies': [2412, 2437, 5320, 5500, 5540, 5580, 5660, 2412]}
64 99 1783263561289607830
{'names': ['NU-AP06163', 'NU-AP06164', 'NU-AP06162', 'NU-AP06163', 'NU-AP06164', 'NU-AP07183', 'NU-AP06167', 'NU-AP06167'], 'addresses': ['48:00:b3:5f:46:a0', '48:00:b3:5f:72:e0', '48:00:b3:5a:90:8f', '48:00:b3:5f:46:ae', '48:00:b3:5f:72:ed', '48:00:b3:5f:70:2d', '48:00:b3:5e:0b:ed', '48:00:b3:5e:0b:e0'], 'ssids': ['iotroam', 'iotroam', 'iotroam', 'eduroam', 'VU-Campusnet', 'VU-Campusnet', 'VU-Campusnet', 'iotroam'], 'signals': [-53, -60, -73, -59, -70, -80, -79, -71], 'timestamps': [1.7832635585587218e+18, 1.7832635587077217e+18, 1.7832635602017219e+18, 1.7832635602257219e+18, 1.7832635604092385e+18, 1.7832635568514012e+18, 1.783263561126608e+18, 1.7832635585587218e+18], 'frequencies': [2412, 2437, 5320, 5500, 5540, 5580, 5660, 2412]}
65 99 1783263561359429022
{'names': ['NU-AP06163', 'NU-AP06164', 'NU-AP06162', 'NU-AP06163', 'NU-AP06164', 'NU-AP07183', 'NU-AP06167', 'NU-AP06167'], 'addresses': ['48:00:b3:5f:46:a0', '48:00:b3:5f:72:e0', '48:00:b3:5a:90:8f', '48:00:b3:5f:46:ae', '48:00:b3:5f:72:ed', '48:00:b3:5f:70:2d', '48:00:b3:5e:0b:ed', '48:00:b3:5e:0b:e0'], 'ssids': ['iotroam', 'iotroam', 'iotroam', 'eduroam', 'VU-Campusnet', 'VU-Campusnet', 'VU-Campusnet', 'iotroam'], 'signals': [-53, -60, -73, -59, -70, -80, -79, -71], 'timestamps': [1.7832635585587218e+18, 1.7832635587077217e+18, 1.7832635602017219e+18, 1.7832635602257219e+18, 1.7832635604092385e+18, 1.7832635568514012e+18, 1.783263561126608e+18, 1.7832635585587218e+18], 'frequencies': [2412, 2437, 5320, 5500, 5540, 5580, 5660, 2412]}
66 100 1783263561427220034
{'names': ['NU-AP06163', 'NU-AP06164', 'NU-AP06162', 'NU-AP06163', 'NU-AP06164', 'NU-AP07183', 'NU-AP06167', 'NU-AP06167'], 'addresses': ['48:00:b3:5f:46:a0', '48:00:b3:5f:72:e0', '48:00:b3:5a:90:8f', '48:00:b3:5f:46:ae', '48:00:b3:5f:72:ed', '48:00:b3:5f:70:2d', '48:00:b3:5e:0b:ed', '48:00:b3:5e:0b:e0'], 'ssids': ['iotroam', 'iotroam', 'iotroam', 'eduroam', 'VU-Campusnet', 'VU-Campusnet', 'VU-Campusnet', 'iotroam'], 'signals': [-53, -60, -73, -59, -70, -80, -79, -71], 'timestamps': [1.7832635585587218e+18, 1.7832635587077217e+18, 1.7832635602017219e+18, 1.7832635602257219e+18, 1.7832635604092385e+18, 1.7832635568514012e+18, 1.78326356112722e+18, 1.7832635585587218e+18], 'frequencies': [2412, 2437, 5320, 5500, 5540, 5580, 5660, 2412]}
67 100 1783263561498031107
{'names': ['NU-AP06163', 'NU-AP06164', 'NU-AP06162', 'NU-AP06163', 'NU-AP06164', 'NU-AP07183', 'NU-AP06167', 'NU-AP06167'], 'addresses': ['48:00:b3:5f:46:a0', '48:00:b3:5f:72:e0', '48:00:b3:5a:90:8f', '48:00:b3:5f:46:ae', '48:00:b3:5f:72:ed', '48:00:b3:5f:70:2d', '48:00:b3:5e:0b:ed', '48:00:b3:5e:0b:e0'], 'ssids': ['iotroam', 'iotroam', 'iotroam', 'eduroam', 'VU-Campusnet', 'VU-Campusnet', 'VU-Campusnet', 'iotroam'], 'signals': [-53, -60, -73, -59, -70, -80, -79, -71], 'timestamps': [1.7832635585587218e+18, 1.7832635587077217e+18, 1.7832635602017219e+18, 1.7832635602257219e+18, 1.7832635604092385e+18, 1.7832635568514012e+18, 1.78326356112722e+18, 1.7832635585587218e+18], 'frequencies': [2412, 2437, 5320, 5500, 5540, 5580, 5660, 2412]}
68 100 1783263561567764148
{'names': ['NU-AP06163', 'NU-AP06164', 'NU-AP06162', 'NU-AP06163', 'NU-AP06164', 'NU-AP07183', 'NU-AP06167', 'NU-AP06167'], 'addresses': ['48:00:b3:5f:46:a0', '48:00:b3:5f:72:e0', '48:00:b3:5a:90:8f', '48:00:b3:5f:46:ae', '48:00:b3:5f:72:ed', '48:00:b3:5f:70:2d', '48:00:b3:5e:0b:ed', '48:00:b3:5e:0b:e0'], 'ssids': ['iotroam', 'iotroam', 'iotroam', 'eduroam', 'VU-Campusnet', 'VU-Campusnet', 'VU-Campusnet', 'iotroam'], 'signals': [-53, -60, -73, -59, -70, -80, -79, -71], 'timestamps': [1.7832635585587218e+18, 1.7832635587077217e+18, 1.7832635602017219e+18, 1.7832635602257219e+18, 1.7832635604092385e+18, 1.7832635568514012e+18, 1.78326356112722e+18, 1.7832635585587218e+18], 'frequencies': [2412, 2437, 5320, 5500, 5540, 5580, 5660, 2412]}
72 104 1783263561646052862
{'names': ['NU-AP06163', 'NU-AP06164', 'NU-AP06162', 'NU-AP06163', 'NU-AP06164', 'NU-AP07183', 'NU-AP06167', 'NU-AP06167'], 'addresses': ['48:00:b3:5f:46:a0', '48:00:b3:5f:72:e0', '48:00:b3:5a:90:8f', '48:00:b3:5f:46:ae', '48:00:b3:5f:72:ed', '48:00:b3:5f:70:2d', '48:00:b3:5e:0b:ed', '48:00:b3:5e:0b:e0'], 'ssids': ['iotroam', 'iotroam', 'iotroam', 'eduroam', 'VU-Campusnet', 'VU-Campusnet', 'VU-Campusnet', 'iotroam'], 'signals': [-53, -60, -73, -59, -70, -80, -79, -71], 'timestamps': [1.7832635585590528e+18, 1.783263558708053e+18, 1.7832635602020529e+18, 1.7832635602260529e+18, 1.7832635604100529e+18, 1.7832635568514012e+18, 1.7832635611280527e+18, 1.7832635585590528e+18], 'frequencies': [2412, 2437, 5320, 5500, 5540, 5580, 5660, 2412]}
73 104 1783263561742171782
{'names': ['NU-AP06163', 'NU-AP06164', 'NU-AP06162', 'NU-AP06163', 'NU-AP06164', 'NU-AP07183', 'NU-AP06167', 'NU-AP06167'], 'addresses': ['48:00:b3:5f:46:a0', '48:00:b3:5f:72:e0', '48:00:b3:5a:90:8f', '48:00:b3:5f:46:ae', '48:00:b3:5f:72:ed', '48:00:b3:5f:70:2d', '48:00:b3:5e:0b:ed', '48:00:b3:5e:0b:e0'], 'ssids': ['iotroam', 'iotroam', 'iotroam', 'eduroam', 'VU-Campusnet', 'VU-Campusnet', 'VU-Campusnet', 'iotroam'], 'signals': [-53, -60, -73, -59, -70, -80, -79, -71], 'timestamps': [1.7832635585590528e+18, 1.783263558708053e+18, 1.7832635602020529e+18, 1.7832635602260529e+18, 1.7832635604100529e+18, 1.7832635568514012e+18, 1.7832635611280527e+18, 1.7832635585590528e+18], 'frequencies': [2412, 2437, 5320, 5500, 5540, 5580, 5660, 2412]}
74 104 1783263561810299399
{'names': ['NU-AP06163', 'NU-AP06164', 'NU-AP06162', 'NU-AP06163', 'NU-AP06164', 'NU-AP07183', 'NU-AP06167', 'NU-AP06167'], 'addresses': ['48:00:b3:5f:46:a0', '48:00:b3:5f:72:e0', '48:00:b3:5a:90:8f', '48:00:b3:5f:46:ae', '48:00:b3:5f:72:ed', '48:00:b3:5f:70:2d', '48:00:b3:5e:0b:ed', '48:00:b3:5e:0b:e0'], 'ssids': ['iotroam', 'iotroam', 'iotroam', 'eduroam', 'VU-Campusnet', 'VU-Campusnet', 'VU-Campusnet', 'iotroam'], 'signals': [-53, -60, -73, -59, -70, -80, -79, -71], 'timestamps': [1.7832635585590528e+18, 1.783263558708053e+18, 1.7832635602020529e+18, 1.7832635602260529e+18, 1.7832635604100529e+18, 1.7832635568514012e+18, 1.7832635611280527e+18, 1.7832635585590528e+18], 'frequencies': [2412, 2437, 5320, 5500, 5540, 5580, 5660, 2412]}
75 104 1783263561879099261
{'names': ['NU-AP06163', 'NU-AP06164', 'NU-AP06162', 'NU-AP06163', 'NU-AP06164', 'NU-AP07183', 'NU-AP06167', 'NU-AP06167'], 'addresses': ['48:00:b3:5f:46:a0', '48:00:b3:5f:72:e0', '48:00:b3:5a:90:8f', '48:00:b3:5f:46:ae', '48:00:b3:5f:72:ed', '48:00:b3:5f:70:2d', '48:00:b3:5e:0b:ed', '48:00:b3:5e:0b:e0'], 'ssids': ['iotroam', 'iotroam', 'iotroam', 'eduroam', 'VU-Campusnet', 'VU-Campusnet', 'VU-Campusnet', 'iotroam'], 'signals': [-53, -60, -73, -59, -70, -80, -79, -71], 'timestamps': [1.7832635585590528e+18, 1.783263558708053e+18, 1.7832635602020529e+18, 1.7832635602260529e+18, 1.7832635604100529e+18, 1.7832635568514012e+18, 1.7832635611280527e+18, 1.7832635585590528e+18], 'frequencies': [2412, 2437, 5320, 5500, 5540, 5580, 5660, 2412]}
76 104 1783263561949082774
{'names': ['NU-AP06163', 'NU-AP06164', 'NU-AP06162', 'NU-AP06163', 'NU-AP06164', 'NU-AP07183', 'NU-AP06167', 'NU-AP06167'], 'addresses': ['48:00:b3:5f:46:a0', '48:00:b3:5f:72:e0', '48:00:b3:5a:90:8f', '48:00:b3:5f:46:ae', '48:00:b3:5f:72:ed', '48:00:b3:5f:70:2d', '48:00:b3:5e:0b:ed', '48:00:b3:5e:0b:e0'], 'ssids': ['iotroam', 'iotroam', 'iotroam', 'eduroam', 'VU-Campusnet', 'VU-Campusnet', 'VU-Campusnet', 'iotroam'], 'signals': [-53, -60, -73, -59, -70, -80, -79, -71], 'timestamps': [1.7832635585590528e+18, 1.783263558708053e+18, 1.7832635602020529e+18, 1.7832635602260529e+18, 1.7832635604100529e+18, 1.7832635568514012e+18, 1.7832635611280527e+18, 1.7832635585590528e+18], 'frequencies': [2412, 2437, 5320, 5500, 5540, 5580, 5660, 2412]}
77 104 1783263562017885941
{'names': ['NU-AP06163', 'NU-AP06164', 'NU-AP06162', 'NU-AP06163', 'NU-AP06164', 'NU-AP07183', 'NU-AP06167', 'NU-AP06167'], 'addresses': ['48:00:b3:5f:46:a0', '48:00:b3:5f:72:e0', '48:00:b3:5a:90:8f', '48:00:b3:5f:46:ae', '48:00:b3:5f:72:ed', '48:00:b3:5f:70:2d', '48:00:b3:5e:0b:ed', '48:00:b3:5e:0b:e0'], 'ssids': ['iotroam', 'iotroam', 'iotroam', 'eduroam', 'VU-Campusnet', 'VU-Campusnet', 'VU-Campusnet', 'iotroam'], 'signals': [-53, -60, -73, -59, -70, -80, -79, -71], 'timestamps': [1.7832635585590528e+18, 1.783263558708053e+18, 1.7832635602020529e+18, 1.7832635602260529e+18, 1.7832635604100529e+18, 1.7832635568514012e+18, 1.7832635611280527e+18, 1.7832635585590528e+18], 'frequencies': [2412, 2437, 5320, 5500, 5540, 5580, 5660, 2412]}
78 104 1783263562086760946
{'names': ['NU-AP06163', 'NU-AP06164', 'NU-AP06162', 'NU-AP06163', 'NU-AP06164', 'NU-AP07183', 'NU-AP06167', 'NU-AP06167'], 'addresses': ['48:00:b3:5f:46:a0', '48:00:b3:5f:72:e0', '48:00:b3:5a:90:8f', '48:00:b3:5f:46:ae', '48:00:b3:5f:72:ed', '48:00:b3:5f:70:2d', '48:00:b3:5e:0b:ed', '48:00:b3:5e:0b:e0'], 'ssids': ['iotroam', 'iotroam', 'iotroam', 'eduroam', 'VU-Campusnet', 'VU-Campusnet', 'VU-Campusnet', 'iotroam'], 'signals': [-53, -60, -73, -59, -70, -80, -79, -71], 'timestamps': [1.7832635585590528e+18, 1.783263558708053e+18, 1.7832635602020529e+18, 1.7832635602260529e+18, 1.7832635604100529e+18, 1.7832635568514012e+18, 1.7832635611280527e+18, 1.7832635585590528e+18], 'frequencies': [2412, 2437, 5320, 5500, 5540, 5580, 5660, 2412]}
79 104 1783263562156653543
{'names': ['NU-AP06163', 'NU-AP06164', 'NU-AP06162', 'NU-AP06163', 'NU-AP06164', 'NU-AP07183', 'NU-AP06167', 'NU-AP06167'], 'addresses': ['48:00:b3:5f:46:a0', '48:00:b3:5f:72:e0', '48:00:b3:5a:90:8f', '48:00:b3:5f:46:ae', '48:00:b3:5f:72:ed', '48:00:b3:5f:70:2d', '48:00:b3:5e:0b:ed', '48:00:b3:5e:0b:e0'], 'ssids': ['iotroam', 'iotroam', 'iotroam', 'eduroam', 'VU-Campusnet', 'VU-Campusnet', 'VU-Campusnet', 'iotroam'], 'signals': [-53, -60, -73, -59, -70, -80, -79, -71], 'timestamps': [1.7832635585590528e+18, 1.783263558708053e+18, 1.7832635602020529e+18, 1.7832635602260529e+18, 1.7832635604100529e+18, 1.7832635568514012e+18, 1.7832635611280527e+18, 1.7832635585590528e+18], 'frequencies': [2412, 2437, 5320, 5500, 5540, 5580, 5660, 2412]}
80 104 1783263562227174760
{'names': ['NU-AP06163', 'NU-AP06164', 'NU-AP06162', 'NU-AP06163', 'NU-AP06164', 'NU-AP07183', 'NU-AP06167', 'NU-AP06167'], 'addresses': ['48:00:b3:5f:46:a0', '48:00:b3:5f:72:e0', '48:00:b3:5a:90:8f', '48:00:b3:5f:46:ae', '48:00:b3:5f:72:ed', '48:00:b3:5f:70:2d', '48:00:b3:5e:0b:ed', '48:00:b3:5e:0b:e0'], 'ssids': ['iotroam', 'iotroam', 'iotroam', 'eduroam', 'VU-Campusnet', 'VU-Campusnet', 'VU-Campusnet', 'iotroam'], 'signals': [-53, -60, -73, -59, -70, -80, -79, -71], 'timestamps': [1.7832635585590528e+18, 1.783263558708053e+18, 1.7832635602020529e+18, 1.7832635602260529e+18, 1.7832635604100529e+18, 1.7832635568514012e+18, 1.7832635611280527e+18, 1.7832635585590528e+18], 'frequencies': [2412, 2437, 5320, 5500, 5540, 5580, 5660, 2412]}
81 104 1783263562295610752
{'names': ['NU-AP06163', 'NU-AP06164', 'NU-AP06162', 'NU-AP06163', 'NU-AP06164', 'NU-AP07183', 'NU-AP06167', 'NU-AP06167'], 'addresses': ['48:00:b3:5f:46:a0', '48:00:b3:5f:72:e0', '48:00:b3:5a:90:8f', '48:00:b3:5f:46:ae', '48:00:b3:5f:72:ed', '48:00:b3:5f:70:2d', '48:00:b3:5e:0b:ed', '48:00:b3:5e:0b:e0'], 'ssids': ['iotroam', 'iotroam', 'iotroam', 'eduroam', 'VU-Campusnet', 'VU-Campusnet', 'VU-Campusnet', 'iotroam'], 'signals': [-53, -60, -73, -59, -70, -80, -79, -71], 'timestamps': [1.7832635585590528e+18, 1.783263558708053e+18, 1.7832635602020529e+18, 1.7832635602260529e+18, 1.7832635604100529e+18, 1.7832635568514012e+18, 1.7832635611280527e+18, 1.7832635585590528e+18], 'frequencies': [2412, 2437, 5320, 5500, 5540, 5580, 5660, 2412]}
82 104 1783263562363383948
{'names': ['NU-AP06163', 'NU-AP06164', 'NU-AP06162', 'NU-AP06163', 'NU-AP06164', 'NU-AP07183', 'NU-AP06167', 'NU-AP06167'], 'addresses': ['48:00:b3:5f:46:a0', '48:00:b3:5f:72:e0', '48:00:b3:5a:90:8f', '48:00:b3:5f:46:ae', '48:00:b3:5f:72:ed', '48:00:b3:5f:70:2d', '48:00:b3:5e:0b:ed', '48:00:b3:5e:0b:e0'], 'ssids': ['iotroam', 'iotroam', 'iotroam', 'eduroam', 'VU-Campusnet', 'VU-Campusnet', 'VU-Campusnet', 'iotroam'], 'signals': [-53, -60, -73, -59, -70, -80, -79, -71], 'timestamps': [1.7832635585590528e+18, 1.783263558708053e+18, 1.7832635602020529e+18, 1.7832635602260529e+18, 1.7832635604100529e+18, 1.7832635568514012e+18, 1.7832635611280527e+18, 1.7832635585590528e+18], 'frequencies': [2412, 2437, 5320, 5500, 5540, 5580, 5660, 2412]}
83 104 1783263562430803259
{'names': ['NU-AP06163', 'NU-AP06164', 'NU-AP06162', 'NU-AP06163', 'NU-AP06164', 'NU-AP07183', 'NU-AP06167', 'NU-AP06167'], 'addresses': ['48:00:b3:5f:46:a0', '48:00:b3:5f:72:e0', '48:00:b3:5a:90:8f', '48:00:b3:5f:46:ae', '48:00:b3:5f:72:ed', '48:00:b3:5f:70:2d', '48:00:b3:5e:0b:ed', '48:00:b3:5e:0b:e0'], 'ssids': ['iotroam', 'iotroam', 'iotroam', 'eduroam', 'VU-Campusnet', 'VU-Campusnet', 'VU-Campusnet', 'iotroam'], 'signals': [-53, -60, -73, -59, -70, -80, -79, -71], 'timestamps': [1.7832635585590528e+18, 1.783263558708053e+18, 1.7832635602020529e+18, 1.7832635602260529e+18, 1.7832635604100529e+18, 1.7832635568514012e+18, 1.7832635611280527e+18, 1.7832635585590528e+18], 'frequencies': [2412, 2437, 5320, 5500, 5540, 5580, 5660, 2412]}
85 104 1783263562503736710
{'names': ['NU-AP06163', 'NU-AP06164', 'NU-AP06162', 'NU-AP06163', 'NU-AP06164', 'NU-AP07183', 'NU-AP06167', 'NU-AP06167'], 'addresses': ['48:00:b3:5f:46:a0', '48:00:b3:5f:72:e0', '48:00:b3:5a:90:8f', '48:00:b3:5f:46:ae', '48:00:b3:5f:72:ed', '48:00:b3:5f:70:2d', '48:00:b3:5e:0b:ed', '48:00:b3:5e:0b:e0'], 'ssids': ['iotroam', 'iotroam', 'iotroam', 'eduroam', 'VU-Campusnet', 'VU-Campusnet', 'VU-Campusnet', 'iotroam'], 'signals': [-53, -60, -73, -59, -70, -80, -79, -71], 'timestamps': [1.7832635624967368e+18, 1.783263558708053e+18, 1.7832635602020529e+18, 1.7832635602260529e+18, 1.7832635604100529e+18, 1.7832635568514012e+18, 1.7832635611280527e+18, 1.7832635624967368e+18], 'frequencies': [2412, 2437, 5320, 5500, 5540, 5580, 5660, 2412]}
86 104 1783263562692783779
{'names': ['NU-AP06163', 'NU-AP06164', 'NU-AP06162', 'NU-AP06163', 'NU-AP06164', 'NU-AP07183', 'NU-AP06167', 'NU-AP06167'], 'addresses': ['48:00:b3:5f:46:a0', '48:00:b3:5f:72:e0', '48:00:b3:5a:90:8f', '48:00:b3:5f:46:ae', '48:00:b3:5f:72:ed', '48:00:b3:5f:70:2d', '48:00:b3:5e:0b:ed', '48:00:b3:5e:0b:e0'], 'ssids': ['iotroam', 'iotroam', 'iotroam', 'eduroam', 'VU-Campusnet', 'VU-Campusnet', 'VU-Campusnet', 'iotroam'], 'signals': [-53, -61, -73, -59, -70, -80, -79, -71], 'timestamps': [1.7832635624967368e+18, 1.7832635626427837e+18, 1.7832635602020529e+18, 1.7832635602260529e+18, 1.7832635604100529e+18, 1.7832635568514012e+18, 1.7832635611280527e+18, 1.7832635624967368e+18], 'frequencies': [2412, 2437, 5320, 5500, 5540, 5580, 5660, 2412]}
87 104 1783263562758220451
{'names': ['NU-AP06163', 'NU-AP06164', 'NU-AP06162', 'NU-AP06163', 'NU-AP06164', 'NU-AP07183', 'NU-AP06167', 'NU-AP06167'], 'addresses': ['48:00:b3:5f:46:a0', '48:00:b3:5f:72:e0', '48:00:b3:5a:90:8f', '48:00:b3:5f:46:ae', '48:00:b3:5f:72:ed', '48:00:b3:5f:70:2d', '48:00:b3:5e:0b:ed', '48:00:b3:5e:0b:e0'], 'ssids': ['iotroam', 'iotroam', 'iotroam', 'eduroam', 'VU-Campusnet', 'VU-Campusnet', 'VU-Campusnet', 'iotroam'], 'signals': [-53, -61, -73, -59, -70, -80, -79, -71], 'timestamps': [1.7832635624967368e+18, 1.7832635626432205e+18, 1.7832635602020529e+18, 1.7832635602260529e+18, 1.7832635604100529e+18, 1.7832635568514012e+18, 1.7832635611280527e+18, 1.7832635624967368e+18], 'frequencies': [2412, 2437, 5320, 5500, 5540, 5580, 5660, 2412]}
89 104 1783263562824725432
{'names': ['NU-AP06163', 'NU-AP06164', 'NU-AP06162', 'NU-AP06163', 'NU-AP06164', 'NU-AP07183', 'NU-AP06167', 'NU-AP06167', 'NU-AP06162'], 'addresses': ['48:00:b3:5f:46:a0', '48:00:b3:5f:72:e0', '48:00:b3:5a:90:8f', '48:00:b3:5f:46:ae', '48:00:b3:5f:72:ed', '48:00:b3:5f:70:2d', '48:00:b3:5e:0b:ed', '48:00:b3:5e:0b:e0', '48:00:b3:5a:90:80'], 'ssids': ['iotroam', 'iotroam', 'iotroam', 'eduroam', 'VU-Campusnet', 'VU-Campusnet', 'VU-Campusnet', 'iotroam', 'iotroam'], 'signals': [-53, -61, -73, -59, -70, -80, -79, -71, -75], 'timestamps': [1.7832635624967368e+18, 1.7832635626437256e+18, 1.7832635602020529e+18, 1.7832635602260529e+18, 1.7832635604100529e+18, 1.7832635568514012e+18, 1.7832635611280527e+18, 1.7832635624967368e+18, 1.7832635628227256e+18], 'frequencies': [2412, 2437, 5320, 5500, 5540, 5580, 5660, 2412, 2462]}
93 104 1783263563021908233
{'names': ['NU-AP06163', 'NU-AP06164', 'NU-AP06162', 'NU-AP06163', 'NU-AP06164', 'NU-AP06167', 'NU-AP06167', 'NU-AP06162'], 'addresses': ['48:00:b3:5f:46:a0', '48:00:b3:5f:72:e0', '48:00:b3:5a:90:8f', '48:00:b3:5f:46:ae', '48:00:b3:5f:72:ed', '48:00:b3:5e:0b:ed', '48:00:b3:5e:0b:e0', '48:00:b3:5a:90:80'], 'ssids': ['iotroam', 'iotroam', 'iotroam', 'eduroam', 'VU-Campusnet', 'VU-Campusnet', 'iotroam', 'iotroam'], 'signals': [-53, -61, -73, -59, -70, -79, -71, -75], 'timestamps': [1.7832635624969083e+18, 1.783263562643908e+18, 1.7832635602020529e+18, 1.7832635602260529e+18, 1.7832635604100529e+18, 1.7832635611280527e+18, 1.7832635624969083e+18, 1.7832635628229082e+18], 'frequencies': [2412, 2437, 5320, 5500, 5540, 5660, 2412, 2462]}
93 105 1783263564211742915
{'names': ['NU-AP06163', 'NU-AP06164', 'NU-AP06162', 'NU-AP06163', 'NU-AP06164', 'NU-AP06167', 'NU-AP06167', 'NU-AP06162'], 'addresses': ['48:00:b3:5f:46:a0', '48:00:b3:5f:72:e0', '48:00:b3:5a:90:8d', '48:00:b3:5f:46:ae', '48:00:b3:5f:72:ed', '48:00:b3:5e:0b:ed', '48:00:b3:5e:0b:e0', '48:00:b3:5a:90:80'], 'ssids': ['iotroam', 'iotroam', 'VU-Campusnet', 'eduroam', 'VU-Campusnet', 'VU-Campusnet', 'iotroam', 'iotroam'], 'signals': [-53, -61, -73, -59, -70, -79, -71, -75], 'timestamps': [1.7832635624969083e+18, 1.783263562643908e+18, 1.7832635641937428e+18, 1.7832635602260529e+18, 1.7832635604100529e+18, 1.7832635611280527e+18, 1.7832635624969083e+18, 1.7832635628229082e+18], 'frequencies': [2412, 2437, 5320, 5500, 5540, 5660, 2412, 2462]}
97 107 1783263564278262077
{'names': ['NU-AP06163', 'NU-AP06164', 'NU-AP06162', 'NU-AP06163', 'NU-AP06164', 'NU-AP06167', 'NU-AP06167', 'NU-AP06162'], 'addresses': ['48:00:b3:5f:46:a0', '48:00:b3:5f:72:e0', '48:00:b3:5a:90:8d', '48:00:b3:5f:46:ae', '48:00:b3:5f:72:ed', '48:00:b3:5e:0b:ed', '48:00:b3:5e:0b:e0', '48:00:b3:5a:90:80'], 'ssids': ['iotroam', 'iotroam', 'VU-Campusnet', 'eduroam', 'VU-Campusnet', 'VU-Campusnet', 'iotroam', 'iotroam'], 'signals': [-53, -61, -73, -60, -70, -79, -71, -75], 'timestamps': [1.783263562497262e+18, 1.783263562644262e+18, 1.783263564195262e+18, 1.783263564219262e+18, 1.7832635604100529e+18, 1.7832635611280527e+18, 1.783263562497262e+18, 1.783263562823262e+18], 'frequencies': [2412, 2437, 5320, 5500, 5540, 5660, 2412, 2462]}
97 108 1783263564413914630
{'names': ['NU-AP06163', 'NU-AP06164', 'NU-AP06162', 'NU-AP06163', 'NU-AP06164', 'NU-AP06167', 'NU-AP06167', 'NU-AP06162'], 'addresses': ['48:00:b3:5f:46:a0', '48:00:b3:5f:72:e0', '48:00:b3:5a:90:8d', '48:00:b3:5f:46:ae', '48:00:b3:5f:72:ee', '48:00:b3:5e:0b:ed', '48:00:b3:5e:0b:e0', '48:00:b3:5a:90:80'], 'ssids': ['iotroam', 'iotroam', 'VU-Campusnet', 'eduroam', 'eduroam', 'VU-Campusnet', 'iotroam', 'iotroam'], 'signals': [-53, -61, -73, -60, -69, -79, -71, -75], 'timestamps': [1.783263562497262e+18, 1.783263562644262e+18, 1.783263564195262e+18, 1.783263564219262e+18, 1.7832635644009147e+18, 1.7832635611280527e+18, 1.783263562497262e+18, 1.783263562823262e+18], 'frequencies': [2412, 2437, 5320, 5500, 5540, 5660, 2412, 2462]}
101 111 1783263564481598781
{'names': ['NU-AP06163', 'NU-AP06164', 'NU-AP06162', 'NU-AP06163', 'NU-AP06164', 'NU-AP06167', 'NU-AP06167', 'NU-AP06162'], 'addresses': ['48:00:b3:5f:46:a0', '48:00:b3:5f:72:e0', '48:00:b3:5a:90:8d', '48:00:b3:5f:46:ae', '48:00:b3:5f:72:ee', '48:00:b3:5e:0b:ed', '48:00:b3:5e:0b:e0', '48:00:b3:5a:90:80'], 'ssids': ['iotroam', 'iotroam', 'VU-Campusnet', 'eduroam', 'eduroam', 'VU-Campusnet', 'iotroam', 'iotroam'], 'signals': [-53, -61, -73, -60, -69, -79, -71, -75], 'timestamps': [1.7832635624975987e+18, 1.7832635626445988e+18, 1.7832635641955988e+18, 1.7832635642195988e+18, 1.7832635644025987e+18, 1.7832635611280527e+18, 1.7832635624975987e+18, 1.7832635628235986e+18], 'frequencies': [2412, 2437, 5320, 5500, 5540, 5660, 2412, 2462]}
105 114 1783263564550712556
{'names': ['NU-AP06163', 'NU-AP06164', 'NU-AP06162', 'NU-AP06163', 'NU-AP06164', 'NU-AP06167', 'NU-AP06167', 'NU-AP06162'], 'addresses': ['48:00:b3:5f:46:a0', '48:00:b3:5f:72:e0', '48:00:b3:5a:90:8d', '48:00:b3:5f:46:ae', '48:00:b3:5f:72:ee', '48:00:b3:5e:0b:ed', '48:00:b3:5e:0b:e0', '48:00:b3:5a:90:80'], 'ssids': ['iotroam', 'iotroam', 'VU-Campusnet', 'eduroam', 'eduroam', 'VU-Campusnet', 'iotroam', 'iotroam'], 'signals': [-53, -61, -73, -60, -69, -79, -71, -75], 'timestamps': [1.7832635624977126e+18, 1.7832635626447124e+18, 1.7832635641957125e+18, 1.7832635642197125e+18, 1.7832635644027126e+18, 1.7832635611280527e+18, 1.7832635624977126e+18, 1.7832635628237125e+18], 'frequencies': [2412, 2437, 5320, 5500, 5540, 5660, 2412, 2462]}
105 115 1783263564683242080
{'names': ['NU-AP06163', 'NU-AP06164', 'NU-AP06162', 'NU-AP06163', 'NU-AP06164', 'NU-AP06167', 'NU-AP06167', 'NU-AP06162', 'NU-AP07183'], 'addresses': ['48:00:b3:5f:46:a0', '48:00:b3:5f:72:e0', '48:00:b3:5a:90:8d', '48:00:b3:5f:46:ae', '48:00:b3:5f:72:ee', '48:00:b3:5e:0b:ed', '48:00:b3:5e:0b:e0', '48:00:b3:5a:90:80', '48:00:b3:5f:70:2f'], 'ssids': ['iotroam', 'iotroam', 'VU-Campusnet', 'eduroam', 'eduroam', 'VU-Campusnet', 'iotroam', 'iotroam', 'iotroam'], 'signals': [-53, -61, -73, -60, -69, -79, -71, -75, -81], 'timestamps': [1.7832635624977126e+18, 1.7832635626447124e+18, 1.7832635641957125e+18, 1.7832635642197125e+18, 1.7832635644027126e+18, 1.7832635611280527e+18, 1.7832635624977126e+18, 1.7832635628237125e+18, 1.783263564633242e+18], 'frequencies': [2412, 2437, 5320, 5500, 5540, 5660, 2412, 2462, 5580]}
105 116 1783263564751692969
{'names': ['NU-AP06163', 'NU-AP06164', 'NU-AP06162', 'NU-AP06163', 'NU-AP06164', 'NU-AP06167', 'NU-AP06167', 'NU-AP06162', 'NU-AP07183'], 'addresses': ['48:00:b3:5f:46:a0', '48:00:b3:5f:72:e0', '48:00:b3:5a:90:8d', '48:00:b3:5f:46:ae', '48:00:b3:5f:72:ee', '48:00:b3:5e:0b:ed', '48:00:b3:5e:0b:e0', '48:00:b3:5a:90:80', '48:00:b3:5f:70:2f'], 'ssids': ['iotroam', 'iotroam', 'VU-Campusnet', 'eduroam', 'eduroam', 'VU-Campusnet', 'iotroam', 'iotroam', 'iotroam'], 'signals': [-53, -61, -73, -60, -69, -79, -71, -75, -81], 'timestamps': [1.7832635624977126e+18, 1.7832635626447124e+18, 1.7832635641957125e+18, 1.7832635642197125e+18, 1.7832635644027126e+18, 1.7832635611280527e+18, 1.7832635624977126e+18, 1.7832635628237125e+18, 1.7832635646336932e+18], 'frequencies': [2412, 2437, 5320, 5500, 5540, 5660, 2412, 2462, 5580]}
105 117 1783263564819837796
{'names': ['NU-AP06163', 'NU-AP06164', 'NU-AP06162', 'NU-AP06163', 'NU-AP06164', 'NU-AP06167', 'NU-AP06167', 'NU-AP06162', 'NU-AP07183'], 'addresses': ['48:00:b3:5f:46:a0', '48:00:b3:5f:72:e0', '48:00:b3:5a:90:8d', '48:00:b3:5f:46:ae', '48:00:b3:5f:72:ee', '48:00:b3:5e:0b:ed', '48:00:b3:5e:0b:e0', '48:00:b3:5a:90:80', '48:00:b3:5f:70:2f'], 'ssids': ['iotroam', 'iotroam', 'VU-Campusnet', 'eduroam', 'eduroam', 'VU-Campusnet', 'iotroam', 'iotroam', 'iotroam'], 'signals': [-53, -61, -73, -60, -69, -79, -71, -75, -81], 'timestamps': [1.7832635624977126e+18, 1.7832635626447124e+18, 1.7832635641957125e+18, 1.7832635642197125e+18, 1.7832635644027126e+18, 1.7832635611280527e+18, 1.7832635624977126e+18, 1.7832635628237125e+18, 1.7832635646338376e+18], 'frequencies': [2412, 2437, 5320, 5500, 5540, 5660, 2412, 2462, 5580]}
105 118 1783263564953982812
{'names': ['NU-AP06163', 'NU-AP06164', 'NU-AP06162', 'NU-AP06163', 'NU-AP06164', 'NU-AP06167', 'NU-AP06167', 'NU-AP06162', 'NU-AP07183'], 'addresses': ['48:00:b3:5f:46:a0', '48:00:b3:5f:72:e0', '48:00:b3:5a:90:8d', '48:00:b3:5f:46:ae', '48:00:b3:5f:72:ee', '48:00:b3:5e:0b:ed', '48:00:b3:5e:0b:e0', '48:00:b3:5a:90:80', '48:00:b3:5f:70:2f'], 'ssids': ['iotroam', 'iotroam', 'VU-Campusnet', 'eduroam', 'eduroam', 'VU-Campusnet', 'iotroam', 'iotroam', 'iotroam'], 'signals': [-53, -61, -73, -60, -69, -79, -71, -75, -81], 'timestamps': [1.7832635624977126e+18, 1.7832635626447124e+18, 1.7832635641957125e+18, 1.7832635642197125e+18, 1.7832635644027126e+18, 1.7832635611280527e+18, 1.7832635624977126e+18, 1.7832635628237125e+18, 1.7832635646339827e+18], 'frequencies': [2412, 2437, 5320, 5500, 5540, 5660, 2412, 2462, 5580]}
109 122 1783263565230720311
{'names': ['NU-AP06163', 'NU-AP06164', 'NU-AP06162', 'NU-AP06163', 'NU-AP06164', 'NU-AP06167', 'NU-AP06167', 'NU-AP06162', 'NU-AP07183'], 'addresses': ['48:00:b3:5f:46:a0', '48:00:b3:5f:72:e0', '48:00:b3:5a:90:8d', '48:00:b3:5f:46:ae', '48:00:b3:5f:72:ee', '48:00:b3:5e:0b:ed', '48:00:b3:5e:0b:e0', '48:00:b3:5a:90:80', '48:00:b3:5f:70:2f'], 'ssids': ['iotroam', 'iotroam', 'VU-Campusnet', 'eduroam', 'eduroam', 'VU-Campusnet', 'iotroam', 'iotroam', 'iotroam'], 'signals': [-53, -61, -73, -60, -69, -79, -71, -75, -81], 'timestamps': [1.7832635624977203e+18, 1.78326356264472e+18, 1.7832635641957202e+18, 1.7832635642197202e+18, 1.7832635644027203e+18, 1.7832635611280527e+18, 1.7832635624977203e+18, 1.7832635628237202e+18, 1.7832635646347203e+18], 'frequencies': [2412, 2437, 5320, 5500, 5540, 5660, 2412, 2462, 5580]}
113 126 1783263566359759906
{'names': ['NU-AP06163', 'NU-AP06164', 'NU-AP06162', 'NU-AP06163', 'NU-AP06164', 'NU-AP06167', 'NU-AP06167', 'NU-AP06162', 'NU-AP07183'], 'addresses': ['48:00:b3:5f:46:a0', '48:00:b3:5f:72:e0', '48:00:b3:5a:90:8d', '48:00:b3:5f:46:ae', '48:00:b3:5f:72:ee', '48:00:b3:5e:0b:ed', '48:00:b3:5e:0b:e0', '48:00:b3:5a:90:80', '48:00:b3:5f:70:2f'], 'ssids': ['iotroam', 'iotroam', 'VU-Campusnet', 'eduroam', 'eduroam', 'VU-Campusnet', 'iotroam', 'iotroam', 'iotroam'], 'signals': [-53, -61, -73, -60, -69, -79, -71, -75, -81], 'timestamps': [1.78326356249876e+18, 1.78326356264576e+18, 1.7832635641967598e+18, 1.7832635642207598e+18, 1.7832635644037599e+18, 1.7832635611280527e+18, 1.78326356249876e+18, 1.7832635628247598e+18, 1.7832635646357599e+18], 'frequencies': [2412, 2437, 5320, 5500, 5540, 5660, 2412, 2462, 5580]}
