1 1 1783265272435665696
{'names': ['NU-AP06167'], 'addresses': ['48:00:b3:5e:0b:e0'], 'ssids': ['iotroam'], 'signals': [-70], 'timestamps': [1.7832652724236657e+18], 'frequencies': [2412]}
1 2 1783265272480726612
{'names': ['NU-AP06167'], 'addresses': ['48:00:b3:5e:0b:e0'], 'ssids': ['iotroam'], 'signals': [-70], 'timestamps': [1.7832652724236657e+18], 'frequencies': [2412]}
1 3 1783265272526462500
{'names': ['NU-AP06167'], 'addresses': ['48:00:b3:5e:0b:e0'], 'ssids': ['iotroam'], 'signals': [-70], 'timestamps': [1.7832652724236657e+18], 'frequencies': [2412]}
3 4 1783265272571858267
{'names': ['NU-AP06167', 'NU-AP06163'], 'addresses': ['48:00:b3:5e:0b:e0', '48:00:b3:5f:46:a0'], 'ssids': ['iotroam', 'iotroam'], 'signals': [-70, -57], 'timestamps': [1.7832652724238582e+18, 1.7832652725718582e+18], 'frequencies': [2412, 2437]}
6 5 1783265272618253725
{'names': ['NU-AP06167', 'NU-AP06163', 'NU-AP06164'], 'addresses': ['48:00:b3:5e:0b:e0', '48:00:b3:5f:46:a0', '48:00:b3:5f:72:e0'], 'ssids': ['iotroam', 'iotroam', 'iotroam'], 'signals': [-70, -57, -53], 'timestamps': [1.783265272424254e+18, 1.7832652725722537e+18, 1.7832652725722537e+18], 'frequencies': [2412, 2437, 2437]}
6 6 1783265272664770657
{'names': ['NU-AP06167', 'NU-AP06163', 'NU-AP06164'], 'addresses': ['48:00:b3:5e:0b:e0', '48:00:b3:5f:46:a0', '48:00:b3:5f:72:e0'], 'ssids': ['iotroam', 'iotroam', 'iotroam'], 'signals': [-70, -57, -53], 'timestamps': [1.783265272424254e+18, 1.7832652725722537e+18, 1.7832652725722537e+18], 'frequencies': [2412, 2437, 2437]}
6 7 1783265272712838547
{'names': ['NU-AP06167', 'NU-AP06163', 'NU-AP06164'], 'addresses': ['48:00:b3:5e:0b:e0', '48:00:b3:5f:46:a0', '48:00:b3:5f:72:e0'], 'ssids': ['iotroam', 'iotroam', 'iotroam'], 'signals': [-70, -57, -53], 'timestamps': [1.783265272424254e+18, 1.7832652725722537e+18, 1.7832652725722537e+18], 'frequencies': [2412, 2437, 2437]}
7 8 1783265272763215354
{'names': ['NU-AP06167', 'NU-AP06163', 'NU-AP06164', 'NU-AP07295'], 'addresses': ['48:00:b3:5e:0b:e0', '48:00:b3:5f:46:a0', '48:00:b3:5f:72:e0', '48:00:b3:5f:78:42'], 'ssids': ['iotroam', 'iotroam', 'iotroam', 'VU-Campusnet'], 'signals': [-70, -57, -53, -78], 'timestamps': [1.783265272424254e+18, 1.7832652725722537e+18, 1.7832652725722537e+18, 1.7832652727322153e+18], 'frequencies': [2412, 2437, 2437, 2462]}
8 9 1783265272813831428
{'names': ['NU-AP06167', 'NU-AP06163', 'NU-AP06164', 'NU-AP07295'], 'addresses': ['48:00:b3:5e:0b:e0', '48:00:b3:5f:46:a0', '48:00:b3:5f:72:e0', '48:00:b3:5f:78:42'], 'ssids': ['iotroam', 'iotroam', 'iotroam', 'VU-Campusnet'], 'signals': [-70, -57, -53, -78], 'timestamps': [1.783265272424254e+18, 1.7832652725722537e+18, 1.7832652725722537e+18, 1.7832652727328315e+18], 'frequencies': [2412, 2437, 2437, 2462]}
9 10 1783265272865845133
{'names': ['NU-AP06167', 'NU-AP06163', 'NU-AP06164', 'NU-AP07295'], 'addresses': ['48:00:b3:5e:0b:e0', '48:00:b3:5f:46:a0', '48:00:b3:5f:72:e0', '48:00:b3:5f:78:42'], 'ssids': ['iotroam', 'iotroam', 'iotroam', 'VU-Campusnet'], 'signals': [-70, -57, -53, -78], 'timestamps': [1.783265272424254e+18, 1.7832652725722537e+18, 1.7832652725722537e+18, 1.7832652727328453e+18], 'frequencies': [2412, 2437, 2437, 2462]}
10 11 1783265272914918514
{'names': ['NU-AP06167', 'NU-AP06163', 'NU-AP06164', 'NU-AP07295'], 'addresses': ['48:00:b3:5e:0b:e0', '48:00:b3:5f:46:a0', '48:00:b3:5f:72:e0', '48:00:b3:5f:78:42'], 'ssids': ['iotroam', 'iotroam', 'iotroam', 'VU-Campusnet'], 'signals': [-70, -57, -53, -78], 'timestamps': [1.783265272424254e+18, 1.7832652725722537e+18, 1.7832652725722537e+18, 1.7832652727329183e+18], 'frequencies': [2412, 2437, 2437, 2462]}
10 12 1783265272964215462
{'names': ['NU-AP06167', 'NU-AP06163', 'NU-AP06164', 'NU-AP07295'], 'addresses': ['48:00:b3:5e:0b:e0', '48:00:b3:5f:46:a0', '48:00:b3:5f:72:e0', '48:00:b3:5f:78:42'], 'ssids': ['iotroam', 'iotroam', 'iotroam', 'VU-Campusnet'], 'signals': [-70, -57, -53, -78], 'timestamps': [1.783265272424254e+18, 1.7832652725722537e+18, 1.7832652725722537e+18, 1.7832652727329183e+18], 'frequencies': [2412, 2437, 2437, 2462]}
10 13 1783265273013650662
{'names': ['NU-AP06167', 'NU-AP06163', 'NU-AP06164', 'NU-AP07295'], 'addresses': ['48:00:b3:5e:0b:e0', '48:00:b3:5f:46:a0', '48:00:b3:5f:72:e0', '48:00:b3:5f:78:42'], 'ssids': ['iotroam', 'iotroam', 'iotroam', 'VU-Campusnet'], 'signals': [-70, -57, -53, -78], 'timestamps': [1.783265272424254e+18, 1.7832652725722537e+18, 1.7832652725722537e+18, 1.7832652727329183e+18], 'frequencies': [2412, 2437, 2437, 2462]}
10 14 1783265273063650640
{'names': ['NU-AP06167', 'NU-AP06163', 'NU-AP06164', 'NU-AP07295'], 'addresses': ['48:00:b3:5e:0b:e0', '48:00:b3:5f:46:a0', '48:00:b3:5f:72:e0', '48:00:b3:5f:78:42'], 'ssids': ['iotroam', 'iotroam', 'iotroam', 'VU-Campusnet'], 'signals': [-70, -57, -53, -78], 'timestamps': [1.783265272424254e+18, 1.7832652725722537e+18, 1.7832652725722537e+18, 1.7832652727329183e+18], 'frequencies': [2412, 2437, 2437, 2462]}
10 15 1783265273112444651
{'names': ['NU-AP06167', 'NU-AP06163', 'NU-AP06164', 'NU-AP07295'], 'addresses': ['48:00:b3:5e:0b:e0', '48:00:b3:5f:46:a0', '48:00:b3:5f:72:e0', '48:00:b3:5f:78:42'], 'ssids': ['iotroam', 'iotroam', 'iotroam', 'VU-Campusnet'], 'signals': [-70, -57, -53, -78], 'timestamps': [1.783265272424254e+18, 1.7832652725722537e+18, 1.7832652725722537e+18, 1.7832652727329183e+18], 'frequencies': [2412, 2437, 2437, 2462]}
10 16 1783265273164295549
{'names': ['NU-AP06167', 'NU-AP06163', 'NU-AP06164', 'NU-AP07295'], 'addresses': ['48:00:b3:5e:0b:e0', '48:00:b3:5f:46:a0', '48:00:b3:5f:72:e0', '48:00:b3:5f:78:42'], 'ssids': ['iotroam', 'iotroam', 'iotroam', 'VU-Campusnet'], 'signals': [-70, -57, -53, -78], 'timestamps': [1.783265272424254e+18, 1.7832652725722537e+18, 1.7832652725722537e+18, 1.7832652727329183e+18], 'frequencies': [2412, 2437, 2437, 2462]}
10 17 1783265273214152266
{'names': ['NU-AP06167', 'NU-AP06163', 'NU-AP06164', 'NU-AP07295'], 'addresses': ['48:00:b3:5e:0b:e0', '48:00:b3:5f:46:a0', '48:00:b3:5f:72:e0', '48:00:b3:5f:78:42'], 'ssids': ['iotroam', 'iotroam', 'iotroam', 'VU-Campusnet'], 'signals': [-70, -57, -53, -78], 'timestamps': [1.783265272424254e+18, 1.7832652725722537e+18, 1.7832652725722537e+18, 1.7832652727329183e+18], 'frequencies': [2412, 2437, 2437, 2462]}
14 18 1783265273294125548
{'names': ['NU-AP06167', 'NU-AP06163', 'NU-AP06164', 'NU-AP07295'], 'addresses': ['48:00:b3:5e:0b:e0', '48:00:b3:5f:46:a0', '48:00:b3:5f:72:e0', '48:00:b3:5f:78:42'], 'ssids': ['iotroam', 'iotroam', 'iotroam', 'VU-Campusnet'], 'signals': [-70, -57, -53, -78], 'timestamps': [1.7832652724261256e+18, 1.7832652725741256e+18, 1.7832652725741256e+18, 1.7832652727351255e+18], 'frequencies': [2412, 2437, 2437, 2462]}
18 19 1783265273378053522
{'names': ['NU-AP06167', 'NU-AP06163', 'NU-AP06164', 'NU-AP07295'], 'addresses': ['48:00:b3:5e:0b:e0', '48:00:b3:5f:46:a0', '48:00:b3:5f:72:e0', '48:00:b3:5f:78:42'], 'ssids': ['iotroam', 'iotroam', 'iotroam', 'VU-Campusnet'], 'signals': [-70, -57, -53, -78], 'timestamps': [1.7832652724270536e+18, 1.7832652725750536e+18, 1.7832652725750536e+18, 1.7832652727360538e+18], 'frequencies': [2412, 2437, 2437, 2462]}
18 20 1783265273431108468
{'names': ['NU-AP06167', 'NU-AP06163', 'NU-AP06164', 'NU-AP07295'], 'addresses': ['48:00:b3:5e:0b:e0', '48:00:b3:5f:46:a0', '48:00:b3:5f:72:e0', '48:00:b3:5f:78:42'], 'ssids': ['iotroam', 'iotroam', 'iotroam', 'VU-Campusnet'], 'signals': [-70, -57, -53, -78], 'timestamps': [1.7832652724270536e+18, 1.7832652725750536e+18, 1.7832652725750536e+18, 1.7832652727360538e+18], 'frequencies': [2412, 2437, 2437, 2462]}
18 21 1783265273479731522
{'names': ['NU-AP06167', 'NU-AP06163', 'NU-AP06164', 'NU-AP07295'], 'addresses': ['48:00:b3:5e:0b:e0', '48:00:b3:5f:46:a0', '48:00:b3:5f:72:e0', '48:00:b3:5f:78:42'], 'ssids': ['iotroam', 'iotroam', 'iotroam', 'VU-Campusnet'], 'signals': [-70, -57, -53, -78], 'timestamps': [1.7832652724270536e+18, 1.7832652725750536e+18, 1.7832652725750536e+18, 1.7832652727360538e+18], 'frequencies': [2412, 2437, 2437, 2462]}
18 22 1783265273531519214
{'names': ['NU-AP06167', 'NU-AP06163', 'NU-AP06164', 'NU-AP07295'], 'addresses': ['48:00:b3:5e:0b:e0', '48:00:b3:5f:46:a0', '48:00:b3:5f:72:e0', '48:00:b3:5f:78:42'], 'ssids': ['iotroam', 'iotroam', 'iotroam', 'VU-Campusnet'], 'signals': [-70, -57, -53, -78], 'timestamps': [1.7832652724270536e+18, 1.7832652725750536e+18, 1.7832652725750536e+18, 1.7832652727360538e+18], 'frequencies': [2412, 2437, 2437, 2462]}
18 23 1783265273581437631
{'names': ['NU-AP06167', 'NU-AP06163', 'NU-AP06164', 'NU-AP07295'], 'addresses': ['48:00:b3:5e:0b:e0', '48:00:b3:5f:46:a0', '48:00:b3:5f:72:e0', '48:00:b3:5f:78:42'], 'ssids': ['iotroam', 'iotroam', 'iotroam', 'VU-Campusnet'], 'signals': [-70, -57, -53, -78], 'timestamps': [1.7832652724270536e+18, 1.7832652725750536e+18, 1.7832652725750536e+18, 1.7832652727360538e+18], 'frequencies': [2412, 2437, 2437, 2462]}
18 24 1783265273639595022
{'names': ['NU-AP06167', 'NU-AP06163', 'NU-AP06164', 'NU-AP07295'], 'addresses': ['48:00:b3:5e:0b:e0', '48:00:b3:5f:46:a0', '48:00:b3:5f:72:e0', '48:00:b3:5f:78:42'], 'ssids': ['iotroam', 'iotroam', 'iotroam', 'VU-Campusnet'], 'signals': [-70, -57, -53, -78], 'timestamps': [1.7832652724270536e+18, 1.7832652725750536e+18, 1.7832652725750536e+18, 1.7832652727360538e+18], 'frequencies': [2412, 2437, 2437, 2462]}
18 25 1783265273719212311
{'names': ['NU-AP06167', 'NU-AP06163', 'NU-AP06164', 'NU-AP07295'], 'addresses': ['48:00:b3:5e:0b:e0', '48:00:b3:5f:46:a0', '48:00:b3:5f:72:e0', '48:00:b3:5f:78:42'], 'ssids': ['iotroam', 'iotroam', 'iotroam', 'VU-Campusnet'], 'signals': [-70, -57, -53, -78], 'timestamps': [1.7832652724270536e+18, 1.7832652725750536e+18, 1.7832652725750536e+18, 1.7832652727360538e+18], 'frequencies': [2412, 2437, 2437, 2462]}
18 26 1783265273772640357
{'names': ['NU-AP06167', 'NU-AP06163', 'NU-AP06164', 'NU-AP07295'], 'addresses': ['48:00:b3:5e:0b:e0', '48:00:b3:5f:46:a0', '48:00:b3:5f:72:e0', '48:00:b3:5f:78:42'], 'ssids': ['iotroam', 'iotroam', 'iotroam', 'VU-Campusnet'], 'signals': [-70, -57, -53, -78], 'timestamps': [1.7832652724270536e+18, 1.7832652725750536e+18, 1.7832652725750536e+18, 1.7832652727360538e+18], 'frequencies': [2412, 2437, 2437, 2462]}
18 27 1783265273823813106
{'names': ['NU-AP06167', 'NU-AP06163', 'NU-AP06164', 'NU-AP07295'], 'addresses': ['48:00:b3:5e:0b:e0', '48:00:b3:5f:46:a0', '48:00:b3:5f:72:e0', '48:00:b3:5f:78:42'], 'ssids': ['iotroam', 'iotroam', 'iotroam', 'VU-Campusnet'], 'signals': [-70, -57, -53, -78], 'timestamps': [1.7832652724270536e+18, 1.7832652725750536e+18, 1.7832652725750536e+18, 1.7832652727360538e+18], 'frequencies': [2412, 2437, 2437, 2462]}
18 28 1783265273872618104
{'names': ['NU-AP06167', 'NU-AP06163', 'NU-AP06164', 'NU-AP07295'], 'addresses': ['48:00:b3:5e:0b:e0', '48:00:b3:5f:46:a0', '48:00:b3:5f:72:e0', '48:00:b3:5f:78:42'], 'ssids': ['iotroam', 'iotroam', 'iotroam', 'VU-Campusnet'], 'signals': [-70, -57, -53, -78], 'timestamps': [1.7832652724270536e+18, 1.7832652725750536e+18, 1.7832652725750536e+18, 1.7832652727360538e+18], 'frequencies': [2412, 2437, 2437, 2462]}
18 29 1783265273924245857
{'names': ['NU-AP06167', 'NU-AP06163', 'NU-AP06164', 'NU-AP07295'], 'addresses': ['48:00:b3:5e:0b:e0', '48:00:b3:5f:46:a0', '48:00:b3:5f:72:e0', '48:00:b3:5f:78:42'], 'ssids': ['iotroam', 'iotroam', 'iotroam', 'VU-Campusnet'], 'signals': [-70, -57, -53, -78], 'timestamps': [1.7832652724270536e+18, 1.7832652725750536e+18, 1.7832652725750536e+18, 1.7832652727360538e+18], 'frequencies': [2412, 2437, 2437, 2462]}
18 30 1783265273972004320
{'names': ['NU-AP06167', 'NU-AP06163', 'NU-AP06164', 'NU-AP07295'], 'addresses': ['48:00:b3:5e:0b:e0', '48:00:b3:5f:46:a0', '48:00:b3:5f:72:e0', '48:00:b3:5f:78:42'], 'ssids': ['iotroam', 'iotroam', 'iotroam', 'VU-Campusnet'], 'signals': [-70, -57, -53, -78], 'timestamps': [1.7832652724270536e+18, 1.7832652725750536e+18, 1.7832652725750536e+18, 1.7832652727360538e+18], 'frequencies': [2412, 2437, 2437, 2462]}
18 31 1783265274022235046
{'names': ['NU-AP06167', 'NU-AP06163', 'NU-AP06164', 'NU-AP07295'], 'addresses': ['48:00:b3:5e:0b:e0', '48:00:b3:5f:46:a0', '48:00:b3:5f:72:e0', '48:00:b3:5f:78:42'], 'ssids': ['iotroam', 'iotroam', 'iotroam', 'VU-Campusnet'], 'signals': [-70, -57, -53, -78], 'timestamps': [1.7832652724270536e+18, 1.7832652725750536e+18, 1.7832652725750536e+18, 1.7832652727360538e+18], 'frequencies': [2412, 2437, 2437, 2462]}
18 32 1783265274071164197
{'names': ['NU-AP06167', 'NU-AP06163', 'NU-AP06164', 'NU-AP07295'], 'addresses': ['48:00:b3:5e:0b:e0', '48:00:b3:5f:46:a0', '48:00:b3:5f:72:e0', '48:00:b3:5f:78:42'], 'ssids': ['iotroam', 'iotroam', 'iotroam', 'VU-Campusnet'], 'signals': [-70, -57, -53, -78], 'timestamps': [1.7832652724270536e+18, 1.7832652725750536e+18, 1.7832652725750536e+18, 1.7832652727360538e+18], 'frequencies': [2412, 2437, 2437, 2462]}
18 33 1783265274119845583
{'names': ['NU-AP06167', 'NU-AP06163', 'NU-AP06164', 'NU-AP07295'], 'addresses': ['48:00:b3:5e:0b:e0', '48:00:b3:5f:46:a0', '48:00:b3:5f:72:e0', '48:00:b3:5f:78:42'], 'ssids': ['iotroam', 'iotroam', 'iotroam', 'VU-Campusnet'], 'signals': [-70, -57, -53, -78], 'timestamps': [1.7832652724270536e+18, 1.7832652725750536e+18, 1.7832652725750536e+18, 1.7832652727360538e+18], 'frequencies': [2412, 2437, 2437, 2462]}
18 35 1783265274168522564
{'names': ['NU-AP06167', 'NU-AP06163', 'NU-AP06164', 'NU-AP07295', 'NU-AP06163', 'NU-AP06162'], 'addresses': ['48:00:b3:5e:0b:e0', '48:00:b3:5f:46:a0', '48:00:b3:5f:72:e0', '48:00:b3:5f:78:42', '48:00:b3:5f:46:ae', '48:00:b3:5a:90:8e'], 'ssids': ['iotroam', 'iotroam', 'iotroam', 'VU-Campusnet', 'eduroam', 'eduroam'], 'signals': [-70, -57, -53, -78, -60, -73], 'timestamps': [1.7832652724270536e+18, 1.7832652725750536e+18, 1.7832652725750536e+18, 1.7832652727360538e+18, 1.7832652741495224e+18, 1.7832652741365225e+18], 'frequencies': [2412, 2437, 2437, 2462, 5500, 5320]}
18 36 1783265274446378074
{'names': ['NU-AP06167', 'NU-AP06163', 'NU-AP06164', 'NU-AP07295', 'NU-AP06163', 'NU-AP06162', 'NU-AP06164'], 'addresses': ['48:00:b3:5e:0b:e0', '48:00:b3:5f:46:a0', '48:00:b3:5f:72:e0', '48:00:b3:5f:78:42', '48:00:b3:5f:46:ae', '48:00:b3:5a:90:8e', '48:00:b3:5f:72:ef'], 'ssids': ['iotroam', 'iotroam', 'iotroam', 'VU-Campusnet', 'eduroam', 'eduroam', 'iotroam'], 'signals': [-70, -57, -53, -78, -60, -73, -68], 'timestamps': [1.7832652724270536e+18, 1.7832652725750536e+18, 1.7832652725750536e+18, 1.7832652727360538e+18, 1.7832652741495224e+18, 1.7832652741365225e+18, 1.783265274446378e+18], 'frequencies': [2412, 2437, 2437, 2462, 5500, 5320, 5540]}
18 37 1783265274509475563
{'names': ['NU-AP06167', 'NU-AP06163', 'NU-AP06164', 'NU-AP07295', 'NU-AP06163', 'NU-AP06162', 'NU-AP06164'], 'addresses': ['48:00:b3:5e:0b:e0', '48:00:b3:5f:46:a0', '48:00:b3:5f:72:e0', '48:00:b3:5f:78:42', '48:00:b3:5f:46:ae', '48:00:b3:5a:90:8e', '48:00:b3:5f:72:ee'], 'ssids': ['iotroam', 'iotroam', 'iotroam', 'VU-Campusnet', 'eduroam', 'eduroam', 'eduroam'], 'signals': [-70, -57, -53, -78, -60, -73, -68], 'timestamps': [1.7832652724270536e+18, 1.7832652725750536e+18, 1.7832652725750536e+18, 1.7832652727360538e+18, 1.7832652741495224e+18, 1.7832652741365225e+18, 1.7832652744474757e+18], 'frequencies': [2412, 2437, 2437, 2462, 5500, 5320, 5540]}
18 40 1783265274575926082
{'names': ['NU-AP06167', 'NU-AP06163', 'NU-AP06164', 'NU-AP07295', 'NU-AP06163', 'NU-AP06162', 'NU-AP06164'], 'addresses': ['48:00:b3:5e:0b:e0', '48:00:b3:5f:46:a0', '48:00:b3:5f:72:e0', '48:00:b3:5f:78:42', '48:00:b3:5f:46:ae', '48:00:b3:5a:90:8e', '48:00:b3:5f:72:ee'], 'ssids': ['iotroam', 'iotroam', 'iotroam', 'VU-Campusnet', 'eduroam', 'eduroam', 'eduroam'], 'signals': [-70, -57, -53, -78, -60, -73, -68], 'timestamps': [1.7832652724270536e+18, 1.7832652725750536e+18, 1.7832652725750536e+18, 1.7832652727360538e+18, 1.783265274149926e+18, 1.783265274136926e+18, 1.783265274447926e+18], 'frequencies': [2412, 2437, 2437, 2462, 5500, 5320, 5540]}
18 41 1783265275397242102
{'names': ['NU-AP06167', 'NU-AP06163', 'NU-AP06164', 'NU-AP07295', 'NU-AP06163', 'NU-AP06162', 'NU-AP06164', 'NU-AP06167'], 'addresses': ['48:00:b3:5e:0b:e0', '48:00:b3:5f:46:a0', '48:00:b3:5f:72:e0', '48:00:b3:5f:78:42', '48:00:b3:5f:46:ae', '48:00:b3:5a:90:8e', '48:00:b3:5f:72:ee', '48:00:b3:5e:0b:ef'], 'ssids': ['iotroam', 'iotroam', 'iotroam', 'VU-Campusnet', 'eduroam', 'eduroam', 'eduroam', 'iotroam'], 'signals': [-70, -57, -53, -78, -60, -73, -68, -77], 'timestamps': [1.7832652724270536e+18, 1.7832652725750536e+18, 1.7832652725750536e+18, 1.7832652727360538e+18, 1.783265274149926e+18, 1.783265274136926e+18, 1.783265274447926e+18, 1.783265275357242e+18], 'frequencies': [2412, 2437, 2437, 2462, 5500, 5320, 5540, 5660]}
18 45 1783265275526939761
{'names': ['NU-AP06167', 'NU-AP06163', 'NU-AP06164', 'NU-AP07295', 'NU-AP06163', 'NU-AP06162', 'NU-AP06164', 'NU-AP06167'], 'addresses': ['48:00:b3:5e:0b:e0', '48:00:b3:5f:46:a0', '48:00:b3:5f:72:e0', '48:00:b3:5f:78:42', '48:00:b3:5f:46:ae', '48:00:b3:5a:90:8e', '48:00:b3:5f:72:ee', '48:00:b3:5e:0b:ef'], 'ssids': ['iotroam', 'iotroam', 'iotroam', 'VU-Campusnet', 'eduroam', 'eduroam', 'eduroam', 'iotroam'], 'signals': [-70, -57, -53, -78, -60, -73, -68, -77], 'timestamps': [1.7832652724270536e+18, 1.7832652725750536e+18, 1.7832652725750536e+18, 1.7832652727360538e+18, 1.7832652741499397e+18, 1.7832652741369395e+18, 1.7832652744479396e+18, 1.7832652753579397e+18], 'frequencies': [2412, 2437, 2437, 2462, 5500, 5320, 5540, 5660]}
18 49 1783265276035024518
{'names': ['NU-AP06167', 'NU-AP06163', 'NU-AP06164', 'NU-AP07295', 'NU-AP06163', 'NU-AP06162', 'NU-AP06164', 'NU-AP06167'], 'addresses': ['48:00:b3:5e:0b:e0', '48:00:b3:5f:46:a0', '48:00:b3:5f:72:e0', '48:00:b3:5f:78:42', '48:00:b3:5f:46:ae', '48:00:b3:5a:90:8e', '48:00:b3:5f:72:ee', '48:00:b3:5e:0b:ef'], 'ssids': ['iotroam', 'iotroam', 'iotroam', 'VU-Campusnet', 'eduroam', 'eduroam', 'eduroam', 'iotroam'], 'signals': [-70, -57, -53, -78, -60, -73, -68, -77], 'timestamps': [1.7832652724270536e+18, 1.7832652725750536e+18, 1.7832652725750536e+18, 1.7832652727360538e+18, 1.7832652741500247e+18, 1.7832652741370245e+18, 1.7832652744480246e+18, 1.7832652753580247e+18], 'frequencies': [2412, 2437, 2437, 2462, 5500, 5320, 5540, 5660]}
18 53 1783265276633072114
{'names': ['NU-AP06167', 'NU-AP06163', 'NU-AP06164', 'NU-AP07295', 'NU-AP06163', 'NU-AP06162', 'NU-AP06164', 'NU-AP06167'], 'addresses': ['48:00:b3:5e:0b:e0', '48:00:b3:5f:46:a0', '48:00:b3:5f:72:e0', '48:00:b3:5f:78:42', '48:00:b3:5f:46:ae', '48:00:b3:5a:90:8e', '48:00:b3:5f:72:ee', '48:00:b3:5e:0b:ef'], 'ssids': ['iotroam', 'iotroam', 'iotroam', 'VU-Campusnet', 'eduroam', 'eduroam', 'eduroam', 'iotroam'], 'signals': [-70, -57, -53, -78, -60, -73, -68, -77], 'timestamps': [1.7832652724270536e+18, 1.7832652725750536e+18, 1.7832652725750536e+18, 1.7832652727360538e+18, 1.783265274150072e+18, 1.783265274137072e+18, 1.7832652744480722e+18, 1.783265275358072e+18], 'frequencies': [2412, 2437, 2437, 2462, 5500, 5320, 5540, 5660]}
19 53 1783265276706863731
{'names': ['NU-AP06167', 'NU-AP06163', 'NU-AP06164', 'NU-AP07295', 'NU-AP06163', 'NU-AP06162', 'NU-AP06164', 'NU-AP06167', 'NU-AP05132'], 'addresses': ['48:00:b3:5e:0b:e0', '48:00:b3:5f:46:a0', '48:00:b3:5f:72:e0', '48:00:b3:5f:78:42', '48:00:b3:5f:46:ae', '48:00:b3:5a:90:8e', '48:00:b3:5f:72:ee', '48:00:b3:5e:0b:ef', '48:00:b3:5f:61:e0'], 'ssids': ['iotroam', 'iotroam', 'iotroam', 'VU-Campusnet', 'eduroam', 'eduroam', 'eduroam', 'iotroam', 'iotroam'], 'signals': [-70, -57, -53, -78, -60, -73, -68, -77, -77], 'timestamps': [1.7832652724270536e+18, 1.7832652725750536e+18, 1.7832652725750536e+18, 1.7832652727360538e+18, 1.783265274150072e+18, 1.783265274137072e+18, 1.7832652744480722e+18, 1.783265275358072e+18, 1.7832652767008635e+18], 'frequencies': [2412, 2437, 2437, 2462, 5500, 5320, 5540, 5660, 2412]}
20 53 1783265276779955685
{'names': ['NU-AP06167', 'NU-AP06163', 'NU-AP06164', 'NU-AP07295', 'NU-AP06163', 'NU-AP06162', 'NU-AP06164', 'NU-AP06167', 'NU-AP05132'], 'addresses': ['48:00:b3:5e:0b:e0', '48:00:b3:5f:46:a0', '48:00:b3:5f:72:e0', '48:00:b3:5f:78:42', '48:00:b3:5f:46:ae', '48:00:b3:5a:90:8e', '48:00:b3:5f:72:ee', '48:00:b3:5e:0b:ef', '48:00:b3:5f:61:e0'], 'ssids': ['iotroam', 'iotroam', 'iotroam', 'VU-Campusnet', 'eduroam', 'eduroam', 'eduroam', 'iotroam', 'iotroam'], 'signals': [-70, -57, -53, -78, -60, -73, -68, -77, -77], 'timestamps': [1.7832652724270536e+18, 1.7832652725750536e+18, 1.7832652725750536e+18, 1.7832652727360538e+18, 1.783265274150072e+18, 1.783265274137072e+18, 1.7832652744480722e+18, 1.783265275358072e+18, 1.7832652767009556e+18], 'frequencies': [2412, 2437, 2437, 2462, 5500, 5320, 5540, 5660, 2412]}
22 53 1783265276913021265
{'names': ['NU-AP06167', 'NU-AP06163', 'NU-AP06164', 'NU-AP07295', 'NU-AP06163', 'NU-AP06162', 'NU-AP06164', 'NU-AP06167', 'NU-AP05132'], 'addresses': ['48:00:b3:5e:0b:e0', '48:00:b3:5f:46:a0', '48:00:b3:5f:72:e0', '48:00:b3:5f:78:42', '48:00:b3:5f:46:ae', '48:00:b3:5a:90:8e', '48:00:b3:5f:72:ee', '48:00:b3:5e:0b:ef', '48:00:b3:5f:61:e0'], 'ssids': ['iotroam', 'iotroam', 'iotroam', 'VU-Campusnet', 'eduroam', 'eduroam', 'eduroam', 'iotroam', 'iotroam'], 'signals': [-70, -56, -53, -78, -60, -73, -68, -77, -77], 'timestamps': [1.7832652724270536e+18, 1.7832652768640212e+18, 1.783265276863021e+18, 1.7832652727360538e+18, 1.783265274150072e+18, 1.783265274137072e+18, 1.7832652744480722e+18, 1.783265275358072e+18, 1.7832652767009556e+18], 'frequencies': [2412, 2437, 2437, 2462, 5500, 5320, 5540, 5660, 2412]}
24 53 1783265276982606257
{'names': ['NU-AP06167', 'NU-AP06163', 'NU-AP06164', 'NU-AP07295', 'NU-AP06163', 'NU-AP06162', 'NU-AP06164', 'NU-AP06167', 'NU-AP05132'], 'addresses': ['48:00:b3:5e:0b:e0', '48:00:b3:5f:46:a0', '48:00:b3:5f:72:e0', '48:00:b3:5f:78:42', '48:00:b3:5f:46:ae', '48:00:b3:5a:90:8e', '48:00:b3:5f:72:ee', '48:00:b3:5e:0b:ef', '48:00:b3:5f:61:e0'], 'ssids': ['iotroam', 'iotroam', 'iotroam', 'VU-Campusnet', 'eduroam', 'eduroam', 'eduroam', 'iotroam', 'iotroam'], 'signals': [-70, -56, -53, -78, -60, -73, -68, -77, -77], 'timestamps': [1.7832652724270536e+18, 1.7832652768646062e+18, 1.7832652768636063e+18, 1.7832652727360538e+18, 1.783265274150072e+18, 1.783265274137072e+18, 1.7832652744480722e+18, 1.783265275358072e+18, 1.7832652767009556e+18], 'frequencies': [2412, 2437, 2437, 2462, 5500, 5320, 5540, 5660, 2412]}
26 53 1783265277052625056
{'names': ['NU-AP06167', 'NU-AP06163', 'NU-AP06164', 'NU-AP07295', 'NU-AP06163', 'NU-AP06162', 'NU-AP06164', 'NU-AP06167', 'NU-AP05132'], 'addresses': ['48:00:b3:5e:0b:e0', '48:00:b3:5f:46:a0', '48:00:b3:5f:72:e0', '48:00:b3:5f:78:42', '48:00:b3:5f:46:ae', '48:00:b3:5a:90:8e', '48:00:b3:5f:72:ee', '48:00:b3:5e:0b:ef', '48:00:b3:5f:61:e0'], 'ssids': ['iotroam', 'iotroam', 'iotroam', 'VU-Campusnet', 'eduroam', 'eduroam', 'eduroam', 'iotroam', 'iotroam'], 'signals': [-70, -56, -53, -78, -60, -73, -68, -77, -77], 'timestamps': [1.7832652724270536e+18, 1.7832652768646252e+18, 1.7832652768636252e+18, 1.7832652727360538e+18, 1.783265274150072e+18, 1.783265274137072e+18, 1.7832652744480722e+18, 1.783265275358072e+18, 1.7832652767009556e+18], 'frequencies': [2412, 2437, 2437, 2462, 5500, 5320, 5540, 5660, 2412]}
28 53 1783265277122828358
{'names': ['NU-AP06167', 'NU-AP06163', 'NU-AP06164', 'NU-AP07295', 'NU-AP06163', 'NU-AP06162', 'NU-AP06164', 'NU-AP06167', 'NU-AP05132'], 'addresses': ['48:00:b3:5e:0b:e0', '48:00:b3:5f:46:a0', '48:00:b3:5f:72:e0', '48:00:b3:5f:78:42', '48:00:b3:5f:46:ae', '48:00:b3:5a:90:8e', '48:00:b3:5f:72:ee', '48:00:b3:5e:0b:ef', '48:00:b3:5f:61:e0'], 'ssids': ['iotroam', 'iotroam', 'iotroam', 'VU-Campusnet', 'eduroam', 'eduroam', 'eduroam', 'iotroam', 'iotroam'], 'signals': [-70, -56, -53, -78, -60, -73, -68, -77, -77], 'timestamps': [1.7832652724270536e+18, 1.7832652768648284e+18, 1.7832652768638282e+18, 1.7832652727360538e+18, 1.783265274150072e+18, 1.783265274137072e+18, 1.7832652744480722e+18, 1.783265275358072e+18, 1.7832652767009556e+18], 'frequencies': [2412, 2437, 2437, 2462, 5500, 5320, 5540, 5660, 2412]}
31 53 1783265278044975056
{'names': ['NU-AP06167', 'NU-AP06163', 'NU-AP06164', 'NU-AP07295', 'NU-AP06163', 'NU-AP06162', 'NU-AP06164', 'NU-AP06167', 'NU-AP05132'], 'addresses': ['48:00:b3:5e:0b:e0', '48:00:b3:5f:46:a0', '48:00:b3:5f:72:e0', '48:00:b3:5f:78:42', '48:00:b3:5f:46:ae', '48:00:b3:5a:90:8e', '48:00:b3:5f:72:ee', '48:00:b3:5e:0b:ef', '48:00:b3:5f:61:e0'], 'ssids': ['iotroam', 'iotroam', 'iotroam', 'VU-Campusnet', 'eduroam', 'eduroam', 'eduroam', 'iotroam', 'iotroam'], 'signals': [-70, -56, -53, -78, -60, -73, -68, -77, -77], 'timestamps': [1.7832652724270536e+18, 1.783265276864975e+18, 1.7832652768639752e+18, 1.7832652727360538e+18, 1.783265274150072e+18, 1.783265274137072e+18, 1.7832652744480722e+18, 1.783265275358072e+18, 1.783265276700975e+18], 'frequencies': [2412, 2437, 2437, 2462, 5500, 5320, 5540, 5660, 2412]}
34 57 1783265278437696986
{'names': ['NU-AP06163', 'NU-AP06164', 'NU-AP07295', 'NU-AP06163', 'NU-AP06162', 'NU-AP06164', 'NU-AP06167', 'NU-AP05132'], 'addresses': ['48:00:b3:5f:46:a0', '48:00:b3:5f:72:e0', '48:00:b3:5f:78:42', '48:00:b3:5f:46:ae', '48:00:b3:5a:90:8f', '48:00:b3:5f:72:ee', '48:00:b3:5e:0b:ef', '48:00:b3:5f:61:e0'], 'ssids': ['iotroam', 'iotroam', 'VU-Campusnet', 'eduroam', 'iotroam', 'eduroam', 'iotroam', 'iotroam'], 'signals': [-56, -53, -78, -61, -73, -68, -77, -77], 'timestamps': [1.783265276865697e+18, 1.783265276864697e+18, 1.7832652727360538e+18, 1.783265278430697e+18, 1.783265278413697e+18, 1.783265274448697e+18, 1.783265275358697e+18, 1.783265276701697e+18], 'frequencies': [2437, 2437, 2462, 5500, 5320, 5540, 5660, 2412]}
38 61 1783265278515344879
{'names': ['NU-AP06163', 'NU-AP06164', 'NU-AP07295', 'NU-AP06163', 'NU-AP06162', 'NU-AP06164', 'NU-AP06167', 'NU-AP05132'], 'addresses': ['48:00:b3:5f:46:a0', '48:00:b3:5f:72:e0', '48:00:b3:5f:78:42', '48:00:b3:5f:46:ae', '48:00:b3:5a:90:8f', '48:00:b3:5f:72:ee', '48:00:b3:5e:0b:ef', '48:00:b3:5f:61:e0'], 'ssids': ['iotroam', 'iotroam', 'VU-Campusnet', 'eduroam', 'iotroam', 'eduroam', 'iotroam', 'iotroam'], 'signals': [-56, -53, -78, -61, -73, -68, -77, -77], 'timestamps': [1.783265276866345e+18, 1.783265276865345e+18, 1.7832652727360538e+18, 1.783265278431345e+18, 1.783265278414345e+18, 1.783265274449345e+18, 1.783265275359345e+18, 1.783265276702345e+18], 'frequencies': [2437, 2437, 2462, 5500, 5320, 5540, 5660, 2412]}
39 61 1783265278614473224
{'names': ['NU-AP06163', 'NU-AP06164', 'NU-AP07295', 'NU-AP06163', 'NU-AP06162', 'NU-AP06164', 'NU-AP06167', 'NU-AP05132'], 'addresses': ['48:00:b3:5f:46:a0', '48:00:b3:5f:72:e0', '48:00:b3:5f:78:42', '48:00:b3:5f:46:ae', '48:00:b3:5a:90:8f', '48:00:b3:5f:72:ee', '48:00:b3:5e:0b:ef', '48:00:b3:5f:61:e0'], 'ssids': ['iotroam', 'iotroam', 'VU-Campusnet', 'eduroam', 'iotroam', 'eduroam', 'iotroam', 'iotroam'], 'signals': [-56, -53, -78, -61, -73, -68, -77, -77], 'timestamps': [1.783265276866345e+18, 1.783265276865345e+18, 1.7832652727360538e+18, 1.783265278431345e+18, 1.783265278414345e+18, 1.783265274449345e+18, 1.783265275359345e+18, 1.783265276702345e+18], 'frequencies': [2437, 2437, 2462, 5500, 5320, 5540, 5660, 2412]}
40 62 1783265278683714295
{'names': ['NU-AP06163', 'NU-AP06164', 'NU-AP07295', 'NU-AP06163', 'NU-AP06162', 'NU-AP06164', 'NU-AP06167', 'NU-AP05132'], 'addresses': ['48:00:b3:5f:46:a0', '48:00:b3:5f:72:e0', '48:00:b3:5f:78:42', '48:00:b3:5f:46:ae', '48:00:b3:5a:90:8f', '48:00:b3:5f:72:ef', '48:00:b3:5e:0b:ef', '48:00:b3:5f:61:e0'], 'ssids': ['iotroam', 'iotroam', 'VU-Campusnet', 'eduroam', 'iotroam', 'iotroam', 'iotroam', 'iotroam'], 'signals': [-56, -53, -78, -61, -73, -68, -77, -77], 'timestamps': [1.783265276866345e+18, 1.783265276865345e+18, 1.7832652727360538e+18, 1.783265278431345e+18, 1.783265278414345e+18, 1.7832652786167142e+18, 1.783265275359345e+18, 1.783265276702345e+18], 'frequencies': [2437, 2437, 2462, 5500, 5320, 5540, 5660, 2412]}
41 62 1783265278754503899
{'names': ['NU-AP06163', 'NU-AP06164', 'NU-AP06163', 'NU-AP06162', 'NU-AP06164', 'NU-AP06167', 'NU-AP05132'], 'addresses': ['48:00:b3:5f:46:a0', '48:00:b3:5f:72:e0', '48:00:b3:5f:46:ae', '48:00:b3:5a:90:8f', '48:00:b3:5f:72:ef', '48:00:b3:5e:0b:ef', '48:00:b3:5f:61:e0'], 'ssids': ['iotroam', 'iotroam', 'eduroam', 'iotroam', 'iotroam', 'iotroam', 'iotroam'], 'signals': [-56, -53, -61, -73, -68, -77, -77], 'timestamps': [1.783265276866345e+18, 1.783265276865345e+18, 1.783265278431345e+18, 1.783265278414345e+18, 1.7832652786167142e+18, 1.783265275359345e+18, 1.783265276702345e+18], 'frequencies': [2437, 2437, 5500, 5320, 5540, 5660, 2412]}
43 62 1783265278826958097
{'names': ['NU-AP06163', 'NU-AP06164', 'NU-AP06163', 'NU-AP06162', 'NU-AP06164', 'NU-AP06167', 'NU-AP05132'], 'addresses': ['48:00:b3:5f:46:a0', '48:00:b3:5f:72:e0', '48:00:b3:5f:46:ae', '48:00:b3:5a:90:8f', '48:00:b3:5f:72:ef', '48:00:b3:5e:0b:ef', '48:00:b3:5f:61:e0'], 'ssids': ['iotroam', 'iotroam', 'eduroam', 'iotroam', 'iotroam', 'iotroam', 'iotroam'], 'signals': [-56, -53, -61, -73, -68, -77, -77], 'timestamps': [1.783265276866345e+18, 1.783265276865345e+18, 1.783265278431345e+18, 1.783265278414345e+18, 1.7832652786167142e+18, 1.783265275359345e+18, 1.783265276702345e+18], 'frequencies': [2437, 2437, 5500, 5320, 5540, 5660, 2412]}
45 62 1783265278896562381
{'names': ['NU-AP06163', 'NU-AP06164', 'NU-AP06163', 'NU-AP06162', 'NU-AP06164', 'NU-AP06167', 'NU-AP05132'], 'addresses': ['48:00:b3:5f:46:a0', '48:00:b3:5f:72:e0', '48:00:b3:5f:46:ae', '48:00:b3:5a:90:8f', '48:00:b3:5f:72:ef', '48:00:b3:5e:0b:ef', '48:00:b3:5f:61:e0'], 'ssids': ['iotroam', 'iotroam', 'eduroam', 'iotroam', 'iotroam', 'iotroam', 'iotroam'], 'signals': [-56, -53, -61, -73, -68, -77, -77], 'timestamps': [1.783265276866345e+18, 1.783265276865345e+18, 1.783265278431345e+18, 1.783265278414345e+18, 1.7832652786167142e+18, 1.783265275359345e+18, 1.783265276702345e+18], 'frequencies': [2437, 2437, 5500, 5320, 5540, 5660, 2412]}
47 62 1783265278967661837
{'names': ['NU-AP06163', 'NU-AP06164', 'NU-AP06163', 'NU-AP06162', 'NU-AP06164', 'NU-AP06167', 'NU-AP05132'], 'addresses': ['48:00:b3:5f:46:a0', '48:00:b3:5f:72:e0', '48:00:b3:5f:46:ae', '48:00:b3:5a:90:8f', '48:00:b3:5f:72:ef', '48:00:b3:5e:0b:ef', '48:00:b3:5f:61:e0'], 'ssids': ['iotroam', 'iotroam', 'eduroam', 'iotroam', 'iotroam', 'iotroam', 'iotroam'], 'signals': [-56, -53, -61, -73, -68, -77, -77], 'timestamps': [1.783265276866345e+18, 1.783265276865345e+18, 1.783265278431345e+18, 1.783265278414345e+18, 1.7832652786167142e+18, 1.783265275359345e+18, 1.783265276702345e+18], 'frequencies': [2437, 2437, 5500, 5320, 5540, 5660, 2412]}
49 63 1783265279036825881
{'names': ['NU-AP06163', 'NU-AP06164', 'NU-AP06163', 'NU-AP06162', 'NU-AP06164', 'NU-AP06167', 'NU-AP05132'], 'addresses': ['48:00:b3:5f:46:a0', '48:00:b3:5f:72:e0', '48:00:b3:5f:46:ae', '48:00:b3:5a:90:8f', '48:00:b3:5f:72:ef', '48:00:b3:5e:0b:ef', '48:00:b3:5f:61:e0'], 'ssids': ['iotroam', 'iotroam', 'eduroam', 'iotroam', 'iotroam', 'iotroam', 'iotroam'], 'signals': [-56, -53, -61, -73, -68, -77, -77], 'timestamps': [1.783265276866345e+18, 1.783265276865345e+18, 1.783265278431345e+18, 1.783265278414345e+18, 1.7832652786168259e+18, 1.783265275359345e+18, 1.783265276702345e+18], 'frequencies': [2437, 2437, 5500, 5320, 5540, 5660, 2412]}
51 64 1783265279106025084
{'names': ['NU-AP06163', 'NU-AP06164', 'NU-AP06163', 'NU-AP06162', 'NU-AP06164', 'NU-AP06167', 'NU-AP05132'], 'addresses': ['48:00:b3:5f:46:a0', '48:00:b3:5f:72:e0', '48:00:b3:5f:46:ae', '48:00:b3:5a:90:8f', '48:00:b3:5f:72:ef', '48:00:b3:5e:0b:ef', '48:00:b3:5f:61:e0'], 'ssids': ['iotroam', 'iotroam', 'eduroam', 'iotroam', 'iotroam', 'iotroam', 'iotroam'], 'signals': [-56, -53, -61, -73, -68, -77, -77], 'timestamps': [1.783265276866345e+18, 1.783265276865345e+18, 1.783265278431345e+18, 1.783265278414345e+18, 1.783265278617025e+18, 1.783265275359345e+18, 1.783265276702345e+18], 'frequencies': [2437, 2437, 5500, 5320, 5540, 5660, 2412]}
53 64 1783265279173995222
{'names': ['NU-AP06163', 'NU-AP06164', 'NU-AP06163', 'NU-AP06162', 'NU-AP06164', 'NU-AP06167', 'NU-AP05132'], 'addresses': ['48:00:b3:5f:46:a0', '48:00:b3:5f:72:e0', '48:00:b3:5f:46:ae', '48:00:b3:5a:90:8f', '48:00:b3:5f:72:ef', '48:00:b3:5e:0b:ef', '48:00:b3:5f:61:e0'], 'ssids': ['iotroam', 'iotroam', 'eduroam', 'iotroam', 'iotroam', 'iotroam', 'iotroam'], 'signals': [-56, -53, -61, -73, -68, -77, -77], 'timestamps': [1.783265276866345e+18, 1.783265276865345e+18, 1.783265278431345e+18, 1.783265278414345e+18, 1.783265278617025e+18, 1.783265275359345e+18, 1.783265276702345e+18], 'frequencies': [2437, 2437, 5500, 5320, 5540, 5660, 2412]}
55 64 1783265279243180214
{'names': ['NU-AP06163', 'NU-AP06164', 'NU-AP06163', 'NU-AP06162', 'NU-AP06164', 'NU-AP06167', 'NU-AP05132'], 'addresses': ['48:00:b3:5f:46:a0', '48:00:b3:5f:72:e0', '48:00:b3:5f:46:ae', '48:00:b3:5a:90:8f', '48:00:b3:5f:72:ef', '48:00:b3:5e:0b:ef', '48:00:b3:5f:61:e0'], 'ssids': ['iotroam', 'iotroam', 'eduroam', 'iotroam', 'iotroam', 'iotroam', 'iotroam'], 'signals': [-56, -53, -61, -73, -68, -77, -77], 'timestamps': [1.783265276866345e+18, 1.783265276865345e+18, 1.783265278431345e+18, 1.783265278414345e+18, 1.783265278617025e+18, 1.783265275359345e+18, 1.783265276702345e+18], 'frequencies': [2437, 2437, 5500, 5320, 5540, 5660, 2412]}
57 64 1783265279310856707
{'names': ['NU-AP06163', 'NU-AP06164', 'NU-AP06163', 'NU-AP06162', 'NU-AP06164', 'NU-AP06167', 'NU-AP05132'], 'addresses': ['48:00:b3:5f:46:a0', '48:00:b3:5f:72:e0', '48:00:b3:5f:46:ae', '48:00:b3:5a:90:8f', '48:00:b3:5f:72:ef', '48:00:b3:5e:0b:ef', '48:00:b3:5f:61:e0'], 'ssids': ['iotroam', 'iotroam', 'eduroam', 'iotroam', 'iotroam', 'iotroam', 'iotroam'], 'signals': [-56, -53, -61, -73, -68, -77, -77], 'timestamps': [1.783265276866345e+18, 1.783265276865345e+18, 1.783265278431345e+18, 1.783265278414345e+18, 1.783265278617025e+18, 1.783265275359345e+18, 1.783265276702345e+18], 'frequencies': [2437, 2437, 5500, 5320, 5540, 5660, 2412]}
59 64 1783265279381291356
{'names': ['NU-AP06163', 'NU-AP06164', 'NU-AP06163', 'NU-AP06162', 'NU-AP06164', 'NU-AP06167', 'NU-AP05132'], 'addresses': ['48:00:b3:5f:46:a0', '48:00:b3:5f:72:e0', '48:00:b3:5f:46:ae', '48:00:b3:5a:90:8f', '48:00:b3:5f:72:ef', '48:00:b3:5e:0b:ef', '48:00:b3:5f:61:e0'], 'ssids': ['iotroam', 'iotroam', 'eduroam', 'iotroam', 'iotroam', 'iotroam', 'iotroam'], 'signals': [-56, -53, -61, -73, -68, -77, -77], 'timestamps': [1.783265276866345e+18, 1.783265276865345e+18, 1.783265278431345e+18, 1.783265278414345e+18, 1.783265278617025e+18, 1.783265275359345e+18, 1.783265276702345e+18], 'frequencies': [2437, 2437, 5500, 5320, 5540, 5660, 2412]}
61 65 1783265279451561210
{'names': ['NU-AP06163', 'NU-AP06164', 'NU-AP06163', 'NU-AP06162', 'NU-AP06164', 'NU-AP06167', 'NU-AP05132'], 'addresses': ['48:00:b3:5f:46:a0', '48:00:b3:5f:72:e0', '48:00:b3:5f:46:ae', '48:00:b3:5a:90:8f', '48:00:b3:5f:72:ef', '48:00:b3:5e:0b:ef', '48:00:b3:5f:61:e0'], 'ssids': ['iotroam', 'iotroam', 'eduroam', 'iotroam', 'iotroam', 'iotroam', 'iotroam'], 'signals': [-56, -53, -61, -73, -68, -77, -77], 'timestamps': [1.783265276866345e+18, 1.783265276865345e+18, 1.783265278431345e+18, 1.783265278414345e+18, 1.783265278617025e+18, 1.7832652794295613e+18, 1.783265276702345e+18], 'frequencies': [2437, 2437, 5500, 5320, 5540, 5660, 2412]}
63 67 1783265279521365242
{'names': ['NU-AP06163', 'NU-AP06164', 'NU-AP06163', 'NU-AP06162', 'NU-AP06164', 'NU-AP06167', 'NU-AP05132'], 'addresses': ['48:00:b3:5f:46:a0', '48:00:b3:5f:72:e0', '48:00:b3:5f:46:ae', '48:00:b3:5a:90:8f', '48:00:b3:5f:72:ef', '48:00:b3:5e:0b:ef', '48:00:b3:5f:61:e0'], 'ssids': ['iotroam', 'iotroam', 'eduroam', 'iotroam', 'iotroam', 'iotroam', 'iotroam'], 'signals': [-56, -53, -61, -73, -68, -77, -77], 'timestamps': [1.783265276866345e+18, 1.783265276865345e+18, 1.783265278431345e+18, 1.783265278414345e+18, 1.7832652786173652e+18, 1.7832652794303652e+18, 1.783265276702345e+18], 'frequencies': [2437, 2437, 5500, 5320, 5540, 5660, 2412]}
65 67 1783265279591604521
{'names': ['NU-AP06163', 'NU-AP06164', 'NU-AP06163', 'NU-AP06162', 'NU-AP06164', 'NU-AP06167', 'NU-AP05132'], 'addresses': ['48:00:b3:5f:46:a0', '48:00:b3:5f:72:e0', '48:00:b3:5f:46:ae', '48:00:b3:5a:90:8f', '48:00:b3:5f:72:ef', '48:00:b3:5e:0b:ef', '48:00:b3:5f:61:e0'], 'ssids': ['iotroam', 'iotroam', 'eduroam', 'iotroam', 'iotroam', 'iotroam', 'iotroam'], 'signals': [-56, -53, -61, -73, -68, -77, -77], 'timestamps': [1.783265276866345e+18, 1.783265276865345e+18, 1.783265278431345e+18, 1.783265278414345e+18, 1.7832652786173652e+18, 1.7832652794303652e+18, 1.783265276702345e+18], 'frequencies': [2437, 2437, 5500, 5320, 5540, 5660, 2412]}
67 67 1783265279660971999
{'names': ['NU-AP06163', 'NU-AP06164', 'NU-AP06163', 'NU-AP06162', 'NU-AP06164', 'NU-AP06167', 'NU-AP05132'], 'addresses': ['48:00:b3:5f:46:a0', '48:00:b3:5f:72:e0', '48:00:b3:5f:46:ae', '48:00:b3:5a:90:8f', '48:00:b3:5f:72:ef', '48:00:b3:5e:0b:ef', '48:00:b3:5f:61:e0'], 'ssids': ['iotroam', 'iotroam', 'eduroam', 'iotroam', 'iotroam', 'iotroam', 'iotroam'], 'signals': [-56, -53, -61, -73, -68, -77, -77], 'timestamps': [1.783265276866345e+18, 1.783265276865345e+18, 1.783265278431345e+18, 1.783265278414345e+18, 1.7832652786173652e+18, 1.7832652794303652e+18, 1.783265276702345e+18], 'frequencies': [2437, 2437, 5500, 5320, 5540, 5660, 2412]}
69 67 1783265279735727797
{'names': ['NU-AP06163', 'NU-AP06164', 'NU-AP06163', 'NU-AP06162', 'NU-AP06164', 'NU-AP06167', 'NU-AP05132'], 'addresses': ['48:00:b3:5f:46:a0', '48:00:b3:5f:72:e0', '48:00:b3:5f:46:ae', '48:00:b3:5a:90:8f', '48:00:b3:5f:72:ef', '48:00:b3:5e:0b:ef', '48:00:b3:5f:61:e0'], 'ssids': ['iotroam', 'iotroam', 'eduroam', 'iotroam', 'iotroam', 'iotroam', 'iotroam'], 'signals': [-56, -53, -61, -73, -68, -77, -77], 'timestamps': [1.783265276866345e+18, 1.783265276865345e+18, 1.783265278431345e+18, 1.783265278414345e+18, 1.7832652786173652e+18, 1.7832652794303652e+18, 1.783265276702345e+18], 'frequencies': [2437, 2437, 5500, 5320, 5540, 5660, 2412]}
71 67 1783265279807401474
{'names': ['NU-AP06163', 'NU-AP06164', 'NU-AP06163', 'NU-AP06162', 'NU-AP06164', 'NU-AP06167', 'NU-AP05132'], 'addresses': ['48:00:b3:5f:46:a0', '48:00:b3:5f:72:e0', '48:00:b3:5f:46:ae', '48:00:b3:5a:90:8f', '48:00:b3:5f:72:ef', '48:00:b3:5e:0b:ef', '48:00:b3:5f:61:e0'], 'ssids': ['iotroam', 'iotroam', 'eduroam', 'iotroam', 'iotroam', 'iotroam', 'iotroam'], 'signals': [-56, -53, -61, -73, -68, -77, -77], 'timestamps': [1.783265276866345e+18, 1.783265276865345e+18, 1.783265278431345e+18, 1.783265278414345e+18, 1.7832652786173652e+18, 1.7832652794303652e+18, 1.783265276702345e+18], 'frequencies': [2437, 2437, 5500, 5320, 5540, 5660, 2412]}
73 67 1783265279876816036
{'names': ['NU-AP06163', 'NU-AP06164', 'NU-AP06163', 'NU-AP06162', 'NU-AP06164', 'NU-AP06167', 'NU-AP05132'], 'addresses': ['48:00:b3:5f:46:a0', '48:00:b3:5f:72:e0', '48:00:b3:5f:46:ae', '48:00:b3:5a:90:8f', '48:00:b3:5f:72:ef', '48:00:b3:5e:0b:ef', '48:00:b3:5f:61:e0'], 'ssids': ['iotroam', 'iotroam', 'eduroam', 'iotroam', 'iotroam', 'iotroam', 'iotroam'], 'signals': [-56, -53, -61, -73, -68, -77, -77], 'timestamps': [1.783265276866345e+18, 1.783265276865345e+18, 1.783265278431345e+18, 1.783265278414345e+18, 1.7832652786173652e+18, 1.7832652794303652e+18, 1.783265276702345e+18], 'frequencies': [2437, 2437, 5500, 5320, 5540, 5660, 2412]}
75 67 1783265279949457185
{'names': ['NU-AP06163', 'NU-AP06164', 'NU-AP06163', 'NU-AP06162', 'NU-AP06164', 'NU-AP06167', 'NU-AP05132'], 'addresses': ['48:00:b3:5f:46:a0', '48:00:b3:5f:72:e0', '48:00:b3:5f:46:ae', '48:00:b3:5a:90:8f', '48:00:b3:5f:72:ef', '48:00:b3:5e:0b:ef', '48:00:b3:5f:61:e0'], 'ssids': ['iotroam', 'iotroam', 'eduroam', 'iotroam', 'iotroam', 'iotroam', 'iotroam'], 'signals': [-56, -53, -61, -73, -68, -77, -77], 'timestamps': [1.783265276866345e+18, 1.783265276865345e+18, 1.783265278431345e+18, 1.783265278414345e+18, 1.7832652786173652e+18, 1.7832652794303652e+18, 1.783265276702345e+18], 'frequencies': [2437, 2437, 5500, 5320, 5540, 5660, 2412]}
77 67 1783265280019891289
{'names': ['NU-AP06163', 'NU-AP06164', 'NU-AP06163', 'NU-AP06162', 'NU-AP06164', 'NU-AP06167', 'NU-AP05132'], 'addresses': ['48:00:b3:5f:46:a0', '48:00:b3:5f:72:e0', '48:00:b3:5f:46:ae', '48:00:b3:5a:90:8f', '48:00:b3:5f:72:ef', '48:00:b3:5e:0b:ef', '48:00:b3:5f:61:e0'], 'ssids': ['iotroam', 'iotroam', 'eduroam', 'iotroam', 'iotroam', 'iotroam', 'iotroam'], 'signals': [-56, -53, -61, -73, -68, -77, -77], 'timestamps': [1.783265276866345e+18, 1.783265276865345e+18, 1.783265278431345e+18, 1.783265278414345e+18, 1.7832652786173652e+18, 1.7832652794303652e+18, 1.783265276702345e+18], 'frequencies': [2437, 2437, 5500, 5320, 5540, 5660, 2412]}
79 69 1783265280116429131
{'names': ['NU-AP06163', 'NU-AP06164', 'NU-AP06163', 'NU-AP06162', 'NU-AP06164', 'NU-AP06167', 'NU-AP05132'], 'addresses': ['48:00:b3:5f:46:a0', '48:00:b3:5f:72:e0', '48:00:b3:5f:46:ae', '48:00:b3:5a:90:8f', '48:00:b3:5f:72:ef', '48:00:b3:5e:0b:ef', '48:00:b3:5f:61:e0'], 'ssids': ['iotroam', 'iotroam', 'eduroam', 'iotroam', 'iotroam', 'iotroam', 'iotroam'], 'signals': [-56, -53, -61, -73, -68, -77, -77], 'timestamps': [1.783265276866345e+18, 1.783265276865345e+18, 1.783265278431345e+18, 1.783265278414345e+18, 1.783265278617429e+18, 1.7832652794304292e+18, 1.783265276702345e+18], 'frequencies': [2437, 2437, 5500, 5320, 5540, 5660, 2412]}
81 69 1783265280191744084
{'names': ['NU-AP06163', 'NU-AP06164', 'NU-AP06163', 'NU-AP06162', 'NU-AP06164', 'NU-AP06167', 'NU-AP05132'], 'addresses': ['48:00:b3:5f:46:a0', '48:00:b3:5f:72:e0', '48:00:b3:5f:46:ae', '48:00:b3:5a:90:8f', '48:00:b3:5f:72:ef', '48:00:b3:5e:0b:ef', '48:00:b3:5f:61:e0'], 'ssids': ['iotroam', 'iotroam', 'eduroam', 'iotroam', 'iotroam', 'iotroam', 'iotroam'], 'signals': [-56, -53, -61, -73, -68, -77, -77], 'timestamps': [1.783265276866345e+18, 1.783265276865345e+18, 1.783265278431345e+18, 1.783265278414345e+18, 1.783265278617429e+18, 1.7832652794304292e+18, 1.783265276702345e+18], 'frequencies': [2437, 2437, 5500, 5320, 5540, 5660, 2412]}
83 69 1783265280263773423
{'names': ['NU-AP06163', 'NU-AP06164', 'NU-AP06163', 'NU-AP06162', 'NU-AP06164', 'NU-AP06167', 'NU-AP05132'], 'addresses': ['48:00:b3:5f:46:a0', '48:00:b3:5f:72:e0', '48:00:b3:5f:46:ae', '48:00:b3:5a:90:8f', '48:00:b3:5f:72:ef', '48:00:b3:5e:0b:ef', '48:00:b3:5f:61:e0'], 'ssids': ['iotroam', 'iotroam', 'eduroam', 'iotroam', 'iotroam', 'iotroam', 'iotroam'], 'signals': [-56, -53, -61, -73, -68, -77, -77], 'timestamps': [1.783265276866345e+18, 1.783265276865345e+18, 1.783265278431345e+18, 1.783265278414345e+18, 1.783265278617429e+18, 1.7832652794304292e+18, 1.783265276702345e+18], 'frequencies': [2437, 2437, 5500, 5320, 5540, 5660, 2412]}
85 69 1783265280336080875
{'names': ['NU-AP06163', 'NU-AP06164', 'NU-AP06163', 'NU-AP06162', 'NU-AP06164', 'NU-AP06167', 'NU-AP05132'], 'addresses': ['48:00:b3:5f:46:a0', '48:00:b3:5f:72:e0', '48:00:b3:5f:46:ae', '48:00:b3:5a:90:8f', '48:00:b3:5f:72:ef', '48:00:b3:5e:0b:ef', '48:00:b3:5f:61:e0'], 'ssids': ['iotroam', 'iotroam', 'eduroam', 'iotroam', 'iotroam', 'iotroam', 'iotroam'], 'signals': [-56, -53, -61, -73, -68, -77, -77], 'timestamps': [1.783265276866345e+18, 1.783265276865345e+18, 1.783265278431345e+18, 1.783265278414345e+18, 1.783265278617429e+18, 1.7832652794304292e+18, 1.783265276702345e+18], 'frequencies': [2437, 2437, 5500, 5320, 5540, 5660, 2412]}
90 73 1783265280415126610
{'names': ['NU-AP06163', 'NU-AP06164', 'NU-AP06163', 'NU-AP06162', 'NU-AP06164', 'NU-AP06167', 'NU-AP05132'], 'addresses': ['48:00:b3:5f:46:a0', '48:00:b3:5f:72:e0', '48:00:b3:5f:46:ae', '48:00:b3:5a:90:8f', '48:00:b3:5f:72:ef', '48:00:b3:5e:0b:ef', '48:00:b3:5f:61:e0'], 'ssids': ['iotroam', 'iotroam', 'eduroam', 'iotroam', 'iotroam', 'iotroam', 'iotroam'], 'signals': [-56, -53, -61, -73, -68, -77, -77], 'timestamps': [1.7832652768681265e+18, 1.7832652768671265e+18, 1.7832652784331264e+18, 1.7832652784161265e+18, 1.7832652786201265e+18, 1.7832652794331264e+18, 1.7832652767041265e+18], 'frequencies': [2437, 2437, 5500, 5320, 5540, 5660, 2412]}
92 73 1783265280530194065
{'names': ['NU-AP06163', 'NU-AP06164', 'NU-AP06163', 'NU-AP06162', 'NU-AP06164', 'NU-AP06167', 'NU-AP05132'], 'addresses': ['48:00:b3:5f:46:a0', '48:00:b3:5f:72:e0', '48:00:b3:5f:46:ae', '48:00:b3:5a:90:8f', '48:00:b3:5f:72:ef', '48:00:b3:5e:0b:ef', '48:00:b3:5f:61:e0'], 'ssids': ['iotroam', 'iotroam', 'eduroam', 'iotroam', 'iotroam', 'iotroam', 'iotroam'], 'signals': [-56, -53, -61, -73, -68, -77, -77], 'timestamps': [1.7832652768681265e+18, 1.7832652768671265e+18, 1.7832652784331264e+18, 1.7832652784161265e+18, 1.7832652786201265e+18, 1.7832652794331264e+18, 1.7832652767041265e+18], 'frequencies': [2437, 2437, 5500, 5320, 5540, 5660, 2412]}
94 73 1783265280599287458
{'names': ['NU-AP06163', 'NU-AP06164', 'NU-AP06163', 'NU-AP06162', 'NU-AP06164', 'NU-AP06167', 'NU-AP05132'], 'addresses': ['48:00:b3:5f:46:a0', '48:00:b3:5f:72:e0', '48:00:b3:5f:46:ae', '48:00:b3:5a:90:8f', '48:00:b3:5f:72:ef', '48:00:b3:5e:0b:ef', '48:00:b3:5f:61:e0'], 'ssids': ['iotroam', 'iotroam', 'eduroam', 'iotroam', 'iotroam', 'iotroam', 'iotroam'], 'signals': [-56, -53, -61, -73, -68, -77, -77], 'timestamps': [1.7832652768681265e+18, 1.7832652768671265e+18, 1.7832652784331264e+18, 1.7832652784161265e+18, 1.7832652786201265e+18, 1.7832652794331264e+18, 1.7832652767041265e+18], 'frequencies': [2437, 2437, 5500, 5320, 5540, 5660, 2412]}
96 73 1783265280867155776
{'names': ['NU-AP06163', 'NU-AP06164', 'NU-AP06163', 'NU-AP06162', 'NU-AP06164', 'NU-AP06167', 'NU-AP05132'], 'addresses': ['48:00:b3:5f:46:a0', '48:00:b3:5f:72:e0', '48:00:b3:5f:46:ae', '48:00:b3:5a:90:8f', '48:00:b3:5f:72:ef', '48:00:b3:5e:0b:ef', '48:00:b3:5f:61:e0'], 'ssids': ['iotroam', 'iotroam', 'eduroam', 'iotroam', 'iotroam', 'iotroam', 'iotroam'], 'signals': [-54, -53, -61, -73, -68, -77, -77], 'timestamps': [1.7832652808201556e+18, 1.7832652808171556e+18, 1.7832652784331264e+18, 1.7832652784161265e+18, 1.7832652786201265e+18, 1.7832652794331264e+18, 1.7832652767041265e+18], 'frequencies': [2437, 2437, 5500, 5320, 5540, 5660, 2412]}
98 73 1783265280932254381
{'names': ['NU-AP06163', 'NU-AP06164', 'NU-AP06163', 'NU-AP06162', 'NU-AP06164', 'NU-AP06167', 'NU-AP05132'], 'addresses': ['48:00:b3:5f:46:a0', '48:00:b3:5f:72:e0', '48:00:b3:5f:46:ae', '48:00:b3:5a:90:8f', '48:00:b3:5f:72:ef', '48:00:b3:5e:0b:ef', '48:00:b3:5f:61:e0'], 'ssids': ['iotroam', 'iotroam', 'eduroam', 'iotroam', 'iotroam', 'iotroam', 'iotroam'], 'signals': [-54, -53, -61, -73, -68, -77, -77], 'timestamps': [1.7832652808202545e+18, 1.7832652808172544e+18, 1.7832652784331264e+18, 1.7832652784161265e+18, 1.7832652786201265e+18, 1.7832652794331264e+18, 1.7832652767041265e+18], 'frequencies': [2437, 2437, 5500, 5320, 5540, 5660, 2412]}
101 73 1783265280997312540
{'names': ['NU-AP06163', 'NU-AP06164', 'NU-AP06163', 'NU-AP06162', 'NU-AP06164', 'NU-AP06167', 'NU-AP05132', 'NU-AP06162'], 'addresses': ['48:00:b3:5f:46:a0', '48:00:b3:5f:72:e0', '48:00:b3:5f:46:ae', '48:00:b3:5a:90:8f', '48:00:b3:5f:72:ef', '48:00:b3:5e:0b:ef', '48:00:b3:5f:61:e0', '48:00:b3:5a:90:82'], 'ssids': ['iotroam', 'iotroam', 'eduroam', 'iotroam', 'iotroam', 'iotroam', 'iotroam', 'VU-Campusnet'], 'signals': [-54, -53, -61, -73, -68, -77, -77, -76], 'timestamps': [1.7832652808203126e+18, 1.7832652808173125e+18, 1.7832652784331264e+18, 1.7832652784161265e+18, 1.7832652786201265e+18, 1.7832652794331264e+18, 1.7832652767041265e+18, 1.7832652809963126e+18], 'frequencies': [2437, 2437, 5500, 5320, 5540, 5660, 2412, 2462]}
105 77 1783265281120957763
{'names': ['NU-AP06163', 'NU-AP06164', 'NU-AP06163', 'NU-AP06162', 'NU-AP06164', 'NU-AP06167', 'NU-AP05132', 'NU-AP06162'], 'addresses': ['48:00:b3:5f:46:a0', '48:00:b3:5f:72:e0', '48:00:b3:5f:46:ae', '48:00:b3:5a:90:8f', '48:00:b3:5f:72:ef', '48:00:b3:5e:0b:ef', '48:00:b3:5f:61:e0', '48:00:b3:5a:90:82'], 'ssids': ['iotroam', 'iotroam', 'eduroam', 'iotroam', 'iotroam', 'iotroam', 'iotroam', 'VU-Campusnet'], 'signals': [-54, -53, -61, -73, -68, -77, -77, -76], 'timestamps': [1.7832652808249577e+18, 1.7832652808219576e+18, 1.7832652784339576e+18, 1.7832652784169577e+18, 1.7832652786209577e+18, 1.7832652794339576e+18, 1.7832652767049577e+18, 1.7832652810009577e+18], 'frequencies': [2437, 2437, 5500, 5320, 5540, 5660, 2412, 2462]}
105 79 1783265282419133858
{'names': ['NU-AP06163', 'NU-AP06164', 'NU-AP06163', 'NU-AP06162', 'NU-AP06164', 'NU-AP06167', 'NU-AP05132', 'NU-AP06162'], 'addresses': ['48:00:b3:5f:46:a0', '48:00:b3:5f:72:e0', '48:00:b3:5f:46:ae', '48:00:b3:5a:90:8f', '48:00:b3:5f:72:ef', '48:00:b3:5e:0b:ef', '48:00:b3:5f:61:e0', '48:00:b3:5a:90:82'], 'ssids': ['iotroam', 'iotroam', 'eduroam', 'iotroam', 'iotroam', 'iotroam', 'iotroam', 'VU-Campusnet'], 'signals': [-54, -53, -61, -73, -68, -77, -77, -76], 'timestamps': [1.7832652808249577e+18, 1.7832652808219576e+18, 1.783265282393134e+18, 1.783265282369134e+18, 1.7832652786209577e+18, 1.7832652794339576e+18, 1.7832652767049577e+18, 1.7832652810009577e+18], 'frequencies': [2437, 2437, 5500, 5320, 5540, 5660, 2412, 2462]}
105 80 1783265282627018815
{'names': ['NU-AP06163', 'NU-AP06164', 'NU-AP06163', 'NU-AP06162', 'NU-AP06164', 'NU-AP06167', 'NU-AP05132', 'NU-AP06162'], 'addresses': ['48:00:b3:5f:46:a0', '48:00:b3:5f:72:e0', '48:00:b3:5f:46:ae', '48:00:b3:5a:90:8f', '48:00:b3:5f:72:ef', '48:00:b3:5e:0b:ef', '48:00:b3:5f:61:e0', '48:00:b3:5a:90:82'], 'ssids': ['iotroam', 'iotroam', 'eduroam', 'iotroam', 'iotroam', 'iotroam', 'iotroam', 'VU-Campusnet'], 'signals': [-54, -53, -61, -73, -68, -77, -77, -76], 'timestamps': [1.7832652808249577e+18, 1.7832652808219576e+18, 1.783265282393134e+18, 1.783265282369134e+18, 1.7832652825760187e+18, 1.7832652794339576e+18, 1.7832652767049577e+18, 1.7832652810009577e+18], 'frequencies': [2437, 2437, 5500, 5320, 5540, 5660, 2412, 2462]}
105 81 1783265282697120435
{'names': ['NU-AP06163', 'NU-AP06164', 'NU-AP06163', 'NU-AP06162', 'NU-AP06164', 'NU-AP06167', 'NU-AP05132', 'NU-AP06162'], 'addresses': ['48:00:b3:5f:46:a0', '48:00:b3:5f:72:e0', '48:00:b3:5f:46:ae', '48:00:b3:5a:90:8f', '48:00:b3:5f:72:ef', '48:00:b3:5e:0b:ef', '48:00:b3:5f:61:e0', '48:00:b3:5a:90:82'], 'ssids': ['iotroam', 'iotroam', 'eduroam', 'iotroam', 'iotroam', 'iotroam', 'iotroam', 'VU-Campusnet'], 'signals': [-54, -53, -61, -73, -68, -77, -77, -76], 'timestamps': [1.7832652808249577e+18, 1.7832652808219576e+18, 1.783265282393134e+18, 1.783265282369134e+18, 1.7832652825771205e+18, 1.7832652794339576e+18, 1.7832652767049577e+18, 1.7832652810009577e+18], 'frequencies': [2437, 2437, 5500, 5320, 5540, 5660, 2412, 2462]}
105 84 1783265282903541842
{'names': ['NU-AP06163', 'NU-AP06164', 'NU-AP06163', 'NU-AP06162', 'NU-AP06164', 'NU-AP06167', 'NU-AP06162'], 'addresses': ['48:00:b3:5f:46:a0', '48:00:b3:5f:72:e0', '48:00:b3:5f:46:ae', '48:00:b3:5a:90:8f', '48:00:b3:5f:72:ef', '48:00:b3:5e:0b:ef', '48:00:b3:5a:90:82'], 'ssids': ['iotroam', 'iotroam', 'eduroam', 'iotroam', 'iotroam', 'iotroam', 'VU-Campusnet'], 'signals': [-54, -53, -61, -73, -68, -77, -76], 'timestamps': [1.7832652808249577e+18, 1.7832652808219576e+18, 1.7832652823955418e+18, 1.7832652823715418e+18, 1.7832652825785418e+18, 1.7832652794339576e+18, 1.7832652810009577e+18], 'frequencies': [2437, 2437, 5500, 5320, 5540, 5660, 2462]}
