2 1 1783265622269294250
{'names': ['NU-AP07183', 'NU-AP06167'], 'addresses': ['48:00:b3:5f:70:22', '48:00:b3:5e:0b:e2'], 'ssids': ['VU-Campusnet', 'VU-Campusnet'], 'signals': [-78, -70], 'timestamps': [1.7832656222652943e+18, 1.7832656222622943e+18], 'frequencies': [2412, 2412]}
2 2 1783265622319330617
{'names': ['NU-AP07183', 'NU-AP06167'], 'addresses': ['48:00:b3:5f:70:22', '48:00:b3:5e:0b:e2'], 'ssids': ['VU-Campusnet', 'VU-Campusnet'], 'signals': [-78, -70], 'timestamps': [1.7832656222652943e+18, 1.7832656222622943e+18], 'frequencies': [2412, 2412]}
2 3 1783265622366005249
{'names': ['NU-AP07183', 'NU-AP06167'], 'addresses': ['48:00:b3:5f:70:22', '48:00:b3:5e:0b:e2'], 'ssids': ['VU-Campusnet', 'VU-Campusnet'], 'signals': [-78, -70], 'timestamps': [1.7832656222652943e+18, 1.7832656222622943e+18], 'frequencies': [2412, 2412]}
4 4 1783265622414321032
{'names': ['NU-AP07183', 'NU-AP06167', 'NU-AP06164', 'NU-AP06163'], 'addresses': ['48:00:b3:5f:70:22', '48:00:b3:5e:0b:e2', '48:00:b3:5f:72:e0', '48:00:b3:5f:46:a0'], 'ssids': ['VU-Campusnet', 'VU-Campusnet', 'iotroam', 'iotroam'], 'signals': [-78, -70, -54, -58], 'timestamps': [1.7832656222652943e+18, 1.7832656222622943e+18, 1.783265622407321e+18, 1.783265622407321e+18], 'frequencies': [2412, 2412, 2437, 2437]}
6 5 1783265622465055741
{'names': ['NU-AP07183', 'NU-AP06167', 'NU-AP06164', 'NU-AP06163'], 'addresses': ['48:00:b3:5f:70:22', '48:00:b3:5e:0b:e2', '48:00:b3:5f:72:e0', '48:00:b3:5f:46:a0'], 'ssids': ['VU-Campusnet', 'VU-Campusnet', 'iotroam', 'iotroam'], 'signals': [-78, -70, -54, -58], 'timestamps': [1.7832656222652943e+18, 1.7832656222622943e+18, 1.7832656224080558e+18, 1.7832656224080558e+18], 'frequencies': [2412, 2412, 2437, 2437]}
6 6 1783265622515465833
{'names': ['NU-AP07183', 'NU-AP06167', 'NU-AP06164', 'NU-AP06163'], 'addresses': ['48:00:b3:5f:70:22', '48:00:b3:5e:0b:e2', '48:00:b3:5f:72:e0', '48:00:b3:5f:46:a0'], 'ssids': ['VU-Campusnet', 'VU-Campusnet', 'iotroam', 'iotroam'], 'signals': [-78, -70, -54, -58], 'timestamps': [1.7832656222652943e+18, 1.7832656222622943e+18, 1.7832656224080558e+18, 1.7832656224080558e+18], 'frequencies': [2412, 2412, 2437, 2437]}
10 7 1783265622574512757
{'names': ['NU-AP07183', 'NU-AP06167', 'NU-AP06164', 'NU-AP06163'], 'addresses': ['48:00:b3:5f:70:22', '48:00:b3:5e:0b:e2', '48:00:b3:5f:72:e0', '48:00:b3:5f:46:a0'], 'ssids': ['VU-Campusnet', 'VU-Campusnet', 'iotroam', 'iotroam'], 'signals': [-78, -70, -54, -58], 'timestamps': [1.7832656222665126e+18, 1.7832656222635126e+18, 1.7832656224095127e+18, 1.7832656224095127e+18], 'frequencies': [2412, 2412, 2437, 2437]}
10 8 1783265622652478195
{'names': ['NU-AP07183', 'NU-AP06167', 'NU-AP06164', 'NU-AP06163'], 'addresses': ['48:00:b3:5f:70:22', '48:00:b3:5e:0b:e2', '48:00:b3:5f:72:e0', '48:00:b3:5f:46:a0'], 'ssids': ['VU-Campusnet', 'VU-Campusnet', 'iotroam', 'iotroam'], 'signals': [-78, -70, -54, -58], 'timestamps': [1.7832656222665126e+18, 1.7832656222635126e+18, 1.7832656224095127e+18, 1.7832656224095127e+18], 'frequencies': [2412, 2412, 2437, 2437]}
10 9 1783265622704629230
{'names': ['NU-AP07183', 'NU-AP06167', 'NU-AP06164', 'NU-AP06163'], 'addresses': ['48:00:b3:5f:70:22', '48:00:b3:5e:0b:e2', '48:00:b3:5f:72:e0', '48:00:b3:5f:46:a0'], 'ssids': ['VU-Campusnet', 'VU-Campusnet', 'iotroam', 'iotroam'], 'signals': [-78, -70, -54, -58], 'timestamps': [1.7832656222665126e+18, 1.7832656222635126e+18, 1.7832656224095127e+18, 1.7832656224095127e+18], 'frequencies': [2412, 2412, 2437, 2437]}
10 10 1783265622752884929
{'names': ['NU-AP07183', 'NU-AP06167', 'NU-AP06164', 'NU-AP06163'], 'addresses': ['48:00:b3:5f:70:22', '48:00:b3:5e:0b:e2', '48:00:b3:5f:72:e0', '48:00:b3:5f:46:a0'], 'ssids': ['VU-Campusnet', 'VU-Campusnet', 'iotroam', 'iotroam'], 'signals': [-78, -70, -54, -58], 'timestamps': [1.7832656222665126e+18, 1.7832656222635126e+18, 1.7832656224095127e+18, 1.7832656224095127e+18], 'frequencies': [2412, 2412, 2437, 2437]}
10 11 1783265622805003617
{'names': ['NU-AP07183', 'NU-AP06167', 'NU-AP06164', 'NU-AP06163'], 'addresses': ['48:00:b3:5f:70:22', '48:00:b3:5e:0b:e2', '48:00:b3:5f:72:e0', '48:00:b3:5f:46:a0'], 'ssids': ['VU-Campusnet', 'VU-Campusnet', 'iotroam', 'iotroam'], 'signals': [-78, -70, -54, -58], 'timestamps': [1.7832656222665126e+18, 1.7832656222635126e+18, 1.7832656224095127e+18, 1.7832656224095127e+18], 'frequencies': [2412, 2412, 2437, 2437]}
10 12 1783265622855076591
{'names': ['NU-AP07183', 'NU-AP06167', 'NU-AP06164', 'NU-AP06163'], 'addresses': ['48:00:b3:5f:70:22', '48:00:b3:5e:0b:e2', '48:00:b3:5f:72:e0', '48:00:b3:5f:46:a0'], 'ssids': ['VU-Campusnet', 'VU-Campusnet', 'iotroam', 'iotroam'], 'signals': [-78, -70, -54, -58], 'timestamps': [1.7832656222665126e+18, 1.7832656222635126e+18, 1.7832656224095127e+18, 1.7832656224095127e+18], 'frequencies': [2412, 2412, 2437, 2437]}
10 13 1783265622906772148
{'names': ['NU-AP07183', 'NU-AP06167', 'NU-AP06164', 'NU-AP06163'], 'addresses': ['48:00:b3:5f:70:22', '48:00:b3:5e:0b:e2', '48:00:b3:5f:72:e0', '48:00:b3:5f:46:a0'], 'ssids': ['VU-Campusnet', 'VU-Campusnet', 'iotroam', 'iotroam'], 'signals': [-78, -70, -54, -58], 'timestamps': [1.7832656222665126e+18, 1.7832656222635126e+18, 1.7832656224095127e+18, 1.7832656224095127e+18], 'frequencies': [2412, 2412, 2437, 2437]}
10 14 1783265622965375466
{'names': ['NU-AP07183', 'NU-AP06167', 'NU-AP06164', 'NU-AP06163'], 'addresses': ['48:00:b3:5f:70:22', '48:00:b3:5e:0b:e2', '48:00:b3:5f:72:e0', '48:00:b3:5f:46:a0'], 'ssids': ['VU-Campusnet', 'VU-Campusnet', 'iotroam', 'iotroam'], 'signals': [-78, -70, -54, -58], 'timestamps': [1.7832656222665126e+18, 1.7832656222635126e+18, 1.7832656224095127e+18, 1.7832656224095127e+18], 'frequencies': [2412, 2412, 2437, 2437]}
10 15 1783265623040060779
{'names': ['NU-AP07183', 'NU-AP06167', 'NU-AP06164', 'NU-AP06163'], 'addresses': ['48:00:b3:5f:70:22', '48:00:b3:5e:0b:e2', '48:00:b3:5f:72:e0', '48:00:b3:5f:46:a0'], 'ssids': ['VU-Campusnet', 'VU-Campusnet', 'iotroam', 'iotroam'], 'signals': [-78, -70, -54, -58], 'timestamps': [1.7832656222665126e+18, 1.7832656222635126e+18, 1.7832656224095127e+18, 1.7832656224095127e+18], 'frequencies': [2412, 2412, 2437, 2437]}
10 16 1783265623104655345
{'names': ['NU-AP07183', 'NU-AP06167', 'NU-AP06164', 'NU-AP06163'], 'addresses': ['48:00:b3:5f:70:22', '48:00:b3:5e:0b:e2', '48:00:b3:5f:72:e0', '48:00:b3:5f:46:a0'], 'ssids': ['VU-Campusnet', 'VU-Campusnet', 'iotroam', 'iotroam'], 'signals': [-78, -70, -54, -58], 'timestamps': [1.7832656222665126e+18, 1.7832656222635126e+18, 1.7832656224095127e+18, 1.7832656224095127e+18], 'frequencies': [2412, 2412, 2437, 2437]}
10 17 1783265623156331495
{'names': ['NU-AP07183', 'NU-AP06167', 'NU-AP06164', 'NU-AP06163'], 'addresses': ['48:00:b3:5f:70:22', '48:00:b3:5e:0b:e2', '48:00:b3:5f:72:e0', '48:00:b3:5f:46:a0'], 'ssids': ['VU-Campusnet', 'VU-Campusnet', 'iotroam', 'iotroam'], 'signals': [-78, -70, -54, -58], 'timestamps': [1.7832656222665126e+18, 1.7832656222635126e+18, 1.7832656224095127e+18, 1.7832656224095127e+18], 'frequencies': [2412, 2412, 2437, 2437]}
10 18 1783265623207253955
{'names': ['NU-AP07183', 'NU-AP06167', 'NU-AP06164', 'NU-AP06163'], 'addresses': ['48:00:b3:5f:70:22', '48:00:b3:5e:0b:e2', '48:00:b3:5f:72:e0', '48:00:b3:5f:46:a0'], 'ssids': ['VU-Campusnet', 'VU-Campusnet', 'iotroam', 'iotroam'], 'signals': [-78, -70, -54, -58], 'timestamps': [1.7832656222665126e+18, 1.7832656222635126e+18, 1.7832656224095127e+18, 1.7832656224095127e+18], 'frequencies': [2412, 2412, 2437, 2437]}
10 19 1783265623256456227
{'names': ['NU-AP07183', 'NU-AP06167', 'NU-AP06164', 'NU-AP06163'], 'addresses': ['48:00:b3:5f:70:22', '48:00:b3:5e:0b:e2', '48:00:b3:5f:72:e0', '48:00:b3:5f:46:a0'], 'ssids': ['VU-Campusnet', 'VU-Campusnet', 'iotroam', 'iotroam'], 'signals': [-78, -70, -54, -58], 'timestamps': [1.7832656222665126e+18, 1.7832656222635126e+18, 1.7832656224095127e+18, 1.7832656224095127e+18], 'frequencies': [2412, 2412, 2437, 2437]}
10 20 1783265623305442341
{'names': ['NU-AP07183', 'NU-AP06167', 'NU-AP06164', 'NU-AP06163'], 'addresses': ['48:00:b3:5f:70:22', '48:00:b3:5e:0b:e2', '48:00:b3:5f:72:e0', '48:00:b3:5f:46:a0'], 'ssids': ['VU-Campusnet', 'VU-Campusnet', 'iotroam', 'iotroam'], 'signals': [-78, -70, -54, -58], 'timestamps': [1.7832656222665126e+18, 1.7832656222635126e+18, 1.7832656224095127e+18, 1.7832656224095127e+18], 'frequencies': [2412, 2412, 2437, 2437]}
10 21 1783265623354116974
{'names': ['NU-AP07183', 'NU-AP06167', 'NU-AP06164', 'NU-AP06163'], 'addresses': ['48:00:b3:5f:70:22', '48:00:b3:5e:0b:e2', '48:00:b3:5f:72:e0', '48:00:b3:5f:46:a0'], 'ssids': ['VU-Campusnet', 'VU-Campusnet', 'iotroam', 'iotroam'], 'signals': [-78, -70, -54, -58], 'timestamps': [1.7832656222665126e+18, 1.7832656222635126e+18, 1.7832656224095127e+18, 1.7832656224095127e+18], 'frequencies': [2412, 2412, 2437, 2437]}
10 22 1783265623403688427
{'names': ['NU-AP07183', 'NU-AP06167', 'NU-AP06164', 'NU-AP06163'], 'addresses': ['48:00:b3:5f:70:22', '48:00:b3:5e:0b:e2', '48:00:b3:5f:72:e0', '48:00:b3:5f:46:a0'], 'ssids': ['VU-Campusnet', 'VU-Campusnet', 'iotroam', 'iotroam'], 'signals': [-78, -70, -54, -58], 'timestamps': [1.7832656222665126e+18, 1.7832656222635126e+18, 1.7832656224095127e+18, 1.7832656224095127e+18], 'frequencies': [2412, 2412, 2437, 2437]}
10 23 1783265623452432356
{'names': ['NU-AP07183', 'NU-AP06167', 'NU-AP06164', 'NU-AP06163'], 'addresses': ['48:00:b3:5f:70:22', '48:00:b3:5e:0b:e2', '48:00:b3:5f:72:e0', '48:00:b3:5f:46:a0'], 'ssids': ['VU-Campusnet', 'VU-Campusnet', 'iotroam', 'iotroam'], 'signals': [-78, -70, -54, -58], 'timestamps': [1.7832656222665126e+18, 1.7832656222635126e+18, 1.7832656224095127e+18, 1.7832656224095127e+18], 'frequencies': [2412, 2412, 2437, 2437]}
10 24 1783265623506205456
{'names': ['NU-AP07183', 'NU-AP06167', 'NU-AP06164', 'NU-AP06163'], 'addresses': ['48:00:b3:5f:70:22', '48:00:b3:5e:0b:e2', '48:00:b3:5f:72:e0', '48:00:b3:5f:46:a0'], 'ssids': ['VU-Campusnet', 'VU-Campusnet', 'iotroam', 'iotroam'], 'signals': [-78, -70, -54, -58], 'timestamps': [1.7832656222665126e+18, 1.7832656222635126e+18, 1.7832656224095127e+18, 1.7832656224095127e+18], 'frequencies': [2412, 2412, 2437, 2437]}
10 25 1783265623559777260
{'names': ['NU-AP07183', 'NU-AP06167', 'NU-AP06164', 'NU-AP06163'], 'addresses': ['48:00:b3:5f:70:22', '48:00:b3:5e:0b:e2', '48:00:b3:5f:72:e0', '48:00:b3:5f:46:a0'], 'ssids': ['VU-Campusnet', 'VU-Campusnet', 'iotroam', 'iotroam'], 'signals': [-78, -70, -54, -58], 'timestamps': [1.7832656222665126e+18, 1.7832656222635126e+18, 1.7832656224095127e+18, 1.7832656224095127e+18], 'frequencies': [2412, 2412, 2437, 2437]}
10 26 1783265623610609138
{'names': ['NU-AP07183', 'NU-AP06167', 'NU-AP06164', 'NU-AP06163'], 'addresses': ['48:00:b3:5f:70:22', '48:00:b3:5e:0b:e2', '48:00:b3:5f:72:e0', '48:00:b3:5f:46:a0'], 'ssids': ['VU-Campusnet', 'VU-Campusnet', 'iotroam', 'iotroam'], 'signals': [-78, -70, -54, -58], 'timestamps': [1.7832656222665126e+18, 1.7832656222635126e+18, 1.7832656224095127e+18, 1.7832656224095127e+18], 'frequencies': [2412, 2412, 2437, 2437]}
10 27 1783265623661390333
{'names': ['NU-AP07183', 'NU-AP06167', 'NU-AP06164', 'NU-AP06163'], 'addresses': ['48:00:b3:5f:70:22', '48:00:b3:5e:0b:e2', '48:00:b3:5f:72:e0', '48:00:b3:5f:46:a0'], 'ssids': ['VU-Campusnet', 'VU-Campusnet', 'iotroam', 'iotroam'], 'signals': [-78, -70, -54, -58], 'timestamps': [1.7832656222665126e+18, 1.7832656222635126e+18, 1.7832656224095127e+18, 1.7832656224095127e+18], 'frequencies': [2412, 2412, 2437, 2437]}
10 28 1783265623710066025
{'names': ['NU-AP07183', 'NU-AP06167', 'NU-AP06164', 'NU-AP06163'], 'addresses': ['48:00:b3:5f:70:22', '48:00:b3:5e:0b:e2', '48:00:b3:5f:72:e0', '48:00:b3:5f:46:a0'], 'ssids': ['VU-Campusnet', 'VU-Campusnet', 'iotroam', 'iotroam'], 'signals': [-78, -70, -54, -58], 'timestamps': [1.7832656222665126e+18, 1.7832656222635126e+18, 1.7832656224095127e+18, 1.7832656224095127e+18], 'frequencies': [2412, 2412, 2437, 2437]}
14 29 1783265623770127513
{'names': ['NU-AP07183', 'NU-AP06167', 'NU-AP06164', 'NU-AP06163'], 'addresses': ['48:00:b3:5f:70:22', '48:00:b3:5e:0b:e2', '48:00:b3:5f:72:e0', '48:00:b3:5f:46:a0'], 'ssids': ['VU-Campusnet', 'VU-Campusnet', 'iotroam', 'iotroam'], 'signals': [-78, -70, -54, -58], 'timestamps': [1.7832656222671276e+18, 1.7832656222641275e+18, 1.7832656224101276e+18, 1.7832656224101276e+18], 'frequencies': [2412, 2412, 2437, 2437]}
14 31 1783265623857727097
{'names': ['NU-AP07183', 'NU-AP06167', 'NU-AP06164', 'NU-AP06163', 'NU-AP06163', 'NU-AP06162'], 'addresses': ['48:00:b3:5f:70:22', '48:00:b3:5e:0b:e2', '48:00:b3:5f:72:e0', '48:00:b3:5f:46:a0', '48:00:b3:5f:46:ae', '48:00:b3:5a:90:8d'], 'ssids': ['VU-Campusnet', 'VU-Campusnet', 'iotroam', 'iotroam', 'eduroam', 'VU-Campusnet'], 'signals': [-78, -70, -54, -58, -61, -72], 'timestamps': [1.7832656222671276e+18, 1.7832656222641275e+18, 1.7832656224101276e+18, 1.7832656224101276e+18, 1.783265623845727e+18, 1.783265623832727e+18], 'frequencies': [2412, 2412, 2437, 2437, 5500, 5320]}
14 33 1783265623917027963
{'names': ['NU-AP07183', 'NU-AP06167', 'NU-AP06164', 'NU-AP06163', 'NU-AP06163', 'NU-AP06162'], 'addresses': ['48:00:b3:5f:70:22', '48:00:b3:5e:0b:e2', '48:00:b3:5f:72:e0', '48:00:b3:5f:46:a0', '48:00:b3:5f:46:ae', '48:00:b3:5a:90:8d'], 'ssids': ['VU-Campusnet', 'VU-Campusnet', 'iotroam', 'iotroam', 'eduroam', 'VU-Campusnet'], 'signals': [-78, -70, -54, -58, -61, -72], 'timestamps': [1.7832656222671276e+18, 1.7832656222641275e+18, 1.7832656224101276e+18, 1.7832656224101276e+18, 1.7832656238460278e+18, 1.7832656238330278e+18], 'frequencies': [2412, 2412, 2437, 2437, 5500, 5320]}
14 35 1783265624029144376
{'names': ['NU-AP07183', 'NU-AP06167', 'NU-AP06164', 'NU-AP06163', 'NU-AP06163', 'NU-AP06162'], 'addresses': ['48:00:b3:5f:70:22', '48:00:b3:5e:0b:e2', '48:00:b3:5f:72:e0', '48:00:b3:5f:46:a0', '48:00:b3:5f:46:ae', '48:00:b3:5a:90:8d'], 'ssids': ['VU-Campusnet', 'VU-Campusnet', 'iotroam', 'iotroam', 'eduroam', 'VU-Campusnet'], 'signals': [-78, -70, -54, -58, -61, -72], 'timestamps': [1.7832656222671276e+18, 1.7832656222641275e+18, 1.7832656224101276e+18, 1.7832656224101276e+18, 1.7832656238461443e+18, 1.7832656238331443e+18], 'frequencies': [2412, 2412, 2437, 2437, 5500, 5320]}
14 37 1783265624090441222
{'names': ['NU-AP07183', 'NU-AP06167', 'NU-AP06164', 'NU-AP06163', 'NU-AP06163', 'NU-AP06162'], 'addresses': ['48:00:b3:5f:70:22', '48:00:b3:5e:0b:e2', '48:00:b3:5f:72:e0', '48:00:b3:5f:46:a0', '48:00:b3:5f:46:ae', '48:00:b3:5a:90:8d'], 'ssids': ['VU-Campusnet', 'VU-Campusnet', 'iotroam', 'iotroam', 'eduroam', 'VU-Campusnet'], 'signals': [-78, -70, -54, -58, -61, -72], 'timestamps': [1.7832656222671276e+18, 1.7832656222641275e+18, 1.7832656224101276e+18, 1.7832656224101276e+18, 1.7832656238464412e+18, 1.7832656238334413e+18], 'frequencies': [2412, 2412, 2437, 2437, 5500, 5320]}
14 40 1783265624149854875
{'names': ['NU-AP07183', 'NU-AP06167', 'NU-AP06164', 'NU-AP06163', 'NU-AP06163', 'NU-AP06162', 'NU-AP06164'], 'addresses': ['48:00:b3:5f:70:22', '48:00:b3:5e:0b:e2', '48:00:b3:5f:72:e0', '48:00:b3:5f:46:a0', '48:00:b3:5f:46:ae', '48:00:b3:5a:90:8d', '48:00:b3:5f:72:ed'], 'ssids': ['VU-Campusnet', 'VU-Campusnet', 'iotroam', 'iotroam', 'eduroam', 'VU-Campusnet', 'VU-Campusnet'], 'signals': [-78, -70, -54, -58, -61, -72, -66], 'timestamps': [1.7832656222671276e+18, 1.7832656222641275e+18, 1.7832656224101276e+18, 1.7832656224101276e+18, 1.783265623846855e+18, 1.783265623833855e+18, 1.783265624142855e+18], 'frequencies': [2412, 2412, 2437, 2437, 5500, 5320, 5540]}
14 44 1783265625201895658
{'names': ['NU-AP07183', 'NU-AP06167', 'NU-AP06164', 'NU-AP06163', 'NU-AP06163', 'NU-AP06162', 'NU-AP06164', 'NU-AP06167'], 'addresses': ['48:00:b3:5f:70:22', '48:00:b3:5e:0b:e2', '48:00:b3:5f:72:e0', '48:00:b3:5f:46:a0', '48:00:b3:5f:46:ae', '48:00:b3:5a:90:8d', '48:00:b3:5f:72:ed', '48:00:b3:5e:0b:ef'], 'ssids': ['VU-Campusnet', 'VU-Campusnet', 'iotroam', 'iotroam', 'eduroam', 'VU-Campusnet', 'VU-Campusnet', 'iotroam'], 'signals': [-78, -70, -54, -58, -61, -72, -66, -79], 'timestamps': [1.7832656222671276e+18, 1.7832656222641275e+18, 1.7832656224101276e+18, 1.7832656224101276e+18, 1.7832656238468956e+18, 1.7832656238338957e+18, 1.7832656241428956e+18, 1.7832656251548956e+18], 'frequencies': [2412, 2412, 2437, 2437, 5500, 5320, 5540, 5660]}
14 48 1783265625270170632
{'names': ['NU-AP07183', 'NU-AP06167', 'NU-AP06164', 'NU-AP06163', 'NU-AP06163', 'NU-AP06162', 'NU-AP06164', 'NU-AP06167'], 'addresses': ['48:00:b3:5f:70:22', '48:00:b3:5e:0b:e2', '48:00:b3:5f:72:e0', '48:00:b3:5f:46:a0', '48:00:b3:5f:46:ae', '48:00:b3:5a:90:8d', '48:00:b3:5f:72:ed', '48:00:b3:5e:0b:ef'], 'ssids': ['VU-Campusnet', 'VU-Campusnet', 'iotroam', 'iotroam', 'eduroam', 'VU-Campusnet', 'VU-Campusnet', 'iotroam'], 'signals': [-78, -70, -54, -58, -61, -72, -66, -79], 'timestamps': [1.7832656222671276e+18, 1.7832656222641275e+18, 1.7832656224101276e+18, 1.7832656224101276e+18, 1.7832656238471706e+18, 1.7832656238341706e+18, 1.7832656241431706e+18, 1.7832656251551706e+18], 'frequencies': [2412, 2412, 2437, 2437, 5500, 5320, 5540, 5660]}
14 52 1783265625342437149
{'names': ['NU-AP07183', 'NU-AP06167', 'NU-AP06164', 'NU-AP06163', 'NU-AP06163', 'NU-AP06162', 'NU-AP06164', 'NU-AP06167'], 'addresses': ['48:00:b3:5f:70:22', '48:00:b3:5e:0b:e2', '48:00:b3:5f:72:e0', '48:00:b3:5f:46:a0', '48:00:b3:5f:46:ae', '48:00:b3:5a:90:8d', '48:00:b3:5f:72:ed', '48:00:b3:5e:0b:ef'], 'ssids': ['VU-Campusnet', 'VU-Campusnet', 'iotroam', 'iotroam', 'eduroam', 'VU-Campusnet', 'VU-Campusnet', 'iotroam'], 'signals': [-78, -70, -54, -58, -61, -72, -66, -79], 'timestamps': [1.7832656222671276e+18, 1.7832656222641275e+18, 1.7832656224101276e+18, 1.7832656224101276e+18, 1.783265623847437e+18, 1.783265623834437e+18, 1.783265624143437e+18, 1.783265625155437e+18], 'frequencies': [2412, 2412, 2437, 2437, 5500, 5320, 5540, 5660]}
15 52 1783265626472346494
{'names': ['NU-AP07183', 'NU-AP06167', 'NU-AP06164', 'NU-AP06163', 'NU-AP06163', 'NU-AP06162', 'NU-AP06164', 'NU-AP06167'], 'addresses': ['48:00:b3:5f:70:22', '48:00:b3:5e:0b:e2', '48:00:b3:5f:72:e0', '48:00:b3:5f:46:a0', '48:00:b3:5f:46:ae', '48:00:b3:5a:90:8d', '48:00:b3:5f:72:ed', '48:00:b3:5e:0b:ef'], 'ssids': ['VU-Campusnet', 'VU-Campusnet', 'iotroam', 'iotroam', 'eduroam', 'VU-Campusnet', 'VU-Campusnet', 'iotroam'], 'signals': [-78, -70, -54, -58, -61, -72, -66, -79], 'timestamps': [1.7832656222671276e+18, 1.7832656264673464e+18, 1.7832656224101276e+18, 1.7832656224101276e+18, 1.783265623847437e+18, 1.783265623834437e+18, 1.783265624143437e+18, 1.783265625155437e+18], 'frequencies': [2412, 2412, 2437, 2437, 5500, 5320, 5540, 5660]}
16 52 1783265626608784633
{'names': ['NU-AP07183', 'NU-AP06167', 'NU-AP06164', 'NU-AP06163', 'NU-AP06163', 'NU-AP06162', 'NU-AP06164', 'NU-AP06167'], 'addresses': ['48:00:b3:5f:70:22', '48:00:b3:5e:0b:e2', '48:00:b3:5f:72:e0', '48:00:b3:5f:46:a0', '48:00:b3:5f:46:ae', '48:00:b3:5a:90:8d', '48:00:b3:5f:72:ed', '48:00:b3:5e:0b:ef'], 'ssids': ['VU-Campusnet', 'VU-Campusnet', 'iotroam', 'iotroam', 'eduroam', 'VU-Campusnet', 'VU-Campusnet', 'iotroam'], 'signals': [-78, -70, -54, -58, -61, -72, -66, -79], 'timestamps': [1.7832656222671276e+18, 1.7832656264677847e+18, 1.7832656224101276e+18, 1.7832656224101276e+18, 1.783265623847437e+18, 1.783265623834437e+18, 1.783265624143437e+18, 1.783265625155437e+18], 'frequencies': [2412, 2412, 2437, 2437, 5500, 5320, 5540, 5660]}
18 52 1783265626679134091
{'names': ['NU-AP07183', 'NU-AP06167', 'NU-AP06164', 'NU-AP06163', 'NU-AP06163', 'NU-AP06162', 'NU-AP06164', 'NU-AP06167'], 'addresses': ['48:00:b3:5f:70:22', '48:00:b3:5e:0b:e2', '48:00:b3:5f:72:e0', '48:00:b3:5f:46:a0', '48:00:b3:5f:46:ae', '48:00:b3:5a:90:8d', '48:00:b3:5f:72:ed', '48:00:b3:5e:0b:ef'], 'ssids': ['VU-Campusnet', 'VU-Campusnet', 'iotroam', 'iotroam', 'eduroam', 'VU-Campusnet', 'VU-Campusnet', 'iotroam'], 'signals': [-78, -70, -54, -59, -61, -72, -66, -79], 'timestamps': [1.7832656222671276e+18, 1.7832656264677847e+18, 1.7832656266141343e+18, 1.7832656266131343e+18, 1.783265623847437e+18, 1.783265623834437e+18, 1.783265624143437e+18, 1.783265625155437e+18], 'frequencies': [2412, 2412, 2437, 2437, 5500, 5320, 5540, 5660]}
20 52 1783265626748556739
{'names': ['NU-AP07183', 'NU-AP06167', 'NU-AP06164', 'NU-AP06163', 'NU-AP06163', 'NU-AP06162', 'NU-AP06164', 'NU-AP06167'], 'addresses': ['48:00:b3:5f:70:22', '48:00:b3:5e:0b:e2', '48:00:b3:5f:72:e0', '48:00:b3:5f:46:a0', '48:00:b3:5f:46:ae', '48:00:b3:5a:90:8d', '48:00:b3:5f:72:ed', '48:00:b3:5e:0b:ef'], 'ssids': ['VU-Campusnet', 'VU-Campusnet', 'iotroam', 'iotroam', 'eduroam', 'VU-Campusnet', 'VU-Campusnet', 'iotroam'], 'signals': [-78, -70, -54, -59, -61, -72, -66, -79], 'timestamps': [1.7832656222671276e+18, 1.7832656264677847e+18, 1.7832656266145567e+18, 1.7832656266135567e+18, 1.783265623847437e+18, 1.783265623834437e+18, 1.783265624143437e+18, 1.783265625155437e+18], 'frequencies': [2412, 2412, 2437, 2437, 5500, 5320, 5540, 5660]}
23 52 1783265626822118100
{'names': ['NU-AP07183', 'NU-AP06167', 'NU-AP06164', 'NU-AP06163', 'NU-AP06163', 'NU-AP06162', 'NU-AP06164', 'NU-AP06167'], 'addresses': ['48:00:b3:5f:70:22', '48:00:b3:5e:0b:e2', '48:00:b3:5f:72:e0', '48:00:b3:5f:46:a0', '48:00:b3:5f:46:ae', '48:00:b3:5a:90:8d', '48:00:b3:5f:72:ed', '48:00:b3:5e:0b:ef'], 'ssids': ['VU-Campusnet', 'VU-Campusnet', 'iotroam', 'iotroam', 'eduroam', 'VU-Campusnet', 'VU-Campusnet', 'iotroam'], 'signals': [-78, -70, -54, -59, -61, -72, -66, -79], 'timestamps': [1.7832656222671276e+18, 1.783265626468118e+18, 1.783265626615118e+18, 1.7832656266141181e+18, 1.783265623847437e+18, 1.783265623834437e+18, 1.783265624143437e+18, 1.783265625155437e+18], 'frequencies': [2412, 2412, 2437, 2437, 5500, 5320, 5540, 5660]}
26 56 1783265627764107294
{'names': ['NU-AP07183', 'NU-AP06167', 'NU-AP06164', 'NU-AP06163', 'NU-AP06163', 'NU-AP06162', 'NU-AP06164', 'NU-AP06167'], 'addresses': ['48:00:b3:5f:70:22', '48:00:b3:5e:0b:e2', '48:00:b3:5f:72:e0', '48:00:b3:5f:46:a0', '48:00:b3:5f:46:ae', '48:00:b3:5a:90:8d', '48:00:b3:5f:72:ed', '48:00:b3:5e:0b:ef'], 'ssids': ['VU-Campusnet', 'VU-Campusnet', 'iotroam', 'iotroam', 'eduroam', 'VU-Campusnet', 'VU-Campusnet', 'iotroam'], 'signals': [-78, -70, -54, -59, -61, -72, -66, -79], 'timestamps': [1.7832656222671276e+18, 1.7832656264691072e+18, 1.7832656266161073e+18, 1.7832656266151073e+18, 1.7832656238481073e+18, 1.7832656238351073e+18, 1.7832656241441073e+18, 1.7832656251561073e+18], 'frequencies': [2412, 2412, 2437, 2437, 5500, 5320, 5540, 5660]}
26 58 1783265628168709439
{'names': ['NU-AP07183', 'NU-AP06167', 'NU-AP06164', 'NU-AP06163', 'NU-AP06163', 'NU-AP06162', 'NU-AP06164', 'NU-AP06167'], 'addresses': ['48:00:b3:5f:70:22', '48:00:b3:5e:0b:e2', '48:00:b3:5f:72:e0', '48:00:b3:5f:46:a0', '48:00:b3:5f:46:ae', '48:00:b3:5a:90:8d', '48:00:b3:5f:72:ed', '48:00:b3:5e:0b:ef'], 'ssids': ['VU-Campusnet', 'VU-Campusnet', 'iotroam', 'iotroam', 'eduroam', 'VU-Campusnet', 'VU-Campusnet', 'iotroam'], 'signals': [-78, -70, -54, -59, -62, -72, -66, -79], 'timestamps': [1.7832656222671276e+18, 1.7832656264691072e+18, 1.7832656266161073e+18, 1.7832656266151073e+18, 1.7832656281467095e+18, 1.7832656281027092e+18, 1.7832656241441073e+18, 1.7832656251561073e+18], 'frequencies': [2412, 2412, 2437, 2437, 5500, 5320, 5540, 5660]}
26 60 1783265628237805513
{'names': ['NU-AP07183', 'NU-AP06167', 'NU-AP06164', 'NU-AP06163', 'NU-AP06163', 'NU-AP06162', 'NU-AP06164', 'NU-AP06167'], 'addresses': ['48:00:b3:5f:70:22', '48:00:b3:5e:0b:e2', '48:00:b3:5f:72:e0', '48:00:b3:5f:46:a0', '48:00:b3:5f:46:ae', '48:00:b3:5a:90:8d', '48:00:b3:5f:72:ed', '48:00:b3:5e:0b:ef'], 'ssids': ['VU-Campusnet', 'VU-Campusnet', 'iotroam', 'iotroam', 'eduroam', 'VU-Campusnet', 'VU-Campusnet', 'iotroam'], 'signals': [-78, -70, -54, -59, -62, -72, -66, -79], 'timestamps': [1.7832656222671276e+18, 1.7832656264691072e+18, 1.7832656266161073e+18, 1.7832656266151073e+18, 1.7832656281468055e+18, 1.7832656281028055e+18, 1.7832656241441073e+18, 1.7832656251561073e+18], 'frequencies': [2412, 2412, 2437, 2437, 5500, 5320, 5540, 5660]}
26 61 1783265628441685119
{'names': ['NU-AP06167', 'NU-AP06164', 'NU-AP06163', 'NU-AP06163', 'NU-AP06162', 'NU-AP06164', 'NU-AP06167'], 'addresses': ['48:00:b3:5e:0b:e2', '48:00:b3:5f:72:e0', '48:00:b3:5f:46:a0', '48:00:b3:5f:46:ae', '48:00:b3:5a:90:8d', '48:00:b3:5f:72:ef', '48:00:b3:5e:0b:ef'], 'ssids': ['VU-Campusnet', 'iotroam', 'iotroam', 'eduroam', 'VU-Campusnet', 'iotroam', 'iotroam'], 'signals': [-70, -54, -59, -62, -72, -65, -79], 'timestamps': [1.7832656264691072e+18, 1.7832656266161073e+18, 1.7832656266151073e+18, 1.7832656281468055e+18, 1.7832656281028055e+18, 1.783265628410685e+18, 1.7832656251561073e+18], 'frequencies': [2412, 2437, 2437, 5500, 5320, 5540, 5660]}
27 64 1783265628515944542
{'names': ['NU-AP06167', 'NU-AP06164', 'NU-AP06163', 'NU-AP06163', 'NU-AP06162', 'NU-AP06164', 'NU-AP06167'], 'addresses': ['48:00:b3:5e:0b:e2', '48:00:b3:5f:72:e0', '48:00:b3:5f:46:a0', '48:00:b3:5f:46:ae', '48:00:b3:5a:90:8d', '48:00:b3:5f:72:ef', '48:00:b3:5e:0b:ef'], 'ssids': ['VU-Campusnet', 'iotroam', 'iotroam', 'eduroam', 'VU-Campusnet', 'iotroam', 'iotroam'], 'signals': [-70, -54, -59, -62, -72, -65, -79], 'timestamps': [1.7832656264691072e+18, 1.7832656266161073e+18, 1.7832656266151073e+18, 1.7832656281479444e+18, 1.7832656281039444e+18, 1.7832656284119444e+18, 1.7832656251561073e+18], 'frequencies': [2412, 2437, 2437, 5500, 5320, 5540, 5660]}
28 64 1783265628589346201
{'names': ['NU-AP06167', 'NU-AP06164', 'NU-AP06163', 'NU-AP06163', 'NU-AP06162', 'NU-AP06164', 'NU-AP06167'], 'addresses': ['48:00:b3:5e:0b:e2', '48:00:b3:5f:72:e0', '48:00:b3:5f:46:a0', '48:00:b3:5f:46:ae', '48:00:b3:5a:90:8d', '48:00:b3:5f:72:ef', '48:00:b3:5e:0b:ef'], 'ssids': ['VU-Campusnet', 'iotroam', 'iotroam', 'eduroam', 'VU-Campusnet', 'iotroam', 'iotroam'], 'signals': [-70, -54, -59, -62, -72, -65, -79], 'timestamps': [1.7832656264691072e+18, 1.7832656266161073e+18, 1.7832656266151073e+18, 1.7832656281479444e+18, 1.7832656281039444e+18, 1.7832656284119444e+18, 1.7832656251561073e+18], 'frequencies': [2412, 2437, 2437, 5500, 5320, 5540, 5660]}
29 64 1783265628661553094
{'names': ['NU-AP06167', 'NU-AP06164', 'NU-AP06163', 'NU-AP06163', 'NU-AP06162', 'NU-AP06164', 'NU-AP06167'], 'addresses': ['48:00:b3:5e:0b:e2', '48:00:b3:5f:72:e0', '48:00:b3:5f:46:a0', '48:00:b3:5f:46:ae', '48:00:b3:5a:90:8d', '48:00:b3:5f:72:ef', '48:00:b3:5e:0b:ef'], 'ssids': ['VU-Campusnet', 'iotroam', 'iotroam', 'eduroam', 'VU-Campusnet', 'iotroam', 'iotroam'], 'signals': [-70, -54, -59, -62, -72, -65, -79], 'timestamps': [1.7832656264691072e+18, 1.7832656266161073e+18, 1.7832656266151073e+18, 1.7832656281479444e+18, 1.7832656281039444e+18, 1.7832656284119444e+18, 1.7832656251561073e+18], 'frequencies': [2412, 2437, 2437, 5500, 5320, 5540, 5660]}
33 68 1783265628741800587
{'names': ['NU-AP06167', 'NU-AP06164', 'NU-AP06163', 'NU-AP06163', 'NU-AP06162', 'NU-AP06164', 'NU-AP06167'], 'addresses': ['48:00:b3:5e:0b:e2', '48:00:b3:5f:72:e0', '48:00:b3:5f:46:a0', '48:00:b3:5f:46:ae', '48:00:b3:5a:90:8d', '48:00:b3:5f:72:ef', '48:00:b3:5e:0b:ef'], 'ssids': ['VU-Campusnet', 'iotroam', 'iotroam', 'eduroam', 'VU-Campusnet', 'iotroam', 'iotroam'], 'signals': [-70, -54, -59, -62, -72, -65, -79], 'timestamps': [1.7832656264698007e+18, 1.7832656266168008e+18, 1.7832656266158008e+18, 1.7832656281488008e+18, 1.7832656281048008e+18, 1.7832656284128008e+18, 1.7832656251568008e+18], 'frequencies': [2412, 2437, 2437, 5500, 5320, 5540, 5660]}
34 68 1783265628844529418
{'names': ['NU-AP06167', 'NU-AP06164', 'NU-AP06163', 'NU-AP06163', 'NU-AP06162', 'NU-AP06164', 'NU-AP06167'], 'addresses': ['48:00:b3:5e:0b:e2', '48:00:b3:5f:72:e0', '48:00:b3:5f:46:a0', '48:00:b3:5f:46:ae', '48:00:b3:5a:90:8d', '48:00:b3:5f:72:ef', '48:00:b3:5e:0b:ef'], 'ssids': ['VU-Campusnet', 'iotroam', 'iotroam', 'eduroam', 'VU-Campusnet', 'iotroam', 'iotroam'], 'signals': [-70, -54, -59, -62, -72, -65, -79], 'timestamps': [1.7832656264698007e+18, 1.7832656266168008e+18, 1.7832656266158008e+18, 1.7832656281488008e+18, 1.7832656281048008e+18, 1.7832656284128008e+18, 1.7832656251568008e+18], 'frequencies': [2412, 2437, 2437, 5500, 5320, 5540, 5660]}
35 68 1783265628914909008
{'names': ['NU-AP06167', 'NU-AP06164', 'NU-AP06163', 'NU-AP06163', 'NU-AP06162', 'NU-AP06164', 'NU-AP06167'], 'addresses': ['48:00:b3:5e:0b:e2', '48:00:b3:5f:72:e0', '48:00:b3:5f:46:a0', '48:00:b3:5f:46:ae', '48:00:b3:5a:90:8d', '48:00:b3:5f:72:ef', '48:00:b3:5e:0b:ef'], 'ssids': ['VU-Campusnet', 'iotroam', 'iotroam', 'eduroam', 'VU-Campusnet', 'iotroam', 'iotroam'], 'signals': [-70, -54, -59, -62, -72, -65, -79], 'timestamps': [1.7832656264698007e+18, 1.7832656266168008e+18, 1.7832656266158008e+18, 1.7832656281488008e+18, 1.7832656281048008e+18, 1.7832656284128008e+18, 1.7832656251568008e+18], 'frequencies': [2412, 2437, 2437, 5500, 5320, 5540, 5660]}
36 68 1783265628986885600
{'names': ['NU-AP06167', 'NU-AP06164', 'NU-AP06163', 'NU-AP06163', 'NU-AP06162', 'NU-AP06164', 'NU-AP06167'], 'addresses': ['48:00:b3:5e:0b:e2', '48:00:b3:5f:72:e0', '48:00:b3:5f:46:a0', '48:00:b3:5f:46:ae', '48:00:b3:5a:90:8d', '48:00:b3:5f:72:ef', '48:00:b3:5e:0b:ef'], 'ssids': ['VU-Campusnet', 'iotroam', 'iotroam', 'eduroam', 'VU-Campusnet', 'iotroam', 'iotroam'], 'signals': [-70, -54, -59, -62, -72, -65, -79], 'timestamps': [1.7832656264698007e+18, 1.7832656266168008e+18, 1.7832656266158008e+18, 1.7832656281488008e+18, 1.7832656281048008e+18, 1.7832656284128008e+18, 1.7832656251568008e+18], 'frequencies': [2412, 2437, 2437, 5500, 5320, 5540, 5660]}
37 68 1783265629060887590
{'names': ['NU-AP06167', 'NU-AP06164', 'NU-AP06163', 'NU-AP06163', 'NU-AP06162', 'NU-AP06164', 'NU-AP06167'], 'addresses': ['48:00:b3:5e:0b:e2', '48:00:b3:5f:72:e0', '48:00:b3:5f:46:a0', '48:00:b3:5f:46:ae', '48:00:b3:5a:90:8d', '48:00:b3:5f:72:ef', '48:00:b3:5e:0b:ef'], 'ssids': ['VU-Campusnet', 'iotroam', 'iotroam', 'eduroam', 'VU-Campusnet', 'iotroam', 'iotroam'], 'signals': [-70, -54, -59, -62, -72, -65, -79], 'timestamps': [1.7832656264698007e+18, 1.7832656266168008e+18, 1.7832656266158008e+18, 1.7832656281488008e+18, 1.7832656281048008e+18, 1.7832656284128008e+18, 1.7832656251568008e+18], 'frequencies': [2412, 2437, 2437, 5500, 5320, 5540, 5660]}
38 68 1783265629133001397
{'names': ['NU-AP06167', 'NU-AP06164', 'NU-AP06163', 'NU-AP06163', 'NU-AP06162', 'NU-AP06164', 'NU-AP06167'], 'addresses': ['48:00:b3:5e:0b:e2', '48:00:b3:5f:72:e0', '48:00:b3:5f:46:a0', '48:00:b3:5f:46:ae', '48:00:b3:5a:90:8d', '48:00:b3:5f:72:ef', '48:00:b3:5e:0b:ef'], 'ssids': ['VU-Campusnet', 'iotroam', 'iotroam', 'eduroam', 'VU-Campusnet', 'iotroam', 'iotroam'], 'signals': [-70, -54, -59, -62, -72, -65, -79], 'timestamps': [1.7832656264698007e+18, 1.7832656266168008e+18, 1.7832656266158008e+18, 1.7832656281488008e+18, 1.7832656281048008e+18, 1.7832656284128008e+18, 1.7832656251568008e+18], 'frequencies': [2412, 2437, 2437, 5500, 5320, 5540, 5660]}
39 69 1783265629207062045
{'names': ['NU-AP06167', 'NU-AP06164', 'NU-AP06163', 'NU-AP06163', 'NU-AP06162', 'NU-AP06164', 'NU-AP06167'], 'addresses': ['48:00:b3:5e:0b:e2', '48:00:b3:5f:72:e0', '48:00:b3:5f:46:a0', '48:00:b3:5f:46:ae', '48:00:b3:5a:90:8d', '48:00:b3:5f:72:ef', '48:00:b3:5e:0b:ed'], 'ssids': ['VU-Campusnet', 'iotroam', 'iotroam', 'eduroam', 'VU-Campusnet', 'iotroam', 'VU-Campusnet'], 'signals': [-70, -54, -59, -62, -72, -65, -77], 'timestamps': [1.7832656264698007e+18, 1.7832656266168008e+18, 1.7832656266158008e+18, 1.7832656281488008e+18, 1.7832656281048008e+18, 1.7832656284128008e+18, 1.783265629199062e+18], 'frequencies': [2412, 2437, 2437, 5500, 5320, 5540, 5660]}
40 70 1783265629279932869
{'names': ['NU-AP06167', 'NU-AP06164', 'NU-AP06163', 'NU-AP06163', 'NU-AP06162', 'NU-AP06164', 'NU-AP06167'], 'addresses': ['48:00:b3:5e:0b:e2', '48:00:b3:5f:72:e0', '48:00:b3:5f:46:a0', '48:00:b3:5f:46:ae', '48:00:b3:5a:90:8d', '48:00:b3:5f:72:ef', '48:00:b3:5e:0b:ed'], 'ssids': ['VU-Campusnet', 'iotroam', 'iotroam', 'eduroam', 'VU-Campusnet', 'iotroam', 'VU-Campusnet'], 'signals': [-70, -54, -59, -62, -72, -65, -77], 'timestamps': [1.7832656264698007e+18, 1.7832656266168008e+18, 1.7832656266158008e+18, 1.7832656281488008e+18, 1.7832656281048008e+18, 1.7832656284128008e+18, 1.783265629199933e+18], 'frequencies': [2412, 2437, 2437, 5500, 5320, 5540, 5660]}
41 70 1783265629354051472
{'names': ['NU-AP06167', 'NU-AP06164', 'NU-AP06163', 'NU-AP06163', 'NU-AP06162', 'NU-AP06164', 'NU-AP06167'], 'addresses': ['48:00:b3:5e:0b:e2', '48:00:b3:5f:72:e0', '48:00:b3:5f:46:a0', '48:00:b3:5f:46:ae', '48:00:b3:5a:90:8d', '48:00:b3:5f:72:ef', '48:00:b3:5e:0b:ed'], 'ssids': ['VU-Campusnet', 'iotroam', 'iotroam', 'eduroam', 'VU-Campusnet', 'iotroam', 'VU-Campusnet'], 'signals': [-70, -54, -59, -62, -72, -65, -77], 'timestamps': [1.7832656264698007e+18, 1.7832656266168008e+18, 1.7832656266158008e+18, 1.7832656281488008e+18, 1.7832656281048008e+18, 1.7832656284128008e+18, 1.783265629199933e+18], 'frequencies': [2412, 2437, 2437, 5500, 5320, 5540, 5660]}
42 70 1783265629426253054
{'names': ['NU-AP06167', 'NU-AP06164', 'NU-AP06163', 'NU-AP06163', 'NU-AP06162', 'NU-AP06164', 'NU-AP06167'], 'addresses': ['48:00:b3:5e:0b:e2', '48:00:b3:5f:72:e0', '48:00:b3:5f:46:a0', '48:00:b3:5f:46:ae', '48:00:b3:5a:90:8d', '48:00:b3:5f:72:ef', '48:00:b3:5e:0b:ed'], 'ssids': ['VU-Campusnet', 'iotroam', 'iotroam', 'eduroam', 'VU-Campusnet', 'iotroam', 'VU-Campusnet'], 'signals': [-70, -54, -59, -62, -72, -65, -77], 'timestamps': [1.7832656264698007e+18, 1.7832656266168008e+18, 1.7832656266158008e+18, 1.7832656281488008e+18, 1.7832656281048008e+18, 1.7832656284128008e+18, 1.783265629199933e+18], 'frequencies': [2412, 2437, 2437, 5500, 5320, 5540, 5660]}
43 70 1783265629496739481
{'names': ['NU-AP06167', 'NU-AP06164', 'NU-AP06163', 'NU-AP06163', 'NU-AP06162', 'NU-AP06164', 'NU-AP06167'], 'addresses': ['48:00:b3:5e:0b:e2', '48:00:b3:5f:72:e0', '48:00:b3:5f:46:a0', '48:00:b3:5f:46:ae', '48:00:b3:5a:90:8d', '48:00:b3:5f:72:ef', '48:00:b3:5e:0b:ed'], 'ssids': ['VU-Campusnet', 'iotroam', 'iotroam', 'eduroam', 'VU-Campusnet', 'iotroam', 'VU-Campusnet'], 'signals': [-70, -54, -59, -62, -72, -65, -77], 'timestamps': [1.7832656264698007e+18, 1.7832656266168008e+18, 1.7832656266158008e+18, 1.7832656281488008e+18, 1.7832656281048008e+18, 1.7832656284128008e+18, 1.783265629199933e+18], 'frequencies': [2412, 2437, 2437, 5500, 5320, 5540, 5660]}
44 70 1783265629573322096
{'names': ['NU-AP06167', 'NU-AP06164', 'NU-AP06163', 'NU-AP06163', 'NU-AP06162', 'NU-AP06164', 'NU-AP06167'], 'addresses': ['48:00:b3:5e:0b:e2', '48:00:b3:5f:72:e0', '48:00:b3:5f:46:a0', '48:00:b3:5f:46:ae', '48:00:b3:5a:90:8d', '48:00:b3:5f:72:ef', '48:00:b3:5e:0b:ed'], 'ssids': ['VU-Campusnet', 'iotroam', 'iotroam', 'eduroam', 'VU-Campusnet', 'iotroam', 'VU-Campusnet'], 'signals': [-70, -54, -59, -62, -72, -65, -77], 'timestamps': [1.7832656264698007e+18, 1.7832656266168008e+18, 1.7832656266158008e+18, 1.7832656281488008e+18, 1.7832656281048008e+18, 1.7832656284128008e+18, 1.783265629199933e+18], 'frequencies': [2412, 2437, 2437, 5500, 5320, 5540, 5660]}
45 70 1783265629643623470
{'names': ['NU-AP06167', 'NU-AP06164', 'NU-AP06163', 'NU-AP06163', 'NU-AP06162', 'NU-AP06164', 'NU-AP06167'], 'addresses': ['48:00:b3:5e:0b:e2', '48:00:b3:5f:72:e0', '48:00:b3:5f:46:a0', '48:00:b3:5f:46:ae', '48:00:b3:5a:90:8d', '48:00:b3:5f:72:ef', '48:00:b3:5e:0b:ed'], 'ssids': ['VU-Campusnet', 'iotroam', 'iotroam', 'eduroam', 'VU-Campusnet', 'iotroam', 'VU-Campusnet'], 'signals': [-70, -54, -59, -62, -72, -65, -77], 'timestamps': [1.7832656264698007e+18, 1.7832656266168008e+18, 1.7832656266158008e+18, 1.7832656281488008e+18, 1.7832656281048008e+18, 1.7832656284128008e+18, 1.783265629199933e+18], 'frequencies': [2412, 2437, 2437, 5500, 5320, 5540, 5660]}
46 70 1783265629714725885
{'names': ['NU-AP06167', 'NU-AP06164', 'NU-AP06163', 'NU-AP06163', 'NU-AP06162', 'NU-AP06164', 'NU-AP06167'], 'addresses': ['48:00:b3:5e:0b:e2', '48:00:b3:5f:72:e0', '48:00:b3:5f:46:a0', '48:00:b3:5f:46:ae', '48:00:b3:5a:90:8d', '48:00:b3:5f:72:ef', '48:00:b3:5e:0b:ed'], 'ssids': ['VU-Campusnet', 'iotroam', 'iotroam', 'eduroam', 'VU-Campusnet', 'iotroam', 'VU-Campusnet'], 'signals': [-70, -54, -59, -62, -72, -65, -77], 'timestamps': [1.7832656264698007e+18, 1.7832656266168008e+18, 1.7832656266158008e+18, 1.7832656281488008e+18, 1.7832656281048008e+18, 1.7832656284128008e+18, 1.783265629199933e+18], 'frequencies': [2412, 2437, 2437, 5500, 5320, 5540, 5660]}
47 70 1783265629789505767
{'names': ['NU-AP06167', 'NU-AP06164', 'NU-AP06163', 'NU-AP06163', 'NU-AP06162', 'NU-AP06164', 'NU-AP06167'], 'addresses': ['48:00:b3:5e:0b:e2', '48:00:b3:5f:72:e0', '48:00:b3:5f:46:a0', '48:00:b3:5f:46:ae', '48:00:b3:5a:90:8d', '48:00:b3:5f:72:ef', '48:00:b3:5e:0b:ed'], 'ssids': ['VU-Campusnet', 'iotroam', 'iotroam', 'eduroam', 'VU-Campusnet', 'iotroam', 'VU-Campusnet'], 'signals': [-70, -54, -59, -62, -72, -65, -77], 'timestamps': [1.7832656264698007e+18, 1.7832656266168008e+18, 1.7832656266158008e+18, 1.7832656281488008e+18, 1.7832656281048008e+18, 1.7832656284128008e+18, 1.783265629199933e+18], 'frequencies': [2412, 2437, 2437, 5500, 5320, 5540, 5660]}
48 71 1783265629863092361
{'names': ['NU-AP06167', 'NU-AP06164', 'NU-AP06163', 'NU-AP06163', 'NU-AP06162', 'NU-AP06164', 'NU-AP06167'], 'addresses': ['48:00:b3:5e:0b:e2', '48:00:b3:5f:72:e0', '48:00:b3:5f:46:a0', '48:00:b3:5f:46:ae', '48:00:b3:5a:90:8d', '48:00:b3:5f:72:ef', '48:00:b3:5e:0b:ed'], 'ssids': ['VU-Campusnet', 'iotroam', 'iotroam', 'eduroam', 'VU-Campusnet', 'iotroam', 'VU-Campusnet'], 'signals': [-70, -54, -59, -62, -72, -65, -77], 'timestamps': [1.7832656264698007e+18, 1.7832656266168008e+18, 1.7832656266158008e+18, 1.7832656281488008e+18, 1.7832656281048008e+18, 1.7832656284128008e+18, 1.7832656292000924e+18], 'frequencies': [2412, 2437, 2437, 5500, 5320, 5540, 5660]}
49 72 1783265629936244690
{'names': ['NU-AP06167', 'NU-AP06164', 'NU-AP06163', 'NU-AP06163', 'NU-AP06162', 'NU-AP06164', 'NU-AP06167'], 'addresses': ['48:00:b3:5e:0b:e2', '48:00:b3:5f:72:e0', '48:00:b3:5f:46:a0', '48:00:b3:5f:46:ae', '48:00:b3:5a:90:8d', '48:00:b3:5f:72:ef', '48:00:b3:5e:0b:ed'], 'ssids': ['VU-Campusnet', 'iotroam', 'iotroam', 'eduroam', 'VU-Campusnet', 'iotroam', 'VU-Campusnet'], 'signals': [-70, -54, -59, -62, -72, -65, -77], 'timestamps': [1.7832656264698007e+18, 1.7832656266168008e+18, 1.7832656266158008e+18, 1.7832656281488008e+18, 1.7832656281048008e+18, 1.7832656284128008e+18, 1.7832656292002447e+18], 'frequencies': [2412, 2437, 2437, 5500, 5320, 5540, 5660]}
50 72 1783265630006694306
{'names': ['NU-AP06167', 'NU-AP06164', 'NU-AP06163', 'NU-AP06163', 'NU-AP06162', 'NU-AP06164', 'NU-AP06167'], 'addresses': ['48:00:b3:5e:0b:e2', '48:00:b3:5f:72:e0', '48:00:b3:5f:46:a0', '48:00:b3:5f:46:ae', '48:00:b3:5a:90:8d', '48:00:b3:5f:72:ef', '48:00:b3:5e:0b:ed'], 'ssids': ['VU-Campusnet', 'iotroam', 'iotroam', 'eduroam', 'VU-Campusnet', 'iotroam', 'VU-Campusnet'], 'signals': [-70, -54, -59, -62, -72, -65, -77], 'timestamps': [1.7832656264698007e+18, 1.7832656266168008e+18, 1.7832656266158008e+18, 1.7832656281488008e+18, 1.7832656281048008e+18, 1.7832656284128008e+18, 1.7832656292002447e+18], 'frequencies': [2412, 2437, 2437, 5500, 5320, 5540, 5660]}
51 72 1783265630077785552
{'names': ['NU-AP06167', 'NU-AP06164', 'NU-AP06163', 'NU-AP06163', 'NU-AP06162', 'NU-AP06164', 'NU-AP06167'], 'addresses': ['48:00:b3:5e:0b:e2', '48:00:b3:5f:72:e0', '48:00:b3:5f:46:a0', '48:00:b3:5f:46:ae', '48:00:b3:5a:90:8d', '48:00:b3:5f:72:ef', '48:00:b3:5e:0b:ed'], 'ssids': ['VU-Campusnet', 'iotroam', 'iotroam', 'eduroam', 'VU-Campusnet', 'iotroam', 'VU-Campusnet'], 'signals': [-70, -54, -59, -62, -72, -65, -77], 'timestamps': [1.7832656264698007e+18, 1.7832656266168008e+18, 1.7832656266158008e+18, 1.7832656281488008e+18, 1.7832656281048008e+18, 1.7832656284128008e+18, 1.7832656292002447e+18], 'frequencies': [2412, 2437, 2437, 5500, 5320, 5540, 5660]}
52 72 1783265630149839951
{'names': ['NU-AP06167', 'NU-AP06164', 'NU-AP06163', 'NU-AP06163', 'NU-AP06162', 'NU-AP06164', 'NU-AP06167'], 'addresses': ['48:00:b3:5e:0b:e2', '48:00:b3:5f:72:e0', '48:00:b3:5f:46:a0', '48:00:b3:5f:46:ae', '48:00:b3:5a:90:8d', '48:00:b3:5f:72:ef', '48:00:b3:5e:0b:ed'], 'ssids': ['VU-Campusnet', 'iotroam', 'iotroam', 'eduroam', 'VU-Campusnet', 'iotroam', 'VU-Campusnet'], 'signals': [-70, -54, -59, -62, -72, -65, -77], 'timestamps': [1.7832656264698007e+18, 1.7832656266168008e+18, 1.7832656266158008e+18, 1.7832656281488008e+18, 1.7832656281048008e+18, 1.7832656284128008e+18, 1.7832656292002447e+18], 'frequencies': [2412, 2437, 2437, 5500, 5320, 5540, 5660]}
53 72 1783265630221942793
{'names': ['NU-AP06167', 'NU-AP06164', 'NU-AP06163', 'NU-AP06163', 'NU-AP06162', 'NU-AP06164', 'NU-AP06167'], 'addresses': ['48:00:b3:5e:0b:e2', '48:00:b3:5f:72:e0', '48:00:b3:5f:46:a0', '48:00:b3:5f:46:ae', '48:00:b3:5a:90:8d', '48:00:b3:5f:72:ef', '48:00:b3:5e:0b:ed'], 'ssids': ['VU-Campusnet', 'iotroam', 'iotroam', 'eduroam', 'VU-Campusnet', 'iotroam', 'VU-Campusnet'], 'signals': [-70, -54, -59, -62, -72, -65, -77], 'timestamps': [1.7832656264698007e+18, 1.7832656266168008e+18, 1.7832656266158008e+18, 1.7832656281488008e+18, 1.7832656281048008e+18, 1.7832656284128008e+18, 1.7832656292002447e+18], 'frequencies': [2412, 2437, 2437, 5500, 5320, 5540, 5660]}
54 73 1783265630302232338
{'names': ['NU-AP06167', 'NU-AP06164', 'NU-AP06163', 'NU-AP06163', 'NU-AP06162', 'NU-AP06164', 'NU-AP06167'], 'addresses': ['48:00:b3:5e:0b:e2', '48:00:b3:5f:72:e0', '48:00:b3:5f:46:a0', '48:00:b3:5f:46:ae', '48:00:b3:5a:90:8d', '48:00:b3:5f:72:ef', '48:00:b3:5e:0b:ed'], 'ssids': ['VU-Campusnet', 'iotroam', 'iotroam', 'eduroam', 'VU-Campusnet', 'iotroam', 'VU-Campusnet'], 'signals': [-70, -54, -59, -62, -72, -65, -77], 'timestamps': [1.7832656264698007e+18, 1.7832656266168008e+18, 1.7832656266158008e+18, 1.7832656281488008e+18, 1.7832656281048008e+18, 1.7832656284128008e+18, 1.7832656292012324e+18], 'frequencies': [2412, 2437, 2437, 5500, 5320, 5540, 5660]}
56 73 1783265630492356372
{'names': ['NU-AP06167', 'NU-AP06164', 'NU-AP06163', 'NU-AP06163', 'NU-AP06162', 'NU-AP06164', 'NU-AP06167', 'NU-AP05132'], 'addresses': ['48:00:b3:5e:0b:e2', '48:00:b3:5f:72:e0', '48:00:b3:5f:46:a0', '48:00:b3:5f:46:ae', '48:00:b3:5a:90:8d', '48:00:b3:5f:72:ef', '48:00:b3:5e:0b:ed', '48:00:b3:5f:61:e0'], 'ssids': ['VU-Campusnet', 'iotroam', 'iotroam', 'eduroam', 'VU-Campusnet', 'iotroam', 'VU-Campusnet', 'iotroam'], 'signals': [-70, -54, -59, -62, -72, -65, -77, -77], 'timestamps': [1.7832656304883564e+18, 1.7832656266168008e+18, 1.7832656266158008e+18, 1.7832656281488008e+18, 1.7832656281048008e+18, 1.7832656284128008e+18, 1.7832656292012324e+18, 1.7832656304883564e+18], 'frequencies': [2412, 2437, 2437, 5500, 5320, 5540, 5660, 2412]}
