1 1 1783263485933191098
{'names': ['NU-AP06163'], 'addresses': ['48:00:b3:5f:46:a0'], 'ssids': ['iotroam'], 'signals': [-53], 'timestamps': [1.7832634859241912e+18], 'frequencies': [2412]}
2 2 1783263485992976634
{'names': ['NU-AP06163'], 'addresses': ['48:00:b3:5f:46:a0'], 'ssids': ['iotroam'], 'signals': [-53], 'timestamps': [1.7832634859269765e+18], 'frequencies': [2412]}
3 3 1783263486079484984
{'names': ['NU-AP06163', 'NU-AP06164'], 'addresses': ['48:00:b3:5f:46:a0', '48:00:b3:5f:72:e0'], 'ssids': ['iotroam', 'iotroam'], 'signals': [-53, -60], 'timestamps': [1.7832634859269765e+18, 1.7832634860734848e+18], 'frequencies': [2412, 2437]}
3 4 1783263486135273631
{'names': ['NU-AP06163', 'NU-AP06164'], 'addresses': ['48:00:b3:5f:46:a0', '48:00:b3:5f:72:e0'], 'ssids': ['iotroam', 'iotroam'], 'signals': [-53, -60], 'timestamps': [1.7832634859269765e+18, 1.7832634860734848e+18], 'frequencies': [2412, 2437]}
3 5 1783263486181276858
{'names': ['NU-AP06163', 'NU-AP06164'], 'addresses': ['48:00:b3:5f:46:a0', '48:00:b3:5f:72:e0'], 'ssids': ['iotroam', 'iotroam'], 'signals': [-53, -60], 'timestamps': [1.7832634859269765e+18, 1.7832634860734848e+18], 'frequencies': [2412, 2437]}
3 6 1783263486227653365
{'names': ['NU-AP06163', 'NU-AP06164'], 'addresses': ['48:00:b3:5f:46:a0', '48:00:b3:5f:72:e0'], 'ssids': ['iotroam', 'iotroam'], 'signals': [-53, -60], 'timestamps': [1.7832634859269765e+18, 1.7832634860734848e+18], 'frequencies': [2412, 2437]}
4 7 1783263486277519625
{'names': ['NU-AP06163', 'NU-AP06164'], 'addresses': ['48:00:b3:5f:46:a0', '48:00:b3:5f:72:e0'], 'ssids': ['iotroam', 'iotroam'], 'signals': [-53, -60], 'timestamps': [1.7832634859269765e+18, 1.7832634860735196e+18], 'frequencies': [2412, 2437]}
4 8 1783263486323924997
{'names': ['NU-AP06163', 'NU-AP06164'], 'addresses': ['48:00:b3:5f:46:a0', '48:00:b3:5f:72:e0'], 'ssids': ['iotroam', 'iotroam'], 'signals': [-53, -60], 'timestamps': [1.7832634859269765e+18, 1.7832634860735196e+18], 'frequencies': [2412, 2437]}
4 9 1783263486370805843
{'names': ['NU-AP06163', 'NU-AP06164'], 'addresses': ['48:00:b3:5f:46:a0', '48:00:b3:5f:72:e0'], 'ssids': ['iotroam', 'iotroam'], 'signals': [-53, -60], 'timestamps': [1.7832634859269765e+18, 1.7832634860735196e+18], 'frequencies': [2412, 2437]}
4 10 1783263486417116305
{'names': ['NU-AP06163', 'NU-AP06164'], 'addresses': ['48:00:b3:5f:46:a0', '48:00:b3:5f:72:e0'], 'ssids': ['iotroam', 'iotroam'], 'signals': [-53, -60], 'timestamps': [1.7832634859269765e+18, 1.7832634860735196e+18], 'frequencies': [2412, 2437]}
4 11 1783263486463310466
{'names': ['NU-AP06163', 'NU-AP06164'], 'addresses': ['48:00:b3:5f:46:a0', '48:00:b3:5f:72:e0'], 'ssids': ['iotroam', 'iotroam'], 'signals': [-53, -60], 'timestamps': [1.7832634859269765e+18, 1.7832634860735196e+18], 'frequencies': [2412, 2437]}
4 12 1783263486509914505
{'names': ['NU-AP06163', 'NU-AP06164'], 'addresses': ['48:00:b3:5f:46:a0', '48:00:b3:5f:72:e0'], 'ssids': ['iotroam', 'iotroam'], 'signals': [-53, -60], 'timestamps': [1.7832634859269765e+18, 1.7832634860735196e+18], 'frequencies': [2412, 2437]}
4 13 1783263486555889036
{'names': ['NU-AP06163', 'NU-AP06164'], 'addresses': ['48:00:b3:5f:46:a0', '48:00:b3:5f:72:e0'], 'ssids': ['iotroam', 'iotroam'], 'signals': [-53, -60], 'timestamps': [1.7832634859269765e+18, 1.7832634860735196e+18], 'frequencies': [2412, 2437]}
4 14 1783263486603193809
{'names': ['NU-AP06163', 'NU-AP06164'], 'addresses': ['48:00:b3:5f:46:a0', '48:00:b3:5f:72:e0'], 'ssids': ['iotroam', 'iotroam'], 'signals': [-53, -60], 'timestamps': [1.7832634859269765e+18, 1.7832634860735196e+18], 'frequencies': [2412, 2437]}
4 15 1783263486649703605
{'names': ['NU-AP06163', 'NU-AP06164'], 'addresses': ['48:00:b3:5f:46:a0', '48:00:b3:5f:72:e0'], 'ssids': ['iotroam', 'iotroam'], 'signals': [-53, -60], 'timestamps': [1.7832634859269765e+18, 1.7832634860735196e+18], 'frequencies': [2412, 2437]}
4 16 1783263486696873591
{'names': ['NU-AP06163', 'NU-AP06164', 'NU-AP06163'], 'addresses': ['48:00:b3:5f:46:a0', '48:00:b3:5f:72:e0', '48:00:b3:5f:46:ae'], 'ssids': ['iotroam', 'iotroam', 'eduroam'], 'signals': [-53, -60, -60], 'timestamps': [1.7832634859269765e+18, 1.7832634860735196e+18, 1.7832634866938734e+18], 'frequencies': [2412, 2437, 5500]}
4 17 1783263486831297369
{'names': ['NU-AP06163', 'NU-AP06164', 'NU-AP06163'], 'addresses': ['48:00:b3:5f:46:a0', '48:00:b3:5f:72:e0', '48:00:b3:5f:46:ae'], 'ssids': ['iotroam', 'iotroam', 'eduroam'], 'signals': [-53, -60, -60], 'timestamps': [1.7832634859269765e+18, 1.7832634860735196e+18, 1.7832634867972972e+18], 'frequencies': [2412, 2437, 5500]}
4 18 1783263487556726329
{'names': ['NU-AP06163', 'NU-AP06164', 'NU-AP06163', 'NU-AP06162'], 'addresses': ['48:00:b3:5f:46:a0', '48:00:b3:5f:72:e0', '48:00:b3:5f:46:ae', '48:00:b3:5a:90:8f'], 'ssids': ['iotroam', 'iotroam', 'eduroam', 'iotroam'], 'signals': [-53, -60, -60, -73], 'timestamps': [1.7832634859269765e+18, 1.7832634860735196e+18, 1.7832634867972972e+18, 1.7832634875567263e+18], 'frequencies': [2412, 2437, 5500, 5320]}
4 20 1783263487607943783
{'names': ['NU-AP06163', 'NU-AP06164', 'NU-AP06163', 'NU-AP06162'], 'addresses': ['48:00:b3:5f:46:a0', '48:00:b3:5f:72:e0', '48:00:b3:5f:46:ae', '48:00:b3:5a:90:8d'], 'ssids': ['iotroam', 'iotroam', 'eduroam', 'VU-Campusnet'], 'signals': [-53, -60, -60, -73], 'timestamps': [1.7832634859269765e+18, 1.7832634860735196e+18, 1.7832634875729436e+18, 1.7832634875599437e+18], 'frequencies': [2412, 2437, 5500, 5320]}
4 22 1783263487663041321
{'names': ['NU-AP06163', 'NU-AP06164', 'NU-AP06163', 'NU-AP06162'], 'addresses': ['48:00:b3:5f:46:a0', '48:00:b3:5f:72:e0', '48:00:b3:5f:46:ae', '48:00:b3:5a:90:8d'], 'ssids': ['iotroam', 'iotroam', 'eduroam', 'VU-Campusnet'], 'signals': [-53, -60, -60, -73], 'timestamps': [1.7832634859269765e+18, 1.7832634860735196e+18, 1.7832634875730412e+18, 1.7832634875600412e+18], 'frequencies': [2412, 2437, 5500, 5320]}
4 24 1783263487870183901
{'names': ['NU-AP06163', 'NU-AP06164', 'NU-AP06163', 'NU-AP06162'], 'addresses': ['48:00:b3:5f:46:a0', '48:00:b3:5f:72:e0', '48:00:b3:5f:46:ae', '48:00:b3:5a:90:8d'], 'ssids': ['iotroam', 'iotroam', 'eduroam', 'VU-Campusnet'], 'signals': [-53, -60, -60, -73], 'timestamps': [1.7832634859269765e+18, 1.7832634860735196e+18, 1.783263487573184e+18, 1.7832634875601838e+18], 'frequencies': [2412, 2437, 5500, 5320]}
5 27 1783263487924651407
{'names': ['NU-AP06163', 'NU-AP06164', 'NU-AP06163', 'NU-AP06162', 'NU-AP06164'], 'addresses': ['48:00:b3:5f:46:a0', '48:00:b3:5f:72:e0', '48:00:b3:5f:46:ae', '48:00:b3:5a:90:8d', '48:00:b3:5f:72:ef'], 'ssids': ['iotroam', 'iotroam', 'eduroam', 'VU-Campusnet', 'iotroam'], 'signals': [-53, -60, -60, -73, -70], 'timestamps': [1.7832634859269765e+18, 1.7832634860736515e+18, 1.7832634875736515e+18, 1.7832634875606515e+18, 1.7832634878736515e+18], 'frequencies': [2412, 2437, 5500, 5320, 5540]}
5 28 1783263488319180412
{'names': ['NU-AP06163', 'NU-AP06164', 'NU-AP06163', 'NU-AP06162', 'NU-AP06164', 'NU-AP07183'], 'addresses': ['48:00:b3:5f:46:a0', '48:00:b3:5f:72:e0', '48:00:b3:5f:46:ae', '48:00:b3:5a:90:8d', '48:00:b3:5f:72:ef', '48:00:b3:5f:70:2f'], 'ssids': ['iotroam', 'iotroam', 'eduroam', 'VU-Campusnet', 'iotroam', 'iotroam'], 'signals': [-53, -60, -60, -73, -70, -81], 'timestamps': [1.7832634859269765e+18, 1.7832634860736515e+18, 1.7832634875736515e+18, 1.7832634875606515e+18, 1.7832634878736515e+18, 1.7832634882701804e+18], 'frequencies': [2412, 2437, 5500, 5320, 5540, 5580]}
6 32 1783263488381929233
{'names': ['NU-AP06163', 'NU-AP06164', 'NU-AP06163', 'NU-AP06162', 'NU-AP06164', 'NU-AP07183'], 'addresses': ['48:00:b3:5f:46:a0', '48:00:b3:5f:72:e0', '48:00:b3:5f:46:ae', '48:00:b3:5a:90:8d', '48:00:b3:5f:72:ef', '48:00:b3:5f:70:2f'], 'ssids': ['iotroam', 'iotroam', 'eduroam', 'VU-Campusnet', 'iotroam', 'iotroam'], 'signals': [-53, -60, -60, -73, -70, -81], 'timestamps': [1.7832634859269765e+18, 1.7832634860739292e+18, 1.7832634875739292e+18, 1.7832634875609293e+18, 1.7832634878739292e+18, 1.7832634882709292e+18], 'frequencies': [2412, 2437, 5500, 5320, 5540, 5580]}
6 33 1783263488916470221
{'names': ['NU-AP06163', 'NU-AP06164', 'NU-AP06163', 'NU-AP06162', 'NU-AP06164', 'NU-AP07183', 'NU-AP06167'], 'addresses': ['48:00:b3:5f:46:a0', '48:00:b3:5f:72:e0', '48:00:b3:5f:46:ae', '48:00:b3:5a:90:8d', '48:00:b3:5f:72:ef', '48:00:b3:5f:70:2f', '48:00:b3:5e:0b:ef'], 'ssids': ['iotroam', 'iotroam', 'eduroam', 'VU-Campusnet', 'iotroam', 'iotroam', 'iotroam'], 'signals': [-53, -60, -60, -73, -70, -81, -79], 'timestamps': [1.7832634859269765e+18, 1.7832634860739292e+18, 1.7832634875739292e+18, 1.7832634875609293e+18, 1.7832634878739292e+18, 1.7832634882709292e+18, 1.7832634888814702e+18], 'frequencies': [2412, 2437, 5500, 5320, 5540, 5580, 5660]}
7 38 1783263488985734058
{'names': ['NU-AP06163', 'NU-AP06164', 'NU-AP06163', 'NU-AP06162', 'NU-AP06164', 'NU-AP07183', 'NU-AP06167'], 'addresses': ['48:00:b3:5f:46:a0', '48:00:b3:5f:72:e0', '48:00:b3:5f:46:ae', '48:00:b3:5a:90:8d', '48:00:b3:5f:72:ef', '48:00:b3:5f:70:2f', '48:00:b3:5e:0b:ef'], 'ssids': ['iotroam', 'iotroam', 'eduroam', 'VU-Campusnet', 'iotroam', 'iotroam', 'iotroam'], 'signals': [-53, -60, -60, -73, -70, -81, -79], 'timestamps': [1.7832634859269765e+18, 1.783263486074734e+18, 1.783263487574734e+18, 1.7832634875617341e+18, 1.783263487874734e+18, 1.7832634882717343e+18, 1.783263488882734e+18], 'frequencies': [2412, 2437, 5500, 5320, 5540, 5580, 5660]}
9 43 1783263489068482358
{'names': ['NU-AP06163', 'NU-AP06164', 'NU-AP06163', 'NU-AP06162', 'NU-AP06164', 'NU-AP07183', 'NU-AP06167'], 'addresses': ['48:00:b3:5f:46:a0', '48:00:b3:5f:72:e0', '48:00:b3:5f:46:ae', '48:00:b3:5a:90:8d', '48:00:b3:5f:72:ef', '48:00:b3:5f:70:2f', '48:00:b3:5e:0b:ef'], 'ssids': ['iotroam', 'iotroam', 'eduroam', 'VU-Campusnet', 'iotroam', 'iotroam', 'iotroam'], 'signals': [-53, -60, -60, -73, -70, -81, -79], 'timestamps': [1.7832634859284823e+18, 1.7832634860764823e+18, 1.7832634875764823e+18, 1.7832634875634824e+18, 1.7832634878764823e+18, 1.7832634882734822e+18, 1.7832634888844823e+18], 'frequencies': [2412, 2437, 5500, 5320, 5540, 5580, 5660]}
9 44 1783263489920836219
{'names': ['NU-AP06163', 'NU-AP06164', 'NU-AP06163', 'NU-AP06162', 'NU-AP06164', 'NU-AP07183', 'NU-AP06167'], 'addresses': ['48:00:b3:5f:46:a0', '48:00:b3:5f:72:e0', '48:00:b3:5f:46:ae', '48:00:b3:5a:90:8d', '48:00:b3:5f:72:ef', '48:00:b3:5f:70:2f', '48:00:b3:5e:0b:ef'], 'ssids': ['iotroam', 'iotroam', 'eduroam', 'VU-Campusnet', 'iotroam', 'iotroam', 'iotroam'], 'signals': [-53, -60, -60, -73, -70, -81, -79], 'timestamps': [1.7832634859284823e+18, 1.7832634860764823e+18, 1.783263489869836e+18, 1.7832634875634824e+18, 1.7832634878764823e+18, 1.7832634882734822e+18, 1.7832634888844823e+18], 'frequencies': [2412, 2437, 5500, 5320, 5540, 5580, 5660]}
9 45 1783263490018214605
{'names': ['NU-AP06163', 'NU-AP06164', 'NU-AP06163', 'NU-AP06162', 'NU-AP06164', 'NU-AP07183', 'NU-AP06167'], 'addresses': ['48:00:b3:5f:46:a0', '48:00:b3:5f:72:e0', '48:00:b3:5f:46:ae', '48:00:b3:5a:90:8d', '48:00:b3:5f:72:ef', '48:00:b3:5f:70:2f', '48:00:b3:5e:0b:ef'], 'ssids': ['iotroam', 'iotroam', 'eduroam', 'VU-Campusnet', 'iotroam', 'iotroam', 'iotroam'], 'signals': [-53, -60, -60, -73, -70, -81, -79], 'timestamps': [1.7832634859284823e+18, 1.7832634860764823e+18, 1.7832634898702147e+18, 1.7832634875634824e+18, 1.7832634878764823e+18, 1.7832634882734822e+18, 1.7832634888844823e+18], 'frequencies': [2412, 2437, 5500, 5320, 5540, 5580, 5660]}
11 46 1783263490155357592
{'names': ['NU-AP06163', 'NU-AP06164', 'NU-AP06163', 'NU-AP06162', 'NU-AP06164', 'NU-AP07183', 'NU-AP06167', 'NU-AP06167'], 'addresses': ['48:00:b3:5f:46:a0', '48:00:b3:5f:72:e0', '48:00:b3:5f:46:ae', '48:00:b3:5a:90:8d', '48:00:b3:5f:72:ef', '48:00:b3:5f:70:2f', '48:00:b3:5e:0b:ef', '48:00:b3:5e:0b:e0'], 'ssids': ['iotroam', 'iotroam', 'eduroam', 'VU-Campusnet', 'iotroam', 'iotroam', 'iotroam', 'iotroam'], 'signals': [-53, -60, -60, -73, -70, -81, -79, -71], 'timestamps': [1.7832634901483576e+18, 1.7832634860764823e+18, 1.7832634898703578e+18, 1.7832634875634824e+18, 1.7832634878764823e+18, 1.7832634882734822e+18, 1.7832634888844823e+18, 1.7832634901493576e+18], 'frequencies': [2412, 2437, 5500, 5320, 5540, 5580, 5660, 2412]}
11 47 1783263490225718989
{'names': ['NU-AP06163', 'NU-AP06164', 'NU-AP06163', 'NU-AP06162', 'NU-AP06164', 'NU-AP07183', 'NU-AP06167', 'NU-AP06167'], 'addresses': ['48:00:b3:5f:46:a0', '48:00:b3:5f:72:e0', '48:00:b3:5f:46:ae', '48:00:b3:5a:90:8d', '48:00:b3:5f:72:ef', '48:00:b3:5f:70:2f', '48:00:b3:5e:0b:ef', '48:00:b3:5e:0b:e0'], 'ssids': ['iotroam', 'iotroam', 'eduroam', 'VU-Campusnet', 'iotroam', 'iotroam', 'iotroam', 'iotroam'], 'signals': [-53, -60, -60, -73, -70, -81, -79, -71], 'timestamps': [1.7832634901483576e+18, 1.7832634860764823e+18, 1.783263490176719e+18, 1.7832634875634824e+18, 1.7832634878764823e+18, 1.7832634882734822e+18, 1.7832634888844823e+18, 1.7832634901493576e+18], 'frequencies': [2412, 2437, 5500, 5320, 5540, 5580, 5660, 2412]}
13 48 1783263490294378133
{'names': ['NU-AP06163', 'NU-AP06164', 'NU-AP06163', 'NU-AP06162', 'NU-AP06164', 'NU-AP07183', 'NU-AP06167', 'NU-AP06167'], 'addresses': ['48:00:b3:5f:46:a0', '48:00:b3:5f:72:e0', '48:00:b3:5f:46:ae', '48:00:b3:5a:90:8d', '48:00:b3:5f:72:ef', '48:00:b3:5f:70:2f', '48:00:b3:5e:0b:ef', '48:00:b3:5e:0b:e0'], 'ssids': ['iotroam', 'iotroam', 'eduroam', 'VU-Campusnet', 'iotroam', 'iotroam', 'iotroam', 'iotroam'], 'signals': [-53, -60, -60, -73, -70, -81, -79, -71], 'timestamps': [1.783263490148378e+18, 1.7832634860764823e+18, 1.7832634901773783e+18, 1.7832634875634824e+18, 1.7832634878764823e+18, 1.7832634882734822e+18, 1.7832634888844823e+18, 1.7832634901493783e+18], 'frequencies': [2412, 2437, 5500, 5320, 5540, 5580, 5660, 2412]}
14 48 1783263490363473720
{'names': ['NU-AP06163', 'NU-AP06164', 'NU-AP06163', 'NU-AP06162', 'NU-AP06164', 'NU-AP07183', 'NU-AP06167', 'NU-AP06167'], 'addresses': ['48:00:b3:5f:46:a0', '48:00:b3:5f:72:e0', '48:00:b3:5f:46:ae', '48:00:b3:5a:90:8d', '48:00:b3:5f:72:ef', '48:00:b3:5f:70:2f', '48:00:b3:5e:0b:ef', '48:00:b3:5e:0b:e0'], 'ssids': ['iotroam', 'iotroam', 'eduroam', 'VU-Campusnet', 'iotroam', 'iotroam', 'iotroam', 'iotroam'], 'signals': [-53, -61, -60, -73, -70, -81, -79, -71], 'timestamps': [1.783263490148378e+18, 1.7832634903074737e+18, 1.7832634901773783e+18, 1.7832634875634824e+18, 1.7832634878764823e+18, 1.7832634882734822e+18, 1.7832634888844823e+18, 1.7832634901493783e+18], 'frequencies': [2412, 2437, 5500, 5320, 5540, 5580, 5660, 2412]}
15 48 1783263490433036322
{'names': ['NU-AP06163', 'NU-AP06164', 'NU-AP06163', 'NU-AP06162', 'NU-AP06164', 'NU-AP07183', 'NU-AP06167', 'NU-AP06167'], 'addresses': ['48:00:b3:5f:46:a0', '48:00:b3:5f:72:e0', '48:00:b3:5f:46:ae', '48:00:b3:5a:90:8d', '48:00:b3:5f:72:ef', '48:00:b3:5f:70:2f', '48:00:b3:5e:0b:ef', '48:00:b3:5e:0b:e0'], 'ssids': ['iotroam', 'iotroam', 'eduroam', 'VU-Campusnet', 'iotroam', 'iotroam', 'iotroam', 'iotroam'], 'signals': [-53, -61, -60, -73, -70, -81, -79, -71], 'timestamps': [1.783263490148378e+18, 1.7832634903080364e+18, 1.7832634901773783e+18, 1.7832634875634824e+18, 1.7832634878764823e+18, 1.7832634882734822e+18, 1.7832634888844823e+18, 1.7832634901493783e+18], 'frequencies': [2412, 2437, 5500, 5320, 5540, 5580, 5660, 2412]}
16 48 1783263491424075264
{'names': ['NU-AP06163', 'NU-AP06164', 'NU-AP06163', 'NU-AP06162', 'NU-AP06164', 'NU-AP07183', 'NU-AP06167', 'NU-AP06167'], 'addresses': ['48:00:b3:5f:46:a0', '48:00:b3:5f:72:e0', '48:00:b3:5f:46:ae', '48:00:b3:5a:90:8d', '48:00:b3:5f:72:ef', '48:00:b3:5f:70:2f', '48:00:b3:5e:0b:ef', '48:00:b3:5e:0b:e0'], 'ssids': ['iotroam', 'iotroam', 'eduroam', 'VU-Campusnet', 'iotroam', 'iotroam', 'iotroam', 'iotroam'], 'signals': [-53, -61, -60, -73, -70, -81, -79, -71], 'timestamps': [1.783263490148378e+18, 1.7832634903080753e+18, 1.7832634901773783e+18, 1.7832634875634824e+18, 1.7832634878764823e+18, 1.7832634882734822e+18, 1.7832634888844823e+18, 1.7832634901493783e+18], 'frequencies': [2412, 2437, 5500, 5320, 5540, 5580, 5660, 2412]}
17 48 1783263491492365023
{'names': ['NU-AP06163', 'NU-AP06164', 'NU-AP06163', 'NU-AP06162', 'NU-AP06164', 'NU-AP07183', 'NU-AP06167', 'NU-AP06167'], 'addresses': ['48:00:b3:5f:46:a0', '48:00:b3:5f:72:e0', '48:00:b3:5f:46:ae', '48:00:b3:5a:90:8d', '48:00:b3:5f:72:ef', '48:00:b3:5f:70:2f', '48:00:b3:5e:0b:ef', '48:00:b3:5e:0b:e0'], 'ssids': ['iotroam', 'iotroam', 'eduroam', 'VU-Campusnet', 'iotroam', 'iotroam', 'iotroam', 'iotroam'], 'signals': [-53, -61, -60, -73, -70, -81, -79, -71], 'timestamps': [1.783263490148378e+18, 1.783263490308365e+18, 1.7832634901773783e+18, 1.7832634875634824e+18, 1.7832634878764823e+18, 1.7832634882734822e+18, 1.7832634888844823e+18, 1.7832634901493783e+18], 'frequencies': [2412, 2437, 5500, 5320, 5540, 5580, 5660, 2412]}
17 50 1783263491887341124
{'names': ['NU-AP06163', 'NU-AP06164', 'NU-AP06163', 'NU-AP06162', 'NU-AP06164', 'NU-AP07183', 'NU-AP06167', 'NU-AP06167'], 'addresses': ['48:00:b3:5f:46:a0', '48:00:b3:5f:72:e0', '48:00:b3:5f:46:ae', '48:00:b3:5a:90:8f', '48:00:b3:5f:72:ef', '48:00:b3:5f:70:2f', '48:00:b3:5e:0b:ef', '48:00:b3:5e:0b:e0'], 'ssids': ['iotroam', 'iotroam', 'eduroam', 'iotroam', 'iotroam', 'iotroam', 'iotroam', 'iotroam'], 'signals': [-53, -61, -60, -74, -70, -81, -79, -71], 'timestamps': [1.783263490148378e+18, 1.783263490308365e+18, 1.783263491871341e+18, 1.783263491827341e+18, 1.7832634878764823e+18, 1.7832634882734822e+18, 1.7832634888844823e+18, 1.7832634901493783e+18], 'frequencies': [2412, 2437, 5500, 5320, 5540, 5580, 5660, 2412]}
17 52 1783263491957318620
{'names': ['NU-AP06163', 'NU-AP06164', 'NU-AP06163', 'NU-AP06162', 'NU-AP06164', 'NU-AP07183', 'NU-AP06167', 'NU-AP06167'], 'addresses': ['48:00:b3:5f:46:a0', '48:00:b3:5f:72:e0', '48:00:b3:5f:46:ae', '48:00:b3:5a:90:8f', '48:00:b3:5f:72:ef', '48:00:b3:5f:70:2f', '48:00:b3:5e:0b:ef', '48:00:b3:5e:0b:e0'], 'ssids': ['iotroam', 'iotroam', 'eduroam', 'iotroam', 'iotroam', 'iotroam', 'iotroam', 'iotroam'], 'signals': [-53, -61, -60, -74, -70, -81, -79, -71], 'timestamps': [1.783263490148378e+18, 1.783263490308365e+18, 1.7832634918723187e+18, 1.7832634918283187e+18, 1.7832634878764823e+18, 1.7832634882734822e+18, 1.7832634888844823e+18, 1.7832634901493783e+18], 'frequencies': [2412, 2437, 5500, 5320, 5540, 5580, 5660, 2412]}
17 53 1783263492157892386
{'names': ['NU-AP06163', 'NU-AP06164', 'NU-AP06163', 'NU-AP06162', 'NU-AP06164', 'NU-AP07183', 'NU-AP06167', 'NU-AP06167'], 'addresses': ['48:00:b3:5f:46:a0', '48:00:b3:5f:72:e0', '48:00:b3:5f:46:ae', '48:00:b3:5a:90:8f', '48:00:b3:5f:72:ef', '48:00:b3:5f:70:2f', '48:00:b3:5e:0b:ef', '48:00:b3:5e:0b:e0'], 'ssids': ['iotroam', 'iotroam', 'eduroam', 'iotroam', 'iotroam', 'iotroam', 'iotroam', 'iotroam'], 'signals': [-53, -61, -60, -74, -69, -81, -79, -71], 'timestamps': [1.783263490148378e+18, 1.783263490308365e+18, 1.7832634918723187e+18, 1.7832634918283187e+18, 1.7832634921358925e+18, 1.7832634882734822e+18, 1.7832634888844823e+18, 1.7832634901493783e+18], 'frequencies': [2412, 2437, 5500, 5320, 5540, 5580, 5660, 2412]}
17 54 1783263492225961131
{'names': ['NU-AP06163', 'NU-AP06164', 'NU-AP06163', 'NU-AP06162', 'NU-AP06164', 'NU-AP07183', 'NU-AP06167', 'NU-AP06167'], 'addresses': ['48:00:b3:5f:46:a0', '48:00:b3:5f:72:e0', '48:00:b3:5f:46:ae', '48:00:b3:5a:90:8f', '48:00:b3:5f:72:ef', '48:00:b3:5f:70:2f', '48:00:b3:5e:0b:ef', '48:00:b3:5e:0b:e0'], 'ssids': ['iotroam', 'iotroam', 'eduroam', 'iotroam', 'iotroam', 'iotroam', 'iotroam', 'iotroam'], 'signals': [-53, -61, -60, -74, -69, -81, -79, -71], 'timestamps': [1.783263490148378e+18, 1.783263490308365e+18, 1.7832634918723187e+18, 1.7832634918283187e+18, 1.783263492135961e+18, 1.7832634882734822e+18, 1.7832634888844823e+18, 1.7832634901493783e+18], 'frequencies': [2412, 2437, 5500, 5320, 5540, 5580, 5660, 2412]}
17 55 1783263492492066069
{'names': ['NU-AP06163', 'NU-AP06164', 'NU-AP06163', 'NU-AP06162', 'NU-AP06164', 'NU-AP07183', 'NU-AP06167', 'NU-AP06167'], 'addresses': ['48:00:b3:5f:46:a0', '48:00:b3:5f:72:e0', '48:00:b3:5f:46:ae', '48:00:b3:5a:90:8f', '48:00:b3:5f:72:ef', '48:00:b3:5f:70:2f', '48:00:b3:5e:0b:ef', '48:00:b3:5e:0b:e0'], 'ssids': ['iotroam', 'iotroam', 'eduroam', 'iotroam', 'iotroam', 'iotroam', 'iotroam', 'iotroam'], 'signals': [-53, -61, -60, -74, -69, -81, -79, -71], 'timestamps': [1.783263490148378e+18, 1.783263490308365e+18, 1.7832634918723187e+18, 1.7832634918283187e+18, 1.783263492136066e+18, 1.7832634882734822e+18, 1.7832634888844823e+18, 1.7832634901493783e+18], 'frequencies': [2412, 2437, 5500, 5320, 5540, 5580, 5660, 2412]}
17 58 1783263492560352908
{'names': ['NU-AP06163', 'NU-AP06164', 'NU-AP06163', 'NU-AP06162', 'NU-AP06164', 'NU-AP07183', 'NU-AP06167', 'NU-AP06167'], 'addresses': ['48:00:b3:5f:46:a0', '48:00:b3:5f:72:e0', '48:00:b3:5f:46:ae', '48:00:b3:5a:90:8f', '48:00:b3:5f:72:ef', '48:00:b3:5f:70:2f', '48:00:b3:5e:0b:ef', '48:00:b3:5e:0b:e0'], 'ssids': ['iotroam', 'iotroam', 'eduroam', 'iotroam', 'iotroam', 'iotroam', 'iotroam', 'iotroam'], 'signals': [-53, -61, -60, -74, -69, -81, -79, -71], 'timestamps': [1.783263490148378e+18, 1.783263490308365e+18, 1.783263491872353e+18, 1.783263491828353e+18, 1.783263492136353e+18, 1.7832634882734822e+18, 1.7832634888844823e+18, 1.7832634901493783e+18], 'frequencies': [2412, 2437, 5500, 5320, 5540, 5580, 5660, 2412]}
20 61 1783263493289529583
{'names': ['NU-AP06163', 'NU-AP06164', 'NU-AP06163', 'NU-AP06162', 'NU-AP06164', 'NU-AP07183', 'NU-AP06167', 'NU-AP06167'], 'addresses': ['48:00:b3:5f:46:a0', '48:00:b3:5f:72:e0', '48:00:b3:5f:46:ae', '48:00:b3:5a:90:8f', '48:00:b3:5f:72:ef', '48:00:b3:5f:70:2f', '48:00:b3:5e:0b:ef', '48:00:b3:5e:0b:e0'], 'ssids': ['iotroam', 'iotroam', 'eduroam', 'iotroam', 'iotroam', 'iotroam', 'iotroam', 'iotroam'], 'signals': [-53, -61, -60, -74, -69, -81, -79, -71], 'timestamps': [1.7832634901485297e+18, 1.7832634903085297e+18, 1.7832634918725297e+18, 1.7832634918285297e+18, 1.7832634921365297e+18, 1.7832634882734822e+18, 1.7832634888844823e+18, 1.7832634901495296e+18], 'frequencies': [2412, 2437, 5500, 5320, 5540, 5580, 5660, 2412]}
21 61 1783263494013121877
{'names': ['NU-AP06163', 'NU-AP06164', 'NU-AP06163', 'NU-AP06162', 'NU-AP06164', 'NU-AP07183', 'NU-AP06167', 'NU-AP06167'], 'addresses': ['48:00:b3:5f:46:a0', '48:00:b3:5f:72:e0', '48:00:b3:5f:46:ae', '48:00:b3:5a:90:8f', '48:00:b3:5f:72:ef', '48:00:b3:5f:70:2f', '48:00:b3:5e:0b:ef', '48:00:b3:5e:0b:e0'], 'ssids': ['iotroam', 'iotroam', 'eduroam', 'iotroam', 'iotroam', 'iotroam', 'iotroam', 'iotroam'], 'signals': [-52, -61, -60, -74, -69, -81, -79, -71], 'timestamps': [1.7832634940081219e+18, 1.7832634903085297e+18, 1.7832634918725297e+18, 1.7832634918285297e+18, 1.7832634921365297e+18, 1.7832634882734822e+18, 1.7832634888844823e+18, 1.7832634901495296e+18], 'frequencies': [2412, 2437, 5500, 5320, 5540, 5580, 5660, 2412]}
22 61 1783263494075032405
{'names': ['NU-AP06163', 'NU-AP06164', 'NU-AP06163', 'NU-AP06162', 'NU-AP06164', 'NU-AP07183', 'NU-AP06167', 'NU-AP06167'], 'addresses': ['48:00:b3:5f:46:a0', '48:00:b3:5f:72:e0', '48:00:b3:5f:46:ae', '48:00:b3:5a:90:8f', '48:00:b3:5f:72:ef', '48:00:b3:5f:70:2f', '48:00:b3:5e:0b:ef', '48:00:b3:5e:0b:e0'], 'ssids': ['iotroam', 'iotroam', 'eduroam', 'iotroam', 'iotroam', 'iotroam', 'iotroam', 'iotroam'], 'signals': [-52, -61, -60, -74, -69, -81, -79, -71], 'timestamps': [1.7832634940090322e+18, 1.7832634903085297e+18, 1.7832634918725297e+18, 1.7832634918285297e+18, 1.7832634921365297e+18, 1.7832634882734822e+18, 1.7832634888844823e+18, 1.7832634901495296e+18], 'frequencies': [2412, 2437, 5500, 5320, 5540, 5580, 5660, 2412]}
23 61 1783263494194460420
{'names': ['NU-AP06163', 'NU-AP06164', 'NU-AP06163', 'NU-AP06162', 'NU-AP06164', 'NU-AP07183', 'NU-AP06167', 'NU-AP06167'], 'addresses': ['48:00:b3:5f:46:a0', '48:00:b3:5f:72:e0', '48:00:b3:5f:46:ae', '48:00:b3:5a:90:8f', '48:00:b3:5f:72:ef', '48:00:b3:5f:70:2f', '48:00:b3:5e:0b:ef', '48:00:b3:5e:0b:e0'], 'ssids': ['iotroam', 'iotroam', 'eduroam', 'iotroam', 'iotroam', 'iotroam', 'iotroam', 'iotroam'], 'signals': [-52, -62, -60, -74, -69, -81, -79, -71], 'timestamps': [1.7832634940090322e+18, 1.7832634941774605e+18, 1.7832634918725297e+18, 1.7832634918285297e+18, 1.7832634921365297e+18, 1.7832634882734822e+18, 1.7832634888844823e+18, 1.7832634901495296e+18], 'frequencies': [2412, 2437, 5500, 5320, 5540, 5580, 5660, 2412]}
25 61 1783263494481090370
{'names': ['NU-AP06163', 'NU-AP06164', 'NU-AP06163', 'NU-AP06162', 'NU-AP06164', 'NU-AP06167', 'NU-AP06167'], 'addresses': ['48:00:b3:5f:46:a0', '48:00:b3:5f:72:e0', '48:00:b3:5f:46:ae', '48:00:b3:5a:90:8f', '48:00:b3:5f:72:ef', '48:00:b3:5e:0b:ef', '48:00:b3:5e:0b:e0'], 'ssids': ['iotroam', 'iotroam', 'eduroam', 'iotroam', 'iotroam', 'iotroam', 'iotroam'], 'signals': [-52, -62, -60, -74, -69, -79, -71], 'timestamps': [1.7832634940090903e+18, 1.7832634941780902e+18, 1.7832634918725297e+18, 1.7832634918285297e+18, 1.7832634921365297e+18, 1.7832634888844823e+18, 1.7832634901495296e+18], 'frequencies': [2412, 2437, 5500, 5320, 5540, 5660, 2412]}
25 63 1783263495743105258
{'names': ['NU-AP06163', 'NU-AP06164', 'NU-AP06163', 'NU-AP06162', 'NU-AP06164', 'NU-AP06167'], 'addresses': ['48:00:b3:5f:46:a0', '48:00:b3:5f:72:e0', '48:00:b3:5f:46:ae', '48:00:b3:5a:90:8d', '48:00:b3:5f:72:ef', '48:00:b3:5e:0b:e0'], 'ssids': ['iotroam', 'iotroam', 'eduroam', 'VU-Campusnet', 'iotroam', 'iotroam'], 'signals': [-52, -62, -61, -74, -69, -71], 'timestamps': [1.7832634940090903e+18, 1.7832634941780902e+18, 1.7832634957121052e+18, 1.7832634956881052e+18, 1.7832634921365297e+18, 1.7832634901495296e+18], 'frequencies': [2412, 2437, 5500, 5320, 5540, 2412]}
28 66 1783263495814171867
{'names': ['NU-AP06163', 'NU-AP06164', 'NU-AP06163', 'NU-AP06162', 'NU-AP06164', 'NU-AP06167'], 'addresses': ['48:00:b3:5f:46:a0', '48:00:b3:5f:72:e0', '48:00:b3:5f:46:ae', '48:00:b3:5a:90:8d', '48:00:b3:5f:72:ef', '48:00:b3:5e:0b:e0'], 'ssids': ['iotroam', 'iotroam', 'eduroam', 'VU-Campusnet', 'iotroam', 'iotroam'], 'signals': [-52, -62, -61, -74, -69, -71], 'timestamps': [1.783263494010172e+18, 1.7832634941791718e+18, 1.783263495714172e+18, 1.783263495690172e+18, 1.783263492137172e+18, 1.783263490150172e+18], 'frequencies': [2412, 2437, 5500, 5320, 5540, 2412]}
28 67 1783263495908787477
{'names': ['NU-AP06163', 'NU-AP06164', 'NU-AP06163', 'NU-AP06162', 'NU-AP06164', 'NU-AP06167'], 'addresses': ['48:00:b3:5f:46:a0', '48:00:b3:5f:72:e0', '48:00:b3:5f:46:ae', '48:00:b3:5a:90:8d', '48:00:b3:5f:72:ef', '48:00:b3:5e:0b:e0'], 'ssids': ['iotroam', 'iotroam', 'eduroam', 'VU-Campusnet', 'iotroam', 'iotroam'], 'signals': [-52, -62, -61, -74, -70, -71], 'timestamps': [1.783263494010172e+18, 1.7832634941791718e+18, 1.783263495714172e+18, 1.783263495690172e+18, 1.7832634958967875e+18, 1.783263490150172e+18], 'frequencies': [2412, 2437, 5500, 5320, 5540, 2412]}
28 68 1783263497615889136
{'names': ['NU-AP06163', 'NU-AP06164', 'NU-AP06163', 'NU-AP06162', 'NU-AP06164'], 'addresses': ['48:00:b3:5f:46:a0', '48:00:b3:5f:72:e0', '48:00:b3:5f:46:ae', '48:00:b3:5a:90:8d', '48:00:b3:5f:72:ef'], 'ssids': ['iotroam', 'iotroam', 'eduroam', 'VU-Campusnet', 'iotroam'], 'signals': [-52, -62, -61, -74, -70], 'timestamps': [1.783263494010172e+18, 1.7832634941791718e+18, 1.783263495714172e+18, 1.783263495690172e+18, 1.783263495896889e+18], 'frequencies': [2412, 2437, 5500, 5320, 5540]}
29 68 1783263497678710392
{'names': ['NU-AP06163', 'NU-AP06164', 'NU-AP06163', 'NU-AP06162', 'NU-AP06164'], 'addresses': ['48:00:b3:5f:46:a0', '48:00:b3:5f:72:e0', '48:00:b3:5f:46:ae', '48:00:b3:5a:90:8d', '48:00:b3:5f:72:ef'], 'ssids': ['iotroam', 'iotroam', 'eduroam', 'VU-Campusnet', 'iotroam'], 'signals': [-52, -62, -61, -74, -70], 'timestamps': [1.783263494010172e+18, 1.7832634941791718e+18, 1.783263495714172e+18, 1.783263495690172e+18, 1.783263495896889e+18], 'frequencies': [2412, 2437, 5500, 5320, 5540]}
30 68 1783263497740247627
{'names': ['NU-AP06163', 'NU-AP06164', 'NU-AP06163', 'NU-AP06162', 'NU-AP06164'], 'addresses': ['48:00:b3:5f:46:a0', '48:00:b3:5f:72:e0', '48:00:b3:5f:46:ae', '48:00:b3:5a:90:8d', '48:00:b3:5f:72:ef'], 'ssids': ['iotroam', 'iotroam', 'eduroam', 'VU-Campusnet', 'iotroam'], 'signals': [-52, -62, -61, -74, -70], 'timestamps': [1.783263494010172e+18, 1.7832634941791718e+18, 1.783263495714172e+18, 1.783263495690172e+18, 1.783263495896889e+18], 'frequencies': [2412, 2437, 5500, 5320, 5540]}
31 69 1783263497802975435
{'names': ['NU-AP06163', 'NU-AP06164', 'NU-AP06163', 'NU-AP06162', 'NU-AP06164'], 'addresses': ['48:00:b3:5f:46:a0', '48:00:b3:5f:72:e0', '48:00:b3:5f:46:ae', '48:00:b3:5a:90:8d', '48:00:b3:5f:72:ef'], 'ssids': ['iotroam', 'iotroam', 'eduroam', 'VU-Campusnet', 'iotroam'], 'signals': [-52, -62, -61, -74, -70], 'timestamps': [1.783263494010172e+18, 1.7832634941791718e+18, 1.783263495714172e+18, 1.783263495690172e+18, 1.7832634958969754e+18], 'frequencies': [2412, 2437, 5500, 5320, 5540]}
33 69 1783263497872290522
{'names': ['NU-AP06163', 'NU-AP06164', 'NU-AP06163', 'NU-AP06162', 'NU-AP06164', 'NU-AP06167'], 'addresses': ['48:00:b3:5f:46:a0', '48:00:b3:5f:72:e0', '48:00:b3:5f:46:ae', '48:00:b3:5a:90:8d', '48:00:b3:5f:72:ef', '48:00:b3:5e:0b:e0'], 'ssids': ['iotroam', 'iotroam', 'eduroam', 'VU-Campusnet', 'iotroam', 'iotroam'], 'signals': [-53, -62, -61, -74, -70, -69], 'timestamps': [1.7832634978652905e+18, 1.7832634941791718e+18, 1.783263495714172e+18, 1.783263495690172e+18, 1.7832634958969754e+18, 1.7832634978652905e+18], 'frequencies': [2412, 2437, 5500, 5320, 5540, 2412]}
35 70 1783263497958118433
{'names': ['NU-AP06163', 'NU-AP06164', 'NU-AP06163', 'NU-AP06162', 'NU-AP06164', 'NU-AP06167'], 'addresses': ['48:00:b3:5f:46:a0', '48:00:b3:5f:72:e0', '48:00:b3:5f:46:ae', '48:00:b3:5a:90:8d', '48:00:b3:5f:72:ef', '48:00:b3:5e:0b:e0'], 'ssids': ['iotroam', 'iotroam', 'eduroam', 'VU-Campusnet', 'iotroam', 'iotroam'], 'signals': [-53, -62, -61, -74, -70, -69], 'timestamps': [1.7832634978661184e+18, 1.7832634941791718e+18, 1.783263495714172e+18, 1.783263495690172e+18, 1.7832634958971185e+18, 1.7832634978661184e+18], 'frequencies': [2412, 2437, 5500, 5320, 5540, 2412]}
38 71 1783263498055823692
{'names': ['NU-AP06163', 'NU-AP06164', 'NU-AP06163', 'NU-AP06162', 'NU-AP06164', 'NU-AP06167'], 'addresses': ['48:00:b3:5f:46:a0', '48:00:b3:5f:72:e0', '48:00:b3:5f:46:ae', '48:00:b3:5a:90:8d', '48:00:b3:5f:72:ef', '48:00:b3:5e:0b:e0'], 'ssids': ['iotroam', 'iotroam', 'eduroam', 'VU-Campusnet', 'iotroam', 'iotroam'], 'signals': [-53, -61, -61, -74, -70, -69], 'timestamps': [1.7832634978668237e+18, 1.7832634980138235e+18, 1.783263495714172e+18, 1.783263495690172e+18, 1.7832634958978237e+18, 1.7832634978668237e+18], 'frequencies': [2412, 2437, 5500, 5320, 5540, 2412]}
38 72 1783263499524726998
{'names': ['NU-AP06163', 'NU-AP06164', 'NU-AP06163', 'NU-AP06162', 'NU-AP06164', 'NU-AP06167'], 'addresses': ['48:00:b3:5f:46:a0', '48:00:b3:5f:72:e0', '48:00:b3:5f:46:ae', '48:00:b3:5a:90:8f', '48:00:b3:5f:72:ef', '48:00:b3:5e:0b:e0'], 'ssids': ['iotroam', 'iotroam', 'eduroam', 'iotroam', 'iotroam', 'iotroam'], 'signals': [-53, -61, -61, -74, -70, -69], 'timestamps': [1.7832634978668237e+18, 1.7832634980138235e+18, 1.783263495714172e+18, 1.783263499506727e+18, 1.7832634958978237e+18, 1.7832634978668237e+18], 'frequencies': [2412, 2437, 5500, 5320, 5540, 2412]}
38 74 1783263499585285963
{'names': ['NU-AP06163', 'NU-AP06164', 'NU-AP06163', 'NU-AP06162', 'NU-AP06164', 'NU-AP06167'], 'addresses': ['48:00:b3:5f:46:a0', '48:00:b3:5f:72:e0', '48:00:b3:5f:46:ae', '48:00:b3:5a:90:8f', '48:00:b3:5f:72:ef', '48:00:b3:5e:0b:e0'], 'ssids': ['iotroam', 'iotroam', 'eduroam', 'iotroam', 'iotroam', 'iotroam'], 'signals': [-53, -61, -60, -74, -70, -69], 'timestamps': [1.7832634978668237e+18, 1.7832634980138235e+18, 1.7832634995512858e+18, 1.783263499507286e+18, 1.7832634958978237e+18, 1.7832634978668237e+18], 'frequencies': [2412, 2437, 5500, 5320, 5540, 2412]}
38 76 1783263499647636097
{'names': ['NU-AP06163', 'NU-AP06164', 'NU-AP06163', 'NU-AP06162', 'NU-AP06164', 'NU-AP06167'], 'addresses': ['48:00:b3:5f:46:a0', '48:00:b3:5f:72:e0', '48:00:b3:5f:46:ae', '48:00:b3:5a:90:8f', '48:00:b3:5f:72:ef', '48:00:b3:5e:0b:e0'], 'ssids': ['iotroam', 'iotroam', 'eduroam', 'iotroam', 'iotroam', 'iotroam'], 'signals': [-53, -61, -60, -74, -70, -69], 'timestamps': [1.7832634978668237e+18, 1.7832634980138235e+18, 1.7832634995516362e+18, 1.7832634995076362e+18, 1.7832634958978237e+18, 1.7832634978668237e+18], 'frequencies': [2412, 2437, 5500, 5320, 5540, 2412]}
38 79 1783263499822705543
{'names': ['NU-AP06163', 'NU-AP06164', 'NU-AP06163', 'NU-AP06162', 'NU-AP06164', 'NU-AP06167'], 'addresses': ['48:00:b3:5f:46:a0', '48:00:b3:5f:72:e0', '48:00:b3:5f:46:ae', '48:00:b3:5a:90:8f', '48:00:b3:5f:72:ef', '48:00:b3:5e:0b:e0'], 'ssids': ['iotroam', 'iotroam', 'eduroam', 'iotroam', 'iotroam', 'iotroam'], 'signals': [-53, -61, -60, -74, -70, -69], 'timestamps': [1.7832634978668237e+18, 1.7832634980138235e+18, 1.7832634995517056e+18, 1.7832634995077056e+18, 1.7832634998147057e+18, 1.7832634978668237e+18], 'frequencies': [2412, 2437, 5500, 5320, 5540, 2412]}
41 79 1783263501712419641
{'names': ['NU-AP06163', 'NU-AP06164', 'NU-AP06163', 'NU-AP06162', 'NU-AP06164', 'NU-AP06167', 'NU-AP07183'], 'addresses': ['48:00:b3:5f:46:a0', '48:00:b3:5f:72:e0', '48:00:b3:5f:46:ae', '48:00:b3:5a:90:8f', '48:00:b3:5f:72:ef', '48:00:b3:5e:0b:e0', '48:00:b3:5f:70:20'], 'ssids': ['iotroam', 'iotroam', 'eduroam', 'iotroam', 'iotroam', 'iotroam', 'iotroam'], 'signals': [-53, -61, -60, -74, -70, -70, -73], 'timestamps': [1.7832635017074196e+18, 1.7832634980138235e+18, 1.7832634995517056e+18, 1.7832634995077056e+18, 1.7832634998147057e+18, 1.7832635017054195e+18, 1.7832635017084196e+18], 'frequencies': [2412, 2437, 5500, 5320, 5540, 2412, 2412]}
44 79 1783263502006466284
{'names': ['NU-AP06163', 'NU-AP06164', 'NU-AP06163', 'NU-AP06162', 'NU-AP06164', 'NU-AP06167', 'NU-AP07183'], 'addresses': ['48:00:b3:5f:46:a0', '48:00:b3:5f:72:e0', '48:00:b3:5f:46:ae', '48:00:b3:5a:90:8f', '48:00:b3:5f:72:ef', '48:00:b3:5e:0b:e0', '48:00:b3:5f:70:20'], 'ssids': ['iotroam', 'iotroam', 'eduroam', 'iotroam', 'iotroam', 'iotroam', 'iotroam'], 'signals': [-53, -61, -60, -74, -70, -70, -73], 'timestamps': [1.7832635017074662e+18, 1.7832634980138235e+18, 1.7832634995517056e+18, 1.7832634995077056e+18, 1.7832634998147057e+18, 1.7832635017054664e+18, 1.7832635017084662e+18], 'frequencies': [2412, 2437, 5500, 5320, 5540, 2412, 2412]}
47 79 1783263502069603245
{'names': ['NU-AP06163', 'NU-AP06164', 'NU-AP06163', 'NU-AP06162', 'NU-AP06164', 'NU-AP06167', 'NU-AP07183'], 'addresses': ['48:00:b3:5f:46:a0', '48:00:b3:5f:72:e0', '48:00:b3:5f:46:ae', '48:00:b3:5a:90:8f', '48:00:b3:5f:72:ef', '48:00:b3:5e:0b:e0', '48:00:b3:5f:70:20'], 'ssids': ['iotroam', 'iotroam', 'eduroam', 'iotroam', 'iotroam', 'iotroam', 'iotroam'], 'signals': [-53, -61, -60, -74, -70, -70, -73], 'timestamps': [1.7832635017076035e+18, 1.7832634980138235e+18, 1.7832634995517056e+18, 1.7832634995077056e+18, 1.7832634998147057e+18, 1.7832635017056033e+18, 1.7832635017086034e+18], 'frequencies': [2412, 2437, 5500, 5320, 5540, 2412, 2412]}
50 82 1783263502193831935
{'names': ['NU-AP06163', 'NU-AP06164', 'NU-AP06163', 'NU-AP06162', 'NU-AP06164', 'NU-AP06167', 'NU-AP07183'], 'addresses': ['48:00:b3:5f:46:a0', '48:00:b3:5f:72:e0', '48:00:b3:5f:46:ae', '48:00:b3:5a:90:8f', '48:00:b3:5f:72:ef', '48:00:b3:5e:0b:e0', '48:00:b3:5f:70:20'], 'ssids': ['iotroam', 'iotroam', 'eduroam', 'iotroam', 'iotroam', 'iotroam', 'iotroam'], 'signals': [-53, -61, -60, -74, -70, -70, -73], 'timestamps': [1.7832635017078318e+18, 1.7832634980138235e+18, 1.783263499551832e+18, 1.7832634995078318e+18, 1.7832634998148319e+18, 1.783263501705832e+18, 1.783263501708832e+18], 'frequencies': [2412, 2437, 5500, 5320, 5540, 2412, 2412]}
50 84 1783263503410707302
{'names': ['NU-AP06163', 'NU-AP06164', 'NU-AP06163', 'NU-AP06162', 'NU-AP06164', 'NU-AP06167', 'NU-AP07183'], 'addresses': ['48:00:b3:5f:46:a0', '48:00:b3:5f:72:e0', '48:00:b3:5f:46:ae', '48:00:b3:5a:90:8f', '48:00:b3:5f:72:ef', '48:00:b3:5e:0b:e0', '48:00:b3:5f:70:20'], 'ssids': ['iotroam', 'iotroam', 'eduroam', 'iotroam', 'iotroam', 'iotroam', 'iotroam'], 'signals': [-53, -61, -60, -74, -70, -70, -73], 'timestamps': [1.7832635017078318e+18, 1.7832634980138235e+18, 1.7832635033917071e+18, 1.7832635033677071e+18, 1.7832634998148319e+18, 1.783263501705832e+18, 1.783263501708832e+18], 'frequencies': [2412, 2437, 5500, 5320, 5540, 2412, 2412]}
50 86 1783263503472836273
{'names': ['NU-AP06163', 'NU-AP06164', 'NU-AP06163', 'NU-AP06162', 'NU-AP06164', 'NU-AP06167', 'NU-AP07183'], 'addresses': ['48:00:b3:5f:46:a0', '48:00:b3:5f:72:e0', '48:00:b3:5f:46:ae', '48:00:b3:5a:90:8f', '48:00:b3:5f:72:ef', '48:00:b3:5e:0b:e0', '48:00:b3:5f:70:20'], 'ssids': ['iotroam', 'iotroam', 'eduroam', 'iotroam', 'iotroam', 'iotroam', 'iotroam'], 'signals': [-53, -61, -60, -74, -70, -70, -73], 'timestamps': [1.7832635017078318e+18, 1.7832634980138235e+18, 1.7832635033918364e+18, 1.7832635033678364e+18, 1.7832634998148319e+18, 1.783263501705832e+18, 1.783263501708832e+18], 'frequencies': [2412, 2437, 5500, 5320, 5540, 2412, 2412]}
53 89 1783263503535861198
{'names': ['NU-AP06163', 'NU-AP06164', 'NU-AP06163', 'NU-AP06162', 'NU-AP06164', 'NU-AP06167', 'NU-AP07183'], 'addresses': ['48:00:b3:5f:46:a0', '48:00:b3:5f:72:e0', '48:00:b3:5f:46:ae', '48:00:b3:5a:90:8f', '48:00:b3:5f:72:ef', '48:00:b3:5e:0b:e0', '48:00:b3:5f:70:20'], 'ssids': ['iotroam', 'iotroam', 'eduroam', 'iotroam', 'iotroam', 'iotroam', 'iotroam'], 'signals': [-53, -61, -60, -74, -70, -70, -73], 'timestamps': [1.7832635017078612e+18, 1.7832634980138235e+18, 1.7832635033928612e+18, 1.7832635033688612e+18, 1.7832634998148613e+18, 1.783263501705861e+18, 1.7832635017088612e+18], 'frequencies': [2412, 2437, 5500, 5320, 5540, 2412, 2412]}
53 90 1783263503600486878
{'names': ['NU-AP06163', 'NU-AP06164', 'NU-AP06163', 'NU-AP06162', 'NU-AP06164', 'NU-AP06167', 'NU-AP07183'], 'addresses': ['48:00:b3:5f:46:a0', '48:00:b3:5f:72:e0', '48:00:b3:5f:46:ae', '48:00:b3:5a:90:8f', '48:00:b3:5f:72:ef', '48:00:b3:5e:0b:e0', '48:00:b3:5f:70:20'], 'ssids': ['iotroam', 'iotroam', 'eduroam', 'iotroam', 'iotroam', 'iotroam', 'iotroam'], 'signals': [-53, -61, -60, -74, -70, -70, -73], 'timestamps': [1.7832635017078612e+18, 1.7832634980138235e+18, 1.7832635033928612e+18, 1.7832635033688612e+18, 1.783263503576487e+18, 1.783263501705861e+18, 1.7832635017088612e+18], 'frequencies': [2412, 2437, 5500, 5320, 5540, 2412, 2412]}
56 93 1783263503665356961
{'names': ['NU-AP06163', 'NU-AP06164', 'NU-AP06163', 'NU-AP06162', 'NU-AP06164', 'NU-AP06167', 'NU-AP07183'], 'addresses': ['48:00:b3:5f:46:a0', '48:00:b3:5f:72:e0', '48:00:b3:5f:46:ae', '48:00:b3:5a:90:8f', '48:00:b3:5f:72:ef', '48:00:b3:5e:0b:e0', '48:00:b3:5f:70:20'], 'ssids': ['iotroam', 'iotroam', 'eduroam', 'iotroam', 'iotroam', 'iotroam', 'iotroam'], 'signals': [-53, -61, -60, -74, -70, -70, -73], 'timestamps': [1.783263501708357e+18, 1.7832634980138235e+18, 1.783263503393357e+18, 1.783263503369357e+18, 1.783263503577357e+18, 1.783263501706357e+18, 1.783263501709357e+18], 'frequencies': [2412, 2437, 5500, 5320, 5540, 2412, 2412]}
60 96 1783263504323133461
{'names': ['NU-AP06163', 'NU-AP06163', 'NU-AP06162', 'NU-AP06164', 'NU-AP06167', 'NU-AP07183'], 'addresses': ['48:00:b3:5f:46:a0', '48:00:b3:5f:46:ae', '48:00:b3:5a:90:8f', '48:00:b3:5f:72:ef', '48:00:b3:5e:0b:e0', '48:00:b3:5f:70:20'], 'ssids': ['iotroam', 'eduroam', 'iotroam', 'iotroam', 'iotroam', 'iotroam'], 'signals': [-53, -60, -74, -70, -70, -73], 'timestamps': [1.7832635017091333e+18, 1.7832635033941335e+18, 1.7832635033701335e+18, 1.7832635035781335e+18, 1.7832635017071334e+18, 1.7832635017101335e+18], 'frequencies': [2412, 5500, 5320, 5540, 2412, 2412]}
