1 1 1783263396179851745
{'names': ['NU-AP06163'], 'addresses': ['48:00:b3:5f:46:a0'], 'ssids': ['iotroam'], 'signals': [-52], 'timestamps': [1.7832633961788518e+18], 'frequencies': [2412]}
3 2 1783263396224868221
{'names': ['NU-AP06163', 'NU-AP07183'], 'addresses': ['48:00:b3:5f:46:a0', '48:00:b3:5f:70:20'], 'ssids': ['iotroam', 'iotroam'], 'signals': [-52, -74], 'timestamps': [1.7832633961788682e+18, 1.783263396180868e+18], 'frequencies': [2412, 2412]}
5 3 1783263396271005910
{'names': ['NU-AP06163', 'NU-AP07183'], 'addresses': ['48:00:b3:5f:46:a0', '48:00:b3:5f:70:20'], 'ssids': ['iotroam', 'iotroam'], 'signals': [-52, -74], 'timestamps': [1.783263396179006e+18, 1.7832633961810058e+18], 'frequencies': [2412, 2412]}
5 4 1783263396317133653
{'names': ['NU-AP06163', 'NU-AP07183'], 'addresses': ['48:00:b3:5f:46:a0', '48:00:b3:5f:70:20'], 'ssids': ['iotroam', 'iotroam'], 'signals': [-52, -74], 'timestamps': [1.783263396179006e+18, 1.7832633961810058e+18], 'frequencies': [2412, 2412]}
6 5 1783263396362861643
{'names': ['NU-AP06163', 'NU-AP07183', 'NU-AP06165'], 'addresses': ['48:00:b3:5f:46:a0', '48:00:b3:5f:70:20', '48:00:b3:5e:17:c0'], 'ssids': ['iotroam', 'iotroam', 'iotroam'], 'signals': [-52, -74, -77], 'timestamps': [1.783263396179006e+18, 1.7832633961810058e+18, 1.7832633963278615e+18], 'frequencies': [2412, 2412, 2437]}
6 6 1783263396410846799
{'names': ['NU-AP06163', 'NU-AP07183', 'NU-AP06165'], 'addresses': ['48:00:b3:5f:46:a0', '48:00:b3:5f:70:20', '48:00:b3:5e:17:c0'], 'ssids': ['iotroam', 'iotroam', 'iotroam'], 'signals': [-52, -74, -77], 'timestamps': [1.783263396179006e+18, 1.7832633961810058e+18, 1.7832633963278615e+18], 'frequencies': [2412, 2412, 2437]}
6 7 1783263396457664389
{'names': ['NU-AP06163', 'NU-AP07183', 'NU-AP06165'], 'addresses': ['48:00:b3:5f:46:a0', '48:00:b3:5f:70:20', '48:00:b3:5e:17:c0'], 'ssids': ['iotroam', 'iotroam', 'iotroam'], 'signals': [-52, -74, -77], 'timestamps': [1.783263396179006e+18, 1.7832633961810058e+18, 1.7832633963278615e+18], 'frequencies': [2412, 2412, 2437]}
6 8 1783263396504643432
{'names': ['NU-AP06163', 'NU-AP07183', 'NU-AP06165'], 'addresses': ['48:00:b3:5f:46:a0', '48:00:b3:5f:70:20', '48:00:b3:5e:17:c0'], 'ssids': ['iotroam', 'iotroam', 'iotroam'], 'signals': [-52, -74, -77], 'timestamps': [1.783263396179006e+18, 1.7832633961810058e+18, 1.7832633963278615e+18], 'frequencies': [2412, 2412, 2437]}
7 9 1783263396550897550
{'names': ['NU-AP06163', 'NU-AP07183', 'NU-AP06165'], 'addresses': ['48:00:b3:5f:46:a0', '48:00:b3:5f:70:20', '48:00:b3:5e:17:c0'], 'ssids': ['iotroam', 'iotroam', 'iotroam'], 'signals': [-52, -74, -77], 'timestamps': [1.783263396179006e+18, 1.7832633961810058e+18, 1.7832633963278976e+18], 'frequencies': [2412, 2412, 2437]}
7 10 1783263396599046769
{'names': ['NU-AP06163', 'NU-AP07183', 'NU-AP06165'], 'addresses': ['48:00:b3:5f:46:a0', '48:00:b3:5f:70:20', '48:00:b3:5e:17:c0'], 'ssids': ['iotroam', 'iotroam', 'iotroam'], 'signals': [-52, -74, -77], 'timestamps': [1.783263396179006e+18, 1.7832633961810058e+18, 1.7832633963278976e+18], 'frequencies': [2412, 2412, 2437]}
10 11 1783263396656262903
{'names': ['NU-AP06163', 'NU-AP07183', 'NU-AP06165'], 'addresses': ['48:00:b3:5f:46:a0', '48:00:b3:5f:70:20', '48:00:b3:5e:17:c0'], 'ssids': ['iotroam', 'iotroam', 'iotroam'], 'signals': [-52, -74, -77], 'timestamps': [1.783263396180263e+18, 1.7832633961822628e+18, 1.7832633963292628e+18], 'frequencies': [2412, 2412, 2437]}
10 12 1783263396744627210
{'names': ['NU-AP06163', 'NU-AP07183', 'NU-AP06165'], 'addresses': ['48:00:b3:5f:46:a0', '48:00:b3:5f:70:20', '48:00:b3:5e:17:c0'], 'ssids': ['iotroam', 'iotroam', 'iotroam'], 'signals': [-52, -74, -77], 'timestamps': [1.783263396180263e+18, 1.7832633961822628e+18, 1.7832633963292628e+18], 'frequencies': [2412, 2412, 2437]}
10 13 1783263396799733040
{'names': ['NU-AP06163', 'NU-AP07183', 'NU-AP06165'], 'addresses': ['48:00:b3:5f:46:a0', '48:00:b3:5f:70:20', '48:00:b3:5e:17:c0'], 'ssids': ['iotroam', 'iotroam', 'iotroam'], 'signals': [-52, -74, -77], 'timestamps': [1.783263396180263e+18, 1.7832633961822628e+18, 1.7832633963292628e+18], 'frequencies': [2412, 2412, 2437]}
10 14 1783263396846896795
{'names': ['NU-AP06163', 'NU-AP07183', 'NU-AP06165'], 'addresses': ['48:00:b3:5f:46:a0', '48:00:b3:5f:70:20', '48:00:b3:5e:17:c0'], 'ssids': ['iotroam', 'iotroam', 'iotroam'], 'signals': [-52, -74, -77], 'timestamps': [1.783263396180263e+18, 1.7832633961822628e+18, 1.7832633963292628e+18], 'frequencies': [2412, 2412, 2437]}
10 15 1783263396894396743
{'names': ['NU-AP06163', 'NU-AP07183', 'NU-AP06165'], 'addresses': ['48:00:b3:5f:46:a0', '48:00:b3:5f:70:20', '48:00:b3:5e:17:c0'], 'ssids': ['iotroam', 'iotroam', 'iotroam'], 'signals': [-52, -74, -77], 'timestamps': [1.783263396180263e+18, 1.7832633961822628e+18, 1.7832633963292628e+18], 'frequencies': [2412, 2412, 2437]}
10 16 1783263396943956469
{'names': ['NU-AP06163', 'NU-AP07183', 'NU-AP06165'], 'addresses': ['48:00:b3:5f:46:a0', '48:00:b3:5f:70:20', '48:00:b3:5e:17:c0'], 'ssids': ['iotroam', 'iotroam', 'iotroam'], 'signals': [-52, -74, -77], 'timestamps': [1.783263396180263e+18, 1.7832633961822628e+18, 1.7832633963292628e+18], 'frequencies': [2412, 2412, 2437]}
10 17 1783263396992078861
{'names': ['NU-AP06163', 'NU-AP07183', 'NU-AP06165'], 'addresses': ['48:00:b3:5f:46:a0', '48:00:b3:5f:70:20', '48:00:b3:5e:17:c0'], 'ssids': ['iotroam', 'iotroam', 'iotroam'], 'signals': [-52, -74, -77], 'timestamps': [1.783263396180263e+18, 1.7832633961822628e+18, 1.7832633963292628e+18], 'frequencies': [2412, 2412, 2437]}
10 18 1783263397038163816
{'names': ['NU-AP06163', 'NU-AP07183', 'NU-AP06165'], 'addresses': ['48:00:b3:5f:46:a0', '48:00:b3:5f:70:20', '48:00:b3:5e:17:c0'], 'ssids': ['iotroam', 'iotroam', 'iotroam'], 'signals': [-52, -74, -77], 'timestamps': [1.783263396180263e+18, 1.7832633961822628e+18, 1.7832633963292628e+18], 'frequencies': [2412, 2412, 2437]}
10 19 1783263397085865599
{'names': ['NU-AP06163', 'NU-AP07183', 'NU-AP06165'], 'addresses': ['48:00:b3:5f:46:a0', '48:00:b3:5f:70:20', '48:00:b3:5e:17:c0'], 'ssids': ['iotroam', 'iotroam', 'iotroam'], 'signals': [-52, -74, -77], 'timestamps': [1.783263396180263e+18, 1.7832633961822628e+18, 1.7832633963292628e+18], 'frequencies': [2412, 2412, 2437]}
10 20 1783263397133352513
{'names': ['NU-AP06163', 'NU-AP07183', 'NU-AP06165'], 'addresses': ['48:00:b3:5f:46:a0', '48:00:b3:5f:70:20', '48:00:b3:5e:17:c0'], 'ssids': ['iotroam', 'iotroam', 'iotroam'], 'signals': [-52, -74, -77], 'timestamps': [1.783263396180263e+18, 1.7832633961822628e+18, 1.7832633963292628e+18], 'frequencies': [2412, 2412, 2437]}
10 21 1783263397180048559
{'names': ['NU-AP06163', 'NU-AP07183', 'NU-AP06165'], 'addresses': ['48:00:b3:5f:46:a0', '48:00:b3:5f:70:20', '48:00:b3:5e:17:c0'], 'ssids': ['iotroam', 'iotroam', 'iotroam'], 'signals': [-52, -74, -77], 'timestamps': [1.783263396180263e+18, 1.7832633961822628e+18, 1.7832633963292628e+18], 'frequencies': [2412, 2412, 2437]}
10 22 1783263397227867970
{'names': ['NU-AP06163', 'NU-AP07183', 'NU-AP06165'], 'addresses': ['48:00:b3:5f:46:a0', '48:00:b3:5f:70:20', '48:00:b3:5e:17:c0'], 'ssids': ['iotroam', 'iotroam', 'iotroam'], 'signals': [-52, -74, -77], 'timestamps': [1.783263396180263e+18, 1.7832633961822628e+18, 1.7832633963292628e+18], 'frequencies': [2412, 2412, 2437]}
10 23 1783263397275640433
{'names': ['NU-AP06163', 'NU-AP07183', 'NU-AP06165'], 'addresses': ['48:00:b3:5f:46:a0', '48:00:b3:5f:70:20', '48:00:b3:5e:17:c0'], 'ssids': ['iotroam', 'iotroam', 'iotroam'], 'signals': [-52, -74, -77], 'timestamps': [1.783263396180263e+18, 1.7832633961822628e+18, 1.7832633963292628e+18], 'frequencies': [2412, 2412, 2437]}
10 24 1783263397323303727
{'names': ['NU-AP06163', 'NU-AP07183', 'NU-AP06165'], 'addresses': ['48:00:b3:5f:46:a0', '48:00:b3:5f:70:20', '48:00:b3:5e:17:c0'], 'ssids': ['iotroam', 'iotroam', 'iotroam'], 'signals': [-52, -74, -77], 'timestamps': [1.783263396180263e+18, 1.7832633961822628e+18, 1.7832633963292628e+18], 'frequencies': [2412, 2412, 2437]}
10 25 1783263397370166625
{'names': ['NU-AP06163', 'NU-AP07183', 'NU-AP06165'], 'addresses': ['48:00:b3:5f:46:a0', '48:00:b3:5f:70:20', '48:00:b3:5e:17:c0'], 'ssids': ['iotroam', 'iotroam', 'iotroam'], 'signals': [-52, -74, -77], 'timestamps': [1.783263396180263e+18, 1.7832633961822628e+18, 1.7832633963292628e+18], 'frequencies': [2412, 2412, 2437]}
10 26 1783263397422426689
{'names': ['NU-AP06163', 'NU-AP07183', 'NU-AP06165'], 'addresses': ['48:00:b3:5f:46:a0', '48:00:b3:5f:70:20', '48:00:b3:5e:17:c0'], 'ssids': ['iotroam', 'iotroam', 'iotroam'], 'signals': [-52, -74, -77], 'timestamps': [1.783263396180263e+18, 1.7832633961822628e+18, 1.7832633963292628e+18], 'frequencies': [2412, 2412, 2437]}
10 27 1783263397470367432
{'names': ['NU-AP06163', 'NU-AP07183', 'NU-AP06165'], 'addresses': ['48:00:b3:5f:46:a0', '48:00:b3:5f:70:20', '48:00:b3:5e:17:c0'], 'ssids': ['iotroam', 'iotroam', 'iotroam'], 'signals': [-52, -74, -77], 'timestamps': [1.783263396180263e+18, 1.7832633961822628e+18, 1.7832633963292628e+18], 'frequencies': [2412, 2412, 2437]}
10 28 1783263397517672878
{'names': ['NU-AP06163', 'NU-AP07183', 'NU-AP06165'], 'addresses': ['48:00:b3:5f:46:a0', '48:00:b3:5f:70:20', '48:00:b3:5e:17:c0'], 'ssids': ['iotroam', 'iotroam', 'iotroam'], 'signals': [-52, -74, -77], 'timestamps': [1.783263396180263e+18, 1.7832633961822628e+18, 1.7832633963292628e+18], 'frequencies': [2412, 2412, 2437]}
10 29 1783263397565483412
{'names': ['NU-AP06163', 'NU-AP07183', 'NU-AP06165'], 'addresses': ['48:00:b3:5f:46:a0', '48:00:b3:5f:70:20', '48:00:b3:5e:17:c0'], 'ssids': ['iotroam', 'iotroam', 'iotroam'], 'signals': [-52, -74, -77], 'timestamps': [1.783263396180263e+18, 1.7832633961822628e+18, 1.7832633963292628e+18], 'frequencies': [2412, 2412, 2437]}
10 30 1783263397621846505
{'names': ['NU-AP06163', 'NU-AP07183', 'NU-AP06165'], 'addresses': ['48:00:b3:5f:46:a0', '48:00:b3:5f:70:20', '48:00:b3:5e:17:c0'], 'ssids': ['iotroam', 'iotroam', 'iotroam'], 'signals': [-52, -74, -77], 'timestamps': [1.783263396180263e+18, 1.7832633961822628e+18, 1.7832633963292628e+18], 'frequencies': [2412, 2412, 2437]}
10 31 1783263397697154956
{'names': ['NU-AP06163', 'NU-AP07183', 'NU-AP06165'], 'addresses': ['48:00:b3:5f:46:a0', '48:00:b3:5f:70:20', '48:00:b3:5e:17:c0'], 'ssids': ['iotroam', 'iotroam', 'iotroam'], 'signals': [-52, -74, -77], 'timestamps': [1.783263396180263e+18, 1.7832633961822628e+18, 1.7832633963292628e+18], 'frequencies': [2412, 2412, 2437]}
10 32 1783263397745749607
{'names': ['NU-AP06163', 'NU-AP07183', 'NU-AP06165'], 'addresses': ['48:00:b3:5f:46:a0', '48:00:b3:5f:70:20', '48:00:b3:5e:17:c0'], 'ssids': ['iotroam', 'iotroam', 'iotroam'], 'signals': [-52, -74, -77], 'timestamps': [1.783263396180263e+18, 1.7832633961822628e+18, 1.7832633963292628e+18], 'frequencies': [2412, 2412, 2437]}
10 33 1783263397793207942
{'names': ['NU-AP06163', 'NU-AP07183', 'NU-AP06165'], 'addresses': ['48:00:b3:5f:46:a0', '48:00:b3:5f:70:20', '48:00:b3:5e:17:c0'], 'ssids': ['iotroam', 'iotroam', 'iotroam'], 'signals': [-52, -74, -77], 'timestamps': [1.783263396180263e+18, 1.7832633961822628e+18, 1.7832633963292628e+18], 'frequencies': [2412, 2412, 2437]}
10 35 1783263397841782671
{'names': ['NU-AP06163', 'NU-AP07183', 'NU-AP06165', 'NU-AP06162'], 'addresses': ['48:00:b3:5f:46:a0', '48:00:b3:5f:70:20', '48:00:b3:5e:17:c0', '48:00:b3:5a:90:8d'], 'ssids': ['iotroam', 'iotroam', 'iotroam', 'VU-Campusnet'], 'signals': [-52, -74, -77, -73], 'timestamps': [1.783263396180263e+18, 1.7832633961822628e+18, 1.7832633963292628e+18, 1.783263397823783e+18], 'frequencies': [2412, 2412, 2437, 5320]}
10 36 1783263397894615995
{'names': ['NU-AP06163', 'NU-AP07183', 'NU-AP06165', 'NU-AP06162', 'NU-AP06163'], 'addresses': ['48:00:b3:5f:46:a0', '48:00:b3:5f:70:20', '48:00:b3:5e:17:c0', '48:00:b3:5a:90:8d', '48:00:b3:5f:46:ad'], 'ssids': ['iotroam', 'iotroam', 'iotroam', 'VU-Campusnet', 'VU-Campusnet'], 'signals': [-52, -74, -77, -73, -60], 'timestamps': [1.783263396180263e+18, 1.7832633961822628e+18, 1.7832633963292628e+18, 1.783263397823783e+18, 1.783263397867616e+18], 'frequencies': [2412, 2412, 2437, 5320, 5500]}
10 38 1783263397950550528
{'names': ['NU-AP06163', 'NU-AP07183', 'NU-AP06165', 'NU-AP06162', 'NU-AP06163'], 'addresses': ['48:00:b3:5f:46:a0', '48:00:b3:5f:70:20', '48:00:b3:5e:17:c0', '48:00:b3:5a:90:8d', '48:00:b3:5f:46:ad'], 'ssids': ['iotroam', 'iotroam', 'iotroam', 'VU-Campusnet', 'VU-Campusnet'], 'signals': [-52, -74, -77, -73, -60], 'timestamps': [1.783263396180263e+18, 1.7832633961822628e+18, 1.7832633963292628e+18, 1.7832633978245504e+18, 1.7832633978685507e+18], 'frequencies': [2412, 2412, 2437, 5320, 5500]}
10 41 1783263398169728568
{'names': ['NU-AP06163', 'NU-AP07183', 'NU-AP06165', 'NU-AP06162', 'NU-AP06163', 'NU-AP06164'], 'addresses': ['48:00:b3:5f:46:a0', '48:00:b3:5f:70:20', '48:00:b3:5e:17:c0', '48:00:b3:5a:90:8d', '48:00:b3:5f:46:ad', '48:00:b3:5f:72:ed'], 'ssids': ['iotroam', 'iotroam', 'iotroam', 'VU-Campusnet', 'VU-Campusnet', 'VU-Campusnet'], 'signals': [-52, -74, -77, -73, -60, -70], 'timestamps': [1.783263396180263e+18, 1.7832633961822628e+18, 1.7832633963292628e+18, 1.7832633978247286e+18, 1.7832633978687286e+18, 1.7832633981327286e+18], 'frequencies': [2412, 2412, 2437, 5320, 5500, 5540]}
10 44 1783263398288102100
{'names': ['NU-AP06163', 'NU-AP07183', 'NU-AP06165', 'NU-AP06162', 'NU-AP06163', 'NU-AP06164'], 'addresses': ['48:00:b3:5f:46:a0', '48:00:b3:5f:70:20', '48:00:b3:5e:17:c0', '48:00:b3:5a:90:8d', '48:00:b3:5f:46:ad', '48:00:b3:5f:72:ed'], 'ssids': ['iotroam', 'iotroam', 'iotroam', 'VU-Campusnet', 'VU-Campusnet', 'VU-Campusnet'], 'signals': [-52, -74, -77, -73, -60, -70], 'timestamps': [1.783263396180263e+18, 1.7832633961822628e+18, 1.7832633963292628e+18, 1.783263397825102e+18, 1.783263397869102e+18, 1.783263398133102e+18], 'frequencies': [2412, 2412, 2437, 5320, 5500, 5540]}
11 44 1783263400035935761
{'names': ['NU-AP06163', 'NU-AP07183', 'NU-AP06165', 'NU-AP06162', 'NU-AP06163', 'NU-AP06164'], 'addresses': ['48:00:b3:5f:46:a0', '48:00:b3:5f:70:20', '48:00:b3:5e:17:c0', '48:00:b3:5a:90:8d', '48:00:b3:5f:46:ad', '48:00:b3:5f:72:ed'], 'ssids': ['iotroam', 'iotroam', 'iotroam', 'VU-Campusnet', 'VU-Campusnet', 'VU-Campusnet'], 'signals': [-52, -74, -77, -73, -60, -70], 'timestamps': [1.7832634000299356e+18, 1.7832633961822628e+18, 1.7832633963292628e+18, 1.783263397825102e+18, 1.783263397869102e+18, 1.783263398133102e+18], 'frequencies': [2412, 2412, 2437, 5320, 5500, 5540]}
12 44 1783263400101321327
{'names': ['NU-AP06163', 'NU-AP07183', 'NU-AP06165', 'NU-AP06162', 'NU-AP06163', 'NU-AP06164'], 'addresses': ['48:00:b3:5f:46:a0', '48:00:b3:5f:70:20', '48:00:b3:5e:17:c0', '48:00:b3:5a:90:8d', '48:00:b3:5f:46:ad', '48:00:b3:5f:72:ed'], 'ssids': ['iotroam', 'iotroam', 'iotroam', 'VU-Campusnet', 'VU-Campusnet', 'VU-Campusnet'], 'signals': [-52, -74, -77, -73, -60, -70], 'timestamps': [1.7832634000303212e+18, 1.7832633961822628e+18, 1.7832633963292628e+18, 1.783263397825102e+18, 1.783263397869102e+18, 1.783263398133102e+18], 'frequencies': [2412, 2412, 2437, 5320, 5500, 5540]}
13 44 1783263400164404279
{'names': ['NU-AP06163', 'NU-AP07183', 'NU-AP06165', 'NU-AP06162', 'NU-AP06163', 'NU-AP06164'], 'addresses': ['48:00:b3:5f:46:a0', '48:00:b3:5f:70:20', '48:00:b3:5e:17:c0', '48:00:b3:5a:90:8d', '48:00:b3:5f:46:ad', '48:00:b3:5f:72:ed'], 'ssids': ['iotroam', 'iotroam', 'iotroam', 'VU-Campusnet', 'VU-Campusnet', 'VU-Campusnet'], 'signals': [-52, -74, -77, -73, -60, -70], 'timestamps': [1.783263400030404e+18, 1.7832633961822628e+18, 1.7832633963292628e+18, 1.783263397825102e+18, 1.783263397869102e+18, 1.783263398133102e+18], 'frequencies': [2412, 2412, 2437, 5320, 5500, 5540]}
15 44 1783263400225775569
{'names': ['NU-AP06163', 'NU-AP07183', 'NU-AP06165', 'NU-AP06162', 'NU-AP06163', 'NU-AP06164', 'NU-AP06164'], 'addresses': ['48:00:b3:5f:46:a0', '48:00:b3:5f:70:20', '48:00:b3:5e:17:c0', '48:00:b3:5a:90:8d', '48:00:b3:5f:46:ad', '48:00:b3:5f:72:ed', '48:00:b3:5f:72:e0'], 'ssids': ['iotroam', 'iotroam', 'iotroam', 'VU-Campusnet', 'VU-Campusnet', 'VU-Campusnet', 'iotroam'], 'signals': [-52, -74, -77, -73, -60, -70, -60], 'timestamps': [1.7832634000307756e+18, 1.7832633961822628e+18, 1.7832633963292628e+18, 1.783263397825102e+18, 1.783263397869102e+18, 1.783263398133102e+18, 1.7832634001787756e+18], 'frequencies': [2412, 2412, 2437, 5320, 5500, 5540, 2437]}
15 46 1783263401717480639
{'names': ['NU-AP06163', 'NU-AP07183', 'NU-AP06165', 'NU-AP06162', 'NU-AP06163', 'NU-AP06164', 'NU-AP06164'], 'addresses': ['48:00:b3:5f:46:a0', '48:00:b3:5f:70:20', '48:00:b3:5e:17:c0', '48:00:b3:5a:90:8d', '48:00:b3:5f:46:ae', '48:00:b3:5f:72:ed', '48:00:b3:5f:72:e0'], 'ssids': ['iotroam', 'iotroam', 'iotroam', 'VU-Campusnet', 'eduroam', 'VU-Campusnet', 'iotroam'], 'signals': [-52, -74, -77, -73, -60, -70, -60], 'timestamps': [1.7832634000307756e+18, 1.7832633961822628e+18, 1.7832633963292628e+18, 1.7832634016854807e+18, 1.7832634017094807e+18, 1.783263398133102e+18, 1.7832634001787756e+18], 'frequencies': [2412, 2412, 2437, 5320, 5500, 5540, 2437]}
17 48 1783263401839834214
{'names': ['NU-AP06163', 'NU-AP07183', 'NU-AP06165', 'NU-AP06162', 'NU-AP06163', 'NU-AP06164', 'NU-AP06164'], 'addresses': ['48:00:b3:5f:46:a0', '48:00:b3:5f:70:20', '48:00:b3:5e:17:c0', '48:00:b3:5a:90:8d', '48:00:b3:5f:46:ae', '48:00:b3:5f:72:ed', '48:00:b3:5f:72:e0'], 'ssids': ['iotroam', 'iotroam', 'iotroam', 'VU-Campusnet', 'eduroam', 'VU-Campusnet', 'iotroam'], 'signals': [-52, -74, -77, -73, -60, -70, -60], 'timestamps': [1.7832634000308342e+18, 1.7832633961822628e+18, 1.7832633963292628e+18, 1.7832634016858342e+18, 1.7832634017098342e+18, 1.783263398133102e+18, 1.7832634001788342e+18], 'frequencies': [2412, 2412, 2437, 5320, 5500, 5540, 2437]}
17 49 1783263401902928003
{'names': ['NU-AP06163', 'NU-AP07183', 'NU-AP06165', 'NU-AP06162', 'NU-AP06163', 'NU-AP06164', 'NU-AP06164'], 'addresses': ['48:00:b3:5f:46:a0', '48:00:b3:5f:70:20', '48:00:b3:5e:17:c0', '48:00:b3:5a:90:8d', '48:00:b3:5f:46:ae', '48:00:b3:5f:72:ef', '48:00:b3:5f:72:e0'], 'ssids': ['iotroam', 'iotroam', 'iotroam', 'VU-Campusnet', 'eduroam', 'iotroam', 'iotroam'], 'signals': [-52, -74, -77, -73, -60, -71, -60], 'timestamps': [1.7832634000308342e+18, 1.7832633961822628e+18, 1.7832633963292628e+18, 1.7832634016858342e+18, 1.7832634017098342e+18, 1.783263401891928e+18, 1.7832634001788342e+18], 'frequencies': [2412, 2412, 2437, 5320, 5500, 5540, 2437]}
17 50 1783263402025986457
{'names': ['NU-AP06163', 'NU-AP07183', 'NU-AP06165', 'NU-AP06162', 'NU-AP06163', 'NU-AP06164', 'NU-AP06164'], 'addresses': ['48:00:b3:5f:46:a0', '48:00:b3:5f:70:20', '48:00:b3:5e:17:c0', '48:00:b3:5a:90:8d', '48:00:b3:5f:46:ae', '48:00:b3:5f:72:ef', '48:00:b3:5f:72:e0'], 'ssids': ['iotroam', 'iotroam', 'iotroam', 'VU-Campusnet', 'eduroam', 'iotroam', 'iotroam'], 'signals': [-52, -74, -77, -73, -60, -71, -60], 'timestamps': [1.7832634000308342e+18, 1.7832633961822628e+18, 1.7832633963292628e+18, 1.7832634016858342e+18, 1.7832634017098342e+18, 1.7832634018919864e+18, 1.7832634001788342e+18], 'frequencies': [2412, 2412, 2437, 5320, 5500, 5540, 2437]}
21 53 1783263402088293948
{'names': ['NU-AP06163', 'NU-AP07183', 'NU-AP06165', 'NU-AP06162', 'NU-AP06163', 'NU-AP06164', 'NU-AP06164'], 'addresses': ['48:00:b3:5f:46:a0', '48:00:b3:5f:70:20', '48:00:b3:5e:17:c0', '48:00:b3:5a:90:8d', '48:00:b3:5f:46:ae', '48:00:b3:5f:72:ef', '48:00:b3:5f:72:e0'], 'ssids': ['iotroam', 'iotroam', 'iotroam', 'VU-Campusnet', 'eduroam', 'iotroam', 'iotroam'], 'signals': [-52, -74, -77, -73, -60, -71, -60], 'timestamps': [1.783263400031294e+18, 1.783263396182294e+18, 1.7832633963292938e+18, 1.783263401686294e+18, 1.783263401710294e+18, 1.7832634018932938e+18, 1.783263400179294e+18], 'frequencies': [2412, 2412, 2437, 5320, 5500, 5540, 2437]}
22 53 1783263404005165404
{'names': ['NU-AP06163', 'NU-AP06162', 'NU-AP06163', 'NU-AP06164', 'NU-AP06164'], 'addresses': ['48:00:b3:5f:46:a0', '48:00:b3:5a:90:8d', '48:00:b3:5f:46:ae', '48:00:b3:5f:72:ef', '48:00:b3:5f:72:e0'], 'ssids': ['iotroam', 'VU-Campusnet', 'eduroam', 'iotroam', 'iotroam'], 'signals': [-52, -73, -60, -71, -60], 'timestamps': [1.783263400031294e+18, 1.783263401686294e+18, 1.783263401710294e+18, 1.7832634018932938e+18, 1.7832634039831654e+18], 'frequencies': [2412, 5320, 5500, 5540, 2437]}
24 56 1783263404513746233
{'names': ['NU-AP06163', 'NU-AP06162', 'NU-AP06163', 'NU-AP06164', 'NU-AP06164'], 'addresses': ['48:00:b3:5f:46:a0', '48:00:b3:5a:90:8d', '48:00:b3:5f:46:ae', '48:00:b3:5f:72:ef', '48:00:b3:5f:72:e0'], 'ssids': ['iotroam', 'VU-Campusnet', 'eduroam', 'iotroam', 'iotroam'], 'signals': [-52, -73, -60, -71, -60], 'timestamps': [1.783263400031746e+18, 1.783263401686746e+18, 1.783263401710746e+18, 1.7832634018937462e+18, 1.783263403983746e+18], 'frequencies': [2412, 5320, 5500, 5540, 2437]}
24 57 1783263405514868325
{'names': ['NU-AP06163', 'NU-AP06162', 'NU-AP06163', 'NU-AP06164', 'NU-AP06164'], 'addresses': ['48:00:b3:5f:46:a0', '48:00:b3:5a:90:8f', '48:00:b3:5f:46:ae', '48:00:b3:5f:72:ef', '48:00:b3:5f:72:e0'], 'ssids': ['iotroam', 'iotroam', 'eduroam', 'iotroam', 'iotroam'], 'signals': [-52, -74, -60, -71, -60], 'timestamps': [1.783263400031746e+18, 1.7832634055038682e+18, 1.783263401710746e+18, 1.7832634018937462e+18, 1.783263403983746e+18], 'frequencies': [2412, 5320, 5500, 5540, 2437]}
24 59 1783263405573882738
{'names': ['NU-AP06163', 'NU-AP06162', 'NU-AP06163', 'NU-AP06164', 'NU-AP06164'], 'addresses': ['48:00:b3:5f:46:a0', '48:00:b3:5a:90:8f', '48:00:b3:5f:46:ad', '48:00:b3:5f:72:ef', '48:00:b3:5f:72:e0'], 'ssids': ['iotroam', 'iotroam', 'VU-Campusnet', 'iotroam', 'iotroam'], 'signals': [-52, -74, -60, -71, -60], 'timestamps': [1.783263400031746e+18, 1.7832634055038828e+18, 1.7832634055478825e+18, 1.7832634018937462e+18, 1.783263403983746e+18], 'frequencies': [2412, 5320, 5500, 5540, 2437]}
24 61 1783263405634154767
{'names': ['NU-AP06163', 'NU-AP06162', 'NU-AP06163', 'NU-AP06164', 'NU-AP06164'], 'addresses': ['48:00:b3:5f:46:a0', '48:00:b3:5a:90:8f', '48:00:b3:5f:46:ad', '48:00:b3:5f:72:ef', '48:00:b3:5f:72:e0'], 'ssids': ['iotroam', 'iotroam', 'VU-Campusnet', 'iotroam', 'iotroam'], 'signals': [-52, -74, -60, -71, -60], 'timestamps': [1.783263400031746e+18, 1.7832634055041546e+18, 1.783263405548155e+18, 1.7832634018937462e+18, 1.783263403983746e+18], 'frequencies': [2412, 5320, 5500, 5540, 2437]}
24 63 1783263405751256449
{'names': ['NU-AP06163', 'NU-AP06162', 'NU-AP06163', 'NU-AP06164', 'NU-AP06164'], 'addresses': ['48:00:b3:5f:46:a0', '48:00:b3:5a:90:8f', '48:00:b3:5f:46:ad', '48:00:b3:5f:72:ef', '48:00:b3:5f:72:e0'], 'ssids': ['iotroam', 'iotroam', 'VU-Campusnet', 'iotroam', 'iotroam'], 'signals': [-52, -74, -60, -71, -60], 'timestamps': [1.783263400031746e+18, 1.7832634055042565e+18, 1.7832634055482565e+18, 1.7832634018937462e+18, 1.783263403983746e+18], 'frequencies': [2412, 5320, 5500, 5540, 2437]}
24 64 1783263405816476676
{'names': ['NU-AP06163', 'NU-AP06162', 'NU-AP06163', 'NU-AP06164', 'NU-AP06164'], 'addresses': ['48:00:b3:5f:46:a0', '48:00:b3:5a:90:8f', '48:00:b3:5f:46:ad', '48:00:b3:5f:72:ef', '48:00:b3:5f:72:e0'], 'ssids': ['iotroam', 'iotroam', 'VU-Campusnet', 'iotroam', 'iotroam'], 'signals': [-52, -74, -60, -70, -60], 'timestamps': [1.783263400031746e+18, 1.7832634055042565e+18, 1.7832634055482565e+18, 1.7832634058104765e+18, 1.783263403983746e+18], 'frequencies': [2412, 5320, 5500, 5540, 2437]}
24 67 1783263405876376561
{'names': ['NU-AP06163', 'NU-AP06162', 'NU-AP06163', 'NU-AP06164', 'NU-AP06164'], 'addresses': ['48:00:b3:5f:46:a0', '48:00:b3:5a:90:8f', '48:00:b3:5f:46:ad', '48:00:b3:5f:72:ef', '48:00:b3:5f:72:e0'], 'ssids': ['iotroam', 'iotroam', 'VU-Campusnet', 'iotroam', 'iotroam'], 'signals': [-52, -74, -60, -70, -60], 'timestamps': [1.783263400031746e+18, 1.7832634055043766e+18, 1.7832634055483766e+18, 1.7832634058113766e+18, 1.783263403983746e+18], 'frequencies': [2412, 5320, 5500, 5540, 2437]}
24 70 1783263406432422110
{'names': ['NU-AP06162', 'NU-AP06163', 'NU-AP06164', 'NU-AP06164'], 'addresses': ['48:00:b3:5a:90:8f', '48:00:b3:5f:46:ad', '48:00:b3:5f:72:ef', '48:00:b3:5f:72:e0'], 'ssids': ['iotroam', 'VU-Campusnet', 'iotroam', 'iotroam'], 'signals': [-74, -60, -70, -60], 'timestamps': [1.7832634055044221e+18, 1.7832634055484221e+18, 1.7832634058114222e+18, 1.783263403983746e+18], 'frequencies': [5320, 5500, 5540, 2437]}
25 73 1783263406491684098
{'names': ['NU-AP06162', 'NU-AP06163', 'NU-AP06164', 'NU-AP06164'], 'addresses': ['48:00:b3:5a:90:8f', '48:00:b3:5f:46:ad', '48:00:b3:5f:72:ef', '48:00:b3:5f:72:e0'], 'ssids': ['iotroam', 'VU-Campusnet', 'iotroam', 'iotroam'], 'signals': [-74, -60, -70, -60], 'timestamps': [1.783263405504684e+18, 1.783263405548684e+18, 1.783263405811684e+18, 1.783263403983746e+18], 'frequencies': [5320, 5500, 5540, 2437]}
26 73 1783263406551260154
{'names': ['NU-AP06162', 'NU-AP06163', 'NU-AP06164', 'NU-AP06164'], 'addresses': ['48:00:b3:5a:90:8f', '48:00:b3:5f:46:ad', '48:00:b3:5f:72:ef', '48:00:b3:5f:72:e0'], 'ssids': ['iotroam', 'VU-Campusnet', 'iotroam', 'iotroam'], 'signals': [-74, -60, -70, -60], 'timestamps': [1.783263405504684e+18, 1.783263405548684e+18, 1.783263405811684e+18, 1.783263403983746e+18], 'frequencies': [5320, 5500, 5540, 2437]}
28 76 1783263406642555805
{'names': ['NU-AP06162', 'NU-AP06163', 'NU-AP06164', 'NU-AP06164'], 'addresses': ['48:00:b3:5a:90:8f', '48:00:b3:5f:46:ad', '48:00:b3:5f:72:ef', '48:00:b3:5f:72:e0'], 'ssids': ['iotroam', 'VU-Campusnet', 'iotroam', 'iotroam'], 'signals': [-74, -60, -70, -60], 'timestamps': [1.783263405506556e+18, 1.783263405550556e+18, 1.783263405813556e+18, 1.783263403984556e+18], 'frequencies': [5320, 5500, 5540, 2437]}
29 76 1783263406749235228
{'names': ['NU-AP06162', 'NU-AP06163', 'NU-AP06164', 'NU-AP06164'], 'addresses': ['48:00:b3:5a:90:8f', '48:00:b3:5f:46:ad', '48:00:b3:5f:72:ef', '48:00:b3:5f:72:e0'], 'ssids': ['iotroam', 'VU-Campusnet', 'iotroam', 'iotroam'], 'signals': [-74, -60, -70, -60], 'timestamps': [1.783263405506556e+18, 1.783263405550556e+18, 1.783263405813556e+18, 1.783263403984556e+18], 'frequencies': [5320, 5500, 5540, 2437]}
30 76 1783263406808886897
{'names': ['NU-AP06162', 'NU-AP06163', 'NU-AP06164', 'NU-AP06164'], 'addresses': ['48:00:b3:5a:90:8f', '48:00:b3:5f:46:ad', '48:00:b3:5f:72:ef', '48:00:b3:5f:72:e0'], 'ssids': ['iotroam', 'VU-Campusnet', 'iotroam', 'iotroam'], 'signals': [-74, -60, -70, -60], 'timestamps': [1.783263405506556e+18, 1.783263405550556e+18, 1.783263405813556e+18, 1.783263403984556e+18], 'frequencies': [5320, 5500, 5540, 2437]}
31 76 1783263406870743490
{'names': ['NU-AP06162', 'NU-AP06163', 'NU-AP06164', 'NU-AP06164'], 'addresses': ['48:00:b3:5a:90:8f', '48:00:b3:5f:46:ad', '48:00:b3:5f:72:ef', '48:00:b3:5f:72:e0'], 'ssids': ['iotroam', 'VU-Campusnet', 'iotroam', 'iotroam'], 'signals': [-74, -60, -70, -60], 'timestamps': [1.783263405506556e+18, 1.783263405550556e+18, 1.783263405813556e+18, 1.783263403984556e+18], 'frequencies': [5320, 5500, 5540, 2437]}
32 76 1783263406930871177
{'names': ['NU-AP06162', 'NU-AP06163', 'NU-AP06164', 'NU-AP06164'], 'addresses': ['48:00:b3:5a:90:8f', '48:00:b3:5f:46:ad', '48:00:b3:5f:72:ef', '48:00:b3:5f:72:e0'], 'ssids': ['iotroam', 'VU-Campusnet', 'iotroam', 'iotroam'], 'signals': [-74, -60, -70, -60], 'timestamps': [1.783263405506556e+18, 1.783263405550556e+18, 1.783263405813556e+18, 1.783263403984556e+18], 'frequencies': [5320, 5500, 5540, 2437]}
33 76 1783263406990919185
{'names': ['NU-AP06162', 'NU-AP06163', 'NU-AP06164', 'NU-AP06164'], 'addresses': ['48:00:b3:5a:90:8f', '48:00:b3:5f:46:ad', '48:00:b3:5f:72:ef', '48:00:b3:5f:72:e0'], 'ssids': ['iotroam', 'VU-Campusnet', 'iotroam', 'iotroam'], 'signals': [-74, -60, -70, -60], 'timestamps': [1.783263405506556e+18, 1.783263405550556e+18, 1.783263405813556e+18, 1.783263403984556e+18], 'frequencies': [5320, 5500, 5540, 2437]}
34 76 1783263407050546261
{'names': ['NU-AP06162', 'NU-AP06163', 'NU-AP06164', 'NU-AP06164'], 'addresses': ['48:00:b3:5a:90:8f', '48:00:b3:5f:46:ad', '48:00:b3:5f:72:ef', '48:00:b3:5f:72:e0'], 'ssids': ['iotroam', 'VU-Campusnet', 'iotroam', 'iotroam'], 'signals': [-74, -60, -70, -60], 'timestamps': [1.783263405506556e+18, 1.783263405550556e+18, 1.783263405813556e+18, 1.783263403984556e+18], 'frequencies': [5320, 5500, 5540, 2437]}
35 76 1783263407110023049
{'names': ['NU-AP06162', 'NU-AP06163', 'NU-AP06164', 'NU-AP06164'], 'addresses': ['48:00:b3:5a:90:8f', '48:00:b3:5f:46:ad', '48:00:b3:5f:72:ef', '48:00:b3:5f:72:e0'], 'ssids': ['iotroam', 'VU-Campusnet', 'iotroam', 'iotroam'], 'signals': [-74, -60, -70, -60], 'timestamps': [1.783263405506556e+18, 1.783263405550556e+18, 1.783263405813556e+18, 1.783263403984556e+18], 'frequencies': [5320, 5500, 5540, 2437]}
36 76 1783263407169501255
{'names': ['NU-AP06162', 'NU-AP06163', 'NU-AP06164', 'NU-AP06164'], 'addresses': ['48:00:b3:5a:90:8f', '48:00:b3:5f:46:ad', '48:00:b3:5f:72:ef', '48:00:b3:5f:72:e0'], 'ssids': ['iotroam', 'VU-Campusnet', 'iotroam', 'iotroam'], 'signals': [-74, -60, -70, -60], 'timestamps': [1.783263405506556e+18, 1.783263405550556e+18, 1.783263405813556e+18, 1.783263403984556e+18], 'frequencies': [5320, 5500, 5540, 2437]}
37 76 1783263407229800067
{'names': ['NU-AP06162', 'NU-AP06163', 'NU-AP06164', 'NU-AP06164'], 'addresses': ['48:00:b3:5a:90:8f', '48:00:b3:5f:46:ad', '48:00:b3:5f:72:ef', '48:00:b3:5f:72:e0'], 'ssids': ['iotroam', 'VU-Campusnet', 'iotroam', 'iotroam'], 'signals': [-74, -60, -70, -60], 'timestamps': [1.783263405506556e+18, 1.783263405550556e+18, 1.783263405813556e+18, 1.783263403984556e+18], 'frequencies': [5320, 5500, 5540, 2437]}
38 76 1783263407290202331
{'names': ['NU-AP06162', 'NU-AP06163', 'NU-AP06164', 'NU-AP06164'], 'addresses': ['48:00:b3:5a:90:8f', '48:00:b3:5f:46:ad', '48:00:b3:5f:72:ef', '48:00:b3:5f:72:e0'], 'ssids': ['iotroam', 'VU-Campusnet', 'iotroam', 'iotroam'], 'signals': [-74, -60, -70, -60], 'timestamps': [1.783263405506556e+18, 1.783263405550556e+18, 1.783263405813556e+18, 1.783263403984556e+18], 'frequencies': [5320, 5500, 5540, 2437]}
39 76 1783263407349673506
{'names': ['NU-AP06162', 'NU-AP06163', 'NU-AP06164', 'NU-AP06164'], 'addresses': ['48:00:b3:5a:90:8f', '48:00:b3:5f:46:ad', '48:00:b3:5f:72:ef', '48:00:b3:5f:72:e0'], 'ssids': ['iotroam', 'VU-Campusnet', 'iotroam', 'iotroam'], 'signals': [-74, -60, -70, -60], 'timestamps': [1.783263405506556e+18, 1.783263405550556e+18, 1.783263405813556e+18, 1.783263403984556e+18], 'frequencies': [5320, 5500, 5540, 2437]}
40 76 1783263407411059708
{'names': ['NU-AP06162', 'NU-AP06163', 'NU-AP06164', 'NU-AP06164'], 'addresses': ['48:00:b3:5a:90:8f', '48:00:b3:5f:46:ad', '48:00:b3:5f:72:ef', '48:00:b3:5f:72:e0'], 'ssids': ['iotroam', 'VU-Campusnet', 'iotroam', 'iotroam'], 'signals': [-74, -60, -70, -60], 'timestamps': [1.783263405506556e+18, 1.783263405550556e+18, 1.783263405813556e+18, 1.783263403984556e+18], 'frequencies': [5320, 5500, 5540, 2437]}
41 76 1783263407472328414
{'names': ['NU-AP06162', 'NU-AP06163', 'NU-AP06164', 'NU-AP06164'], 'addresses': ['48:00:b3:5a:90:8f', '48:00:b3:5f:46:ad', '48:00:b3:5f:72:ef', '48:00:b3:5f:72:e0'], 'ssids': ['iotroam', 'VU-Campusnet', 'iotroam', 'iotroam'], 'signals': [-74, -60, -70, -60], 'timestamps': [1.783263405506556e+18, 1.783263405550556e+18, 1.783263405813556e+18, 1.783263403984556e+18], 'frequencies': [5320, 5500, 5540, 2437]}
42 76 1783263407532735300
{'names': ['NU-AP06162', 'NU-AP06163', 'NU-AP06164', 'NU-AP06164'], 'addresses': ['48:00:b3:5a:90:8f', '48:00:b3:5f:46:ad', '48:00:b3:5f:72:ef', '48:00:b3:5f:72:e0'], 'ssids': ['iotroam', 'VU-Campusnet', 'iotroam', 'iotroam'], 'signals': [-74, -60, -70, -60], 'timestamps': [1.783263405506556e+18, 1.783263405550556e+18, 1.783263405813556e+18, 1.783263403984556e+18], 'frequencies': [5320, 5500, 5540, 2437]}
43 76 1783263407592060192
{'names': ['NU-AP06162', 'NU-AP06163', 'NU-AP06164', 'NU-AP06164'], 'addresses': ['48:00:b3:5a:90:8f', '48:00:b3:5f:46:ad', '48:00:b3:5f:72:ef', '48:00:b3:5f:72:e0'], 'ssids': ['iotroam', 'VU-Campusnet', 'iotroam', 'iotroam'], 'signals': [-74, -60, -70, -60], 'timestamps': [1.783263405506556e+18, 1.783263405550556e+18, 1.783263405813556e+18, 1.783263403984556e+18], 'frequencies': [5320, 5500, 5540, 2437]}
44 76 1783263407715789871
{'names': ['NU-AP06162', 'NU-AP06163', 'NU-AP06164', 'NU-AP06164', 'NU-AP06163'], 'addresses': ['48:00:b3:5a:90:8f', '48:00:b3:5f:46:ad', '48:00:b3:5f:72:ef', '48:00:b3:5f:72:e0', '48:00:b3:5f:46:a0'], 'ssids': ['iotroam', 'VU-Campusnet', 'iotroam', 'iotroam', 'iotroam'], 'signals': [-74, -60, -70, -60, -52], 'timestamps': [1.783263405506556e+18, 1.783263405550556e+18, 1.783263405813556e+18, 1.783263403984556e+18, 1.7832634077097897e+18], 'frequencies': [5320, 5500, 5540, 2437, 2412]}
45 76 1783263407774347665
{'names': ['NU-AP06162', 'NU-AP06163', 'NU-AP06164', 'NU-AP06164', 'NU-AP06163'], 'addresses': ['48:00:b3:5a:90:8f', '48:00:b3:5f:46:ad', '48:00:b3:5f:72:ef', '48:00:b3:5f:72:e0', '48:00:b3:5f:46:a0'], 'ssids': ['iotroam', 'VU-Campusnet', 'iotroam', 'iotroam', 'iotroam'], 'signals': [-74, -60, -70, -60, -52], 'timestamps': [1.783263405506556e+18, 1.783263405550556e+18, 1.783263405813556e+18, 1.783263403984556e+18, 1.7832634077103478e+18], 'frequencies': [5320, 5500, 5540, 2437, 2412]}
46 76 1783263407835362372
{'names': ['NU-AP06162', 'NU-AP06163', 'NU-AP06164', 'NU-AP06164', 'NU-AP06163'], 'addresses': ['48:00:b3:5a:90:8f', '48:00:b3:5f:46:ad', '48:00:b3:5f:72:ef', '48:00:b3:5f:72:e0', '48:00:b3:5f:46:a0'], 'ssids': ['iotroam', 'VU-Campusnet', 'iotroam', 'iotroam', 'iotroam'], 'signals': [-74, -60, -70, -60, -52], 'timestamps': [1.783263405506556e+18, 1.783263405550556e+18, 1.783263405813556e+18, 1.783263403984556e+18, 1.7832634077103624e+18], 'frequencies': [5320, 5500, 5540, 2437, 2412]}
48 76 1783263407894679754
{'names': ['NU-AP06162', 'NU-AP06163', 'NU-AP06164', 'NU-AP06164', 'NU-AP06163'], 'addresses': ['48:00:b3:5a:90:8f', '48:00:b3:5f:46:ad', '48:00:b3:5f:72:ef', '48:00:b3:5f:72:e0', '48:00:b3:5f:46:a0'], 'ssids': ['iotroam', 'VU-Campusnet', 'iotroam', 'iotroam', 'iotroam'], 'signals': [-74, -60, -70, -61, -52], 'timestamps': [1.783263405506556e+18, 1.783263405550556e+18, 1.783263405813556e+18, 1.78326340785768e+18, 1.7832634077106798e+18], 'frequencies': [5320, 5500, 5540, 2437, 2412]}
50 76 1783263409113748708
{'names': ['NU-AP06162', 'NU-AP06163', 'NU-AP06164', 'NU-AP06164', 'NU-AP06163'], 'addresses': ['48:00:b3:5a:90:8f', '48:00:b3:5f:46:ad', '48:00:b3:5f:72:ef', '48:00:b3:5f:72:e0', '48:00:b3:5f:46:a0'], 'ssids': ['iotroam', 'VU-Campusnet', 'iotroam', 'iotroam', 'iotroam'], 'signals': [-74, -60, -70, -61, -52], 'timestamps': [1.783263405506556e+18, 1.783263405550556e+18, 1.783263405813556e+18, 1.7832634078577487e+18, 1.7832634077107487e+18], 'frequencies': [5320, 5500, 5540, 2437, 2412]}
50 78 1783263409392953864
{'names': ['NU-AP06162', 'NU-AP06163', 'NU-AP06164', 'NU-AP06164', 'NU-AP06163'], 'addresses': ['48:00:b3:5a:90:8f', '48:00:b3:5f:46:ae', '48:00:b3:5f:72:ef', '48:00:b3:5f:72:e0', '48:00:b3:5f:46:a0'], 'ssids': ['iotroam', 'eduroam', 'iotroam', 'iotroam', 'iotroam'], 'signals': [-74, -60, -70, -61, -52], 'timestamps': [1.7832634093649539e+18, 1.7832634093889539e+18, 1.783263405813556e+18, 1.7832634078577487e+18, 1.7832634077107487e+18], 'frequencies': [5320, 5500, 5540, 2437, 2412]}
50 80 1783263409451350343
{'names': ['NU-AP06162', 'NU-AP06163', 'NU-AP06164', 'NU-AP06164', 'NU-AP06163'], 'addresses': ['48:00:b3:5a:90:8f', '48:00:b3:5f:46:ae', '48:00:b3:5f:72:ef', '48:00:b3:5f:72:e0', '48:00:b3:5f:46:a0'], 'ssids': ['iotroam', 'eduroam', 'iotroam', 'iotroam', 'iotroam'], 'signals': [-74, -60, -70, -61, -52], 'timestamps': [1.7832634093653504e+18, 1.7832634093893504e+18, 1.783263405813556e+18, 1.7832634078577487e+18, 1.7832634077107487e+18], 'frequencies': [5320, 5500, 5540, 2437, 2412]}
50 81 1783263409574215395
{'names': ['NU-AP06162', 'NU-AP06163', 'NU-AP06164', 'NU-AP06164', 'NU-AP06163'], 'addresses': ['48:00:b3:5a:90:8f', '48:00:b3:5f:46:ae', '48:00:b3:5f:72:ed', '48:00:b3:5f:72:e0', '48:00:b3:5f:46:a0'], 'ssids': ['iotroam', 'eduroam', 'VU-Campusnet', 'iotroam', 'iotroam'], 'signals': [-74, -60, -71, -61, -52], 'timestamps': [1.7832634093653504e+18, 1.7832634093893504e+18, 1.7832634095722153e+18, 1.7832634078577487e+18, 1.7832634077107487e+18], 'frequencies': [5320, 5500, 5540, 2437, 2412]}
50 84 1783263409688748189
{'names': ['NU-AP06162', 'NU-AP06163', 'NU-AP06164', 'NU-AP06164', 'NU-AP06163'], 'addresses': ['48:00:b3:5a:90:8f', '48:00:b3:5f:46:ae', '48:00:b3:5f:72:ed', '48:00:b3:5f:72:e0', '48:00:b3:5f:46:a0'], 'ssids': ['iotroam', 'eduroam', 'VU-Campusnet', 'iotroam', 'iotroam'], 'signals': [-74, -60, -71, -61, -52], 'timestamps': [1.7832634093657482e+18, 1.7832634093897482e+18, 1.7832634095727483e+18, 1.7832634078577487e+18, 1.7832634077107487e+18], 'frequencies': [5320, 5500, 5540, 2437, 2412]}
50 85 1783263409969213792
{'names': ['NU-AP06162', 'NU-AP06163', 'NU-AP06164', 'NU-AP06164', 'NU-AP06163', 'NU-AP07183'], 'addresses': ['48:00:b3:5a:90:8f', '48:00:b3:5f:46:ae', '48:00:b3:5f:72:ed', '48:00:b3:5f:72:e0', '48:00:b3:5f:46:a0', '48:00:b3:5f:70:2f'], 'ssids': ['iotroam', 'eduroam', 'VU-Campusnet', 'iotroam', 'iotroam', 'iotroam'], 'signals': [-74, -60, -71, -61, -52, -81], 'timestamps': [1.7832634093657482e+18, 1.7832634093897482e+18, 1.7832634095727483e+18, 1.7832634078577487e+18, 1.7832634077107487e+18, 1.7832634099342136e+18], 'frequencies': [5320, 5500, 5540, 2437, 2412, 5580]}
52 89 1783263410032751462
{'names': ['NU-AP06162', 'NU-AP06163', 'NU-AP06164', 'NU-AP06164', 'NU-AP06163', 'NU-AP07183'], 'addresses': ['48:00:b3:5a:90:8f', '48:00:b3:5f:46:ae', '48:00:b3:5f:72:ed', '48:00:b3:5f:72:e0', '48:00:b3:5f:46:a0', '48:00:b3:5f:70:2f'], 'ssids': ['iotroam', 'eduroam', 'VU-Campusnet', 'iotroam', 'iotroam', 'iotroam'], 'signals': [-74, -60, -71, -61, -52, -81], 'timestamps': [1.7832634093657513e+18, 1.7832634093897513e+18, 1.7832634095727514e+18, 1.7832634078577513e+18, 1.7832634077107512e+18, 1.7832634099347512e+18], 'frequencies': [5320, 5500, 5540, 2437, 2412, 5580]}
54 93 1783263410404757135
{'names': ['NU-AP06162', 'NU-AP06163', 'NU-AP06164', 'NU-AP06164', 'NU-AP06163', 'NU-AP07183'], 'addresses': ['48:00:b3:5a:90:8f', '48:00:b3:5f:46:ae', '48:00:b3:5f:72:ed', '48:00:b3:5f:72:e0', '48:00:b3:5f:46:a0', '48:00:b3:5f:70:2f'], 'ssids': ['iotroam', 'eduroam', 'VU-Campusnet', 'iotroam', 'iotroam', 'iotroam'], 'signals': [-74, -60, -71, -61, -52, -81], 'timestamps': [1.7832634093657572e+18, 1.7832634093897572e+18, 1.7832634095727572e+18, 1.7832634078577572e+18, 1.7832634077107574e+18, 1.7832634099347574e+18], 'frequencies': [5320, 5500, 5540, 2437, 2412, 5580]}
56 97 1783263410533233697
{'names': ['NU-AP06162', 'NU-AP06163', 'NU-AP06164', 'NU-AP06164', 'NU-AP06163', 'NU-AP07183'], 'addresses': ['48:00:b3:5a:90:8f', '48:00:b3:5f:46:ae', '48:00:b3:5f:72:ed', '48:00:b3:5f:72:e0', '48:00:b3:5f:46:a0', '48:00:b3:5f:70:2f'], 'ssids': ['iotroam', 'eduroam', 'VU-Campusnet', 'iotroam', 'iotroam', 'iotroam'], 'signals': [-74, -60, -71, -61, -52, -81], 'timestamps': [1.7832634093662336e+18, 1.7832634093902336e+18, 1.7832634095732337e+18, 1.7832634078582336e+18, 1.7832634077112335e+18, 1.7832634099352335e+18], 'frequencies': [5320, 5500, 5540, 2437, 2412, 5580]}
