0 1 1783265877763984075
{'names': [], 'addresses': [], 'ssids': [], 'signals': [], 'timestamps': [], 'frequencies': []}
0 2 1783265877807742250
{'names': [], 'addresses': [], 'ssids': [], 'signals': [], 'timestamps': [], 'frequencies': []}
0 3 1783265877853398687
{'names': [], 'addresses': [], 'ssids': [], 'signals': [], 'timestamps': [], 'frequencies': []}
0 4 1783265877898765807
{'names': [], 'addresses': [], 'ssids': [], 'signals': [], 'timestamps': [], 'frequencies': []}
2 5 1783265877942173006
{'names': ['NU-AP06164', 'NU-AP06165'], 'addresses': ['48:00:b3:5f:72:e0', '48:00:b3:5e:17:c1'], 'ssids': ['iotroam', 'eduroam'], 'signals': [-54, -76], 'timestamps': [1.7832658779031729e+18, 1.7832658779031729e+18], 'frequencies': [2437, 2437]}
2 6 1783265877993144579
{'names': ['NU-AP06164', 'NU-AP06165'], 'addresses': ['48:00:b3:5f:72:e0', '48:00:b3:5e:17:c1'], 'ssids': ['iotroam', 'eduroam'], 'signals': [-54, -76], 'timestamps': [1.7832658779031729e+18, 1.7832658779031729e+18], 'frequencies': [2437, 2437]}
2 7 1783265878043686083
{'names': ['NU-AP06164', 'NU-AP06165'], 'addresses': ['48:00:b3:5f:72:e0', '48:00:b3:5e:17:c1'], 'ssids': ['iotroam', 'eduroam'], 'signals': [-54, -76], 'timestamps': [1.7832658779031729e+18, 1.7832658779031729e+18], 'frequencies': [2437, 2437]}
4 8 1783265878094550546
{'names': ['NU-AP06164', 'NU-AP06165', 'NU-AP07295', 'NU-AP06162'], 'addresses': ['48:00:b3:5f:72:e0', '48:00:b3:5e:17:c1', '48:00:b3:5f:78:40', '48:00:b3:5a:90:82'], 'ssids': ['iotroam', 'eduroam', 'iotroam', 'VU-Campusnet'], 'signals': [-54, -76, -77, -76], 'timestamps': [1.7832658779031729e+18, 1.7832658779031729e+18, 1.7832658780675505e+18, 1.7832658780655506e+18], 'frequencies': [2437, 2437, 2462, 2462]}
4 9 1783265878150356641
{'names': ['NU-AP06164', 'NU-AP06165', 'NU-AP07295', 'NU-AP06162'], 'addresses': ['48:00:b3:5f:72:e0', '48:00:b3:5e:17:c1', '48:00:b3:5f:78:40', '48:00:b3:5a:90:82'], 'ssids': ['iotroam', 'eduroam', 'iotroam', 'VU-Campusnet'], 'signals': [-54, -76, -77, -76], 'timestamps': [1.7832658779031729e+18, 1.7832658779031729e+18, 1.7832658780675505e+18, 1.7832658780655506e+18], 'frequencies': [2437, 2437, 2462, 2462]}
6 10 1783265878206957750
{'names': ['NU-AP06164', 'NU-AP06165', 'NU-AP07295', 'NU-AP06162'], 'addresses': ['48:00:b3:5f:72:e0', '48:00:b3:5e:17:c1', '48:00:b3:5f:78:40', '48:00:b3:5a:90:82'], 'ssids': ['iotroam', 'eduroam', 'iotroam', 'VU-Campusnet'], 'signals': [-54, -76, -77, -76], 'timestamps': [1.7832658779031729e+18, 1.7832658779031729e+18, 1.7832658780679578e+18, 1.783265878065958e+18], 'frequencies': [2437, 2437, 2462, 2462]}
6 11 1783265878264704175
{'names': ['NU-AP06164', 'NU-AP06165', 'NU-AP07295', 'NU-AP06162'], 'addresses': ['48:00:b3:5f:72:e0', '48:00:b3:5e:17:c1', '48:00:b3:5f:78:40', '48:00:b3:5a:90:82'], 'ssids': ['iotroam', 'eduroam', 'iotroam', 'VU-Campusnet'], 'signals': [-54, -76, -77, -76], 'timestamps': [1.7832658779031729e+18, 1.7832658779031729e+18, 1.7832658780679578e+18, 1.783265878065958e+18], 'frequencies': [2437, 2437, 2462, 2462]}
8 12 1783265878321169733
{'names': ['NU-AP06164', 'NU-AP06165', 'NU-AP07295', 'NU-AP06162'], 'addresses': ['48:00:b3:5f:72:e0', '48:00:b3:5e:17:c1', '48:00:b3:5f:78:40', '48:00:b3:5a:90:82'], 'ssids': ['iotroam', 'eduroam', 'iotroam', 'VU-Campusnet'], 'signals': [-54, -76, -77, -76], 'timestamps': [1.7832658779031729e+18, 1.7832658779031729e+18, 1.7832658780681697e+18, 1.7832658780661696e+18], 'frequencies': [2437, 2437, 2462, 2462]}
8 13 1783265878381542492
{'names': ['NU-AP06164', 'NU-AP06165', 'NU-AP07295', 'NU-AP06162'], 'addresses': ['48:00:b3:5f:72:e0', '48:00:b3:5e:17:c1', '48:00:b3:5f:78:40', '48:00:b3:5a:90:82'], 'ssids': ['iotroam', 'eduroam', 'iotroam', 'VU-Campusnet'], 'signals': [-54, -76, -77, -76], 'timestamps': [1.7832658779031729e+18, 1.7832658779031729e+18, 1.7832658780681697e+18, 1.7832658780661696e+18], 'frequencies': [2437, 2437, 2462, 2462]}
12 14 1783265878441706604
{'names': ['NU-AP06164', 'NU-AP06165', 'NU-AP07295', 'NU-AP06162'], 'addresses': ['48:00:b3:5f:72:e0', '48:00:b3:5e:17:c1', '48:00:b3:5f:78:40', '48:00:b3:5a:90:82'], 'ssids': ['iotroam', 'eduroam', 'iotroam', 'VU-Campusnet'], 'signals': [-54, -76, -77, -76], 'timestamps': [1.7832658779037066e+18, 1.7832658779037066e+18, 1.7832658780687066e+18, 1.7832658780667064e+18], 'frequencies': [2437, 2437, 2462, 2462]}
12 15 1783265878501836434
{'names': ['NU-AP06164', 'NU-AP06165', 'NU-AP07295', 'NU-AP06162'], 'addresses': ['48:00:b3:5f:72:e0', '48:00:b3:5e:17:c1', '48:00:b3:5f:78:40', '48:00:b3:5a:90:82'], 'ssids': ['iotroam', 'eduroam', 'iotroam', 'VU-Campusnet'], 'signals': [-54, -76, -77, -76], 'timestamps': [1.7832658779037066e+18, 1.7832658779037066e+18, 1.7832658780687066e+18, 1.7832658780667064e+18], 'frequencies': [2437, 2437, 2462, 2462]}
12 16 1783265878562117854
{'names': ['NU-AP06164', 'NU-AP06165', 'NU-AP07295', 'NU-AP06162'], 'addresses': ['48:00:b3:5f:72:e0', '48:00:b3:5e:17:c1', '48:00:b3:5f:78:40', '48:00:b3:5a:90:82'], 'ssids': ['iotroam', 'eduroam', 'iotroam', 'VU-Campusnet'], 'signals': [-54, -76, -77, -76], 'timestamps': [1.7832658779037066e+18, 1.7832658779037066e+18, 1.7832658780687066e+18, 1.7832658780667064e+18], 'frequencies': [2437, 2437, 2462, 2462]}
12 17 1783265878619003462
{'names': ['NU-AP06164', 'NU-AP06165', 'NU-AP07295', 'NU-AP06162'], 'addresses': ['48:00:b3:5f:72:e0', '48:00:b3:5e:17:c1', '48:00:b3:5f:78:40', '48:00:b3:5a:90:82'], 'ssids': ['iotroam', 'eduroam', 'iotroam', 'VU-Campusnet'], 'signals': [-54, -76, -77, -76], 'timestamps': [1.7832658779037066e+18, 1.7832658779037066e+18, 1.7832658780687066e+18, 1.7832658780667064e+18], 'frequencies': [2437, 2437, 2462, 2462]}
12 18 1783265878673958206
{'names': ['NU-AP06164', 'NU-AP06165', 'NU-AP07295', 'NU-AP06162'], 'addresses': ['48:00:b3:5f:72:e0', '48:00:b3:5e:17:c1', '48:00:b3:5f:78:40', '48:00:b3:5a:90:82'], 'ssids': ['iotroam', 'eduroam', 'iotroam', 'VU-Campusnet'], 'signals': [-54, -76, -77, -76], 'timestamps': [1.7832658779037066e+18, 1.7832658779037066e+18, 1.7832658780687066e+18, 1.7832658780667064e+18], 'frequencies': [2437, 2437, 2462, 2462]}
12 19 1783265878732072229
{'names': ['NU-AP06164', 'NU-AP06165', 'NU-AP07295', 'NU-AP06162'], 'addresses': ['48:00:b3:5f:72:e0', '48:00:b3:5e:17:c1', '48:00:b3:5f:78:40', '48:00:b3:5a:90:82'], 'ssids': ['iotroam', 'eduroam', 'iotroam', 'VU-Campusnet'], 'signals': [-54, -76, -77, -76], 'timestamps': [1.7832658779037066e+18, 1.7832658779037066e+18, 1.7832658780687066e+18, 1.7832658780667064e+18], 'frequencies': [2437, 2437, 2462, 2462]}
12 20 1783265878790939772
{'names': ['NU-AP06164', 'NU-AP06165', 'NU-AP07295', 'NU-AP06162'], 'addresses': ['48:00:b3:5f:72:e0', '48:00:b3:5e:17:c1', '48:00:b3:5f:78:40', '48:00:b3:5a:90:82'], 'ssids': ['iotroam', 'eduroam', 'iotroam', 'VU-Campusnet'], 'signals': [-54, -76, -77, -76], 'timestamps': [1.7832658779037066e+18, 1.7832658779037066e+18, 1.7832658780687066e+18, 1.7832658780667064e+18], 'frequencies': [2437, 2437, 2462, 2462]}
12 21 1783265878847214615
{'names': ['NU-AP06164', 'NU-AP06165', 'NU-AP07295', 'NU-AP06162'], 'addresses': ['48:00:b3:5f:72:e0', '48:00:b3:5e:17:c1', '48:00:b3:5f:78:40', '48:00:b3:5a:90:82'], 'ssids': ['iotroam', 'eduroam', 'iotroam', 'VU-Campusnet'], 'signals': [-54, -76, -77, -76], 'timestamps': [1.7832658779037066e+18, 1.7832658779037066e+18, 1.7832658780687066e+18, 1.7832658780667064e+18], 'frequencies': [2437, 2437, 2462, 2462]}
12 22 1783265878906998566
{'names': ['NU-AP06164', 'NU-AP06165', 'NU-AP07295', 'NU-AP06162'], 'addresses': ['48:00:b3:5f:72:e0', '48:00:b3:5e:17:c1', '48:00:b3:5f:78:40', '48:00:b3:5a:90:82'], 'ssids': ['iotroam', 'eduroam', 'iotroam', 'VU-Campusnet'], 'signals': [-54, -76, -77, -76], 'timestamps': [1.7832658779037066e+18, 1.7832658779037066e+18, 1.7832658780687066e+18, 1.7832658780667064e+18], 'frequencies': [2437, 2437, 2462, 2462]}
12 23 1783265878962946025
{'names': ['NU-AP06164', 'NU-AP06165', 'NU-AP07295', 'NU-AP06162'], 'addresses': ['48:00:b3:5f:72:e0', '48:00:b3:5e:17:c1', '48:00:b3:5f:78:40', '48:00:b3:5a:90:82'], 'ssids': ['iotroam', 'eduroam', 'iotroam', 'VU-Campusnet'], 'signals': [-54, -76, -77, -76], 'timestamps': [1.7832658779037066e+18, 1.7832658779037066e+18, 1.7832658780687066e+18, 1.7832658780667064e+18], 'frequencies': [2437, 2437, 2462, 2462]}
12 24 1783265879020603770
{'names': ['NU-AP06164', 'NU-AP06165', 'NU-AP07295', 'NU-AP06162'], 'addresses': ['48:00:b3:5f:72:e0', '48:00:b3:5e:17:c1', '48:00:b3:5f:78:40', '48:00:b3:5a:90:82'], 'ssids': ['iotroam', 'eduroam', 'iotroam', 'VU-Campusnet'], 'signals': [-54, -76, -77, -76], 'timestamps': [1.7832658779037066e+18, 1.7832658779037066e+18, 1.7832658780687066e+18, 1.7832658780667064e+18], 'frequencies': [2437, 2437, 2462, 2462]}
12 25 1783265879079480838
{'names': ['NU-AP06164', 'NU-AP06165', 'NU-AP07295', 'NU-AP06162'], 'addresses': ['48:00:b3:5f:72:e0', '48:00:b3:5e:17:c1', '48:00:b3:5f:78:40', '48:00:b3:5a:90:82'], 'ssids': ['iotroam', 'eduroam', 'iotroam', 'VU-Campusnet'], 'signals': [-54, -76, -77, -76], 'timestamps': [1.7832658779037066e+18, 1.7832658779037066e+18, 1.7832658780687066e+18, 1.7832658780667064e+18], 'frequencies': [2437, 2437, 2462, 2462]}
16 26 1783265879143721197
{'names': ['NU-AP06164', 'NU-AP06165', 'NU-AP07295', 'NU-AP06162'], 'addresses': ['48:00:b3:5f:72:e0', '48:00:b3:5e:17:c1', '48:00:b3:5f:78:40', '48:00:b3:5a:90:82'], 'ssids': ['iotroam', 'eduroam', 'iotroam', 'VU-Campusnet'], 'signals': [-54, -76, -77, -76], 'timestamps': [1.7832658779047212e+18, 1.7832658779047212e+18, 1.783265878069721e+18, 1.7832658780677212e+18], 'frequencies': [2437, 2437, 2462, 2462]}
16 27 1783265879228510258
{'names': ['NU-AP06164', 'NU-AP06165', 'NU-AP07295', 'NU-AP06162'], 'addresses': ['48:00:b3:5f:72:e0', '48:00:b3:5e:17:c1', '48:00:b3:5f:78:40', '48:00:b3:5a:90:82'], 'ssids': ['iotroam', 'eduroam', 'iotroam', 'VU-Campusnet'], 'signals': [-54, -76, -77, -76], 'timestamps': [1.7832658779047212e+18, 1.7832658779047212e+18, 1.783265878069721e+18, 1.7832658780677212e+18], 'frequencies': [2437, 2437, 2462, 2462]}
16 28 1783265879292600017
{'names': ['NU-AP06164', 'NU-AP06165', 'NU-AP07295', 'NU-AP06162'], 'addresses': ['48:00:b3:5f:72:e0', '48:00:b3:5e:17:c1', '48:00:b3:5f:78:40', '48:00:b3:5a:90:82'], 'ssids': ['iotroam', 'eduroam', 'iotroam', 'VU-Campusnet'], 'signals': [-54, -76, -77, -76], 'timestamps': [1.7832658779047212e+18, 1.7832658779047212e+18, 1.783265878069721e+18, 1.7832658780677212e+18], 'frequencies': [2437, 2437, 2462, 2462]}
16 29 1783265879348966185
{'names': ['NU-AP06164', 'NU-AP06165', 'NU-AP07295', 'NU-AP06162'], 'addresses': ['48:00:b3:5f:72:e0', '48:00:b3:5e:17:c1', '48:00:b3:5f:78:40', '48:00:b3:5a:90:82'], 'ssids': ['iotroam', 'eduroam', 'iotroam', 'VU-Campusnet'], 'signals': [-54, -76, -77, -76], 'timestamps': [1.7832658779047212e+18, 1.7832658779047212e+18, 1.783265878069721e+18, 1.7832658780677212e+18], 'frequencies': [2437, 2437, 2462, 2462]}
16 30 1783265879407111230
{'names': ['NU-AP06164', 'NU-AP06165', 'NU-AP07295', 'NU-AP06162'], 'addresses': ['48:00:b3:5f:72:e0', '48:00:b3:5e:17:c1', '48:00:b3:5f:78:40', '48:00:b3:5a:90:82'], 'ssids': ['iotroam', 'eduroam', 'iotroam', 'VU-Campusnet'], 'signals': [-54, -76, -77, -76], 'timestamps': [1.7832658779047212e+18, 1.7832658779047212e+18, 1.783265878069721e+18, 1.7832658780677212e+18], 'frequencies': [2437, 2437, 2462, 2462]}
16 31 1783265879463927583
{'names': ['NU-AP06164', 'NU-AP06165', 'NU-AP07295', 'NU-AP06162'], 'addresses': ['48:00:b3:5f:72:e0', '48:00:b3:5e:17:c1', '48:00:b3:5f:78:40', '48:00:b3:5a:90:82'], 'ssids': ['iotroam', 'eduroam', 'iotroam', 'VU-Campusnet'], 'signals': [-54, -76, -77, -76], 'timestamps': [1.7832658779047212e+18, 1.7832658779047212e+18, 1.783265878069721e+18, 1.7832658780677212e+18], 'frequencies': [2437, 2437, 2462, 2462]}
16 32 1783265879521765877
{'names': ['NU-AP06164', 'NU-AP06165', 'NU-AP07295', 'NU-AP06162'], 'addresses': ['48:00:b3:5f:72:e0', '48:00:b3:5e:17:c1', '48:00:b3:5f:78:40', '48:00:b3:5a:90:82'], 'ssids': ['iotroam', 'eduroam', 'iotroam', 'VU-Campusnet'], 'signals': [-54, -76, -77, -76], 'timestamps': [1.7832658779047212e+18, 1.7832658779047212e+18, 1.783265878069721e+18, 1.7832658780677212e+18], 'frequencies': [2437, 2437, 2462, 2462]}
16 34 1783265879577338673
{'names': ['NU-AP06164', 'NU-AP06165', 'NU-AP07295', 'NU-AP06162', 'NU-AP06162'], 'addresses': ['48:00:b3:5f:72:e0', '48:00:b3:5e:17:c1', '48:00:b3:5f:78:40', '48:00:b3:5a:90:82', '48:00:b3:5a:90:8f'], 'ssids': ['iotroam', 'eduroam', 'iotroam', 'VU-Campusnet', 'iotroam'], 'signals': [-54, -76, -77, -76, -72], 'timestamps': [1.7832658779047212e+18, 1.7832658779047212e+18, 1.783265878069721e+18, 1.7832658780677212e+18, 1.7832658795263386e+18], 'frequencies': [2437, 2437, 2462, 2462, 5320]}
16 35 1783265879639105990
{'names': ['NU-AP06164', 'NU-AP06165', 'NU-AP07295', 'NU-AP06162', 'NU-AP06162', 'NU-AP06163'], 'addresses': ['48:00:b3:5f:72:e0', '48:00:b3:5e:17:c1', '48:00:b3:5f:78:40', '48:00:b3:5a:90:82', '48:00:b3:5a:90:8f', '48:00:b3:5f:46:ae'], 'ssids': ['iotroam', 'eduroam', 'iotroam', 'VU-Campusnet', 'iotroam', 'eduroam'], 'signals': [-54, -76, -77, -76, -72, -64], 'timestamps': [1.7832658779047212e+18, 1.7832658779047212e+18, 1.783265878069721e+18, 1.7832658780677212e+18, 1.7832658795263386e+18, 1.783265879591106e+18], 'frequencies': [2437, 2437, 2462, 2462, 5320, 5500]}
16 37 1783265879704376288
{'names': ['NU-AP06164', 'NU-AP06165', 'NU-AP07295', 'NU-AP06162', 'NU-AP06162', 'NU-AP06163'], 'addresses': ['48:00:b3:5f:72:e0', '48:00:b3:5e:17:c1', '48:00:b3:5f:78:40', '48:00:b3:5a:90:82', '48:00:b3:5a:90:8f', '48:00:b3:5f:46:ae'], 'ssids': ['iotroam', 'eduroam', 'iotroam', 'VU-Campusnet', 'iotroam', 'eduroam'], 'signals': [-54, -76, -77, -76, -72, -64], 'timestamps': [1.7832658779047212e+18, 1.7832658779047212e+18, 1.783265878069721e+18, 1.7832658780677212e+18, 1.7832658795263764e+18, 1.7832658795913764e+18], 'frequencies': [2437, 2437, 2462, 2462, 5320, 5500]}
16 39 1783265879770755019
{'names': ['NU-AP06164', 'NU-AP06165', 'NU-AP07295', 'NU-AP06162', 'NU-AP06162', 'NU-AP06163'], 'addresses': ['48:00:b3:5f:72:e0', '48:00:b3:5e:17:c1', '48:00:b3:5f:78:40', '48:00:b3:5a:90:82', '48:00:b3:5a:90:8f', '48:00:b3:5f:46:ae'], 'ssids': ['iotroam', 'eduroam', 'iotroam', 'VU-Campusnet', 'iotroam', 'eduroam'], 'signals': [-54, -76, -77, -76, -72, -64], 'timestamps': [1.7832658779047212e+18, 1.7832658779047212e+18, 1.783265878069721e+18, 1.7832658780677212e+18, 1.783265879526755e+18, 1.783265879591755e+18], 'frequencies': [2437, 2437, 2462, 2462, 5320, 5500]}
16 42 1783265879836760866
{'names': ['NU-AP06164', 'NU-AP06165', 'NU-AP07295', 'NU-AP06162', 'NU-AP06162', 'NU-AP06163', 'NU-AP06164'], 'addresses': ['48:00:b3:5f:72:e0', '48:00:b3:5e:17:c1', '48:00:b3:5f:78:40', '48:00:b3:5a:90:82', '48:00:b3:5a:90:8f', '48:00:b3:5f:46:ae', '48:00:b3:5f:72:ee'], 'ssids': ['iotroam', 'eduroam', 'iotroam', 'VU-Campusnet', 'iotroam', 'eduroam', 'eduroam'], 'signals': [-54, -76, -77, -76, -72, -64, -69], 'timestamps': [1.7832658779047212e+18, 1.7832658779047212e+18, 1.783265878069721e+18, 1.7832658780677212e+18, 1.783265879526761e+18, 1.783265879591761e+18, 1.783265879835761e+18], 'frequencies': [2437, 2437, 2462, 2462, 5320, 5500, 5540]}
16 45 1783265880696220147
{'names': ['NU-AP06164', 'NU-AP06165', 'NU-AP07295', 'NU-AP06162', 'NU-AP06162', 'NU-AP06163', 'NU-AP06164'], 'addresses': ['48:00:b3:5f:72:e0', '48:00:b3:5e:17:c1', '48:00:b3:5f:78:40', '48:00:b3:5a:90:82', '48:00:b3:5a:90:8f', '48:00:b3:5f:46:ae', '48:00:b3:5f:72:ee'], 'ssids': ['iotroam', 'eduroam', 'iotroam', 'VU-Campusnet', 'iotroam', 'eduroam', 'eduroam'], 'signals': [-54, -76, -77, -76, -72, -64, -69], 'timestamps': [1.7832658779047212e+18, 1.7832658779047212e+18, 1.783265878069721e+18, 1.7832658780677212e+18, 1.7832658795272202e+18, 1.7832658795922202e+18, 1.7832658798362202e+18], 'frequencies': [2437, 2437, 2462, 2462, 5320, 5500, 5540]}
16 46 1783265880767245332
{'names': ['NU-AP06164', 'NU-AP06165', 'NU-AP07295', 'NU-AP06162', 'NU-AP06162', 'NU-AP06163', 'NU-AP06164', 'NU-AP06167'], 'addresses': ['48:00:b3:5f:72:e0', '48:00:b3:5e:17:c1', '48:00:b3:5f:78:40', '48:00:b3:5a:90:82', '48:00:b3:5a:90:8f', '48:00:b3:5f:46:ae', '48:00:b3:5f:72:ee', '48:00:b3:5e:0b:ee'], 'ssids': ['iotroam', 'eduroam', 'iotroam', 'VU-Campusnet', 'iotroam', 'eduroam', 'eduroam', 'eduroam'], 'signals': [-54, -76, -77, -76, -72, -64, -69, -81], 'timestamps': [1.7832658779047212e+18, 1.7832658779047212e+18, 1.783265878069721e+18, 1.7832658780677212e+18, 1.7832658795272202e+18, 1.7832658795922202e+18, 1.7832658798362202e+18, 1.7832658807472453e+18], 'frequencies': [2437, 2437, 2462, 2462, 5320, 5500, 5540, 5660]}
16 47 1783265880841758772
{'names': ['NU-AP06164', 'NU-AP06165', 'NU-AP07295', 'NU-AP06162', 'NU-AP06162', 'NU-AP06163', 'NU-AP06164', 'NU-AP06167'], 'addresses': ['48:00:b3:5f:72:e0', '48:00:b3:5e:17:c1', '48:00:b3:5f:78:40', '48:00:b3:5a:90:82', '48:00:b3:5a:90:8f', '48:00:b3:5f:46:ae', '48:00:b3:5f:72:ee', '48:00:b3:5e:0b:ee'], 'ssids': ['iotroam', 'eduroam', 'iotroam', 'VU-Campusnet', 'iotroam', 'eduroam', 'eduroam', 'eduroam'], 'signals': [-54, -76, -77, -76, -72, -64, -69, -81], 'timestamps': [1.7832658779047212e+18, 1.7832658779047212e+18, 1.783265878069721e+18, 1.7832658780677212e+18, 1.7832658795272202e+18, 1.7832658795922202e+18, 1.7832658798362202e+18, 1.7832658807477586e+18], 'frequencies': [2437, 2437, 2462, 2462, 5320, 5500, 5540, 5660]}
16 48 1783265880917849973
{'names': ['NU-AP06164', 'NU-AP06165', 'NU-AP07295', 'NU-AP06162', 'NU-AP06162', 'NU-AP06163', 'NU-AP06164', 'NU-AP06167'], 'addresses': ['48:00:b3:5f:72:e0', '48:00:b3:5e:17:c1', '48:00:b3:5f:78:40', '48:00:b3:5a:90:82', '48:00:b3:5a:90:8f', '48:00:b3:5f:46:ae', '48:00:b3:5f:72:ee', '48:00:b3:5e:0b:ee'], 'ssids': ['iotroam', 'eduroam', 'iotroam', 'VU-Campusnet', 'iotroam', 'eduroam', 'eduroam', 'eduroam'], 'signals': [-54, -76, -77, -76, -72, -64, -69, -81], 'timestamps': [1.7832658779047212e+18, 1.7832658779047212e+18, 1.783265878069721e+18, 1.7832658780677212e+18, 1.7832658795272202e+18, 1.7832658795922202e+18, 1.7832658798362202e+18, 1.7832658807478497e+18], 'frequencies': [2437, 2437, 2462, 2462, 5320, 5500, 5540, 5660]}
20 52 1783265881716904171
{'names': ['NU-AP06164', 'NU-AP06165', 'NU-AP07295', 'NU-AP06162', 'NU-AP06162', 'NU-AP06163', 'NU-AP06164', 'NU-AP06167'], 'addresses': ['48:00:b3:5f:72:e0', '48:00:b3:5e:17:c1', '48:00:b3:5f:78:40', '48:00:b3:5a:90:82', '48:00:b3:5a:90:8f', '48:00:b3:5f:46:ae', '48:00:b3:5f:72:ee', '48:00:b3:5e:0b:ee'], 'ssids': ['iotroam', 'eduroam', 'iotroam', 'VU-Campusnet', 'iotroam', 'eduroam', 'eduroam', 'eduroam'], 'signals': [-54, -76, -77, -76, -72, -64, -69, -81], 'timestamps': [1.7832658779049042e+18, 1.7832658779049042e+18, 1.7832658780699041e+18, 1.7832658780679043e+18, 1.7832658795279043e+18, 1.7832658795929042e+18, 1.7832658798369042e+18, 1.7832658807489042e+18], 'frequencies': [2437, 2437, 2462, 2462, 5320, 5500, 5540, 5660]}
24 56 1783265881842004932
{'names': ['NU-AP06164', 'NU-AP06165', 'NU-AP07295', 'NU-AP06162', 'NU-AP06162', 'NU-AP06163', 'NU-AP06164', 'NU-AP06167'], 'addresses': ['48:00:b3:5f:72:e0', '48:00:b3:5e:17:c1', '48:00:b3:5f:78:40', '48:00:b3:5a:90:82', '48:00:b3:5a:90:8f', '48:00:b3:5f:46:ae', '48:00:b3:5f:72:ee', '48:00:b3:5e:0b:ee'], 'ssids': ['iotroam', 'eduroam', 'iotroam', 'VU-Campusnet', 'iotroam', 'eduroam', 'eduroam', 'eduroam'], 'signals': [-54, -76, -77, -76, -72, -64, -69, -81], 'timestamps': [1.783265877909005e+18, 1.783265877909005e+18, 1.783265878074005e+18, 1.783265878072005e+18, 1.7832658795320049e+18, 1.783265879597005e+18, 1.783265879841005e+18, 1.783265880753005e+18], 'frequencies': [2437, 2437, 2462, 2462, 5320, 5500, 5540, 5660]}
25 56 1783265882020167176
{'names': ['NU-AP06164', 'NU-AP06165', 'NU-AP07295', 'NU-AP06162', 'NU-AP06162', 'NU-AP06163', 'NU-AP06164', 'NU-AP06167', 'NU-AP06167'], 'addresses': ['48:00:b3:5f:72:e0', '48:00:b3:5e:17:c1', '48:00:b3:5f:78:40', '48:00:b3:5a:90:82', '48:00:b3:5a:90:8f', '48:00:b3:5f:46:ae', '48:00:b3:5f:72:ee', '48:00:b3:5e:0b:ee', '48:00:b3:5e:0b:e0'], 'ssids': ['iotroam', 'eduroam', 'iotroam', 'VU-Campusnet', 'iotroam', 'eduroam', 'eduroam', 'eduroam', 'iotroam'], 'signals': [-54, -76, -77, -76, -72, -64, -69, -81, -71], 'timestamps': [1.783265877909005e+18, 1.783265877909005e+18, 1.783265878074005e+18, 1.783265878072005e+18, 1.7832658795320049e+18, 1.783265879597005e+18, 1.783265879841005e+18, 1.783265880753005e+18, 1.783265882009167e+18], 'frequencies': [2437, 2437, 2462, 2462, 5320, 5500, 5540, 5660, 2412]}
27 56 1783265882237458716
{'names': ['NU-AP06164', 'NU-AP06165', 'NU-AP07295', 'NU-AP06162', 'NU-AP06162', 'NU-AP06163', 'NU-AP06164', 'NU-AP06167', 'NU-AP06167', 'NU-AP06163'], 'addresses': ['48:00:b3:5f:72:e0', '48:00:b3:5e:17:c1', '48:00:b3:5f:78:40', '48:00:b3:5a:90:82', '48:00:b3:5a:90:8f', '48:00:b3:5f:46:ae', '48:00:b3:5f:72:ee', '48:00:b3:5e:0b:ee', '48:00:b3:5e:0b:e0', '48:00:b3:5f:46:a0'], 'ssids': ['iotroam', 'eduroam', 'iotroam', 'VU-Campusnet', 'iotroam', 'eduroam', 'eduroam', 'eduroam', 'iotroam', 'iotroam'], 'signals': [-55, -76, -77, -76, -72, -64, -69, -81, -71, -56], 'timestamps': [1.7832658821874586e+18, 1.783265877909005e+18, 1.783265878074005e+18, 1.783265878072005e+18, 1.7832658795320049e+18, 1.783265879597005e+18, 1.783265879841005e+18, 1.783265880753005e+18, 1.783265882009167e+18, 1.7832658821714586e+18], 'frequencies': [2437, 2437, 2462, 2462, 5320, 5500, 5540, 5660, 2412, 2437]}
29 56 1783265882316108632
{'names': ['NU-AP06164', 'NU-AP06165', 'NU-AP07295', 'NU-AP06162', 'NU-AP06162', 'NU-AP06163', 'NU-AP06164', 'NU-AP06167', 'NU-AP06167', 'NU-AP06163'], 'addresses': ['48:00:b3:5f:72:e0', '48:00:b3:5e:17:c1', '48:00:b3:5f:78:40', '48:00:b3:5a:90:82', '48:00:b3:5a:90:8f', '48:00:b3:5f:46:ae', '48:00:b3:5f:72:ee', '48:00:b3:5e:0b:ee', '48:00:b3:5e:0b:e0', '48:00:b3:5f:46:a0'], 'ssids': ['iotroam', 'eduroam', 'iotroam', 'VU-Campusnet', 'iotroam', 'eduroam', 'eduroam', 'eduroam', 'iotroam', 'iotroam'], 'signals': [-55, -76, -77, -76, -72, -64, -69, -81, -71, -56], 'timestamps': [1.7832658821881085e+18, 1.783265877909005e+18, 1.783265878074005e+18, 1.783265878072005e+18, 1.7832658795320049e+18, 1.783265879597005e+18, 1.783265879841005e+18, 1.783265880753005e+18, 1.783265882009167e+18, 1.7832658821721085e+18], 'frequencies': [2437, 2437, 2462, 2462, 5320, 5500, 5540, 5660, 2412, 2437]}
32 56 1783265882410877883
{'names': ['NU-AP06164', 'NU-AP06165', 'NU-AP07295', 'NU-AP06162', 'NU-AP06162', 'NU-AP06163', 'NU-AP06164', 'NU-AP06167', 'NU-AP06167', 'NU-AP06163'], 'addresses': ['48:00:b3:5f:72:e0', '48:00:b3:5e:17:c1', '48:00:b3:5f:78:40', '48:00:b3:5a:90:82', '48:00:b3:5a:90:8f', '48:00:b3:5f:46:ae', '48:00:b3:5f:72:ee', '48:00:b3:5e:0b:ee', '48:00:b3:5e:0b:e0', '48:00:b3:5f:46:a0'], 'ssids': ['iotroam', 'eduroam', 'iotroam', 'VU-Campusnet', 'iotroam', 'eduroam', 'eduroam', 'eduroam', 'iotroam', 'iotroam'], 'signals': [-55, -76, -77, -76, -72, -64, -69, -81, -71, -56], 'timestamps': [1.783265882190878e+18, 1.783265877909005e+18, 1.783265878074005e+18, 1.783265878072005e+18, 1.7832658795320049e+18, 1.783265879597005e+18, 1.783265879841005e+18, 1.783265880753005e+18, 1.783265882011878e+18, 1.783265882174878e+18], 'frequencies': [2437, 2437, 2462, 2462, 5320, 5500, 5540, 5660, 2412, 2437]}
