0 1 1783268663290288015
{'names': [], 'addresses': [], 'ssids': [], 'signals': [], 'timestamps': [], 'frequencies': []}
0 2 1783268663350370862
{'names': [], 'addresses': [], 'ssids': [], 'signals': [], 'timestamps': [], 'frequencies': []}
0 3 1783268663442295201
{'names': [], 'addresses': [], 'ssids': [], 'signals': [], 'timestamps': [], 'frequencies': []}
2 4 1783268663498304967
{'names': ['NU-AP06164', 'NU-AP06163'], 'addresses': ['48:00:b3:5f:72:e0', '48:00:b3:5f:46:a0'], 'ssids': ['iotroam', 'iotroam'], 'signals': [-55, -54], 'timestamps': [1.783268663447305e+18, 1.783268663447305e+18], 'frequencies': [2437, 2437]}
4 5 1783268663548644639
{'names': ['NU-AP06164', 'NU-AP06163'], 'addresses': ['48:00:b3:5f:72:e0', '48:00:b3:5f:46:a0'], 'ssids': ['iotroam', 'iotroam'], 'signals': [-55, -54], 'timestamps': [1.7832686634476447e+18, 1.7832686634476447e+18], 'frequencies': [2437, 2437]}
4 6 1783268663599607460
{'names': ['NU-AP06164', 'NU-AP06163'], 'addresses': ['48:00:b3:5f:72:e0', '48:00:b3:5f:46:a0'], 'ssids': ['iotroam', 'iotroam'], 'signals': [-55, -54], 'timestamps': [1.7832686634476447e+18, 1.7832686634476447e+18], 'frequencies': [2437, 2437]}
6 7 1783268663652708862
{'names': ['NU-AP06164', 'NU-AP06163'], 'addresses': ['48:00:b3:5f:72:e0', '48:00:b3:5f:46:a0'], 'ssids': ['iotroam', 'iotroam'], 'signals': [-55, -54], 'timestamps': [1.783268663447709e+18, 1.783268663447709e+18], 'frequencies': [2437, 2437]}
8 8 1783268663704756325
{'names': ['NU-AP06164', 'NU-AP06163'], 'addresses': ['48:00:b3:5f:72:e0', '48:00:b3:5f:46:a0'], 'ssids': ['iotroam', 'iotroam'], 'signals': [-55, -54], 'timestamps': [1.7832686634477563e+18, 1.7832686634477563e+18], 'frequencies': [2437, 2437]}
8 9 1783268663756137363
{'names': ['NU-AP06164', 'NU-AP06163'], 'addresses': ['48:00:b3:5f:72:e0', '48:00:b3:5f:46:a0'], 'ssids': ['iotroam', 'iotroam'], 'signals': [-55, -54], 'timestamps': [1.7832686634477563e+18, 1.7832686634477563e+18], 'frequencies': [2437, 2437]}
10 10 1783268663809899437
{'names': ['NU-AP06164', 'NU-AP06163'], 'addresses': ['48:00:b3:5f:72:e0', '48:00:b3:5f:46:a0'], 'ssids': ['iotroam', 'iotroam'], 'signals': [-55, -54], 'timestamps': [1.7832686634478996e+18, 1.7832686634478996e+18], 'frequencies': [2437, 2437]}
12 11 1783268663865008433
{'names': ['NU-AP06164', 'NU-AP06163'], 'addresses': ['48:00:b3:5f:72:e0', '48:00:b3:5f:46:a0'], 'ssids': ['iotroam', 'iotroam'], 'signals': [-55, -54], 'timestamps': [1.7832686634480084e+18, 1.7832686634480084e+18], 'frequencies': [2437, 2437]}
12 12 1783268663917897295
{'names': ['NU-AP06164', 'NU-AP06163'], 'addresses': ['48:00:b3:5f:72:e0', '48:00:b3:5f:46:a0'], 'ssids': ['iotroam', 'iotroam'], 'signals': [-55, -54], 'timestamps': [1.7832686634480084e+18, 1.7832686634480084e+18], 'frequencies': [2437, 2437]}
12 13 1783268663968726716
{'names': ['NU-AP06164', 'NU-AP06163'], 'addresses': ['48:00:b3:5f:72:e0', '48:00:b3:5f:46:a0'], 'ssids': ['iotroam', 'iotroam'], 'signals': [-55, -54], 'timestamps': [1.7832686634480084e+18, 1.7832686634480084e+18], 'frequencies': [2437, 2437]}
12 14 1783268664020467196
{'names': ['NU-AP06164', 'NU-AP06163'], 'addresses': ['48:00:b3:5f:72:e0', '48:00:b3:5f:46:a0'], 'ssids': ['iotroam', 'iotroam'], 'signals': [-55, -54], 'timestamps': [1.7832686634480084e+18, 1.7832686634480084e+18], 'frequencies': [2437, 2437]}
12 15 1783268664075974910
{'names': ['NU-AP06164', 'NU-AP06163'], 'addresses': ['48:00:b3:5f:72:e0', '48:00:b3:5f:46:a0'], 'ssids': ['iotroam', 'iotroam'], 'signals': [-55, -54], 'timestamps': [1.7832686634480084e+18, 1.7832686634480084e+18], 'frequencies': [2437, 2437]}
14 16 1783268664128153386
{'names': ['NU-AP06164', 'NU-AP06163'], 'addresses': ['48:00:b3:5f:72:e0', '48:00:b3:5f:46:a0'], 'ssids': ['iotroam', 'iotroam'], 'signals': [-55, -54], 'timestamps': [1.7832686634481533e+18, 1.7832686634481533e+18], 'frequencies': [2437, 2437]}
14 17 1783268664178861379
{'names': ['NU-AP06164', 'NU-AP06163'], 'addresses': ['48:00:b3:5f:72:e0', '48:00:b3:5f:46:a0'], 'ssids': ['iotroam', 'iotroam'], 'signals': [-55, -54], 'timestamps': [1.7832686634481533e+18, 1.7832686634481533e+18], 'frequencies': [2437, 2437]}
14 18 1783268664232263460
{'names': ['NU-AP06164', 'NU-AP06163'], 'addresses': ['48:00:b3:5f:72:e0', '48:00:b3:5f:46:a0'], 'ssids': ['iotroam', 'iotroam'], 'signals': [-55, -54], 'timestamps': [1.7832686634481533e+18, 1.7832686634481533e+18], 'frequencies': [2437, 2437]}
14 19 1783268664281729261
{'names': ['NU-AP06164', 'NU-AP06163'], 'addresses': ['48:00:b3:5f:72:e0', '48:00:b3:5f:46:a0'], 'ssids': ['iotroam', 'iotroam'], 'signals': [-55, -54], 'timestamps': [1.7832686634481533e+18, 1.7832686634481533e+18], 'frequencies': [2437, 2437]}
14 20 1783268664335367091
{'names': ['NU-AP06164', 'NU-AP06163'], 'addresses': ['48:00:b3:5f:72:e0', '48:00:b3:5f:46:a0'], 'ssids': ['iotroam', 'iotroam'], 'signals': [-55, -54], 'timestamps': [1.7832686634481533e+18, 1.7832686634481533e+18], 'frequencies': [2437, 2437]}
14 21 1783268664386939051
{'names': ['NU-AP06164', 'NU-AP06163'], 'addresses': ['48:00:b3:5f:72:e0', '48:00:b3:5f:46:a0'], 'ssids': ['iotroam', 'iotroam'], 'signals': [-55, -54], 'timestamps': [1.7832686634481533e+18, 1.7832686634481533e+18], 'frequencies': [2437, 2437]}
14 22 1783268664442435334
{'names': ['NU-AP06164', 'NU-AP06163'], 'addresses': ['48:00:b3:5f:72:e0', '48:00:b3:5f:46:a0'], 'ssids': ['iotroam', 'iotroam'], 'signals': [-55, -54], 'timestamps': [1.7832686634481533e+18, 1.7832686634481533e+18], 'frequencies': [2437, 2437]}
14 23 1783268664499900091
{'names': ['NU-AP06164', 'NU-AP06163'], 'addresses': ['48:00:b3:5f:72:e0', '48:00:b3:5f:46:a0'], 'ssids': ['iotroam', 'iotroam'], 'signals': [-55, -54], 'timestamps': [1.7832686634481533e+18, 1.7832686634481533e+18], 'frequencies': [2437, 2437]}
14 24 1783268664551064962
{'names': ['NU-AP06164', 'NU-AP06163'], 'addresses': ['48:00:b3:5f:72:e0', '48:00:b3:5f:46:a0'], 'ssids': ['iotroam', 'iotroam'], 'signals': [-55, -54], 'timestamps': [1.7832686634481533e+18, 1.7832686634481533e+18], 'frequencies': [2437, 2437]}
14 25 1783268664602760762
{'names': ['NU-AP06164', 'NU-AP06163'], 'addresses': ['48:00:b3:5f:72:e0', '48:00:b3:5f:46:a0'], 'ssids': ['iotroam', 'iotroam'], 'signals': [-55, -54], 'timestamps': [1.7832686634481533e+18, 1.7832686634481533e+18], 'frequencies': [2437, 2437]}
14 26 1783268664654264994
{'names': ['NU-AP06164', 'NU-AP06163'], 'addresses': ['48:00:b3:5f:72:e0', '48:00:b3:5f:46:a0'], 'ssids': ['iotroam', 'iotroam'], 'signals': [-55, -54], 'timestamps': [1.7832686634481533e+18, 1.7832686634481533e+18], 'frequencies': [2437, 2437]}
14 27 1783268664706477244
{'names': ['NU-AP06164', 'NU-AP06163'], 'addresses': ['48:00:b3:5f:72:e0', '48:00:b3:5f:46:a0'], 'ssids': ['iotroam', 'iotroam'], 'signals': [-55, -54], 'timestamps': [1.7832686634481533e+18, 1.7832686634481533e+18], 'frequencies': [2437, 2437]}
14 28 1783268664758138577
{'names': ['NU-AP06164', 'NU-AP06163'], 'addresses': ['48:00:b3:5f:72:e0', '48:00:b3:5f:46:a0'], 'ssids': ['iotroam', 'iotroam'], 'signals': [-55, -54], 'timestamps': [1.7832686634481533e+18, 1.7832686634481533e+18], 'frequencies': [2437, 2437]}
14 29 1783268664814416712
{'names': ['NU-AP06164', 'NU-AP06163'], 'addresses': ['48:00:b3:5f:72:e0', '48:00:b3:5f:46:a0'], 'ssids': ['iotroam', 'iotroam'], 'signals': [-55, -54], 'timestamps': [1.7832686634481533e+18, 1.7832686634481533e+18], 'frequencies': [2437, 2437]}
14 30 1783268664866695684
{'names': ['NU-AP06164', 'NU-AP06163'], 'addresses': ['48:00:b3:5f:72:e0', '48:00:b3:5f:46:a0'], 'ssids': ['iotroam', 'iotroam'], 'signals': [-55, -54], 'timestamps': [1.7832686634481533e+18, 1.7832686634481533e+18], 'frequencies': [2437, 2437]}
16 32 1783268664919246420
{'names': ['NU-AP06164', 'NU-AP06163', 'NU-AP06162'], 'addresses': ['48:00:b3:5f:72:e0', '48:00:b3:5f:46:a0', '48:00:b3:5a:90:8f'], 'ssids': ['iotroam', 'iotroam', 'iotroam'], 'signals': [-55, -54, -72], 'timestamps': [1.7832686634482463e+18, 1.7832686634482463e+18, 1.7832686649162463e+18], 'frequencies': [2437, 2437, 5320]}
18 34 1783268664978297503
{'names': ['NU-AP06164', 'NU-AP06163', 'NU-AP06162', 'NU-AP06163'], 'addresses': ['48:00:b3:5f:72:e0', '48:00:b3:5f:46:a0', '48:00:b3:5a:90:8f', '48:00:b3:5f:46:ae'], 'ssids': ['iotroam', 'iotroam', 'iotroam', 'eduroam'], 'signals': [-55, -54, -72, -59], 'timestamps': [1.7832686634482975e+18, 1.7832686634482975e+18, 1.7832686649162977e+18, 1.7832686649602975e+18], 'frequencies': [2437, 2437, 5320, 5500]}
20 36 1783268665040367635
{'names': ['NU-AP06164', 'NU-AP06163', 'NU-AP06162', 'NU-AP06163'], 'addresses': ['48:00:b3:5f:72:e0', '48:00:b3:5f:46:a0', '48:00:b3:5a:90:8f', '48:00:b3:5f:46:ae'], 'ssids': ['iotroam', 'iotroam', 'iotroam', 'eduroam'], 'signals': [-55, -54, -72, -59], 'timestamps': [1.7832686634483676e+18, 1.7832686634483676e+18, 1.7832686649163676e+18, 1.7832686649603676e+18], 'frequencies': [2437, 2437, 5320, 5500]}
20 37 1783268665270104569
{'names': ['NU-AP06164', 'NU-AP06163', 'NU-AP06162', 'NU-AP06163', 'NU-AP06164'], 'addresses': ['48:00:b3:5f:72:e0', '48:00:b3:5f:46:a0', '48:00:b3:5a:90:8f', '48:00:b3:5f:46:ae', '48:00:b3:5f:72:ef'], 'ssids': ['iotroam', 'iotroam', 'iotroam', 'eduroam', 'iotroam'], 'signals': [-55, -54, -72, -59, -67], 'timestamps': [1.7832686634483676e+18, 1.7832686634483676e+18, 1.7832686649163676e+18, 1.7832686649603676e+18, 1.7832686652171046e+18], 'frequencies': [2437, 2437, 5320, 5500, 5540]}
22 40 1783268665333690941
{'names': ['NU-AP06164', 'NU-AP06163', 'NU-AP06162', 'NU-AP06163', 'NU-AP06164'], 'addresses': ['48:00:b3:5f:72:e0', '48:00:b3:5f:46:a0', '48:00:b3:5a:90:8f', '48:00:b3:5f:46:ae', '48:00:b3:5f:72:ef'], 'ssids': ['iotroam', 'iotroam', 'iotroam', 'eduroam', 'iotroam'], 'signals': [-55, -54, -72, -59, -67], 'timestamps': [1.783268663448691e+18, 1.783268663448691e+18, 1.783268664916691e+18, 1.783268664960691e+18, 1.783268665217691e+18], 'frequencies': [2437, 2437, 5320, 5500, 5540]}
22 41 1783268666177527236
{'names': ['NU-AP06164', 'NU-AP06163', 'NU-AP06162', 'NU-AP06163', 'NU-AP06164', 'NU-AP06167'], 'addresses': ['48:00:b3:5f:72:e0', '48:00:b3:5f:46:a0', '48:00:b3:5a:90:8f', '48:00:b3:5f:46:ae', '48:00:b3:5f:72:ef', '48:00:b3:5e:0b:ef'], 'ssids': ['iotroam', 'iotroam', 'iotroam', 'eduroam', 'iotroam', 'iotroam'], 'signals': [-55, -54, -72, -59, -67, -76], 'timestamps': [1.783268663448691e+18, 1.783268663448691e+18, 1.783268664916691e+18, 1.783268664960691e+18, 1.783268665217691e+18, 1.7832686661315272e+18], 'frequencies': [2437, 2437, 5320, 5500, 5540, 5660]}
24 45 1783268666376138804
{'names': ['NU-AP06164', 'NU-AP06163', 'NU-AP06162', 'NU-AP06163', 'NU-AP06164', 'NU-AP06167'], 'addresses': ['48:00:b3:5f:72:e0', '48:00:b3:5f:46:a0', '48:00:b3:5a:90:8f', '48:00:b3:5f:46:ae', '48:00:b3:5f:72:ef', '48:00:b3:5e:0b:ef'], 'ssids': ['iotroam', 'iotroam', 'iotroam', 'eduroam', 'iotroam', 'iotroam'], 'signals': [-55, -54, -72, -59, -67, -76], 'timestamps': [1.7832686634491387e+18, 1.7832686634491387e+18, 1.7832686649171387e+18, 1.7832686649611387e+18, 1.7832686652181386e+18, 1.7832686661321388e+18], 'frequencies': [2437, 2437, 5320, 5500, 5540, 5660]}
26 49 1783268666446235753
{'names': ['NU-AP06164', 'NU-AP06163', 'NU-AP06162', 'NU-AP06163', 'NU-AP06164', 'NU-AP06167'], 'addresses': ['48:00:b3:5f:72:e0', '48:00:b3:5f:46:a0', '48:00:b3:5a:90:8f', '48:00:b3:5f:46:ae', '48:00:b3:5f:72:ef', '48:00:b3:5e:0b:ef'], 'ssids': ['iotroam', 'iotroam', 'iotroam', 'eduroam', 'iotroam', 'iotroam'], 'signals': [-55, -54, -72, -59, -67, -76], 'timestamps': [1.7832686634492357e+18, 1.7832686634492357e+18, 1.7832686649172357e+18, 1.7832686649612357e+18, 1.7832686652182356e+18, 1.7832686661322358e+18], 'frequencies': [2437, 2437, 5320, 5500, 5540, 5660]}
27 49 1783268667456963264
{'names': ['NU-AP06164', 'NU-AP06163', 'NU-AP06162', 'NU-AP06163', 'NU-AP06164', 'NU-AP06167', 'NU-AP06167'], 'addresses': ['48:00:b3:5f:72:e0', '48:00:b3:5f:46:a0', '48:00:b3:5a:90:8f', '48:00:b3:5f:46:ae', '48:00:b3:5f:72:ef', '48:00:b3:5e:0b:ef', '48:00:b3:5e:0b:e0'], 'ssids': ['iotroam', 'iotroam', 'iotroam', 'eduroam', 'iotroam', 'iotroam', 'iotroam'], 'signals': [-55, -54, -72, -59, -67, -76, -66], 'timestamps': [1.7832686634492357e+18, 1.7832686634492357e+18, 1.7832686649172357e+18, 1.7832686649612357e+18, 1.7832686652182356e+18, 1.7832686661322358e+18, 1.7832686674509635e+18], 'frequencies': [2437, 2437, 5320, 5500, 5540, 5660, 2412]}
28 49 1783268667530088158
{'names': ['NU-AP06164', 'NU-AP06163', 'NU-AP06162', 'NU-AP06163', 'NU-AP06164', 'NU-AP06167', 'NU-AP06167'], 'addresses': ['48:00:b3:5f:72:e0', '48:00:b3:5f:46:a0', '48:00:b3:5a:90:8f', '48:00:b3:5f:46:ae', '48:00:b3:5f:72:ef', '48:00:b3:5e:0b:ef', '48:00:b3:5e:0b:e0'], 'ssids': ['iotroam', 'iotroam', 'iotroam', 'eduroam', 'iotroam', 'iotroam', 'iotroam'], 'signals': [-55, -54, -72, -59, -67, -76, -65], 'timestamps': [1.7832686634492357e+18, 1.7832686634492357e+18, 1.7832686649172357e+18, 1.7832686649612357e+18, 1.7832686652182356e+18, 1.7832686661322358e+18, 1.7832686674600883e+18], 'frequencies': [2437, 2437, 5320, 5500, 5540, 5660, 2412]}
30 49 1783268667623929175
{'names': ['NU-AP06164', 'NU-AP06163', 'NU-AP06162', 'NU-AP06163', 'NU-AP06164', 'NU-AP06167', 'NU-AP06167'], 'addresses': ['48:00:b3:5f:72:e0', '48:00:b3:5f:46:a0', '48:00:b3:5a:90:8f', '48:00:b3:5f:46:ae', '48:00:b3:5f:72:ef', '48:00:b3:5e:0b:ef', '48:00:b3:5e:0b:e0'], 'ssids': ['iotroam', 'iotroam', 'iotroam', 'eduroam', 'iotroam', 'iotroam', 'iotroam'], 'signals': [-55, -53, -72, -59, -67, -76, -65], 'timestamps': [1.7832686675989292e+18, 1.7832686675989292e+18, 1.7832686649172357e+18, 1.7832686649612357e+18, 1.7832686652182356e+18, 1.7832686661322358e+18, 1.7832686674600883e+18], 'frequencies': [2437, 2437, 5320, 5500, 5540, 5660, 2412]}
33 53 1783268667708219909
{'names': ['NU-AP06164', 'NU-AP06163', 'NU-AP06162', 'NU-AP06163', 'NU-AP06164', 'NU-AP06167', 'NU-AP06167'], 'addresses': ['48:00:b3:5f:72:e0', '48:00:b3:5f:46:a0', '48:00:b3:5a:90:8f', '48:00:b3:5f:46:ae', '48:00:b3:5f:72:ef', '48:00:b3:5e:0b:ef', '48:00:b3:5e:0b:e0'], 'ssids': ['iotroam', 'iotroam', 'iotroam', 'eduroam', 'iotroam', 'iotroam', 'iotroam'], 'signals': [-55, -53, -72, -59, -67, -76, -65], 'timestamps': [1.78326866760022e+18, 1.78326866760022e+18, 1.7832686649182198e+18, 1.78326866496222e+18, 1.78326866521922e+18, 1.7832686661332198e+18, 1.7832686674612198e+18], 'frequencies': [2437, 2437, 5320, 5500, 5540, 5660, 2412]}
33 55 1783268669140219119
{'names': ['NU-AP06164', 'NU-AP06163', 'NU-AP06162', 'NU-AP06163', 'NU-AP06164', 'NU-AP06167', 'NU-AP06167'], 'addresses': ['48:00:b3:5f:72:e0', '48:00:b3:5f:46:a0', '48:00:b3:5a:90:8f', '48:00:b3:5f:46:ae', '48:00:b3:5f:72:ef', '48:00:b3:5e:0b:ef', '48:00:b3:5e:0b:e0'], 'ssids': ['iotroam', 'iotroam', 'iotroam', 'eduroam', 'iotroam', 'iotroam', 'iotroam'], 'signals': [-55, -53, -72, -59, -67, -76, -65], 'timestamps': [1.78326866760022e+18, 1.78326866760022e+18, 1.7832686690862193e+18, 1.783268669130219e+18, 1.78326866521922e+18, 1.7832686661332198e+18, 1.7832686674612198e+18], 'frequencies': [2437, 2437, 5320, 5500, 5540, 5660, 2412]}
33 56 1783268669451965173
{'names': ['NU-AP06164', 'NU-AP06163', 'NU-AP06162', 'NU-AP06163', 'NU-AP06164', 'NU-AP06167', 'NU-AP06167'], 'addresses': ['48:00:b3:5f:72:e0', '48:00:b3:5f:46:a0', '48:00:b3:5a:90:8f', '48:00:b3:5f:46:ae', '48:00:b3:5f:72:ed', '48:00:b3:5e:0b:ef', '48:00:b3:5e:0b:e0'], 'ssids': ['iotroam', 'iotroam', 'iotroam', 'eduroam', 'VU-Campusnet', 'iotroam', 'iotroam'], 'signals': [-55, -53, -72, -59, -67, -76, -65], 'timestamps': [1.78326866760022e+18, 1.78326866760022e+18, 1.7832686690862193e+18, 1.783268669130219e+18, 1.783268669393965e+18, 1.7832686661332198e+18, 1.7832686674612198e+18], 'frequencies': [2437, 2437, 5320, 5500, 5540, 5660, 2412]}
33 59 1783268669532670916
{'names': ['NU-AP06164', 'NU-AP06163', 'NU-AP06162', 'NU-AP06163', 'NU-AP06164', 'NU-AP06167', 'NU-AP06167'], 'addresses': ['48:00:b3:5f:72:e0', '48:00:b3:5f:46:a0', '48:00:b3:5a:90:8f', '48:00:b3:5f:46:ae', '48:00:b3:5f:72:ed', '48:00:b3:5e:0b:ef', '48:00:b3:5e:0b:e0'], 'ssids': ['iotroam', 'iotroam', 'iotroam', 'eduroam', 'VU-Campusnet', 'iotroam', 'iotroam'], 'signals': [-55, -53, -72, -59, -67, -76, -65], 'timestamps': [1.78326866760022e+18, 1.78326866760022e+18, 1.7832686690866708e+18, 1.783268669130671e+18, 1.783268669394671e+18, 1.7832686661332198e+18, 1.7832686674612198e+18], 'frequencies': [2437, 2437, 5320, 5500, 5540, 5660, 2412]}
33 62 1783268669613005504
{'names': ['NU-AP06164', 'NU-AP06163', 'NU-AP06162', 'NU-AP06163', 'NU-AP06164', 'NU-AP06167', 'NU-AP06167'], 'addresses': ['48:00:b3:5f:72:e0', '48:00:b3:5f:46:a0', '48:00:b3:5a:90:8f', '48:00:b3:5f:46:ae', '48:00:b3:5f:72:ed', '48:00:b3:5e:0b:ef', '48:00:b3:5e:0b:e0'], 'ssids': ['iotroam', 'iotroam', 'iotroam', 'eduroam', 'VU-Campusnet', 'iotroam', 'iotroam'], 'signals': [-55, -53, -72, -59, -67, -76, -65], 'timestamps': [1.78326866760022e+18, 1.78326866760022e+18, 1.7832686690870057e+18, 1.7832686691310054e+18, 1.7832686693950054e+18, 1.7832686661332198e+18, 1.7832686674612198e+18], 'frequencies': [2437, 2437, 5320, 5500, 5540, 5660, 2412]}
36 66 1783268669723089427
{'names': ['NU-AP06164', 'NU-AP06163', 'NU-AP06162', 'NU-AP06163', 'NU-AP06164', 'NU-AP06167', 'NU-AP06167'], 'addresses': ['48:00:b3:5f:72:e0', '48:00:b3:5f:46:a0', '48:00:b3:5a:90:8f', '48:00:b3:5f:46:ae', '48:00:b3:5f:72:ed', '48:00:b3:5e:0b:ef', '48:00:b3:5e:0b:e0'], 'ssids': ['iotroam', 'iotroam', 'iotroam', 'eduroam', 'VU-Campusnet', 'iotroam', 'iotroam'], 'signals': [-55, -53, -72, -59, -67, -76, -65], 'timestamps': [1.7832686676020895e+18, 1.7832686676020895e+18, 1.7832686690890895e+18, 1.7832686691330893e+18, 1.7832686693970893e+18, 1.7832686661350894e+18, 1.7832686674630894e+18], 'frequencies': [2437, 2437, 5320, 5500, 5540, 5660, 2412]}
36 67 1783268670225422701
{'names': ['NU-AP06164', 'NU-AP06163', 'NU-AP06162', 'NU-AP06163', 'NU-AP06164', 'NU-AP06167', 'NU-AP06167'], 'addresses': ['48:00:b3:5f:72:e0', '48:00:b3:5f:46:a0', '48:00:b3:5a:90:8f', '48:00:b3:5f:46:ae', '48:00:b3:5f:72:ed', '48:00:b3:5e:0b:ee', '48:00:b3:5e:0b:e0'], 'ssids': ['iotroam', 'iotroam', 'iotroam', 'eduroam', 'VU-Campusnet', 'eduroam', 'iotroam'], 'signals': [-55, -53, -72, -59, -67, -77, -65], 'timestamps': [1.7832686676020895e+18, 1.7832686676020895e+18, 1.7832686690890895e+18, 1.7832686691330893e+18, 1.7832686693970893e+18, 1.7832686701824225e+18, 1.7832686674630894e+18], 'frequencies': [2437, 2437, 5320, 5500, 5540, 5660, 2412]}
36 68 1783268670456446872
{'names': ['NU-AP06164', 'NU-AP06163', 'NU-AP06162', 'NU-AP06163', 'NU-AP06164', 'NU-AP06167', 'NU-AP06167'], 'addresses': ['48:00:b3:5f:72:e0', '48:00:b3:5f:46:a0', '48:00:b3:5a:90:8f', '48:00:b3:5f:46:ae', '48:00:b3:5f:72:ed', '48:00:b3:5e:0b:ee', '48:00:b3:5e:0b:e0'], 'ssids': ['iotroam', 'iotroam', 'iotroam', 'eduroam', 'VU-Campusnet', 'eduroam', 'iotroam'], 'signals': [-55, -53, -72, -59, -67, -77, -65], 'timestamps': [1.7832686676020895e+18, 1.7832686676020895e+18, 1.7832686690890895e+18, 1.7832686691330893e+18, 1.7832686693970893e+18, 1.783268670182447e+18, 1.7832686674630894e+18], 'frequencies': [2437, 2437, 5320, 5500, 5540, 5660, 2412]}
36 69 1783268670535575307
{'names': ['NU-AP06164', 'NU-AP06163', 'NU-AP06162', 'NU-AP06163', 'NU-AP06164', 'NU-AP06167', 'NU-AP06167'], 'addresses': ['48:00:b3:5f:72:e0', '48:00:b3:5f:46:a0', '48:00:b3:5a:90:8f', '48:00:b3:5f:46:ae', '48:00:b3:5f:72:ed', '48:00:b3:5e:0b:ee', '48:00:b3:5e:0b:e0'], 'ssids': ['iotroam', 'iotroam', 'iotroam', 'eduroam', 'VU-Campusnet', 'eduroam', 'iotroam'], 'signals': [-55, -53, -72, -59, -67, -77, -65], 'timestamps': [1.7832686676020895e+18, 1.7832686676020895e+18, 1.7832686690890895e+18, 1.7832686691330893e+18, 1.7832686693970893e+18, 1.7832686701835753e+18, 1.7832686674630894e+18], 'frequencies': [2437, 2437, 5320, 5500, 5540, 5660, 2412]}
36 70 1783268670691739248
{'names': ['NU-AP06164', 'NU-AP06163', 'NU-AP06162', 'NU-AP06163', 'NU-AP06164', 'NU-AP06167', 'NU-AP06167'], 'addresses': ['48:00:b3:5f:72:e0', '48:00:b3:5f:46:a0', '48:00:b3:5a:90:8f', '48:00:b3:5f:46:ae', '48:00:b3:5f:72:ed', '48:00:b3:5e:0b:ee', '48:00:b3:5e:0b:e0'], 'ssids': ['iotroam', 'iotroam', 'iotroam', 'eduroam', 'VU-Campusnet', 'eduroam', 'iotroam'], 'signals': [-55, -53, -72, -59, -67, -77, -65], 'timestamps': [1.7832686676020895e+18, 1.7832686676020895e+18, 1.7832686690890895e+18, 1.7832686691330893e+18, 1.7832686693970893e+18, 1.7832686701837391e+18, 1.7832686674630894e+18], 'frequencies': [2437, 2437, 5320, 5500, 5540, 5660, 2412]}
36 71 1783268671449106876
{'names': ['NU-AP06164', 'NU-AP06163', 'NU-AP06162', 'NU-AP06163', 'NU-AP06164', 'NU-AP06167', 'NU-AP06167'], 'addresses': ['48:00:b3:5f:72:e0', '48:00:b3:5f:46:a0', '48:00:b3:5a:90:8f', '48:00:b3:5f:46:ae', '48:00:b3:5f:72:ed', '48:00:b3:5e:0b:ee', '48:00:b3:5e:0b:e0'], 'ssids': ['iotroam', 'iotroam', 'iotroam', 'eduroam', 'VU-Campusnet', 'eduroam', 'iotroam'], 'signals': [-55, -53, -72, -59, -67, -77, -65], 'timestamps': [1.7832686676020895e+18, 1.7832686676020895e+18, 1.7832686690890895e+18, 1.783268671428107e+18, 1.7832686693970893e+18, 1.7832686701837391e+18, 1.7832686674630894e+18], 'frequencies': [2437, 2437, 5320, 5500, 5540, 5660, 2412]}
37 72 1783268671527326656
{'names': ['NU-AP06164', 'NU-AP06163', 'NU-AP06162', 'NU-AP06163', 'NU-AP06164', 'NU-AP06167', 'NU-AP06167'], 'addresses': ['48:00:b3:5f:72:e0', '48:00:b3:5f:46:a0', '48:00:b3:5a:90:8f', '48:00:b3:5f:46:ae', '48:00:b3:5f:72:ed', '48:00:b3:5e:0b:ee', '48:00:b3:5e:0b:e0'], 'ssids': ['iotroam', 'iotroam', 'iotroam', 'eduroam', 'VU-Campusnet', 'eduroam', 'iotroam'], 'signals': [-55, -53, -72, -59, -67, -77, -65], 'timestamps': [1.7832686676020895e+18, 1.7832686676020895e+18, 1.7832686690890895e+18, 1.7832686714283267e+18, 1.7832686693970893e+18, 1.7832686701837391e+18, 1.7832686714533268e+18], 'frequencies': [2437, 2437, 5320, 5500, 5540, 5660, 2412]}
40 72 1783268671606663707
{'names': ['NU-AP06164', 'NU-AP06163', 'NU-AP06162', 'NU-AP06163', 'NU-AP06164', 'NU-AP06167', 'NU-AP06167', 'NU-AP06162'], 'addresses': ['48:00:b3:5f:72:e0', '48:00:b3:5f:46:a0', '48:00:b3:5a:90:8f', '48:00:b3:5f:46:ae', '48:00:b3:5f:72:ed', '48:00:b3:5e:0b:ee', '48:00:b3:5e:0b:e0', '48:00:b3:5a:90:80'], 'ssids': ['iotroam', 'iotroam', 'iotroam', 'eduroam', 'VU-Campusnet', 'eduroam', 'iotroam', 'iotroam'], 'signals': [-55, -53, -72, -59, -67, -77, -65, -71], 'timestamps': [1.7832686715896637e+18, 1.7832686715906637e+18, 1.7832686690890895e+18, 1.7832686714283267e+18, 1.7832686693970893e+18, 1.7832686701837391e+18, 1.7832686714533268e+18, 1.7832686716016637e+18], 'frequencies': [2437, 2437, 5320, 5500, 5540, 5660, 2412, 2437]}
43 72 1783268671687843779
{'names': ['NU-AP06164', 'NU-AP06163', 'NU-AP06162', 'NU-AP06163', 'NU-AP06164', 'NU-AP06167', 'NU-AP06167', 'NU-AP06162'], 'addresses': ['48:00:b3:5f:72:e0', '48:00:b3:5f:46:a0', '48:00:b3:5a:90:8f', '48:00:b3:5f:46:ae', '48:00:b3:5f:72:ed', '48:00:b3:5e:0b:ee', '48:00:b3:5e:0b:e0', '48:00:b3:5a:90:80'], 'ssids': ['iotroam', 'iotroam', 'iotroam', 'eduroam', 'VU-Campusnet', 'eduroam', 'iotroam', 'iotroam'], 'signals': [-55, -53, -72, -59, -67, -77, -65, -71], 'timestamps': [1.783268671589844e+18, 1.783268671590844e+18, 1.7832686690890895e+18, 1.7832686714283267e+18, 1.7832686693970893e+18, 1.7832686701837391e+18, 1.7832686714533268e+18, 1.7832686716018437e+18], 'frequencies': [2437, 2437, 5320, 5500, 5540, 5660, 2412, 2437]}
47 73 1783268671767599579
{'names': ['NU-AP06164', 'NU-AP06163', 'NU-AP06162', 'NU-AP06163', 'NU-AP06164', 'NU-AP06167', 'NU-AP06167', 'NU-AP06162'], 'addresses': ['48:00:b3:5f:72:e0', '48:00:b3:5f:46:a0', '48:00:b3:5a:90:8f', '48:00:b3:5f:46:ae', '48:00:b3:5f:72:ed', '48:00:b3:5e:0b:ee', '48:00:b3:5e:0b:e0', '48:00:b3:5a:90:80'], 'ssids': ['iotroam', 'iotroam', 'iotroam', 'eduroam', 'VU-Campusnet', 'eduroam', 'iotroam', 'iotroam'], 'signals': [-55, -53, -72, -59, -67, -77, -65, -71], 'timestamps': [1.7832686715905997e+18, 1.7832686715915996e+18, 1.7832686690890895e+18, 1.7832686714285996e+18, 1.7832686693970893e+18, 1.7832686701837391e+18, 1.7832686714535997e+18, 1.7832686716025997e+18], 'frequencies': [2437, 2437, 5320, 5500, 5540, 5660, 2412, 2437]}
51 74 1783268672308666437
{'names': ['NU-AP06164', 'NU-AP06163', 'NU-AP06162', 'NU-AP06163', 'NU-AP06164', 'NU-AP06167', 'NU-AP06167', 'NU-AP06162'], 'addresses': ['48:00:b3:5f:72:e0', '48:00:b3:5f:46:a0', '48:00:b3:5a:90:8f', '48:00:b3:5f:46:ae', '48:00:b3:5f:72:ed', '48:00:b3:5e:0b:ee', '48:00:b3:5e:0b:e0', '48:00:b3:5a:90:80'], 'ssids': ['iotroam', 'iotroam', 'iotroam', 'eduroam', 'VU-Campusnet', 'eduroam', 'iotroam', 'iotroam'], 'signals': [-55, -53, -72, -59, -67, -77, -65, -71], 'timestamps': [1.7832686715906662e+18, 1.7832686715916664e+18, 1.7832686690890895e+18, 1.7832686714286664e+18, 1.7832686693970893e+18, 1.7832686701837391e+18, 1.7832686714536663e+18, 1.7832686716026665e+18], 'frequencies': [2437, 2437, 5320, 5500, 5540, 5660, 2412, 2437]}
51 75 1783268673105653223
{'names': ['NU-AP06164', 'NU-AP06163', 'NU-AP06162', 'NU-AP06163', 'NU-AP06164', 'NU-AP06167', 'NU-AP06167', 'NU-AP06162'], 'addresses': ['48:00:b3:5f:72:e0', '48:00:b3:5f:46:a0', '48:00:b3:5a:90:8f', '48:00:b3:5f:46:ae', '48:00:b3:5f:72:ed', '48:00:b3:5e:0b:ee', '48:00:b3:5e:0b:e0', '48:00:b3:5a:90:80'], 'ssids': ['iotroam', 'iotroam', 'iotroam', 'eduroam', 'VU-Campusnet', 'eduroam', 'iotroam', 'iotroam'], 'signals': [-55, -53, -73, -59, -67, -77, -65, -71], 'timestamps': [1.7832686715906662e+18, 1.7832686715916664e+18, 1.7832686730796534e+18, 1.7832686714286664e+18, 1.7832686693970893e+18, 1.7832686701837391e+18, 1.7832686714536663e+18, 1.7832686716026665e+18], 'frequencies': [2437, 2437, 5320, 5500, 5540, 5660, 2412, 2437]}
55 79 1783268673191286581
{'names': ['NU-AP06164', 'NU-AP06163', 'NU-AP06162', 'NU-AP06163', 'NU-AP06164', 'NU-AP06167', 'NU-AP06167', 'NU-AP06162'], 'addresses': ['48:00:b3:5f:72:e0', '48:00:b3:5f:46:a0', '48:00:b3:5a:90:8f', '48:00:b3:5f:46:ad', '48:00:b3:5f:72:ed', '48:00:b3:5e:0b:ee', '48:00:b3:5e:0b:e0', '48:00:b3:5a:90:80'], 'ssids': ['iotroam', 'iotroam', 'iotroam', 'VU-Campusnet', 'VU-Campusnet', 'eduroam', 'iotroam', 'iotroam'], 'signals': [-55, -53, -73, -59, -67, -77, -65, -71], 'timestamps': [1.7832686715932867e+18, 1.7832686715942866e+18, 1.7832686730832865e+18, 1.7832686731272865e+18, 1.7832686693972864e+18, 1.7832686701862866e+18, 1.7832686714562865e+18, 1.7832686716052864e+18], 'frequencies': [2437, 2437, 5320, 5500, 5540, 5660, 2412, 2437]}
55 80 1783268673389661618
{'names': ['NU-AP06164', 'NU-AP06163', 'NU-AP06162', 'NU-AP06163', 'NU-AP06164', 'NU-AP06167', 'NU-AP06167', 'NU-AP06162'], 'addresses': ['48:00:b3:5f:72:e0', '48:00:b3:5f:46:a0', '48:00:b3:5a:90:8f', '48:00:b3:5f:46:ad', '48:00:b3:5f:72:ef', '48:00:b3:5e:0b:ee', '48:00:b3:5e:0b:e0', '48:00:b3:5a:90:80'], 'ssids': ['iotroam', 'iotroam', 'iotroam', 'VU-Campusnet', 'iotroam', 'eduroam', 'iotroam', 'iotroam'], 'signals': [-55, -53, -73, -59, -67, -77, -65, -71], 'timestamps': [1.7832686715932867e+18, 1.7832686715942866e+18, 1.7832686730832865e+18, 1.7832686731272865e+18, 1.7832686733886618e+18, 1.7832686701862866e+18, 1.7832686714562865e+18, 1.7832686716052864e+18], 'frequencies': [2437, 2437, 5320, 5500, 5540, 5660, 2412, 2437]}
55 81 1783268673863457463
{'names': ['NU-AP06164', 'NU-AP06163', 'NU-AP06162', 'NU-AP06163', 'NU-AP06164', 'NU-AP06167', 'NU-AP06167', 'NU-AP06162'], 'addresses': ['48:00:b3:5f:72:e0', '48:00:b3:5f:46:a0', '48:00:b3:5a:90:8f', '48:00:b3:5f:46:ad', '48:00:b3:5f:72:ef', '48:00:b3:5e:0b:ee', '48:00:b3:5e:0b:e0', '48:00:b3:5a:90:80'], 'ssids': ['iotroam', 'iotroam', 'iotroam', 'VU-Campusnet', 'iotroam', 'eduroam', 'iotroam', 'iotroam'], 'signals': [-55, -53, -73, -59, -67, -77, -65, -71], 'timestamps': [1.7832686715932867e+18, 1.7832686715942866e+18, 1.7832686730832865e+18, 1.7832686731272865e+18, 1.7832686733894574e+18, 1.7832686701862866e+18, 1.7832686714562865e+18, 1.7832686716052864e+18], 'frequencies': [2437, 2437, 5320, 5500, 5540, 5660, 2412, 2437]}
