in the second of 17:37:57:
	126 new cells on 2.4GHz, 210 new cells on 5 GHz
	0 new predictions on 2.4GHz, 52 new predictions on 5 GHz
in the second of 17:37:58:
	252 new cells on 2.4GHz, 505 new cells on 5 GHz
	2 new predictions on 2.4GHz, 68 new predictions on 5 GHz
in the second of 17:37:59:
	48 new cells on 2.4GHz, 138 new cells on 5 GHz
	8 new predictions on 2.4GHz, 12 new predictions on 5 GHz
in the second of 17:38:00:
	60 new cells on 2.4GHz, 156 new cells on 5 GHz
	9 new predictions on 2.4GHz, 12 new predictions on 5 GHz
24-ALL-tri
[(12.509, 27.700, 43.927), (38.04201143735288, 8.5), 43.669519770582525, 1783265879836760866, ['NU-AP06162', 'NU-AP06163', 'NU-AP06164'], [(10.830, 27.700, 31.890), (16.350, 27.700, 50.030), (2.960, 27.700, 44.930)], [-72, -64, -69]]
[(12.509, 27.700, 43.927), (49.53654900759294, 41.836795883348515), 37.086684736398624, 1783265880696220147, ['NU-AP06162', 'NU-AP06163', 'NU-AP06164'], [(10.830, 27.700, 31.890), (16.350, 27.700, 50.030), (2.960, 27.700, 44.930)], [-72, -64, -69]]
[(12.509, 27.700, 43.927), (50.26765593275376, 44.86953572105265), 37.77059238968084, 1783265880767245332, ['NU-AP06162', 'NU-AP06163', 'NU-AP06164'], [(10.830, 27.700, 31.890), (16.350, 27.700, 50.030), (2.960, 27.700, 44.930)], [-72, -64, -69]]
[(12.509, 27.700, 43.927), (51.03466966177898, 48.05122230071279), 38.745953463029004, 1783265880841758772, ['NU-AP06162', 'NU-AP06163', 'NU-AP06164'], [(10.830, 27.700, 31.890), (16.350, 27.700, 50.030), (2.960, 27.700, 44.930)], [-72, -64, -69]]
[(12.509, 27.700, 43.927), (51.81792427765788, 51.30027848509937), 39.99460620113421, 1783265880917849973, ['NU-AP06162', 'NU-AP06163', 'NU-AP06164'], [(10.830, 27.700, 31.890), (16.350, 27.700, 50.030), (2.960, 27.700, 44.930)], [-72, -64, -69]]
[(12.509, 27.700, 43.927), (33.481218672197215, 64.5), 29.3782821980006, 1783265881716904171, ['NU-AP06162', 'NU-AP06163', 'NU-AP06164'], [(10.830, 27.700, 31.890), (16.350, 27.700, 50.030), (2.960, 27.700, 44.930)], [-72, -64, -69]]
[(12.509, 27.700, 43.927), (27.986451959622816, 64.5), 25.744884313738, 1783265881842004932, ['NU-AP06162', 'NU-AP06163', 'NU-AP06164'], [(10.830, 27.700, 31.890), (16.350, 27.700, 50.030), (2.960, 27.700, 44.930)], [-72, -64, -69]]
[(12.509, 27.700, 43.927), (20.161080155779413, 64.5), 21.949922299661257, 1783265882020167176, ['NU-AP06162', 'NU-AP06163', 'NU-AP06164'], [(10.830, 27.700, 31.890), (16.350, 27.700, 50.030), (2.960, 27.700, 44.930)], [-72, -64, -69]]
[(12.509, 27.700, 43.927), (10.617042922336644, 64.5), 20.659643171136548, 1783265882237458716, ['NU-AP06162', 'NU-AP06163', 'NU-AP06164'], [(10.830, 27.700, 31.890), (16.350, 27.700, 50.030), (2.960, 27.700, 44.930)], [-72, -64, -69]]
[(12.509, 27.700, 43.927), (7.162524045480462, 64.5), 21.25617386678356, 1783265882316108632, ['NU-AP06162', 'NU-AP06163', 'NU-AP06164'], [(10.830, 27.700, 31.890), (16.350, 27.700, 50.030), (2.960, 27.700, 44.930)], [-72, -64, -69]]
[(12.509, 27.700, 43.927), (2.9999999999999885, 64.5), 22.664062274021493, 1783265882410877883, ['NU-AP06162', 'NU-AP06163', 'NU-AP06164'], [(10.830, 27.700, 31.890), (16.350, 27.700, 50.030), (2.960, 27.700, 44.930)], [-72, -64, -69]]
24-80-tri
[(12.509, 27.700, 43.927), (38.04201143735288, 8.5), 43.669519770582525, 1783265879836760866, ['NU-AP06162', 'NU-AP06163', 'NU-AP06164'], [(10.830, 27.700, 31.890), (16.350, 27.700, 50.030), (2.960, 27.700, 44.930)], [-72, -64, -69]]
[(12.509, 27.700, 43.927), (49.53654900759294, 41.836795883348515), 37.086684736398624, 1783265880696220147, ['NU-AP06162', 'NU-AP06163', 'NU-AP06164'], [(10.830, 27.700, 31.890), (16.350, 27.700, 50.030), (2.960, 27.700, 44.930)], [-72, -64, -69]]
[(12.509, 27.700, 43.927), (50.26765593275376, 44.86953572105265), 37.77059238968084, 1783265880767245332, ['NU-AP06162', 'NU-AP06163', 'NU-AP06164'], [(10.830, 27.700, 31.890), (16.350, 27.700, 50.030), (2.960, 27.700, 44.930)], [-72, -64, -69]]
[(12.509, 27.700, 43.927), (51.03466966177898, 48.05122230071279), 38.745953463029004, 1783265880841758772, ['NU-AP06162', 'NU-AP06163', 'NU-AP06164'], [(10.830, 27.700, 31.890), (16.350, 27.700, 50.030), (2.960, 27.700, 44.930)], [-72, -64, -69]]
[(12.509, 27.700, 43.927), (51.81792427765788, 51.30027848509937), 39.99460620113421, 1783265880917849973, ['NU-AP06162', 'NU-AP06163', 'NU-AP06164'], [(10.830, 27.700, 31.890), (16.350, 27.700, 50.030), (2.960, 27.700, 44.930)], [-72, -64, -69]]
[(12.509, 27.700, 43.927), (33.481218672197215, 64.5), 29.3782821980006, 1783265881716904171, ['NU-AP06162', 'NU-AP06163', 'NU-AP06164'], [(10.830, 27.700, 31.890), (16.350, 27.700, 50.030), (2.960, 27.700, 44.930)], [-72, -64, -69]]
[(12.509, 27.700, 43.927), (27.986451959622816, 64.5), 25.744884313738, 1783265881842004932, ['NU-AP06162', 'NU-AP06163', 'NU-AP06164'], [(10.830, 27.700, 31.890), (16.350, 27.700, 50.030), (2.960, 27.700, 44.930)], [-72, -64, -69]]
[(12.509, 27.700, 43.927), (20.161080155779413, 64.5), 21.949922299661257, 1783265882020167176, ['NU-AP06162', 'NU-AP06163', 'NU-AP06164'], [(10.830, 27.700, 31.890), (16.350, 27.700, 50.030), (2.960, 27.700, 44.930)], [-72, -64, -69]]
[(12.509, 27.700, 43.927), (10.617042922336644, 64.5), 20.659643171136548, 1783265882237458716, ['NU-AP06162', 'NU-AP06163', 'NU-AP06164'], [(10.830, 27.700, 31.890), (16.350, 27.700, 50.030), (2.960, 27.700, 44.930)], [-72, -64, -69]]
[(12.509, 27.700, 43.927), (7.162524045480462, 64.5), 21.25617386678356, 1783265882316108632, ['NU-AP06162', 'NU-AP06163', 'NU-AP06164'], [(10.830, 27.700, 31.890), (16.350, 27.700, 50.030), (2.960, 27.700, 44.930)], [-72, -64, -69]]
[(12.509, 27.700, 43.927), (2.9999999999999885, 64.5), 22.664062274021493, 1783265882410877883, ['NU-AP06162', 'NU-AP06163', 'NU-AP06164'], [(10.830, 27.700, 31.890), (16.350, 27.700, 50.030), (2.960, 27.700, 44.930)], [-72, -64, -69]]
24-70-tri
24-67-tri
50-ALL-tri
[(129.460, 31.300, 48.197), (3.0, 49.980618769825185), 126.47250204680934, 1783265878094550546, ['NU-AP06164', 'NU-AP06165', 'NU-AP07295'], [(2.960, 27.700, 44.930), (3.940, 27.700, 71.250), (1.590, 31.300, 46.540)], [-54, -76, -77]]
[(129.460, 31.300, 48.197), (3.0, 47.52946283189477), 126.46167833281051, 1783265878150356641, ['NU-AP06164', 'NU-AP06165', 'NU-AP07295'], [(2.960, 27.700, 44.930), (3.940, 27.700, 71.250), (1.590, 31.300, 46.540)], [-54, -76, -77]]
[(129.460, 31.300, 48.197), (3.0, 45.04338771019352), 126.49922420995028, 1783265878206957750, ['NU-AP06164', 'NU-AP06165', 'NU-AP07295'], [(2.960, 27.700, 44.930), (3.940, 27.700, 71.250), (1.590, 31.300, 46.540)], [-54, -76, -77]]
[(129.460, 31.300, 48.197), (4.992992814783246, 44.5), 124.52180701952071, 1783265878264704175, ['NU-AP06164', 'NU-AP06165', 'NU-AP07295'], [(2.960, 27.700, 44.930), (3.940, 27.700, 71.250), (1.590, 31.300, 46.540)], [-54, -76, -77]]
[(129.460, 31.300, 48.197), (7.473114166765576, 44.5), 122.04280095349766, 1783265878321169733, ['NU-AP06164', 'NU-AP06165', 'NU-AP07295'], [(2.960, 27.700, 44.930), (3.940, 27.700, 71.250), (1.590, 31.300, 46.540)], [-54, -76, -77]]
[(129.460, 31.300, 48.197), (9.0, 43.37514955403245), 120.55636986039542, 1783265878381542492, ['NU-AP06164', 'NU-AP06165', 'NU-AP07295'], [(2.960, 27.700, 44.930), (3.940, 27.700, 71.250), (1.590, 31.300, 46.540)], [-54, -76, -77]]
[(129.460, 31.300, 48.197), (9.0, 40.732577620283806), 120.69094216430646, 1783265878441706604, ['NU-AP06164', 'NU-AP06165', 'NU-AP07295'], [(2.960, 27.700, 44.930), (3.940, 27.700, 71.250), (1.590, 31.300, 46.540)], [-54, -76, -77]]
[(129.460, 31.300, 48.197), (9.0, 38.09151144550046), 120.8830205862227, 1783265878501836434, ['NU-AP06164', 'NU-AP06165', 'NU-AP07295'], [(2.960, 27.700, 44.930), (3.940, 27.700, 71.250), (1.590, 31.300, 46.540)], [-54, -76, -77]]
[(129.460, 31.300, 48.197), (9.0, 35.44378702436192), 121.13309230338245, 1783265878562117854, ['NU-AP06164', 'NU-AP06165', 'NU-AP07295'], [(2.960, 27.700, 44.930), (3.940, 27.700, 71.250), (1.590, 31.300, 46.540)], [-54, -76, -77]]
[(129.460, 31.300, 48.197), (9.0, 32.94521593043424), 121.42156518207648, 1783265878619003462, ['NU-AP06164', 'NU-AP06165', 'NU-AP07295'], [(2.960, 27.700, 44.930), (3.940, 27.700, 71.250), (1.590, 31.300, 46.540)], [-54, -76, -77]]
[(129.460, 31.300, 48.197), (9.0, 30.531453651008555), 121.7483023908479, 1783265878673958206, ['NU-AP06164', 'NU-AP06165', 'NU-AP07295'], [(2.960, 27.700, 44.930), (3.940, 27.700, 71.250), (1.590, 31.300, 46.540)], [-54, -76, -77]]
[(129.460, 31.300, 48.197), (9.0, 27.978927219021607), 122.1447747324555, 1783265878732072229, ['NU-AP06164', 'NU-AP06165', 'NU-AP07295'], [(2.960, 27.700, 44.930), (3.940, 27.700, 71.250), (1.590, 31.300, 46.540)], [-54, -76, -77]]
[(129.460, 31.300, 48.197), (9.0, 25.393304132944294), 122.59927392083533, 1783265878790939772, ['NU-AP06164', 'NU-AP06165', 'NU-AP07295'], [(2.960, 27.700, 44.930), (3.940, 27.700, 71.250), (1.590, 31.300, 46.540)], [-54, -76, -77]]
[(129.460, 31.300, 48.197), (9.0, 22.921559504054706), 123.08297729184045, 1783265878847214615, ['NU-AP06164', 'NU-AP06165', 'NU-AP07295'], [(2.960, 27.700, 44.930), (3.940, 27.700, 71.250), (1.590, 31.300, 46.540)], [-54, -76, -77]]
[(129.460, 31.300, 48.197), (9.0, 20.29568527854957), 123.64890873114172, 1783265878906998566, ['NU-AP06164', 'NU-AP06165', 'NU-AP07295'], [(2.960, 27.700, 44.930), (3.940, 27.700, 71.250), (1.590, 31.300, 46.540)], [-54, -76, -77]]
[(129.460, 31.300, 48.197), (9.0, 17.838320248081686), 124.22647343160601, 1783265878962946025, ['NU-AP06164', 'NU-AP06165', 'NU-AP07295'], [(2.960, 27.700, 44.930), (3.940, 27.700, 71.250), (1.590, 31.300, 46.540)], [-54, -76, -77]]
[(129.460, 31.300, 48.197), (9.0, 15.305834790634298), 124.86950768844007, 1783265879020603770, ['NU-AP06164', 'NU-AP06165', 'NU-AP07295'], [(2.960, 27.700, 44.930), (3.940, 27.700, 71.250), (1.590, 31.300, 46.540)], [-54, -76, -77]]
[(129.460, 31.300, 48.197), (9.0, 12.71979334057167), 125.57545654622159, 1783265879079480838, ['NU-AP06164', 'NU-AP06165', 'NU-AP07295'], [(2.960, 27.700, 44.930), (3.940, 27.700, 71.250), (1.590, 31.300, 46.540)], [-54, -76, -77]]
[(129.460, 31.300, 48.197), (9.0, 9.898181518106185), 126.40158342567096, 1783265879143721197, ['NU-AP06164', 'NU-AP06165', 'NU-AP07295'], [(2.960, 27.700, 44.930), (3.940, 27.700, 71.250), (1.590, 31.300, 46.540)], [-54, -76, -77]]
[(129.460, 31.300, 48.197), (11.325985355452941, 8.5), 124.62522080085598, 1783265879228510258, ['NU-AP06164', 'NU-AP06165', 'NU-AP07295'], [(2.960, 27.700, 44.930), (3.940, 27.700, 71.250), (1.590, 31.300, 46.540)], [-54, -76, -77]]
[(129.460, 31.300, 48.197), (14.140982415064073, 8.5), 121.96014315499359, 1783265879292600017, ['NU-AP06164', 'NU-AP06165', 'NU-AP07295'], [(2.960, 27.700, 44.930), (3.940, 27.700, 71.250), (1.590, 31.300, 46.540)], [-54, -76, -77]]
[(129.460, 31.300, 48.197), (16.616738287098897, 8.5), 119.62191612932101, 1783265879348966185, ['NU-AP06164', 'NU-AP06165', 'NU-AP07295'], [(2.960, 27.700, 44.930), (3.940, 27.700, 71.250), (1.590, 31.300, 46.540)], [-54, -76, -77]]
[(129.460, 31.300, 48.197), (19.17062728995748, 8.5), 117.21581485765226, 1783265879407111230, ['NU-AP06164', 'NU-AP06165', 'NU-AP07295'], [(2.960, 27.700, 44.930), (3.940, 27.700, 71.250), (1.590, 31.300, 46.540)], [-54, -76, -77]]
[(129.460, 31.300, 48.197), (21.666156515349442, 8.5), 114.87086061831135, 1783265879463927583, ['NU-AP06164', 'NU-AP06165', 'NU-AP07295'], [(2.960, 27.700, 44.930), (3.940, 27.700, 71.250), (1.590, 31.300, 46.540)], [-54, -76, -77]]
[(129.460, 31.300, 48.197), (24.206572177435557, 8.5), 112.49038362335924, 1783265879521765877, ['NU-AP06164', 'NU-AP06165', 'NU-AP07295'], [(2.960, 27.700, 44.930), (3.940, 27.700, 71.250), (1.590, 31.300, 46.540)], [-54, -76, -77]]
[(129.460, 31.300, 48.197), (26.647480986819104, 8.5), 110.20987615594606, 1783265879577338673, ['NU-AP06164', 'NU-AP06165', 'NU-AP07295'], [(2.960, 27.700, 44.930), (3.940, 27.700, 71.250), (1.590, 31.300, 46.540)], [-54, -76, -77]]
[(129.460, 31.300, 48.197), (29.360470057897814, 8.5), 107.68342060184492, 1783265879639105990, ['NU-AP06164', 'NU-AP06165', 'NU-AP07295'], [(2.960, 27.700, 44.930), (3.940, 27.700, 71.250), (1.590, 31.300, 46.540)], [-54, -76, -77]]
[(129.460, 31.300, 48.197), (32.22731961103692, 8.5), 105.02379625566071, 1783265879704376288, ['NU-AP06164', 'NU-AP06165', 'NU-AP07295'], [(2.960, 27.700, 44.930), (3.940, 27.700, 71.250), (1.590, 31.300, 46.540)], [-54, -76, -77]]
[(129.460, 31.300, 48.197), (35.1428545654704, 8.5), 102.33048441990297, 1783265879770755019, ['NU-AP06164', 'NU-AP06165', 'NU-AP07295'], [(2.960, 27.700, 44.930), (3.940, 27.700, 71.250), (1.590, 31.300, 46.540)], [-54, -76, -77]]
[(129.460, 31.300, 48.197), (38.04201143735288, 8.5), 99.66470399913315, 1783265879836760866, ['NU-AP06164', 'NU-AP06165', 'NU-AP07295'], [(2.960, 27.700, 44.930), (3.940, 27.700, 71.250), (1.590, 31.300, 46.540)], [-54, -76, -77]]
[(129.460, 31.300, 48.197), (49.53654900759294, 41.836795883348515), 80.17600656744231, 1783265880696220147, ['NU-AP06164', 'NU-AP06165', 'NU-AP07295'], [(2.960, 27.700, 44.930), (3.940, 27.700, 71.250), (1.590, 31.300, 46.540)], [-54, -76, -77]]
[(129.460, 31.300, 48.197), (50.26765593275376, 44.86953572105265), 79.26212072333922, 1783265880767245332, ['NU-AP06164', 'NU-AP06165', 'NU-AP07295'], [(2.960, 27.700, 44.930), (3.940, 27.700, 71.250), (1.590, 31.300, 46.540)], [-54, -76, -77]]
[(129.460, 31.300, 48.197), (51.03466966177898, 48.05122230071279), 78.42538371710393, 1783265880841758772, ['NU-AP06164', 'NU-AP06165', 'NU-AP07295'], [(2.960, 27.700, 44.930), (3.940, 27.700, 71.250), (1.590, 31.300, 46.540)], [-54, -76, -77]]
[(129.460, 31.300, 48.197), (51.81792427765788, 51.30027848509937), 77.70400347442104, 1783265880917849973, ['NU-AP06164', 'NU-AP06165', 'NU-AP07295'], [(2.960, 27.700, 44.930), (3.940, 27.700, 71.250), (1.590, 31.300, 46.540)], [-54, -76, -77]]
[(129.460, 31.300, 48.197), (33.481218672197215, 64.5), 97.35354098283288, 1783265881716904171, ['NU-AP06164', 'NU-AP06165', 'NU-AP07295'], [(2.960, 27.700, 44.930), (3.940, 27.700, 71.250), (1.590, 31.300, 46.540)], [-54, -76, -77]]
[(129.460, 31.300, 48.197), (27.986451959622816, 64.5), 102.77482928526373, 1783265881842004932, ['NU-AP06164', 'NU-AP06165', 'NU-AP07295'], [(2.960, 27.700, 44.930), (3.940, 27.700, 71.250), (1.590, 31.300, 46.540)], [-54, -76, -77]]
[(129.460, 31.300, 48.197), (20.161080155779413, 64.5), 110.50808653042697, 1783265882020167176, ['NU-AP06164', 'NU-AP06165', 'NU-AP07295'], [(2.960, 27.700, 44.930), (3.940, 27.700, 71.250), (1.590, 31.300, 46.540)], [-54, -76, -77]]
[(129.272, 31.300, 48.214), (10.617042922336644, 64.5), 119.76712036671634, 1783265882237458716, ['NU-AP06164', 'NU-AP06165', 'NU-AP07295'], [(2.960, 27.700, 44.930), (3.940, 27.700, 71.250), (1.590, 31.300, 46.540)], [-55, -76, -77]]
[(129.272, 31.300, 48.214), (7.162524045480462, 64.5), 123.19044944493766, 1783265882316108632, ['NU-AP06164', 'NU-AP06165', 'NU-AP07295'], [(2.960, 27.700, 44.930), (3.940, 27.700, 71.250), (1.590, 31.300, 46.540)], [-55, -76, -77]]
[(129.272, 31.300, 48.214), (2.9999999999999885, 64.5), 127.31762962951956, 1783265882410877883, ['NU-AP06164', 'NU-AP06165', 'NU-AP07295'], [(2.960, 27.700, 44.930), (3.940, 27.700, 71.250), (1.590, 31.300, 46.540)], [-55, -76, -77]]
50-80-tri
[(129.460, 31.300, 48.197), (3.0, 49.980618769825185), 126.47250204680934, 1783265878094550546, ['NU-AP06164', 'NU-AP06165', 'NU-AP07295'], [(2.960, 27.700, 44.930), (3.940, 27.700, 71.250), (1.590, 31.300, 46.540)], [-54, -76, -77]]
[(129.460, 31.300, 48.197), (3.0, 47.52946283189477), 126.46167833281051, 1783265878150356641, ['NU-AP06164', 'NU-AP06165', 'NU-AP07295'], [(2.960, 27.700, 44.930), (3.940, 27.700, 71.250), (1.590, 31.300, 46.540)], [-54, -76, -77]]
[(129.460, 31.300, 48.197), (3.0, 45.04338771019352), 126.49922420995028, 1783265878206957750, ['NU-AP06164', 'NU-AP06165', 'NU-AP07295'], [(2.960, 27.700, 44.930), (3.940, 27.700, 71.250), (1.590, 31.300, 46.540)], [-54, -76, -77]]
[(129.460, 31.300, 48.197), (4.992992814783246, 44.5), 124.52180701952071, 1783265878264704175, ['NU-AP06164', 'NU-AP06165', 'NU-AP07295'], [(2.960, 27.700, 44.930), (3.940, 27.700, 71.250), (1.590, 31.300, 46.540)], [-54, -76, -77]]
[(129.460, 31.300, 48.197), (7.473114166765576, 44.5), 122.04280095349766, 1783265878321169733, ['NU-AP06164', 'NU-AP06165', 'NU-AP07295'], [(2.960, 27.700, 44.930), (3.940, 27.700, 71.250), (1.590, 31.300, 46.540)], [-54, -76, -77]]
[(129.460, 31.300, 48.197), (9.0, 43.37514955403245), 120.55636986039542, 1783265878381542492, ['NU-AP06164', 'NU-AP06165', 'NU-AP07295'], [(2.960, 27.700, 44.930), (3.940, 27.700, 71.250), (1.590, 31.300, 46.540)], [-54, -76, -77]]
[(129.460, 31.300, 48.197), (9.0, 40.732577620283806), 120.69094216430646, 1783265878441706604, ['NU-AP06164', 'NU-AP06165', 'NU-AP07295'], [(2.960, 27.700, 44.930), (3.940, 27.700, 71.250), (1.590, 31.300, 46.540)], [-54, -76, -77]]
[(129.460, 31.300, 48.197), (9.0, 38.09151144550046), 120.8830205862227, 1783265878501836434, ['NU-AP06164', 'NU-AP06165', 'NU-AP07295'], [(2.960, 27.700, 44.930), (3.940, 27.700, 71.250), (1.590, 31.300, 46.540)], [-54, -76, -77]]
[(129.460, 31.300, 48.197), (9.0, 35.44378702436192), 121.13309230338245, 1783265878562117854, ['NU-AP06164', 'NU-AP06165', 'NU-AP07295'], [(2.960, 27.700, 44.930), (3.940, 27.700, 71.250), (1.590, 31.300, 46.540)], [-54, -76, -77]]
[(129.460, 31.300, 48.197), (9.0, 32.94521593043424), 121.42156518207648, 1783265878619003462, ['NU-AP06164', 'NU-AP06165', 'NU-AP07295'], [(2.960, 27.700, 44.930), (3.940, 27.700, 71.250), (1.590, 31.300, 46.540)], [-54, -76, -77]]
[(129.460, 31.300, 48.197), (9.0, 30.531453651008555), 121.7483023908479, 1783265878673958206, ['NU-AP06164', 'NU-AP06165', 'NU-AP07295'], [(2.960, 27.700, 44.930), (3.940, 27.700, 71.250), (1.590, 31.300, 46.540)], [-54, -76, -77]]
[(129.460, 31.300, 48.197), (9.0, 27.978927219021607), 122.1447747324555, 1783265878732072229, ['NU-AP06164', 'NU-AP06165', 'NU-AP07295'], [(2.960, 27.700, 44.930), (3.940, 27.700, 71.250), (1.590, 31.300, 46.540)], [-54, -76, -77]]
[(129.460, 31.300, 48.197), (9.0, 25.393304132944294), 122.59927392083533, 1783265878790939772, ['NU-AP06164', 'NU-AP06165', 'NU-AP07295'], [(2.960, 27.700, 44.930), (3.940, 27.700, 71.250), (1.590, 31.300, 46.540)], [-54, -76, -77]]
[(129.460, 31.300, 48.197), (9.0, 22.921559504054706), 123.08297729184045, 1783265878847214615, ['NU-AP06164', 'NU-AP06165', 'NU-AP07295'], [(2.960, 27.700, 44.930), (3.940, 27.700, 71.250), (1.590, 31.300, 46.540)], [-54, -76, -77]]
[(129.460, 31.300, 48.197), (9.0, 20.29568527854957), 123.64890873114172, 1783265878906998566, ['NU-AP06164', 'NU-AP06165', 'NU-AP07295'], [(2.960, 27.700, 44.930), (3.940, 27.700, 71.250), (1.590, 31.300, 46.540)], [-54, -76, -77]]
[(129.460, 31.300, 48.197), (9.0, 17.838320248081686), 124.22647343160601, 1783265878962946025, ['NU-AP06164', 'NU-AP06165', 'NU-AP07295'], [(2.960, 27.700, 44.930), (3.940, 27.700, 71.250), (1.590, 31.300, 46.540)], [-54, -76, -77]]
[(129.460, 31.300, 48.197), (9.0, 15.305834790634298), 124.86950768844007, 1783265879020603770, ['NU-AP06164', 'NU-AP06165', 'NU-AP07295'], [(2.960, 27.700, 44.930), (3.940, 27.700, 71.250), (1.590, 31.300, 46.540)], [-54, -76, -77]]
[(129.460, 31.300, 48.197), (9.0, 12.71979334057167), 125.57545654622159, 1783265879079480838, ['NU-AP06164', 'NU-AP06165', 'NU-AP07295'], [(2.960, 27.700, 44.930), (3.940, 27.700, 71.250), (1.590, 31.300, 46.540)], [-54, -76, -77]]
[(129.460, 31.300, 48.197), (9.0, 9.898181518106185), 126.40158342567096, 1783265879143721197, ['NU-AP06164', 'NU-AP06165', 'NU-AP07295'], [(2.960, 27.700, 44.930), (3.940, 27.700, 71.250), (1.590, 31.300, 46.540)], [-54, -76, -77]]
[(129.460, 31.300, 48.197), (11.325985355452941, 8.5), 124.62522080085598, 1783265879228510258, ['NU-AP06164', 'NU-AP06165', 'NU-AP07295'], [(2.960, 27.700, 44.930), (3.940, 27.700, 71.250), (1.590, 31.300, 46.540)], [-54, -76, -77]]
[(129.460, 31.300, 48.197), (14.140982415064073, 8.5), 121.96014315499359, 1783265879292600017, ['NU-AP06164', 'NU-AP06165', 'NU-AP07295'], [(2.960, 27.700, 44.930), (3.940, 27.700, 71.250), (1.590, 31.300, 46.540)], [-54, -76, -77]]
[(129.460, 31.300, 48.197), (16.616738287098897, 8.5), 119.62191612932101, 1783265879348966185, ['NU-AP06164', 'NU-AP06165', 'NU-AP07295'], [(2.960, 27.700, 44.930), (3.940, 27.700, 71.250), (1.590, 31.300, 46.540)], [-54, -76, -77]]
[(129.460, 31.300, 48.197), (19.17062728995748, 8.5), 117.21581485765226, 1783265879407111230, ['NU-AP06164', 'NU-AP06165', 'NU-AP07295'], [(2.960, 27.700, 44.930), (3.940, 27.700, 71.250), (1.590, 31.300, 46.540)], [-54, -76, -77]]
[(129.460, 31.300, 48.197), (21.666156515349442, 8.5), 114.87086061831135, 1783265879463927583, ['NU-AP06164', 'NU-AP06165', 'NU-AP07295'], [(2.960, 27.700, 44.930), (3.940, 27.700, 71.250), (1.590, 31.300, 46.540)], [-54, -76, -77]]
[(129.460, 31.300, 48.197), (24.206572177435557, 8.5), 112.49038362335924, 1783265879521765877, ['NU-AP06164', 'NU-AP06165', 'NU-AP07295'], [(2.960, 27.700, 44.930), (3.940, 27.700, 71.250), (1.590, 31.300, 46.540)], [-54, -76, -77]]
[(129.460, 31.300, 48.197), (26.647480986819104, 8.5), 110.20987615594606, 1783265879577338673, ['NU-AP06164', 'NU-AP06165', 'NU-AP07295'], [(2.960, 27.700, 44.930), (3.940, 27.700, 71.250), (1.590, 31.300, 46.540)], [-54, -76, -77]]
[(129.460, 31.300, 48.197), (29.360470057897814, 8.5), 107.68342060184492, 1783265879639105990, ['NU-AP06164', 'NU-AP06165', 'NU-AP07295'], [(2.960, 27.700, 44.930), (3.940, 27.700, 71.250), (1.590, 31.300, 46.540)], [-54, -76, -77]]
[(129.460, 31.300, 48.197), (32.22731961103692, 8.5), 105.02379625566071, 1783265879704376288, ['NU-AP06164', 'NU-AP06165', 'NU-AP07295'], [(2.960, 27.700, 44.930), (3.940, 27.700, 71.250), (1.590, 31.300, 46.540)], [-54, -76, -77]]
[(129.460, 31.300, 48.197), (35.1428545654704, 8.5), 102.33048441990297, 1783265879770755019, ['NU-AP06164', 'NU-AP06165', 'NU-AP07295'], [(2.960, 27.700, 44.930), (3.940, 27.700, 71.250), (1.590, 31.300, 46.540)], [-54, -76, -77]]
[(129.460, 31.300, 48.197), (38.04201143735288, 8.5), 99.66470399913315, 1783265879836760866, ['NU-AP06164', 'NU-AP06165', 'NU-AP07295'], [(2.960, 27.700, 44.930), (3.940, 27.700, 71.250), (1.590, 31.300, 46.540)], [-54, -76, -77]]
[(129.460, 31.300, 48.197), (49.53654900759294, 41.836795883348515), 80.17600656744231, 1783265880696220147, ['NU-AP06164', 'NU-AP06165', 'NU-AP07295'], [(2.960, 27.700, 44.930), (3.940, 27.700, 71.250), (1.590, 31.300, 46.540)], [-54, -76, -77]]
[(129.460, 31.300, 48.197), (50.26765593275376, 44.86953572105265), 79.26212072333922, 1783265880767245332, ['NU-AP06164', 'NU-AP06165', 'NU-AP07295'], [(2.960, 27.700, 44.930), (3.940, 27.700, 71.250), (1.590, 31.300, 46.540)], [-54, -76, -77]]
[(129.460, 31.300, 48.197), (51.03466966177898, 48.05122230071279), 78.42538371710393, 1783265880841758772, ['NU-AP06164', 'NU-AP06165', 'NU-AP07295'], [(2.960, 27.700, 44.930), (3.940, 27.700, 71.250), (1.590, 31.300, 46.540)], [-54, -76, -77]]
[(129.460, 31.300, 48.197), (51.81792427765788, 51.30027848509937), 77.70400347442104, 1783265880917849973, ['NU-AP06164', 'NU-AP06165', 'NU-AP07295'], [(2.960, 27.700, 44.930), (3.940, 27.700, 71.250), (1.590, 31.300, 46.540)], [-54, -76, -77]]
[(129.460, 31.300, 48.197), (33.481218672197215, 64.5), 97.35354098283288, 1783265881716904171, ['NU-AP06164', 'NU-AP06165', 'NU-AP07295'], [(2.960, 27.700, 44.930), (3.940, 27.700, 71.250), (1.590, 31.300, 46.540)], [-54, -76, -77]]
[(129.460, 31.300, 48.197), (27.986451959622816, 64.5), 102.77482928526373, 1783265881842004932, ['NU-AP06164', 'NU-AP06165', 'NU-AP07295'], [(2.960, 27.700, 44.930), (3.940, 27.700, 71.250), (1.590, 31.300, 46.540)], [-54, -76, -77]]
[(129.460, 31.300, 48.197), (20.161080155779413, 64.5), 110.50808653042697, 1783265882020167176, ['NU-AP06164', 'NU-AP06165', 'NU-AP07295'], [(2.960, 27.700, 44.930), (3.940, 27.700, 71.250), (1.590, 31.300, 46.540)], [-54, -76, -77]]
[(129.272, 31.300, 48.214), (10.617042922336644, 64.5), 119.76712036671634, 1783265882237458716, ['NU-AP06164', 'NU-AP06165', 'NU-AP07295'], [(2.960, 27.700, 44.930), (3.940, 27.700, 71.250), (1.590, 31.300, 46.540)], [-55, -76, -77]]
[(129.272, 31.300, 48.214), (7.162524045480462, 64.5), 123.19044944493766, 1783265882316108632, ['NU-AP06164', 'NU-AP06165', 'NU-AP07295'], [(2.960, 27.700, 44.930), (3.940, 27.700, 71.250), (1.590, 31.300, 46.540)], [-55, -76, -77]]
[(129.272, 31.300, 48.214), (2.9999999999999885, 64.5), 127.31762962951956, 1783265882410877883, ['NU-AP06164', 'NU-AP06165', 'NU-AP07295'], [(2.960, 27.700, 44.930), (3.940, 27.700, 71.250), (1.590, 31.300, 46.540)], [-55, -76, -77]]
50-70-tri
50-67-tri
24-ALL-mul
[(19.900, 27.700, 31.548), (50.26765593275376, 44.86953572105265), 33.161257899155494, 1783265880767245332, ['NU-AP06162', 'NU-AP06163', 'NU-AP06164', 'NU-AP06167'], [(10.830, 27.700, 31.890), (16.350, 27.700, 50.030), (2.960, 27.700, 44.930), (6.580, 27.700, 59.750)], [-72, -64, -69, -81]]
[(19.900, 27.700, 31.548), (51.03466966177898, 48.05122230071279), 35.23822747578629, 1783265880841758772, ['NU-AP06162', 'NU-AP06163', 'NU-AP06164', 'NU-AP06167'], [(10.830, 27.700, 31.890), (16.350, 27.700, 50.030), (2.960, 27.700, 44.930), (6.580, 27.700, 59.750)], [-72, -64, -69, -81]]
[(19.900, 27.700, 31.548), (51.81792427765788, 51.30027848509937), 37.535483299386506, 1783265880917849973, ['NU-AP06162', 'NU-AP06163', 'NU-AP06164', 'NU-AP06167'], [(10.830, 27.700, 31.890), (16.350, 27.700, 50.030), (2.960, 27.700, 44.930), (6.580, 27.700, 59.750)], [-72, -64, -69, -81]]
[(19.900, 27.700, 31.548), (33.481218672197215, 64.5), 35.64073947742928, 1783265881716904171, ['NU-AP06162', 'NU-AP06163', 'NU-AP06164', 'NU-AP06167'], [(10.830, 27.700, 31.890), (16.350, 27.700, 50.030), (2.960, 27.700, 44.930), (6.580, 27.700, 59.750)], [-72, -64, -69, -81]]
[(19.900, 27.700, 31.548), (27.986451959622816, 64.5), 33.92932545036248, 1783265881842004932, ['NU-AP06162', 'NU-AP06163', 'NU-AP06164', 'NU-AP06167'], [(10.830, 27.700, 31.890), (16.350, 27.700, 50.030), (2.960, 27.700, 44.930), (6.580, 27.700, 59.750)], [-72, -64, -69, -81]]
[(19.900, 27.700, 31.548), (20.161080155779413, 64.5), 32.952546662475264, 1783265882020167176, ['NU-AP06162', 'NU-AP06163', 'NU-AP06164', 'NU-AP06167'], [(10.830, 27.700, 31.890), (16.350, 27.700, 50.030), (2.960, 27.700, 44.930), (6.580, 27.700, 59.750)], [-72, -64, -69, -81]]
[(19.900, 27.700, 31.548), (10.617042922336644, 64.5), 34.234015777704975, 1783265882237458716, ['NU-AP06162', 'NU-AP06163', 'NU-AP06164', 'NU-AP06167'], [(10.830, 27.700, 31.890), (16.350, 27.700, 50.030), (2.960, 27.700, 44.930), (6.580, 27.700, 59.750)], [-72, -64, -69, -81]]
[(19.900, 27.700, 31.548), (7.162524045480462, 64.5), 35.327539938569664, 1783265882316108632, ['NU-AP06162', 'NU-AP06163', 'NU-AP06164', 'NU-AP06167'], [(10.830, 27.700, 31.890), (16.350, 27.700, 50.030), (2.960, 27.700, 44.930), (6.580, 27.700, 59.750)], [-72, -64, -69, -81]]
[(19.900, 27.700, 31.548), (2.9999999999999885, 64.5), 37.03239742530256, 1783265882410877883, ['NU-AP06162', 'NU-AP06163', 'NU-AP06164', 'NU-AP06167'], [(10.830, 27.700, 31.890), (16.350, 27.700, 50.030), (2.960, 27.700, 44.930), (6.580, 27.700, 59.750)], [-72, -64, -69, -81]]
24-80-mul
24-70-mul
24-67-mul
50-ALL-mul
[(27.674, 27.700, 55.163), (3.0, 49.980618769825185), 25.21246664979131, 1783265878094550546, ['NU-AP06164', 'NU-AP06165', 'NU-AP07295', 'NU-AP06162'], [(2.960, 27.700, 44.930), (3.940, 27.700, 71.250), (1.590, 31.300, 46.540), (10.830, 27.700, 31.890)], [-54, -76, -77, -76]]
[(27.674, 27.700, 55.163), (3.0, 47.52946283189477), 25.82794509915719, 1783265878150356641, ['NU-AP06164', 'NU-AP06165', 'NU-AP07295', 'NU-AP06162'], [(2.960, 27.700, 44.930), (3.940, 27.700, 71.250), (1.590, 31.300, 46.540), (10.830, 27.700, 31.890)], [-54, -76, -77, -76]]
[(27.674, 27.700, 55.163), (3.0, 45.04338771019352), 26.66868719639876, 1783265878206957750, ['NU-AP06164', 'NU-AP06165', 'NU-AP07295', 'NU-AP06162'], [(2.960, 27.700, 44.930), (3.940, 27.700, 71.250), (1.590, 31.300, 46.540), (10.830, 27.700, 31.890)], [-54, -76, -77, -76]]
[(27.674, 27.700, 55.163), (4.992992814783246, 44.5), 25.062591049816703, 1783265878264704175, ['NU-AP06164', 'NU-AP06165', 'NU-AP07295', 'NU-AP06162'], [(2.960, 27.700, 44.930), (3.940, 27.700, 71.250), (1.590, 31.300, 46.540), (10.830, 27.700, 31.890)], [-54, -76, -77, -76]]
[(27.674, 27.700, 55.163), (7.473114166765576, 44.5), 22.84252074992746, 1783265878321169733, ['NU-AP06164', 'NU-AP06165', 'NU-AP07295', 'NU-AP06162'], [(2.960, 27.700, 44.930), (3.940, 27.700, 71.250), (1.590, 31.300, 46.540), (10.830, 27.700, 31.890)], [-54, -76, -77, -76]]
[(27.674, 27.700, 55.163), (9.0, 43.37514955403245), 22.083411071320814, 1783265878381542492, ['NU-AP06164', 'NU-AP06165', 'NU-AP07295', 'NU-AP06162'], [(2.960, 27.700, 44.930), (3.940, 27.700, 71.250), (1.590, 31.300, 46.540), (10.830, 27.700, 31.890)], [-54, -76, -77, -76]]
[(27.674, 27.700, 55.163), (9.0, 40.732577620283806), 23.60002566324265, 1783265878441706604, ['NU-AP06164', 'NU-AP06165', 'NU-AP07295', 'NU-AP06162'], [(2.960, 27.700, 44.930), (3.940, 27.700, 71.250), (1.590, 31.300, 46.540), (10.830, 27.700, 31.890)], [-54, -76, -77, -76]]
[(27.674, 27.700, 55.163), (9.0, 38.09151144550046), 25.301390026506507, 1783265878501836434, ['NU-AP06164', 'NU-AP06165', 'NU-AP07295', 'NU-AP06162'], [(2.960, 27.700, 44.930), (3.940, 27.700, 71.250), (1.590, 31.300, 46.540), (10.830, 27.700, 31.890)], [-54, -76, -77, -76]]
[(27.674, 27.700, 55.163), (9.0, 35.44378702436192), 27.15828551272461, 1783265878562117854, ['NU-AP06164', 'NU-AP06165', 'NU-AP07295', 'NU-AP06162'], [(2.960, 27.700, 44.930), (3.940, 27.700, 71.250), (1.590, 31.300, 46.540), (10.830, 27.700, 31.890)], [-54, -76, -77, -76]]
[(27.674, 27.700, 55.163), (9.0, 32.94521593043424), 29.023361425738237, 1783265878619003462, ['NU-AP06164', 'NU-AP06165', 'NU-AP07295', 'NU-AP06162'], [(2.960, 27.700, 44.930), (3.940, 27.700, 71.250), (1.590, 31.300, 46.540), (10.830, 27.700, 31.890)], [-54, -76, -77, -76]]
[(27.674, 27.700, 55.163), (9.0, 30.531453651008555), 30.910178049046085, 1783265878673958206, ['NU-AP06164', 'NU-AP06165', 'NU-AP07295', 'NU-AP06162'], [(2.960, 27.700, 44.930), (3.940, 27.700, 71.250), (1.590, 31.300, 46.540), (10.830, 27.700, 31.890)], [-54, -76, -77, -76]]
[(27.674, 27.700, 55.163), (9.0, 27.978927219021607), 32.98030203653919, 1783265878732072229, ['NU-AP06164', 'NU-AP06165', 'NU-AP07295', 'NU-AP06162'], [(2.960, 27.700, 44.930), (3.940, 27.700, 71.250), (1.590, 31.300, 46.540), (10.830, 27.700, 31.890)], [-54, -76, -77, -76]]
[(27.674, 27.700, 55.163), (9.0, 25.393304132944294), 35.14202307285397, 1783265878790939772, ['NU-AP06164', 'NU-AP06165', 'NU-AP07295', 'NU-AP06162'], [(2.960, 27.700, 44.930), (3.940, 27.700, 71.250), (1.590, 31.300, 46.540), (10.830, 27.700, 31.890)], [-54, -76, -77, -76]]
[(27.674, 27.700, 55.163), (9.0, 22.921559504054706), 37.25906522903157, 1783265878847214615, ['NU-AP06164', 'NU-AP06165', 'NU-AP07295', 'NU-AP06162'], [(2.960, 27.700, 44.930), (3.940, 27.700, 71.250), (1.590, 31.300, 46.540), (10.830, 27.700, 31.890)], [-54, -76, -77, -76]]
[(27.674, 27.700, 55.163), (9.0, 20.29568527854957), 39.553224698952405, 1783265878906998566, ['NU-AP06164', 'NU-AP06165', 'NU-AP07295', 'NU-AP06162'], [(2.960, 27.700, 44.930), (3.940, 27.700, 71.250), (1.590, 31.300, 46.540), (10.830, 27.700, 31.890)], [-54, -76, -77, -76]]
[(27.674, 27.700, 55.163), (9.0, 17.838320248081686), 41.73559783857618, 1783265878962946025, ['NU-AP06164', 'NU-AP06165', 'NU-AP07295', 'NU-AP06162'], [(2.960, 27.700, 44.930), (3.940, 27.700, 71.250), (1.590, 31.300, 46.540), (10.830, 27.700, 31.890)], [-54, -76, -77, -76]]
[(27.674, 27.700, 55.163), (9.0, 15.305834790634298), 44.015025856093345, 1783265879020603770, ['NU-AP06164', 'NU-AP06165', 'NU-AP07295', 'NU-AP06162'], [(2.960, 27.700, 44.930), (3.940, 27.700, 71.250), (1.590, 31.300, 46.540), (10.830, 27.700, 31.890)], [-54, -76, -77, -76]]
[(27.674, 27.700, 55.163), (9.0, 12.71979334057167), 46.369765563083924, 1783265879079480838, ['NU-AP06164', 'NU-AP06165', 'NU-AP07295', 'NU-AP06162'], [(2.960, 27.700, 44.930), (3.940, 27.700, 71.250), (1.590, 31.300, 46.540), (10.830, 27.700, 31.890)], [-54, -76, -77, -76]]
[(27.674, 27.700, 55.163), (9.0, 9.898181518106185), 48.96563782292602, 1783265879143721197, ['NU-AP06164', 'NU-AP06165', 'NU-AP07295', 'NU-AP06162'], [(2.960, 27.700, 44.930), (3.940, 27.700, 71.250), (1.590, 31.300, 46.540), (10.830, 27.700, 31.890)], [-54, -76, -77, -76]]
[(27.674, 27.700, 55.163), (11.325985355452941, 8.5), 49.44395454812039, 1783265879228510258, ['NU-AP06164', 'NU-AP06165', 'NU-AP07295', 'NU-AP06162'], [(2.960, 27.700, 44.930), (3.940, 27.700, 71.250), (1.590, 31.300, 46.540), (10.830, 27.700, 31.890)], [-54, -76, -77, -76]]
[(27.674, 27.700, 55.163), (14.140982415064073, 8.5), 48.58589455488374, 1783265879292600017, ['NU-AP06164', 'NU-AP06165', 'NU-AP07295', 'NU-AP06162'], [(2.960, 27.700, 44.930), (3.940, 27.700, 71.250), (1.590, 31.300, 46.540), (10.830, 27.700, 31.890)], [-54, -76, -77, -76]]
[(27.674, 27.700, 55.163), (16.616738287098897, 8.5), 47.955283386040364, 1783265879348966185, ['NU-AP06164', 'NU-AP06165', 'NU-AP07295', 'NU-AP06162'], [(2.960, 27.700, 44.930), (3.940, 27.700, 71.250), (1.590, 31.300, 46.540), (10.830, 27.700, 31.890)], [-54, -76, -77, -76]]
[(27.674, 27.700, 55.163), (19.17062728995748, 8.5), 47.43156212530699, 1783265879407111230, ['NU-AP06164', 'NU-AP06165', 'NU-AP07295', 'NU-AP06162'], [(2.960, 27.700, 44.930), (3.940, 27.700, 71.250), (1.590, 31.300, 46.540), (10.830, 27.700, 31.890)], [-54, -76, -77, -76]]
[(27.674, 27.700, 55.163), (21.666156515349442, 8.5), 47.048267784401006, 1783265879463927583, ['NU-AP06164', 'NU-AP06165', 'NU-AP07295', 'NU-AP06162'], [(2.960, 27.700, 44.930), (3.940, 27.700, 71.250), (1.590, 31.300, 46.540), (10.830, 27.700, 31.890)], [-54, -76, -77, -76]]
[(27.674, 27.700, 55.163), (24.206572177435557, 8.5), 46.791750836041174, 1783265879521765877, ['NU-AP06164', 'NU-AP06165', 'NU-AP07295', 'NU-AP06162'], [(2.960, 27.700, 44.930), (3.940, 27.700, 71.250), (1.590, 31.300, 46.540), (10.830, 27.700, 31.890)], [-54, -76, -77, -76]]
[(27.674, 27.700, 55.163), (26.647480986819104, 8.5), 46.67438506344541, 1783265879577338673, ['NU-AP06164', 'NU-AP06165', 'NU-AP07295', 'NU-AP06162'], [(2.960, 27.700, 44.930), (3.940, 27.700, 71.250), (1.590, 31.300, 46.540), (10.830, 27.700, 31.890)], [-54, -76, -77, -76]]
[(27.674, 27.700, 55.163), (29.360470057897814, 8.5), 46.6935563477168, 1783265879639105990, ['NU-AP06164', 'NU-AP06165', 'NU-AP07295', 'NU-AP06162'], [(2.960, 27.700, 44.930), (3.940, 27.700, 71.250), (1.590, 31.300, 46.540), (10.830, 27.700, 31.890)], [-54, -76, -77, -76]]
[(27.674, 27.700, 55.163), (32.22731961103692, 8.5), 46.88471243486482, 1783265879704376288, ['NU-AP06164', 'NU-AP06165', 'NU-AP07295', 'NU-AP06162'], [(2.960, 27.700, 44.930), (3.940, 27.700, 71.250), (1.590, 31.300, 46.540), (10.830, 27.700, 31.890)], [-54, -76, -77, -76]]
[(27.674, 27.700, 55.163), (35.1428545654704, 8.5), 47.257029513333606, 1783265879770755019, ['NU-AP06164', 'NU-AP06165', 'NU-AP07295', 'NU-AP06162'], [(2.960, 27.700, 44.930), (3.940, 27.700, 71.250), (1.590, 31.300, 46.540), (10.830, 27.700, 31.890)], [-54, -76, -77, -76]]
[(27.674, 27.700, 55.163), (38.04201143735288, 8.5), 47.80102742734558, 1783265879836760866, ['NU-AP06164', 'NU-AP06165', 'NU-AP07295', 'NU-AP06162'], [(2.960, 27.700, 44.930), (3.940, 27.700, 71.250), (1.590, 31.300, 46.540), (10.830, 27.700, 31.890)], [-54, -76, -77, -76]]
[(27.674, 27.700, 55.163), (49.53654900759294, 41.836795883348515), 25.603858713257697, 1783265880696220147, ['NU-AP06164', 'NU-AP06165', 'NU-AP07295', 'NU-AP06162'], [(2.960, 27.700, 44.930), (3.940, 27.700, 71.250), (1.590, 31.300, 46.540), (10.830, 27.700, 31.890)], [-54, -76, -77, -76]]
[(27.674, 27.700, 55.163), (50.26765593275376, 44.86953572105265), 24.82794433808279, 1783265880767245332, ['NU-AP06164', 'NU-AP06165', 'NU-AP07295', 'NU-AP06162'], [(2.960, 27.700, 44.930), (3.940, 27.700, 71.250), (1.590, 31.300, 46.540), (10.830, 27.700, 31.890)], [-54, -76, -77, -76]]
[(27.674, 27.700, 55.163), (51.03466966177898, 48.05122230071279), 24.419166017418284, 1783265880841758772, ['NU-AP06164', 'NU-AP06165', 'NU-AP07295', 'NU-AP06162'], [(2.960, 27.700, 44.930), (3.940, 27.700, 71.250), (1.590, 31.300, 46.540), (10.830, 27.700, 31.890)], [-54, -76, -77, -76]]
[(27.674, 27.700, 55.163), (51.81792427765788, 51.30027848509937), 24.45089684824432, 1783265880917849973, ['NU-AP06164', 'NU-AP06165', 'NU-AP07295', 'NU-AP06162'], [(2.960, 27.700, 44.930), (3.940, 27.700, 71.250), (1.590, 31.300, 46.540), (10.830, 27.700, 31.890)], [-54, -76, -77, -76]]
[(27.674, 27.700, 55.163), (33.481218672197215, 64.5), 10.99548233986231, 1783265881716904171, ['NU-AP06164', 'NU-AP06165', 'NU-AP07295', 'NU-AP06162'], [(2.960, 27.700, 44.930), (3.940, 27.700, 71.250), (1.590, 31.300, 46.540), (10.830, 27.700, 31.890)], [-54, -76, -77, -76]]
[(27.674, 27.700, 55.163), (27.986451959622816, 64.5), 9.342130069459815, 1783265881842004932, ['NU-AP06164', 'NU-AP06165', 'NU-AP07295', 'NU-AP06162'], [(2.960, 27.700, 44.930), (3.940, 27.700, 71.250), (1.590, 31.300, 46.540), (10.830, 27.700, 31.890)], [-54, -76, -77, -76]]
[(17.026, 27.700, 51.660), (20.161080155779413, 64.5), 13.21691152121091, 1783265882020167176, ['NU-AP06164', 'NU-AP06165', 'NU-AP07295', 'NU-AP06162', 'NU-AP06167'], [(2.960, 27.700, 44.930), (3.940, 27.700, 71.250), (1.590, 31.300, 46.540), (10.830, 27.700, 31.890), (6.580, 27.700, 59.750)], [-54, -76, -77, -76, -71]]
[(11.896, 27.700, 52.514), (10.617042922336644, 64.5), 12.054131674532837, 1783265882237458716, ['NU-AP06164', 'NU-AP06165', 'NU-AP07295', 'NU-AP06162', 'NU-AP06167', 'NU-AP06163'], [(2.960, 27.700, 44.930), (3.940, 27.700, 71.250), (1.590, 31.300, 46.540), (10.830, 27.700, 31.890), (6.580, 27.700, 59.750), (16.350, 27.700, 50.030)], [-55, -76, -77, -76, -71, -56]]
[(11.896, 27.700, 52.514), (7.162524045480462, 64.5), 12.887025569881812, 1783265882316108632, ['NU-AP06164', 'NU-AP06165', 'NU-AP07295', 'NU-AP06162', 'NU-AP06167', 'NU-AP06163'], [(2.960, 27.700, 44.930), (3.940, 27.700, 71.250), (1.590, 31.300, 46.540), (10.830, 27.700, 31.890), (6.580, 27.700, 59.750), (16.350, 27.700, 50.030)], [-55, -76, -77, -76, -71, -56]]
[(11.896, 27.700, 52.514), (2.9999999999999885, 64.5), 14.926901710773823, 1783265882410877883, ['NU-AP06164', 'NU-AP06165', 'NU-AP07295', 'NU-AP06162', 'NU-AP06167', 'NU-AP06163'], [(2.960, 27.700, 44.930), (3.940, 27.700, 71.250), (1.590, 31.300, 46.540), (10.830, 27.700, 31.890), (6.580, 27.700, 59.750), (16.350, 27.700, 50.030)], [-55, -76, -77, -76, -71, -56]]
50-80-mul
[(27.674, 27.700, 55.163), (3.0, 49.980618769825185), 25.21246664979131, 1783265878094550546, ['NU-AP06164', 'NU-AP06165', 'NU-AP07295', 'NU-AP06162'], [(2.960, 27.700, 44.930), (3.940, 27.700, 71.250), (1.590, 31.300, 46.540), (10.830, 27.700, 31.890)], [-54, -76, -77, -76]]
[(27.674, 27.700, 55.163), (3.0, 47.52946283189477), 25.82794509915719, 1783265878150356641, ['NU-AP06164', 'NU-AP06165', 'NU-AP07295', 'NU-AP06162'], [(2.960, 27.700, 44.930), (3.940, 27.700, 71.250), (1.590, 31.300, 46.540), (10.830, 27.700, 31.890)], [-54, -76, -77, -76]]
[(27.674, 27.700, 55.163), (3.0, 45.04338771019352), 26.66868719639876, 1783265878206957750, ['NU-AP06164', 'NU-AP06165', 'NU-AP07295', 'NU-AP06162'], [(2.960, 27.700, 44.930), (3.940, 27.700, 71.250), (1.590, 31.300, 46.540), (10.830, 27.700, 31.890)], [-54, -76, -77, -76]]
[(27.674, 27.700, 55.163), (4.992992814783246, 44.5), 25.062591049816703, 1783265878264704175, ['NU-AP06164', 'NU-AP06165', 'NU-AP07295', 'NU-AP06162'], [(2.960, 27.700, 44.930), (3.940, 27.700, 71.250), (1.590, 31.300, 46.540), (10.830, 27.700, 31.890)], [-54, -76, -77, -76]]
[(27.674, 27.700, 55.163), (7.473114166765576, 44.5), 22.84252074992746, 1783265878321169733, ['NU-AP06164', 'NU-AP06165', 'NU-AP07295', 'NU-AP06162'], [(2.960, 27.700, 44.930), (3.940, 27.700, 71.250), (1.590, 31.300, 46.540), (10.830, 27.700, 31.890)], [-54, -76, -77, -76]]
[(27.674, 27.700, 55.163), (9.0, 43.37514955403245), 22.083411071320814, 1783265878381542492, ['NU-AP06164', 'NU-AP06165', 'NU-AP07295', 'NU-AP06162'], [(2.960, 27.700, 44.930), (3.940, 27.700, 71.250), (1.590, 31.300, 46.540), (10.830, 27.700, 31.890)], [-54, -76, -77, -76]]
[(27.674, 27.700, 55.163), (9.0, 40.732577620283806), 23.60002566324265, 1783265878441706604, ['NU-AP06164', 'NU-AP06165', 'NU-AP07295', 'NU-AP06162'], [(2.960, 27.700, 44.930), (3.940, 27.700, 71.250), (1.590, 31.300, 46.540), (10.830, 27.700, 31.890)], [-54, -76, -77, -76]]
[(27.674, 27.700, 55.163), (9.0, 38.09151144550046), 25.301390026506507, 1783265878501836434, ['NU-AP06164', 'NU-AP06165', 'NU-AP07295', 'NU-AP06162'], [(2.960, 27.700, 44.930), (3.940, 27.700, 71.250), (1.590, 31.300, 46.540), (10.830, 27.700, 31.890)], [-54, -76, -77, -76]]
[(27.674, 27.700, 55.163), (9.0, 35.44378702436192), 27.15828551272461, 1783265878562117854, ['NU-AP06164', 'NU-AP06165', 'NU-AP07295', 'NU-AP06162'], [(2.960, 27.700, 44.930), (3.940, 27.700, 71.250), (1.590, 31.300, 46.540), (10.830, 27.700, 31.890)], [-54, -76, -77, -76]]
[(27.674, 27.700, 55.163), (9.0, 32.94521593043424), 29.023361425738237, 1783265878619003462, ['NU-AP06164', 'NU-AP06165', 'NU-AP07295', 'NU-AP06162'], [(2.960, 27.700, 44.930), (3.940, 27.700, 71.250), (1.590, 31.300, 46.540), (10.830, 27.700, 31.890)], [-54, -76, -77, -76]]
[(27.674, 27.700, 55.163), (9.0, 30.531453651008555), 30.910178049046085, 1783265878673958206, ['NU-AP06164', 'NU-AP06165', 'NU-AP07295', 'NU-AP06162'], [(2.960, 27.700, 44.930), (3.940, 27.700, 71.250), (1.590, 31.300, 46.540), (10.830, 27.700, 31.890)], [-54, -76, -77, -76]]
[(27.674, 27.700, 55.163), (9.0, 27.978927219021607), 32.98030203653919, 1783265878732072229, ['NU-AP06164', 'NU-AP06165', 'NU-AP07295', 'NU-AP06162'], [(2.960, 27.700, 44.930), (3.940, 27.700, 71.250), (1.590, 31.300, 46.540), (10.830, 27.700, 31.890)], [-54, -76, -77, -76]]
[(27.674, 27.700, 55.163), (9.0, 25.393304132944294), 35.14202307285397, 1783265878790939772, ['NU-AP06164', 'NU-AP06165', 'NU-AP07295', 'NU-AP06162'], [(2.960, 27.700, 44.930), (3.940, 27.700, 71.250), (1.590, 31.300, 46.540), (10.830, 27.700, 31.890)], [-54, -76, -77, -76]]
[(27.674, 27.700, 55.163), (9.0, 22.921559504054706), 37.25906522903157, 1783265878847214615, ['NU-AP06164', 'NU-AP06165', 'NU-AP07295', 'NU-AP06162'], [(2.960, 27.700, 44.930), (3.940, 27.700, 71.250), (1.590, 31.300, 46.540), (10.830, 27.700, 31.890)], [-54, -76, -77, -76]]
[(27.674, 27.700, 55.163), (9.0, 20.29568527854957), 39.553224698952405, 1783265878906998566, ['NU-AP06164', 'NU-AP06165', 'NU-AP07295', 'NU-AP06162'], [(2.960, 27.700, 44.930), (3.940, 27.700, 71.250), (1.590, 31.300, 46.540), (10.830, 27.700, 31.890)], [-54, -76, -77, -76]]
[(27.674, 27.700, 55.163), (9.0, 17.838320248081686), 41.73559783857618, 1783265878962946025, ['NU-AP06164', 'NU-AP06165', 'NU-AP07295', 'NU-AP06162'], [(2.960, 27.700, 44.930), (3.940, 27.700, 71.250), (1.590, 31.300, 46.540), (10.830, 27.700, 31.890)], [-54, -76, -77, -76]]
[(27.674, 27.700, 55.163), (9.0, 15.305834790634298), 44.015025856093345, 1783265879020603770, ['NU-AP06164', 'NU-AP06165', 'NU-AP07295', 'NU-AP06162'], [(2.960, 27.700, 44.930), (3.940, 27.700, 71.250), (1.590, 31.300, 46.540), (10.830, 27.700, 31.890)], [-54, -76, -77, -76]]
[(27.674, 27.700, 55.163), (9.0, 12.71979334057167), 46.369765563083924, 1783265879079480838, ['NU-AP06164', 'NU-AP06165', 'NU-AP07295', 'NU-AP06162'], [(2.960, 27.700, 44.930), (3.940, 27.700, 71.250), (1.590, 31.300, 46.540), (10.830, 27.700, 31.890)], [-54, -76, -77, -76]]
[(27.674, 27.700, 55.163), (9.0, 9.898181518106185), 48.96563782292602, 1783265879143721197, ['NU-AP06164', 'NU-AP06165', 'NU-AP07295', 'NU-AP06162'], [(2.960, 27.700, 44.930), (3.940, 27.700, 71.250), (1.590, 31.300, 46.540), (10.830, 27.700, 31.890)], [-54, -76, -77, -76]]
[(27.674, 27.700, 55.163), (11.325985355452941, 8.5), 49.44395454812039, 1783265879228510258, ['NU-AP06164', 'NU-AP06165', 'NU-AP07295', 'NU-AP06162'], [(2.960, 27.700, 44.930), (3.940, 27.700, 71.250), (1.590, 31.300, 46.540), (10.830, 27.700, 31.890)], [-54, -76, -77, -76]]
[(27.674, 27.700, 55.163), (14.140982415064073, 8.5), 48.58589455488374, 1783265879292600017, ['NU-AP06164', 'NU-AP06165', 'NU-AP07295', 'NU-AP06162'], [(2.960, 27.700, 44.930), (3.940, 27.700, 71.250), (1.590, 31.300, 46.540), (10.830, 27.700, 31.890)], [-54, -76, -77, -76]]
[(27.674, 27.700, 55.163), (16.616738287098897, 8.5), 47.955283386040364, 1783265879348966185, ['NU-AP06164', 'NU-AP06165', 'NU-AP07295', 'NU-AP06162'], [(2.960, 27.700, 44.930), (3.940, 27.700, 71.250), (1.590, 31.300, 46.540), (10.830, 27.700, 31.890)], [-54, -76, -77, -76]]
[(27.674, 27.700, 55.163), (19.17062728995748, 8.5), 47.43156212530699, 1783265879407111230, ['NU-AP06164', 'NU-AP06165', 'NU-AP07295', 'NU-AP06162'], [(2.960, 27.700, 44.930), (3.940, 27.700, 71.250), (1.590, 31.300, 46.540), (10.830, 27.700, 31.890)], [-54, -76, -77, -76]]
[(27.674, 27.700, 55.163), (21.666156515349442, 8.5), 47.048267784401006, 1783265879463927583, ['NU-AP06164', 'NU-AP06165', 'NU-AP07295', 'NU-AP06162'], [(2.960, 27.700, 44.930), (3.940, 27.700, 71.250), (1.590, 31.300, 46.540), (10.830, 27.700, 31.890)], [-54, -76, -77, -76]]
[(27.674, 27.700, 55.163), (24.206572177435557, 8.5), 46.791750836041174, 1783265879521765877, ['NU-AP06164', 'NU-AP06165', 'NU-AP07295', 'NU-AP06162'], [(2.960, 27.700, 44.930), (3.940, 27.700, 71.250), (1.590, 31.300, 46.540), (10.830, 27.700, 31.890)], [-54, -76, -77, -76]]
[(27.674, 27.700, 55.163), (26.647480986819104, 8.5), 46.67438506344541, 1783265879577338673, ['NU-AP06164', 'NU-AP06165', 'NU-AP07295', 'NU-AP06162'], [(2.960, 27.700, 44.930), (3.940, 27.700, 71.250), (1.590, 31.300, 46.540), (10.830, 27.700, 31.890)], [-54, -76, -77, -76]]
[(27.674, 27.700, 55.163), (29.360470057897814, 8.5), 46.6935563477168, 1783265879639105990, ['NU-AP06164', 'NU-AP06165', 'NU-AP07295', 'NU-AP06162'], [(2.960, 27.700, 44.930), (3.940, 27.700, 71.250), (1.590, 31.300, 46.540), (10.830, 27.700, 31.890)], [-54, -76, -77, -76]]
[(27.674, 27.700, 55.163), (32.22731961103692, 8.5), 46.88471243486482, 1783265879704376288, ['NU-AP06164', 'NU-AP06165', 'NU-AP07295', 'NU-AP06162'], [(2.960, 27.700, 44.930), (3.940, 27.700, 71.250), (1.590, 31.300, 46.540), (10.830, 27.700, 31.890)], [-54, -76, -77, -76]]
[(27.674, 27.700, 55.163), (35.1428545654704, 8.5), 47.257029513333606, 1783265879770755019, ['NU-AP06164', 'NU-AP06165', 'NU-AP07295', 'NU-AP06162'], [(2.960, 27.700, 44.930), (3.940, 27.700, 71.250), (1.590, 31.300, 46.540), (10.830, 27.700, 31.890)], [-54, -76, -77, -76]]
[(27.674, 27.700, 55.163), (38.04201143735288, 8.5), 47.80102742734558, 1783265879836760866, ['NU-AP06164', 'NU-AP06165', 'NU-AP07295', 'NU-AP06162'], [(2.960, 27.700, 44.930), (3.940, 27.700, 71.250), (1.590, 31.300, 46.540), (10.830, 27.700, 31.890)], [-54, -76, -77, -76]]
[(27.674, 27.700, 55.163), (49.53654900759294, 41.836795883348515), 25.603858713257697, 1783265880696220147, ['NU-AP06164', 'NU-AP06165', 'NU-AP07295', 'NU-AP06162'], [(2.960, 27.700, 44.930), (3.940, 27.700, 71.250), (1.590, 31.300, 46.540), (10.830, 27.700, 31.890)], [-54, -76, -77, -76]]
[(27.674, 27.700, 55.163), (50.26765593275376, 44.86953572105265), 24.82794433808279, 1783265880767245332, ['NU-AP06164', 'NU-AP06165', 'NU-AP07295', 'NU-AP06162'], [(2.960, 27.700, 44.930), (3.940, 27.700, 71.250), (1.590, 31.300, 46.540), (10.830, 27.700, 31.890)], [-54, -76, -77, -76]]
[(27.674, 27.700, 55.163), (51.03466966177898, 48.05122230071279), 24.419166017418284, 1783265880841758772, ['NU-AP06164', 'NU-AP06165', 'NU-AP07295', 'NU-AP06162'], [(2.960, 27.700, 44.930), (3.940, 27.700, 71.250), (1.590, 31.300, 46.540), (10.830, 27.700, 31.890)], [-54, -76, -77, -76]]
[(27.674, 27.700, 55.163), (51.81792427765788, 51.30027848509937), 24.45089684824432, 1783265880917849973, ['NU-AP06164', 'NU-AP06165', 'NU-AP07295', 'NU-AP06162'], [(2.960, 27.700, 44.930), (3.940, 27.700, 71.250), (1.590, 31.300, 46.540), (10.830, 27.700, 31.890)], [-54, -76, -77, -76]]
[(27.674, 27.700, 55.163), (33.481218672197215, 64.5), 10.99548233986231, 1783265881716904171, ['NU-AP06164', 'NU-AP06165', 'NU-AP07295', 'NU-AP06162'], [(2.960, 27.700, 44.930), (3.940, 27.700, 71.250), (1.590, 31.300, 46.540), (10.830, 27.700, 31.890)], [-54, -76, -77, -76]]
[(27.674, 27.700, 55.163), (27.986451959622816, 64.5), 9.342130069459815, 1783265881842004932, ['NU-AP06164', 'NU-AP06165', 'NU-AP07295', 'NU-AP06162'], [(2.960, 27.700, 44.930), (3.940, 27.700, 71.250), (1.590, 31.300, 46.540), (10.830, 27.700, 31.890)], [-54, -76, -77, -76]]
[(17.026, 27.700, 51.660), (20.161080155779413, 64.5), 13.21691152121091, 1783265882020167176, ['NU-AP06164', 'NU-AP06165', 'NU-AP07295', 'NU-AP06162', 'NU-AP06167'], [(2.960, 27.700, 44.930), (3.940, 27.700, 71.250), (1.590, 31.300, 46.540), (10.830, 27.700, 31.890), (6.580, 27.700, 59.750)], [-54, -76, -77, -76, -71]]
[(11.896, 27.700, 52.514), (10.617042922336644, 64.5), 12.054131674532837, 1783265882237458716, ['NU-AP06164', 'NU-AP06165', 'NU-AP07295', 'NU-AP06162', 'NU-AP06167', 'NU-AP06163'], [(2.960, 27.700, 44.930), (3.940, 27.700, 71.250), (1.590, 31.300, 46.540), (10.830, 27.700, 31.890), (6.580, 27.700, 59.750), (16.350, 27.700, 50.030)], [-55, -76, -77, -76, -71, -56]]
[(11.896, 27.700, 52.514), (7.162524045480462, 64.5), 12.887025569881812, 1783265882316108632, ['NU-AP06164', 'NU-AP06165', 'NU-AP07295', 'NU-AP06162', 'NU-AP06167', 'NU-AP06163'], [(2.960, 27.700, 44.930), (3.940, 27.700, 71.250), (1.590, 31.300, 46.540), (10.830, 27.700, 31.890), (6.580, 27.700, 59.750), (16.350, 27.700, 50.030)], [-55, -76, -77, -76, -71, -56]]
[(11.896, 27.700, 52.514), (2.9999999999999885, 64.5), 14.926901710773823, 1783265882410877883, ['NU-AP06164', 'NU-AP06165', 'NU-AP07295', 'NU-AP06162', 'NU-AP06167', 'NU-AP06163'], [(2.960, 27.700, 44.930), (3.940, 27.700, 71.250), (1.590, 31.300, 46.540), (10.830, 27.700, 31.890), (6.580, 27.700, 59.750), (16.350, 27.700, 50.030)], [-55, -76, -77, -76, -71, -56]]
50-70-mul
50-67-mul
