1 1 1783275175451877967
{'names': ['NU-AP06167'], 'addresses': ['48:00:b3:5e:0b:e0'], 'ssids': ['iotroam'], 'signals': [-66], 'timestamps': [1.783275175441878e+18], 'frequencies': [2412]}
1 2 1783275175507010273
{'names': ['NU-AP06167'], 'addresses': ['48:00:b3:5e:0b:e0'], 'ssids': ['iotroam'], 'signals': [-66], 'timestamps': [1.783275175441878e+18], 'frequencies': [2412]}
1 3 1783275175553773932
{'names': ['NU-AP06167'], 'addresses': ['48:00:b3:5e:0b:e0'], 'ssids': ['iotroam'], 'signals': [-66], 'timestamps': [1.783275175441878e+18], 'frequencies': [2412]}
2 4 1783275175601640160
{'names': ['NU-AP06167', 'NU-AP06164'], 'addresses': ['48:00:b3:5e:0b:e0', '48:00:b3:5f:72:e0'], 'ssids': ['iotroam', 'iotroam'], 'signals': [-66, -54], 'timestamps': [1.783275175441878e+18, 1.78327517559064e+18], 'frequencies': [2412, 2437]}
3 5 1783275175651133161
{'names': ['NU-AP06167', 'NU-AP06164'], 'addresses': ['48:00:b3:5e:0b:e0', '48:00:b3:5f:72:e0'], 'ssids': ['iotroam', 'iotroam'], 'signals': [-66, -54], 'timestamps': [1.783275175441878e+18, 1.7832751755911332e+18], 'frequencies': [2412, 2437]}
4 6 1783275175703319452
{'names': ['NU-AP06167', 'NU-AP06164'], 'addresses': ['48:00:b3:5e:0b:e0', '48:00:b3:5f:72:e0'], 'ssids': ['iotroam', 'iotroam'], 'signals': [-66, -54], 'timestamps': [1.783275175441878e+18, 1.7832751755913196e+18], 'frequencies': [2412, 2437]}
5 7 1783275175751808216
{'names': ['NU-AP06167', 'NU-AP06164', 'NU-AP06163'], 'addresses': ['48:00:b3:5e:0b:e0', '48:00:b3:5f:72:e0', '48:00:b3:5f:46:a0'], 'ssids': ['iotroam', 'iotroam', 'iotroam'], 'signals': [-66, -54, -51], 'timestamps': [1.783275175441878e+18, 1.7832751755913196e+18, 1.7832751757408082e+18], 'frequencies': [2412, 2437, 2462]}
6 8 1783275175802117613
{'names': ['NU-AP06167', 'NU-AP06164', 'NU-AP06163'], 'addresses': ['48:00:b3:5e:0b:e0', '48:00:b3:5f:72:e0', '48:00:b3:5f:46:a0'], 'ssids': ['iotroam', 'iotroam', 'iotroam'], 'signals': [-66, -54, -51], 'timestamps': [1.783275175441878e+18, 1.7832751755913196e+18, 1.7832751757411177e+18], 'frequencies': [2412, 2437, 2462]}
6 9 1783275175854829907
{'names': ['NU-AP06167', 'NU-AP06164', 'NU-AP06163'], 'addresses': ['48:00:b3:5e:0b:e0', '48:00:b3:5f:72:e0', '48:00:b3:5f:46:a0'], 'ssids': ['iotroam', 'iotroam', 'iotroam'], 'signals': [-66, -54, -51], 'timestamps': [1.783275175441878e+18, 1.7832751755913196e+18, 1.7832751757411177e+18], 'frequencies': [2412, 2437, 2462]}
6 10 1783275175905936134
{'names': ['NU-AP06167', 'NU-AP06164', 'NU-AP06163'], 'addresses': ['48:00:b3:5e:0b:e0', '48:00:b3:5f:72:e0', '48:00:b3:5f:46:a0'], 'ssids': ['iotroam', 'iotroam', 'iotroam'], 'signals': [-66, -54, -51], 'timestamps': [1.783275175441878e+18, 1.7832751755913196e+18, 1.7832751757411177e+18], 'frequencies': [2412, 2437, 2462]}
6 11 1783275175955890897
{'names': ['NU-AP06167', 'NU-AP06164', 'NU-AP06163'], 'addresses': ['48:00:b3:5e:0b:e0', '48:00:b3:5f:72:e0', '48:00:b3:5f:46:a0'], 'ssids': ['iotroam', 'iotroam', 'iotroam'], 'signals': [-66, -54, -51], 'timestamps': [1.783275175441878e+18, 1.7832751755913196e+18, 1.7832751757411177e+18], 'frequencies': [2412, 2437, 2462]}
6 12 1783275176006451731
{'names': ['NU-AP06167', 'NU-AP06164', 'NU-AP06163'], 'addresses': ['48:00:b3:5e:0b:e0', '48:00:b3:5f:72:e0', '48:00:b3:5f:46:a0'], 'ssids': ['iotroam', 'iotroam', 'iotroam'], 'signals': [-66, -54, -51], 'timestamps': [1.783275175441878e+18, 1.7832751755913196e+18, 1.7832751757411177e+18], 'frequencies': [2412, 2437, 2462]}
6 13 1783275176056718308
{'names': ['NU-AP06167', 'NU-AP06164', 'NU-AP06163'], 'addresses': ['48:00:b3:5e:0b:e0', '48:00:b3:5f:72:e0', '48:00:b3:5f:46:a0'], 'ssids': ['iotroam', 'iotroam', 'iotroam'], 'signals': [-66, -54, -51], 'timestamps': [1.783275175441878e+18, 1.7832751755913196e+18, 1.7832751757411177e+18], 'frequencies': [2412, 2437, 2462]}
6 14 1783275176108852160
{'names': ['NU-AP06167', 'NU-AP06164', 'NU-AP06163'], 'addresses': ['48:00:b3:5e:0b:e0', '48:00:b3:5f:72:e0', '48:00:b3:5f:46:a0'], 'ssids': ['iotroam', 'iotroam', 'iotroam'], 'signals': [-66, -54, -51], 'timestamps': [1.783275175441878e+18, 1.7832751755913196e+18, 1.7832751757411177e+18], 'frequencies': [2412, 2437, 2462]}
7 15 1783275176159133558
{'names': ['NU-AP06167', 'NU-AP06164', 'NU-AP06163'], 'addresses': ['48:00:b3:5e:0b:e0', '48:00:b3:5f:72:e0', '48:00:b3:5f:46:a0'], 'ssids': ['iotroam', 'iotroam', 'iotroam'], 'signals': [-66, -54, -51], 'timestamps': [1.783275175441878e+18, 1.7832751755913196e+18, 1.7832751757411333e+18], 'frequencies': [2412, 2437, 2462]}
7 16 1783275176208583580
{'names': ['NU-AP06167', 'NU-AP06164', 'NU-AP06163'], 'addresses': ['48:00:b3:5e:0b:e0', '48:00:b3:5f:72:e0', '48:00:b3:5f:46:a0'], 'ssids': ['iotroam', 'iotroam', 'iotroam'], 'signals': [-66, -54, -51], 'timestamps': [1.783275175441878e+18, 1.7832751755913196e+18, 1.7832751757411333e+18], 'frequencies': [2412, 2437, 2462]}
8 17 1783275176260215682
{'names': ['NU-AP06167', 'NU-AP06164', 'NU-AP06163'], 'addresses': ['48:00:b3:5e:0b:e0', '48:00:b3:5f:72:e0', '48:00:b3:5f:46:a0'], 'ssids': ['iotroam', 'iotroam', 'iotroam'], 'signals': [-66, -54, -51], 'timestamps': [1.783275175441878e+18, 1.7832751755913196e+18, 1.7832751757412157e+18], 'frequencies': [2412, 2437, 2462]}
11 18 1783275176312017932
{'names': ['NU-AP06167', 'NU-AP06164', 'NU-AP06163'], 'addresses': ['48:00:b3:5e:0b:e0', '48:00:b3:5f:72:e0', '48:00:b3:5f:46:a0'], 'ssids': ['iotroam', 'iotroam', 'iotroam'], 'signals': [-66, -54, -51], 'timestamps': [1.7832751754420178e+18, 1.783275175592018e+18, 1.783275175742018e+18], 'frequencies': [2412, 2437, 2462]}
11 19 1783275176362362877
{'names': ['NU-AP06167', 'NU-AP06164', 'NU-AP06163'], 'addresses': ['48:00:b3:5e:0b:e0', '48:00:b3:5f:72:e0', '48:00:b3:5f:46:a0'], 'ssids': ['iotroam', 'iotroam', 'iotroam'], 'signals': [-66, -54, -51], 'timestamps': [1.7832751754420178e+18, 1.783275175592018e+18, 1.783275175742018e+18], 'frequencies': [2412, 2437, 2462]}
11 20 1783275176413545517
{'names': ['NU-AP06167', 'NU-AP06164', 'NU-AP06163'], 'addresses': ['48:00:b3:5e:0b:e0', '48:00:b3:5f:72:e0', '48:00:b3:5f:46:a0'], 'ssids': ['iotroam', 'iotroam', 'iotroam'], 'signals': [-66, -54, -51], 'timestamps': [1.7832751754420178e+18, 1.783275175592018e+18, 1.783275175742018e+18], 'frequencies': [2412, 2437, 2462]}
11 21 1783275176464499403
{'names': ['NU-AP06167', 'NU-AP06164', 'NU-AP06163'], 'addresses': ['48:00:b3:5e:0b:e0', '48:00:b3:5f:72:e0', '48:00:b3:5f:46:a0'], 'ssids': ['iotroam', 'iotroam', 'iotroam'], 'signals': [-66, -54, -51], 'timestamps': [1.7832751754420178e+18, 1.783275175592018e+18, 1.783275175742018e+18], 'frequencies': [2412, 2437, 2462]}
11 22 1783275176515116358
{'names': ['NU-AP06167', 'NU-AP06164', 'NU-AP06163'], 'addresses': ['48:00:b3:5e:0b:e0', '48:00:b3:5f:72:e0', '48:00:b3:5f:46:a0'], 'ssids': ['iotroam', 'iotroam', 'iotroam'], 'signals': [-66, -54, -51], 'timestamps': [1.7832751754420178e+18, 1.783275175592018e+18, 1.783275175742018e+18], 'frequencies': [2412, 2437, 2462]}
11 23 1783275176564649723
{'names': ['NU-AP06167', 'NU-AP06164', 'NU-AP06163'], 'addresses': ['48:00:b3:5e:0b:e0', '48:00:b3:5f:72:e0', '48:00:b3:5f:46:a0'], 'ssids': ['iotroam', 'iotroam', 'iotroam'], 'signals': [-66, -54, -51], 'timestamps': [1.7832751754420178e+18, 1.783275175592018e+18, 1.783275175742018e+18], 'frequencies': [2412, 2437, 2462]}
11 24 1783275176615012077
{'names': ['NU-AP06167', 'NU-AP06164', 'NU-AP06163'], 'addresses': ['48:00:b3:5e:0b:e0', '48:00:b3:5f:72:e0', '48:00:b3:5f:46:a0'], 'ssids': ['iotroam', 'iotroam', 'iotroam'], 'signals': [-66, -54, -51], 'timestamps': [1.7832751754420178e+18, 1.783275175592018e+18, 1.783275175742018e+18], 'frequencies': [2412, 2437, 2462]}
11 25 1783275176665759160
{'names': ['NU-AP06167', 'NU-AP06164', 'NU-AP06163'], 'addresses': ['48:00:b3:5e:0b:e0', '48:00:b3:5f:72:e0', '48:00:b3:5f:46:a0'], 'ssids': ['iotroam', 'iotroam', 'iotroam'], 'signals': [-66, -54, -51], 'timestamps': [1.7832751754420178e+18, 1.783275175592018e+18, 1.783275175742018e+18], 'frequencies': [2412, 2437, 2462]}
11 26 1783275176717354511
{'names': ['NU-AP06167', 'NU-AP06164', 'NU-AP06163'], 'addresses': ['48:00:b3:5e:0b:e0', '48:00:b3:5f:72:e0', '48:00:b3:5f:46:a0'], 'ssids': ['iotroam', 'iotroam', 'iotroam'], 'signals': [-66, -54, -51], 'timestamps': [1.7832751754420178e+18, 1.783275175592018e+18, 1.783275175742018e+18], 'frequencies': [2412, 2437, 2462]}
11 27 1783275176767433291
{'names': ['NU-AP06167', 'NU-AP06164', 'NU-AP06163'], 'addresses': ['48:00:b3:5e:0b:e0', '48:00:b3:5f:72:e0', '48:00:b3:5f:46:a0'], 'ssids': ['iotroam', 'iotroam', 'iotroam'], 'signals': [-66, -54, -51], 'timestamps': [1.7832751754420178e+18, 1.783275175592018e+18, 1.783275175742018e+18], 'frequencies': [2412, 2437, 2462]}
11 28 1783275176818246239
{'names': ['NU-AP06167', 'NU-AP06164', 'NU-AP06163'], 'addresses': ['48:00:b3:5e:0b:e0', '48:00:b3:5f:72:e0', '48:00:b3:5f:46:a0'], 'ssids': ['iotroam', 'iotroam', 'iotroam'], 'signals': [-66, -54, -51], 'timestamps': [1.7832751754420178e+18, 1.783275175592018e+18, 1.783275175742018e+18], 'frequencies': [2412, 2437, 2462]}
11 29 1783275176869966237
{'names': ['NU-AP06167', 'NU-AP06164', 'NU-AP06163'], 'addresses': ['48:00:b3:5e:0b:e0', '48:00:b3:5f:72:e0', '48:00:b3:5f:46:a0'], 'ssids': ['iotroam', 'iotroam', 'iotroam'], 'signals': [-66, -54, -51], 'timestamps': [1.7832751754420178e+18, 1.783275175592018e+18, 1.783275175742018e+18], 'frequencies': [2412, 2437, 2462]}
11 30 1783275176923151999
{'names': ['NU-AP06167', 'NU-AP06164', 'NU-AP06163'], 'addresses': ['48:00:b3:5e:0b:e0', '48:00:b3:5f:72:e0', '48:00:b3:5f:46:a0'], 'ssids': ['iotroam', 'iotroam', 'iotroam'], 'signals': [-66, -54, -51], 'timestamps': [1.7832751754420178e+18, 1.783275175592018e+18, 1.783275175742018e+18], 'frequencies': [2412, 2437, 2462]}
11 31 1783275176974475638
{'names': ['NU-AP06167', 'NU-AP06164', 'NU-AP06163'], 'addresses': ['48:00:b3:5e:0b:e0', '48:00:b3:5f:72:e0', '48:00:b3:5f:46:a0'], 'ssids': ['iotroam', 'iotroam', 'iotroam'], 'signals': [-66, -54, -51], 'timestamps': [1.7832751754420178e+18, 1.783275175592018e+18, 1.783275175742018e+18], 'frequencies': [2412, 2437, 2462]}
11 32 1783275177026874370
{'names': ['NU-AP06167', 'NU-AP06164', 'NU-AP06163'], 'addresses': ['48:00:b3:5e:0b:e0', '48:00:b3:5f:72:e0', '48:00:b3:5f:46:a0'], 'ssids': ['iotroam', 'iotroam', 'iotroam'], 'signals': [-66, -54, -51], 'timestamps': [1.7832751754420178e+18, 1.783275175592018e+18, 1.783275175742018e+18], 'frequencies': [2412, 2437, 2462]}
11 33 1783275177076893809
{'names': ['NU-AP06167', 'NU-AP06164', 'NU-AP06163'], 'addresses': ['48:00:b3:5e:0b:e0', '48:00:b3:5f:72:e0', '48:00:b3:5f:46:a0'], 'ssids': ['iotroam', 'iotroam', 'iotroam'], 'signals': [-66, -54, -51], 'timestamps': [1.7832751754420178e+18, 1.783275175592018e+18, 1.783275175742018e+18], 'frequencies': [2412, 2437, 2462]}
11 34 1783275177129000287
{'names': ['NU-AP06167', 'NU-AP06164', 'NU-AP06163'], 'addresses': ['48:00:b3:5e:0b:e0', '48:00:b3:5f:72:e0', '48:00:b3:5f:46:a0'], 'ssids': ['iotroam', 'iotroam', 'iotroam'], 'signals': [-66, -54, -51], 'timestamps': [1.7832751754420178e+18, 1.783275175592018e+18, 1.783275175742018e+18], 'frequencies': [2412, 2437, 2462]}
11 35 1783275177180874476
{'names': ['NU-AP06167', 'NU-AP06164', 'NU-AP06163'], 'addresses': ['48:00:b3:5e:0b:e0', '48:00:b3:5f:72:e0', '48:00:b3:5f:46:a0'], 'ssids': ['iotroam', 'iotroam', 'iotroam'], 'signals': [-66, -54, -51], 'timestamps': [1.7832751754420178e+18, 1.783275175592018e+18, 1.783275175742018e+18], 'frequencies': [2412, 2437, 2462]}
11 36 1783275177231268876
{'names': ['NU-AP06167', 'NU-AP06164', 'NU-AP06163'], 'addresses': ['48:00:b3:5e:0b:e0', '48:00:b3:5f:72:e0', '48:00:b3:5f:46:a0'], 'ssids': ['iotroam', 'iotroam', 'iotroam'], 'signals': [-66, -54, -51], 'timestamps': [1.7832751754420178e+18, 1.783275175592018e+18, 1.783275175742018e+18], 'frequencies': [2412, 2437, 2462]}
11 37 1783275177281568513
{'names': ['NU-AP06167', 'NU-AP06164', 'NU-AP06163'], 'addresses': ['48:00:b3:5e:0b:e0', '48:00:b3:5f:72:e0', '48:00:b3:5f:46:a0'], 'ssids': ['iotroam', 'iotroam', 'iotroam'], 'signals': [-66, -54, -51], 'timestamps': [1.7832751754420178e+18, 1.783275175592018e+18, 1.783275175742018e+18], 'frequencies': [2412, 2437, 2462]}
11 38 1783275177330012201
{'names': ['NU-AP06167', 'NU-AP06164', 'NU-AP06163'], 'addresses': ['48:00:b3:5e:0b:e0', '48:00:b3:5f:72:e0', '48:00:b3:5f:46:a0'], 'ssids': ['iotroam', 'iotroam', 'iotroam'], 'signals': [-66, -54, -51], 'timestamps': [1.7832751754420178e+18, 1.783275175592018e+18, 1.783275175742018e+18], 'frequencies': [2412, 2437, 2462]}
11 40 1783275177381460060
{'names': ['NU-AP06167', 'NU-AP06164', 'NU-AP06163', 'NU-AP06163', 'NU-AP06162'], 'addresses': ['48:00:b3:5e:0b:e0', '48:00:b3:5f:72:e0', '48:00:b3:5f:46:a0', '48:00:b3:5f:46:ad', '48:00:b3:5a:90:8f'], 'ssids': ['iotroam', 'iotroam', 'iotroam', 'VU-Campusnet', 'iotroam'], 'signals': [-66, -54, -51, -60, -72], 'timestamps': [1.7832751754420178e+18, 1.783275175592018e+18, 1.783275175742018e+18, 1.78327517735546e+18, 1.78327517734246e+18], 'frequencies': [2412, 2437, 2462, 5500, 5320]}
14 42 1783275177497211206
{'names': ['NU-AP06167', 'NU-AP06164', 'NU-AP06163', 'NU-AP06163', 'NU-AP06162'], 'addresses': ['48:00:b3:5e:0b:e0', '48:00:b3:5f:72:e0', '48:00:b3:5f:46:a0', '48:00:b3:5f:46:ad', '48:00:b3:5a:90:8f'], 'ssids': ['iotroam', 'iotroam', 'iotroam', 'VU-Campusnet', 'iotroam'], 'signals': [-66, -54, -51, -60, -72], 'timestamps': [1.783275175442211e+18, 1.7832751755922112e+18, 1.783275175742211e+18, 1.7832751773562112e+18, 1.783275177343211e+18], 'frequencies': [2412, 2437, 2462, 5500, 5320]}
14 43 1783275177671698035
{'names': ['NU-AP06167', 'NU-AP06164', 'NU-AP06163', 'NU-AP06163', 'NU-AP06162', 'NU-AP06164'], 'addresses': ['48:00:b3:5e:0b:e0', '48:00:b3:5f:72:e0', '48:00:b3:5f:46:a0', '48:00:b3:5f:46:ad', '48:00:b3:5a:90:8f', '48:00:b3:5f:72:ef'], 'ssids': ['iotroam', 'iotroam', 'iotroam', 'VU-Campusnet', 'iotroam', 'iotroam'], 'signals': [-66, -54, -51, -60, -72, -68], 'timestamps': [1.783275175442211e+18, 1.7832751755922112e+18, 1.783275175742211e+18, 1.7832751773562112e+18, 1.783275177343211e+18, 1.783275177626698e+18], 'frequencies': [2412, 2437, 2462, 5500, 5320, 5540]}
14 44 1783275177733779560
{'names': ['NU-AP06167', 'NU-AP06164', 'NU-AP06163', 'NU-AP06163', 'NU-AP06162', 'NU-AP06164'], 'addresses': ['48:00:b3:5e:0b:e0', '48:00:b3:5f:72:e0', '48:00:b3:5f:46:a0', '48:00:b3:5f:46:ad', '48:00:b3:5a:90:8f', '48:00:b3:5f:72:ef'], 'ssids': ['iotroam', 'iotroam', 'iotroam', 'VU-Campusnet', 'iotroam', 'iotroam'], 'signals': [-66, -54, -51, -60, -72, -68], 'timestamps': [1.783275175442211e+18, 1.7832751755922112e+18, 1.783275175742211e+18, 1.7832751773562112e+18, 1.783275177343211e+18, 1.7832751776267794e+18], 'frequencies': [2412, 2437, 2462, 5500, 5320, 5540]}
14 45 1783275177975085070
{'names': ['NU-AP06167', 'NU-AP06164', 'NU-AP06163', 'NU-AP06163', 'NU-AP06162', 'NU-AP06164'], 'addresses': ['48:00:b3:5e:0b:e0', '48:00:b3:5f:72:e0', '48:00:b3:5f:46:a0', '48:00:b3:5f:46:ad', '48:00:b3:5a:90:8f', '48:00:b3:5f:72:ef'], 'ssids': ['iotroam', 'iotroam', 'iotroam', 'VU-Campusnet', 'iotroam', 'iotroam'], 'signals': [-66, -54, -51, -60, -72, -68], 'timestamps': [1.783275175442211e+18, 1.7832751755922112e+18, 1.783275175742211e+18, 1.7832751773562112e+18, 1.783275177343211e+18, 1.783275177627085e+18], 'frequencies': [2412, 2437, 2462, 5500, 5320, 5540]}
17 48 1783275178097218915
{'names': ['NU-AP06167', 'NU-AP06164', 'NU-AP06163', 'NU-AP06163', 'NU-AP06162', 'NU-AP06164'], 'addresses': ['48:00:b3:5e:0b:e0', '48:00:b3:5f:72:e0', '48:00:b3:5f:46:a0', '48:00:b3:5f:46:ad', '48:00:b3:5a:90:8f', '48:00:b3:5f:72:ef'], 'ssids': ['iotroam', 'iotroam', 'iotroam', 'VU-Campusnet', 'iotroam', 'iotroam'], 'signals': [-66, -54, -51, -60, -72, -68], 'timestamps': [1.7832751754422188e+18, 1.783275175592219e+18, 1.7832751757422188e+18, 1.783275177356219e+18, 1.7832751773432187e+18, 1.783275177627219e+18], 'frequencies': [2412, 2437, 2462, 5500, 5320, 5540]}
20 51 1783275178159472119
{'names': ['NU-AP06167', 'NU-AP06164', 'NU-AP06163', 'NU-AP06163', 'NU-AP06162', 'NU-AP06164'], 'addresses': ['48:00:b3:5e:0b:e0', '48:00:b3:5f:72:e0', '48:00:b3:5f:46:a0', '48:00:b3:5f:46:ad', '48:00:b3:5a:90:8f', '48:00:b3:5f:72:ef'], 'ssids': ['iotroam', 'iotroam', 'iotroam', 'VU-Campusnet', 'iotroam', 'iotroam'], 'signals': [-66, -54, -51, -60, -72, -68], 'timestamps': [1.7832751754424722e+18, 1.783275175592472e+18, 1.7832751757424722e+18, 1.783275177356472e+18, 1.783275177343472e+18, 1.7832751776274721e+18], 'frequencies': [2412, 2437, 2462, 5500, 5320, 5540]}
20 52 1783275178579193223
{'names': ['NU-AP06167', 'NU-AP06164', 'NU-AP06163', 'NU-AP06163', 'NU-AP06162', 'NU-AP06164', 'NU-AP06167'], 'addresses': ['48:00:b3:5e:0b:e0', '48:00:b3:5f:72:e0', '48:00:b3:5f:46:a0', '48:00:b3:5f:46:ad', '48:00:b3:5a:90:8f', '48:00:b3:5f:72:ef', '48:00:b3:5e:0b:ef'], 'ssids': ['iotroam', 'iotroam', 'iotroam', 'VU-Campusnet', 'iotroam', 'iotroam', 'iotroam'], 'signals': [-66, -54, -51, -60, -72, -68, -81], 'timestamps': [1.7832751754424722e+18, 1.783275175592472e+18, 1.7832751757424722e+18, 1.783275177356472e+18, 1.783275177343472e+18, 1.7832751776274721e+18, 1.7832751785441933e+18], 'frequencies': [2412, 2437, 2462, 5500, 5320, 5540, 5660]}
20 53 1783275178839204392
{'names': ['NU-AP06167', 'NU-AP06164', 'NU-AP06163', 'NU-AP06163', 'NU-AP06162', 'NU-AP06164', 'NU-AP06167'], 'addresses': ['48:00:b3:5e:0b:e0', '48:00:b3:5f:72:e0', '48:00:b3:5f:46:a0', '48:00:b3:5f:46:ad', '48:00:b3:5a:90:8f', '48:00:b3:5f:72:ef', '48:00:b3:5e:0b:ef'], 'ssids': ['iotroam', 'iotroam', 'iotroam', 'VU-Campusnet', 'iotroam', 'iotroam', 'iotroam'], 'signals': [-66, -54, -51, -60, -72, -68, -81], 'timestamps': [1.7832751754424722e+18, 1.783275175592472e+18, 1.7832751757424722e+18, 1.783275177356472e+18, 1.783275177343472e+18, 1.7832751776274721e+18, 1.7832751785442043e+18], 'frequencies': [2412, 2437, 2462, 5500, 5320, 5540, 5660]}
23 57 1783275179315504598
{'names': ['NU-AP06167', 'NU-AP06164', 'NU-AP06163', 'NU-AP06163', 'NU-AP06162', 'NU-AP06164', 'NU-AP06167'], 'addresses': ['48:00:b3:5e:0b:e0', '48:00:b3:5f:72:e0', '48:00:b3:5f:46:a0', '48:00:b3:5f:46:ad', '48:00:b3:5a:90:8f', '48:00:b3:5f:72:ef', '48:00:b3:5e:0b:ef'], 'ssids': ['iotroam', 'iotroam', 'iotroam', 'VU-Campusnet', 'iotroam', 'iotroam', 'iotroam'], 'signals': [-66, -54, -51, -60, -72, -68, -81], 'timestamps': [1.7832751754425047e+18, 1.7832751755925046e+18, 1.7832751757425047e+18, 1.7832751773565046e+18, 1.7832751773435046e+18, 1.7832751776275046e+18, 1.7832751785445046e+18], 'frequencies': [2412, 2437, 2462, 5500, 5320, 5540, 5660]}
24 57 1783275179900056134
{'names': ['NU-AP06167', 'NU-AP06164', 'NU-AP06163', 'NU-AP06163', 'NU-AP06162', 'NU-AP06164', 'NU-AP06167'], 'addresses': ['48:00:b3:5e:0b:e0', '48:00:b3:5f:72:e0', '48:00:b3:5f:46:a0', '48:00:b3:5f:46:ad', '48:00:b3:5a:90:8f', '48:00:b3:5f:72:ef', '48:00:b3:5e:0b:ef'], 'ssids': ['iotroam', 'iotroam', 'iotroam', 'VU-Campusnet', 'iotroam', 'iotroam', 'iotroam'], 'signals': [-67, -54, -51, -60, -72, -68, -81], 'timestamps': [1.783275179892056e+18, 1.7832751755925046e+18, 1.7832751757425047e+18, 1.7832751773565046e+18, 1.7832751773435046e+18, 1.7832751776275046e+18, 1.7832751785445046e+18], 'frequencies': [2412, 2437, 2462, 5500, 5320, 5540, 5660]}
27 61 1783275179967584004
{'names': ['NU-AP06167', 'NU-AP06164', 'NU-AP06163', 'NU-AP06163', 'NU-AP06162', 'NU-AP06164', 'NU-AP06167'], 'addresses': ['48:00:b3:5e:0b:e0', '48:00:b3:5f:72:e0', '48:00:b3:5f:46:a0', '48:00:b3:5f:46:ad', '48:00:b3:5a:90:8f', '48:00:b3:5f:72:ef', '48:00:b3:5e:0b:ef'], 'ssids': ['iotroam', 'iotroam', 'iotroam', 'VU-Campusnet', 'iotroam', 'iotroam', 'iotroam'], 'signals': [-67, -54, -51, -60, -72, -68, -81], 'timestamps': [1.783275179892584e+18, 1.783275175592584e+18, 1.783275175742584e+18, 1.783275177356584e+18, 1.783275177343584e+18, 1.783275177627584e+18, 1.783275178544584e+18], 'frequencies': [2412, 2437, 2462, 5500, 5320, 5540, 5660]}
28 61 1783275180101716207
{'names': ['NU-AP06167', 'NU-AP06164', 'NU-AP06163', 'NU-AP06163', 'NU-AP06162', 'NU-AP06164', 'NU-AP06167'], 'addresses': ['48:00:b3:5e:0b:e0', '48:00:b3:5f:72:e0', '48:00:b3:5f:46:a0', '48:00:b3:5f:46:ad', '48:00:b3:5a:90:8f', '48:00:b3:5f:72:ef', '48:00:b3:5e:0b:ef'], 'ssids': ['iotroam', 'iotroam', 'iotroam', 'VU-Campusnet', 'iotroam', 'iotroam', 'iotroam'], 'signals': [-67, -53, -51, -60, -72, -68, -81], 'timestamps': [1.783275179892584e+18, 1.7832751800387162e+18, 1.783275175742584e+18, 1.783275177356584e+18, 1.783275177343584e+18, 1.783275177627584e+18, 1.783275178544584e+18], 'frequencies': [2412, 2437, 2462, 5500, 5320, 5540, 5660]}
30 61 1783275180234211768
{'names': ['NU-AP06167', 'NU-AP06164', 'NU-AP06163', 'NU-AP06163', 'NU-AP06162', 'NU-AP06164', 'NU-AP06167'], 'addresses': ['48:00:b3:5e:0b:e0', '48:00:b3:5f:72:e0', '48:00:b3:5f:46:a0', '48:00:b3:5f:46:ad', '48:00:b3:5a:90:8f', '48:00:b3:5f:72:ef', '48:00:b3:5e:0b:ef'], 'ssids': ['iotroam', 'iotroam', 'iotroam', 'VU-Campusnet', 'iotroam', 'iotroam', 'iotroam'], 'signals': [-67, -53, -52, -60, -72, -68, -81], 'timestamps': [1.783275179892584e+18, 1.7832751800392118e+18, 1.7832751802022118e+18, 1.783275177356584e+18, 1.783275177343584e+18, 1.783275177627584e+18, 1.783275178544584e+18], 'frequencies': [2412, 2437, 2462, 5500, 5320, 5540, 5660]}
33 65 1783275180361444455
{'names': ['NU-AP06167', 'NU-AP06164', 'NU-AP06163', 'NU-AP06163', 'NU-AP06162', 'NU-AP06164', 'NU-AP06167'], 'addresses': ['48:00:b3:5e:0b:e0', '48:00:b3:5f:72:e0', '48:00:b3:5f:46:a0', '48:00:b3:5f:46:ad', '48:00:b3:5a:90:8f', '48:00:b3:5f:72:ef', '48:00:b3:5e:0b:ef'], 'ssids': ['iotroam', 'iotroam', 'iotroam', 'VU-Campusnet', 'iotroam', 'iotroam', 'iotroam'], 'signals': [-67, -53, -52, -60, -72, -68, -81], 'timestamps': [1.7832751798994442e+18, 1.7832751800464443e+18, 1.7832751802094444e+18, 1.7832751773634442e+18, 1.7832751773504443e+18, 1.7832751776344443e+18, 1.7832751785514445e+18], 'frequencies': [2412, 2437, 2462, 5500, 5320, 5540, 5660]}
33 67 1783275181768494329
{'names': ['NU-AP06167', 'NU-AP06164', 'NU-AP06163', 'NU-AP06163', 'NU-AP06162', 'NU-AP06164', 'NU-AP06167'], 'addresses': ['48:00:b3:5e:0b:e0', '48:00:b3:5f:72:e0', '48:00:b3:5f:46:a0', '48:00:b3:5f:46:ae', '48:00:b3:5a:90:8d', '48:00:b3:5f:72:ef', '48:00:b3:5e:0b:ef'], 'ssids': ['iotroam', 'iotroam', 'iotroam', 'eduroam', 'VU-Campusnet', 'iotroam', 'iotroam'], 'signals': [-67, -53, -52, -60, -74, -68, -81], 'timestamps': [1.7832751798994442e+18, 1.7832751800464443e+18, 1.7832751802094444e+18, 1.7832751817634944e+18, 1.7832751817214943e+18, 1.7832751776344443e+18, 1.7832751785514445e+18], 'frequencies': [2412, 2437, 2462, 5500, 5320, 5540, 5660]}
33 69 1783275181844701640
{'names': ['NU-AP06167', 'NU-AP06164', 'NU-AP06163', 'NU-AP06163', 'NU-AP06162', 'NU-AP06164', 'NU-AP06167'], 'addresses': ['48:00:b3:5e:0b:e0', '48:00:b3:5f:72:e0', '48:00:b3:5f:46:a0', '48:00:b3:5f:46:ae', '48:00:b3:5a:90:8d', '48:00:b3:5f:72:ef', '48:00:b3:5e:0b:ef'], 'ssids': ['iotroam', 'iotroam', 'iotroam', 'eduroam', 'VU-Campusnet', 'iotroam', 'iotroam'], 'signals': [-67, -53, -52, -60, -74, -68, -81], 'timestamps': [1.7832751798994442e+18, 1.7832751800464443e+18, 1.7832751802094444e+18, 1.7832751817647017e+18, 1.7832751817227018e+18, 1.7832751776344443e+18, 1.7832751785514445e+18], 'frequencies': [2412, 2437, 2462, 5500, 5320, 5540, 5660]}
33 71 1783275181998906885
{'names': ['NU-AP06167', 'NU-AP06164', 'NU-AP06163', 'NU-AP06163', 'NU-AP06162', 'NU-AP06164', 'NU-AP06167'], 'addresses': ['48:00:b3:5e:0b:e0', '48:00:b3:5f:72:e0', '48:00:b3:5f:46:a0', '48:00:b3:5f:46:ae', '48:00:b3:5a:90:8d', '48:00:b3:5f:72:ef', '48:00:b3:5e:0b:ef'], 'ssids': ['iotroam', 'iotroam', 'iotroam', 'eduroam', 'VU-Campusnet', 'iotroam', 'iotroam'], 'signals': [-67, -53, -52, -60, -74, -68, -81], 'timestamps': [1.7832751798994442e+18, 1.7832751800464443e+18, 1.7832751802094444e+18, 1.783275181764907e+18, 1.783275181722907e+18, 1.7832751776344443e+18, 1.7832751785514445e+18], 'frequencies': [2412, 2437, 2462, 5500, 5320, 5540, 5660]}
33 72 1783275182072736548
{'names': ['NU-AP06167', 'NU-AP06164', 'NU-AP06163', 'NU-AP06163', 'NU-AP06162', 'NU-AP06164', 'NU-AP06167'], 'addresses': ['48:00:b3:5e:0b:e0', '48:00:b3:5f:72:e0', '48:00:b3:5f:46:a0', '48:00:b3:5f:46:ae', '48:00:b3:5a:90:8d', '48:00:b3:5f:72:ef', '48:00:b3:5e:0b:ef'], 'ssids': ['iotroam', 'iotroam', 'iotroam', 'eduroam', 'VU-Campusnet', 'iotroam', 'iotroam'], 'signals': [-67, -53, -52, -60, -74, -67, -81], 'timestamps': [1.7832751798994442e+18, 1.7832751800464443e+18, 1.7832751802094444e+18, 1.783275181764907e+18, 1.783275181722907e+18, 1.7832751820277366e+18, 1.7832751785514445e+18], 'frequencies': [2412, 2437, 2462, 5500, 5320, 5540, 5660]}
33 73 1783275182144614655
{'names': ['NU-AP06167', 'NU-AP06164', 'NU-AP06163', 'NU-AP06163', 'NU-AP06162', 'NU-AP06164', 'NU-AP06167'], 'addresses': ['48:00:b3:5e:0b:e0', '48:00:b3:5f:72:e0', '48:00:b3:5f:46:a0', '48:00:b3:5f:46:ae', '48:00:b3:5a:90:8d', '48:00:b3:5f:72:ef', '48:00:b3:5e:0b:ef'], 'ssids': ['iotroam', 'iotroam', 'iotroam', 'eduroam', 'VU-Campusnet', 'iotroam', 'iotroam'], 'signals': [-67, -53, -52, -60, -74, -67, -81], 'timestamps': [1.7832751798994442e+18, 1.7832751800464443e+18, 1.7832751802094444e+18, 1.783275181764907e+18, 1.783275181722907e+18, 1.7832751820286147e+18, 1.7832751785514445e+18], 'frequencies': [2412, 2437, 2462, 5500, 5320, 5540, 5660]}
33 74 1783275182222734549
{'names': ['NU-AP06167', 'NU-AP06164', 'NU-AP06163', 'NU-AP06163', 'NU-AP06162', 'NU-AP06164', 'NU-AP06167'], 'addresses': ['48:00:b3:5e:0b:e0', '48:00:b3:5f:72:e0', '48:00:b3:5f:46:a0', '48:00:b3:5f:46:ae', '48:00:b3:5a:90:8d', '48:00:b3:5f:72:ef', '48:00:b3:5e:0b:ef'], 'ssids': ['iotroam', 'iotroam', 'iotroam', 'eduroam', 'VU-Campusnet', 'iotroam', 'iotroam'], 'signals': [-67, -53, -52, -60, -74, -67, -81], 'timestamps': [1.7832751798994442e+18, 1.7832751800464443e+18, 1.7832751802094444e+18, 1.783275181764907e+18, 1.783275181722907e+18, 1.7832751820287345e+18, 1.7832751785514445e+18], 'frequencies': [2412, 2437, 2462, 5500, 5320, 5540, 5660]}
33 77 1783275182366930140
{'names': ['NU-AP06167', 'NU-AP06164', 'NU-AP06163', 'NU-AP06163', 'NU-AP06162', 'NU-AP06164', 'NU-AP06167'], 'addresses': ['48:00:b3:5e:0b:e0', '48:00:b3:5f:72:e0', '48:00:b3:5f:46:a0', '48:00:b3:5f:46:ae', '48:00:b3:5a:90:8d', '48:00:b3:5f:72:ef', '48:00:b3:5e:0b:ef'], 'ssids': ['iotroam', 'iotroam', 'iotroam', 'eduroam', 'VU-Campusnet', 'iotroam', 'iotroam'], 'signals': [-67, -53, -52, -60, -74, -67, -81], 'timestamps': [1.7832751798994442e+18, 1.7832751800464443e+18, 1.7832751802094444e+18, 1.78327518176493e+18, 1.7832751817229302e+18, 1.78327518202893e+18, 1.7832751785514445e+18], 'frequencies': [2412, 2437, 2462, 5500, 5320, 5540, 5660]}
1 1 1783275256551403875
{'names': ['NU-AP06167'], 'addresses': ['48:00:b3:5e:0b:e0'], 'ssids': ['iotroam'], 'signals': [-66], 'timestamps': [1.7832752565434038e+18], 'frequencies': [2412]}
1 2 1783275256597205207
{'names': ['NU-AP06167'], 'addresses': ['48:00:b3:5e:0b:e0'], 'ssids': ['iotroam'], 'signals': [-66], 'timestamps': [1.7832752565434038e+18], 'frequencies': [2412]}
1 3 1783275256642319770
{'names': ['NU-AP06167'], 'addresses': ['48:00:b3:5e:0b:e0'], 'ssids': ['iotroam'], 'signals': [-66], 'timestamps': [1.7832752565434038e+18], 'frequencies': [2412]}
1 4 1783275256685852340
{'names': ['NU-AP06167'], 'addresses': ['48:00:b3:5e:0b:e0'], 'ssids': ['iotroam'], 'signals': [-66], 'timestamps': [1.7832752565434038e+18], 'frequencies': [2412]}
4 5 1783275256733843695
{'names': ['NU-AP06167', 'NU-AP06162', 'NU-AP06164'], 'addresses': ['48:00:b3:5e:0b:e0', '48:00:b3:5a:90:80', '48:00:b3:5f:72:e0'], 'ssids': ['iotroam', 'iotroam', 'iotroam'], 'signals': [-66, -71, -54], 'timestamps': [1.7832752565438438e+18, 1.7832752566988436e+18, 1.7832752566908436e+18], 'frequencies': [2412, 2437, 2437]}
6 6 1783275256785212627
{'names': ['NU-AP06167', 'NU-AP06162', 'NU-AP06164'], 'addresses': ['48:00:b3:5e:0b:e0', '48:00:b3:5a:90:80', '48:00:b3:5f:72:e0'], 'ssids': ['iotroam', 'iotroam', 'iotroam'], 'signals': [-66, -71, -54], 'timestamps': [1.7832752565438438e+18, 1.7832752566992128e+18, 1.7832752566912128e+18], 'frequencies': [2412, 2437, 2437]}
6 7 1783275256835566424
{'names': ['NU-AP06167', 'NU-AP06162', 'NU-AP06164'], 'addresses': ['48:00:b3:5e:0b:e0', '48:00:b3:5a:90:80', '48:00:b3:5f:72:e0'], 'ssids': ['iotroam', 'iotroam', 'iotroam'], 'signals': [-66, -71, -54], 'timestamps': [1.7832752565438438e+18, 1.7832752566992128e+18, 1.7832752566912128e+18], 'frequencies': [2412, 2437, 2437]}
7 8 1783275256884149815
{'names': ['NU-AP06167', 'NU-AP06162', 'NU-AP06164', 'NU-AP06163'], 'addresses': ['48:00:b3:5e:0b:e0', '48:00:b3:5a:90:80', '48:00:b3:5f:72:e0', '48:00:b3:5f:46:a0'], 'ssids': ['iotroam', 'iotroam', 'iotroam', 'iotroam'], 'signals': [-66, -71, -54, -50], 'timestamps': [1.7832752565438438e+18, 1.7832752566992128e+18, 1.7832752566912128e+18, 1.7832752568431498e+18], 'frequencies': [2412, 2437, 2437, 2462]}
9 9 1783275256936415489
{'names': ['NU-AP06167', 'NU-AP06162', 'NU-AP06164', 'NU-AP06163'], 'addresses': ['48:00:b3:5e:0b:e0', '48:00:b3:5a:90:80', '48:00:b3:5f:72:e0', '48:00:b3:5f:46:a0'], 'ssids': ['iotroam', 'iotroam', 'iotroam', 'iotroam'], 'signals': [-66, -71, -54, -50], 'timestamps': [1.7832752565438438e+18, 1.7832752566994156e+18, 1.7832752566914156e+18, 1.7832752568431498e+18], 'frequencies': [2412, 2437, 2437, 2462]}
9 10 1783275256985731234
{'names': ['NU-AP06167', 'NU-AP06162', 'NU-AP06164', 'NU-AP06163'], 'addresses': ['48:00:b3:5e:0b:e0', '48:00:b3:5a:90:80', '48:00:b3:5f:72:e0', '48:00:b3:5f:46:a0'], 'ssids': ['iotroam', 'iotroam', 'iotroam', 'iotroam'], 'signals': [-66, -71, -54, -50], 'timestamps': [1.7832752565438438e+18, 1.7832752566994156e+18, 1.7832752566914156e+18, 1.7832752568431498e+18], 'frequencies': [2412, 2437, 2437, 2462]}
9 11 1783275257038815345
{'names': ['NU-AP06167', 'NU-AP06162', 'NU-AP06164', 'NU-AP06163'], 'addresses': ['48:00:b3:5e:0b:e0', '48:00:b3:5a:90:80', '48:00:b3:5f:72:e0', '48:00:b3:5f:46:a0'], 'ssids': ['iotroam', 'iotroam', 'iotroam', 'iotroam'], 'signals': [-66, -71, -54, -50], 'timestamps': [1.7832752565438438e+18, 1.7832752566994156e+18, 1.7832752566914156e+18, 1.7832752568431498e+18], 'frequencies': [2412, 2437, 2437, 2462]}
9 12 1783275257090019829
{'names': ['NU-AP06167', 'NU-AP06162', 'NU-AP06164', 'NU-AP06163'], 'addresses': ['48:00:b3:5e:0b:e0', '48:00:b3:5a:90:80', '48:00:b3:5f:72:e0', '48:00:b3:5f:46:a0'], 'ssids': ['iotroam', 'iotroam', 'iotroam', 'iotroam'], 'signals': [-66, -71, -54, -50], 'timestamps': [1.7832752565438438e+18, 1.7832752566994156e+18, 1.7832752566914156e+18, 1.7832752568431498e+18], 'frequencies': [2412, 2437, 2437, 2462]}
9 13 1783275257140787633
{'names': ['NU-AP06167', 'NU-AP06162', 'NU-AP06164', 'NU-AP06163'], 'addresses': ['48:00:b3:5e:0b:e0', '48:00:b3:5a:90:80', '48:00:b3:5f:72:e0', '48:00:b3:5f:46:a0'], 'ssids': ['iotroam', 'iotroam', 'iotroam', 'iotroam'], 'signals': [-66, -71, -54, -50], 'timestamps': [1.7832752565438438e+18, 1.7832752566994156e+18, 1.7832752566914156e+18, 1.7832752568431498e+18], 'frequencies': [2412, 2437, 2437, 2462]}
13 14 1783275257191099763
{'names': ['NU-AP06167', 'NU-AP06162', 'NU-AP06164', 'NU-AP06163'], 'addresses': ['48:00:b3:5e:0b:e0', '48:00:b3:5a:90:80', '48:00:b3:5f:72:e0', '48:00:b3:5f:46:a0'], 'ssids': ['iotroam', 'iotroam', 'iotroam', 'iotroam'], 'signals': [-66, -71, -54, -50], 'timestamps': [1.7832752565440996e+18, 1.7832752567000996e+18, 1.7832752566920996e+18, 1.7832752568440996e+18], 'frequencies': [2412, 2437, 2437, 2462]}
13 15 1783275257243987385
{'names': ['NU-AP06167', 'NU-AP06162', 'NU-AP06164', 'NU-AP06163'], 'addresses': ['48:00:b3:5e:0b:e0', '48:00:b3:5a:90:80', '48:00:b3:5f:72:e0', '48:00:b3:5f:46:a0'], 'ssids': ['iotroam', 'iotroam', 'iotroam', 'iotroam'], 'signals': [-66, -71, -54, -50], 'timestamps': [1.7832752565440996e+18, 1.7832752567000996e+18, 1.7832752566920996e+18, 1.7832752568440996e+18], 'frequencies': [2412, 2437, 2437, 2462]}
13 16 1783275257295665805
{'names': ['NU-AP06167', 'NU-AP06162', 'NU-AP06164', 'NU-AP06163'], 'addresses': ['48:00:b3:5e:0b:e0', '48:00:b3:5a:90:80', '48:00:b3:5f:72:e0', '48:00:b3:5f:46:a0'], 'ssids': ['iotroam', 'iotroam', 'iotroam', 'iotroam'], 'signals': [-66, -71, -54, -50], 'timestamps': [1.7832752565440996e+18, 1.7832752567000996e+18, 1.7832752566920996e+18, 1.7832752568440996e+18], 'frequencies': [2412, 2437, 2437, 2462]}
13 17 1783275257345674087
{'names': ['NU-AP06167', 'NU-AP06162', 'NU-AP06164', 'NU-AP06163'], 'addresses': ['48:00:b3:5e:0b:e0', '48:00:b3:5a:90:80', '48:00:b3:5f:72:e0', '48:00:b3:5f:46:a0'], 'ssids': ['iotroam', 'iotroam', 'iotroam', 'iotroam'], 'signals': [-66, -71, -54, -50], 'timestamps': [1.7832752565440996e+18, 1.7832752567000996e+18, 1.7832752566920996e+18, 1.7832752568440996e+18], 'frequencies': [2412, 2437, 2437, 2462]}
17 18 1783275257411943380
{'names': ['NU-AP06167', 'NU-AP06162', 'NU-AP06164', 'NU-AP06163'], 'addresses': ['48:00:b3:5e:0b:e0', '48:00:b3:5a:90:80', '48:00:b3:5f:72:e0', '48:00:b3:5f:46:a0'], 'ssids': ['iotroam', 'iotroam', 'iotroam', 'iotroam'], 'signals': [-66, -71, -54, -50], 'timestamps': [1.7832752565449434e+18, 1.7832752567009434e+18, 1.7832752566929434e+18, 1.7832752568449434e+18], 'frequencies': [2412, 2437, 2437, 2462]}
17 19 1783275257506852664
{'names': ['NU-AP06167', 'NU-AP06162', 'NU-AP06164', 'NU-AP06163'], 'addresses': ['48:00:b3:5e:0b:e0', '48:00:b3:5a:90:80', '48:00:b3:5f:72:e0', '48:00:b3:5f:46:a0'], 'ssids': ['iotroam', 'iotroam', 'iotroam', 'iotroam'], 'signals': [-66, -71, -54, -50], 'timestamps': [1.7832752565449434e+18, 1.7832752567009434e+18, 1.7832752566929434e+18, 1.7832752568449434e+18], 'frequencies': [2412, 2437, 2437, 2462]}
17 20 1783275257570405066
{'names': ['NU-AP06167', 'NU-AP06162', 'NU-AP06164', 'NU-AP06163'], 'addresses': ['48:00:b3:5e:0b:e0', '48:00:b3:5a:90:80', '48:00:b3:5f:72:e0', '48:00:b3:5f:46:a0'], 'ssids': ['iotroam', 'iotroam', 'iotroam', 'iotroam'], 'signals': [-66, -71, -54, -50], 'timestamps': [1.7832752565449434e+18, 1.7832752567009434e+18, 1.7832752566929434e+18, 1.7832752568449434e+18], 'frequencies': [2412, 2437, 2437, 2462]}
17 21 1783275257621785417
{'names': ['NU-AP06167', 'NU-AP06162', 'NU-AP06164', 'NU-AP06163'], 'addresses': ['48:00:b3:5e:0b:e0', '48:00:b3:5a:90:80', '48:00:b3:5f:72:e0', '48:00:b3:5f:46:a0'], 'ssids': ['iotroam', 'iotroam', 'iotroam', 'iotroam'], 'signals': [-66, -71, -54, -50], 'timestamps': [1.7832752565449434e+18, 1.7832752567009434e+18, 1.7832752566929434e+18, 1.7832752568449434e+18], 'frequencies': [2412, 2437, 2437, 2462]}
17 22 1783275257672664184
{'names': ['NU-AP06167', 'NU-AP06162', 'NU-AP06164', 'NU-AP06163'], 'addresses': ['48:00:b3:5e:0b:e0', '48:00:b3:5a:90:80', '48:00:b3:5f:72:e0', '48:00:b3:5f:46:a0'], 'ssids': ['iotroam', 'iotroam', 'iotroam', 'iotroam'], 'signals': [-66, -71, -54, -50], 'timestamps': [1.7832752565449434e+18, 1.7832752567009434e+18, 1.7832752566929434e+18, 1.7832752568449434e+18], 'frequencies': [2412, 2437, 2437, 2462]}
17 23 1783275257722593158
{'names': ['NU-AP06167', 'NU-AP06162', 'NU-AP06164', 'NU-AP06163'], 'addresses': ['48:00:b3:5e:0b:e0', '48:00:b3:5a:90:80', '48:00:b3:5f:72:e0', '48:00:b3:5f:46:a0'], 'ssids': ['iotroam', 'iotroam', 'iotroam', 'iotroam'], 'signals': [-66, -71, -54, -50], 'timestamps': [1.7832752565449434e+18, 1.7832752567009434e+18, 1.7832752566929434e+18, 1.7832752568449434e+18], 'frequencies': [2412, 2437, 2437, 2462]}
17 24 1783275257773496739
{'names': ['NU-AP06167', 'NU-AP06162', 'NU-AP06164', 'NU-AP06163'], 'addresses': ['48:00:b3:5e:0b:e0', '48:00:b3:5a:90:80', '48:00:b3:5f:72:e0', '48:00:b3:5f:46:a0'], 'ssids': ['iotroam', 'iotroam', 'iotroam', 'iotroam'], 'signals': [-66, -71, -54, -50], 'timestamps': [1.7832752565449434e+18, 1.7832752567009434e+18, 1.7832752566929434e+18, 1.7832752568449434e+18], 'frequencies': [2412, 2437, 2437, 2462]}
17 25 1783275257824027594
{'names': ['NU-AP06167', 'NU-AP06162', 'NU-AP06164', 'NU-AP06163'], 'addresses': ['48:00:b3:5e:0b:e0', '48:00:b3:5a:90:80', '48:00:b3:5f:72:e0', '48:00:b3:5f:46:a0'], 'ssids': ['iotroam', 'iotroam', 'iotroam', 'iotroam'], 'signals': [-66, -71, -54, -50], 'timestamps': [1.7832752565449434e+18, 1.7832752567009434e+18, 1.7832752566929434e+18, 1.7832752568449434e+18], 'frequencies': [2412, 2437, 2437, 2462]}
17 26 1783275257873540352
{'names': ['NU-AP06167', 'NU-AP06162', 'NU-AP06164', 'NU-AP06163'], 'addresses': ['48:00:b3:5e:0b:e0', '48:00:b3:5a:90:80', '48:00:b3:5f:72:e0', '48:00:b3:5f:46:a0'], 'ssids': ['iotroam', 'iotroam', 'iotroam', 'iotroam'], 'signals': [-66, -71, -54, -50], 'timestamps': [1.7832752565449434e+18, 1.7832752567009434e+18, 1.7832752566929434e+18, 1.7832752568449434e+18], 'frequencies': [2412, 2437, 2437, 2462]}
17 27 1783275257923969167
{'names': ['NU-AP06167', 'NU-AP06162', 'NU-AP06164', 'NU-AP06163'], 'addresses': ['48:00:b3:5e:0b:e0', '48:00:b3:5a:90:80', '48:00:b3:5f:72:e0', '48:00:b3:5f:46:a0'], 'ssids': ['iotroam', 'iotroam', 'iotroam', 'iotroam'], 'signals': [-66, -71, -54, -50], 'timestamps': [1.7832752565449434e+18, 1.7832752567009434e+18, 1.7832752566929434e+18, 1.7832752568449434e+18], 'frequencies': [2412, 2437, 2437, 2462]}
17 28 1783275257973571619
{'names': ['NU-AP06167', 'NU-AP06162', 'NU-AP06164', 'NU-AP06163'], 'addresses': ['48:00:b3:5e:0b:e0', '48:00:b3:5a:90:80', '48:00:b3:5f:72:e0', '48:00:b3:5f:46:a0'], 'ssids': ['iotroam', 'iotroam', 'iotroam', 'iotroam'], 'signals': [-66, -71, -54, -50], 'timestamps': [1.7832752565449434e+18, 1.7832752567009434e+18, 1.7832752566929434e+18, 1.7832752568449434e+18], 'frequencies': [2412, 2437, 2437, 2462]}
17 29 1783275258023548701
{'names': ['NU-AP06167', 'NU-AP06162', 'NU-AP06164', 'NU-AP06163'], 'addresses': ['48:00:b3:5e:0b:e0', '48:00:b3:5a:90:80', '48:00:b3:5f:72:e0', '48:00:b3:5f:46:a0'], 'ssids': ['iotroam', 'iotroam', 'iotroam', 'iotroam'], 'signals': [-66, -71, -54, -50], 'timestamps': [1.7832752565449434e+18, 1.7832752567009434e+18, 1.7832752566929434e+18, 1.7832752568449434e+18], 'frequencies': [2412, 2437, 2437, 2462]}
17 30 1783275258074105528
{'names': ['NU-AP06167', 'NU-AP06162', 'NU-AP06164', 'NU-AP06163'], 'addresses': ['48:00:b3:5e:0b:e0', '48:00:b3:5a:90:80', '48:00:b3:5f:72:e0', '48:00:b3:5f:46:a0'], 'ssids': ['iotroam', 'iotroam', 'iotroam', 'iotroam'], 'signals': [-66, -71, -54, -50], 'timestamps': [1.7832752565449434e+18, 1.7832752567009434e+18, 1.7832752566929434e+18, 1.7832752568449434e+18], 'frequencies': [2412, 2437, 2437, 2462]}
17 31 1783275258125082874
{'names': ['NU-AP06167', 'NU-AP06162', 'NU-AP06164', 'NU-AP06163'], 'addresses': ['48:00:b3:5e:0b:e0', '48:00:b3:5a:90:80', '48:00:b3:5f:72:e0', '48:00:b3:5f:46:a0'], 'ssids': ['iotroam', 'iotroam', 'iotroam', 'iotroam'], 'signals': [-66, -71, -54, -50], 'timestamps': [1.7832752565449434e+18, 1.7832752567009434e+18, 1.7832752566929434e+18, 1.7832752568449434e+18], 'frequencies': [2412, 2437, 2437, 2462]}
17 32 1783275258176291681
{'names': ['NU-AP06167', 'NU-AP06162', 'NU-AP06164', 'NU-AP06163'], 'addresses': ['48:00:b3:5e:0b:e0', '48:00:b3:5a:90:80', '48:00:b3:5f:72:e0', '48:00:b3:5f:46:a0'], 'ssids': ['iotroam', 'iotroam', 'iotroam', 'iotroam'], 'signals': [-66, -71, -54, -50], 'timestamps': [1.7832752565449434e+18, 1.7832752567009434e+18, 1.7832752566929434e+18, 1.7832752568449434e+18], 'frequencies': [2412, 2437, 2437, 2462]}
17 33 1783275258225419096
{'names': ['NU-AP06167', 'NU-AP06162', 'NU-AP06164', 'NU-AP06163'], 'addresses': ['48:00:b3:5e:0b:e0', '48:00:b3:5a:90:80', '48:00:b3:5f:72:e0', '48:00:b3:5f:46:a0'], 'ssids': ['iotroam', 'iotroam', 'iotroam', 'iotroam'], 'signals': [-66, -71, -54, -50], 'timestamps': [1.7832752565449434e+18, 1.7832752567009434e+18, 1.7832752566929434e+18, 1.7832752568449434e+18], 'frequencies': [2412, 2437, 2437, 2462]}
17 34 1783275258275712982
{'names': ['NU-AP06167', 'NU-AP06162', 'NU-AP06164', 'NU-AP06163'], 'addresses': ['48:00:b3:5e:0b:e0', '48:00:b3:5a:90:80', '48:00:b3:5f:72:e0', '48:00:b3:5f:46:a0'], 'ssids': ['iotroam', 'iotroam', 'iotroam', 'iotroam'], 'signals': [-66, -71, -54, -50], 'timestamps': [1.7832752565449434e+18, 1.7832752567009434e+18, 1.7832752566929434e+18, 1.7832752568449434e+18], 'frequencies': [2412, 2437, 2437, 2462]}
17 35 1783275258325230718
{'names': ['NU-AP06167', 'NU-AP06162', 'NU-AP06164', 'NU-AP06163'], 'addresses': ['48:00:b3:5e:0b:e0', '48:00:b3:5a:90:80', '48:00:b3:5f:72:e0', '48:00:b3:5f:46:a0'], 'ssids': ['iotroam', 'iotroam', 'iotroam', 'iotroam'], 'signals': [-66, -71, -54, -50], 'timestamps': [1.7832752565449434e+18, 1.7832752567009434e+18, 1.7832752566929434e+18, 1.7832752568449434e+18], 'frequencies': [2412, 2437, 2437, 2462]}
17 36 1783275258375543399
{'names': ['NU-AP06167', 'NU-AP06162', 'NU-AP06164', 'NU-AP06163'], 'addresses': ['48:00:b3:5e:0b:e0', '48:00:b3:5a:90:80', '48:00:b3:5f:72:e0', '48:00:b3:5f:46:a0'], 'ssids': ['iotroam', 'iotroam', 'iotroam', 'iotroam'], 'signals': [-66, -71, -54, -50], 'timestamps': [1.7832752565449434e+18, 1.7832752567009434e+18, 1.7832752566929434e+18, 1.7832752568449434e+18], 'frequencies': [2412, 2437, 2437, 2462]}
17 37 1783275258425672636
{'names': ['NU-AP06167', 'NU-AP06162', 'NU-AP06164', 'NU-AP06163'], 'addresses': ['48:00:b3:5e:0b:e0', '48:00:b3:5a:90:80', '48:00:b3:5f:72:e0', '48:00:b3:5f:46:a0'], 'ssids': ['iotroam', 'iotroam', 'iotroam', 'iotroam'], 'signals': [-66, -71, -54, -50], 'timestamps': [1.7832752565449434e+18, 1.7832752567009434e+18, 1.7832752566929434e+18, 1.7832752568449434e+18], 'frequencies': [2412, 2437, 2437, 2462]}
17 39 1783275258475033680
{'names': ['NU-AP06167', 'NU-AP06162', 'NU-AP06164', 'NU-AP06163', 'NU-AP06163', 'NU-AP06162'], 'addresses': ['48:00:b3:5e:0b:e0', '48:00:b3:5a:90:80', '48:00:b3:5f:72:e0', '48:00:b3:5f:46:a0', '48:00:b3:5f:46:ad', '48:00:b3:5a:90:8f'], 'ssids': ['iotroam', 'iotroam', 'iotroam', 'iotroam', 'VU-Campusnet', 'iotroam'], 'signals': [-66, -71, -54, -50, -61, -74], 'timestamps': [1.7832752565449434e+18, 1.7832752567009434e+18, 1.7832752566929434e+18, 1.7832752568449434e+18, 1.7832752584560335e+18, 1.7832752584420337e+18], 'frequencies': [2412, 2437, 2437, 2462, 5500, 5320]}
17 41 1783275258533248667
{'names': ['NU-AP06167', 'NU-AP06162', 'NU-AP06164', 'NU-AP06163', 'NU-AP06163', 'NU-AP06162'], 'addresses': ['48:00:b3:5e:0b:e0', '48:00:b3:5a:90:80', '48:00:b3:5f:72:e0', '48:00:b3:5f:46:a0', '48:00:b3:5f:46:ad', '48:00:b3:5a:90:8f'], 'ssids': ['iotroam', 'iotroam', 'iotroam', 'iotroam', 'VU-Campusnet', 'iotroam'], 'signals': [-66, -71, -54, -50, -61, -74], 'timestamps': [1.7832752565449434e+18, 1.7832752567009434e+18, 1.7832752566929434e+18, 1.7832752568449434e+18, 1.7832752584562488e+18, 1.7832752584422487e+18], 'frequencies': [2412, 2437, 2437, 2462, 5500, 5320]}
17 43 1783275258592908795
{'names': ['NU-AP06167', 'NU-AP06162', 'NU-AP06164', 'NU-AP06163', 'NU-AP06163', 'NU-AP06162'], 'addresses': ['48:00:b3:5e:0b:e0', '48:00:b3:5a:90:80', '48:00:b3:5f:72:e0', '48:00:b3:5f:46:a0', '48:00:b3:5f:46:ad', '48:00:b3:5a:90:8f'], 'ssids': ['iotroam', 'iotroam', 'iotroam', 'iotroam', 'VU-Campusnet', 'iotroam'], 'signals': [-66, -71, -54, -50, -61, -74], 'timestamps': [1.7832752565449434e+18, 1.7832752567009434e+18, 1.7832752566929434e+18, 1.7832752568449434e+18, 1.7832752584569088e+18, 1.7832752584429087e+18], 'frequencies': [2412, 2437, 2437, 2462, 5500, 5320]}
17 45 1783275258652194890
{'names': ['NU-AP06167', 'NU-AP06162', 'NU-AP06164', 'NU-AP06163', 'NU-AP06163', 'NU-AP06162'], 'addresses': ['48:00:b3:5e:0b:e0', '48:00:b3:5a:90:80', '48:00:b3:5f:72:e0', '48:00:b3:5f:46:a0', '48:00:b3:5f:46:ad', '48:00:b3:5a:90:8f'], 'ssids': ['iotroam', 'iotroam', 'iotroam', 'iotroam', 'VU-Campusnet', 'iotroam'], 'signals': [-66, -71, -54, -50, -61, -74], 'timestamps': [1.7832752565449434e+18, 1.7832752567009434e+18, 1.7832752566929434e+18, 1.7832752568449434e+18, 1.7832752584571948e+18, 1.783275258443195e+18], 'frequencies': [2412, 2437, 2437, 2462, 5500, 5320]}
17 48 1783275258770376918
{'names': ['NU-AP06167', 'NU-AP06162', 'NU-AP06164', 'NU-AP06163', 'NU-AP06163', 'NU-AP06162', 'NU-AP06164'], 'addresses': ['48:00:b3:5e:0b:e0', '48:00:b3:5a:90:80', '48:00:b3:5f:72:e0', '48:00:b3:5f:46:a0', '48:00:b3:5f:46:ad', '48:00:b3:5a:90:8f', '48:00:b3:5f:72:ee'], 'ssids': ['iotroam', 'iotroam', 'iotroam', 'iotroam', 'VU-Campusnet', 'iotroam', 'eduroam'], 'signals': [-66, -71, -54, -50, -61, -74, -66], 'timestamps': [1.7832752565449434e+18, 1.7832752567009434e+18, 1.7832752566929434e+18, 1.7832752568449434e+18, 1.783275258457377e+18, 1.783275258443377e+18, 1.7832752587283768e+18], 'frequencies': [2412, 2437, 2437, 2462, 5500, 5320, 5540]}
17 49 1783275259670931641
{'names': ['NU-AP06167', 'NU-AP06162', 'NU-AP06164', 'NU-AP06163', 'NU-AP06163', 'NU-AP06162', 'NU-AP06164', 'NU-AP06167'], 'addresses': ['48:00:b3:5e:0b:e0', '48:00:b3:5a:90:80', '48:00:b3:5f:72:e0', '48:00:b3:5f:46:a0', '48:00:b3:5f:46:ad', '48:00:b3:5a:90:8f', '48:00:b3:5f:72:ee', '48:00:b3:5e:0b:ee'], 'ssids': ['iotroam', 'iotroam', 'iotroam', 'iotroam', 'VU-Campusnet', 'iotroam', 'eduroam', 'eduroam'], 'signals': [-66, -71, -54, -50, -61, -74, -66, -78], 'timestamps': [1.7832752565449434e+18, 1.7832752567009434e+18, 1.7832752566929434e+18, 1.7832752568449434e+18, 1.783275258457377e+18, 1.783275258443377e+18, 1.7832752587283768e+18, 1.7832752596479316e+18], 'frequencies': [2412, 2437, 2437, 2462, 5500, 5320, 5540, 5660]}
17 50 1783275259995094140
{'names': ['NU-AP06167', 'NU-AP06162', 'NU-AP06164', 'NU-AP06163', 'NU-AP06163', 'NU-AP06162', 'NU-AP06164', 'NU-AP06167'], 'addresses': ['48:00:b3:5e:0b:e0', '48:00:b3:5a:90:80', '48:00:b3:5f:72:e0', '48:00:b3:5f:46:a0', '48:00:b3:5f:46:ad', '48:00:b3:5a:90:8f', '48:00:b3:5f:72:ee', '48:00:b3:5e:0b:ee'], 'ssids': ['iotroam', 'iotroam', 'iotroam', 'iotroam', 'VU-Campusnet', 'iotroam', 'eduroam', 'eduroam'], 'signals': [-66, -71, -54, -50, -61, -74, -66, -78], 'timestamps': [1.7832752565449434e+18, 1.7832752567009434e+18, 1.7832752566929434e+18, 1.7832752568449434e+18, 1.783275258457377e+18, 1.783275258443377e+18, 1.7832752587283768e+18, 1.783275259648094e+18], 'frequencies': [2412, 2437, 2437, 2462, 5500, 5320, 5540, 5660]}
17 51 1783275260533685168
{'names': ['NU-AP06167', 'NU-AP06162', 'NU-AP06164', 'NU-AP06163', 'NU-AP06163', 'NU-AP06162', 'NU-AP06164', 'NU-AP06167'], 'addresses': ['48:00:b3:5e:0b:e0', '48:00:b3:5a:90:80', '48:00:b3:5f:72:e0', '48:00:b3:5f:46:a0', '48:00:b3:5f:46:ad', '48:00:b3:5a:90:8f', '48:00:b3:5f:72:ee', '48:00:b3:5e:0b:ee'], 'ssids': ['iotroam', 'iotroam', 'iotroam', 'iotroam', 'VU-Campusnet', 'iotroam', 'eduroam', 'eduroam'], 'signals': [-66, -71, -54, -50, -61, -74, -66, -78], 'timestamps': [1.7832752565449434e+18, 1.7832752567009434e+18, 1.7832752566929434e+18, 1.7832752568449434e+18, 1.783275258457377e+18, 1.7832752584436854e+18, 1.7832752587283768e+18, 1.783275259648094e+18], 'frequencies': [2412, 2437, 2437, 2462, 5500, 5320, 5540, 5660]}
17 52 1783275260855224604
{'names': ['NU-AP06167', 'NU-AP06162', 'NU-AP06164', 'NU-AP06163', 'NU-AP06163', 'NU-AP06162', 'NU-AP06164', 'NU-AP06167'], 'addresses': ['48:00:b3:5e:0b:e0', '48:00:b3:5a:90:80', '48:00:b3:5f:72:e0', '48:00:b3:5f:46:a0', '48:00:b3:5f:46:ad', '48:00:b3:5a:90:8f', '48:00:b3:5f:72:ee', '48:00:b3:5e:0b:ee'], 'ssids': ['iotroam', 'iotroam', 'iotroam', 'iotroam', 'VU-Campusnet', 'iotroam', 'eduroam', 'eduroam'], 'signals': [-66, -71, -54, -50, -61, -74, -66, -78], 'timestamps': [1.7832752565449434e+18, 1.7832752567009434e+18, 1.7832752566929434e+18, 1.7832752568449434e+18, 1.783275258457377e+18, 1.7832752584436854e+18, 1.7832752587283768e+18, 1.7832752596482245e+18], 'frequencies': [2412, 2437, 2437, 2462, 5500, 5320, 5540, 5660]}
17 56 1783275260922792756
{'names': ['NU-AP06167', 'NU-AP06162', 'NU-AP06164', 'NU-AP06163', 'NU-AP06163', 'NU-AP06162', 'NU-AP06164', 'NU-AP06167'], 'addresses': ['48:00:b3:5e:0b:e0', '48:00:b3:5a:90:80', '48:00:b3:5f:72:e0', '48:00:b3:5f:46:a0', '48:00:b3:5f:46:ad', '48:00:b3:5a:90:8f', '48:00:b3:5f:72:ee', '48:00:b3:5e:0b:ee'], 'ssids': ['iotroam', 'iotroam', 'iotroam', 'iotroam', 'VU-Campusnet', 'iotroam', 'eduroam', 'eduroam'], 'signals': [-66, -71, -54, -50, -61, -74, -66, -78], 'timestamps': [1.7832752565449434e+18, 1.7832752567009434e+18, 1.7832752566929434e+18, 1.7832752568449434e+18, 1.7832752584577928e+18, 1.7832752584437926e+18, 1.7832752587287926e+18, 1.7832752596487926e+18], 'frequencies': [2412, 2437, 2437, 2462, 5500, 5320, 5540, 5660]}
18 56 1783275260998143272
{'names': ['NU-AP06167', 'NU-AP06162', 'NU-AP06164', 'NU-AP06163', 'NU-AP06163', 'NU-AP06162', 'NU-AP06164', 'NU-AP06167'], 'addresses': ['48:00:b3:5e:0b:e0', '48:00:b3:5a:90:80', '48:00:b3:5f:72:e0', '48:00:b3:5f:46:a0', '48:00:b3:5f:46:ad', '48:00:b3:5a:90:8f', '48:00:b3:5f:72:ee', '48:00:b3:5e:0b:ee'], 'ssids': ['iotroam', 'iotroam', 'iotroam', 'iotroam', 'VU-Campusnet', 'iotroam', 'eduroam', 'eduroam'], 'signals': [-66, -71, -54, -50, -61, -74, -66, -78], 'timestamps': [1.7832752609871432e+18, 1.7832752567009434e+18, 1.7832752566929434e+18, 1.7832752568449434e+18, 1.7832752584577928e+18, 1.7832752584437926e+18, 1.7832752587287926e+18, 1.7832752596487926e+18], 'frequencies': [2412, 2437, 2437, 2462, 5500, 5320, 5540, 5660]}
20 56 1783275261194355838
{'names': ['NU-AP06167', 'NU-AP06162', 'NU-AP06164', 'NU-AP06163', 'NU-AP06163', 'NU-AP06162', 'NU-AP06164', 'NU-AP06167'], 'addresses': ['48:00:b3:5e:0b:e0', '48:00:b3:5a:90:80', '48:00:b3:5f:72:e0', '48:00:b3:5f:46:a0', '48:00:b3:5f:46:ad', '48:00:b3:5a:90:8f', '48:00:b3:5f:72:ee', '48:00:b3:5e:0b:ee'], 'ssids': ['iotroam', 'iotroam', 'iotroam', 'iotroam', 'VU-Campusnet', 'iotroam', 'eduroam', 'eduroam'], 'signals': [-66, -71, -54, -50, -61, -74, -66, -78], 'timestamps': [1.7832752609873556e+18, 1.7832752567009434e+18, 1.7832752611343557e+18, 1.7832752568449434e+18, 1.7832752584577928e+18, 1.7832752584437926e+18, 1.7832752587287926e+18, 1.7832752596487926e+18], 'frequencies': [2412, 2437, 2437, 2462, 5500, 5320, 5540, 5660]}
21 56 1783275261325694966
{'names': ['NU-AP06167', 'NU-AP06162', 'NU-AP06164', 'NU-AP06163', 'NU-AP06163', 'NU-AP06162', 'NU-AP06164', 'NU-AP06167'], 'addresses': ['48:00:b3:5e:0b:e0', '48:00:b3:5a:90:80', '48:00:b3:5f:72:e0', '48:00:b3:5f:46:a0', '48:00:b3:5f:46:ad', '48:00:b3:5a:90:8f', '48:00:b3:5f:72:ee', '48:00:b3:5e:0b:ee'], 'ssids': ['iotroam', 'iotroam', 'iotroam', 'iotroam', 'VU-Campusnet', 'iotroam', 'eduroam', 'eduroam'], 'signals': [-66, -71, -54, -50, -61, -74, -66, -78], 'timestamps': [1.7832752609873556e+18, 1.7832752567009434e+18, 1.7832752611343557e+18, 1.783275261298695e+18, 1.7832752584577928e+18, 1.7832752584437926e+18, 1.7832752587287926e+18, 1.7832752596487926e+18], 'frequencies': [2412, 2437, 2437, 2462, 5500, 5320, 5540, 5660]}
22 56 1783275261393804018
{'names': ['NU-AP06167', 'NU-AP06162', 'NU-AP06164', 'NU-AP06163', 'NU-AP06163', 'NU-AP06162', 'NU-AP06164', 'NU-AP06167'], 'addresses': ['48:00:b3:5e:0b:e0', '48:00:b3:5a:90:80', '48:00:b3:5f:72:e0', '48:00:b3:5f:46:a0', '48:00:b3:5f:46:ad', '48:00:b3:5a:90:8f', '48:00:b3:5f:72:ee', '48:00:b3:5e:0b:ee'], 'ssids': ['iotroam', 'iotroam', 'iotroam', 'iotroam', 'VU-Campusnet', 'iotroam', 'eduroam', 'eduroam'], 'signals': [-66, -71, -54, -50, -61, -74, -66, -78], 'timestamps': [1.7832752609873556e+18, 1.7832752567009434e+18, 1.7832752611343557e+18, 1.783275261298804e+18, 1.7832752584577928e+18, 1.7832752584437926e+18, 1.7832752587287926e+18, 1.7832752596487926e+18], 'frequencies': [2412, 2437, 2437, 2462, 5500, 5320, 5540, 5660]}
23 56 1783275261462043991
{'names': ['NU-AP06167', 'NU-AP06162', 'NU-AP06164', 'NU-AP06163', 'NU-AP06163', 'NU-AP06162', 'NU-AP06164', 'NU-AP06167'], 'addresses': ['48:00:b3:5e:0b:e0', '48:00:b3:5a:90:80', '48:00:b3:5f:72:e0', '48:00:b3:5f:46:a0', '48:00:b3:5f:46:ad', '48:00:b3:5a:90:8f', '48:00:b3:5f:72:ee', '48:00:b3:5e:0b:ee'], 'ssids': ['iotroam', 'iotroam', 'iotroam', 'iotroam', 'VU-Campusnet', 'iotroam', 'eduroam', 'eduroam'], 'signals': [-66, -71, -54, -50, -61, -74, -66, -78], 'timestamps': [1.7832752609873556e+18, 1.7832752567009434e+18, 1.7832752611343557e+18, 1.7832752612990438e+18, 1.7832752584577928e+18, 1.7832752584437926e+18, 1.7832752587287926e+18, 1.7832752596487926e+18], 'frequencies': [2412, 2437, 2437, 2462, 5500, 5320, 5540, 5660]}
24 56 1783275261602296427
{'names': ['NU-AP06167', 'NU-AP06162', 'NU-AP06164', 'NU-AP06163', 'NU-AP06163', 'NU-AP06162', 'NU-AP06164', 'NU-AP06167'], 'addresses': ['48:00:b3:5e:0b:e0', '48:00:b3:5a:90:80', '48:00:b3:5f:72:e0', '48:00:b3:5f:46:a0', '48:00:b3:5f:46:ad', '48:00:b3:5a:90:8f', '48:00:b3:5f:72:ee', '48:00:b3:5e:0b:ee'], 'ssids': ['iotroam', 'iotroam', 'iotroam', 'iotroam', 'VU-Campusnet', 'iotroam', 'eduroam', 'eduroam'], 'signals': [-66, -71, -54, -50, -61, -74, -66, -78], 'timestamps': [1.7832752609873556e+18, 1.7832752567009434e+18, 1.7832752611343557e+18, 1.7832752612992963e+18, 1.7832752584577928e+18, 1.7832752584437926e+18, 1.7832752587287926e+18, 1.7832752596487926e+18], 'frequencies': [2412, 2437, 2437, 2462, 5500, 5320, 5540, 5660]}
27 56 1783275262053689739
{'names': ['NU-AP06167', 'NU-AP06162', 'NU-AP06164', 'NU-AP06163', 'NU-AP06163', 'NU-AP06162', 'NU-AP06164', 'NU-AP06167'], 'addresses': ['48:00:b3:5e:0b:e0', '48:00:b3:5a:90:80', '48:00:b3:5f:72:e0', '48:00:b3:5f:46:a0', '48:00:b3:5f:46:ad', '48:00:b3:5a:90:8f', '48:00:b3:5f:72:ee', '48:00:b3:5e:0b:ee'], 'ssids': ['iotroam', 'iotroam', 'iotroam', 'iotroam', 'VU-Campusnet', 'iotroam', 'eduroam', 'eduroam'], 'signals': [-66, -71, -54, -50, -61, -74, -66, -78], 'timestamps': [1.78327526098769e+18, 1.7832752567009434e+18, 1.7832752611346898e+18, 1.78327526129969e+18, 1.7832752584577928e+18, 1.7832752584437926e+18, 1.7832752587287926e+18, 1.7832752596487926e+18], 'frequencies': [2412, 2437, 2437, 2462, 5500, 5320, 5540, 5660]}
27 57 1783275262824488615
{'names': ['NU-AP06167', 'NU-AP06164', 'NU-AP06163', 'NU-AP06163', 'NU-AP06162', 'NU-AP06164', 'NU-AP06167'], 'addresses': ['48:00:b3:5e:0b:e0', '48:00:b3:5f:72:e0', '48:00:b3:5f:46:a0', '48:00:b3:5f:46:ad', '48:00:b3:5a:90:8f', '48:00:b3:5f:72:ee', '48:00:b3:5e:0b:ee'], 'ssids': ['iotroam', 'iotroam', 'iotroam', 'VU-Campusnet', 'iotroam', 'eduroam', 'eduroam'], 'signals': [-66, -54, -50, -61, -73, -66, -78], 'timestamps': [1.78327526098769e+18, 1.7832752611346898e+18, 1.78327526129969e+18, 1.7832752584577928e+18, 1.7832752628204887e+18, 1.7832752587287926e+18, 1.7832752596487926e+18], 'frequencies': [2412, 2437, 2462, 5500, 5320, 5540, 5660]}
28 59 1783275262891484039
{'names': ['NU-AP06167', 'NU-AP06164', 'NU-AP06163', 'NU-AP06163', 'NU-AP06162', 'NU-AP06164', 'NU-AP06167'], 'addresses': ['48:00:b3:5e:0b:e0', '48:00:b3:5f:72:e0', '48:00:b3:5f:46:a0', '48:00:b3:5f:46:ae', '48:00:b3:5a:90:8f', '48:00:b3:5f:72:ee', '48:00:b3:5e:0b:ee'], 'ssids': ['iotroam', 'iotroam', 'iotroam', 'eduroam', 'iotroam', 'eduroam', 'eduroam'], 'signals': [-66, -54, -50, -60, -73, -66, -78], 'timestamps': [1.78327526098769e+18, 1.7832752611346898e+18, 1.78327526129969e+18, 1.7832752628654843e+18, 1.783275262821484e+18, 1.7832752587287926e+18, 1.7832752596487926e+18], 'frequencies': [2412, 2437, 2462, 5500, 5320, 5540, 5660]}
29 61 1783275262959560499
{'names': ['NU-AP06167', 'NU-AP06164', 'NU-AP06163', 'NU-AP06163', 'NU-AP06162', 'NU-AP06164', 'NU-AP06167'], 'addresses': ['48:00:b3:5e:0b:e0', '48:00:b3:5f:72:e0', '48:00:b3:5f:46:a0', '48:00:b3:5f:46:ae', '48:00:b3:5a:90:8f', '48:00:b3:5f:72:ee', '48:00:b3:5e:0b:ee'], 'ssids': ['iotroam', 'iotroam', 'iotroam', 'eduroam', 'iotroam', 'eduroam', 'eduroam'], 'signals': [-66, -54, -50, -60, -73, -66, -78], 'timestamps': [1.78327526098769e+18, 1.7832752611346898e+18, 1.78327526129969e+18, 1.7832752628655606e+18, 1.7832752628215603e+18, 1.7832752587287926e+18, 1.7832752596487926e+18], 'frequencies': [2412, 2437, 2462, 5500, 5320, 5540, 5660]}
30 61 1783275263028175996
{'names': ['NU-AP06167', 'NU-AP06164', 'NU-AP06163', 'NU-AP06163', 'NU-AP06162', 'NU-AP06164', 'NU-AP06167'], 'addresses': ['48:00:b3:5e:0b:e0', '48:00:b3:5f:72:e0', '48:00:b3:5f:46:a0', '48:00:b3:5f:46:ae', '48:00:b3:5a:90:8f', '48:00:b3:5f:72:ee', '48:00:b3:5e:0b:ee'], 'ssids': ['iotroam', 'iotroam', 'iotroam', 'eduroam', 'iotroam', 'eduroam', 'eduroam'], 'signals': [-66, -54, -50, -60, -73, -66, -78], 'timestamps': [1.78327526098769e+18, 1.7832752611346898e+18, 1.78327526129969e+18, 1.7832752628655606e+18, 1.7832752628215603e+18, 1.7832752587287926e+18, 1.7832752596487926e+18], 'frequencies': [2412, 2437, 2462, 5500, 5320, 5540, 5660]}
31 61 1783275263096913102
{'names': ['NU-AP06167', 'NU-AP06164', 'NU-AP06163', 'NU-AP06163', 'NU-AP06162', 'NU-AP06164', 'NU-AP06167'], 'addresses': ['48:00:b3:5e:0b:e0', '48:00:b3:5f:72:e0', '48:00:b3:5f:46:a0', '48:00:b3:5f:46:ae', '48:00:b3:5a:90:8f', '48:00:b3:5f:72:ee', '48:00:b3:5e:0b:ee'], 'ssids': ['iotroam', 'iotroam', 'iotroam', 'eduroam', 'iotroam', 'eduroam', 'eduroam'], 'signals': [-66, -54, -50, -60, -73, -66, -78], 'timestamps': [1.78327526098769e+18, 1.7832752611346898e+18, 1.78327526129969e+18, 1.7832752628655606e+18, 1.7832752628215603e+18, 1.7832752587287926e+18, 1.7832752596487926e+18], 'frequencies': [2412, 2437, 2462, 5500, 5320, 5540, 5660]}
1 1 1783275298172317228
{'names': ['NU-AP06167'], 'addresses': ['48:00:b3:5e:0b:e0'], 'ssids': ['iotroam'], 'signals': [-67], 'timestamps': [1.7832752981643172e+18], 'frequencies': [2412]}
1 2 1783275298217605769
{'names': ['NU-AP06167'], 'addresses': ['48:00:b3:5e:0b:e0'], 'ssids': ['iotroam'], 'signals': [-67], 'timestamps': [1.7832752981643172e+18], 'frequencies': [2412]}
1 3 1783275298261122368
{'names': ['NU-AP06167'], 'addresses': ['48:00:b3:5e:0b:e0'], 'ssids': ['iotroam'], 'signals': [-67], 'timestamps': [1.7832752981643172e+18], 'frequencies': [2412]}
1 4 1783275298306142901
{'names': ['NU-AP06167'], 'addresses': ['48:00:b3:5e:0b:e0'], 'ssids': ['iotroam'], 'signals': [-67], 'timestamps': [1.7832752981643172e+18], 'frequencies': [2412]}
2 5 1783275298349532224
{'names': ['NU-AP06167', 'NU-AP06164'], 'addresses': ['48:00:b3:5e:0b:e0', '48:00:b3:5f:72:e0'], 'ssids': ['iotroam', 'iotroam'], 'signals': [-67, -54], 'timestamps': [1.7832752981643172e+18, 1.783275298310532e+18], 'frequencies': [2412, 2437]}
3 6 1783275298394673446
{'names': ['NU-AP06167', 'NU-AP06164'], 'addresses': ['48:00:b3:5e:0b:e0', '48:00:b3:5f:72:e0'], 'ssids': ['iotroam', 'iotroam'], 'signals': [-67, -54], 'timestamps': [1.7832752981643172e+18, 1.7832752983106734e+18], 'frequencies': [2412, 2437]}
4 7 1783275298442858346
{'names': ['NU-AP06167', 'NU-AP06164'], 'addresses': ['48:00:b3:5e:0b:e0', '48:00:b3:5f:72:e0'], 'ssids': ['iotroam', 'iotroam'], 'signals': [-67, -54], 'timestamps': [1.7832752981643172e+18, 1.7832752983108582e+18], 'frequencies': [2412, 2437]}
7 8 1783275298488339757
{'names': ['NU-AP06167', 'NU-AP06164', 'NU-AP06163'], 'addresses': ['48:00:b3:5e:0b:e0', '48:00:b3:5f:72:e0', '48:00:b3:5f:46:a0'], 'ssids': ['iotroam', 'iotroam', 'iotroam'], 'signals': [-67, -54, -51], 'timestamps': [1.7832752981643397e+18, 1.7832752983113398e+18, 1.7832752984693396e+18], 'frequencies': [2412, 2437, 2462]}
7 9 1783275298536184813
{'names': ['NU-AP06167', 'NU-AP06164', 'NU-AP06163'], 'addresses': ['48:00:b3:5e:0b:e0', '48:00:b3:5f:72:e0', '48:00:b3:5f:46:a0'], 'ssids': ['iotroam', 'iotroam', 'iotroam'], 'signals': [-67, -54, -51], 'timestamps': [1.7832752981643397e+18, 1.7832752983113398e+18, 1.7832752984693396e+18], 'frequencies': [2412, 2437, 2462]}
7 10 1783275298584711225
{'names': ['NU-AP06167', 'NU-AP06164', 'NU-AP06163'], 'addresses': ['48:00:b3:5e:0b:e0', '48:00:b3:5f:72:e0', '48:00:b3:5f:46:a0'], 'ssids': ['iotroam', 'iotroam', 'iotroam'], 'signals': [-67, -54, -51], 'timestamps': [1.7832752981643397e+18, 1.7832752983113398e+18, 1.7832752984693396e+18], 'frequencies': [2412, 2437, 2462]}
7 11 1783275298631260087
{'names': ['NU-AP06167', 'NU-AP06164', 'NU-AP06163'], 'addresses': ['48:00:b3:5e:0b:e0', '48:00:b3:5f:72:e0', '48:00:b3:5f:46:a0'], 'ssids': ['iotroam', 'iotroam', 'iotroam'], 'signals': [-67, -54, -51], 'timestamps': [1.7832752981643397e+18, 1.7832752983113398e+18, 1.7832752984693396e+18], 'frequencies': [2412, 2437, 2462]}
10 12 1783275298722286456
{'names': ['NU-AP06167', 'NU-AP06164', 'NU-AP06163'], 'addresses': ['48:00:b3:5e:0b:e0', '48:00:b3:5f:72:e0', '48:00:b3:5f:46:a0'], 'ssids': ['iotroam', 'iotroam', 'iotroam'], 'signals': [-67, -54, -51], 'timestamps': [1.7832752981652864e+18, 1.7832752983122862e+18, 1.7832752984702863e+18], 'frequencies': [2412, 2437, 2462]}
10 13 1783275298800522974
{'names': ['NU-AP06167', 'NU-AP06164', 'NU-AP06163'], 'addresses': ['48:00:b3:5e:0b:e0', '48:00:b3:5f:72:e0', '48:00:b3:5f:46:a0'], 'ssids': ['iotroam', 'iotroam', 'iotroam'], 'signals': [-67, -54, -51], 'timestamps': [1.7832752981652864e+18, 1.7832752983122862e+18, 1.7832752984702863e+18], 'frequencies': [2412, 2437, 2462]}
10 14 1783275298848595828
{'names': ['NU-AP06167', 'NU-AP06164', 'NU-AP06163'], 'addresses': ['48:00:b3:5e:0b:e0', '48:00:b3:5f:72:e0', '48:00:b3:5f:46:a0'], 'ssids': ['iotroam', 'iotroam', 'iotroam'], 'signals': [-67, -54, -51], 'timestamps': [1.7832752981652864e+18, 1.7832752983122862e+18, 1.7832752984702863e+18], 'frequencies': [2412, 2437, 2462]}
10 15 1783275298896898266
{'names': ['NU-AP06167', 'NU-AP06164', 'NU-AP06163'], 'addresses': ['48:00:b3:5e:0b:e0', '48:00:b3:5f:72:e0', '48:00:b3:5f:46:a0'], 'ssids': ['iotroam', 'iotroam', 'iotroam'], 'signals': [-67, -54, -51], 'timestamps': [1.7832752981652864e+18, 1.7832752983122862e+18, 1.7832752984702863e+18], 'frequencies': [2412, 2437, 2462]}
10 16 1783275298944479411
{'names': ['NU-AP06167', 'NU-AP06164', 'NU-AP06163'], 'addresses': ['48:00:b3:5e:0b:e0', '48:00:b3:5f:72:e0', '48:00:b3:5f:46:a0'], 'ssids': ['iotroam', 'iotroam', 'iotroam'], 'signals': [-67, -54, -51], 'timestamps': [1.7832752981652864e+18, 1.7832752983122862e+18, 1.7832752984702863e+18], 'frequencies': [2412, 2437, 2462]}
10 17 1783275298991293092
{'names': ['NU-AP06167', 'NU-AP06164', 'NU-AP06163'], 'addresses': ['48:00:b3:5e:0b:e0', '48:00:b3:5f:72:e0', '48:00:b3:5f:46:a0'], 'ssids': ['iotroam', 'iotroam', 'iotroam'], 'signals': [-67, -54, -51], 'timestamps': [1.7832752981652864e+18, 1.7832752983122862e+18, 1.7832752984702863e+18], 'frequencies': [2412, 2437, 2462]}
10 18 1783275299038764196
{'names': ['NU-AP06167', 'NU-AP06164', 'NU-AP06163'], 'addresses': ['48:00:b3:5e:0b:e0', '48:00:b3:5f:72:e0', '48:00:b3:5f:46:a0'], 'ssids': ['iotroam', 'iotroam', 'iotroam'], 'signals': [-67, -54, -51], 'timestamps': [1.7832752981652864e+18, 1.7832752983122862e+18, 1.7832752984702863e+18], 'frequencies': [2412, 2437, 2462]}
10 19 1783275299085413280
{'names': ['NU-AP06167', 'NU-AP06164', 'NU-AP06163'], 'addresses': ['48:00:b3:5e:0b:e0', '48:00:b3:5f:72:e0', '48:00:b3:5f:46:a0'], 'ssids': ['iotroam', 'iotroam', 'iotroam'], 'signals': [-67, -54, -51], 'timestamps': [1.7832752981652864e+18, 1.7832752983122862e+18, 1.7832752984702863e+18], 'frequencies': [2412, 2437, 2462]}
10 20 1783275299132204858
{'names': ['NU-AP06167', 'NU-AP06164', 'NU-AP06163'], 'addresses': ['48:00:b3:5e:0b:e0', '48:00:b3:5f:72:e0', '48:00:b3:5f:46:a0'], 'ssids': ['iotroam', 'iotroam', 'iotroam'], 'signals': [-67, -54, -51], 'timestamps': [1.7832752981652864e+18, 1.7832752983122862e+18, 1.7832752984702863e+18], 'frequencies': [2412, 2437, 2462]}
10 21 1783275299179334866
{'names': ['NU-AP06167', 'NU-AP06164', 'NU-AP06163'], 'addresses': ['48:00:b3:5e:0b:e0', '48:00:b3:5f:72:e0', '48:00:b3:5f:46:a0'], 'ssids': ['iotroam', 'iotroam', 'iotroam'], 'signals': [-67, -54, -51], 'timestamps': [1.7832752981652864e+18, 1.7832752983122862e+18, 1.7832752984702863e+18], 'frequencies': [2412, 2437, 2462]}
10 22 1783275299228638634
{'names': ['NU-AP06167', 'NU-AP06164', 'NU-AP06163'], 'addresses': ['48:00:b3:5e:0b:e0', '48:00:b3:5f:72:e0', '48:00:b3:5f:46:a0'], 'ssids': ['iotroam', 'iotroam', 'iotroam'], 'signals': [-67, -54, -51], 'timestamps': [1.7832752981652864e+18, 1.7832752983122862e+18, 1.7832752984702863e+18], 'frequencies': [2412, 2437, 2462]}
10 23 1783275299275236591
{'names': ['NU-AP06167', 'NU-AP06164', 'NU-AP06163'], 'addresses': ['48:00:b3:5e:0b:e0', '48:00:b3:5f:72:e0', '48:00:b3:5f:46:a0'], 'ssids': ['iotroam', 'iotroam', 'iotroam'], 'signals': [-67, -54, -51], 'timestamps': [1.7832752981652864e+18, 1.7832752983122862e+18, 1.7832752984702863e+18], 'frequencies': [2412, 2437, 2462]}
10 24 1783275299321570979
{'names': ['NU-AP06167', 'NU-AP06164', 'NU-AP06163'], 'addresses': ['48:00:b3:5e:0b:e0', '48:00:b3:5f:72:e0', '48:00:b3:5f:46:a0'], 'ssids': ['iotroam', 'iotroam', 'iotroam'], 'signals': [-67, -54, -51], 'timestamps': [1.7832752981652864e+18, 1.7832752983122862e+18, 1.7832752984702863e+18], 'frequencies': [2412, 2437, 2462]}
10 25 1783275299368598223
{'names': ['NU-AP06167', 'NU-AP06164', 'NU-AP06163'], 'addresses': ['48:00:b3:5e:0b:e0', '48:00:b3:5f:72:e0', '48:00:b3:5f:46:a0'], 'ssids': ['iotroam', 'iotroam', 'iotroam'], 'signals': [-67, -54, -51], 'timestamps': [1.7832752981652864e+18, 1.7832752983122862e+18, 1.7832752984702863e+18], 'frequencies': [2412, 2437, 2462]}
10 26 1783275299415172726
{'names': ['NU-AP06167', 'NU-AP06164', 'NU-AP06163'], 'addresses': ['48:00:b3:5e:0b:e0', '48:00:b3:5f:72:e0', '48:00:b3:5f:46:a0'], 'ssids': ['iotroam', 'iotroam', 'iotroam'], 'signals': [-67, -54, -51], 'timestamps': [1.7832752981652864e+18, 1.7832752983122862e+18, 1.7832752984702863e+18], 'frequencies': [2412, 2437, 2462]}
10 27 1783275299461828788
{'names': ['NU-AP06167', 'NU-AP06164', 'NU-AP06163'], 'addresses': ['48:00:b3:5e:0b:e0', '48:00:b3:5f:72:e0', '48:00:b3:5f:46:a0'], 'ssids': ['iotroam', 'iotroam', 'iotroam'], 'signals': [-67, -54, -51], 'timestamps': [1.7832752981652864e+18, 1.7832752983122862e+18, 1.7832752984702863e+18], 'frequencies': [2412, 2437, 2462]}
10 28 1783275299510594299
{'names': ['NU-AP06167', 'NU-AP06164', 'NU-AP06163'], 'addresses': ['48:00:b3:5e:0b:e0', '48:00:b3:5f:72:e0', '48:00:b3:5f:46:a0'], 'ssids': ['iotroam', 'iotroam', 'iotroam'], 'signals': [-67, -54, -51], 'timestamps': [1.7832752981652864e+18, 1.7832752983122862e+18, 1.7832752984702863e+18], 'frequencies': [2412, 2437, 2462]}
10 29 1783275299558481584
{'names': ['NU-AP06167', 'NU-AP06164', 'NU-AP06163'], 'addresses': ['48:00:b3:5e:0b:e0', '48:00:b3:5f:72:e0', '48:00:b3:5f:46:a0'], 'ssids': ['iotroam', 'iotroam', 'iotroam'], 'signals': [-67, -54, -51], 'timestamps': [1.7832752981652864e+18, 1.7832752983122862e+18, 1.7832752984702863e+18], 'frequencies': [2412, 2437, 2462]}
10 30 1783275299605349858
{'names': ['NU-AP06167', 'NU-AP06164', 'NU-AP06163'], 'addresses': ['48:00:b3:5e:0b:e0', '48:00:b3:5f:72:e0', '48:00:b3:5f:46:a0'], 'ssids': ['iotroam', 'iotroam', 'iotroam'], 'signals': [-67, -54, -51], 'timestamps': [1.7832752981652864e+18, 1.7832752983122862e+18, 1.7832752984702863e+18], 'frequencies': [2412, 2437, 2462]}
10 31 1783275299652016544
{'names': ['NU-AP06167', 'NU-AP06164', 'NU-AP06163'], 'addresses': ['48:00:b3:5e:0b:e0', '48:00:b3:5f:72:e0', '48:00:b3:5f:46:a0'], 'ssids': ['iotroam', 'iotroam', 'iotroam'], 'signals': [-67, -54, -51], 'timestamps': [1.7832752981652864e+18, 1.7832752983122862e+18, 1.7832752984702863e+18], 'frequencies': [2412, 2437, 2462]}
10 32 1783275299698850580
{'names': ['NU-AP06167', 'NU-AP06164', 'NU-AP06163'], 'addresses': ['48:00:b3:5e:0b:e0', '48:00:b3:5f:72:e0', '48:00:b3:5f:46:a0'], 'ssids': ['iotroam', 'iotroam', 'iotroam'], 'signals': [-67, -54, -51], 'timestamps': [1.7832752981652864e+18, 1.7832752983122862e+18, 1.7832752984702863e+18], 'frequencies': [2412, 2437, 2462]}
10 33 1783275299745957728
{'names': ['NU-AP06167', 'NU-AP06164', 'NU-AP06163'], 'addresses': ['48:00:b3:5e:0b:e0', '48:00:b3:5f:72:e0', '48:00:b3:5f:46:a0'], 'ssids': ['iotroam', 'iotroam', 'iotroam'], 'signals': [-67, -54, -51], 'timestamps': [1.7832752981652864e+18, 1.7832752983122862e+18, 1.7832752984702863e+18], 'frequencies': [2412, 2437, 2462]}
10 34 1783275299794729357
{'names': ['NU-AP06167', 'NU-AP06164', 'NU-AP06163'], 'addresses': ['48:00:b3:5e:0b:e0', '48:00:b3:5f:72:e0', '48:00:b3:5f:46:a0'], 'ssids': ['iotroam', 'iotroam', 'iotroam'], 'signals': [-67, -54, -51], 'timestamps': [1.7832752981652864e+18, 1.7832752983122862e+18, 1.7832752984702863e+18], 'frequencies': [2412, 2437, 2462]}
10 35 1783275299841953076
{'names': ['NU-AP06167', 'NU-AP06164', 'NU-AP06163'], 'addresses': ['48:00:b3:5e:0b:e0', '48:00:b3:5f:72:e0', '48:00:b3:5f:46:a0'], 'ssids': ['iotroam', 'iotroam', 'iotroam'], 'signals': [-67, -54, -51], 'timestamps': [1.7832752981652864e+18, 1.7832752983122862e+18, 1.7832752984702863e+18], 'frequencies': [2412, 2437, 2462]}
10 36 1783275299888944852
{'names': ['NU-AP06167', 'NU-AP06164', 'NU-AP06163'], 'addresses': ['48:00:b3:5e:0b:e0', '48:00:b3:5f:72:e0', '48:00:b3:5f:46:a0'], 'ssids': ['iotroam', 'iotroam', 'iotroam'], 'signals': [-67, -54, -51], 'timestamps': [1.7832752981652864e+18, 1.7832752983122862e+18, 1.7832752984702863e+18], 'frequencies': [2412, 2437, 2462]}
10 37 1783275299935259540
{'names': ['NU-AP06167', 'NU-AP06164', 'NU-AP06163'], 'addresses': ['48:00:b3:5e:0b:e0', '48:00:b3:5f:72:e0', '48:00:b3:5f:46:a0'], 'ssids': ['iotroam', 'iotroam', 'iotroam'], 'signals': [-67, -54, -51], 'timestamps': [1.7832752981652864e+18, 1.7832752983122862e+18, 1.7832752984702863e+18], 'frequencies': [2412, 2437, 2462]}
10 38 1783275299983041479
{'names': ['NU-AP06167', 'NU-AP06164', 'NU-AP06163'], 'addresses': ['48:00:b3:5e:0b:e0', '48:00:b3:5f:72:e0', '48:00:b3:5f:46:a0'], 'ssids': ['iotroam', 'iotroam', 'iotroam'], 'signals': [-67, -54, -51], 'timestamps': [1.7832752981652864e+18, 1.7832752983122862e+18, 1.7832752984702863e+18], 'frequencies': [2412, 2437, 2462]}
10 40 1783275300031514732
{'names': ['NU-AP06167', 'NU-AP06164', 'NU-AP06163', 'NU-AP06162'], 'addresses': ['48:00:b3:5e:0b:e0', '48:00:b3:5f:72:e0', '48:00:b3:5f:46:a0', '48:00:b3:5a:90:8f'], 'ssids': ['iotroam', 'iotroam', 'iotroam', 'iotroam'], 'signals': [-67, -54, -51, -73], 'timestamps': [1.7832752981652864e+18, 1.7832752983122862e+18, 1.7832752984702863e+18, 1.7832752999915146e+18], 'frequencies': [2412, 2437, 2462, 5320]}
13 42 1783275300085342382
{'names': ['NU-AP06167', 'NU-AP06164', 'NU-AP06163', 'NU-AP06162', 'NU-AP06163'], 'addresses': ['48:00:b3:5e:0b:e0', '48:00:b3:5f:72:e0', '48:00:b3:5f:46:a0', '48:00:b3:5a:90:8f', '48:00:b3:5f:46:ae'], 'ssids': ['iotroam', 'iotroam', 'iotroam', 'iotroam', 'eduroam'], 'signals': [-67, -54, -51, -73, -60], 'timestamps': [1.7832752981653425e+18, 1.7832752983123425e+18, 1.7832752984703424e+18, 1.7832752999923425e+18, 1.7832753000363425e+18], 'frequencies': [2412, 2437, 2462, 5320, 5500]}
13 43 1783275300346032110
{'names': ['NU-AP06167', 'NU-AP06164', 'NU-AP06163', 'NU-AP06162', 'NU-AP06163', 'NU-AP06164'], 'addresses': ['48:00:b3:5e:0b:e0', '48:00:b3:5f:72:e0', '48:00:b3:5f:46:a0', '48:00:b3:5a:90:8f', '48:00:b3:5f:46:ae', '48:00:b3:5f:72:ef'], 'ssids': ['iotroam', 'iotroam', 'iotroam', 'iotroam', 'eduroam', 'iotroam'], 'signals': [-67, -54, -51, -73, -60, -66], 'timestamps': [1.7832752981653425e+18, 1.7832752983123425e+18, 1.7832752984703424e+18, 1.7832752999923425e+18, 1.7832753000363425e+18, 1.783275300299032e+18], 'frequencies': [2412, 2437, 2462, 5320, 5500, 5540]}
13 44 1783275300406570775
{'names': ['NU-AP06167', 'NU-AP06164', 'NU-AP06163', 'NU-AP06162', 'NU-AP06163', 'NU-AP06164'], 'addresses': ['48:00:b3:5e:0b:e0', '48:00:b3:5f:72:e0', '48:00:b3:5f:46:a0', '48:00:b3:5a:90:8f', '48:00:b3:5f:46:ae', '48:00:b3:5f:72:ef'], 'ssids': ['iotroam', 'iotroam', 'iotroam', 'iotroam', 'eduroam', 'iotroam'], 'signals': [-67, -54, -51, -73, -60, -66], 'timestamps': [1.7832752981653425e+18, 1.7832752983123425e+18, 1.7832752984703424e+18, 1.7832752999923425e+18, 1.7832753000363425e+18, 1.7832753002995707e+18], 'frequencies': [2412, 2437, 2462, 5320, 5500, 5540]}
13 45 1783275300745822727
{'names': ['NU-AP06167', 'NU-AP06164', 'NU-AP06163', 'NU-AP06162', 'NU-AP06163', 'NU-AP06164'], 'addresses': ['48:00:b3:5e:0b:e0', '48:00:b3:5f:72:e0', '48:00:b3:5f:46:a0', '48:00:b3:5a:90:8f', '48:00:b3:5f:46:ae', '48:00:b3:5f:72:ef'], 'ssids': ['iotroam', 'iotroam', 'iotroam', 'iotroam', 'eduroam', 'iotroam'], 'signals': [-67, -54, -51, -73, -60, -66], 'timestamps': [1.7832752981653425e+18, 1.7832752983123425e+18, 1.7832752984703424e+18, 1.7832752999923425e+18, 1.7832753000363425e+18, 1.7832753002998226e+18], 'frequencies': [2412, 2437, 2462, 5320, 5500, 5540]}
13 46 1783275301140325395
{'names': ['NU-AP06167', 'NU-AP06164', 'NU-AP06163', 'NU-AP06162', 'NU-AP06163', 'NU-AP06164', 'NU-AP06167'], 'addresses': ['48:00:b3:5e:0b:e0', '48:00:b3:5f:72:e0', '48:00:b3:5f:46:a0', '48:00:b3:5a:90:8f', '48:00:b3:5f:46:ae', '48:00:b3:5f:72:ef', '48:00:b3:5e:0b:ed'], 'ssids': ['iotroam', 'iotroam', 'iotroam', 'iotroam', 'eduroam', 'iotroam', 'VU-Campusnet'], 'signals': [-67, -54, -51, -73, -60, -66, -77], 'timestamps': [1.7832752981653425e+18, 1.7832752983123425e+18, 1.7832752984703424e+18, 1.7832752999923425e+18, 1.7832753000363425e+18, 1.7832753002998226e+18, 1.7832753010883254e+18], 'frequencies': [2412, 2437, 2462, 5320, 5500, 5540, 5660]}
13 48 1783275301205941893
{'names': ['NU-AP06167', 'NU-AP06164', 'NU-AP06163', 'NU-AP06162', 'NU-AP06163', 'NU-AP06164', 'NU-AP06167'], 'addresses': ['48:00:b3:5e:0b:e0', '48:00:b3:5f:72:e0', '48:00:b3:5f:46:a0', '48:00:b3:5a:90:8f', '48:00:b3:5f:46:ae', '48:00:b3:5f:72:ef', '48:00:b3:5e:0b:ed'], 'ssids': ['iotroam', 'iotroam', 'iotroam', 'iotroam', 'eduroam', 'iotroam', 'VU-Campusnet'], 'signals': [-67, -54, -51, -73, -60, -66, -77], 'timestamps': [1.7832752981653425e+18, 1.7832752983123425e+18, 1.7832752984703424e+18, 1.7832752999923425e+18, 1.7832753000363425e+18, 1.783275300299942e+18, 1.783275301088942e+18], 'frequencies': [2412, 2437, 2462, 5320, 5500, 5540, 5660]}
13 50 1783275301272248357
{'names': ['NU-AP06167', 'NU-AP06164', 'NU-AP06163', 'NU-AP06162', 'NU-AP06163', 'NU-AP06164', 'NU-AP06167'], 'addresses': ['48:00:b3:5e:0b:e0', '48:00:b3:5f:72:e0', '48:00:b3:5f:46:a0', '48:00:b3:5a:90:8f', '48:00:b3:5f:46:ae', '48:00:b3:5f:72:ef', '48:00:b3:5e:0b:ed'], 'ssids': ['iotroam', 'iotroam', 'iotroam', 'iotroam', 'eduroam', 'iotroam', 'VU-Campusnet'], 'signals': [-67, -54, -51, -73, -60, -66, -77], 'timestamps': [1.7832752981653425e+18, 1.7832752983123425e+18, 1.7832752984703424e+18, 1.7832752999923425e+18, 1.7832753000363425e+18, 1.7832753003002483e+18, 1.7832753010892483e+18], 'frequencies': [2412, 2437, 2462, 5320, 5500, 5540, 5660]}
16 54 1783275302293188543
{'names': ['NU-AP06167', 'NU-AP06164', 'NU-AP06163', 'NU-AP06162', 'NU-AP06163', 'NU-AP06164', 'NU-AP06167'], 'addresses': ['48:00:b3:5e:0b:e0', '48:00:b3:5f:72:e0', '48:00:b3:5f:46:a0', '48:00:b3:5a:90:8f', '48:00:b3:5f:46:ae', '48:00:b3:5f:72:ef', '48:00:b3:5e:0b:ed'], 'ssids': ['iotroam', 'iotroam', 'iotroam', 'iotroam', 'eduroam', 'iotroam', 'VU-Campusnet'], 'signals': [-67, -54, -51, -73, -60, -66, -77], 'timestamps': [1.7832752981671885e+18, 1.7832752983141885e+18, 1.7832752984721887e+18, 1.7832752999941885e+18, 1.7832753000381885e+18, 1.7832753003021885e+18, 1.7832753010911887e+18], 'frequencies': [2412, 2437, 2462, 5320, 5500, 5540, 5660]}
17 54 1783275302363478791
{'names': ['NU-AP06167', 'NU-AP06164', 'NU-AP06163', 'NU-AP06162', 'NU-AP06163', 'NU-AP06164', 'NU-AP06167'], 'addresses': ['48:00:b3:5e:0b:e0', '48:00:b3:5f:72:e0', '48:00:b3:5f:46:a0', '48:00:b3:5a:90:8f', '48:00:b3:5f:46:ae', '48:00:b3:5f:72:ef', '48:00:b3:5e:0b:ed'], 'ssids': ['iotroam', 'iotroam', 'iotroam', 'iotroam', 'eduroam', 'iotroam', 'VU-Campusnet'], 'signals': [-65, -54, -51, -73, -60, -66, -77], 'timestamps': [1.7832753023544788e+18, 1.7832752983141885e+18, 1.7832752984721887e+18, 1.7832752999941885e+18, 1.7832753000381885e+18, 1.7832753003021885e+18, 1.7832753010911887e+18], 'frequencies': [2412, 2437, 2462, 5320, 5500, 5540, 5660]}
19 54 1783275302556884357
{'names': ['NU-AP06167', 'NU-AP06164', 'NU-AP06163', 'NU-AP06162', 'NU-AP06163', 'NU-AP06164', 'NU-AP06167', 'NU-AP06165', 'NU-AP06162'], 'addresses': ['48:00:b3:5e:0b:e0', '48:00:b3:5f:72:e0', '48:00:b3:5f:46:a0', '48:00:b3:5a:90:8f', '48:00:b3:5f:46:ae', '48:00:b3:5f:72:ef', '48:00:b3:5e:0b:ed', '48:00:b3:5e:17:c0', '48:00:b3:5a:90:80'], 'ssids': ['iotroam', 'iotroam', 'iotroam', 'iotroam', 'eduroam', 'iotroam', 'VU-Campusnet', 'iotroam', 'iotroam'], 'signals': [-65, -54, -51, -73, -60, -66, -77, -78, -72], 'timestamps': [1.7832753023544788e+18, 1.7832752983141885e+18, 1.7832752984721887e+18, 1.7832752999941885e+18, 1.7832753000381885e+18, 1.7832753003021885e+18, 1.7832753010911887e+18, 1.7832753025088845e+18, 1.7832753025048845e+18], 'frequencies': [2412, 2437, 2462, 5320, 5500, 5540, 5660, 2437, 2437]}
20 54 1783275302689841770
{'names': ['NU-AP06167', 'NU-AP06164', 'NU-AP06163', 'NU-AP06162', 'NU-AP06163', 'NU-AP06164', 'NU-AP06167', 'NU-AP06165', 'NU-AP06162'], 'addresses': ['48:00:b3:5e:0b:e0', '48:00:b3:5f:72:e0', '48:00:b3:5f:46:a0', '48:00:b3:5a:90:8f', '48:00:b3:5f:46:ae', '48:00:b3:5f:72:ef', '48:00:b3:5e:0b:ed', '48:00:b3:5e:17:c0', '48:00:b3:5a:90:80'], 'ssids': ['iotroam', 'iotroam', 'iotroam', 'iotroam', 'eduroam', 'iotroam', 'VU-Campusnet', 'iotroam', 'iotroam'], 'signals': [-65, -54, -50, -73, -60, -66, -77, -78, -72], 'timestamps': [1.7832753023544788e+18, 1.7832752983141885e+18, 1.7832753026538417e+18, 1.7832752999941885e+18, 1.7832753000381885e+18, 1.7832753003021885e+18, 1.7832753010911887e+18, 1.7832753025088845e+18, 1.7832753025048845e+18], 'frequencies': [2412, 2437, 2462, 5320, 5500, 5540, 5660, 2437, 2437]}
23 54 1783275302756989794
{'names': ['NU-AP06167', 'NU-AP06164', 'NU-AP06163', 'NU-AP06162', 'NU-AP06163', 'NU-AP06164', 'NU-AP06167', 'NU-AP06165', 'NU-AP06162'], 'addresses': ['48:00:b3:5e:0b:e0', '48:00:b3:5f:72:e0', '48:00:b3:5f:46:a0', '48:00:b3:5a:90:8f', '48:00:b3:5f:46:ae', '48:00:b3:5f:72:ef', '48:00:b3:5e:0b:ed', '48:00:b3:5e:17:c0', '48:00:b3:5a:90:80'], 'ssids': ['iotroam', 'iotroam', 'iotroam', 'iotroam', 'eduroam', 'iotroam', 'VU-Campusnet', 'iotroam', 'iotroam'], 'signals': [-65, -54, -50, -73, -60, -66, -77, -78, -72], 'timestamps': [1.7832753023544788e+18, 1.7832752983141885e+18, 1.7832753026539896e+18, 1.7832752999941885e+18, 1.7832753000381885e+18, 1.7832753003021885e+18, 1.7832753010911887e+18, 1.7832753025089897e+18, 1.7832753025049897e+18], 'frequencies': [2412, 2437, 2462, 5320, 5500, 5540, 5660, 2437, 2437]}
26 54 1783275302825100289
{'names': ['NU-AP06167', 'NU-AP06164', 'NU-AP06163', 'NU-AP06162', 'NU-AP06163', 'NU-AP06164', 'NU-AP06167', 'NU-AP06165', 'NU-AP06162'], 'addresses': ['48:00:b3:5e:0b:e0', '48:00:b3:5f:72:e0', '48:00:b3:5f:46:a0', '48:00:b3:5a:90:8f', '48:00:b3:5f:46:ae', '48:00:b3:5f:72:ef', '48:00:b3:5e:0b:ed', '48:00:b3:5e:17:c0', '48:00:b3:5a:90:80'], 'ssids': ['iotroam', 'iotroam', 'iotroam', 'iotroam', 'eduroam', 'iotroam', 'VU-Campusnet', 'iotroam', 'iotroam'], 'signals': [-65, -54, -50, -73, -60, -66, -77, -78, -72], 'timestamps': [1.7832753023544788e+18, 1.7832752983141885e+18, 1.7832753026541002e+18, 1.7832752999941885e+18, 1.7832753000381885e+18, 1.7832753003021885e+18, 1.7832753010911887e+18, 1.7832753025091003e+18, 1.7832753025051003e+18], 'frequencies': [2412, 2437, 2462, 5320, 5500, 5540, 5660, 2437, 2437]}
29 54 1783275302894148337
{'names': ['NU-AP06167', 'NU-AP06164', 'NU-AP06163', 'NU-AP06162', 'NU-AP06163', 'NU-AP06164', 'NU-AP06167', 'NU-AP06165', 'NU-AP06162'], 'addresses': ['48:00:b3:5e:0b:e0', '48:00:b3:5f:72:e0', '48:00:b3:5f:46:a0', '48:00:b3:5a:90:8f', '48:00:b3:5f:46:ae', '48:00:b3:5f:72:ef', '48:00:b3:5e:0b:ed', '48:00:b3:5e:17:c0', '48:00:b3:5a:90:80'], 'ssids': ['iotroam', 'iotroam', 'iotroam', 'iotroam', 'eduroam', 'iotroam', 'VU-Campusnet', 'iotroam', 'iotroam'], 'signals': [-65, -54, -50, -73, -60, -66, -77, -78, -72], 'timestamps': [1.7832753023544788e+18, 1.7832752983141885e+18, 1.7832753026541484e+18, 1.7832752999941885e+18, 1.7832753000381885e+18, 1.7832753003021885e+18, 1.7832753010911887e+18, 1.7832753025091484e+18, 1.7832753025051484e+18], 'frequencies': [2412, 2437, 2462, 5320, 5500, 5540, 5660, 2437, 2437]}
30 54 1783275303028879150
{'names': ['NU-AP06167', 'NU-AP06164', 'NU-AP06163', 'NU-AP06162', 'NU-AP06163', 'NU-AP06164', 'NU-AP06167', 'NU-AP06165', 'NU-AP06162'], 'addresses': ['48:00:b3:5e:0b:e0', '48:00:b3:5f:72:e0', '48:00:b3:5f:46:a0', '48:00:b3:5a:90:8f', '48:00:b3:5f:46:ae', '48:00:b3:5f:72:ef', '48:00:b3:5e:0b:ed', '48:00:b3:5e:17:c0', '48:00:b3:5a:90:80'], 'ssids': ['iotroam', 'iotroam', 'iotroam', 'iotroam', 'eduroam', 'iotroam', 'VU-Campusnet', 'iotroam', 'iotroam'], 'signals': [-65, -54, -50, -73, -60, -66, -77, -78, -72], 'timestamps': [1.7832753023544788e+18, 1.7832752983141885e+18, 1.7832753026548792e+18, 1.7832752999941885e+18, 1.7832753000381885e+18, 1.7832753003021885e+18, 1.7832753010911887e+18, 1.7832753025091484e+18, 1.7832753025051484e+18], 'frequencies': [2412, 2437, 2462, 5320, 5500, 5540, 5660, 2437, 2437]}
32 54 1783275303095172289
{'names': ['NU-AP06167', 'NU-AP06164', 'NU-AP06163', 'NU-AP06162', 'NU-AP06163', 'NU-AP06164', 'NU-AP06167', 'NU-AP06165', 'NU-AP06162'], 'addresses': ['48:00:b3:5e:0b:e0', '48:00:b3:5f:72:e0', '48:00:b3:5f:46:a0', '48:00:b3:5a:90:8f', '48:00:b3:5f:46:ae', '48:00:b3:5f:72:ef', '48:00:b3:5e:0b:ed', '48:00:b3:5e:17:c0', '48:00:b3:5a:90:80'], 'ssids': ['iotroam', 'iotroam', 'iotroam', 'iotroam', 'eduroam', 'iotroam', 'VU-Campusnet', 'iotroam', 'iotroam'], 'signals': [-65, -54, -50, -73, -60, -66, -77, -78, -72], 'timestamps': [1.7832753023544788e+18, 1.7832752983141885e+18, 1.7832753026548792e+18, 1.7832752999941885e+18, 1.7832753000381885e+18, 1.7832753003021885e+18, 1.7832753010911887e+18, 1.7832753025091722e+18, 1.7832753025051725e+18], 'frequencies': [2412, 2437, 2462, 5320, 5500, 5540, 5660, 2437, 2437]}
35 54 1783275303164157385
{'names': ['NU-AP06167', 'NU-AP06164', 'NU-AP06163', 'NU-AP06162', 'NU-AP06163', 'NU-AP06164', 'NU-AP06167', 'NU-AP06165', 'NU-AP06162'], 'addresses': ['48:00:b3:5e:0b:e0', '48:00:b3:5f:72:e0', '48:00:b3:5f:46:a0', '48:00:b3:5a:90:8f', '48:00:b3:5f:46:ae', '48:00:b3:5f:72:ef', '48:00:b3:5e:0b:ed', '48:00:b3:5e:17:c0', '48:00:b3:5a:90:80'], 'ssids': ['iotroam', 'iotroam', 'iotroam', 'iotroam', 'eduroam', 'iotroam', 'VU-Campusnet', 'iotroam', 'iotroam'], 'signals': [-65, -54, -50, -73, -60, -66, -77, -78, -72], 'timestamps': [1.7832753023544788e+18, 1.7832752983141885e+18, 1.7832753026551575e+18, 1.7832752999941885e+18, 1.7832753000381885e+18, 1.7832753003021885e+18, 1.7832753010911887e+18, 1.7832753025101573e+18, 1.7832753025061576e+18], 'frequencies': [2412, 2437, 2462, 5320, 5500, 5540, 5660, 2437, 2437]}
38 54 1783275303555199037
{'names': ['NU-AP06167', 'NU-AP06164', 'NU-AP06163', 'NU-AP06162', 'NU-AP06163', 'NU-AP06164', 'NU-AP06167', 'NU-AP06165', 'NU-AP06162'], 'addresses': ['48:00:b3:5e:0b:e0', '48:00:b3:5f:72:e0', '48:00:b3:5f:46:a0', '48:00:b3:5a:90:8f', '48:00:b3:5f:46:ae', '48:00:b3:5f:72:ef', '48:00:b3:5e:0b:ed', '48:00:b3:5e:17:c0', '48:00:b3:5a:90:80'], 'ssids': ['iotroam', 'iotroam', 'iotroam', 'iotroam', 'eduroam', 'iotroam', 'VU-Campusnet', 'iotroam', 'iotroam'], 'signals': [-65, -54, -50, -73, -60, -66, -77, -78, -72], 'timestamps': [1.7832753023544788e+18, 1.7832752983141885e+18, 1.783275302655199e+18, 1.7832752999941885e+18, 1.7832753000381885e+18, 1.7832753003021885e+18, 1.7832753010911887e+18, 1.783275302510199e+18, 1.783275302506199e+18], 'frequencies': [2412, 2437, 2462, 5320, 5500, 5540, 5660, 2437, 2437]}
