1 1 1783275464216261118
{'names': ['NU-AP06167'], 'addresses': ['48:00:b3:5e:0b:e0'], 'ssids': ['iotroam'], 'signals': [-64], 'timestamps': [1.7832754642072612e+18], 'frequencies': [2412]}
1 2 1783275464262603910
{'names': ['NU-AP06167'], 'addresses': ['48:00:b3:5e:0b:e0'], 'ssids': ['iotroam'], 'signals': [-64], 'timestamps': [1.7832754642072612e+18], 'frequencies': [2412]}
2 3 1783275464315672809
{'names': ['NU-AP06167'], 'addresses': ['48:00:b3:5e:0b:e0'], 'ssids': ['iotroam'], 'signals': [-64], 'timestamps': [1.7832754642076728e+18], 'frequencies': [2412]}
3 4 1783275464361740685
{'names': ['NU-AP06167', 'NU-AP06164'], 'addresses': ['48:00:b3:5e:0b:e0', '48:00:b3:5f:72:e0'], 'ssids': ['iotroam', 'iotroam'], 'signals': [-64, -54], 'timestamps': [1.7832754642076728e+18, 1.7832754643567409e+18], 'frequencies': [2412, 2437]}
3 5 1783275464410429557
{'names': ['NU-AP06167', 'NU-AP06164'], 'addresses': ['48:00:b3:5e:0b:e0', '48:00:b3:5f:72:e0'], 'ssids': ['iotroam', 'iotroam'], 'signals': [-64, -54], 'timestamps': [1.7832754642076728e+18, 1.7832754643567409e+18], 'frequencies': [2412, 2437]}
4 6 1783275464458149247
{'names': ['NU-AP06167', 'NU-AP06164'], 'addresses': ['48:00:b3:5e:0b:e0', '48:00:b3:5f:72:e0'], 'ssids': ['iotroam', 'iotroam'], 'signals': [-64, -54], 'timestamps': [1.7832754642076728e+18, 1.7832754643571492e+18], 'frequencies': [2412, 2437]}
4 7 1783275464504626534
{'names': ['NU-AP06167', 'NU-AP06164'], 'addresses': ['48:00:b3:5e:0b:e0', '48:00:b3:5f:72:e0'], 'ssids': ['iotroam', 'iotroam'], 'signals': [-64, -54], 'timestamps': [1.7832754642076728e+18, 1.7832754643571492e+18], 'frequencies': [2412, 2437]}
6 8 1783275464553316203
{'names': ['NU-AP06167', 'NU-AP06164', 'NU-AP06163'], 'addresses': ['48:00:b3:5e:0b:e0', '48:00:b3:5f:72:e0', '48:00:b3:5f:46:a0'], 'ssids': ['iotroam', 'iotroam', 'iotroam'], 'signals': [-64, -54, -50], 'timestamps': [1.7832754642076728e+18, 1.783275464357316e+18, 1.783275464509316e+18], 'frequencies': [2412, 2437, 2462]}
6 9 1783275464602161347
{'names': ['NU-AP06167', 'NU-AP06164', 'NU-AP06163'], 'addresses': ['48:00:b3:5e:0b:e0', '48:00:b3:5f:72:e0', '48:00:b3:5f:46:a0'], 'ssids': ['iotroam', 'iotroam', 'iotroam'], 'signals': [-64, -54, -50], 'timestamps': [1.7832754642076728e+18, 1.783275464357316e+18, 1.783275464509316e+18], 'frequencies': [2412, 2437, 2462]}
6 10 1783275464651270359
{'names': ['NU-AP06167', 'NU-AP06164', 'NU-AP06163'], 'addresses': ['48:00:b3:5e:0b:e0', '48:00:b3:5f:72:e0', '48:00:b3:5f:46:a0'], 'ssids': ['iotroam', 'iotroam', 'iotroam'], 'signals': [-64, -54, -50], 'timestamps': [1.7832754642076728e+18, 1.783275464357316e+18, 1.783275464509316e+18], 'frequencies': [2412, 2437, 2462]}
8 11 1783275464700428380
{'names': ['NU-AP06167', 'NU-AP06164', 'NU-AP06163'], 'addresses': ['48:00:b3:5e:0b:e0', '48:00:b3:5f:72:e0', '48:00:b3:5f:46:a0'], 'ssids': ['iotroam', 'iotroam', 'iotroam'], 'signals': [-64, -54, -50], 'timestamps': [1.7832754642076728e+18, 1.7832754643574282e+18, 1.7832754645094282e+18], 'frequencies': [2412, 2437, 2462]}
10 12 1783275464749628607
{'names': ['NU-AP06167', 'NU-AP06164', 'NU-AP06163'], 'addresses': ['48:00:b3:5e:0b:e0', '48:00:b3:5f:72:e0', '48:00:b3:5f:46:a0'], 'ssids': ['iotroam', 'iotroam', 'iotroam'], 'signals': [-64, -54, -50], 'timestamps': [1.7832754642076728e+18, 1.7832754643576287e+18, 1.7832754645096287e+18], 'frequencies': [2412, 2437, 2462]}
10 13 1783275464798570501
{'names': ['NU-AP06167', 'NU-AP06164', 'NU-AP06163'], 'addresses': ['48:00:b3:5e:0b:e0', '48:00:b3:5f:72:e0', '48:00:b3:5f:46:a0'], 'ssids': ['iotroam', 'iotroam', 'iotroam'], 'signals': [-64, -54, -50], 'timestamps': [1.7832754642076728e+18, 1.7832754643576287e+18, 1.7832754645096287e+18], 'frequencies': [2412, 2437, 2462]}
10 14 1783275464848618425
{'names': ['NU-AP06167', 'NU-AP06164', 'NU-AP06163'], 'addresses': ['48:00:b3:5e:0b:e0', '48:00:b3:5f:72:e0', '48:00:b3:5f:46:a0'], 'ssids': ['iotroam', 'iotroam', 'iotroam'], 'signals': [-64, -54, -50], 'timestamps': [1.7832754642076728e+18, 1.7832754643576287e+18, 1.7832754645096287e+18], 'frequencies': [2412, 2437, 2462]}
10 15 1783275464898440362
{'names': ['NU-AP06167', 'NU-AP06164', 'NU-AP06163'], 'addresses': ['48:00:b3:5e:0b:e0', '48:00:b3:5f:72:e0', '48:00:b3:5f:46:a0'], 'ssids': ['iotroam', 'iotroam', 'iotroam'], 'signals': [-64, -54, -50], 'timestamps': [1.7832754642076728e+18, 1.7832754643576287e+18, 1.7832754645096287e+18], 'frequencies': [2412, 2437, 2462]}
10 16 1783275464946600831
{'names': ['NU-AP06167', 'NU-AP06164', 'NU-AP06163'], 'addresses': ['48:00:b3:5e:0b:e0', '48:00:b3:5f:72:e0', '48:00:b3:5f:46:a0'], 'ssids': ['iotroam', 'iotroam', 'iotroam'], 'signals': [-64, -54, -50], 'timestamps': [1.7832754642076728e+18, 1.7832754643576287e+18, 1.7832754645096287e+18], 'frequencies': [2412, 2437, 2462]}
10 17 1783275464995956375
{'names': ['NU-AP06167', 'NU-AP06164', 'NU-AP06163'], 'addresses': ['48:00:b3:5e:0b:e0', '48:00:b3:5f:72:e0', '48:00:b3:5f:46:a0'], 'ssids': ['iotroam', 'iotroam', 'iotroam'], 'signals': [-64, -54, -50], 'timestamps': [1.7832754642076728e+18, 1.7832754643576287e+18, 1.7832754645096287e+18], 'frequencies': [2412, 2437, 2462]}
10 18 1783275465046336163
{'names': ['NU-AP06167', 'NU-AP06164', 'NU-AP06163'], 'addresses': ['48:00:b3:5e:0b:e0', '48:00:b3:5f:72:e0', '48:00:b3:5f:46:a0'], 'ssids': ['iotroam', 'iotroam', 'iotroam'], 'signals': [-64, -54, -50], 'timestamps': [1.7832754642076728e+18, 1.7832754643576287e+18, 1.7832754645096287e+18], 'frequencies': [2412, 2437, 2462]}
10 19 1783275465096005346
{'names': ['NU-AP06167', 'NU-AP06164', 'NU-AP06163'], 'addresses': ['48:00:b3:5e:0b:e0', '48:00:b3:5f:72:e0', '48:00:b3:5f:46:a0'], 'ssids': ['iotroam', 'iotroam', 'iotroam'], 'signals': [-64, -54, -50], 'timestamps': [1.7832754642076728e+18, 1.7832754643576287e+18, 1.7832754645096287e+18], 'frequencies': [2412, 2437, 2462]}
10 20 1783275465144228240
{'names': ['NU-AP06167', 'NU-AP06164', 'NU-AP06163'], 'addresses': ['48:00:b3:5e:0b:e0', '48:00:b3:5f:72:e0', '48:00:b3:5f:46:a0'], 'ssids': ['iotroam', 'iotroam', 'iotroam'], 'signals': [-64, -54, -50], 'timestamps': [1.7832754642076728e+18, 1.7832754643576287e+18, 1.7832754645096287e+18], 'frequencies': [2412, 2437, 2462]}
10 21 1783275465193145435
{'names': ['NU-AP06167', 'NU-AP06164', 'NU-AP06163'], 'addresses': ['48:00:b3:5e:0b:e0', '48:00:b3:5f:72:e0', '48:00:b3:5f:46:a0'], 'ssids': ['iotroam', 'iotroam', 'iotroam'], 'signals': [-64, -54, -50], 'timestamps': [1.7832754642076728e+18, 1.7832754643576287e+18, 1.7832754645096287e+18], 'frequencies': [2412, 2437, 2462]}
10 22 1783275465240504457
{'names': ['NU-AP06167', 'NU-AP06164', 'NU-AP06163'], 'addresses': ['48:00:b3:5e:0b:e0', '48:00:b3:5f:72:e0', '48:00:b3:5f:46:a0'], 'ssids': ['iotroam', 'iotroam', 'iotroam'], 'signals': [-64, -54, -50], 'timestamps': [1.7832754642076728e+18, 1.7832754643576287e+18, 1.7832754645096287e+18], 'frequencies': [2412, 2437, 2462]}
10 23 1783275465290348648
{'names': ['NU-AP06167', 'NU-AP06164', 'NU-AP06163'], 'addresses': ['48:00:b3:5e:0b:e0', '48:00:b3:5f:72:e0', '48:00:b3:5f:46:a0'], 'ssids': ['iotroam', 'iotroam', 'iotroam'], 'signals': [-64, -54, -50], 'timestamps': [1.7832754642076728e+18, 1.7832754643576287e+18, 1.7832754645096287e+18], 'frequencies': [2412, 2437, 2462]}
10 24 1783275465339175563
{'names': ['NU-AP06167', 'NU-AP06164', 'NU-AP06163'], 'addresses': ['48:00:b3:5e:0b:e0', '48:00:b3:5f:72:e0', '48:00:b3:5f:46:a0'], 'ssids': ['iotroam', 'iotroam', 'iotroam'], 'signals': [-64, -54, -50], 'timestamps': [1.7832754642076728e+18, 1.7832754643576287e+18, 1.7832754645096287e+18], 'frequencies': [2412, 2437, 2462]}
10 25 1783275465388592686
{'names': ['NU-AP06167', 'NU-AP06164', 'NU-AP06163'], 'addresses': ['48:00:b3:5e:0b:e0', '48:00:b3:5f:72:e0', '48:00:b3:5f:46:a0'], 'ssids': ['iotroam', 'iotroam', 'iotroam'], 'signals': [-64, -54, -50], 'timestamps': [1.7832754642076728e+18, 1.7832754643576287e+18, 1.7832754645096287e+18], 'frequencies': [2412, 2437, 2462]}
10 26 1783275465435909788
{'names': ['NU-AP06167', 'NU-AP06164', 'NU-AP06163'], 'addresses': ['48:00:b3:5e:0b:e0', '48:00:b3:5f:72:e0', '48:00:b3:5f:46:a0'], 'ssids': ['iotroam', 'iotroam', 'iotroam'], 'signals': [-64, -54, -50], 'timestamps': [1.7832754642076728e+18, 1.7832754643576287e+18, 1.7832754645096287e+18], 'frequencies': [2412, 2437, 2462]}
10 27 1783275465485035081
{'names': ['NU-AP06167', 'NU-AP06164', 'NU-AP06163'], 'addresses': ['48:00:b3:5e:0b:e0', '48:00:b3:5f:72:e0', '48:00:b3:5f:46:a0'], 'ssids': ['iotroam', 'iotroam', 'iotroam'], 'signals': [-64, -54, -50], 'timestamps': [1.7832754642076728e+18, 1.7832754643576287e+18, 1.7832754645096287e+18], 'frequencies': [2412, 2437, 2462]}
10 28 1783275465532962833
{'names': ['NU-AP06167', 'NU-AP06164', 'NU-AP06163'], 'addresses': ['48:00:b3:5e:0b:e0', '48:00:b3:5f:72:e0', '48:00:b3:5f:46:a0'], 'ssids': ['iotroam', 'iotroam', 'iotroam'], 'signals': [-64, -54, -50], 'timestamps': [1.7832754642076728e+18, 1.7832754643576287e+18, 1.7832754645096287e+18], 'frequencies': [2412, 2437, 2462]}
10 29 1783275465581457998
{'names': ['NU-AP06167', 'NU-AP06164', 'NU-AP06163'], 'addresses': ['48:00:b3:5e:0b:e0', '48:00:b3:5f:72:e0', '48:00:b3:5f:46:a0'], 'ssids': ['iotroam', 'iotroam', 'iotroam'], 'signals': [-64, -54, -50], 'timestamps': [1.7832754642076728e+18, 1.7832754643576287e+18, 1.7832754645096287e+18], 'frequencies': [2412, 2437, 2462]}
10 30 1783275465630126473
{'names': ['NU-AP06167', 'NU-AP06164', 'NU-AP06163'], 'addresses': ['48:00:b3:5e:0b:e0', '48:00:b3:5f:72:e0', '48:00:b3:5f:46:a0'], 'ssids': ['iotroam', 'iotroam', 'iotroam'], 'signals': [-64, -54, -50], 'timestamps': [1.7832754642076728e+18, 1.7832754643576287e+18, 1.7832754645096287e+18], 'frequencies': [2412, 2437, 2462]}
10 31 1783275465679335945
{'names': ['NU-AP06167', 'NU-AP06164', 'NU-AP06163'], 'addresses': ['48:00:b3:5e:0b:e0', '48:00:b3:5f:72:e0', '48:00:b3:5f:46:a0'], 'ssids': ['iotroam', 'iotroam', 'iotroam'], 'signals': [-64, -54, -50], 'timestamps': [1.7832754642076728e+18, 1.7832754643576287e+18, 1.7832754645096287e+18], 'frequencies': [2412, 2437, 2462]}
10 32 1783275465727405753
{'names': ['NU-AP06167', 'NU-AP06164', 'NU-AP06163'], 'addresses': ['48:00:b3:5e:0b:e0', '48:00:b3:5f:72:e0', '48:00:b3:5f:46:a0'], 'ssids': ['iotroam', 'iotroam', 'iotroam'], 'signals': [-64, -54, -50], 'timestamps': [1.7832754642076728e+18, 1.7832754643576287e+18, 1.7832754645096287e+18], 'frequencies': [2412, 2437, 2462]}
10 33 1783275465776189863
{'names': ['NU-AP06167', 'NU-AP06164', 'NU-AP06163'], 'addresses': ['48:00:b3:5e:0b:e0', '48:00:b3:5f:72:e0', '48:00:b3:5f:46:a0'], 'ssids': ['iotroam', 'iotroam', 'iotroam'], 'signals': [-64, -54, -50], 'timestamps': [1.7832754642076728e+18, 1.7832754643576287e+18, 1.7832754645096287e+18], 'frequencies': [2412, 2437, 2462]}
13 34 1783275465823702907
{'names': ['NU-AP06167', 'NU-AP06164', 'NU-AP06163'], 'addresses': ['48:00:b3:5e:0b:e0', '48:00:b3:5f:72:e0', '48:00:b3:5f:46:a0'], 'ssids': ['iotroam', 'iotroam', 'iotroam'], 'signals': [-64, -54, -50], 'timestamps': [1.7832754642077028e+18, 1.7832754643577027e+18, 1.7832754645097027e+18], 'frequencies': [2412, 2437, 2462]}
16 35 1783275465874328423
{'names': ['NU-AP06167', 'NU-AP06164', 'NU-AP06163'], 'addresses': ['48:00:b3:5e:0b:e0', '48:00:b3:5f:72:e0', '48:00:b3:5f:46:a0'], 'ssids': ['iotroam', 'iotroam', 'iotroam'], 'signals': [-64, -54, -50], 'timestamps': [1.7832754642083282e+18, 1.7832754643583283e+18, 1.7832754645103283e+18], 'frequencies': [2412, 2437, 2462]}
16 36 1783275465923666272
{'names': ['NU-AP06167', 'NU-AP06164', 'NU-AP06163'], 'addresses': ['48:00:b3:5e:0b:e0', '48:00:b3:5f:72:e0', '48:00:b3:5f:46:a0'], 'ssids': ['iotroam', 'iotroam', 'iotroam'], 'signals': [-64, -54, -50], 'timestamps': [1.7832754642083282e+18, 1.7832754643583283e+18, 1.7832754645103283e+18], 'frequencies': [2412, 2437, 2462]}
16 37 1783275465971561720
{'names': ['NU-AP06167', 'NU-AP06164', 'NU-AP06163'], 'addresses': ['48:00:b3:5e:0b:e0', '48:00:b3:5f:72:e0', '48:00:b3:5f:46:a0'], 'ssids': ['iotroam', 'iotroam', 'iotroam'], 'signals': [-64, -54, -50], 'timestamps': [1.7832754642083282e+18, 1.7832754643583283e+18, 1.7832754645103283e+18], 'frequencies': [2412, 2437, 2462]}
16 38 1783275466022189074
{'names': ['NU-AP06167', 'NU-AP06164', 'NU-AP06163'], 'addresses': ['48:00:b3:5e:0b:e0', '48:00:b3:5f:72:e0', '48:00:b3:5f:46:a0'], 'ssids': ['iotroam', 'iotroam', 'iotroam'], 'signals': [-64, -54, -50], 'timestamps': [1.7832754642083282e+18, 1.7832754643583283e+18, 1.7832754645103283e+18], 'frequencies': [2412, 2437, 2462]}
16 39 1783275466071244293
{'names': ['NU-AP06167', 'NU-AP06164', 'NU-AP06163'], 'addresses': ['48:00:b3:5e:0b:e0', '48:00:b3:5f:72:e0', '48:00:b3:5f:46:a0'], 'ssids': ['iotroam', 'iotroam', 'iotroam'], 'signals': [-64, -54, -50], 'timestamps': [1.7832754642083282e+18, 1.7832754643583283e+18, 1.7832754645103283e+18], 'frequencies': [2412, 2437, 2462]}
16 41 1783275466119283326
{'names': ['NU-AP06167', 'NU-AP06164', 'NU-AP06163', 'NU-AP06162'], 'addresses': ['48:00:b3:5e:0b:e0', '48:00:b3:5f:72:e0', '48:00:b3:5f:46:a0', '48:00:b3:5a:90:8f'], 'ssids': ['iotroam', 'iotroam', 'iotroam', 'iotroam'], 'signals': [-64, -54, -50, -73], 'timestamps': [1.7832754642083282e+18, 1.7832754643583283e+18, 1.7832754645103283e+18, 1.7832754661092833e+18], 'frequencies': [2412, 2437, 2462, 5320]}
16 43 1783275466174432792
{'names': ['NU-AP06167', 'NU-AP06164', 'NU-AP06163', 'NU-AP06162', 'NU-AP06163'], 'addresses': ['48:00:b3:5e:0b:e0', '48:00:b3:5f:72:e0', '48:00:b3:5f:46:a0', '48:00:b3:5a:90:8f', '48:00:b3:5f:46:ad'], 'ssids': ['iotroam', 'iotroam', 'iotroam', 'iotroam', 'VU-Campusnet'], 'signals': [-64, -54, -50, -73, -57], 'timestamps': [1.7832754642083282e+18, 1.7832754643583283e+18, 1.7832754645103283e+18, 1.7832754661094328e+18, 1.7832754661234327e+18], 'frequencies': [2412, 2437, 2462, 5320, 5500]}
16 45 1783275466234825377
{'names': ['NU-AP06167', 'NU-AP06164', 'NU-AP06163', 'NU-AP06162', 'NU-AP06163'], 'addresses': ['48:00:b3:5e:0b:e0', '48:00:b3:5f:72:e0', '48:00:b3:5f:46:a0', '48:00:b3:5a:90:8f', '48:00:b3:5f:46:ad'], 'ssids': ['iotroam', 'iotroam', 'iotroam', 'iotroam', 'VU-Campusnet'], 'signals': [-64, -54, -50, -73, -57], 'timestamps': [1.7832754642083282e+18, 1.7832754643583283e+18, 1.7832754645103283e+18, 1.7832754661098255e+18, 1.7832754661238254e+18], 'frequencies': [2412, 2437, 2462, 5320, 5500]}
16 48 1783275466401989619
{'names': ['NU-AP06167', 'NU-AP06164', 'NU-AP06163', 'NU-AP06162', 'NU-AP06163', 'NU-AP06164'], 'addresses': ['48:00:b3:5e:0b:e0', '48:00:b3:5f:72:e0', '48:00:b3:5f:46:a0', '48:00:b3:5a:90:8f', '48:00:b3:5f:46:ad', '48:00:b3:5f:72:ef'], 'ssids': ['iotroam', 'iotroam', 'iotroam', 'iotroam', 'VU-Campusnet', 'iotroam'], 'signals': [-64, -54, -50, -73, -57, -67], 'timestamps': [1.7832754642083282e+18, 1.7832754643583283e+18, 1.7832754645103283e+18, 1.7832754661099896e+18, 1.7832754661239895e+18, 1.7832754663929897e+18], 'frequencies': [2412, 2437, 2462, 5320, 5500, 5540]}
16 49 1783275467325867218
{'names': ['NU-AP06167', 'NU-AP06164', 'NU-AP06163', 'NU-AP06162', 'NU-AP06163', 'NU-AP06164', 'NU-AP06167'], 'addresses': ['48:00:b3:5e:0b:e0', '48:00:b3:5f:72:e0', '48:00:b3:5f:46:a0', '48:00:b3:5a:90:8f', '48:00:b3:5f:46:ad', '48:00:b3:5f:72:ef', '48:00:b3:5e:0b:ef'], 'ssids': ['iotroam', 'iotroam', 'iotroam', 'iotroam', 'VU-Campusnet', 'iotroam', 'iotroam'], 'signals': [-64, -54, -50, -73, -57, -67, -79], 'timestamps': [1.7832754642083282e+18, 1.7832754643583283e+18, 1.7832754645103283e+18, 1.7832754661099896e+18, 1.7832754661239895e+18, 1.7832754663929897e+18, 1.7832754673158671e+18], 'frequencies': [2412, 2437, 2462, 5320, 5500, 5540, 5660]}
16 50 1783275467949878121
{'names': ['NU-AP06167', 'NU-AP06164', 'NU-AP06163', 'NU-AP06162', 'NU-AP06163', 'NU-AP06164', 'NU-AP06167'], 'addresses': ['48:00:b3:5e:0b:e0', '48:00:b3:5f:72:e0', '48:00:b3:5f:46:a0', '48:00:b3:5a:90:8f', '48:00:b3:5f:46:ad', '48:00:b3:5f:72:ef', '48:00:b3:5e:0b:ef'], 'ssids': ['iotroam', 'iotroam', 'iotroam', 'iotroam', 'VU-Campusnet', 'iotroam', 'iotroam'], 'signals': [-64, -54, -50, -73, -57, -67, -79], 'timestamps': [1.7832754642083282e+18, 1.7832754643583283e+18, 1.7832754645103283e+18, 1.7832754661099896e+18, 1.7832754661239895e+18, 1.7832754663929897e+18, 1.783275467315878e+18], 'frequencies': [2412, 2437, 2462, 5320, 5500, 5540, 5660]}
16 54 1783275468015287390
{'names': ['NU-AP06167', 'NU-AP06164', 'NU-AP06163', 'NU-AP06162', 'NU-AP06163', 'NU-AP06164', 'NU-AP06167'], 'addresses': ['48:00:b3:5e:0b:e0', '48:00:b3:5f:72:e0', '48:00:b3:5f:46:a0', '48:00:b3:5a:90:8f', '48:00:b3:5f:46:ad', '48:00:b3:5f:72:ef', '48:00:b3:5e:0b:ef'], 'ssids': ['iotroam', 'iotroam', 'iotroam', 'iotroam', 'VU-Campusnet', 'iotroam', 'iotroam'], 'signals': [-64, -54, -50, -73, -57, -67, -79], 'timestamps': [1.7832754642083282e+18, 1.7832754643583283e+18, 1.7832754645103283e+18, 1.7832754661102874e+18, 1.7832754661242872e+18, 1.7832754663932872e+18, 1.7832754673162872e+18], 'frequencies': [2412, 2437, 2462, 5320, 5500, 5540, 5660]}
17 54 1783275468676649755
{'names': ['NU-AP06167', 'NU-AP06164', 'NU-AP06163', 'NU-AP06162', 'NU-AP06163', 'NU-AP06164', 'NU-AP06167'], 'addresses': ['48:00:b3:5e:0b:e0', '48:00:b3:5f:72:e0', '48:00:b3:5f:46:a0', '48:00:b3:5a:90:8f', '48:00:b3:5f:46:ad', '48:00:b3:5f:72:ef', '48:00:b3:5e:0b:ef'], 'ssids': ['iotroam', 'iotroam', 'iotroam', 'iotroam', 'VU-Campusnet', 'iotroam', 'iotroam'], 'signals': [-66, -54, -50, -73, -57, -67, -79], 'timestamps': [1.7832754686706499e+18, 1.7832754643583283e+18, 1.7832754645103283e+18, 1.7832754661102874e+18, 1.7832754661242872e+18, 1.7832754663932872e+18, 1.7832754673162872e+18], 'frequencies': [2412, 2437, 2462, 5320, 5500, 5540, 5660]}
20 58 1783275468741506702
{'names': ['NU-AP06167', 'NU-AP06164', 'NU-AP06163', 'NU-AP06162', 'NU-AP06163', 'NU-AP06164', 'NU-AP06167'], 'addresses': ['48:00:b3:5e:0b:e0', '48:00:b3:5f:72:e0', '48:00:b3:5f:46:a0', '48:00:b3:5a:90:8f', '48:00:b3:5f:46:ad', '48:00:b3:5f:72:ef', '48:00:b3:5e:0b:ef'], 'ssids': ['iotroam', 'iotroam', 'iotroam', 'iotroam', 'VU-Campusnet', 'iotroam', 'iotroam'], 'signals': [-66, -54, -50, -73, -57, -67, -79], 'timestamps': [1.783275468671507e+18, 1.7832754643585068e+18, 1.7832754645105068e+18, 1.7832754661105068e+18, 1.783275466124507e+18, 1.7832754663935068e+18, 1.783275467316507e+18], 'frequencies': [2412, 2437, 2462, 5320, 5500, 5540, 5660]}
21 58 1783275468870963697
{'names': ['NU-AP06167', 'NU-AP06164', 'NU-AP06163', 'NU-AP06162', 'NU-AP06163', 'NU-AP06164', 'NU-AP06167'], 'addresses': ['48:00:b3:5e:0b:e0', '48:00:b3:5f:72:e1', '48:00:b3:5f:46:a0', '48:00:b3:5a:90:8f', '48:00:b3:5f:46:ad', '48:00:b3:5f:72:ef', '48:00:b3:5e:0b:ef'], 'ssids': ['iotroam', 'eduroam', 'iotroam', 'iotroam', 'VU-Campusnet', 'iotroam', 'iotroam'], 'signals': [-66, -54, -50, -73, -57, -67, -79], 'timestamps': [1.783275468671507e+18, 1.7832754688489636e+18, 1.7832754645105068e+18, 1.7832754661105068e+18, 1.783275466124507e+18, 1.7832754663935068e+18, 1.783275467316507e+18], 'frequencies': [2412, 2437, 2462, 5320, 5500, 5540, 5660]}
23 58 1783275469011365149
{'names': ['NU-AP06167', 'NU-AP06164', 'NU-AP06163', 'NU-AP06162', 'NU-AP06163', 'NU-AP06164', 'NU-AP06167'], 'addresses': ['48:00:b3:5e:0b:e0', '48:00:b3:5f:72:e1', '48:00:b3:5f:46:a0', '48:00:b3:5a:90:8f', '48:00:b3:5f:46:ad', '48:00:b3:5f:72:ef', '48:00:b3:5e:0b:ef'], 'ssids': ['iotroam', 'eduroam', 'iotroam', 'iotroam', 'VU-Campusnet', 'iotroam', 'iotroam'], 'signals': [-66, -54, -50, -73, -57, -67, -79], 'timestamps': [1.783275468671507e+18, 1.783275468849365e+18, 1.783275468992365e+18, 1.7832754661105068e+18, 1.783275466124507e+18, 1.7832754663935068e+18, 1.783275467316507e+18], 'frequencies': [2412, 2437, 2462, 5320, 5500, 5540, 5660]}
26 62 1783275470194365232
{'names': ['NU-AP06167', 'NU-AP06164', 'NU-AP06163', 'NU-AP06162', 'NU-AP06163', 'NU-AP06164', 'NU-AP06167'], 'addresses': ['48:00:b3:5e:0b:e0', '48:00:b3:5f:72:e1', '48:00:b3:5f:46:a0', '48:00:b3:5a:90:8f', '48:00:b3:5f:46:ad', '48:00:b3:5f:72:ef', '48:00:b3:5e:0b:ef'], 'ssids': ['iotroam', 'eduroam', 'iotroam', 'iotroam', 'VU-Campusnet', 'iotroam', 'iotroam'], 'signals': [-66, -54, -50, -73, -57, -67, -79], 'timestamps': [1.783275468672365e+18, 1.7832754688503652e+18, 1.7832754689933652e+18, 1.783275466111365e+18, 1.7832754661253652e+18, 1.7832754663943652e+18, 1.7832754673173652e+18], 'frequencies': [2412, 2437, 2462, 5320, 5500, 5540, 5660]}
29 66 1783275470282972085
{'names': ['NU-AP06167', 'NU-AP06164', 'NU-AP06163', 'NU-AP06162', 'NU-AP06163', 'NU-AP06164', 'NU-AP06167'], 'addresses': ['48:00:b3:5e:0b:e0', '48:00:b3:5f:72:e1', '48:00:b3:5f:46:a0', '48:00:b3:5a:90:8f', '48:00:b3:5f:46:ad', '48:00:b3:5f:72:ef', '48:00:b3:5e:0b:ef'], 'ssids': ['iotroam', 'eduroam', 'iotroam', 'iotroam', 'VU-Campusnet', 'iotroam', 'iotroam'], 'signals': [-66, -54, -50, -73, -57, -67, -79], 'timestamps': [1.7832754686729723e+18, 1.7832754688509722e+18, 1.7832754689939722e+18, 1.783275466111972e+18, 1.7832754661259722e+18, 1.7832754663949722e+18, 1.7832754673179722e+18], 'frequencies': [2412, 2437, 2462, 5320, 5500, 5540, 5660]}
32 70 1783275470412763711
{'names': ['NU-AP06167', 'NU-AP06164', 'NU-AP06163', 'NU-AP06162', 'NU-AP06163', 'NU-AP06164', 'NU-AP06167'], 'addresses': ['48:00:b3:5e:0b:e0', '48:00:b3:5f:72:e1', '48:00:b3:5f:46:a0', '48:00:b3:5a:90:8f', '48:00:b3:5f:46:ad', '48:00:b3:5f:72:ef', '48:00:b3:5e:0b:ef'], 'ssids': ['iotroam', 'eduroam', 'iotroam', 'iotroam', 'VU-Campusnet', 'iotroam', 'iotroam'], 'signals': [-66, -54, -50, -73, -57, -67, -79], 'timestamps': [1.7832754686757637e+18, 1.7832754688537636e+18, 1.7832754689967636e+18, 1.7832754661147638e+18, 1.7832754661287636e+18, 1.7832754663977636e+18, 1.7832754673207636e+18], 'frequencies': [2412, 2437, 2462, 5320, 5500, 5540, 5660]}
