0 1 1783275539499889989
{'names': [], 'addresses': [], 'ssids': [], 'signals': [], 'timestamps': [], 'frequencies': []}
1 2 1783275539544152397
{'names': ['NU-AP06167'], 'addresses': ['48:00:b3:5e:0b:e0'], 'ssids': ['iotroam'], 'signals': [-67], 'timestamps': [1.7832755395041523e+18], 'frequencies': [2412]}
1 3 1783275539588298287
{'names': ['NU-AP06167'], 'addresses': ['48:00:b3:5e:0b:e0'], 'ssids': ['iotroam'], 'signals': [-67], 'timestamps': [1.7832755395041523e+18], 'frequencies': [2412]}
1 4 1783275539631965757
{'names': ['NU-AP06167'], 'addresses': ['48:00:b3:5e:0b:e0'], 'ssids': ['iotroam'], 'signals': [-67], 'timestamps': [1.7832755395041523e+18], 'frequencies': [2412]}
2 5 1783275539676003104
{'names': ['NU-AP06167', 'NU-AP06164'], 'addresses': ['48:00:b3:5e:0b:e0', '48:00:b3:5f:72:e0'], 'ssids': ['iotroam', 'iotroam'], 'signals': [-67, -55], 'timestamps': [1.7832755395041523e+18, 1.783275539648003e+18], 'frequencies': [2412, 2437]}
2 6 1783275539721847111
{'names': ['NU-AP06167', 'NU-AP06164'], 'addresses': ['48:00:b3:5e:0b:e0', '48:00:b3:5f:72:e0'], 'ssids': ['iotroam', 'iotroam'], 'signals': [-67, -55], 'timestamps': [1.7832755395041523e+18, 1.783275539648003e+18], 'frequencies': [2412, 2437]}
2 7 1783275539767424839
{'names': ['NU-AP06167', 'NU-AP06164'], 'addresses': ['48:00:b3:5e:0b:e0', '48:00:b3:5f:72:e0'], 'ssids': ['iotroam', 'iotroam'], 'signals': [-67, -55], 'timestamps': [1.7832755395041523e+18, 1.783275539648003e+18], 'frequencies': [2412, 2437]}
5 8 1783275539812544897
{'names': ['NU-AP06167', 'NU-AP06164', 'NU-AP06163'], 'addresses': ['48:00:b3:5e:0b:e0', '48:00:b3:5f:72:e0', '48:00:b3:5f:46:a0'], 'ssids': ['iotroam', 'iotroam', 'iotroam'], 'signals': [-67, -55, -51], 'timestamps': [1.783275539504545e+18, 1.783275539648545e+18, 1.783275539806545e+18], 'frequencies': [2412, 2437, 2462]}
5 9 1783275539859468456
{'names': ['NU-AP06167', 'NU-AP06164', 'NU-AP06163'], 'addresses': ['48:00:b3:5e:0b:e0', '48:00:b3:5f:72:e0', '48:00:b3:5f:46:a0'], 'ssids': ['iotroam', 'iotroam', 'iotroam'], 'signals': [-67, -55, -51], 'timestamps': [1.783275539504545e+18, 1.783275539648545e+18, 1.783275539806545e+18], 'frequencies': [2412, 2437, 2462]}
5 10 1783275539907205800
{'names': ['NU-AP06167', 'NU-AP06164', 'NU-AP06163'], 'addresses': ['48:00:b3:5e:0b:e0', '48:00:b3:5f:72:e0', '48:00:b3:5f:46:a0'], 'ssids': ['iotroam', 'iotroam', 'iotroam'], 'signals': [-67, -55, -51], 'timestamps': [1.783275539504545e+18, 1.783275539648545e+18, 1.783275539806545e+18], 'frequencies': [2412, 2437, 2462]}
5 11 1783275539955257022
{'names': ['NU-AP06167', 'NU-AP06164', 'NU-AP06163'], 'addresses': ['48:00:b3:5e:0b:e0', '48:00:b3:5f:72:e0', '48:00:b3:5f:46:a0'], 'ssids': ['iotroam', 'iotroam', 'iotroam'], 'signals': [-67, -55, -51], 'timestamps': [1.783275539504545e+18, 1.783275539648545e+18, 1.783275539806545e+18], 'frequencies': [2412, 2437, 2462]}
5 12 1783275540001885048
{'names': ['NU-AP06167', 'NU-AP06164', 'NU-AP06163'], 'addresses': ['48:00:b3:5e:0b:e0', '48:00:b3:5f:72:e0', '48:00:b3:5f:46:a0'], 'ssids': ['iotroam', 'iotroam', 'iotroam'], 'signals': [-67, -55, -51], 'timestamps': [1.783275539504545e+18, 1.783275539648545e+18, 1.783275539806545e+18], 'frequencies': [2412, 2437, 2462]}
5 13 1783275540053731577
{'names': ['NU-AP06167', 'NU-AP06164', 'NU-AP06163'], 'addresses': ['48:00:b3:5e:0b:e0', '48:00:b3:5f:72:e0', '48:00:b3:5f:46:a0'], 'ssids': ['iotroam', 'iotroam', 'iotroam'], 'signals': [-67, -55, -51], 'timestamps': [1.783275539504545e+18, 1.783275539648545e+18, 1.783275539806545e+18], 'frequencies': [2412, 2437, 2462]}
5 14 1783275540102635916
{'names': ['NU-AP06167', 'NU-AP06164', 'NU-AP06163'], 'addresses': ['48:00:b3:5e:0b:e0', '48:00:b3:5f:72:e0', '48:00:b3:5f:46:a0'], 'ssids': ['iotroam', 'iotroam', 'iotroam'], 'signals': [-67, -55, -51], 'timestamps': [1.783275539504545e+18, 1.783275539648545e+18, 1.783275539806545e+18], 'frequencies': [2412, 2437, 2462]}
5 15 1783275540150236752
{'names': ['NU-AP06167', 'NU-AP06164', 'NU-AP06163'], 'addresses': ['48:00:b3:5e:0b:e0', '48:00:b3:5f:72:e0', '48:00:b3:5f:46:a0'], 'ssids': ['iotroam', 'iotroam', 'iotroam'], 'signals': [-67, -55, -51], 'timestamps': [1.783275539504545e+18, 1.783275539648545e+18, 1.783275539806545e+18], 'frequencies': [2412, 2437, 2462]}
5 16 1783275540195623416
{'names': ['NU-AP06167', 'NU-AP06164', 'NU-AP06163'], 'addresses': ['48:00:b3:5e:0b:e0', '48:00:b3:5f:72:e0', '48:00:b3:5f:46:a0'], 'ssids': ['iotroam', 'iotroam', 'iotroam'], 'signals': [-67, -55, -51], 'timestamps': [1.783275539504545e+18, 1.783275539648545e+18, 1.783275539806545e+18], 'frequencies': [2412, 2437, 2462]}
8 17 1783275540243548551
{'names': ['NU-AP06167', 'NU-AP06164', 'NU-AP06163'], 'addresses': ['48:00:b3:5e:0b:e0', '48:00:b3:5f:72:e0', '48:00:b3:5f:46:a0'], 'ssids': ['iotroam', 'iotroam', 'iotroam'], 'signals': [-67, -55, -51], 'timestamps': [1.7832755395045486e+18, 1.7832755396485486e+18, 1.7832755398065487e+18], 'frequencies': [2412, 2437, 2462]}
8 18 1783275540290643022
{'names': ['NU-AP06167', 'NU-AP06164', 'NU-AP06163'], 'addresses': ['48:00:b3:5e:0b:e0', '48:00:b3:5f:72:e0', '48:00:b3:5f:46:a0'], 'ssids': ['iotroam', 'iotroam', 'iotroam'], 'signals': [-67, -55, -51], 'timestamps': [1.7832755395045486e+18, 1.7832755396485486e+18, 1.7832755398065487e+18], 'frequencies': [2412, 2437, 2462]}
11 19 1783275540339560870
{'names': ['NU-AP06167', 'NU-AP06164', 'NU-AP06163'], 'addresses': ['48:00:b3:5e:0b:e0', '48:00:b3:5f:72:e0', '48:00:b3:5f:46:a0'], 'ssids': ['iotroam', 'iotroam', 'iotroam'], 'signals': [-67, -55, -51], 'timestamps': [1.783275539504561e+18, 1.783275539648561e+18, 1.783275539806561e+18], 'frequencies': [2412, 2437, 2462]}
11 20 1783275540389304886
{'names': ['NU-AP06167', 'NU-AP06164', 'NU-AP06163'], 'addresses': ['48:00:b3:5e:0b:e0', '48:00:b3:5f:72:e0', '48:00:b3:5f:46:a0'], 'ssids': ['iotroam', 'iotroam', 'iotroam'], 'signals': [-67, -55, -51], 'timestamps': [1.783275539504561e+18, 1.783275539648561e+18, 1.783275539806561e+18], 'frequencies': [2412, 2437, 2462]}
11 21 1783275540436481129
{'names': ['NU-AP06167', 'NU-AP06164', 'NU-AP06163'], 'addresses': ['48:00:b3:5e:0b:e0', '48:00:b3:5f:72:e0', '48:00:b3:5f:46:a0'], 'ssids': ['iotroam', 'iotroam', 'iotroam'], 'signals': [-67, -55, -51], 'timestamps': [1.783275539504561e+18, 1.783275539648561e+18, 1.783275539806561e+18], 'frequencies': [2412, 2437, 2462]}
11 22 1783275540485174094
{'names': ['NU-AP06167', 'NU-AP06164', 'NU-AP06163'], 'addresses': ['48:00:b3:5e:0b:e0', '48:00:b3:5f:72:e0', '48:00:b3:5f:46:a0'], 'ssids': ['iotroam', 'iotroam', 'iotroam'], 'signals': [-67, -55, -51], 'timestamps': [1.783275539504561e+18, 1.783275539648561e+18, 1.783275539806561e+18], 'frequencies': [2412, 2437, 2462]}
11 23 1783275540532396766
{'names': ['NU-AP06167', 'NU-AP06164', 'NU-AP06163'], 'addresses': ['48:00:b3:5e:0b:e0', '48:00:b3:5f:72:e0', '48:00:b3:5f:46:a0'], 'ssids': ['iotroam', 'iotroam', 'iotroam'], 'signals': [-67, -55, -51], 'timestamps': [1.783275539504561e+18, 1.783275539648561e+18, 1.783275539806561e+18], 'frequencies': [2412, 2437, 2462]}
11 24 1783275540578756759
{'names': ['NU-AP06167', 'NU-AP06164', 'NU-AP06163'], 'addresses': ['48:00:b3:5e:0b:e0', '48:00:b3:5f:72:e0', '48:00:b3:5f:46:a0'], 'ssids': ['iotroam', 'iotroam', 'iotroam'], 'signals': [-67, -55, -51], 'timestamps': [1.783275539504561e+18, 1.783275539648561e+18, 1.783275539806561e+18], 'frequencies': [2412, 2437, 2462]}
11 25 1783275540625683651
{'names': ['NU-AP06167', 'NU-AP06164', 'NU-AP06163'], 'addresses': ['48:00:b3:5e:0b:e0', '48:00:b3:5f:72:e0', '48:00:b3:5f:46:a0'], 'ssids': ['iotroam', 'iotroam', 'iotroam'], 'signals': [-67, -55, -51], 'timestamps': [1.783275539504561e+18, 1.783275539648561e+18, 1.783275539806561e+18], 'frequencies': [2412, 2437, 2462]}
11 26 1783275540673388172
{'names': ['NU-AP06167', 'NU-AP06164', 'NU-AP06163'], 'addresses': ['48:00:b3:5e:0b:e0', '48:00:b3:5f:72:e0', '48:00:b3:5f:46:a0'], 'ssids': ['iotroam', 'iotroam', 'iotroam'], 'signals': [-67, -55, -51], 'timestamps': [1.783275539504561e+18, 1.783275539648561e+18, 1.783275539806561e+18], 'frequencies': [2412, 2437, 2462]}
11 27 1783275540721681503
{'names': ['NU-AP06167', 'NU-AP06164', 'NU-AP06163'], 'addresses': ['48:00:b3:5e:0b:e0', '48:00:b3:5f:72:e0', '48:00:b3:5f:46:a0'], 'ssids': ['iotroam', 'iotroam', 'iotroam'], 'signals': [-67, -55, -51], 'timestamps': [1.783275539504561e+18, 1.783275539648561e+18, 1.783275539806561e+18], 'frequencies': [2412, 2437, 2462]}
11 28 1783275540769579314
{'names': ['NU-AP06167', 'NU-AP06164', 'NU-AP06163'], 'addresses': ['48:00:b3:5e:0b:e0', '48:00:b3:5f:72:e0', '48:00:b3:5f:46:a0'], 'ssids': ['iotroam', 'iotroam', 'iotroam'], 'signals': [-67, -55, -51], 'timestamps': [1.783275539504561e+18, 1.783275539648561e+18, 1.783275539806561e+18], 'frequencies': [2412, 2437, 2462]}
14 29 1783275540816116538
{'names': ['NU-AP06167', 'NU-AP06164', 'NU-AP06163'], 'addresses': ['48:00:b3:5e:0b:e0', '48:00:b3:5f:72:e0', '48:00:b3:5f:46:a0'], 'ssids': ['iotroam', 'iotroam', 'iotroam'], 'signals': [-67, -55, -51], 'timestamps': [1.7832755395051164e+18, 1.7832755396491164e+18, 1.7832755398071165e+18], 'frequencies': [2412, 2437, 2462]}
14 30 1783275540862119923
{'names': ['NU-AP06167', 'NU-AP06164', 'NU-AP06163'], 'addresses': ['48:00:b3:5e:0b:e0', '48:00:b3:5f:72:e0', '48:00:b3:5f:46:a0'], 'ssids': ['iotroam', 'iotroam', 'iotroam'], 'signals': [-67, -55, -51], 'timestamps': [1.7832755395051164e+18, 1.7832755396491164e+18, 1.7832755398071165e+18], 'frequencies': [2412, 2437, 2462]}
14 31 1783275540921008981
{'names': ['NU-AP06167', 'NU-AP06164', 'NU-AP06163'], 'addresses': ['48:00:b3:5e:0b:e0', '48:00:b3:5f:72:e0', '48:00:b3:5f:46:a0'], 'ssids': ['iotroam', 'iotroam', 'iotroam'], 'signals': [-67, -55, -51], 'timestamps': [1.7832755395051164e+18, 1.7832755396491164e+18, 1.7832755398071165e+18], 'frequencies': [2412, 2437, 2462]}
17 32 1783275541015849837
{'names': ['NU-AP06167', 'NU-AP06164', 'NU-AP06163'], 'addresses': ['48:00:b3:5e:0b:e0', '48:00:b3:5f:72:e0', '48:00:b3:5f:46:a0'], 'ssids': ['iotroam', 'iotroam', 'iotroam'], 'signals': [-67, -55, -51], 'timestamps': [1.7832755395088497e+18, 1.7832755396528497e+18, 1.7832755398108498e+18], 'frequencies': [2412, 2437, 2462]}
17 33 1783275541077116457
{'names': ['NU-AP06167', 'NU-AP06164', 'NU-AP06163'], 'addresses': ['48:00:b3:5e:0b:e0', '48:00:b3:5f:72:e0', '48:00:b3:5f:46:a0'], 'ssids': ['iotroam', 'iotroam', 'iotroam'], 'signals': [-67, -55, -51], 'timestamps': [1.7832755395088497e+18, 1.7832755396528497e+18, 1.7832755398108498e+18], 'frequencies': [2412, 2437, 2462]}
17 34 1783275541124037399
{'names': ['NU-AP06167', 'NU-AP06164', 'NU-AP06163'], 'addresses': ['48:00:b3:5e:0b:e0', '48:00:b3:5f:72:e0', '48:00:b3:5f:46:a0'], 'ssids': ['iotroam', 'iotroam', 'iotroam'], 'signals': [-67, -55, -51], 'timestamps': [1.7832755395088497e+18, 1.7832755396528497e+18, 1.7832755398108498e+18], 'frequencies': [2412, 2437, 2462]}
17 35 1783275541173158411
{'names': ['NU-AP06167', 'NU-AP06164', 'NU-AP06163'], 'addresses': ['48:00:b3:5e:0b:e0', '48:00:b3:5f:72:e0', '48:00:b3:5f:46:a0'], 'ssids': ['iotroam', 'iotroam', 'iotroam'], 'signals': [-67, -55, -51], 'timestamps': [1.7832755395088497e+18, 1.7832755396528497e+18, 1.7832755398108498e+18], 'frequencies': [2412, 2437, 2462]}
17 36 1783275541220553677
{'names': ['NU-AP06167', 'NU-AP06164', 'NU-AP06163'], 'addresses': ['48:00:b3:5e:0b:e0', '48:00:b3:5f:72:e0', '48:00:b3:5f:46:a0'], 'ssids': ['iotroam', 'iotroam', 'iotroam'], 'signals': [-67, -55, -51], 'timestamps': [1.7832755395088497e+18, 1.7832755396528497e+18, 1.7832755398108498e+18], 'frequencies': [2412, 2437, 2462]}
17 37 1783275541266987483
{'names': ['NU-AP06167', 'NU-AP06164', 'NU-AP06163'], 'addresses': ['48:00:b3:5e:0b:e0', '48:00:b3:5f:72:e0', '48:00:b3:5f:46:a0'], 'ssids': ['iotroam', 'iotroam', 'iotroam'], 'signals': [-67, -55, -51], 'timestamps': [1.7832755395088497e+18, 1.7832755396528497e+18, 1.7832755398108498e+18], 'frequencies': [2412, 2437, 2462]}
17 38 1783275541313647961
{'names': ['NU-AP06167', 'NU-AP06164', 'NU-AP06163'], 'addresses': ['48:00:b3:5e:0b:e0', '48:00:b3:5f:72:e0', '48:00:b3:5f:46:a0'], 'ssids': ['iotroam', 'iotroam', 'iotroam'], 'signals': [-67, -55, -51], 'timestamps': [1.7832755395088497e+18, 1.7832755396528497e+18, 1.7832755398108498e+18], 'frequencies': [2412, 2437, 2462]}
17 39 1783275541360808355
{'names': ['NU-AP06167', 'NU-AP06164', 'NU-AP06163'], 'addresses': ['48:00:b3:5e:0b:e0', '48:00:b3:5f:72:e0', '48:00:b3:5f:46:a0'], 'ssids': ['iotroam', 'iotroam', 'iotroam'], 'signals': [-67, -55, -51], 'timestamps': [1.7832755395088497e+18, 1.7832755396528497e+18, 1.7832755398108498e+18], 'frequencies': [2412, 2437, 2462]}
17 41 1783275541408532603
{'names': ['NU-AP06167', 'NU-AP06164', 'NU-AP06163', 'NU-AP06163', 'NU-AP06162'], 'addresses': ['48:00:b3:5e:0b:e0', '48:00:b3:5f:72:e0', '48:00:b3:5f:46:a0', '48:00:b3:5f:46:ad', '48:00:b3:5a:90:8f'], 'ssids': ['iotroam', 'iotroam', 'iotroam', 'VU-Campusnet', 'iotroam'], 'signals': [-67, -55, -51, -59, -74], 'timestamps': [1.7832755395088497e+18, 1.7832755396528497e+18, 1.7832755398108498e+18, 1.7832755413875325e+18, 1.7832755413715325e+18], 'frequencies': [2412, 2437, 2462, 5500, 5320]}
17 42 1783275541669331101
{'names': ['NU-AP06167', 'NU-AP06164', 'NU-AP06163', 'NU-AP06163', 'NU-AP06162', 'NU-AP06164'], 'addresses': ['48:00:b3:5e:0b:e0', '48:00:b3:5f:72:e0', '48:00:b3:5f:46:a0', '48:00:b3:5f:46:ad', '48:00:b3:5a:90:8f', '48:00:b3:5f:72:ef'], 'ssids': ['iotroam', 'iotroam', 'iotroam', 'VU-Campusnet', 'iotroam', 'iotroam'], 'signals': [-67, -55, -51, -59, -74, -67], 'timestamps': [1.7832755395088497e+18, 1.7832755396528497e+18, 1.7832755398108498e+18, 1.7832755413875325e+18, 1.7832755413715325e+18, 1.7832755416563313e+18], 'frequencies': [2412, 2437, 2462, 5500, 5320, 5540]}
17 43 1783275541729433943
{'names': ['NU-AP06167', 'NU-AP06164', 'NU-AP06163', 'NU-AP06163', 'NU-AP06162', 'NU-AP06164'], 'addresses': ['48:00:b3:5e:0b:e0', '48:00:b3:5f:72:e0', '48:00:b3:5f:46:a0', '48:00:b3:5f:46:ad', '48:00:b3:5a:90:8f', '48:00:b3:5f:72:ef'], 'ssids': ['iotroam', 'iotroam', 'iotroam', 'VU-Campusnet', 'iotroam', 'iotroam'], 'signals': [-67, -55, -51, -59, -74, -67], 'timestamps': [1.7832755395088497e+18, 1.7832755396528497e+18, 1.7832755398108498e+18, 1.7832755413875325e+18, 1.7832755413715325e+18, 1.783275541656434e+18], 'frequencies': [2412, 2437, 2462, 5500, 5320, 5540]}
17 46 1783275541789832890
{'names': ['NU-AP06167', 'NU-AP06164', 'NU-AP06163', 'NU-AP06163', 'NU-AP06162', 'NU-AP06164'], 'addresses': ['48:00:b3:5e:0b:e0', '48:00:b3:5f:72:e0', '48:00:b3:5f:46:a0', '48:00:b3:5f:46:ad', '48:00:b3:5a:90:8f', '48:00:b3:5f:72:ef'], 'ssids': ['iotroam', 'iotroam', 'iotroam', 'VU-Campusnet', 'iotroam', 'iotroam'], 'signals': [-67, -55, -51, -59, -74, -67], 'timestamps': [1.7832755395088497e+18, 1.7832755396528497e+18, 1.7832755398108498e+18, 1.7832755413878328e+18, 1.7832755413718328e+18, 1.783275541656833e+18], 'frequencies': [2412, 2437, 2462, 5500, 5320, 5540]}
17 49 1783275541850354582
{'names': ['NU-AP06167', 'NU-AP06164', 'NU-AP06163', 'NU-AP06163', 'NU-AP06162', 'NU-AP06164'], 'addresses': ['48:00:b3:5e:0b:e0', '48:00:b3:5f:72:e0', '48:00:b3:5f:46:a0', '48:00:b3:5f:46:ad', '48:00:b3:5a:90:8f', '48:00:b3:5f:72:ef'], 'ssids': ['iotroam', 'iotroam', 'iotroam', 'VU-Campusnet', 'iotroam', 'iotroam'], 'signals': [-67, -55, -51, -59, -74, -67], 'timestamps': [1.7832755395088497e+18, 1.7832755396528497e+18, 1.7832755398108498e+18, 1.7832755413883546e+18, 1.7832755413723546e+18, 1.7832755416573548e+18], 'frequencies': [2412, 2437, 2462, 5500, 5320, 5540]}
17 50 1783275542581625270
{'names': ['NU-AP06167', 'NU-AP06164', 'NU-AP06163', 'NU-AP06163', 'NU-AP06162', 'NU-AP06164', 'NU-AP06167'], 'addresses': ['48:00:b3:5e:0b:e0', '48:00:b3:5f:72:e0', '48:00:b3:5f:46:a0', '48:00:b3:5f:46:ad', '48:00:b3:5a:90:8f', '48:00:b3:5f:72:ef', '48:00:b3:5e:0b:ef'], 'ssids': ['iotroam', 'iotroam', 'iotroam', 'VU-Campusnet', 'iotroam', 'iotroam', 'iotroam'], 'signals': [-67, -55, -51, -59, -74, -67, -79], 'timestamps': [1.7832755395088497e+18, 1.7832755396528497e+18, 1.7832755398108498e+18, 1.7832755413883546e+18, 1.7832755413723546e+18, 1.7832755416573548e+18, 1.7832755425776253e+18], 'frequencies': [2412, 2437, 2462, 5500, 5320, 5540, 5660]}
17 51 1783275542647174337
{'names': ['NU-AP06167', 'NU-AP06164', 'NU-AP06163', 'NU-AP06163', 'NU-AP06162', 'NU-AP06164', 'NU-AP06167'], 'addresses': ['48:00:b3:5e:0b:e0', '48:00:b3:5f:72:e0', '48:00:b3:5f:46:a0', '48:00:b3:5f:46:ad', '48:00:b3:5a:90:8f', '48:00:b3:5f:72:ef', '48:00:b3:5e:0b:ef'], 'ssids': ['iotroam', 'iotroam', 'iotroam', 'VU-Campusnet', 'iotroam', 'iotroam', 'iotroam'], 'signals': [-67, -55, -51, -59, -74, -67, -79], 'timestamps': [1.7832755395088497e+18, 1.7832755396528497e+18, 1.7832755398108498e+18, 1.7832755413883546e+18, 1.7832755413723546e+18, 1.7832755416573548e+18, 1.7832755425781745e+18], 'frequencies': [2412, 2437, 2462, 5500, 5320, 5540, 5660]}
17 55 1783275543014938852
{'names': ['NU-AP06167', 'NU-AP06164', 'NU-AP06163', 'NU-AP06163', 'NU-AP06162', 'NU-AP06164', 'NU-AP06167'], 'addresses': ['48:00:b3:5e:0b:e0', '48:00:b3:5f:72:e0', '48:00:b3:5f:46:a0', '48:00:b3:5f:46:ad', '48:00:b3:5a:90:8f', '48:00:b3:5f:72:ef', '48:00:b3:5e:0b:ef'], 'ssids': ['iotroam', 'iotroam', 'iotroam', 'VU-Campusnet', 'iotroam', 'iotroam', 'iotroam'], 'signals': [-67, -55, -51, -59, -74, -67, -79], 'timestamps': [1.7832755395088497e+18, 1.7832755396528497e+18, 1.7832755398108498e+18, 1.7832755413889388e+18, 1.7832755413729388e+18, 1.783275541657939e+18, 1.783275542578939e+18], 'frequencies': [2412, 2437, 2462, 5500, 5320, 5540, 5660]}
18 59 1783275543955451967
{'names': ['NU-AP06167', 'NU-AP06164', 'NU-AP06163', 'NU-AP06163', 'NU-AP06162', 'NU-AP06164', 'NU-AP06167'], 'addresses': ['48:00:b3:5e:0b:e0', '48:00:b3:5f:72:e0', '48:00:b3:5f:46:a0', '48:00:b3:5f:46:ad', '48:00:b3:5a:90:8f', '48:00:b3:5f:72:ef', '48:00:b3:5e:0b:ef'], 'ssids': ['iotroam', 'iotroam', 'iotroam', 'VU-Campusnet', 'iotroam', 'iotroam', 'iotroam'], 'signals': [-68, -55, -51, -59, -74, -67, -79], 'timestamps': [1.7832755439484518e+18, 1.7832755396528497e+18, 1.7832755398108498e+18, 1.7832755413894518e+18, 1.7832755413734518e+18, 1.783275541658452e+18, 1.783275542579452e+18], 'frequencies': [2412, 2437, 2462, 5500, 5320, 5540, 5660]}
19 59 1783275544157476267
{'names': ['NU-AP06167', 'NU-AP06164', 'NU-AP06163', 'NU-AP06163', 'NU-AP06162', 'NU-AP06164', 'NU-AP06167'], 'addresses': ['48:00:b3:5e:0b:e0', '48:00:b3:5f:72:e2', '48:00:b3:5f:46:a0', '48:00:b3:5f:46:ad', '48:00:b3:5a:90:8f', '48:00:b3:5f:72:ef', '48:00:b3:5e:0b:ef'], 'ssids': ['iotroam', 'VU-Campusnet', 'iotroam', 'VU-Campusnet', 'iotroam', 'iotroam', 'iotroam'], 'signals': [-68, -55, -51, -59, -74, -67, -79], 'timestamps': [1.7832755439484518e+18, 1.7832755441124764e+18, 1.7832755398108498e+18, 1.7832755413894518e+18, 1.7832755413734518e+18, 1.783275541658452e+18, 1.783275542579452e+18], 'frequencies': [2412, 2437, 2462, 5500, 5320, 5540, 5660]}
20 59 1783275544295833029
{'names': ['NU-AP06167', 'NU-AP06164', 'NU-AP06163', 'NU-AP06163', 'NU-AP06162', 'NU-AP06164', 'NU-AP06167'], 'addresses': ['48:00:b3:5e:0b:e0', '48:00:b3:5f:72:e2', '48:00:b3:5f:46:a0', '48:00:b3:5f:46:ad', '48:00:b3:5a:90:8f', '48:00:b3:5f:72:ef', '48:00:b3:5e:0b:ef'], 'ssids': ['iotroam', 'VU-Campusnet', 'iotroam', 'VU-Campusnet', 'iotroam', 'iotroam', 'iotroam'], 'signals': [-68, -55, -50, -59, -74, -67, -79], 'timestamps': [1.7832755439484518e+18, 1.7832755441124764e+18, 1.783275544256833e+18, 1.7832755413894518e+18, 1.7832755413734518e+18, 1.783275541658452e+18, 1.783275542579452e+18], 'frequencies': [2412, 2437, 2462, 5500, 5320, 5540, 5660]}
21 59 1783275544366938999
{'names': ['NU-AP06167', 'NU-AP06164', 'NU-AP06163', 'NU-AP06163', 'NU-AP06162', 'NU-AP06164', 'NU-AP06167'], 'addresses': ['48:00:b3:5e:0b:e0', '48:00:b3:5f:72:e2', '48:00:b3:5f:46:a0', '48:00:b3:5f:46:ad', '48:00:b3:5a:90:8f', '48:00:b3:5f:72:ef', '48:00:b3:5e:0b:ef'], 'ssids': ['iotroam', 'VU-Campusnet', 'iotroam', 'VU-Campusnet', 'iotroam', 'iotroam', 'iotroam'], 'signals': [-68, -55, -50, -59, -74, -67, -79], 'timestamps': [1.7832755439484518e+18, 1.7832755441124764e+18, 1.783275544256939e+18, 1.7832755413894518e+18, 1.7832755413734518e+18, 1.783275541658452e+18, 1.783275542579452e+18], 'frequencies': [2412, 2437, 2462, 5500, 5320, 5540, 5660]}
22 59 1783275544645976318
{'names': ['NU-AP06167', 'NU-AP06164', 'NU-AP06163', 'NU-AP06163', 'NU-AP06162', 'NU-AP06164', 'NU-AP06167'], 'addresses': ['48:00:b3:5e:0b:e0', '48:00:b3:5f:72:e2', '48:00:b3:5f:46:a0', '48:00:b3:5f:46:ad', '48:00:b3:5a:90:8f', '48:00:b3:5f:72:ef', '48:00:b3:5e:0b:ef'], 'ssids': ['iotroam', 'VU-Campusnet', 'iotroam', 'VU-Campusnet', 'iotroam', 'iotroam', 'iotroam'], 'signals': [-68, -55, -50, -59, -74, -67, -79], 'timestamps': [1.7832755439484518e+18, 1.7832755441124764e+18, 1.7832755442569764e+18, 1.7832755413894518e+18, 1.7832755413734518e+18, 1.783275541658452e+18, 1.783275542579452e+18], 'frequencies': [2412, 2437, 2462, 5500, 5320, 5540, 5660]}
23 59 1783275544784102879
{'names': ['NU-AP06167', 'NU-AP06164', 'NU-AP06163', 'NU-AP06163', 'NU-AP06162', 'NU-AP06164', 'NU-AP06167'], 'addresses': ['48:00:b3:5e:0b:e0', '48:00:b3:5f:72:e2', '48:00:b3:5f:46:a0', '48:00:b3:5f:46:ad', '48:00:b3:5a:90:8f', '48:00:b3:5f:72:ef', '48:00:b3:5e:0b:ef'], 'ssids': ['iotroam', 'VU-Campusnet', 'iotroam', 'VU-Campusnet', 'iotroam', 'iotroam', 'iotroam'], 'signals': [-68, -55, -50, -59, -74, -67, -79], 'timestamps': [1.7832755439484518e+18, 1.7832755441124764e+18, 1.7832755442571028e+18, 1.7832755413894518e+18, 1.7832755413734518e+18, 1.783275541658452e+18, 1.783275542579452e+18], 'frequencies': [2412, 2437, 2462, 5500, 5320, 5540, 5660]}
25 59 1783275545194880598
{'names': ['NU-AP06167', 'NU-AP06164', 'NU-AP06163', 'NU-AP06163', 'NU-AP06162', 'NU-AP06164', 'NU-AP06167'], 'addresses': ['48:00:b3:5e:0b:e0', '48:00:b3:5f:72:e2', '48:00:b3:5f:46:a0', '48:00:b3:5f:46:ad', '48:00:b3:5a:90:8f', '48:00:b3:5f:72:ef', '48:00:b3:5e:0b:ef'], 'ssids': ['iotroam', 'VU-Campusnet', 'iotroam', 'VU-Campusnet', 'iotroam', 'iotroam', 'iotroam'], 'signals': [-68, -55, -50, -59, -74, -67, -79], 'timestamps': [1.7832755439484518e+18, 1.7832755441128806e+18, 1.7832755442578806e+18, 1.7832755413894518e+18, 1.7832755413734518e+18, 1.783275541658452e+18, 1.783275542579452e+18], 'frequencies': [2412, 2437, 2462, 5500, 5320, 5540, 5660]}
25 60 1783275545798969702
{'names': ['NU-AP06167', 'NU-AP06164', 'NU-AP06163', 'NU-AP06163', 'NU-AP06162', 'NU-AP06164', 'NU-AP06167'], 'addresses': ['48:00:b3:5e:0b:e0', '48:00:b3:5f:72:e2', '48:00:b3:5f:46:a0', '48:00:b3:5f:46:ae', '48:00:b3:5a:90:8f', '48:00:b3:5f:72:ef', '48:00:b3:5e:0b:ef'], 'ssids': ['iotroam', 'VU-Campusnet', 'iotroam', 'eduroam', 'iotroam', 'iotroam', 'iotroam'], 'signals': [-68, -55, -50, -60, -74, -67, -79], 'timestamps': [1.7832755439484518e+18, 1.7832755441128806e+18, 1.7832755442578806e+18, 1.7832755457959695e+18, 1.7832755413734518e+18, 1.783275541658452e+18, 1.783275542579452e+18], 'frequencies': [2412, 2437, 2462, 5500, 5320, 5540, 5660]}
25 61 1783275545869545442
{'names': ['NU-AP06167', 'NU-AP06164', 'NU-AP06163', 'NU-AP06163', 'NU-AP06162', 'NU-AP06164', 'NU-AP06167'], 'addresses': ['48:00:b3:5e:0b:e0', '48:00:b3:5f:72:e2', '48:00:b3:5f:46:a0', '48:00:b3:5f:46:ae', '48:00:b3:5a:90:8f', '48:00:b3:5f:72:ef', '48:00:b3:5e:0b:ef'], 'ssids': ['iotroam', 'VU-Campusnet', 'iotroam', 'eduroam', 'iotroam', 'iotroam', 'iotroam'], 'signals': [-68, -55, -50, -60, -74, -67, -79], 'timestamps': [1.7832755439484518e+18, 1.7832755441128806e+18, 1.7832755442578806e+18, 1.7832755457965455e+18, 1.7832755413734518e+18, 1.783275541658452e+18, 1.783275542579452e+18], 'frequencies': [2412, 2437, 2462, 5500, 5320, 5540, 5660]}
25 62 1783275546077273649
{'names': ['NU-AP06167', 'NU-AP06164', 'NU-AP06163', 'NU-AP06163', 'NU-AP06162', 'NU-AP06164', 'NU-AP06167'], 'addresses': ['48:00:b3:5e:0b:e0', '48:00:b3:5f:72:e2', '48:00:b3:5f:46:a0', '48:00:b3:5f:46:ae', '48:00:b3:5a:90:8f', '48:00:b3:5f:72:ef', '48:00:b3:5e:0b:ef'], 'ssids': ['iotroam', 'VU-Campusnet', 'iotroam', 'eduroam', 'iotroam', 'iotroam', 'iotroam'], 'signals': [-68, -55, -50, -60, -74, -68, -79], 'timestamps': [1.7832755439484518e+18, 1.7832755441128806e+18, 1.7832755442578806e+18, 1.7832755457965455e+18, 1.7832755413734518e+18, 1.7832755460602737e+18, 1.783275542579452e+18], 'frequencies': [2412, 2437, 2462, 5500, 5320, 5540, 5660]}
25 63 1783275546215275608
{'names': ['NU-AP06167', 'NU-AP06164', 'NU-AP06163', 'NU-AP06163', 'NU-AP06162', 'NU-AP06164', 'NU-AP06167'], 'addresses': ['48:00:b3:5e:0b:e0', '48:00:b3:5f:72:e2', '48:00:b3:5f:46:a0', '48:00:b3:5f:46:ae', '48:00:b3:5a:90:8f', '48:00:b3:5f:72:ef', '48:00:b3:5e:0b:ef'], 'ssids': ['iotroam', 'VU-Campusnet', 'iotroam', 'eduroam', 'iotroam', 'iotroam', 'iotroam'], 'signals': [-68, -55, -50, -60, -74, -68, -79], 'timestamps': [1.7832755439484518e+18, 1.7832755441128806e+18, 1.7832755442578806e+18, 1.7832755457965455e+18, 1.7832755413734518e+18, 1.7832755460602755e+18, 1.783275542579452e+18], 'frequencies': [2412, 2437, 2462, 5500, 5320, 5540, 5660]}
25 65 1783275546287594664
{'names': ['NU-AP06167', 'NU-AP06164', 'NU-AP06163', 'NU-AP06163', 'NU-AP06162', 'NU-AP06164', 'NU-AP06167'], 'addresses': ['48:00:b3:5e:0b:e0', '48:00:b3:5f:72:e2', '48:00:b3:5f:46:a0', '48:00:b3:5f:46:ae', '48:00:b3:5a:90:8f', '48:00:b3:5f:72:ef', '48:00:b3:5e:0b:ef'], 'ssids': ['iotroam', 'VU-Campusnet', 'iotroam', 'eduroam', 'iotroam', 'iotroam', 'iotroam'], 'signals': [-68, -55, -50, -60, -74, -68, -79], 'timestamps': [1.7832755439484518e+18, 1.7832755441128806e+18, 1.7832755442578806e+18, 1.7832755457965947e+18, 1.7832755413734518e+18, 1.7832755460605947e+18, 1.783275542579452e+18], 'frequencies': [2412, 2437, 2462, 5500, 5320, 5540, 5660]}
25 67 1783275546697677656
{'names': ['NU-AP06167', 'NU-AP06164', 'NU-AP06163', 'NU-AP06163', 'NU-AP06162', 'NU-AP06164', 'NU-AP06167'], 'addresses': ['48:00:b3:5e:0b:e0', '48:00:b3:5f:72:e2', '48:00:b3:5f:46:a0', '48:00:b3:5f:46:ae', '48:00:b3:5a:90:8f', '48:00:b3:5f:72:ef', '48:00:b3:5e:0b:ef'], 'ssids': ['iotroam', 'VU-Campusnet', 'iotroam', 'eduroam', 'iotroam', 'iotroam', 'iotroam'], 'signals': [-68, -55, -50, -60, -74, -68, -79], 'timestamps': [1.7832755439484518e+18, 1.7832755441128806e+18, 1.7832755442578806e+18, 1.7832755457966776e+18, 1.7832755413734518e+18, 1.7832755460606776e+18, 1.783275542579452e+18], 'frequencies': [2412, 2437, 2462, 5500, 5320, 5540, 5660]}
25 69 1783275546767870891
{'names': ['NU-AP06167', 'NU-AP06164', 'NU-AP06163', 'NU-AP06163', 'NU-AP06162', 'NU-AP06164', 'NU-AP06167'], 'addresses': ['48:00:b3:5e:0b:e0', '48:00:b3:5f:72:e2', '48:00:b3:5f:46:a0', '48:00:b3:5f:46:ae', '48:00:b3:5a:90:8f', '48:00:b3:5f:72:ef', '48:00:b3:5e:0b:ef'], 'ssids': ['iotroam', 'VU-Campusnet', 'iotroam', 'eduroam', 'iotroam', 'iotroam', 'iotroam'], 'signals': [-68, -55, -50, -60, -74, -68, -79], 'timestamps': [1.7832755439484518e+18, 1.7832755441128806e+18, 1.7832755442578806e+18, 1.783275545796871e+18, 1.7832755413734518e+18, 1.783275546060871e+18, 1.783275542579452e+18], 'frequencies': [2412, 2437, 2462, 5500, 5320, 5540, 5660]}
25 70 1783275546908940954
{'names': ['NU-AP06167', 'NU-AP06164', 'NU-AP06163', 'NU-AP06163', 'NU-AP06162', 'NU-AP06164', 'NU-AP06167'], 'addresses': ['48:00:b3:5e:0b:e0', '48:00:b3:5f:72:e2', '48:00:b3:5f:46:a0', '48:00:b3:5f:46:ae', '48:00:b3:5a:90:8f', '48:00:b3:5f:72:ef', '48:00:b3:5e:0b:ef'], 'ssids': ['iotroam', 'VU-Campusnet', 'iotroam', 'eduroam', 'iotroam', 'iotroam', 'iotroam'], 'signals': [-68, -55, -50, -60, -74, -68, -78], 'timestamps': [1.7832755439484518e+18, 1.7832755441128806e+18, 1.7832755442578806e+18, 1.783275545796871e+18, 1.7832755413734518e+18, 1.783275546060871e+18, 1.783275546847941e+18], 'frequencies': [2412, 2437, 2462, 5500, 5320, 5540, 5660]}
25 71 1783275546979403925
{'names': ['NU-AP06167', 'NU-AP06164', 'NU-AP06163', 'NU-AP06163', 'NU-AP06162', 'NU-AP06164', 'NU-AP06167'], 'addresses': ['48:00:b3:5e:0b:e0', '48:00:b3:5f:72:e2', '48:00:b3:5f:46:a0', '48:00:b3:5f:46:ae', '48:00:b3:5a:90:8f', '48:00:b3:5f:72:ef', '48:00:b3:5e:0b:ef'], 'ssids': ['iotroam', 'VU-Campusnet', 'iotroam', 'eduroam', 'iotroam', 'iotroam', 'iotroam'], 'signals': [-68, -55, -50, -60, -74, -68, -78], 'timestamps': [1.7832755439484518e+18, 1.7832755441128806e+18, 1.7832755442578806e+18, 1.783275545796871e+18, 1.7832755413734518e+18, 1.783275546060871e+18, 1.783275546848404e+18], 'frequencies': [2412, 2437, 2462, 5500, 5320, 5540, 5660]}
25 72 1783275547448450652
{'names': ['NU-AP06167', 'NU-AP06164', 'NU-AP06163', 'NU-AP06163', 'NU-AP06164', 'NU-AP06167'], 'addresses': ['48:00:b3:5e:0b:e0', '48:00:b3:5f:72:e2', '48:00:b3:5f:46:a0', '48:00:b3:5f:46:ae', '48:00:b3:5f:72:ef', '48:00:b3:5e:0b:ef'], 'ssids': ['iotroam', 'VU-Campusnet', 'iotroam', 'eduroam', 'iotroam', 'iotroam'], 'signals': [-68, -55, -50, -60, -68, -78], 'timestamps': [1.7832755439484518e+18, 1.7832755441128806e+18, 1.7832755442578806e+18, 1.783275545796871e+18, 1.783275546060871e+18, 1.7832755468484506e+18], 'frequencies': [2412, 2437, 2462, 5500, 5540, 5660]}
25 73 1783275547518780830
{'names': ['NU-AP06167', 'NU-AP06164', 'NU-AP06163', 'NU-AP06163', 'NU-AP06164', 'NU-AP06167'], 'addresses': ['48:00:b3:5e:0b:e0', '48:00:b3:5f:72:e2', '48:00:b3:5f:46:a0', '48:00:b3:5f:46:ae', '48:00:b3:5f:72:ef', '48:00:b3:5e:0b:ef'], 'ssids': ['iotroam', 'VU-Campusnet', 'iotroam', 'eduroam', 'iotroam', 'iotroam'], 'signals': [-68, -55, -50, -60, -68, -78], 'timestamps': [1.7832755439484518e+18, 1.7832755441128806e+18, 1.7832755442578806e+18, 1.783275545796871e+18, 1.783275546060871e+18, 1.7832755468484506e+18], 'frequencies': [2412, 2437, 2462, 5500, 5540, 5660]}
25 74 1783275547587924021
{'names': ['NU-AP06167', 'NU-AP06164', 'NU-AP06163', 'NU-AP06163', 'NU-AP06164', 'NU-AP06167'], 'addresses': ['48:00:b3:5e:0b:e0', '48:00:b3:5f:72:e2', '48:00:b3:5f:46:a0', '48:00:b3:5f:46:ae', '48:00:b3:5f:72:ef', '48:00:b3:5e:0b:ef'], 'ssids': ['iotroam', 'VU-Campusnet', 'iotroam', 'eduroam', 'iotroam', 'iotroam'], 'signals': [-68, -55, -50, -60, -68, -78], 'timestamps': [1.7832755439484518e+18, 1.7832755441128806e+18, 1.7832755442578806e+18, 1.783275545796871e+18, 1.783275546060871e+18, 1.7832755468484506e+18], 'frequencies': [2412, 2437, 2462, 5500, 5540, 5660]}
25 75 1783275547659065831
{'names': ['NU-AP06167', 'NU-AP06164', 'NU-AP06163', 'NU-AP06163', 'NU-AP06164', 'NU-AP06167'], 'addresses': ['48:00:b3:5e:0b:e0', '48:00:b3:5f:72:e2', '48:00:b3:5f:46:a0', '48:00:b3:5f:46:ae', '48:00:b3:5f:72:ef', '48:00:b3:5e:0b:ef'], 'ssids': ['iotroam', 'VU-Campusnet', 'iotroam', 'eduroam', 'iotroam', 'iotroam'], 'signals': [-68, -55, -50, -60, -68, -78], 'timestamps': [1.7832755439484518e+18, 1.7832755441128806e+18, 1.7832755442578806e+18, 1.783275545796871e+18, 1.783275546060871e+18, 1.7832755468484506e+18], 'frequencies': [2412, 2437, 2462, 5500, 5540, 5660]}
25 76 1783275547728848986
{'names': ['NU-AP06167', 'NU-AP06164', 'NU-AP06163', 'NU-AP06163', 'NU-AP06164', 'NU-AP06167'], 'addresses': ['48:00:b3:5e:0b:e0', '48:00:b3:5f:72:e2', '48:00:b3:5f:46:a0', '48:00:b3:5f:46:ae', '48:00:b3:5f:72:ef', '48:00:b3:5e:0b:ef'], 'ssids': ['iotroam', 'VU-Campusnet', 'iotroam', 'eduroam', 'iotroam', 'iotroam'], 'signals': [-68, -55, -50, -60, -68, -78], 'timestamps': [1.7832755439484518e+18, 1.7832755441128806e+18, 1.7832755442578806e+18, 1.783275545796871e+18, 1.783275546060871e+18, 1.7832755468484506e+18], 'frequencies': [2412, 2437, 2462, 5500, 5540, 5660]}
25 78 1783275547800664594
{'names': ['NU-AP06167', 'NU-AP06164', 'NU-AP06163', 'NU-AP06163', 'NU-AP06164', 'NU-AP06167'], 'addresses': ['48:00:b3:5e:0b:e0', '48:00:b3:5f:72:e2', '48:00:b3:5f:46:a0', '48:00:b3:5f:46:ae', '48:00:b3:5f:72:ef', '48:00:b3:5e:0b:ef'], 'ssids': ['iotroam', 'VU-Campusnet', 'iotroam', 'eduroam', 'iotroam', 'iotroam'], 'signals': [-68, -55, -50, -60, -68, -78], 'timestamps': [1.7832755439484518e+18, 1.7832755441128806e+18, 1.7832755442578806e+18, 1.783275545796871e+18, 1.783275546060871e+18, 1.7832755468486646e+18], 'frequencies': [2412, 2437, 2462, 5500, 5540, 5660]}
25 79 1783275547871795580
{'names': ['NU-AP06167', 'NU-AP06164', 'NU-AP06163', 'NU-AP06163', 'NU-AP06164', 'NU-AP06167'], 'addresses': ['48:00:b3:5e:0b:e0', '48:00:b3:5f:72:e2', '48:00:b3:5f:46:a0', '48:00:b3:5f:46:ae', '48:00:b3:5f:72:ef', '48:00:b3:5e:0b:ef'], 'ssids': ['iotroam', 'VU-Campusnet', 'iotroam', 'eduroam', 'iotroam', 'iotroam'], 'signals': [-68, -55, -50, -60, -68, -78], 'timestamps': [1.7832755439484518e+18, 1.7832755441128806e+18, 1.7832755442578806e+18, 1.783275545796871e+18, 1.783275546060871e+18, 1.7832755468486646e+18], 'frequencies': [2412, 2437, 2462, 5500, 5540, 5660]}
25 80 1783275547943517349
{'names': ['NU-AP06167', 'NU-AP06164', 'NU-AP06163', 'NU-AP06163', 'NU-AP06164', 'NU-AP06167'], 'addresses': ['48:00:b3:5e:0b:e0', '48:00:b3:5f:72:e2', '48:00:b3:5f:46:a0', '48:00:b3:5f:46:ae', '48:00:b3:5f:72:ef', '48:00:b3:5e:0b:ef'], 'ssids': ['iotroam', 'VU-Campusnet', 'iotroam', 'eduroam', 'iotroam', 'iotroam'], 'signals': [-68, -55, -50, -60, -68, -78], 'timestamps': [1.7832755439484518e+18, 1.7832755441128806e+18, 1.7832755442578806e+18, 1.783275545796871e+18, 1.783275546060871e+18, 1.7832755468486646e+18], 'frequencies': [2412, 2437, 2462, 5500, 5540, 5660]}
25 81 1783275548015117780
{'names': ['NU-AP06167', 'NU-AP06164', 'NU-AP06163', 'NU-AP06163', 'NU-AP06164', 'NU-AP06167'], 'addresses': ['48:00:b3:5e:0b:e0', '48:00:b3:5f:72:e2', '48:00:b3:5f:46:a0', '48:00:b3:5f:46:ae', '48:00:b3:5f:72:ef', '48:00:b3:5e:0b:ef'], 'ssids': ['iotroam', 'VU-Campusnet', 'iotroam', 'eduroam', 'iotroam', 'iotroam'], 'signals': [-68, -55, -50, -60, -68, -78], 'timestamps': [1.7832755439484518e+18, 1.7832755441128806e+18, 1.7832755442578806e+18, 1.783275545796871e+18, 1.783275546060871e+18, 1.7832755468486646e+18], 'frequencies': [2412, 2437, 2462, 5500, 5540, 5660]}
27 85 1783275548088088206
{'names': ['NU-AP06167', 'NU-AP06164', 'NU-AP06163', 'NU-AP06163', 'NU-AP06164', 'NU-AP06167'], 'addresses': ['48:00:b3:5e:0b:e0', '48:00:b3:5f:72:e2', '48:00:b3:5f:46:a0', '48:00:b3:5f:46:ae', '48:00:b3:5f:72:ef', '48:00:b3:5e:0b:ef'], 'ssids': ['iotroam', 'VU-Campusnet', 'iotroam', 'eduroam', 'iotroam', 'iotroam'], 'signals': [-68, -55, -50, -60, -68, -78], 'timestamps': [1.7832755439484518e+18, 1.7832755441130883e+18, 1.7832755442580884e+18, 1.7832755457970883e+18, 1.7832755460610883e+18, 1.7832755468490883e+18], 'frequencies': [2412, 2437, 2462, 5500, 5540, 5660]}
27 86 1783275548161568921
{'names': ['NU-AP06167', 'NU-AP06164', 'NU-AP06163', 'NU-AP06163', 'NU-AP06164', 'NU-AP06167'], 'addresses': ['48:00:b3:5e:0b:e0', '48:00:b3:5f:72:e2', '48:00:b3:5f:46:a0', '48:00:b3:5f:46:ae', '48:00:b3:5f:72:ef', '48:00:b3:5e:0b:ef'], 'ssids': ['iotroam', 'VU-Campusnet', 'iotroam', 'eduroam', 'iotroam', 'iotroam'], 'signals': [-68, -55, -50, -60, -68, -78], 'timestamps': [1.7832755439484518e+18, 1.7832755441130883e+18, 1.7832755442580884e+18, 1.7832755457970883e+18, 1.7832755460610883e+18, 1.7832755468490883e+18], 'frequencies': [2412, 2437, 2462, 5500, 5540, 5660]}
28 86 1783275548425789983
{'names': ['NU-AP06167', 'NU-AP06164', 'NU-AP06163', 'NU-AP06163', 'NU-AP06164', 'NU-AP06167'], 'addresses': ['48:00:b3:5e:0b:e0', '48:00:b3:5f:72:e2', '48:00:b3:5f:46:a0', '48:00:b3:5f:46:ae', '48:00:b3:5f:72:ef', '48:00:b3:5e:0b:ef'], 'ssids': ['iotroam', 'VU-Campusnet', 'iotroam', 'eduroam', 'iotroam', 'iotroam'], 'signals': [-68, -54, -50, -60, -68, -78], 'timestamps': [1.7832755439484518e+18, 1.78327554841279e+18, 1.7832755442580884e+18, 1.7832755457970883e+18, 1.7832755460610883e+18, 1.7832755468490883e+18], 'frequencies': [2412, 2437, 2462, 5500, 5540, 5660]}
29 86 1783275548490259398
{'names': ['NU-AP06167', 'NU-AP06164', 'NU-AP06163', 'NU-AP06163', 'NU-AP06164', 'NU-AP06167'], 'addresses': ['48:00:b3:5e:0b:e0', '48:00:b3:5f:72:e2', '48:00:b3:5f:46:a0', '48:00:b3:5f:46:ae', '48:00:b3:5f:72:ef', '48:00:b3:5e:0b:ef'], 'ssids': ['iotroam', 'VU-Campusnet', 'iotroam', 'eduroam', 'iotroam', 'iotroam'], 'signals': [-68, -54, -50, -60, -68, -78], 'timestamps': [1.7832755439484518e+18, 1.7832755484132595e+18, 1.7832755442580884e+18, 1.7832755457970883e+18, 1.7832755460610883e+18, 1.7832755468490883e+18], 'frequencies': [2412, 2437, 2462, 5500, 5540, 5660]}
31 86 1783275548621319822
{'names': ['NU-AP06167', 'NU-AP06164', 'NU-AP06163', 'NU-AP06163', 'NU-AP06164', 'NU-AP06167'], 'addresses': ['48:00:b3:5e:0b:e0', '48:00:b3:5f:72:e2', '48:00:b3:5f:46:a0', '48:00:b3:5f:46:ae', '48:00:b3:5f:72:ef', '48:00:b3:5e:0b:ef'], 'ssids': ['iotroam', 'VU-Campusnet', 'iotroam', 'eduroam', 'iotroam', 'iotroam'], 'signals': [-68, -54, -51, -60, -68, -78], 'timestamps': [1.7832755439484518e+18, 1.78327554841332e+18, 1.78327554855732e+18, 1.7832755457970883e+18, 1.7832755460610883e+18, 1.7832755468490883e+18], 'frequencies': [2412, 2437, 2462, 5500, 5540, 5660]}
33 86 1783275548688422881
{'names': ['NU-AP06167', 'NU-AP06164', 'NU-AP06163', 'NU-AP06163', 'NU-AP06164', 'NU-AP06167'], 'addresses': ['48:00:b3:5e:0b:e0', '48:00:b3:5f:72:e2', '48:00:b3:5f:46:a0', '48:00:b3:5f:46:ae', '48:00:b3:5f:72:ef', '48:00:b3:5e:0b:ef'], 'ssids': ['iotroam', 'VU-Campusnet', 'iotroam', 'eduroam', 'iotroam', 'iotroam'], 'signals': [-68, -54, -51, -60, -68, -78], 'timestamps': [1.7832755439484518e+18, 1.7832755484134228e+18, 1.7832755485574228e+18, 1.7832755457970883e+18, 1.7832755460610883e+18, 1.7832755468490883e+18], 'frequencies': [2412, 2437, 2462, 5500, 5540, 5660]}
35 86 1783275548756471105
{'names': ['NU-AP06167', 'NU-AP06164', 'NU-AP06163', 'NU-AP06163', 'NU-AP06164', 'NU-AP06167'], 'addresses': ['48:00:b3:5e:0b:e0', '48:00:b3:5f:72:e2', '48:00:b3:5f:46:a0', '48:00:b3:5f:46:ae', '48:00:b3:5f:72:ef', '48:00:b3:5e:0b:ef'], 'ssids': ['iotroam', 'VU-Campusnet', 'iotroam', 'eduroam', 'iotroam', 'iotroam'], 'signals': [-68, -54, -51, -60, -68, -78], 'timestamps': [1.7832755439484518e+18, 1.783275548413471e+18, 1.783275548557471e+18, 1.7832755457970883e+18, 1.7832755460610883e+18, 1.7832755468490883e+18], 'frequencies': [2412, 2437, 2462, 5500, 5540, 5660]}
37 86 1783275548823483158
{'names': ['NU-AP06167', 'NU-AP06164', 'NU-AP06163', 'NU-AP06163', 'NU-AP06164', 'NU-AP06167'], 'addresses': ['48:00:b3:5e:0b:e0', '48:00:b3:5f:72:e2', '48:00:b3:5f:46:a0', '48:00:b3:5f:46:ae', '48:00:b3:5f:72:ef', '48:00:b3:5e:0b:ef'], 'ssids': ['iotroam', 'VU-Campusnet', 'iotroam', 'eduroam', 'iotroam', 'iotroam'], 'signals': [-68, -54, -51, -60, -68, -78], 'timestamps': [1.7832755439484518e+18, 1.783275548413483e+18, 1.783275548557483e+18, 1.7832755457970883e+18, 1.7832755460610883e+18, 1.7832755468490883e+18], 'frequencies': [2412, 2437, 2462, 5500, 5540, 5660]}
39 86 1783275550019516477
{'names': ['NU-AP06164', 'NU-AP06163', 'NU-AP06163', 'NU-AP06164', 'NU-AP06167'], 'addresses': ['48:00:b3:5f:72:e2', '48:00:b3:5f:46:a0', '48:00:b3:5f:46:ae', '48:00:b3:5f:72:ef', '48:00:b3:5e:0b:ef'], 'ssids': ['VU-Campusnet', 'iotroam', 'eduroam', 'iotroam', 'iotroam'], 'signals': [-54, -51, -60, -68, -78], 'timestamps': [1.7832755484135163e+18, 1.7832755485575163e+18, 1.7832755457970883e+18, 1.7832755460610883e+18, 1.7832755468490883e+18], 'frequencies': [2437, 2462, 5500, 5540, 5660]}
42 89 1783275550089137258
{'names': ['NU-AP06164', 'NU-AP06163', 'NU-AP06163', 'NU-AP06164', 'NU-AP06167'], 'addresses': ['48:00:b3:5f:72:e2', '48:00:b3:5f:46:a0', '48:00:b3:5f:46:ae', '48:00:b3:5f:72:ef', '48:00:b3:5e:0b:ef'], 'ssids': ['VU-Campusnet', 'iotroam', 'eduroam', 'iotroam', 'iotroam'], 'signals': [-54, -51, -60, -68, -78], 'timestamps': [1.783275548414137e+18, 1.783275548558137e+18, 1.7832755457971372e+18, 1.7832755460611372e+18, 1.7832755468491372e+18], 'frequencies': [2437, 2462, 5500, 5540, 5660]}
43 90 1783275550158221134
{'names': ['NU-AP06164', 'NU-AP06163', 'NU-AP06163', 'NU-AP06164', 'NU-AP06167'], 'addresses': ['48:00:b3:5f:72:e2', '48:00:b3:5f:46:a0', '48:00:b3:5f:46:ae', '48:00:b3:5f:72:ef', '48:00:b3:5e:0b:ef'], 'ssids': ['VU-Campusnet', 'iotroam', 'eduroam', 'iotroam', 'iotroam'], 'signals': [-54, -51, -59, -68, -78], 'timestamps': [1.783275548414137e+18, 1.783275548558137e+18, 1.783275550097221e+18, 1.7832755460611372e+18, 1.7832755468491372e+18], 'frequencies': [2437, 2462, 5500, 5540, 5660]}
44 91 1783275550225410849
{'names': ['NU-AP06164', 'NU-AP06163', 'NU-AP06163', 'NU-AP06164', 'NU-AP06167'], 'addresses': ['48:00:b3:5f:72:e2', '48:00:b3:5f:46:a0', '48:00:b3:5f:46:ae', '48:00:b3:5f:72:ef', '48:00:b3:5e:0b:ef'], 'ssids': ['VU-Campusnet', 'iotroam', 'eduroam', 'iotroam', 'iotroam'], 'signals': [-54, -51, -59, -68, -78], 'timestamps': [1.783275548414137e+18, 1.783275548558137e+18, 1.7832755500974108e+18, 1.7832755460611372e+18, 1.7832755468491372e+18], 'frequencies': [2437, 2462, 5500, 5540, 5660]}
45 91 1783275550302966202
{'names': ['NU-AP06164', 'NU-AP06163', 'NU-AP06163', 'NU-AP06164', 'NU-AP06167'], 'addresses': ['48:00:b3:5f:72:e2', '48:00:b3:5f:46:a0', '48:00:b3:5f:46:ae', '48:00:b3:5f:72:ef', '48:00:b3:5e:0b:ef'], 'ssids': ['VU-Campusnet', 'iotroam', 'eduroam', 'iotroam', 'iotroam'], 'signals': [-54, -51, -59, -68, -78], 'timestamps': [1.783275548414137e+18, 1.783275548558137e+18, 1.7832755500974108e+18, 1.7832755460611372e+18, 1.7832755468491372e+18], 'frequencies': [2437, 2462, 5500, 5540, 5660]}
46 93 1783275550370865963
{'names': ['NU-AP06164', 'NU-AP06163', 'NU-AP06163', 'NU-AP06164', 'NU-AP06167'], 'addresses': ['48:00:b3:5f:72:e2', '48:00:b3:5f:46:a0', '48:00:b3:5f:46:ae', '48:00:b3:5f:72:ef', '48:00:b3:5e:0b:ef'], 'ssids': ['VU-Campusnet', 'iotroam', 'eduroam', 'iotroam', 'iotroam'], 'signals': [-54, -51, -59, -68, -78], 'timestamps': [1.783275548414137e+18, 1.783275548558137e+18, 1.783275550097866e+18, 1.7832755503608658e+18, 1.7832755468491372e+18], 'frequencies': [2437, 2462, 5500, 5540, 5660]}
47 93 1783275550440655626
{'names': ['NU-AP06164', 'NU-AP06163', 'NU-AP06163', 'NU-AP06164', 'NU-AP06167'], 'addresses': ['48:00:b3:5f:72:e2', '48:00:b3:5f:46:a0', '48:00:b3:5f:46:ae', '48:00:b3:5f:72:ef', '48:00:b3:5e:0b:ef'], 'ssids': ['VU-Campusnet', 'iotroam', 'eduroam', 'iotroam', 'iotroam'], 'signals': [-54, -51, -59, -68, -78], 'timestamps': [1.783275548414137e+18, 1.783275548558137e+18, 1.783275550097866e+18, 1.7832755503608658e+18, 1.7832755468491372e+18], 'frequencies': [2437, 2462, 5500, 5540, 5660]}
48 93 1783275550507942865
{'names': ['NU-AP06164', 'NU-AP06163', 'NU-AP06163', 'NU-AP06164', 'NU-AP06167'], 'addresses': ['48:00:b3:5f:72:e2', '48:00:b3:5f:46:a0', '48:00:b3:5f:46:ae', '48:00:b3:5f:72:ef', '48:00:b3:5e:0b:ef'], 'ssids': ['VU-Campusnet', 'iotroam', 'eduroam', 'iotroam', 'iotroam'], 'signals': [-54, -51, -59, -68, -78], 'timestamps': [1.783275548414137e+18, 1.783275548558137e+18, 1.783275550097866e+18, 1.7832755503608658e+18, 1.7832755468491372e+18], 'frequencies': [2437, 2462, 5500, 5540, 5660]}
49 93 1783275550578340907
{'names': ['NU-AP06164', 'NU-AP06163', 'NU-AP06163', 'NU-AP06164', 'NU-AP06167'], 'addresses': ['48:00:b3:5f:72:e2', '48:00:b3:5f:46:a0', '48:00:b3:5f:46:ae', '48:00:b3:5f:72:ef', '48:00:b3:5e:0b:ef'], 'ssids': ['VU-Campusnet', 'iotroam', 'eduroam', 'iotroam', 'iotroam'], 'signals': [-54, -51, -59, -68, -78], 'timestamps': [1.783275548414137e+18, 1.783275548558137e+18, 1.783275550097866e+18, 1.7832755503608658e+18, 1.7832755468491372e+18], 'frequencies': [2437, 2462, 5500, 5540, 5660]}
50 93 1783275550646239420
{'names': ['NU-AP06164', 'NU-AP06163', 'NU-AP06163', 'NU-AP06164', 'NU-AP06167'], 'addresses': ['48:00:b3:5f:72:e2', '48:00:b3:5f:46:a0', '48:00:b3:5f:46:ae', '48:00:b3:5f:72:ef', '48:00:b3:5e:0b:ef'], 'ssids': ['VU-Campusnet', 'iotroam', 'eduroam', 'iotroam', 'iotroam'], 'signals': [-54, -51, -59, -68, -78], 'timestamps': [1.783275548414137e+18, 1.783275548558137e+18, 1.783275550097866e+18, 1.7832755503608658e+18, 1.7832755468491372e+18], 'frequencies': [2437, 2462, 5500, 5540, 5660]}
51 93 1783275550713549520
{'names': ['NU-AP06164', 'NU-AP06163', 'NU-AP06163', 'NU-AP06164', 'NU-AP06167'], 'addresses': ['48:00:b3:5f:72:e2', '48:00:b3:5f:46:a0', '48:00:b3:5f:46:ae', '48:00:b3:5f:72:ef', '48:00:b3:5e:0b:ef'], 'ssids': ['VU-Campusnet', 'iotroam', 'eduroam', 'iotroam', 'iotroam'], 'signals': [-54, -51, -59, -68, -78], 'timestamps': [1.783275548414137e+18, 1.783275548558137e+18, 1.783275550097866e+18, 1.7832755503608658e+18, 1.7832755468491372e+18], 'frequencies': [2437, 2462, 5500, 5540, 5660]}
52 93 1783275550780202575
{'names': ['NU-AP06164', 'NU-AP06163', 'NU-AP06163', 'NU-AP06164', 'NU-AP06167'], 'addresses': ['48:00:b3:5f:72:e2', '48:00:b3:5f:46:a0', '48:00:b3:5f:46:ae', '48:00:b3:5f:72:ef', '48:00:b3:5e:0b:ef'], 'ssids': ['VU-Campusnet', 'iotroam', 'eduroam', 'iotroam', 'iotroam'], 'signals': [-54, -51, -59, -68, -78], 'timestamps': [1.783275548414137e+18, 1.783275548558137e+18, 1.783275550097866e+18, 1.7832755503608658e+18, 1.7832755468491372e+18], 'frequencies': [2437, 2462, 5500, 5540, 5660]}
53 93 1783275550847408817
{'names': ['NU-AP06164', 'NU-AP06163', 'NU-AP06163', 'NU-AP06164', 'NU-AP06167'], 'addresses': ['48:00:b3:5f:72:e2', '48:00:b3:5f:46:a0', '48:00:b3:5f:46:ae', '48:00:b3:5f:72:ef', '48:00:b3:5e:0b:ef'], 'ssids': ['VU-Campusnet', 'iotroam', 'eduroam', 'iotroam', 'iotroam'], 'signals': [-54, -51, -59, -68, -78], 'timestamps': [1.783275548414137e+18, 1.783275548558137e+18, 1.783275550097866e+18, 1.7832755503608658e+18, 1.7832755468491372e+18], 'frequencies': [2437, 2462, 5500, 5540, 5660]}
54 93 1783275550914602594
{'names': ['NU-AP06164', 'NU-AP06163', 'NU-AP06163', 'NU-AP06164', 'NU-AP06167'], 'addresses': ['48:00:b3:5f:72:e2', '48:00:b3:5f:46:a0', '48:00:b3:5f:46:ae', '48:00:b3:5f:72:ef', '48:00:b3:5e:0b:ef'], 'ssids': ['VU-Campusnet', 'iotroam', 'eduroam', 'iotroam', 'iotroam'], 'signals': [-54, -51, -59, -68, -78], 'timestamps': [1.783275548414137e+18, 1.783275548558137e+18, 1.783275550097866e+18, 1.7832755503608658e+18, 1.7832755468491372e+18], 'frequencies': [2437, 2462, 5500, 5540, 5660]}
55 93 1783275550983646137
{'names': ['NU-AP06164', 'NU-AP06163', 'NU-AP06163', 'NU-AP06164', 'NU-AP06167'], 'addresses': ['48:00:b3:5f:72:e2', '48:00:b3:5f:46:a0', '48:00:b3:5f:46:ae', '48:00:b3:5f:72:ef', '48:00:b3:5e:0b:ef'], 'ssids': ['VU-Campusnet', 'iotroam', 'eduroam', 'iotroam', 'iotroam'], 'signals': [-54, -51, -59, -68, -78], 'timestamps': [1.783275548414137e+18, 1.783275548558137e+18, 1.783275550097866e+18, 1.7832755503608658e+18, 1.7832755468491372e+18], 'frequencies': [2437, 2462, 5500, 5540, 5660]}
58 96 1783275551069430194
{'names': ['NU-AP06164', 'NU-AP06163', 'NU-AP06163', 'NU-AP06164', 'NU-AP06167'], 'addresses': ['48:00:b3:5f:72:e2', '48:00:b3:5f:46:a0', '48:00:b3:5f:46:ae', '48:00:b3:5f:72:ef', '48:00:b3:5e:0b:ef'], 'ssids': ['VU-Campusnet', 'iotroam', 'eduroam', 'iotroam', 'iotroam'], 'signals': [-54, -51, -59, -68, -78], 'timestamps': [1.7832755484144302e+18, 1.7832755485584302e+18, 1.7832755500984302e+18, 1.7832755503614303e+18, 1.7832755468494303e+18], 'frequencies': [2437, 2462, 5500, 5540, 5660]}
61 99 1783275551176438039
{'names': ['NU-AP06164', 'NU-AP06163', 'NU-AP06163', 'NU-AP06164', 'NU-AP06167'], 'addresses': ['48:00:b3:5f:72:e2', '48:00:b3:5f:46:a0', '48:00:b3:5f:46:ae', '48:00:b3:5f:72:ef', '48:00:b3:5e:0b:ef'], 'ssids': ['VU-Campusnet', 'iotroam', 'eduroam', 'iotroam', 'iotroam'], 'signals': [-54, -51, -59, -68, -79], 'timestamps': [1.783275548414438e+18, 1.783275548558438e+18, 1.7832755500984381e+18, 1.783275550361438e+18, 1.783275551151438e+18], 'frequencies': [2437, 2462, 5500, 5540, 5660]}
62 99 1783275551246857563
{'names': ['NU-AP06164', 'NU-AP06163', 'NU-AP06163', 'NU-AP06164', 'NU-AP06167'], 'addresses': ['48:00:b3:5f:72:e2', '48:00:b3:5f:46:a0', '48:00:b3:5f:46:ae', '48:00:b3:5f:72:ef', '48:00:b3:5e:0b:ef'], 'ssids': ['VU-Campusnet', 'iotroam', 'eduroam', 'iotroam', 'iotroam'], 'signals': [-54, -51, -59, -68, -79], 'timestamps': [1.783275548414438e+18, 1.783275548558438e+18, 1.7832755500984381e+18, 1.783275550361438e+18, 1.783275551151438e+18], 'frequencies': [2437, 2462, 5500, 5540, 5660]}
63 99 1783275551313690160
{'names': ['NU-AP06164', 'NU-AP06163', 'NU-AP06163', 'NU-AP06164', 'NU-AP06167'], 'addresses': ['48:00:b3:5f:72:e2', '48:00:b3:5f:46:a0', '48:00:b3:5f:46:ae', '48:00:b3:5f:72:ef', '48:00:b3:5e:0b:ef'], 'ssids': ['VU-Campusnet', 'iotroam', 'eduroam', 'iotroam', 'iotroam'], 'signals': [-54, -51, -59, -68, -79], 'timestamps': [1.783275548414438e+18, 1.783275548558438e+18, 1.7832755500984381e+18, 1.783275550361438e+18, 1.783275551151438e+18], 'frequencies': [2437, 2462, 5500, 5540, 5660]}
64 99 1783275551382411272
{'names': ['NU-AP06164', 'NU-AP06163', 'NU-AP06163', 'NU-AP06164', 'NU-AP06167'], 'addresses': ['48:00:b3:5f:72:e2', '48:00:b3:5f:46:a0', '48:00:b3:5f:46:ae', '48:00:b3:5f:72:ef', '48:00:b3:5e:0b:ef'], 'ssids': ['VU-Campusnet', 'iotroam', 'eduroam', 'iotroam', 'iotroam'], 'signals': [-54, -51, -59, -68, -79], 'timestamps': [1.783275548414438e+18, 1.783275548558438e+18, 1.7832755500984381e+18, 1.783275550361438e+18, 1.783275551151438e+18], 'frequencies': [2437, 2462, 5500, 5540, 5660]}
65 99 1783275551449219607
{'names': ['NU-AP06164', 'NU-AP06163', 'NU-AP06163', 'NU-AP06164', 'NU-AP06167'], 'addresses': ['48:00:b3:5f:72:e2', '48:00:b3:5f:46:a0', '48:00:b3:5f:46:ae', '48:00:b3:5f:72:ef', '48:00:b3:5e:0b:ef'], 'ssids': ['VU-Campusnet', 'iotroam', 'eduroam', 'iotroam', 'iotroam'], 'signals': [-54, -51, -59, -68, -79], 'timestamps': [1.783275548414438e+18, 1.783275548558438e+18, 1.7832755500984381e+18, 1.783275550361438e+18, 1.783275551151438e+18], 'frequencies': [2437, 2462, 5500, 5540, 5660]}
66 99 1783275551516161257
{'names': ['NU-AP06164', 'NU-AP06163', 'NU-AP06163', 'NU-AP06164', 'NU-AP06167'], 'addresses': ['48:00:b3:5f:72:e2', '48:00:b3:5f:46:a0', '48:00:b3:5f:46:ae', '48:00:b3:5f:72:ef', '48:00:b3:5e:0b:ef'], 'ssids': ['VU-Campusnet', 'iotroam', 'eduroam', 'iotroam', 'iotroam'], 'signals': [-54, -51, -59, -68, -79], 'timestamps': [1.783275548414438e+18, 1.783275548558438e+18, 1.7832755500984381e+18, 1.783275550361438e+18, 1.783275551151438e+18], 'frequencies': [2437, 2462, 5500, 5540, 5660]}
67 99 1783275551584910944
{'names': ['NU-AP06164', 'NU-AP06163', 'NU-AP06163', 'NU-AP06164', 'NU-AP06167'], 'addresses': ['48:00:b3:5f:72:e2', '48:00:b3:5f:46:a0', '48:00:b3:5f:46:ae', '48:00:b3:5f:72:ef', '48:00:b3:5e:0b:ef'], 'ssids': ['VU-Campusnet', 'iotroam', 'eduroam', 'iotroam', 'iotroam'], 'signals': [-54, -51, -59, -68, -79], 'timestamps': [1.783275548414438e+18, 1.783275548558438e+18, 1.7832755500984381e+18, 1.783275550361438e+18, 1.783275551151438e+18], 'frequencies': [2437, 2462, 5500, 5540, 5660]}
68 99 1783275551652654958
{'names': ['NU-AP06164', 'NU-AP06163', 'NU-AP06163', 'NU-AP06164', 'NU-AP06167'], 'addresses': ['48:00:b3:5f:72:e2', '48:00:b3:5f:46:a0', '48:00:b3:5f:46:ae', '48:00:b3:5f:72:ef', '48:00:b3:5e:0b:ef'], 'ssids': ['VU-Campusnet', 'iotroam', 'eduroam', 'iotroam', 'iotroam'], 'signals': [-54, -51, -59, -68, -79], 'timestamps': [1.783275548414438e+18, 1.783275548558438e+18, 1.7832755500984381e+18, 1.783275550361438e+18, 1.783275551151438e+18], 'frequencies': [2437, 2462, 5500, 5540, 5660]}
69 99 1783275551719739778
{'names': ['NU-AP06164', 'NU-AP06163', 'NU-AP06163', 'NU-AP06164', 'NU-AP06167'], 'addresses': ['48:00:b3:5f:72:e2', '48:00:b3:5f:46:a0', '48:00:b3:5f:46:ae', '48:00:b3:5f:72:ef', '48:00:b3:5e:0b:ef'], 'ssids': ['VU-Campusnet', 'iotroam', 'eduroam', 'iotroam', 'iotroam'], 'signals': [-54, -51, -59, -68, -79], 'timestamps': [1.783275548414438e+18, 1.783275548558438e+18, 1.7832755500984381e+18, 1.783275550361438e+18, 1.783275551151438e+18], 'frequencies': [2437, 2462, 5500, 5540, 5660]}
70 99 1783275551787685253
{'names': ['NU-AP06164', 'NU-AP06163', 'NU-AP06163', 'NU-AP06164', 'NU-AP06167'], 'addresses': ['48:00:b3:5f:72:e2', '48:00:b3:5f:46:a0', '48:00:b3:5f:46:ae', '48:00:b3:5f:72:ef', '48:00:b3:5e:0b:ef'], 'ssids': ['VU-Campusnet', 'iotroam', 'eduroam', 'iotroam', 'iotroam'], 'signals': [-54, -51, -59, -68, -79], 'timestamps': [1.783275548414438e+18, 1.783275548558438e+18, 1.7832755500984381e+18, 1.783275550361438e+18, 1.783275551151438e+18], 'frequencies': [2437, 2462, 5500, 5540, 5660]}
71 99 1783275551853474152
{'names': ['NU-AP06164', 'NU-AP06163', 'NU-AP06163', 'NU-AP06164', 'NU-AP06167'], 'addresses': ['48:00:b3:5f:72:e2', '48:00:b3:5f:46:a0', '48:00:b3:5f:46:ae', '48:00:b3:5f:72:ef', '48:00:b3:5e:0b:ef'], 'ssids': ['VU-Campusnet', 'iotroam', 'eduroam', 'iotroam', 'iotroam'], 'signals': [-54, -51, -59, -68, -79], 'timestamps': [1.783275548414438e+18, 1.783275548558438e+18, 1.7832755500984381e+18, 1.783275550361438e+18, 1.783275551151438e+18], 'frequencies': [2437, 2462, 5500, 5540, 5660]}
72 99 1783275551919547387
{'names': ['NU-AP06164', 'NU-AP06163', 'NU-AP06163', 'NU-AP06164', 'NU-AP06167'], 'addresses': ['48:00:b3:5f:72:e2', '48:00:b3:5f:46:a0', '48:00:b3:5f:46:ae', '48:00:b3:5f:72:ef', '48:00:b3:5e:0b:ef'], 'ssids': ['VU-Campusnet', 'iotroam', 'eduroam', 'iotroam', 'iotroam'], 'signals': [-54, -51, -59, -68, -79], 'timestamps': [1.783275548414438e+18, 1.783275548558438e+18, 1.7832755500984381e+18, 1.783275550361438e+18, 1.783275551151438e+18], 'frequencies': [2437, 2462, 5500, 5540, 5660]}
73 99 1783275551985588357
{'names': ['NU-AP06164', 'NU-AP06163', 'NU-AP06163', 'NU-AP06164', 'NU-AP06167'], 'addresses': ['48:00:b3:5f:72:e2', '48:00:b3:5f:46:a0', '48:00:b3:5f:46:ae', '48:00:b3:5f:72:ef', '48:00:b3:5e:0b:ef'], 'ssids': ['VU-Campusnet', 'iotroam', 'eduroam', 'iotroam', 'iotroam'], 'signals': [-54, -51, -59, -68, -79], 'timestamps': [1.783275548414438e+18, 1.783275548558438e+18, 1.7832755500984381e+18, 1.783275550361438e+18, 1.783275551151438e+18], 'frequencies': [2437, 2462, 5500, 5540, 5660]}
74 99 1783275552053506323
{'names': ['NU-AP06164', 'NU-AP06163', 'NU-AP06163', 'NU-AP06164', 'NU-AP06167'], 'addresses': ['48:00:b3:5f:72:e2', '48:00:b3:5f:46:a0', '48:00:b3:5f:46:ae', '48:00:b3:5f:72:ef', '48:00:b3:5e:0b:ef'], 'ssids': ['VU-Campusnet', 'iotroam', 'eduroam', 'iotroam', 'iotroam'], 'signals': [-54, -51, -59, -68, -79], 'timestamps': [1.783275548414438e+18, 1.783275548558438e+18, 1.7832755500984381e+18, 1.783275550361438e+18, 1.783275551151438e+18], 'frequencies': [2437, 2462, 5500, 5540, 5660]}
75 99 1783275552119201382
{'names': ['NU-AP06164', 'NU-AP06163', 'NU-AP06163', 'NU-AP06164', 'NU-AP06167'], 'addresses': ['48:00:b3:5f:72:e2', '48:00:b3:5f:46:a0', '48:00:b3:5f:46:ae', '48:00:b3:5f:72:ef', '48:00:b3:5e:0b:ef'], 'ssids': ['VU-Campusnet', 'iotroam', 'eduroam', 'iotroam', 'iotroam'], 'signals': [-54, -51, -59, -68, -79], 'timestamps': [1.783275548414438e+18, 1.783275548558438e+18, 1.7832755500984381e+18, 1.783275550361438e+18, 1.783275551151438e+18], 'frequencies': [2437, 2462, 5500, 5540, 5660]}
76 99 1783275552186906447
{'names': ['NU-AP06164', 'NU-AP06163', 'NU-AP06163', 'NU-AP06164', 'NU-AP06167'], 'addresses': ['48:00:b3:5f:72:e2', '48:00:b3:5f:46:a0', '48:00:b3:5f:46:ae', '48:00:b3:5f:72:ef', '48:00:b3:5e:0b:ef'], 'ssids': ['VU-Campusnet', 'iotroam', 'eduroam', 'iotroam', 'iotroam'], 'signals': [-54, -51, -59, -68, -79], 'timestamps': [1.783275548414438e+18, 1.783275548558438e+18, 1.7832755500984381e+18, 1.783275550361438e+18, 1.783275551151438e+18], 'frequencies': [2437, 2462, 5500, 5540, 5660]}
77 99 1783275552252943114
{'names': ['NU-AP06164', 'NU-AP06163', 'NU-AP06163', 'NU-AP06164', 'NU-AP06167'], 'addresses': ['48:00:b3:5f:72:e2', '48:00:b3:5f:46:a0', '48:00:b3:5f:46:ae', '48:00:b3:5f:72:ef', '48:00:b3:5e:0b:ef'], 'ssids': ['VU-Campusnet', 'iotroam', 'eduroam', 'iotroam', 'iotroam'], 'signals': [-54, -51, -59, -68, -79], 'timestamps': [1.783275548414438e+18, 1.783275548558438e+18, 1.7832755500984381e+18, 1.783275550361438e+18, 1.783275551151438e+18], 'frequencies': [2437, 2462, 5500, 5540, 5660]}
