5 4 1783351263128322855
{'names': [], 'addresses': [], 'ssids': [], 'signals': [], 'timestamps': [], 'frequencies': []}
10 8 1783351263232260695
{'names': ['NU-AP05122'], 'addresses': ['48:00:b3:5f:58:00'], 'ssids': ['iotroam'], 'signals': [-54], 'timestamps': [1.7833512631312607e+18], 'frequencies': [2412]}
14 12 1783351263326206002
{'names': ['NU-AP05122'], 'addresses': ['48:00:b3:5f:58:00'], 'ssids': ['iotroam'], 'signals': [-54], 'timestamps': [1.7833512631312607e+18], 'frequencies': [2412]}
18 16 1783351263405056099
{'names': ['NU-AP05122'], 'addresses': ['48:00:b3:5f:58:00'], 'ssids': ['iotroam'], 'signals': [-54], 'timestamps': [1.7833512631312607e+18], 'frequencies': [2412]}
22 20 1783351263483946878
{'names': ['NU-AP05122'], 'addresses': ['48:00:b3:5f:58:00'], 'ssids': ['iotroam'], 'signals': [-54], 'timestamps': [1.7833512631312607e+18], 'frequencies': [2412]}
26 24 1783351263564532134
{'names': ['NU-AP05122'], 'addresses': ['48:00:b3:5f:58:00'], 'ssids': ['iotroam'], 'signals': [-54], 'timestamps': [1.7833512631312607e+18], 'frequencies': [2412]}
30 28 1783351263643584821
{'names': ['NU-AP05122'], 'addresses': ['48:00:b3:5f:58:00'], 'ssids': ['iotroam'], 'signals': [-54], 'timestamps': [1.7833512631312607e+18], 'frequencies': [2412]}
35 32 1783351263723870663
{'names': ['NU-AP05122'], 'addresses': ['48:00:b3:5f:58:00'], 'ssids': ['iotroam'], 'signals': [-54], 'timestamps': [1.7833512631318707e+18], 'frequencies': [2412]}
39 36 1783351263803174420
{'names': ['NU-AP05122'], 'addresses': ['48:00:b3:5f:58:00'], 'ssids': ['iotroam'], 'signals': [-54], 'timestamps': [1.7833512631318707e+18], 'frequencies': [2412]}
43 40 1783351263883596070
{'names': ['NU-AP05122'], 'addresses': ['48:00:b3:5f:58:00'], 'ssids': ['iotroam'], 'signals': [-54], 'timestamps': [1.7833512631318707e+18], 'frequencies': [2412]}
47 44 1783351263963946261
{'names': ['NU-AP05122'], 'addresses': ['48:00:b3:5f:58:00'], 'ssids': ['iotroam'], 'signals': [-54], 'timestamps': [1.7833512631318707e+18], 'frequencies': [2412]}
51 48 1783351264042512550
{'names': ['NU-AP05122'], 'addresses': ['48:00:b3:5f:58:00'], 'ssids': ['iotroam'], 'signals': [-54], 'timestamps': [1.7833512631318707e+18], 'frequencies': [2412]}
55 52 1783351264120698177
{'names': ['NU-AP05122'], 'addresses': ['48:00:b3:5f:58:00'], 'ssids': ['iotroam'], 'signals': [-54], 'timestamps': [1.7833512631318707e+18], 'frequencies': [2412]}
59 56 1783351264200910717
{'names': ['NU-AP05122'], 'addresses': ['48:00:b3:5f:58:00'], 'ssids': ['iotroam'], 'signals': [-54], 'timestamps': [1.7833512631318707e+18], 'frequencies': [2412]}
63 60 1783351264280717355
{'names': ['NU-AP05122', 'NU-AP05123', 'NU-AP05135', 'NU-AP05137', 'NU-AP05122'], 'addresses': ['48:00:b3:5f:58:00', '48:00:b3:5f:63:2f', '10:e3:76:47:4b:4d', '10:e3:76:47:55:cf', '48:00:b3:5f:58:0e'], 'ssids': ['iotroam', 'iotroam', 'VU-Campusnet', 'iotroam', 'eduroam'], 'signals': [-54, -74, -86, -80, -58], 'timestamps': [1.7833512631318707e+18, 1.7833512642517174e+18, 1.7833512642377172e+18, 1.7833512642217172e+18, 1.7833512642057172e+18], 'frequencies': [2412, 5320, 5300, 5280, 5260]}
67 61 1783351264362288624
{'names': ['NU-AP05122', 'NU-AP05123', 'NU-AP05135', 'NU-AP05137', 'NU-AP05122'], 'addresses': ['48:00:b3:5f:58:00', '48:00:b3:5f:63:2f', '10:e3:76:47:4b:4d', '10:e3:76:47:55:cf', '48:00:b3:5f:58:0e'], 'ssids': ['iotroam', 'iotroam', 'VU-Campusnet', 'iotroam', 'eduroam'], 'signals': [-54, -74, -86, -80, -58], 'timestamps': [1.7833512631318707e+18, 1.7833512642517174e+18, 1.7833512642382886e+18, 1.7833512642217172e+18, 1.7833512642057172e+18], 'frequencies': [2412, 5320, 5300, 5280, 5260]}
71 61 1783351264453482479
{'names': ['NU-AP05122', 'NU-AP05123', 'NU-AP05135', 'NU-AP05137', 'NU-AP05122'], 'addresses': ['48:00:b3:5f:58:00', '48:00:b3:5f:63:2f', '10:e3:76:47:4b:4d', '10:e3:76:47:55:cf', '48:00:b3:5f:58:0e'], 'ssids': ['iotroam', 'iotroam', 'VU-Campusnet', 'iotroam', 'eduroam'], 'signals': [-54, -74, -86, -80, -58], 'timestamps': [1.7833512631318707e+18, 1.7833512642517174e+18, 1.7833512642382886e+18, 1.7833512642217172e+18, 1.7833512642057172e+18], 'frequencies': [2412, 5320, 5300, 5280, 5260]}
75 62 1783351264538651524
{'names': ['NU-AP05122', 'NU-AP05123', 'NU-AP05135', 'NU-AP05137', 'NU-AP05122'], 'addresses': ['48:00:b3:5f:58:00', '48:00:b3:5f:63:2f', '10:e3:76:47:4b:4d', '10:e3:76:47:55:cf', '48:00:b3:5f:58:0e'], 'ssids': ['iotroam', 'iotroam', 'VU-Campusnet', 'iotroam', 'eduroam'], 'signals': [-54, -74, -86, -80, -58], 'timestamps': [1.7833512631318707e+18, 1.7833512642517174e+18, 1.7833512642386516e+18, 1.7833512642217172e+18, 1.7833512642057172e+18], 'frequencies': [2412, 5320, 5300, 5280, 5260]}
79 66 1783351264622865441
{'names': ['NU-AP05122', 'NU-AP05123', 'NU-AP05135', 'NU-AP05137', 'NU-AP05122'], 'addresses': ['48:00:b3:5f:58:00', '48:00:b3:5f:63:2f', '10:e3:76:47:4b:4d', '10:e3:76:47:55:cf', '48:00:b3:5f:58:0e'], 'ssids': ['iotroam', 'iotroam', 'VU-Campusnet', 'iotroam', 'eduroam'], 'signals': [-54, -74, -86, -80, -58], 'timestamps': [1.7833512631318707e+18, 1.7833512642518653e+18, 1.7833512642388654e+18, 1.7833512642218655e+18, 1.7833512642058655e+18], 'frequencies': [2412, 5320, 5300, 5280, 5260]}
83 66 1783351264705302867
{'names': ['NU-AP05122', 'NU-AP05123', 'NU-AP05135', 'NU-AP05137', 'NU-AP05122'], 'addresses': ['48:00:b3:5f:58:00', '48:00:b3:5f:63:2f', '10:e3:76:47:4b:4d', '10:e3:76:47:55:cf', '48:00:b3:5f:58:0e'], 'ssids': ['iotroam', 'iotroam', 'VU-Campusnet', 'iotroam', 'eduroam'], 'signals': [-54, -74, -86, -80, -58], 'timestamps': [1.7833512631318707e+18, 1.7833512642518653e+18, 1.7833512642388654e+18, 1.7833512642218655e+18, 1.7833512642058655e+18], 'frequencies': [2412, 5320, 5300, 5280, 5260]}
87 66 1783351264820830260
{'names': ['NU-AP05122', 'NU-AP05123', 'NU-AP05135', 'NU-AP05137', 'NU-AP05122'], 'addresses': ['48:00:b3:5f:58:00', '48:00:b3:5f:63:2f', '10:e3:76:47:4b:4d', '10:e3:76:47:55:cf', '48:00:b3:5f:58:0e'], 'ssids': ['iotroam', 'iotroam', 'VU-Campusnet', 'iotroam', 'eduroam'], 'signals': [-54, -74, -86, -80, -58], 'timestamps': [1.7833512631318707e+18, 1.7833512642518653e+18, 1.7833512642388654e+18, 1.7833512642218655e+18, 1.7833512642058655e+18], 'frequencies': [2412, 5320, 5300, 5280, 5260]}
92 70 1783351264906063153
{'names': ['NU-AP05122', 'NU-AP05123', 'NU-AP05135', 'NU-AP05137', 'NU-AP05122'], 'addresses': ['48:00:b3:5f:58:00', '48:00:b3:5f:63:2f', '10:e3:76:47:4b:4d', '10:e3:76:47:55:cf', '48:00:b3:5f:58:0e'], 'ssids': ['iotroam', 'iotroam', 'VU-Campusnet', 'iotroam', 'eduroam'], 'signals': [-54, -74, -86, -80, -58], 'timestamps': [1.7833512631320632e+18, 1.7833512642520632e+18, 1.783351264239063e+18, 1.783351264222063e+18, 1.783351264206063e+18], 'frequencies': [2412, 5320, 5300, 5280, 5260]}
96 70 1783351264988337129
{'names': ['NU-AP05122', 'NU-AP05123', 'NU-AP05135', 'NU-AP05137', 'NU-AP05122'], 'addresses': ['48:00:b3:5f:58:00', '48:00:b3:5f:63:2f', '10:e3:76:47:4b:4d', '10:e3:76:47:55:cf', '48:00:b3:5f:58:0e'], 'ssids': ['iotroam', 'iotroam', 'VU-Campusnet', 'iotroam', 'eduroam'], 'signals': [-54, -74, -86, -80, -58], 'timestamps': [1.7833512631320632e+18, 1.7833512642520632e+18, 1.783351264239063e+18, 1.783351264222063e+18, 1.783351264206063e+18], 'frequencies': [2412, 5320, 5300, 5280, 5260]}
100 70 1783351265072764070
{'names': ['NU-AP05122', 'NU-AP05123', 'NU-AP05135', 'NU-AP05137', 'NU-AP05122'], 'addresses': ['48:00:b3:5f:58:00', '48:00:b3:5f:63:2f', '10:e3:76:47:4b:4d', '10:e3:76:47:55:cf', '48:00:b3:5f:58:0e'], 'ssids': ['iotroam', 'iotroam', 'VU-Campusnet', 'iotroam', 'eduroam'], 'signals': [-54, -74, -86, -80, -58], 'timestamps': [1.7833512631320632e+18, 1.7833512642520632e+18, 1.783351264239063e+18, 1.783351264222063e+18, 1.783351264206063e+18], 'frequencies': [2412, 5320, 5300, 5280, 5260]}
104 70 1783351265154783135
{'names': ['NU-AP05122', 'NU-AP05123', 'NU-AP05135', 'NU-AP05137', 'NU-AP05122'], 'addresses': ['48:00:b3:5f:58:00', '48:00:b3:5f:63:2f', '10:e3:76:47:4b:4d', '10:e3:76:47:55:cf', '48:00:b3:5f:58:0e'], 'ssids': ['iotroam', 'iotroam', 'VU-Campusnet', 'iotroam', 'eduroam'], 'signals': [-54, -74, -86, -80, -58], 'timestamps': [1.7833512631320632e+18, 1.7833512642520632e+18, 1.783351264239063e+18, 1.783351264222063e+18, 1.783351264206063e+18], 'frequencies': [2412, 5320, 5300, 5280, 5260]}
108 70 1783351265237828654
{'names': ['NU-AP05122', 'NU-AP05123', 'NU-AP05135', 'NU-AP05137', 'NU-AP05122'], 'addresses': ['48:00:b3:5f:58:00', '48:00:b3:5f:63:2f', '10:e3:76:47:4b:4d', '10:e3:76:47:55:cf', '48:00:b3:5f:58:0e'], 'ssids': ['iotroam', 'iotroam', 'VU-Campusnet', 'iotroam', 'eduroam'], 'signals': [-54, -74, -86, -80, -58], 'timestamps': [1.7833512631320632e+18, 1.7833512642520632e+18, 1.783351264239063e+18, 1.783351264222063e+18, 1.783351264206063e+18], 'frequencies': [2412, 5320, 5300, 5280, 5260]}
112 70 1783351265321982223
{'names': ['NU-AP05122', 'NU-AP05123', 'NU-AP05135', 'NU-AP05137', 'NU-AP05122'], 'addresses': ['48:00:b3:5f:58:00', '48:00:b3:5f:63:2f', '10:e3:76:47:4b:4d', '10:e3:76:47:55:cf', '48:00:b3:5f:58:0e'], 'ssids': ['iotroam', 'iotroam', 'VU-Campusnet', 'iotroam', 'eduroam'], 'signals': [-54, -74, -86, -80, -58], 'timestamps': [1.7833512631320632e+18, 1.7833512642520632e+18, 1.783351264239063e+18, 1.783351264222063e+18, 1.783351264206063e+18], 'frequencies': [2412, 5320, 5300, 5280, 5260]}
116 70 1783351265405982692
{'names': ['NU-AP05122', 'NU-AP05123', 'NU-AP05135', 'NU-AP05137', 'NU-AP05122'], 'addresses': ['48:00:b3:5f:58:00', '48:00:b3:5f:63:2f', '10:e3:76:47:4b:4d', '10:e3:76:47:55:cf', '48:00:b3:5f:58:0e'], 'ssids': ['iotroam', 'iotroam', 'VU-Campusnet', 'iotroam', 'eduroam'], 'signals': [-54, -74, -86, -80, -58], 'timestamps': [1.7833512631320632e+18, 1.7833512642520632e+18, 1.783351264239063e+18, 1.783351264222063e+18, 1.783351264206063e+18], 'frequencies': [2412, 5320, 5300, 5280, 5260]}
120 70 1783351265490050585
{'names': ['NU-AP05122', 'NU-AP05123', 'NU-AP05135', 'NU-AP05137', 'NU-AP05122'], 'addresses': ['48:00:b3:5f:58:00', '48:00:b3:5f:63:2f', '10:e3:76:47:4b:4d', '10:e3:76:47:55:cf', '48:00:b3:5f:58:0e'], 'ssids': ['iotroam', 'iotroam', 'VU-Campusnet', 'iotroam', 'eduroam'], 'signals': [-54, -74, -86, -80, -58], 'timestamps': [1.7833512631320632e+18, 1.7833512642520632e+18, 1.783351264239063e+18, 1.783351264222063e+18, 1.783351264206063e+18], 'frequencies': [2412, 5320, 5300, 5280, 5260]}
124 70 1783351265578826096
{'names': ['NU-AP05122', 'NU-AP05123', 'NU-AP05135', 'NU-AP05137', 'NU-AP05122'], 'addresses': ['48:00:b3:5f:58:00', '48:00:b3:5f:63:2f', '10:e3:76:47:4b:4d', '10:e3:76:47:55:cf', '48:00:b3:5f:58:0e'], 'ssids': ['iotroam', 'iotroam', 'VU-Campusnet', 'iotroam', 'eduroam'], 'signals': [-54, -74, -86, -80, -58], 'timestamps': [1.7833512631320632e+18, 1.7833512642520632e+18, 1.783351264239063e+18, 1.783351264222063e+18, 1.783351264206063e+18], 'frequencies': [2412, 5320, 5300, 5280, 5260]}
128 70 1783351265665020296
{'names': ['NU-AP05122', 'NU-AP05123', 'NU-AP05135', 'NU-AP05137', 'NU-AP05122'], 'addresses': ['48:00:b3:5f:58:00', '48:00:b3:5f:63:2f', '10:e3:76:47:4b:4d', '10:e3:76:47:55:cf', '48:00:b3:5f:58:0e'], 'ssids': ['iotroam', 'iotroam', 'VU-Campusnet', 'iotroam', 'eduroam'], 'signals': [-54, -74, -86, -80, -58], 'timestamps': [1.7833512631320632e+18, 1.7833512642520632e+18, 1.783351264239063e+18, 1.783351264222063e+18, 1.783351264206063e+18], 'frequencies': [2412, 5320, 5300, 5280, 5260]}
132 70 1783351265750294698
{'names': ['NU-AP05122', 'NU-AP05123', 'NU-AP05135', 'NU-AP05137', 'NU-AP05122'], 'addresses': ['48:00:b3:5f:58:00', '48:00:b3:5f:63:2f', '10:e3:76:47:4b:4d', '10:e3:76:47:55:cf', '48:00:b3:5f:58:0e'], 'ssids': ['iotroam', 'iotroam', 'VU-Campusnet', 'iotroam', 'eduroam'], 'signals': [-54, -74, -86, -80, -58], 'timestamps': [1.7833512631320632e+18, 1.7833512642520632e+18, 1.783351264239063e+18, 1.783351264222063e+18, 1.783351264206063e+18], 'frequencies': [2412, 5320, 5300, 5280, 5260]}
137 74 1783351265836837846
{'names': ['NU-AP05122', 'NU-AP05123', 'NU-AP05135', 'NU-AP05137', 'NU-AP05122'], 'addresses': ['48:00:b3:5f:58:00', '48:00:b3:5f:63:2f', '10:e3:76:47:4b:4d', '10:e3:76:47:55:cf', '48:00:b3:5f:58:0e'], 'ssids': ['iotroam', 'iotroam', 'VU-Campusnet', 'iotroam', 'eduroam'], 'signals': [-54, -74, -86, -80, -58], 'timestamps': [1.7833512631338378e+18, 1.7833512642538378e+18, 1.783351264240838e+18, 1.783351264223838e+18, 1.783351264207838e+18], 'frequencies': [2412, 5320, 5300, 5280, 5260]}
141 74 1783351265930077425
{'names': ['NU-AP05122', 'NU-AP05123', 'NU-AP05135', 'NU-AP05137', 'NU-AP05122'], 'addresses': ['48:00:b3:5f:58:00', '48:00:b3:5f:63:2f', '10:e3:76:47:4b:4d', '10:e3:76:47:55:cf', '48:00:b3:5f:58:0e'], 'ssids': ['iotroam', 'iotroam', 'VU-Campusnet', 'iotroam', 'eduroam'], 'signals': [-54, -74, -86, -80, -58], 'timestamps': [1.7833512631338378e+18, 1.7833512642538378e+18, 1.783351264240838e+18, 1.783351264223838e+18, 1.783351264207838e+18], 'frequencies': [2412, 5320, 5300, 5280, 5260]}
145 74 1783351266011412573
{'names': ['NU-AP05122', 'NU-AP05123', 'NU-AP05135', 'NU-AP05137', 'NU-AP05122'], 'addresses': ['48:00:b3:5f:58:00', '48:00:b3:5f:63:2f', '10:e3:76:47:4b:4d', '10:e3:76:47:55:cf', '48:00:b3:5f:58:0e'], 'ssids': ['iotroam', 'iotroam', 'VU-Campusnet', 'iotroam', 'eduroam'], 'signals': [-54, -74, -86, -80, -58], 'timestamps': [1.7833512631338378e+18, 1.7833512642538378e+18, 1.783351264240838e+18, 1.783351264223838e+18, 1.783351264207838e+18], 'frequencies': [2412, 5320, 5300, 5280, 5260]}
149 74 1783351266096684187
{'names': ['NU-AP05122', 'NU-AP05123', 'NU-AP05135', 'NU-AP05137', 'NU-AP05122'], 'addresses': ['48:00:b3:5f:58:00', '48:00:b3:5f:63:2f', '10:e3:76:47:4b:4d', '10:e3:76:47:55:cf', '48:00:b3:5f:58:0e'], 'ssids': ['iotroam', 'iotroam', 'VU-Campusnet', 'iotroam', 'eduroam'], 'signals': [-54, -74, -86, -80, -58], 'timestamps': [1.7833512631338378e+18, 1.7833512642538378e+18, 1.783351264240838e+18, 1.783351264223838e+18, 1.783351264207838e+18], 'frequencies': [2412, 5320, 5300, 5280, 5260]}
153 74 1783351266180804910
{'names': ['NU-AP05122', 'NU-AP05123', 'NU-AP05135', 'NU-AP05137', 'NU-AP05122'], 'addresses': ['48:00:b3:5f:58:00', '48:00:b3:5f:63:2f', '10:e3:76:47:4b:4d', '10:e3:76:47:55:cf', '48:00:b3:5f:58:0e'], 'ssids': ['iotroam', 'iotroam', 'VU-Campusnet', 'iotroam', 'eduroam'], 'signals': [-54, -74, -86, -80, -58], 'timestamps': [1.7833512631338378e+18, 1.7833512642538378e+18, 1.783351264240838e+18, 1.783351264223838e+18, 1.783351264207838e+18], 'frequencies': [2412, 5320, 5300, 5280, 5260]}
157 74 1783351266264176719
{'names': ['NU-AP05122', 'NU-AP05123', 'NU-AP05135', 'NU-AP05137', 'NU-AP05122'], 'addresses': ['48:00:b3:5f:58:00', '48:00:b3:5f:63:2f', '10:e3:76:47:4b:4d', '10:e3:76:47:55:cf', '48:00:b3:5f:58:0e'], 'ssids': ['iotroam', 'iotroam', 'VU-Campusnet', 'iotroam', 'eduroam'], 'signals': [-54, -74, -86, -80, -58], 'timestamps': [1.7833512631338378e+18, 1.7833512642538378e+18, 1.783351264240838e+18, 1.783351264223838e+18, 1.783351264207838e+18], 'frequencies': [2412, 5320, 5300, 5280, 5260]}
161 74 1783351266349468795
{'names': ['NU-AP05122', 'NU-AP05123', 'NU-AP05135', 'NU-AP05137', 'NU-AP05122'], 'addresses': ['48:00:b3:5f:58:00', '48:00:b3:5f:63:2f', '10:e3:76:47:4b:4d', '10:e3:76:47:55:cf', '48:00:b3:5f:58:0e'], 'ssids': ['iotroam', 'iotroam', 'VU-Campusnet', 'iotroam', 'eduroam'], 'signals': [-54, -74, -86, -80, -58], 'timestamps': [1.7833512631338378e+18, 1.7833512642538378e+18, 1.783351264240838e+18, 1.783351264223838e+18, 1.783351264207838e+18], 'frequencies': [2412, 5320, 5300, 5280, 5260]}
165 74 1783351266433992819
{'names': ['NU-AP05122', 'NU-AP05123', 'NU-AP05135', 'NU-AP05137', 'NU-AP05122'], 'addresses': ['48:00:b3:5f:58:00', '48:00:b3:5f:63:2f', '10:e3:76:47:4b:4d', '10:e3:76:47:55:cf', '48:00:b3:5f:58:0e'], 'ssids': ['iotroam', 'iotroam', 'VU-Campusnet', 'iotroam', 'eduroam'], 'signals': [-54, -74, -86, -80, -58], 'timestamps': [1.7833512631338378e+18, 1.7833512642538378e+18, 1.783351264240838e+18, 1.783351264223838e+18, 1.783351264207838e+18], 'frequencies': [2412, 5320, 5300, 5280, 5260]}
169 74 1783351266518012839
{'names': ['NU-AP05122', 'NU-AP05123', 'NU-AP05135', 'NU-AP05137', 'NU-AP05122'], 'addresses': ['48:00:b3:5f:58:00', '48:00:b3:5f:63:2f', '10:e3:76:47:4b:4d', '10:e3:76:47:55:cf', '48:00:b3:5f:58:0e'], 'ssids': ['iotroam', 'iotroam', 'VU-Campusnet', 'iotroam', 'eduroam'], 'signals': [-54, -74, -86, -80, -58], 'timestamps': [1.7833512631338378e+18, 1.7833512642538378e+18, 1.783351264240838e+18, 1.783351264223838e+18, 1.783351264207838e+18], 'frequencies': [2412, 5320, 5300, 5280, 5260]}
173 74 1783351266600463403
{'names': ['NU-AP05122', 'NU-AP05123', 'NU-AP05135', 'NU-AP05137', 'NU-AP05122'], 'addresses': ['48:00:b3:5f:58:00', '48:00:b3:5f:63:2f', '10:e3:76:47:4b:4d', '10:e3:76:47:55:cf', '48:00:b3:5f:58:0e'], 'ssids': ['iotroam', 'iotroam', 'VU-Campusnet', 'iotroam', 'eduroam'], 'signals': [-54, -74, -86, -80, -58], 'timestamps': [1.7833512631338378e+18, 1.7833512642538378e+18, 1.783351264240838e+18, 1.783351264223838e+18, 1.783351264207838e+18], 'frequencies': [2412, 5320, 5300, 5280, 5260]}
177 74 1783351266683634738
{'names': ['NU-AP05122', 'NU-AP05123', 'NU-AP05135', 'NU-AP05137', 'NU-AP05122'], 'addresses': ['48:00:b3:5f:58:00', '48:00:b3:5f:63:2f', '10:e3:76:47:4b:4d', '10:e3:76:47:55:cf', '48:00:b3:5f:58:0e'], 'ssids': ['iotroam', 'iotroam', 'VU-Campusnet', 'iotroam', 'eduroam'], 'signals': [-54, -74, -86, -80, -58], 'timestamps': [1.7833512631338378e+18, 1.7833512642538378e+18, 1.783351264240838e+18, 1.783351264223838e+18, 1.783351264207838e+18], 'frequencies': [2412, 5320, 5300, 5280, 5260]}
181 74 1783351266766895459
{'names': ['NU-AP05122', 'NU-AP05123', 'NU-AP05135', 'NU-AP05137', 'NU-AP05122'], 'addresses': ['48:00:b3:5f:58:00', '48:00:b3:5f:63:2f', '10:e3:76:47:4b:4d', '10:e3:76:47:55:cf', '48:00:b3:5f:58:0e'], 'ssids': ['iotroam', 'iotroam', 'VU-Campusnet', 'iotroam', 'eduroam'], 'signals': [-54, -74, -86, -80, -58], 'timestamps': [1.7833512631338378e+18, 1.7833512642538378e+18, 1.783351264240838e+18, 1.783351264223838e+18, 1.783351264207838e+18], 'frequencies': [2412, 5320, 5300, 5280, 5260]}
185 74 1783351266851819155
{'names': ['NU-AP05122', 'NU-AP05123', 'NU-AP05135', 'NU-AP05137', 'NU-AP05122'], 'addresses': ['48:00:b3:5f:58:00', '48:00:b3:5f:63:2f', '10:e3:76:47:4b:4d', '10:e3:76:47:55:cf', '48:00:b3:5f:58:0e'], 'ssids': ['iotroam', 'iotroam', 'VU-Campusnet', 'iotroam', 'eduroam'], 'signals': [-54, -74, -86, -80, -58], 'timestamps': [1.7833512631338378e+18, 1.7833512642538378e+18, 1.783351264240838e+18, 1.783351264223838e+18, 1.783351264207838e+18], 'frequencies': [2412, 5320, 5300, 5280, 5260]}
186 74 1783351267282438634
{'names': ['NU-AP05122', 'NU-AP05123', 'NU-AP05135', 'NU-AP05137', 'NU-AP05122', 'NU-AP05137'], 'addresses': ['48:00:b3:5f:58:00', '48:00:b3:5f:63:2f', '10:e3:76:47:4b:4d', '10:e3:76:47:55:cf', '48:00:b3:5f:58:0e', '10:e3:76:47:55:c0'], 'ssids': ['iotroam', 'iotroam', 'VU-Campusnet', 'iotroam', 'eduroam', 'iotroam'], 'signals': [-54, -74, -86, -80, -58, -73], 'timestamps': [1.7833512631338378e+18, 1.7833512642538378e+18, 1.783351264240838e+18, 1.783351264223838e+18, 1.783351264207838e+18, 1.7833512672644388e+18], 'frequencies': [2412, 5320, 5300, 5280, 5260, 2462]}
187 74 1783351267669746130
{'names': ['NU-AP05122', 'NU-AP05123', 'NU-AP05135', 'NU-AP05137', 'NU-AP05122', 'NU-AP05137'], 'addresses': ['48:00:b3:5f:58:00', '48:00:b3:5f:63:2f', '10:e3:76:47:4b:4d', '10:e3:76:47:55:cf', '48:00:b3:5f:58:0e', '10:e3:76:47:55:c0'], 'ssids': ['iotroam', 'iotroam', 'VU-Campusnet', 'iotroam', 'eduroam', 'iotroam'], 'signals': [-54, -74, -86, -80, -58, -73], 'timestamps': [1.7833512631338378e+18, 1.7833512642538378e+18, 1.783351264240838e+18, 1.783351264223838e+18, 1.783351264207838e+18, 1.7833512672647462e+18], 'frequencies': [2412, 5320, 5300, 5280, 5260, 2462]}
187 76 1783351267923446942
{'names': ['NU-AP05122', 'NU-AP05123', 'NU-AP05135', 'NU-AP05137', 'NU-AP05122', 'NU-AP05137'], 'addresses': ['48:00:b3:5f:58:00', '48:00:b3:5f:63:2f', '10:e3:76:47:4b:4d', '10:e3:76:47:55:cf', '48:00:b3:5f:58:0d', '10:e3:76:47:55:c0'], 'ssids': ['iotroam', 'iotroam', 'VU-Campusnet', 'iotroam', 'VU-Campusnet', 'iotroam'], 'signals': [-54, -74, -86, -80, -58, -73], 'timestamps': [1.7833512631338378e+18, 1.7833512642538378e+18, 1.783351264240838e+18, 1.783351267920447e+18, 1.783351267911447e+18, 1.7833512672647462e+18], 'frequencies': [2412, 5320, 5300, 5280, 5260, 2462]}
187 78 1783351267987098714
{'names': ['NU-AP05122', 'NU-AP05123', 'NU-AP05135', 'NU-AP05137', 'NU-AP05122', 'NU-AP05137'], 'addresses': ['48:00:b3:5f:58:00', '48:00:b3:5f:63:2f', '10:e3:76:47:4b:4e', '10:e3:76:47:55:cf', '48:00:b3:5f:58:0d', '10:e3:76:47:55:c0'], 'ssids': ['iotroam', 'iotroam', 'eduroam', 'iotroam', 'VU-Campusnet', 'iotroam'], 'signals': [-54, -75, -84, -80, -58, -73], 'timestamps': [1.7833512631338378e+18, 1.7833512679530988e+18, 1.7833512679390986e+18, 1.783351267920447e+18, 1.783351267911447e+18, 1.7833512672647462e+18], 'frequencies': [2412, 5320, 5300, 5280, 5260, 2462]}
187 82 1783351268055338559
{'names': ['NU-AP05122', 'NU-AP05123', 'NU-AP05135', 'NU-AP05137', 'NU-AP05122', 'NU-AP05137'], 'addresses': ['48:00:b3:5f:58:00', '48:00:b3:5f:63:2f', '10:e3:76:47:4b:4e', '10:e3:76:47:55:cf', '48:00:b3:5f:58:0d', '10:e3:76:47:55:c0'], 'ssids': ['iotroam', 'iotroam', 'eduroam', 'iotroam', 'VU-Campusnet', 'iotroam'], 'signals': [-54, -75, -84, -80, -58, -73], 'timestamps': [1.7833512631338378e+18, 1.7833512679543386e+18, 1.7833512679403384e+18, 1.7833512679213384e+18, 1.7833512679123384e+18, 1.7833512672647462e+18], 'frequencies': [2412, 5320, 5300, 5280, 5260, 2462]}
187 86 1783351268125354200
{'names': ['NU-AP05122', 'NU-AP05123', 'NU-AP05135', 'NU-AP05137', 'NU-AP05122', 'NU-AP05137'], 'addresses': ['48:00:b3:5f:58:00', '48:00:b3:5f:63:2f', '10:e3:76:47:4b:4e', '10:e3:76:47:55:cf', '48:00:b3:5f:58:0d', '10:e3:76:47:55:c0'], 'ssids': ['iotroam', 'iotroam', 'eduroam', 'iotroam', 'VU-Campusnet', 'iotroam'], 'signals': [-54, -75, -84, -80, -58, -73], 'timestamps': [1.7833512631338378e+18, 1.7833512679543542e+18, 1.7833512679403543e+18, 1.7833512679213542e+18, 1.7833512679123543e+18, 1.7833512672647462e+18], 'frequencies': [2412, 5320, 5300, 5280, 5260, 2462]}
189 90 1783351268282736635
{'names': ['NU-AP05122', 'NU-AP05123', 'NU-AP05135', 'NU-AP05137', 'NU-AP05122', 'NU-AP05137'], 'addresses': ['48:00:b3:5f:58:00', '48:00:b3:5f:63:2f', '10:e3:76:47:4b:4e', '10:e3:76:47:55:cf', '48:00:b3:5f:58:0d', '10:e3:76:47:55:c0'], 'ssids': ['iotroam', 'iotroam', 'eduroam', 'iotroam', 'VU-Campusnet', 'iotroam'], 'signals': [-54, -75, -84, -80, -58, -73], 'timestamps': [1.7833512631347366e+18, 1.7833512679577367e+18, 1.7833512679437366e+18, 1.7833512679247365e+18, 1.7833512679157366e+18, 1.7833512672677366e+18], 'frequencies': [2412, 5320, 5300, 5280, 5260, 2462]}
191 90 1783351270643098521
{'names': ['NU-AP05122', 'NU-AP05123', 'NU-AP05135', 'NU-AP05137', 'NU-AP05122', 'NU-AP05137', 'NU-AP05123'], 'addresses': ['48:00:b3:5f:58:00', '48:00:b3:5f:63:2f', '10:e3:76:47:4b:4e', '10:e3:76:47:55:cf', '48:00:b3:5f:58:0d', '10:e3:76:47:55:c0', '48:00:b3:5f:63:20'], 'ssids': ['iotroam', 'iotroam', 'eduroam', 'iotroam', 'VU-Campusnet', 'iotroam', 'iotroam'], 'signals': [-54, -75, -84, -80, -58, -73, -63], 'timestamps': [1.7833512706310986e+18, 1.7833512679577367e+18, 1.7833512679437366e+18, 1.7833512679247365e+18, 1.7833512679157366e+18, 1.7833512672677366e+18, 1.7833512671180987e+18], 'frequencies': [2412, 5320, 5300, 5280, 5260, 2462, 2437]}
192 90 1783351270892703642
{'names': ['NU-AP05122', 'NU-AP05123', 'NU-AP05135', 'NU-AP05137', 'NU-AP05122', 'NU-AP05137', 'NU-AP05123'], 'addresses': ['48:00:b3:5f:58:00', '48:00:b3:5f:63:2f', '10:e3:76:47:4b:4e', '10:e3:76:47:55:cf', '48:00:b3:5f:58:0d', '10:e3:76:47:55:c0', '48:00:b3:5f:63:20'], 'ssids': ['iotroam', 'iotroam', 'eduroam', 'iotroam', 'VU-Campusnet', 'iotroam', 'iotroam'], 'signals': [-54, -75, -84, -80, -58, -73, -63], 'timestamps': [1.7833512706310986e+18, 1.7833512679577367e+18, 1.7833512679437366e+18, 1.7833512679247365e+18, 1.7833512679157366e+18, 1.7833512672677366e+18, 1.7833512708217037e+18], 'frequencies': [2412, 5320, 5300, 5280, 5260, 2462, 2437]}
192 92 1783351271667019333
{'names': ['NU-AP05122', 'NU-AP05123', 'NU-AP05135', 'NU-AP05137', 'NU-AP05122', 'NU-AP05137', 'NU-AP05123'], 'addresses': ['48:00:b3:5f:58:00', '48:00:b3:5f:63:2f', '10:e3:76:47:4b:4e', '10:e3:76:47:55:cf', '48:00:b3:5f:58:0e', '10:e3:76:47:55:c0', '48:00:b3:5f:63:20'], 'ssids': ['iotroam', 'iotroam', 'eduroam', 'iotroam', 'eduroam', 'iotroam', 'iotroam'], 'signals': [-54, -75, -84, -81, -58, -73, -63], 'timestamps': [1.7833512706310986e+18, 1.7833512679577367e+18, 1.7833512679437366e+18, 1.7833512716570194e+18, 1.7833512716430193e+18, 1.7833512672677366e+18, 1.7833512708217037e+18], 'frequencies': [2412, 5320, 5300, 5280, 5260, 2462, 2437]}
192 96 1783351271731048422
{'names': ['NU-AP05122', 'NU-AP05123', 'NU-AP05135', 'NU-AP05137', 'NU-AP05122', 'NU-AP05137', 'NU-AP05123'], 'addresses': ['48:00:b3:5f:58:00', '48:00:b3:5f:63:2e', '10:e3:76:47:4b:4d', '10:e3:76:47:55:cf', '48:00:b3:5f:58:0e', '10:e3:76:47:55:c0', '48:00:b3:5f:63:20'], 'ssids': ['iotroam', 'eduroam', 'VU-Campusnet', 'iotroam', 'eduroam', 'iotroam', 'iotroam'], 'signals': [-54, -75, -83, -81, -58, -73, -63], 'timestamps': [1.7833512706310986e+18, 1.7833512716900485e+18, 1.7833512716760484e+18, 1.7833512716570486e+18, 1.7833512716430484e+18, 1.7833512672677366e+18, 1.7833512708217037e+18], 'frequencies': [2412, 5320, 5300, 5280, 5260, 2462, 2437]}
192 100 1783351271867561632
{'names': ['NU-AP05122', 'NU-AP05123', 'NU-AP05135', 'NU-AP05137', 'NU-AP05122', 'NU-AP05137', 'NU-AP05123'], 'addresses': ['48:00:b3:5f:58:00', '48:00:b3:5f:63:2e', '10:e3:76:47:4b:4d', '10:e3:76:47:55:cf', '48:00:b3:5f:58:0e', '10:e3:76:47:55:c0', '48:00:b3:5f:63:20'], 'ssids': ['iotroam', 'eduroam', 'VU-Campusnet', 'iotroam', 'eduroam', 'iotroam', 'iotroam'], 'signals': [-54, -75, -83, -81, -58, -73, -63], 'timestamps': [1.7833512706310986e+18, 1.7833512716905618e+18, 1.7833512716765617e+18, 1.7833512716575616e+18, 1.7833512716435617e+18, 1.7833512672677366e+18, 1.7833512708217037e+18], 'frequencies': [2412, 5320, 5300, 5280, 5260, 2462, 2437]}
192 104 1783351272002642273
{'names': ['NU-AP05122', 'NU-AP05123', 'NU-AP05135', 'NU-AP05137', 'NU-AP05122', 'NU-AP05137', 'NU-AP05123'], 'addresses': ['48:00:b3:5f:58:00', '48:00:b3:5f:63:2e', '10:e3:76:47:4b:4d', '10:e3:76:47:55:cf', '48:00:b3:5f:58:0e', '10:e3:76:47:55:c0', '48:00:b3:5f:63:20'], 'ssids': ['iotroam', 'eduroam', 'VU-Campusnet', 'iotroam', 'eduroam', 'iotroam', 'iotroam'], 'signals': [-54, -75, -83, -81, -58, -73, -63], 'timestamps': [1.7833512706310986e+18, 1.7833512716906422e+18, 1.7833512716766423e+18, 1.7833512716576422e+18, 1.783351271643642e+18, 1.7833512672677366e+18, 1.7833512708217037e+18], 'frequencies': [2412, 5320, 5300, 5280, 5260, 2462, 2437]}
192 108 1783351274136777021
{'names': ['NU-AP05122', 'NU-AP05123', 'NU-AP05135', 'NU-AP05137', 'NU-AP05122', 'NU-AP05123'], 'addresses': ['48:00:b3:5f:58:00', '48:00:b3:5f:63:2e', '10:e3:76:47:4b:4d', '10:e3:76:47:55:cf', '48:00:b3:5f:58:0e', '48:00:b3:5f:63:20'], 'ssids': ['iotroam', 'eduroam', 'VU-Campusnet', 'iotroam', 'eduroam', 'iotroam'], 'signals': [-54, -75, -83, -81, -58, -63], 'timestamps': [1.7833512706310986e+18, 1.783351271691777e+18, 1.783351271676777e+18, 1.783351271658777e+18, 1.783351271644777e+18, 1.7833512708217037e+18], 'frequencies': [2412, 5320, 5300, 5280, 5260, 2437]}
193 108 1783351274205761989
{'names': ['NU-AP05122', 'NU-AP05123', 'NU-AP05135', 'NU-AP05137', 'NU-AP05122', 'NU-AP05123'], 'addresses': ['48:00:b3:5f:58:00', '48:00:b3:5f:63:2e', '10:e3:76:47:4b:4d', '10:e3:76:47:55:cf', '48:00:b3:5f:58:0e', '48:00:b3:5f:63:20'], 'ssids': ['iotroam', 'eduroam', 'VU-Campusnet', 'iotroam', 'eduroam', 'iotroam'], 'signals': [-54, -75, -83, -81, -58, -63], 'timestamps': [1.7833512706310986e+18, 1.783351271691777e+18, 1.783351271676777e+18, 1.783351271658777e+18, 1.783351271644777e+18, 1.7833512708217037e+18], 'frequencies': [2412, 5320, 5300, 5280, 5260, 2437]}
195 112 1783351274309845569
{'names': ['NU-AP05122', 'NU-AP05123', 'NU-AP05135', 'NU-AP05137', 'NU-AP05122', 'NU-AP05123'], 'addresses': ['48:00:b3:5f:58:00', '48:00:b3:5f:63:2e', '10:e3:76:47:4b:4d', '10:e3:76:47:55:cf', '48:00:b3:5f:58:0e', '48:00:b3:5f:63:20'], 'ssids': ['iotroam', 'eduroam', 'VU-Campusnet', 'iotroam', 'eduroam', 'iotroam'], 'signals': [-54, -75, -83, -81, -58, -63], 'timestamps': [1.7833512706358456e+18, 1.7833512716978455e+18, 1.7833512716838456e+18, 1.7833512716648456e+18, 1.7833512716508454e+18, 1.7833512708278456e+18], 'frequencies': [2412, 5320, 5300, 5280, 5260, 2437]}
196 112 1783351274589996545
{'names': ['NU-AP05122', 'NU-AP05123', 'NU-AP05135', 'NU-AP05137', 'NU-AP05122', 'NU-AP05123'], 'addresses': ['48:00:b3:5f:58:00', '48:00:b3:5f:63:2e', '10:e3:76:47:4b:4d', '10:e3:76:47:55:cf', '48:00:b3:5f:58:0e', '48:00:b3:5f:63:20'], 'ssids': ['iotroam', 'eduroam', 'VU-Campusnet', 'iotroam', 'eduroam', 'iotroam'], 'signals': [-54, -75, -83, -81, -58, -63], 'timestamps': [1.7833512706358456e+18, 1.7833512716978455e+18, 1.7833512716838456e+18, 1.7833512716648456e+18, 1.7833512716508454e+18, 1.7833512745839964e+18], 'frequencies': [2412, 5320, 5300, 5280, 5260, 2437]}
197 112 1783351274659668319
{'names': ['NU-AP05122', 'NU-AP05123', 'NU-AP05135', 'NU-AP05137', 'NU-AP05122', 'NU-AP05123'], 'addresses': ['48:00:b3:5f:58:00', '48:00:b3:5f:63:2e', '10:e3:76:47:4b:4d', '10:e3:76:47:55:cf', '48:00:b3:5f:58:0e', '48:00:b3:5f:63:20'], 'ssids': ['iotroam', 'eduroam', 'VU-Campusnet', 'iotroam', 'eduroam', 'iotroam'], 'signals': [-54, -75, -83, -81, -58, -63], 'timestamps': [1.7833512706358456e+18, 1.7833512716978455e+18, 1.7833512716838456e+18, 1.7833512716648456e+18, 1.7833512716508454e+18, 1.783351274585668e+18], 'frequencies': [2412, 5320, 5300, 5280, 5260, 2437]}
198 112 1783351274790934347
{'names': ['NU-AP05122', 'NU-AP05123', 'NU-AP05135', 'NU-AP05137', 'NU-AP05122', 'NU-AP05123', 'NU-AP05137'], 'addresses': ['48:00:b3:5f:58:00', '48:00:b3:5f:63:2e', '10:e3:76:47:4b:4d', '10:e3:76:47:55:cf', '48:00:b3:5f:58:0e', '48:00:b3:5f:63:20', '10:e3:76:47:55:c1'], 'ssids': ['iotroam', 'eduroam', 'VU-Campusnet', 'iotroam', 'eduroam', 'iotroam', 'eduroam'], 'signals': [-54, -75, -83, -81, -58, -63, -73], 'timestamps': [1.7833512706358456e+18, 1.7833512716978455e+18, 1.7833512716838456e+18, 1.7833512716648456e+18, 1.7833512716508454e+18, 1.783351274585668e+18, 1.7833512747399342e+18], 'frequencies': [2412, 5320, 5300, 5280, 5260, 2437, 2462]}
199 112 1783351274864233740
{'names': ['NU-AP05122', 'NU-AP05123', 'NU-AP05135', 'NU-AP05137', 'NU-AP05122', 'NU-AP05123', 'NU-AP05137'], 'addresses': ['48:00:b3:5f:58:00', '48:00:b3:5f:63:2e', '10:e3:76:47:4b:4d', '10:e3:76:47:55:cf', '48:00:b3:5f:58:0e', '48:00:b3:5f:63:20', '10:e3:76:47:55:c1'], 'ssids': ['iotroam', 'eduroam', 'VU-Campusnet', 'iotroam', 'eduroam', 'iotroam', 'eduroam'], 'signals': [-54, -75, -83, -81, -58, -63, -73], 'timestamps': [1.7833512706358456e+18, 1.7833512716978455e+18, 1.7833512716838456e+18, 1.7833512716648456e+18, 1.7833512716508454e+18, 1.783351274585668e+18, 1.7833512747402337e+18], 'frequencies': [2412, 5320, 5300, 5280, 5260, 2437, 2462]}
200 112 1783351274939254790
{'names': ['NU-AP05122', 'NU-AP05123', 'NU-AP05135', 'NU-AP05137', 'NU-AP05122', 'NU-AP05123', 'NU-AP05137'], 'addresses': ['48:00:b3:5f:58:00', '48:00:b3:5f:63:2e', '10:e3:76:47:4b:4d', '10:e3:76:47:55:cf', '48:00:b3:5f:58:0e', '48:00:b3:5f:63:20', '10:e3:76:47:55:c1'], 'ssids': ['iotroam', 'eduroam', 'VU-Campusnet', 'iotroam', 'eduroam', 'iotroam', 'eduroam'], 'signals': [-54, -75, -83, -81, -58, -63, -73], 'timestamps': [1.7833512706358456e+18, 1.7833512716978455e+18, 1.7833512716838456e+18, 1.7833512716648456e+18, 1.7833512716508454e+18, 1.783351274585668e+18, 1.7833512747402547e+18], 'frequencies': [2412, 5320, 5300, 5280, 5260, 2437, 2462]}
201 112 1783351275210623204
{'names': ['NU-AP05122', 'NU-AP05123', 'NU-AP05135', 'NU-AP05137', 'NU-AP05122', 'NU-AP05123', 'NU-AP05137'], 'addresses': ['48:00:b3:5f:58:00', '48:00:b3:5f:63:2e', '10:e3:76:47:4b:4d', '10:e3:76:47:55:cf', '48:00:b3:5f:58:0e', '48:00:b3:5f:63:20', '10:e3:76:47:55:c1'], 'ssids': ['iotroam', 'eduroam', 'VU-Campusnet', 'iotroam', 'eduroam', 'iotroam', 'eduroam'], 'signals': [-54, -75, -83, -81, -58, -63, -73], 'timestamps': [1.7833512706358456e+18, 1.7833512716978455e+18, 1.7833512716838456e+18, 1.7833512716648456e+18, 1.7833512716508454e+18, 1.783351274585668e+18, 1.7833512747406234e+18], 'frequencies': [2412, 5320, 5300, 5280, 5260, 2437, 2462]}
201 114 1783351275346439688
{'names': ['NU-AP05122', 'NU-AP05123', 'NU-AP05135', 'NU-AP05137', 'NU-AP05122', 'NU-AP05123', 'NU-AP05137'], 'addresses': ['48:00:b3:5f:58:00', '48:00:b3:5f:63:2e', '10:e3:76:47:4b:4d', '10:e3:76:47:55:cf', '48:00:b3:5f:58:0e', '48:00:b3:5f:63:20', '10:e3:76:47:55:c1'], 'ssids': ['iotroam', 'eduroam', 'VU-Campusnet', 'iotroam', 'eduroam', 'iotroam', 'eduroam'], 'signals': [-54, -75, -83, -81, -60, -63, -73], 'timestamps': [1.7833512706358456e+18, 1.7833512716978455e+18, 1.7833512716838456e+18, 1.7833512753424397e+18, 1.7833512753294397e+18, 1.783351274585668e+18, 1.7833512747406234e+18], 'frequencies': [2412, 5320, 5300, 5280, 5260, 2437, 2462]}
201 115 1783351275414345853
{'names': ['NU-AP05122', 'NU-AP05123', 'NU-AP05135', 'NU-AP05137', 'NU-AP05122', 'NU-AP05123', 'NU-AP05137'], 'addresses': ['48:00:b3:5f:58:00', '48:00:b3:5f:63:2f', '10:e3:76:47:4b:4d', '10:e3:76:47:55:cf', '48:00:b3:5f:58:0e', '48:00:b3:5f:63:20', '10:e3:76:47:55:c1'], 'ssids': ['iotroam', 'iotroam', 'VU-Campusnet', 'iotroam', 'eduroam', 'iotroam', 'eduroam'], 'signals': [-54, -73, -83, -81, -60, -63, -73], 'timestamps': [1.7833512706358456e+18, 1.7833512753753457e+18, 1.7833512716838456e+18, 1.7833512753424397e+18, 1.7833512753294397e+18, 1.783351274585668e+18, 1.7833512747406234e+18], 'frequencies': [2412, 5320, 5300, 5280, 5260, 2437, 2462]}
203 118 1783351275619744341
{'names': ['NU-AP05122', 'NU-AP05123', 'NU-AP05135', 'NU-AP05137', 'NU-AP05122', 'NU-AP05123', 'NU-AP05137'], 'addresses': ['48:00:b3:5f:58:00', '48:00:b3:5f:63:2f', '10:e3:76:47:4b:4d', '10:e3:76:47:55:cf', '48:00:b3:5f:58:0e', '48:00:b3:5f:63:20', '10:e3:76:47:55:c1'], 'ssids': ['iotroam', 'iotroam', 'VU-Campusnet', 'iotroam', 'eduroam', 'iotroam', 'eduroam'], 'signals': [-54, -73, -83, -81, -60, -63, -73], 'timestamps': [1.7833512706358456e+18, 1.7833512753787443e+18, 1.7833512716838456e+18, 1.7833512753457444e+18, 1.7833512753327442e+18, 1.7833512745877443e+18, 1.7833512747437443e+18], 'frequencies': [2412, 5320, 5300, 5280, 5260, 2437, 2462]}
