1 1 1783341541683589389
{'names': ['NU-AP05122'], 'addresses': ['48:00:b3:5f:58:00'], 'ssids': ['iotroam'], 'signals': [-54], 'timestamps': [1.7833415416775895e+18], 'frequencies': [2412]}
2 2 1783341541749208714
{'names': ['NU-AP05122'], 'addresses': ['48:00:b3:5f:58:02'], 'ssids': ['VU-Campusnet'], 'signals': [-54], 'timestamps': [1.783341541692209e+18], 'frequencies': [2412]}
3 3 1783341541801697342
{'names': ['NU-AP05122'], 'addresses': ['48:00:b3:5f:58:02'], 'ssids': ['VU-Campusnet'], 'signals': [-54], 'timestamps': [1.7833415416926973e+18], 'frequencies': [2412]}
5 4 1783341541852286958
{'names': ['NU-AP05122', 'NU-AP05123'], 'addresses': ['48:00:b3:5f:58:02', '48:00:b3:5f:63:21'], 'ssids': ['VU-Campusnet', 'eduroam'], 'signals': [-54, -66], 'timestamps': [1.783341541693287e+18, 1.783341541841287e+18], 'frequencies': [2412, 2437]}
5 5 1783341541905705268
{'names': ['NU-AP05122', 'NU-AP05123'], 'addresses': ['48:00:b3:5f:58:02', '48:00:b3:5f:63:21'], 'ssids': ['VU-Campusnet', 'eduroam'], 'signals': [-54, -66], 'timestamps': [1.783341541693287e+18, 1.783341541841287e+18], 'frequencies': [2412, 2437]}
7 6 1783341541958481575
{'names': ['NU-AP05122', 'NU-AP05123'], 'addresses': ['48:00:b3:5f:58:02', '48:00:b3:5f:63:21'], 'ssids': ['VU-Campusnet', 'eduroam'], 'signals': [-54, -66], 'timestamps': [1.7833415416934817e+18, 1.7833415418414817e+18], 'frequencies': [2412, 2437]}
8 7 1783341542010895383
{'names': ['NU-AP05122', 'NU-AP05123', 'NU-AP05137'], 'addresses': ['48:00:b3:5f:58:02', '48:00:b3:5f:63:21', '10:e3:76:47:55:c0'], 'ssids': ['VU-Campusnet', 'eduroam', 'iotroam'], 'signals': [-54, -66, -68], 'timestamps': [1.7833415416934817e+18, 1.7833415418414817e+18, 1.7833415419968952e+18], 'frequencies': [2412, 2437, 2462]}
11 8 1783341542065661909
{'names': ['NU-AP05122', 'NU-AP05123', 'NU-AP05137'], 'addresses': ['48:00:b3:5f:58:02', '48:00:b3:5f:63:21', '10:e3:76:47:55:c0'], 'ssids': ['VU-Campusnet', 'eduroam', 'iotroam'], 'signals': [-54, -66, -68], 'timestamps': [1.783341541693662e+18, 1.783341541841662e+18, 1.783341541997662e+18], 'frequencies': [2412, 2437, 2462]}
11 9 1783341542120937149
{'names': ['NU-AP05122', 'NU-AP05123', 'NU-AP05137'], 'addresses': ['48:00:b3:5f:58:02', '48:00:b3:5f:63:21', '10:e3:76:47:55:c0'], 'ssids': ['VU-Campusnet', 'eduroam', 'iotroam'], 'signals': [-54, -66, -68], 'timestamps': [1.783341541693662e+18, 1.783341541841662e+18, 1.783341541997662e+18], 'frequencies': [2412, 2437, 2462]}
11 10 1783341542175146936
{'names': ['NU-AP05122', 'NU-AP05123', 'NU-AP05137'], 'addresses': ['48:00:b3:5f:58:02', '48:00:b3:5f:63:21', '10:e3:76:47:55:c0'], 'ssids': ['VU-Campusnet', 'eduroam', 'iotroam'], 'signals': [-54, -66, -68], 'timestamps': [1.783341541693662e+18, 1.783341541841662e+18, 1.783341541997662e+18], 'frequencies': [2412, 2437, 2462]}
11 11 1783341542228891197
{'names': ['NU-AP05122', 'NU-AP05123', 'NU-AP05137'], 'addresses': ['48:00:b3:5f:58:02', '48:00:b3:5f:63:21', '10:e3:76:47:55:c0'], 'ssids': ['VU-Campusnet', 'eduroam', 'iotroam'], 'signals': [-54, -66, -68], 'timestamps': [1.783341541693662e+18, 1.783341541841662e+18, 1.783341541997662e+18], 'frequencies': [2412, 2437, 2462]}
11 12 1783341542282043626
{'names': ['NU-AP05122', 'NU-AP05123', 'NU-AP05137'], 'addresses': ['48:00:b3:5f:58:02', '48:00:b3:5f:63:21', '10:e3:76:47:55:c0'], 'ssids': ['VU-Campusnet', 'eduroam', 'iotroam'], 'signals': [-54, -66, -68], 'timestamps': [1.783341541693662e+18, 1.783341541841662e+18, 1.783341541997662e+18], 'frequencies': [2412, 2437, 2462]}
11 13 1783341542336213901
{'names': ['NU-AP05122', 'NU-AP05123', 'NU-AP05137'], 'addresses': ['48:00:b3:5f:58:02', '48:00:b3:5f:63:21', '10:e3:76:47:55:c0'], 'ssids': ['VU-Campusnet', 'eduroam', 'iotroam'], 'signals': [-54, -66, -68], 'timestamps': [1.783341541693662e+18, 1.783341541841662e+18, 1.783341541997662e+18], 'frequencies': [2412, 2437, 2462]}
11 14 1783341542391392964
{'names': ['NU-AP05122', 'NU-AP05123', 'NU-AP05137'], 'addresses': ['48:00:b3:5f:58:02', '48:00:b3:5f:63:21', '10:e3:76:47:55:c0'], 'ssids': ['VU-Campusnet', 'eduroam', 'iotroam'], 'signals': [-54, -66, -68], 'timestamps': [1.783341541693662e+18, 1.783341541841662e+18, 1.783341541997662e+18], 'frequencies': [2412, 2437, 2462]}
11 15 1783341542445887071
{'names': ['NU-AP05122', 'NU-AP05123', 'NU-AP05137'], 'addresses': ['48:00:b3:5f:58:02', '48:00:b3:5f:63:21', '10:e3:76:47:55:c0'], 'ssids': ['VU-Campusnet', 'eduroam', 'iotroam'], 'signals': [-54, -66, -68], 'timestamps': [1.783341541693662e+18, 1.783341541841662e+18, 1.783341541997662e+18], 'frequencies': [2412, 2437, 2462]}
14 16 1783341542502679222
{'names': ['NU-AP05122', 'NU-AP05123', 'NU-AP05137'], 'addresses': ['48:00:b3:5f:58:02', '48:00:b3:5f:63:21', '10:e3:76:47:55:c0'], 'ssids': ['VU-Campusnet', 'eduroam', 'iotroam'], 'signals': [-54, -66, -68], 'timestamps': [1.7833415416936794e+18, 1.7833415418416794e+18, 1.7833415419976794e+18], 'frequencies': [2412, 2437, 2462]}
14 17 1783341542558029486
{'names': ['NU-AP05122', 'NU-AP05123', 'NU-AP05137'], 'addresses': ['48:00:b3:5f:58:02', '48:00:b3:5f:63:21', '10:e3:76:47:55:c0'], 'ssids': ['VU-Campusnet', 'eduroam', 'iotroam'], 'signals': [-54, -66, -68], 'timestamps': [1.7833415416936794e+18, 1.7833415418416794e+18, 1.7833415419976794e+18], 'frequencies': [2412, 2437, 2462]}
14 18 1783341542613306294
{'names': ['NU-AP05122', 'NU-AP05123', 'NU-AP05137'], 'addresses': ['48:00:b3:5f:58:02', '48:00:b3:5f:63:21', '10:e3:76:47:55:c0'], 'ssids': ['VU-Campusnet', 'eduroam', 'iotroam'], 'signals': [-54, -66, -68], 'timestamps': [1.7833415416936794e+18, 1.7833415418416794e+18, 1.7833415419976794e+18], 'frequencies': [2412, 2437, 2462]}
14 19 1783341542667093176
{'names': ['NU-AP05122', 'NU-AP05123', 'NU-AP05137'], 'addresses': ['48:00:b3:5f:58:02', '48:00:b3:5f:63:21', '10:e3:76:47:55:c0'], 'ssids': ['VU-Campusnet', 'eduroam', 'iotroam'], 'signals': [-54, -66, -68], 'timestamps': [1.7833415416936794e+18, 1.7833415418416794e+18, 1.7833415419976794e+18], 'frequencies': [2412, 2437, 2462]}
14 20 1783341542721936158
{'names': ['NU-AP05122', 'NU-AP05123', 'NU-AP05137'], 'addresses': ['48:00:b3:5f:58:02', '48:00:b3:5f:63:21', '10:e3:76:47:55:c0'], 'ssids': ['VU-Campusnet', 'eduroam', 'iotroam'], 'signals': [-54, -66, -68], 'timestamps': [1.7833415416936794e+18, 1.7833415418416794e+18, 1.7833415419976794e+18], 'frequencies': [2412, 2437, 2462]}
14 21 1783341542778197526
{'names': ['NU-AP05122', 'NU-AP05123', 'NU-AP05137'], 'addresses': ['48:00:b3:5f:58:02', '48:00:b3:5f:63:21', '10:e3:76:47:55:c0'], 'ssids': ['VU-Campusnet', 'eduroam', 'iotroam'], 'signals': [-54, -66, -68], 'timestamps': [1.7833415416936794e+18, 1.7833415418416794e+18, 1.7833415419976794e+18], 'frequencies': [2412, 2437, 2462]}
14 22 1783341542834027934
{'names': ['NU-AP05122', 'NU-AP05123', 'NU-AP05137', 'NU-AP05122'], 'addresses': ['48:00:b3:5f:58:02', '48:00:b3:5f:63:21', '10:e3:76:47:55:c0', '48:00:b3:5f:58:0e'], 'ssids': ['VU-Campusnet', 'eduroam', 'iotroam', 'eduroam'], 'signals': [-54, -66, -68, -61], 'timestamps': [1.7833415416936794e+18, 1.7833415418416794e+18, 1.7833415419976794e+18, 1.783341542833028e+18], 'frequencies': [2412, 2437, 2462, 5260]}
14 23 1783341543224873422
{'names': ['NU-AP05122', 'NU-AP05123', 'NU-AP05137', 'NU-AP05122', 'NU-AP05123'], 'addresses': ['48:00:b3:5f:58:02', '48:00:b3:5f:63:21', '10:e3:76:47:55:c0', '48:00:b3:5f:58:0e', '48:00:b3:5f:63:2f'], 'ssids': ['VU-Campusnet', 'eduroam', 'iotroam', 'eduroam', 'iotroam'], 'signals': [-54, -66, -68, -61, -72], 'timestamps': [1.7833415416936794e+18, 1.7833415418416794e+18, 1.7833415419976794e+18, 1.783341542833028e+18, 1.7833415431728735e+18], 'frequencies': [2412, 2437, 2462, 5260, 5320]}
14 24 1783341543290075330
{'names': ['NU-AP05122', 'NU-AP05123', 'NU-AP05137', 'NU-AP05122', 'NU-AP05123'], 'addresses': ['48:00:b3:5f:58:02', '48:00:b3:5f:63:21', '10:e3:76:47:55:c0', '48:00:b3:5f:58:0e', '48:00:b3:5f:63:2f'], 'ssids': ['VU-Campusnet', 'eduroam', 'iotroam', 'eduroam', 'iotroam'], 'signals': [-54, -66, -68, -61, -72], 'timestamps': [1.7833415416936794e+18, 1.7833415418416794e+18, 1.7833415419976794e+18, 1.783341542833028e+18, 1.7833415431730755e+18], 'frequencies': [2412, 2437, 2462, 5260, 5320]}
14 25 1783341543412276762
{'names': ['NU-AP05122', 'NU-AP05123', 'NU-AP05137', 'NU-AP05122', 'NU-AP05123'], 'addresses': ['48:00:b3:5f:58:02', '48:00:b3:5f:63:21', '10:e3:76:47:55:c0', '48:00:b3:5f:58:0e', '48:00:b3:5f:63:2f'], 'ssids': ['VU-Campusnet', 'eduroam', 'iotroam', 'eduroam', 'iotroam'], 'signals': [-54, -66, -68, -61, -72], 'timestamps': [1.7833415416936794e+18, 1.7833415418416794e+18, 1.7833415419976794e+18, 1.783341542833028e+18, 1.7833415431732767e+18], 'frequencies': [2412, 2437, 2462, 5260, 5320]}
17 27 1783341543474155352
{'names': ['NU-AP05122', 'NU-AP05123', 'NU-AP05137', 'NU-AP05122', 'NU-AP05123'], 'addresses': ['48:00:b3:5f:58:02', '48:00:b3:5f:63:21', '10:e3:76:47:55:c0', '48:00:b3:5f:58:0e', '48:00:b3:5f:63:2f'], 'ssids': ['VU-Campusnet', 'eduroam', 'iotroam', 'eduroam', 'iotroam'], 'signals': [-54, -66, -68, -61, -72], 'timestamps': [1.7833415416941553e+18, 1.7833415418421553e+18, 1.7833415419981553e+18, 1.7833415428331553e+18, 1.7833415431741553e+18], 'frequencies': [2412, 2437, 2462, 5260, 5320]}
20 30 1783341544704459217
{'names': ['NU-AP05122', 'NU-AP05123', 'NU-AP05137', 'NU-AP05122', 'NU-AP05123', 'NU-AP05117'], 'addresses': ['48:00:b3:5f:58:02', '48:00:b3:5f:63:21', '10:e3:76:47:55:c0', '48:00:b3:5f:58:0e', '48:00:b3:5f:63:2f', '48:00:b3:5e:16:6d'], 'ssids': ['VU-Campusnet', 'eduroam', 'iotroam', 'eduroam', 'iotroam', 'VU-Campusnet'], 'signals': [-54, -66, -68, -61, -72, -80], 'timestamps': [1.7833415416944594e+18, 1.7833415418424591e+18, 1.7833415419984594e+18, 1.7833415428334592e+18, 1.7833415431744594e+18, 1.7833415446664591e+18], 'frequencies': [2412, 2437, 2462, 5260, 5320, 5660]}
21 30 1783341545942015884
{'names': ['NU-AP05122', 'NU-AP05123', 'NU-AP05137', 'NU-AP05122', 'NU-AP05123', 'NU-AP05117'], 'addresses': ['48:00:b3:5f:58:00', '48:00:b3:5f:63:21', '10:e3:76:47:55:c0', '48:00:b3:5f:58:0e', '48:00:b3:5f:63:2f', '48:00:b3:5e:16:6d'], 'ssids': ['iotroam', 'eduroam', 'iotroam', 'eduroam', 'iotroam', 'VU-Campusnet'], 'signals': [-54, -66, -68, -61, -72, -80], 'timestamps': [1.783341545937016e+18, 1.7833415418424591e+18, 1.7833415419984594e+18, 1.7833415428334592e+18, 1.7833415431744594e+18, 1.7833415446664591e+18], 'frequencies': [2412, 2437, 2462, 5260, 5320, 5660]}
22 30 1783341546008685332
{'names': ['NU-AP05122', 'NU-AP05123', 'NU-AP05137', 'NU-AP05122', 'NU-AP05123', 'NU-AP05117'], 'addresses': ['48:00:b3:5f:58:00', '48:00:b3:5f:63:21', '10:e3:76:47:55:c0', '48:00:b3:5f:58:0e', '48:00:b3:5f:63:2f', '48:00:b3:5e:16:6d'], 'ssids': ['iotroam', 'eduroam', 'iotroam', 'eduroam', 'iotroam', 'VU-Campusnet'], 'signals': [-54, -66, -68, -61, -72, -80], 'timestamps': [1.7833415459376852e+18, 1.7833415418424591e+18, 1.7833415419984594e+18, 1.7833415428334592e+18, 1.7833415431744594e+18, 1.7833415446664591e+18], 'frequencies': [2412, 2437, 2462, 5260, 5320, 5660]}
23 30 1783341546141292316
{'names': ['NU-AP05122', 'NU-AP05123', 'NU-AP05137', 'NU-AP05122', 'NU-AP05123', 'NU-AP05117'], 'addresses': ['48:00:b3:5f:58:00', '48:00:b3:5f:63:21', '10:e3:76:47:55:c0', '48:00:b3:5f:58:0e', '48:00:b3:5f:63:2f', '48:00:b3:5e:16:6d'], 'ssids': ['iotroam', 'eduroam', 'iotroam', 'eduroam', 'iotroam', 'VU-Campusnet'], 'signals': [-54, -65, -68, -61, -72, -80], 'timestamps': [1.7833415459376852e+18, 1.7833415461192924e+18, 1.7833415419984594e+18, 1.7833415428334592e+18, 1.7833415431744594e+18, 1.7833415446664591e+18], 'frequencies': [2412, 2437, 2462, 5260, 5320, 5660]}
24 30 1783341546210670753
{'names': ['NU-AP05122', 'NU-AP05123', 'NU-AP05137', 'NU-AP05122', 'NU-AP05123', 'NU-AP05117'], 'addresses': ['48:00:b3:5f:58:00', '48:00:b3:5f:63:21', '10:e3:76:47:55:c0', '48:00:b3:5f:58:0e', '48:00:b3:5f:63:2f', '48:00:b3:5e:16:6d'], 'ssids': ['iotroam', 'eduroam', 'iotroam', 'eduroam', 'iotroam', 'VU-Campusnet'], 'signals': [-54, -65, -68, -61, -72, -80], 'timestamps': [1.7833415459376852e+18, 1.7833415461196708e+18, 1.7833415419984594e+18, 1.7833415428334592e+18, 1.7833415431744594e+18, 1.7833415446664591e+18], 'frequencies': [2412, 2437, 2462, 5260, 5320, 5660]}
25 30 1783341546277368887
{'names': ['NU-AP05122', 'NU-AP05123', 'NU-AP05137', 'NU-AP05122', 'NU-AP05123', 'NU-AP05117'], 'addresses': ['48:00:b3:5f:58:00', '48:00:b3:5f:63:21', '10:e3:76:47:55:c1', '48:00:b3:5f:58:0e', '48:00:b3:5f:63:2f', '48:00:b3:5e:16:6d'], 'ssids': ['iotroam', 'eduroam', 'eduroam', 'eduroam', 'iotroam', 'VU-Campusnet'], 'signals': [-54, -65, -68, -61, -72, -80], 'timestamps': [1.7833415459376852e+18, 1.7833415461196708e+18, 1.7833415462693688e+18, 1.7833415428334592e+18, 1.7833415431744594e+18, 1.7833415446664591e+18], 'frequencies': [2412, 2437, 2462, 5260, 5320, 5660]}
26 30 1783341546346657195
{'names': ['NU-AP05122', 'NU-AP05123', 'NU-AP05137', 'NU-AP05122', 'NU-AP05123', 'NU-AP05117'], 'addresses': ['48:00:b3:5f:58:00', '48:00:b3:5f:63:21', '10:e3:76:47:55:c1', '48:00:b3:5f:58:0e', '48:00:b3:5f:63:2f', '48:00:b3:5e:16:6d'], 'ssids': ['iotroam', 'eduroam', 'eduroam', 'eduroam', 'iotroam', 'VU-Campusnet'], 'signals': [-54, -65, -68, -61, -72, -80], 'timestamps': [1.7833415459376852e+18, 1.7833415461196708e+18, 1.7833415462696573e+18, 1.7833415428334592e+18, 1.7833415431744594e+18, 1.7833415446664591e+18], 'frequencies': [2412, 2437, 2462, 5260, 5320, 5660]}
29 30 1783341546544330206
{'names': ['NU-AP05122', 'NU-AP05123', 'NU-AP05137', 'NU-AP05122', 'NU-AP05123', 'NU-AP05117'], 'addresses': ['48:00:b3:5f:58:00', '48:00:b3:5f:63:21', '10:e3:76:47:55:c1', '48:00:b3:5f:58:0e', '48:00:b3:5f:63:2f', '48:00:b3:5e:16:6d'], 'ssids': ['iotroam', 'eduroam', 'eduroam', 'eduroam', 'iotroam', 'VU-Campusnet'], 'signals': [-54, -65, -68, -61, -72, -80], 'timestamps': [1.78334154593833e+18, 1.7833415461203302e+18, 1.7833415462703304e+18, 1.7833415428334592e+18, 1.7833415431744594e+18, 1.7833415446664591e+18], 'frequencies': [2412, 2437, 2462, 5260, 5320, 5660]}
29 31 1783341547133695568
{'names': ['NU-AP05122', 'NU-AP05123', 'NU-AP05137', 'NU-AP05122', 'NU-AP05123', 'NU-AP05117'], 'addresses': ['48:00:b3:5f:58:00', '48:00:b3:5f:63:21', '10:e3:76:47:55:c1', '48:00:b3:5f:58:0e', '48:00:b3:5f:63:2f', '48:00:b3:5e:16:6d'], 'ssids': ['iotroam', 'eduroam', 'eduroam', 'eduroam', 'iotroam', 'VU-Campusnet'], 'signals': [-54, -65, -68, -61, -72, -80], 'timestamps': [1.78334154593833e+18, 1.7833415461203302e+18, 1.7833415462703304e+18, 1.7833415471336955e+18, 1.7833415431744594e+18, 1.7833415446664591e+18], 'frequencies': [2412, 2437, 2462, 5260, 5320, 5660]}
32 32 1783341547204446127
{'names': ['NU-AP05122', 'NU-AP05123', 'NU-AP05137', 'NU-AP05122', 'NU-AP05123', 'NU-AP05117'], 'addresses': ['48:00:b3:5f:58:00', '48:00:b3:5f:63:21', '10:e3:76:47:55:c1', '48:00:b3:5f:58:0e', '48:00:b3:5f:63:2f', '48:00:b3:5e:16:6d'], 'ssids': ['iotroam', 'eduroam', 'eduroam', 'eduroam', 'iotroam', 'VU-Campusnet'], 'signals': [-54, -65, -68, -61, -72, -80], 'timestamps': [1.7833415459384463e+18, 1.7833415461204462e+18, 1.783341546270446e+18, 1.783341547134446e+18, 1.7833415431744594e+18, 1.7833415446664591e+18], 'frequencies': [2412, 2437, 2462, 5260, 5320, 5660]}
32 33 1783341548684945342
{'names': ['NU-AP05122', 'NU-AP05123', 'NU-AP05137', 'NU-AP05122', 'NU-AP05123', 'NU-AP05117'], 'addresses': ['48:00:b3:5f:58:00', '48:00:b3:5f:63:21', '10:e3:76:47:55:c1', '48:00:b3:5f:58:0e', '48:00:b3:5f:63:2f', '48:00:b3:5e:16:6e'], 'ssids': ['iotroam', 'eduroam', 'eduroam', 'eduroam', 'iotroam', 'eduroam'], 'signals': [-54, -65, -68, -61, -72, -80], 'timestamps': [1.7833415459384463e+18, 1.7833415461204462e+18, 1.783341546270446e+18, 1.783341547134446e+18, 1.7833415431744594e+18, 1.7833415486759455e+18], 'frequencies': [2412, 2437, 2462, 5260, 5320, 5660]}
32 34 1783341548752691165
{'names': ['NU-AP05122', 'NU-AP05123', 'NU-AP05137', 'NU-AP05122', 'NU-AP05123', 'NU-AP05117'], 'addresses': ['48:00:b3:5f:58:00', '48:00:b3:5f:63:21', '10:e3:76:47:55:c1', '48:00:b3:5f:58:0e', '48:00:b3:5f:63:2f', '48:00:b3:5e:16:6e'], 'ssids': ['iotroam', 'eduroam', 'eduroam', 'eduroam', 'iotroam', 'eduroam'], 'signals': [-54, -65, -68, -61, -72, -80], 'timestamps': [1.7833415459384463e+18, 1.7833415461204462e+18, 1.783341546270446e+18, 1.783341547134446e+18, 1.7833415431744594e+18, 1.7833415486766912e+18], 'frequencies': [2412, 2437, 2462, 5260, 5320, 5660]}
32 35 1783341548823731016
{'names': ['NU-AP05122', 'NU-AP05123', 'NU-AP05137', 'NU-AP05122', 'NU-AP05123', 'NU-AP05117'], 'addresses': ['48:00:b3:5f:58:00', '48:00:b3:5f:63:21', '10:e3:76:47:55:c1', '48:00:b3:5f:58:0e', '48:00:b3:5f:63:2f', '48:00:b3:5e:16:6e'], 'ssids': ['iotroam', 'eduroam', 'eduroam', 'eduroam', 'iotroam', 'eduroam'], 'signals': [-54, -65, -68, -61, -72, -80], 'timestamps': [1.7833415459384463e+18, 1.7833415461204462e+18, 1.783341546270446e+18, 1.783341547134446e+18, 1.7833415431744594e+18, 1.783341548676731e+18], 'frequencies': [2412, 2437, 2462, 5260, 5320, 5660]}
32 36 1783341549404859969
{'names': ['NU-AP05122', 'NU-AP05123', 'NU-AP05137', 'NU-AP05122', 'NU-AP05117'], 'addresses': ['48:00:b3:5f:58:00', '48:00:b3:5f:63:21', '10:e3:76:47:55:c1', '48:00:b3:5f:58:0e', '48:00:b3:5e:16:6e'], 'ssids': ['iotroam', 'eduroam', 'eduroam', 'eduroam', 'eduroam'], 'signals': [-54, -65, -68, -61, -80], 'timestamps': [1.7833415459384463e+18, 1.7833415461204462e+18, 1.783341546270446e+18, 1.783341547134446e+18, 1.78334154867686e+18], 'frequencies': [2412, 2437, 2462, 5260, 5660]}
32 37 1783341549472474683
{'names': ['NU-AP05122', 'NU-AP05123', 'NU-AP05137', 'NU-AP05122', 'NU-AP05117'], 'addresses': ['48:00:b3:5f:58:00', '48:00:b3:5f:63:21', '10:e3:76:47:55:c1', '48:00:b3:5f:58:0e', '48:00:b3:5e:16:6e'], 'ssids': ['iotroam', 'eduroam', 'eduroam', 'eduroam', 'eduroam'], 'signals': [-54, -65, -68, -61, -80], 'timestamps': [1.7833415459384463e+18, 1.7833415461204462e+18, 1.783341546270446e+18, 1.783341547134446e+18, 1.78334154867686e+18], 'frequencies': [2412, 2437, 2462, 5260, 5660]}
32 39 1783341549541969481
{'names': ['NU-AP05122', 'NU-AP05123', 'NU-AP05137', 'NU-AP05122', 'NU-AP05117'], 'addresses': ['48:00:b3:5f:58:00', '48:00:b3:5f:63:21', '10:e3:76:47:55:c1', '48:00:b3:5f:58:0e', '48:00:b3:5e:16:6e'], 'ssids': ['iotroam', 'eduroam', 'eduroam', 'eduroam', 'eduroam'], 'signals': [-54, -65, -68, -61, -80], 'timestamps': [1.7833415459384463e+18, 1.7833415461204462e+18, 1.783341546270446e+18, 1.783341547134446e+18, 1.7833415486769695e+18], 'frequencies': [2412, 2437, 2462, 5260, 5660]}
32 40 1783341549611929726
{'names': ['NU-AP05122', 'NU-AP05123', 'NU-AP05137', 'NU-AP05122', 'NU-AP05117'], 'addresses': ['48:00:b3:5f:58:00', '48:00:b3:5f:63:21', '10:e3:76:47:55:c1', '48:00:b3:5f:58:0e', '48:00:b3:5e:16:6e'], 'ssids': ['iotroam', 'eduroam', 'eduroam', 'eduroam', 'eduroam'], 'signals': [-54, -65, -68, -61, -80], 'timestamps': [1.7833415459384463e+18, 1.7833415461204462e+18, 1.783341546270446e+18, 1.783341547134446e+18, 1.7833415486769695e+18], 'frequencies': [2412, 2437, 2462, 5260, 5660]}
32 41 1783341549691861381
{'names': ['NU-AP05122', 'NU-AP05123', 'NU-AP05137', 'NU-AP05122', 'NU-AP05117'], 'addresses': ['48:00:b3:5f:58:00', '48:00:b3:5f:63:21', '10:e3:76:47:55:c1', '48:00:b3:5f:58:0e', '48:00:b3:5e:16:6e'], 'ssids': ['iotroam', 'eduroam', 'eduroam', 'eduroam', 'eduroam'], 'signals': [-54, -65, -68, -61, -80], 'timestamps': [1.7833415459384463e+18, 1.7833415461204462e+18, 1.783341546270446e+18, 1.783341547134446e+18, 1.7833415486769695e+18], 'frequencies': [2412, 2437, 2462, 5260, 5660]}
32 42 1783341549761566234
{'names': ['NU-AP05122', 'NU-AP05123', 'NU-AP05137', 'NU-AP05122', 'NU-AP05117'], 'addresses': ['48:00:b3:5f:58:00', '48:00:b3:5f:63:21', '10:e3:76:47:55:c1', '48:00:b3:5f:58:0e', '48:00:b3:5e:16:6e'], 'ssids': ['iotroam', 'eduroam', 'eduroam', 'eduroam', 'eduroam'], 'signals': [-54, -65, -68, -61, -80], 'timestamps': [1.7833415459384463e+18, 1.7833415461204462e+18, 1.783341546270446e+18, 1.783341547134446e+18, 1.7833415486769695e+18], 'frequencies': [2412, 2437, 2462, 5260, 5660]}
32 43 1783341549831005253
{'names': ['NU-AP05122', 'NU-AP05123', 'NU-AP05137', 'NU-AP05122', 'NU-AP05117'], 'addresses': ['48:00:b3:5f:58:00', '48:00:b3:5f:63:21', '10:e3:76:47:55:c1', '48:00:b3:5f:58:0e', '48:00:b3:5e:16:6e'], 'ssids': ['iotroam', 'eduroam', 'eduroam', 'eduroam', 'eduroam'], 'signals': [-54, -65, -68, -61, -80], 'timestamps': [1.7833415459384463e+18, 1.7833415461204462e+18, 1.783341546270446e+18, 1.783341547134446e+18, 1.7833415486769695e+18], 'frequencies': [2412, 2437, 2462, 5260, 5660]}
33 43 1783341550307787160
{'names': ['NU-AP05122', 'NU-AP05123', 'NU-AP05137', 'NU-AP05122', 'NU-AP05117'], 'addresses': ['48:00:b3:5f:58:00', '48:00:b3:5f:63:21', '10:e3:76:47:55:c2', '48:00:b3:5f:58:0e', '48:00:b3:5e:16:6e'], 'ssids': ['iotroam', 'eduroam', 'VU-Campusnet', 'eduroam', 'eduroam'], 'signals': [-54, -65, -68, -61, -80], 'timestamps': [1.7833415459384463e+18, 1.7833415461204462e+18, 1.7833415502837873e+18, 1.783341547134446e+18, 1.7833415486769695e+18], 'frequencies': [2412, 2437, 2462, 5260, 5660]}
34 43 1783341550367079687
{'names': ['NU-AP05122', 'NU-AP05123', 'NU-AP05137', 'NU-AP05122', 'NU-AP05117'], 'addresses': ['48:00:b3:5f:58:00', '48:00:b3:5f:63:21', '10:e3:76:47:55:c2', '48:00:b3:5f:58:0e', '48:00:b3:5e:16:6e'], 'ssids': ['iotroam', 'eduroam', 'VU-Campusnet', 'eduroam', 'eduroam'], 'signals': [-54, -65, -68, -61, -80], 'timestamps': [1.7833415459384463e+18, 1.7833415461204462e+18, 1.7833415502840796e+18, 1.783341547134446e+18, 1.7833415486769695e+18], 'frequencies': [2412, 2437, 2462, 5260, 5660]}
35 43 1783341550486310212
{'names': ['NU-AP05122', 'NU-AP05123', 'NU-AP05137', 'NU-AP05122', 'NU-AP05117'], 'addresses': ['48:00:b3:5f:58:00', '48:00:b3:5f:63:21', '10:e3:76:47:55:c2', '48:00:b3:5f:58:0e', '48:00:b3:5e:16:6e'], 'ssids': ['iotroam', 'eduroam', 'VU-Campusnet', 'eduroam', 'eduroam'], 'signals': [-54, -65, -68, -61, -80], 'timestamps': [1.7833415459384463e+18, 1.7833415461204462e+18, 1.78334155028431e+18, 1.783341547134446e+18, 1.7833415486769695e+18], 'frequencies': [2412, 2437, 2462, 5260, 5660]}
36 43 1783341550604607834
{'names': ['NU-AP05122', 'NU-AP05123', 'NU-AP05137', 'NU-AP05122', 'NU-AP05117'], 'addresses': ['48:00:b3:5f:58:00', '48:00:b3:5f:63:21', '10:e3:76:47:55:c2', '48:00:b3:5f:58:0e', '48:00:b3:5e:16:6e'], 'ssids': ['iotroam', 'eduroam', 'VU-Campusnet', 'eduroam', 'eduroam'], 'signals': [-54, -65, -68, -61, -80], 'timestamps': [1.7833415459384463e+18, 1.7833415461204462e+18, 1.7833415502846077e+18, 1.783341547134446e+18, 1.7833415486769695e+18], 'frequencies': [2412, 2437, 2462, 5260, 5660]}
37 43 1783341550723651356
{'names': ['NU-AP05122', 'NU-AP05123', 'NU-AP05137', 'NU-AP05122', 'NU-AP05117'], 'addresses': ['48:00:b3:5f:58:00', '48:00:b3:5f:63:21', '10:e3:76:47:55:c2', '48:00:b3:5f:58:0e', '48:00:b3:5e:16:6e'], 'ssids': ['iotroam', 'eduroam', 'VU-Campusnet', 'eduroam', 'eduroam'], 'signals': [-54, -65, -68, -61, -80], 'timestamps': [1.7833415459384463e+18, 1.7833415461204462e+18, 1.7833415502846513e+18, 1.783341547134446e+18, 1.7833415486769695e+18], 'frequencies': [2412, 2437, 2462, 5260, 5660]}
37 44 1783341551126006727
{'names': ['NU-AP05122', 'NU-AP05123', 'NU-AP05137', 'NU-AP05122', 'NU-AP05117'], 'addresses': ['48:00:b3:5f:58:00', '48:00:b3:5f:63:21', '10:e3:76:47:55:c2', '48:00:b3:5f:58:0e', '48:00:b3:5e:16:6e'], 'ssids': ['iotroam', 'eduroam', 'VU-Campusnet', 'eduroam', 'eduroam'], 'signals': [-54, -65, -68, -61, -80], 'timestamps': [1.7833415459384463e+18, 1.7833415461204462e+18, 1.7833415502846513e+18, 1.7833415511260068e+18, 1.7833415486769695e+18], 'frequencies': [2412, 2437, 2462, 5260, 5660]}
37 45 1783341551187178760
{'names': ['NU-AP05122', 'NU-AP05123', 'NU-AP05137', 'NU-AP05122', 'NU-AP05117'], 'addresses': ['48:00:b3:5f:58:00', '48:00:b3:5f:63:21', '10:e3:76:47:55:c2', '48:00:b3:5f:58:0e', '48:00:b3:5e:16:6e'], 'ssids': ['iotroam', 'eduroam', 'VU-Campusnet', 'eduroam', 'eduroam'], 'signals': [-54, -65, -68, -61, -80], 'timestamps': [1.7833415459384463e+18, 1.7833415461204462e+18, 1.7833415502846513e+18, 1.7833415511261788e+18, 1.7833415486769695e+18], 'frequencies': [2412, 2437, 2462, 5260, 5660]}
37 46 1783341551362204700
{'names': ['NU-AP05122', 'NU-AP05123', 'NU-AP05137', 'NU-AP05122', 'NU-AP05117'], 'addresses': ['48:00:b3:5f:58:00', '48:00:b3:5f:63:21', '10:e3:76:47:55:c2', '48:00:b3:5f:58:0e', '48:00:b3:5e:16:6e'], 'ssids': ['iotroam', 'eduroam', 'VU-Campusnet', 'eduroam', 'eduroam'], 'signals': [-54, -65, -68, -61, -80], 'timestamps': [1.7833415459384463e+18, 1.7833415461204462e+18, 1.7833415502846513e+18, 1.7833415511262047e+18, 1.7833415486769695e+18], 'frequencies': [2412, 2437, 2462, 5260, 5660]}
37 47 1783341551478965494
{'names': ['NU-AP05122', 'NU-AP05123', 'NU-AP05137', 'NU-AP05122', 'NU-AP05117', 'NU-AP05135'], 'addresses': ['48:00:b3:5f:58:00', '48:00:b3:5f:63:21', '10:e3:76:47:55:c2', '48:00:b3:5f:58:0e', '48:00:b3:5e:16:6e', '10:e3:76:47:4b:4d'], 'ssids': ['iotroam', 'eduroam', 'VU-Campusnet', 'eduroam', 'eduroam', 'VU-Campusnet'], 'signals': [-54, -65, -68, -61, -80, -83], 'timestamps': [1.7833415459384463e+18, 1.7833415461204462e+18, 1.7833415502846513e+18, 1.7833415511262047e+18, 1.7833415486769695e+18, 1.7833415514269655e+18], 'frequencies': [2412, 2437, 2462, 5260, 5660, 5300]}
38 50 1783341551541051345
{'names': ['NU-AP05122', 'NU-AP05123', 'NU-AP05137', 'NU-AP05122', 'NU-AP05117', 'NU-AP05135'], 'addresses': ['48:00:b3:5f:58:00', '48:00:b3:5f:63:21', '10:e3:76:47:55:c2', '48:00:b3:5f:58:0e', '48:00:b3:5e:16:6e', '10:e3:76:47:4b:4d'], 'ssids': ['iotroam', 'eduroam', 'VU-Campusnet', 'eduroam', 'eduroam', 'VU-Campusnet'], 'signals': [-54, -65, -68, -61, -80, -83], 'timestamps': [1.7833415459384463e+18, 1.7833415461204462e+18, 1.7833415502850514e+18, 1.7833415511270513e+18, 1.7833415486770514e+18, 1.7833415514280515e+18], 'frequencies': [2412, 2437, 2462, 5260, 5660, 5300]}
41 53 1783341552767854689
{'names': ['NU-AP05137', 'NU-AP05122', 'NU-AP05117', 'NU-AP05135'], 'addresses': ['10:e3:76:47:55:c2', '48:00:b3:5f:58:0e', '48:00:b3:5e:16:6e', '10:e3:76:47:4b:4d'], 'ssids': ['VU-Campusnet', 'eduroam', 'eduroam', 'VU-Campusnet'], 'signals': [-68, -61, -80, -83], 'timestamps': [1.7833415502858547e+18, 1.7833415511278546e+18, 1.7833415486778547e+18, 1.7833415514288545e+18], 'frequencies': [2462, 5260, 5660, 5300]}
43 53 1783341552835581740
{'names': ['NU-AP05137', 'NU-AP05122', 'NU-AP05117', 'NU-AP05135'], 'addresses': ['10:e3:76:47:55:c2', '48:00:b3:5f:58:0e', '48:00:b3:5e:16:6e', '10:e3:76:47:4b:4d'], 'ssids': ['VU-Campusnet', 'eduroam', 'eduroam', 'VU-Campusnet'], 'signals': [-68, -61, -80, -83], 'timestamps': [1.7833415502858547e+18, 1.7833415511278546e+18, 1.7833415486778547e+18, 1.7833415514288545e+18], 'frequencies': [2462, 5260, 5660, 5300]}
45 53 1783341552897860756
{'names': ['NU-AP05137', 'NU-AP05122', 'NU-AP05117', 'NU-AP05135'], 'addresses': ['10:e3:76:47:55:c2', '48:00:b3:5f:58:0e', '48:00:b3:5e:16:6e', '10:e3:76:47:4b:4d'], 'ssids': ['VU-Campusnet', 'eduroam', 'eduroam', 'VU-Campusnet'], 'signals': [-68, -61, -80, -83], 'timestamps': [1.7833415502858547e+18, 1.7833415511278546e+18, 1.7833415486778547e+18, 1.7833415514288545e+18], 'frequencies': [2462, 5260, 5660, 5300]}
47 53 1783341552963319820
{'names': ['NU-AP05137', 'NU-AP05122', 'NU-AP05117', 'NU-AP05135'], 'addresses': ['10:e3:76:47:55:c2', '48:00:b3:5f:58:0e', '48:00:b3:5e:16:6e', '10:e3:76:47:4b:4d'], 'ssids': ['VU-Campusnet', 'eduroam', 'eduroam', 'VU-Campusnet'], 'signals': [-68, -61, -80, -83], 'timestamps': [1.7833415502858547e+18, 1.7833415511278546e+18, 1.7833415486778547e+18, 1.7833415514288545e+18], 'frequencies': [2462, 5260, 5660, 5300]}
49 54 1783341553029167241
{'names': ['NU-AP05137', 'NU-AP05122', 'NU-AP05117', 'NU-AP05135'], 'addresses': ['10:e3:76:47:55:c2', '48:00:b3:5f:58:0e', '48:00:b3:5e:16:6e', '10:e3:76:47:4b:4d'], 'ssids': ['VU-Campusnet', 'eduroam', 'eduroam', 'VU-Campusnet'], 'signals': [-68, -61, -80, -83], 'timestamps': [1.7833415502858547e+18, 1.7833415511278546e+18, 1.7833415529711672e+18, 1.7833415514288545e+18], 'frequencies': [2462, 5260, 5660, 5300]}
51 54 1783341553093068022
{'names': ['NU-AP05137', 'NU-AP05122', 'NU-AP05117', 'NU-AP05135'], 'addresses': ['10:e3:76:47:55:c2', '48:00:b3:5f:58:0e', '48:00:b3:5e:16:6e', '10:e3:76:47:4b:4d'], 'ssids': ['VU-Campusnet', 'eduroam', 'eduroam', 'VU-Campusnet'], 'signals': [-68, -61, -80, -83], 'timestamps': [1.7833415502858547e+18, 1.7833415511278546e+18, 1.7833415529711672e+18, 1.7833415514288545e+18], 'frequencies': [2462, 5260, 5660, 5300]}
53 55 1783341553157538509
{'names': ['NU-AP05137', 'NU-AP05122', 'NU-AP05117', 'NU-AP05135'], 'addresses': ['10:e3:76:47:55:c2', '48:00:b3:5f:58:0e', '48:00:b3:5e:16:6e', '10:e3:76:47:4b:4d'], 'ssids': ['VU-Campusnet', 'eduroam', 'eduroam', 'VU-Campusnet'], 'signals': [-68, -61, -80, -83], 'timestamps': [1.7833415502858547e+18, 1.7833415511278546e+18, 1.7833415529715384e+18, 1.7833415514288545e+18], 'frequencies': [2462, 5260, 5660, 5300]}
55 56 1783341553221432579
{'names': ['NU-AP05137', 'NU-AP05122', 'NU-AP05117', 'NU-AP05135'], 'addresses': ['10:e3:76:47:55:c2', '48:00:b3:5f:58:0e', '48:00:b3:5e:16:6e', '10:e3:76:47:4b:4d'], 'ssids': ['VU-Campusnet', 'eduroam', 'eduroam', 'VU-Campusnet'], 'signals': [-68, -61, -80, -83], 'timestamps': [1.7833415502858547e+18, 1.7833415511278546e+18, 1.7833415529724326e+18, 1.7833415514288545e+18], 'frequencies': [2462, 5260, 5660, 5300]}
57 56 1783341553285439647
{'names': ['NU-AP05137', 'NU-AP05122', 'NU-AP05117', 'NU-AP05135'], 'addresses': ['10:e3:76:47:55:c2', '48:00:b3:5f:58:0e', '48:00:b3:5e:16:6e', '10:e3:76:47:4b:4d'], 'ssids': ['VU-Campusnet', 'eduroam', 'eduroam', 'VU-Campusnet'], 'signals': [-68, -61, -80, -83], 'timestamps': [1.7833415502858547e+18, 1.7833415511278546e+18, 1.7833415529724326e+18, 1.7833415514288545e+18], 'frequencies': [2462, 5260, 5660, 5300]}
59 56 1783341553348045528
{'names': ['NU-AP05137', 'NU-AP05122', 'NU-AP05117', 'NU-AP05135'], 'addresses': ['10:e3:76:47:55:c2', '48:00:b3:5f:58:0e', '48:00:b3:5e:16:6e', '10:e3:76:47:4b:4d'], 'ssids': ['VU-Campusnet', 'eduroam', 'eduroam', 'VU-Campusnet'], 'signals': [-68, -61, -80, -83], 'timestamps': [1.7833415502858547e+18, 1.7833415511278546e+18, 1.7833415529724326e+18, 1.7833415514288545e+18], 'frequencies': [2462, 5260, 5660, 5300]}
61 56 1783341553412361982
{'names': ['NU-AP05137', 'NU-AP05122', 'NU-AP05117', 'NU-AP05135'], 'addresses': ['10:e3:76:47:55:c2', '48:00:b3:5f:58:0e', '48:00:b3:5e:16:6e', '10:e3:76:47:4b:4d'], 'ssids': ['VU-Campusnet', 'eduroam', 'eduroam', 'VU-Campusnet'], 'signals': [-68, -61, -80, -83], 'timestamps': [1.7833415502858547e+18, 1.7833415511278546e+18, 1.7833415529724326e+18, 1.7833415514288545e+18], 'frequencies': [2462, 5260, 5660, 5300]}
63 56 1783341553475798677
{'names': ['NU-AP05137', 'NU-AP05122', 'NU-AP05117', 'NU-AP05135'], 'addresses': ['10:e3:76:47:55:c2', '48:00:b3:5f:58:0e', '48:00:b3:5e:16:6e', '10:e3:76:47:4b:4d'], 'ssids': ['VU-Campusnet', 'eduroam', 'eduroam', 'VU-Campusnet'], 'signals': [-68, -61, -80, -83], 'timestamps': [1.7833415502858547e+18, 1.7833415511278546e+18, 1.7833415529724326e+18, 1.7833415514288545e+18], 'frequencies': [2462, 5260, 5660, 5300]}
65 56 1783341553538355701
{'names': ['NU-AP05137', 'NU-AP05122', 'NU-AP05117', 'NU-AP05135'], 'addresses': ['10:e3:76:47:55:c2', '48:00:b3:5f:58:0e', '48:00:b3:5e:16:6e', '10:e3:76:47:4b:4d'], 'ssids': ['VU-Campusnet', 'eduroam', 'eduroam', 'VU-Campusnet'], 'signals': [-68, -61, -80, -83], 'timestamps': [1.7833415502858547e+18, 1.7833415511278546e+18, 1.7833415529724326e+18, 1.7833415514288545e+18], 'frequencies': [2462, 5260, 5660, 5300]}
67 56 1783341553602255404
{'names': ['NU-AP05137', 'NU-AP05122', 'NU-AP05117', 'NU-AP05135'], 'addresses': ['10:e3:76:47:55:c2', '48:00:b3:5f:58:0e', '48:00:b3:5e:16:6e', '10:e3:76:47:4b:4d'], 'ssids': ['VU-Campusnet', 'eduroam', 'eduroam', 'VU-Campusnet'], 'signals': [-68, -61, -80, -83], 'timestamps': [1.7833415502858547e+18, 1.7833415511278546e+18, 1.7833415529724326e+18, 1.7833415514288545e+18], 'frequencies': [2462, 5260, 5660, 5300]}
0 1 1783341643483836073
{'names': [], 'addresses': [], 'ssids': [], 'signals': [], 'timestamps': [], 'frequencies': []}
1 2 1783341643528625163
{'names': ['NU-AP05122'], 'addresses': ['48:00:b3:5f:58:00'], 'ssids': ['iotroam'], 'signals': [-53], 'timestamps': [1.783341643485625e+18], 'frequencies': [2412]}
1 3 1783341643573463061
{'names': ['NU-AP05122'], 'addresses': ['48:00:b3:5f:58:00'], 'ssids': ['iotroam'], 'signals': [-53], 'timestamps': [1.783341643485625e+18], 'frequencies': [2412]}
1 4 1783341643616220006
{'names': ['NU-AP05122'], 'addresses': ['48:00:b3:5f:58:00'], 'ssids': ['iotroam'], 'signals': [-53], 'timestamps': [1.783341643485625e+18], 'frequencies': [2412]}
2 5 1783341643660469716
{'names': ['NU-AP05122', 'NU-AP05123'], 'addresses': ['48:00:b3:5f:58:00', '48:00:b3:5f:63:22'], 'ssids': ['iotroam', 'VU-Campusnet'], 'signals': [-53, -66], 'timestamps': [1.783341643485625e+18, 1.7833416436484698e+18], 'frequencies': [2412, 2437]}
4 6 1783341643706694497
{'names': ['NU-AP05122', 'NU-AP05123'], 'addresses': ['48:00:b3:5f:58:00', '48:00:b3:5f:63:22'], 'ssids': ['iotroam', 'VU-Campusnet'], 'signals': [-53, -66], 'timestamps': [1.7833416434856945e+18, 1.7833416436486943e+18], 'frequencies': [2412, 2437]}
4 7 1783341643756460537
{'names': ['NU-AP05122', 'NU-AP05123'], 'addresses': ['48:00:b3:5f:58:00', '48:00:b3:5f:63:22'], 'ssids': ['iotroam', 'VU-Campusnet'], 'signals': [-53, -66], 'timestamps': [1.7833416434856945e+18, 1.7833416436486943e+18], 'frequencies': [2412, 2437]}
7 8 1783341643803021395
{'names': ['NU-AP05122', 'NU-AP05123', 'NU-AP05137'], 'addresses': ['48:00:b3:5f:58:00', '48:00:b3:5f:63:22', '10:e3:76:47:55:c0'], 'ssids': ['iotroam', 'VU-Campusnet', 'iotroam'], 'signals': [-53, -66, -67], 'timestamps': [1.7833416434860214e+18, 1.7833416436490214e+18, 1.7833416437940214e+18], 'frequencies': [2412, 2437, 2462]}
8 9 1783341643850629337
{'names': ['NU-AP05122', 'NU-AP05123', 'NU-AP05137'], 'addresses': ['48:00:b3:5f:58:00', '48:00:b3:5f:63:22', '10:e3:76:47:55:c0'], 'ssids': ['iotroam', 'VU-Campusnet', 'iotroam'], 'signals': [-53, -66, -68], 'timestamps': [1.7833416434860214e+18, 1.7833416436490214e+18, 1.7833416438036293e+18], 'frequencies': [2412, 2437, 2462]}
8 10 1783341643898569252
{'names': ['NU-AP05122', 'NU-AP05123', 'NU-AP05137'], 'addresses': ['48:00:b3:5f:58:00', '48:00:b3:5f:63:22', '10:e3:76:47:55:c0'], 'ssids': ['iotroam', 'VU-Campusnet', 'iotroam'], 'signals': [-53, -66, -68], 'timestamps': [1.7833416434860214e+18, 1.7833416436490214e+18, 1.7833416438036293e+18], 'frequencies': [2412, 2437, 2462]}
8 11 1783341643945892207
{'names': ['NU-AP05122', 'NU-AP05123', 'NU-AP05137'], 'addresses': ['48:00:b3:5f:58:00', '48:00:b3:5f:63:22', '10:e3:76:47:55:c0'], 'ssids': ['iotroam', 'VU-Campusnet', 'iotroam'], 'signals': [-53, -66, -68], 'timestamps': [1.7833416434860214e+18, 1.7833416436490214e+18, 1.7833416438036293e+18], 'frequencies': [2412, 2437, 2462]}
8 12 1783341643993044015
{'names': ['NU-AP05122', 'NU-AP05123', 'NU-AP05137'], 'addresses': ['48:00:b3:5f:58:00', '48:00:b3:5f:63:22', '10:e3:76:47:55:c0'], 'ssids': ['iotroam', 'VU-Campusnet', 'iotroam'], 'signals': [-53, -66, -68], 'timestamps': [1.7833416434860214e+18, 1.7833416436490214e+18, 1.7833416438036293e+18], 'frequencies': [2412, 2437, 2462]}
11 13 1783341644042068395
{'names': ['NU-AP05122', 'NU-AP05123', 'NU-AP05137'], 'addresses': ['48:00:b3:5f:58:00', '48:00:b3:5f:63:22', '10:e3:76:47:55:c0'], 'ssids': ['iotroam', 'VU-Campusnet', 'iotroam'], 'signals': [-53, -66, -68], 'timestamps': [1.7833416434860685e+18, 1.7833416436490685e+18, 1.7833416438040684e+18], 'frequencies': [2412, 2437, 2462]}
11 14 1783341644089456153
{'names': ['NU-AP05122', 'NU-AP05123', 'NU-AP05137'], 'addresses': ['48:00:b3:5f:58:00', '48:00:b3:5f:63:22', '10:e3:76:47:55:c0'], 'ssids': ['iotroam', 'VU-Campusnet', 'iotroam'], 'signals': [-53, -66, -68], 'timestamps': [1.7833416434860685e+18, 1.7833416436490685e+18, 1.7833416438040684e+18], 'frequencies': [2412, 2437, 2462]}
11 15 1783341644136610841
{'names': ['NU-AP05122', 'NU-AP05123', 'NU-AP05137'], 'addresses': ['48:00:b3:5f:58:00', '48:00:b3:5f:63:22', '10:e3:76:47:55:c0'], 'ssids': ['iotroam', 'VU-Campusnet', 'iotroam'], 'signals': [-53, -66, -68], 'timestamps': [1.7833416434860685e+18, 1.7833416436490685e+18, 1.7833416438040684e+18], 'frequencies': [2412, 2437, 2462]}
11 16 1783341644184351327
{'names': ['NU-AP05122', 'NU-AP05123', 'NU-AP05137'], 'addresses': ['48:00:b3:5f:58:00', '48:00:b3:5f:63:22', '10:e3:76:47:55:c0'], 'ssids': ['iotroam', 'VU-Campusnet', 'iotroam'], 'signals': [-53, -66, -68], 'timestamps': [1.7833416434860685e+18, 1.7833416436490685e+18, 1.7833416438040684e+18], 'frequencies': [2412, 2437, 2462]}
11 17 1783341644231679252
{'names': ['NU-AP05122', 'NU-AP05123', 'NU-AP05137'], 'addresses': ['48:00:b3:5f:58:00', '48:00:b3:5f:63:22', '10:e3:76:47:55:c0'], 'ssids': ['iotroam', 'VU-Campusnet', 'iotroam'], 'signals': [-53, -66, -68], 'timestamps': [1.7833416434860685e+18, 1.7833416436490685e+18, 1.7833416438040684e+18], 'frequencies': [2412, 2437, 2462]}
11 18 1783341644280692058
{'names': ['NU-AP05122', 'NU-AP05123', 'NU-AP05137'], 'addresses': ['48:00:b3:5f:58:00', '48:00:b3:5f:63:22', '10:e3:76:47:55:c0'], 'ssids': ['iotroam', 'VU-Campusnet', 'iotroam'], 'signals': [-53, -66, -68], 'timestamps': [1.7833416434860685e+18, 1.7833416436490685e+18, 1.7833416438040684e+18], 'frequencies': [2412, 2437, 2462]}
11 19 1783341644328574137
{'names': ['NU-AP05122', 'NU-AP05123', 'NU-AP05137'], 'addresses': ['48:00:b3:5f:58:00', '48:00:b3:5f:63:22', '10:e3:76:47:55:c0'], 'ssids': ['iotroam', 'VU-Campusnet', 'iotroam'], 'signals': [-53, -66, -68], 'timestamps': [1.7833416434860685e+18, 1.7833416436490685e+18, 1.7833416438040684e+18], 'frequencies': [2412, 2437, 2462]}
11 20 1783341644376924895
{'names': ['NU-AP05122', 'NU-AP05123', 'NU-AP05137'], 'addresses': ['48:00:b3:5f:58:00', '48:00:b3:5f:63:22', '10:e3:76:47:55:c0'], 'ssids': ['iotroam', 'VU-Campusnet', 'iotroam'], 'signals': [-53, -66, -68], 'timestamps': [1.7833416434860685e+18, 1.7833416436490685e+18, 1.7833416438040684e+18], 'frequencies': [2412, 2437, 2462]}
11 21 1783341644422971096
{'names': ['NU-AP05122', 'NU-AP05123', 'NU-AP05137'], 'addresses': ['48:00:b3:5f:58:00', '48:00:b3:5f:63:22', '10:e3:76:47:55:c0'], 'ssids': ['iotroam', 'VU-Campusnet', 'iotroam'], 'signals': [-53, -66, -68], 'timestamps': [1.7833416434860685e+18, 1.7833416436490685e+18, 1.7833416438040684e+18], 'frequencies': [2412, 2437, 2462]}
11 22 1783341644468561838
{'names': ['NU-AP05122', 'NU-AP05123', 'NU-AP05137'], 'addresses': ['48:00:b3:5f:58:00', '48:00:b3:5f:63:22', '10:e3:76:47:55:c0'], 'ssids': ['iotroam', 'VU-Campusnet', 'iotroam'], 'signals': [-53, -66, -68], 'timestamps': [1.7833416434860685e+18, 1.7833416436490685e+18, 1.7833416438040684e+18], 'frequencies': [2412, 2437, 2462]}
11 23 1783341644516579826
{'names': ['NU-AP05122', 'NU-AP05123', 'NU-AP05137'], 'addresses': ['48:00:b3:5f:58:00', '48:00:b3:5f:63:22', '10:e3:76:47:55:c0'], 'ssids': ['iotroam', 'VU-Campusnet', 'iotroam'], 'signals': [-53, -66, -68], 'timestamps': [1.7833416434860685e+18, 1.7833416436490685e+18, 1.7833416438040684e+18], 'frequencies': [2412, 2437, 2462]}
11 24 1783341644565237028
{'names': ['NU-AP05122', 'NU-AP05123', 'NU-AP05137'], 'addresses': ['48:00:b3:5f:58:00', '48:00:b3:5f:63:22', '10:e3:76:47:55:c0'], 'ssids': ['iotroam', 'VU-Campusnet', 'iotroam'], 'signals': [-53, -66, -68], 'timestamps': [1.7833416434860685e+18, 1.7833416436490685e+18, 1.7833416438040684e+18], 'frequencies': [2412, 2437, 2462]}
11 25 1783341644613793926
{'names': ['NU-AP05122', 'NU-AP05123', 'NU-AP05137'], 'addresses': ['48:00:b3:5f:58:00', '48:00:b3:5f:63:22', '10:e3:76:47:55:c0'], 'ssids': ['iotroam', 'VU-Campusnet', 'iotroam'], 'signals': [-53, -66, -68], 'timestamps': [1.7833416434860685e+18, 1.7833416436490685e+18, 1.7833416438040684e+18], 'frequencies': [2412, 2437, 2462]}
11 26 1783341644662708257
{'names': ['NU-AP05122', 'NU-AP05123', 'NU-AP05137'], 'addresses': ['48:00:b3:5f:58:00', '48:00:b3:5f:63:22', '10:e3:76:47:55:c0'], 'ssids': ['iotroam', 'VU-Campusnet', 'iotroam'], 'signals': [-53, -66, -68], 'timestamps': [1.7833416434860685e+18, 1.7833416436490685e+18, 1.7833416438040684e+18], 'frequencies': [2412, 2437, 2462]}
11 27 1783341644711400855
{'names': ['NU-AP05122', 'NU-AP05123', 'NU-AP05137'], 'addresses': ['48:00:b3:5f:58:00', '48:00:b3:5f:63:22', '10:e3:76:47:55:c0'], 'ssids': ['iotroam', 'VU-Campusnet', 'iotroam'], 'signals': [-53, -66, -68], 'timestamps': [1.7833416434860685e+18, 1.7833416436490685e+18, 1.7833416438040684e+18], 'frequencies': [2412, 2437, 2462]}
11 28 1783341644758853676
{'names': ['NU-AP05122', 'NU-AP05123', 'NU-AP05137', 'NU-AP05122'], 'addresses': ['48:00:b3:5f:58:00', '48:00:b3:5f:63:22', '10:e3:76:47:55:c0', '48:00:b3:5f:58:0e'], 'ssids': ['iotroam', 'VU-Campusnet', 'iotroam', 'eduroam'], 'signals': [-53, -66, -68, -61], 'timestamps': [1.7833416434860685e+18, 1.7833416436490685e+18, 1.7833416438040684e+18, 1.7833416447128535e+18], 'frequencies': [2412, 2437, 2462, 5260]}
11 29 1783341644810764240
{'names': ['NU-AP05122', 'NU-AP05123', 'NU-AP05137', 'NU-AP05122', 'NU-AP05137'], 'addresses': ['48:00:b3:5f:58:00', '48:00:b3:5f:63:22', '10:e3:76:47:55:c0', '48:00:b3:5f:58:0e', '10:e3:76:47:55:cf'], 'ssids': ['iotroam', 'VU-Campusnet', 'iotroam', 'eduroam', 'iotroam'], 'signals': [-53, -66, -68, -61, -82], 'timestamps': [1.7833416434860685e+18, 1.7833416436490685e+18, 1.7833416438040684e+18, 1.7833416447128535e+18, 1.7833416448097644e+18], 'frequencies': [2412, 2437, 2462, 5260, 5280]}
14 31 1783341644867596973
{'names': ['NU-AP05122', 'NU-AP05123', 'NU-AP05137', 'NU-AP05122', 'NU-AP05137'], 'addresses': ['48:00:b3:5f:58:00', '48:00:b3:5f:63:22', '10:e3:76:47:55:c0', '48:00:b3:5f:58:0e', '10:e3:76:47:55:cf'], 'ssids': ['iotroam', 'VU-Campusnet', 'iotroam', 'eduroam', 'iotroam'], 'signals': [-53, -66, -68, -61, -81], 'timestamps': [1.783341643486597e+18, 1.783341643649597e+18, 1.783341643804597e+18, 1.783341644713597e+18, 1.7833416448135972e+18], 'frequencies': [2412, 2437, 2462, 5260, 5280]}
14 32 1783341644926545396
{'names': ['NU-AP05122', 'NU-AP05123', 'NU-AP05137', 'NU-AP05122', 'NU-AP05137', 'NU-AP05135'], 'addresses': ['48:00:b3:5f:58:00', '48:00:b3:5f:63:22', '10:e3:76:47:55:c0', '48:00:b3:5f:58:0e', '10:e3:76:47:55:cf', '10:e3:76:47:4b:4e'], 'ssids': ['iotroam', 'VU-Campusnet', 'iotroam', 'eduroam', 'iotroam', 'eduroam'], 'signals': [-53, -66, -68, -61, -81, -84], 'timestamps': [1.783341643486597e+18, 1.783341643649597e+18, 1.783341643804597e+18, 1.783341644713597e+18, 1.7833416448135972e+18, 1.7833416449235453e+18], 'frequencies': [2412, 2437, 2462, 5260, 5280, 5300]}
17 35 1783341644989096302
{'names': ['NU-AP05122', 'NU-AP05123', 'NU-AP05137', 'NU-AP05122', 'NU-AP05137', 'NU-AP05135'], 'addresses': ['48:00:b3:5f:58:00', '48:00:b3:5f:63:22', '10:e3:76:47:55:c0', '48:00:b3:5f:58:0e', '10:e3:76:47:55:cf', '10:e3:76:47:4b:4e'], 'ssids': ['iotroam', 'VU-Campusnet', 'iotroam', 'eduroam', 'iotroam', 'eduroam'], 'signals': [-53, -66, -68, -61, -81, -84], 'timestamps': [1.7833416434870963e+18, 1.783341643650096e+18, 1.7833416438050962e+18, 1.783341644714096e+18, 1.7833416448140961e+18, 1.7833416449240963e+18], 'frequencies': [2412, 2437, 2462, 5260, 5280, 5300]}
17 36 1783341645109396197
{'names': ['NU-AP05122', 'NU-AP05123', 'NU-AP05137', 'NU-AP05122', 'NU-AP05137', 'NU-AP05135', 'NU-AP05123'], 'addresses': ['48:00:b3:5f:58:00', '48:00:b3:5f:63:22', '10:e3:76:47:55:c0', '48:00:b3:5f:58:0e', '10:e3:76:47:55:cf', '10:e3:76:47:4b:4e', '48:00:b3:5f:63:2d'], 'ssids': ['iotroam', 'VU-Campusnet', 'iotroam', 'eduroam', 'iotroam', 'eduroam', 'VU-Campusnet'], 'signals': [-53, -66, -68, -61, -81, -84, -72], 'timestamps': [1.7833416434870963e+18, 1.783341643650096e+18, 1.7833416438050962e+18, 1.783341644714096e+18, 1.7833416448140961e+18, 1.7833416449240963e+18, 1.7833416450683963e+18], 'frequencies': [2412, 2437, 2462, 5260, 5280, 5300, 5320]}
17 37 1783341645179705693
{'names': ['NU-AP05122', 'NU-AP05123', 'NU-AP05137', 'NU-AP05122', 'NU-AP05137', 'NU-AP05135', 'NU-AP05123'], 'addresses': ['48:00:b3:5f:58:00', '48:00:b3:5f:63:22', '10:e3:76:47:55:c0', '48:00:b3:5f:58:0e', '10:e3:76:47:55:cf', '10:e3:76:47:4b:4e', '48:00:b3:5f:63:2d'], 'ssids': ['iotroam', 'VU-Campusnet', 'iotroam', 'eduroam', 'iotroam', 'eduroam', 'VU-Campusnet'], 'signals': [-53, -66, -68, -61, -81, -84, -72], 'timestamps': [1.7833416434870963e+18, 1.783341643650096e+18, 1.7833416438050962e+18, 1.783341644714096e+18, 1.7833416448140961e+18, 1.7833416449240963e+18, 1.7833416450687055e+18], 'frequencies': [2412, 2437, 2462, 5260, 5280, 5300, 5320]}
17 38 1783341645432863091
{'names': ['NU-AP05122', 'NU-AP05123', 'NU-AP05137', 'NU-AP05122', 'NU-AP05137', 'NU-AP05135', 'NU-AP05123'], 'addresses': ['48:00:b3:5f:58:00', '48:00:b3:5f:63:22', '10:e3:76:47:55:c0', '48:00:b3:5f:58:0e', '10:e3:76:47:55:cf', '10:e3:76:47:4b:4e', '48:00:b3:5f:63:2d'], 'ssids': ['iotroam', 'VU-Campusnet', 'iotroam', 'eduroam', 'iotroam', 'eduroam', 'VU-Campusnet'], 'signals': [-53, -66, -68, -61, -81, -84, -72], 'timestamps': [1.7833416434870963e+18, 1.783341643650096e+18, 1.7833416438050962e+18, 1.783341644714096e+18, 1.7833416448140961e+18, 1.7833416449240963e+18, 1.783341645068863e+18], 'frequencies': [2412, 2437, 2462, 5260, 5280, 5300, 5320]}
17 39 1783341645685059708
{'names': ['NU-AP05122', 'NU-AP05123', 'NU-AP05137', 'NU-AP05122', 'NU-AP05137', 'NU-AP05135', 'NU-AP05123'], 'addresses': ['48:00:b3:5f:58:00', '48:00:b3:5f:63:22', '10:e3:76:47:55:c0', '48:00:b3:5f:58:0e', '10:e3:76:47:55:cf', '10:e3:76:47:4b:4e', '48:00:b3:5f:63:2d'], 'ssids': ['iotroam', 'VU-Campusnet', 'iotroam', 'eduroam', 'iotroam', 'eduroam', 'VU-Campusnet'], 'signals': [-53, -66, -68, -61, -81, -84, -72], 'timestamps': [1.7833416434870963e+18, 1.783341643650096e+18, 1.7833416438050962e+18, 1.783341644714096e+18, 1.7833416448140961e+18, 1.7833416449240963e+18, 1.7833416450690596e+18], 'frequencies': [2412, 2437, 2462, 5260, 5280, 5300, 5320]}
17 40 1783341646480408606
{'names': ['NU-AP05122', 'NU-AP05123', 'NU-AP05137', 'NU-AP05122', 'NU-AP05137', 'NU-AP05135', 'NU-AP05123', 'NU-AP05117'], 'addresses': ['48:00:b3:5f:58:00', '48:00:b3:5f:63:22', '10:e3:76:47:55:c0', '48:00:b3:5f:58:0e', '10:e3:76:47:55:cf', '10:e3:76:47:4b:4e', '48:00:b3:5f:63:2d', '48:00:b3:5e:16:6e'], 'ssids': ['iotroam', 'VU-Campusnet', 'iotroam', 'eduroam', 'iotroam', 'eduroam', 'VU-Campusnet', 'eduroam'], 'signals': [-53, -66, -68, -61, -81, -84, -72, -79], 'timestamps': [1.7833416434870963e+18, 1.783341643650096e+18, 1.7833416438050962e+18, 1.783341644714096e+18, 1.7833416448140961e+18, 1.7833416449240963e+18, 1.7833416450690596e+18, 1.7833416464544087e+18], 'frequencies': [2412, 2437, 2462, 5260, 5280, 5300, 5320, 5660]}
20 45 1783341646559466521
{'names': ['NU-AP05122', 'NU-AP05123', 'NU-AP05137', 'NU-AP05122', 'NU-AP05137', 'NU-AP05135', 'NU-AP05123', 'NU-AP05117'], 'addresses': ['48:00:b3:5f:58:00', '48:00:b3:5f:63:22', '10:e3:76:47:55:c0', '48:00:b3:5f:58:0e', '10:e3:76:47:55:cf', '10:e3:76:47:4b:4e', '48:00:b3:5f:63:2d', '48:00:b3:5e:16:6e'], 'ssids': ['iotroam', 'VU-Campusnet', 'iotroam', 'eduroam', 'iotroam', 'eduroam', 'VU-Campusnet', 'eduroam'], 'signals': [-53, -66, -68, -61, -81, -84, -72, -79], 'timestamps': [1.7833416434894664e+18, 1.7833416436524664e+18, 1.7833416438074665e+18, 1.7833416447164664e+18, 1.7833416448164664e+18, 1.7833416449264666e+18, 1.7833416450714665e+18, 1.7833416464574664e+18], 'frequencies': [2412, 2437, 2462, 5260, 5280, 5300, 5320, 5660]}
21 45 1783341647968532244
{'names': ['NU-AP05122', 'NU-AP05123', 'NU-AP05137', 'NU-AP05122', 'NU-AP05137', 'NU-AP05135', 'NU-AP05123', 'NU-AP05117'], 'addresses': ['48:00:b3:5f:58:00', '48:00:b3:5f:63:22', '10:e3:76:47:55:c0', '48:00:b3:5f:58:0e', '10:e3:76:47:55:cf', '10:e3:76:47:4b:4e', '48:00:b3:5f:63:2d', '48:00:b3:5e:16:6e'], 'ssids': ['iotroam', 'VU-Campusnet', 'iotroam', 'eduroam', 'iotroam', 'eduroam', 'VU-Campusnet', 'eduroam'], 'signals': [-53, -66, -68, -61, -81, -84, -72, -79], 'timestamps': [1.7833416434894664e+18, 1.7833416479285322e+18, 1.7833416438074665e+18, 1.7833416447164664e+18, 1.7833416448164664e+18, 1.7833416449264666e+18, 1.7833416450714665e+18, 1.7833416464574664e+18], 'frequencies': [2412, 2437, 2462, 5260, 5280, 5300, 5320, 5660]}
22 45 1783341648048833841
{'names': ['NU-AP05122', 'NU-AP05123', 'NU-AP05137', 'NU-AP05122', 'NU-AP05137', 'NU-AP05135', 'NU-AP05123', 'NU-AP05117'], 'addresses': ['48:00:b3:5f:58:00', '48:00:b3:5f:63:22', '10:e3:76:47:55:c0', '48:00:b3:5f:58:0e', '10:e3:76:47:55:cf', '10:e3:76:47:4b:4e', '48:00:b3:5f:63:2d', '48:00:b3:5e:16:6e'], 'ssids': ['iotroam', 'VU-Campusnet', 'iotroam', 'eduroam', 'iotroam', 'eduroam', 'VU-Campusnet', 'eduroam'], 'signals': [-53, -66, -68, -61, -81, -84, -72, -79], 'timestamps': [1.7833416434894664e+18, 1.7833416479298337e+18, 1.7833416438074665e+18, 1.7833416447164664e+18, 1.7833416448164664e+18, 1.7833416449264666e+18, 1.7833416450714665e+18, 1.7833416464574664e+18], 'frequencies': [2412, 2437, 2462, 5260, 5280, 5300, 5320, 5660]}
23 45 1783341648130926381
{'names': ['NU-AP05122', 'NU-AP05123', 'NU-AP05137', 'NU-AP05122', 'NU-AP05137', 'NU-AP05135', 'NU-AP05123', 'NU-AP05117'], 'addresses': ['48:00:b3:5f:58:00', '48:00:b3:5f:63:22', '10:e3:76:47:55:c0', '48:00:b3:5f:58:0e', '10:e3:76:47:55:cf', '10:e3:76:47:4b:4e', '48:00:b3:5f:63:2d', '48:00:b3:5e:16:6e'], 'ssids': ['iotroam', 'VU-Campusnet', 'iotroam', 'eduroam', 'iotroam', 'eduroam', 'VU-Campusnet', 'eduroam'], 'signals': [-53, -66, -68, -61, -81, -84, -72, -79], 'timestamps': [1.7833416434894664e+18, 1.7833416479299264e+18, 1.7833416438074665e+18, 1.7833416447164664e+18, 1.7833416448164664e+18, 1.7833416449264666e+18, 1.7833416450714665e+18, 1.7833416464574664e+18], 'frequencies': [2412, 2437, 2462, 5260, 5280, 5300, 5320, 5660]}
23 46 1783341649042918523
{'names': ['NU-AP05122', 'NU-AP05123', 'NU-AP05137', 'NU-AP05122', 'NU-AP05137', 'NU-AP05135', 'NU-AP05123', 'NU-AP05117'], 'addresses': ['48:00:b3:5f:58:00', '48:00:b3:5f:63:22', '10:e3:76:47:55:c0', '48:00:b3:5f:58:0e', '10:e3:76:47:55:cf', '10:e3:76:47:4b:4e', '48:00:b3:5f:63:2d', '48:00:b3:5e:16:6e'], 'ssids': ['iotroam', 'VU-Campusnet', 'iotroam', 'eduroam', 'iotroam', 'eduroam', 'VU-Campusnet', 'eduroam'], 'signals': [-53, -66, -68, -61, -81, -84, -72, -79], 'timestamps': [1.7833416434894664e+18, 1.7833416479299264e+18, 1.7833416438074665e+18, 1.7833416490159183e+18, 1.7833416448164664e+18, 1.7833416449264666e+18, 1.7833416450714665e+18, 1.7833416464574664e+18], 'frequencies': [2412, 2437, 2462, 5260, 5280, 5300, 5320, 5660]}
23 48 1783341649115359112
{'names': ['NU-AP05122', 'NU-AP05123', 'NU-AP05137', 'NU-AP05122', 'NU-AP05137', 'NU-AP05135', 'NU-AP05123', 'NU-AP05117'], 'addresses': ['48:00:b3:5f:58:00', '48:00:b3:5f:63:22', '10:e3:76:47:55:c0', '48:00:b3:5f:58:0e', '10:e3:76:47:55:cf', '10:e3:76:47:4b:4e', '48:00:b3:5f:63:2e', '48:00:b3:5e:16:6e'], 'ssids': ['iotroam', 'VU-Campusnet', 'iotroam', 'eduroam', 'iotroam', 'eduroam', 'eduroam', 'eduroam'], 'signals': [-53, -66, -68, -61, -81, -82, -73, -79], 'timestamps': [1.7833416434894664e+18, 1.7833416479299264e+18, 1.7833416438074665e+18, 1.7833416490159183e+18, 1.7833416448164664e+18, 1.783341649045359e+18, 1.7833416490573594e+18, 1.7833416464574664e+18], 'frequencies': [2412, 2437, 2462, 5260, 5280, 5300, 5320, 5660]}
23 51 1783341649188919975
{'names': ['NU-AP05122', 'NU-AP05123', 'NU-AP05137', 'NU-AP05122', 'NU-AP05137', 'NU-AP05135', 'NU-AP05123', 'NU-AP05117'], 'addresses': ['48:00:b3:5f:58:00', '48:00:b3:5f:63:22', '10:e3:76:47:55:c0', '48:00:b3:5f:58:0e', '10:e3:76:47:55:cf', '10:e3:76:47:4b:4e', '48:00:b3:5f:63:2e', '48:00:b3:5e:16:6e'], 'ssids': ['iotroam', 'VU-Campusnet', 'iotroam', 'eduroam', 'iotroam', 'eduroam', 'eduroam', 'eduroam'], 'signals': [-53, -66, -68, -61, -81, -82, -73, -79], 'timestamps': [1.7833416434894664e+18, 1.7833416479299264e+18, 1.7833416438074665e+18, 1.78334164901592e+18, 1.7833416448164664e+18, 1.78334164904592e+18, 1.78334164905792e+18, 1.7833416464574664e+18], 'frequencies': [2412, 2437, 2462, 5260, 5280, 5300, 5320, 5660]}
23 54 1783341649538045113
{'names': ['NU-AP05123', 'NU-AP05137', 'NU-AP05122', 'NU-AP05137', 'NU-AP05135', 'NU-AP05123', 'NU-AP05117'], 'addresses': ['48:00:b3:5f:63:22', '10:e3:76:47:55:c0', '48:00:b3:5f:58:0e', '10:e3:76:47:55:cf', '10:e3:76:47:4b:4e', '48:00:b3:5f:63:2e', '48:00:b3:5e:16:6e'], 'ssids': ['VU-Campusnet', 'iotroam', 'eduroam', 'iotroam', 'eduroam', 'eduroam', 'eduroam'], 'signals': [-66, -68, -61, -81, -82, -73, -79], 'timestamps': [1.7833416479299264e+18, 1.7833416438074665e+18, 1.783341649016045e+18, 1.7833416448164664e+18, 1.7833416490460452e+18, 1.7833416490580452e+18, 1.7833416464574664e+18], 'frequencies': [2437, 2462, 5260, 5280, 5300, 5320, 5660]}
24 54 1783341649610925395
{'names': ['NU-AP05123', 'NU-AP05137', 'NU-AP05122', 'NU-AP05137', 'NU-AP05135', 'NU-AP05123', 'NU-AP05117'], 'addresses': ['48:00:b3:5f:63:22', '10:e3:76:47:55:c0', '48:00:b3:5f:58:0e', '10:e3:76:47:55:cf', '10:e3:76:47:4b:4e', '48:00:b3:5f:63:2e', '48:00:b3:5e:16:6e'], 'ssids': ['VU-Campusnet', 'iotroam', 'eduroam', 'iotroam', 'eduroam', 'eduroam', 'eduroam'], 'signals': [-66, -68, -61, -81, -82, -73, -79], 'timestamps': [1.7833416479299264e+18, 1.7833416438074665e+18, 1.783341649016045e+18, 1.7833416448164664e+18, 1.7833416490460452e+18, 1.7833416490580452e+18, 1.7833416464574664e+18], 'frequencies': [2437, 2462, 5260, 5280, 5300, 5320, 5660]}
25 54 1783341649684927294
{'names': ['NU-AP05123', 'NU-AP05137', 'NU-AP05122', 'NU-AP05137', 'NU-AP05135', 'NU-AP05123', 'NU-AP05117'], 'addresses': ['48:00:b3:5f:63:22', '10:e3:76:47:55:c0', '48:00:b3:5f:58:0e', '10:e3:76:47:55:cf', '10:e3:76:47:4b:4e', '48:00:b3:5f:63:2e', '48:00:b3:5e:16:6e'], 'ssids': ['VU-Campusnet', 'iotroam', 'eduroam', 'iotroam', 'eduroam', 'eduroam', 'eduroam'], 'signals': [-66, -68, -61, -81, -82, -73, -79], 'timestamps': [1.7833416479299264e+18, 1.7833416438074665e+18, 1.783341649016045e+18, 1.7833416448164664e+18, 1.7833416490460452e+18, 1.7833416490580452e+18, 1.7833416464574664e+18], 'frequencies': [2437, 2462, 5260, 5280, 5300, 5320, 5660]}
26 54 1783341649759904640
{'names': ['NU-AP05123', 'NU-AP05137', 'NU-AP05122', 'NU-AP05137', 'NU-AP05135', 'NU-AP05123', 'NU-AP05117'], 'addresses': ['48:00:b3:5f:63:22', '10:e3:76:47:55:c0', '48:00:b3:5f:58:0e', '10:e3:76:47:55:cf', '10:e3:76:47:4b:4e', '48:00:b3:5f:63:2e', '48:00:b3:5e:16:6e'], 'ssids': ['VU-Campusnet', 'iotroam', 'eduroam', 'iotroam', 'eduroam', 'eduroam', 'eduroam'], 'signals': [-66, -68, -61, -81, -82, -73, -79], 'timestamps': [1.7833416479299264e+18, 1.7833416438074665e+18, 1.783341649016045e+18, 1.7833416448164664e+18, 1.7833416490460452e+18, 1.7833416490580452e+18, 1.7833416464574664e+18], 'frequencies': [2437, 2462, 5260, 5280, 5300, 5320, 5660]}
27 54 1783341649837940913
{'names': ['NU-AP05123', 'NU-AP05122', 'NU-AP05137', 'NU-AP05135', 'NU-AP05123', 'NU-AP05117'], 'addresses': ['48:00:b3:5f:63:22', '48:00:b3:5f:58:0e', '10:e3:76:47:55:cf', '10:e3:76:47:4b:4e', '48:00:b3:5f:63:2e', '48:00:b3:5e:16:6e'], 'ssids': ['VU-Campusnet', 'eduroam', 'iotroam', 'eduroam', 'eduroam', 'eduroam'], 'signals': [-66, -61, -81, -82, -73, -79], 'timestamps': [1.7833416479299264e+18, 1.783341649016045e+18, 1.7833416448164664e+18, 1.7833416490460452e+18, 1.7833416490580452e+18, 1.7833416464574664e+18], 'frequencies': [2437, 5260, 5280, 5300, 5320, 5660]}
29 54 1783341649915828978
{'names': ['NU-AP05123', 'NU-AP05122', 'NU-AP05137', 'NU-AP05135', 'NU-AP05123', 'NU-AP05117'], 'addresses': ['48:00:b3:5f:63:22', '48:00:b3:5f:58:0e', '10:e3:76:47:55:cf', '10:e3:76:47:4b:4e', '48:00:b3:5f:63:2e', '48:00:b3:5e:16:6e'], 'ssids': ['VU-Campusnet', 'eduroam', 'iotroam', 'eduroam', 'eduroam', 'eduroam'], 'signals': [-66, -61, -81, -82, -73, -79], 'timestamps': [1.7833416479299264e+18, 1.783341649016045e+18, 1.7833416448164664e+18, 1.7833416490460452e+18, 1.7833416490580452e+18, 1.7833416464574664e+18], 'frequencies': [2437, 5260, 5280, 5300, 5320, 5660]}
31 54 1783341649993988259
{'names': ['NU-AP05123', 'NU-AP05122', 'NU-AP05137', 'NU-AP05135', 'NU-AP05123', 'NU-AP05117'], 'addresses': ['48:00:b3:5f:63:22', '48:00:b3:5f:58:0e', '10:e3:76:47:55:cf', '10:e3:76:47:4b:4e', '48:00:b3:5f:63:2e', '48:00:b3:5e:16:6e'], 'ssids': ['VU-Campusnet', 'eduroam', 'iotroam', 'eduroam', 'eduroam', 'eduroam'], 'signals': [-66, -61, -81, -82, -73, -79], 'timestamps': [1.7833416479299264e+18, 1.783341649016045e+18, 1.7833416448164664e+18, 1.7833416490460452e+18, 1.7833416490580452e+18, 1.7833416464574664e+18], 'frequencies': [2437, 5260, 5280, 5300, 5320, 5660]}
33 57 1783341650071414298
{'names': ['NU-AP05123', 'NU-AP05122', 'NU-AP05137', 'NU-AP05135', 'NU-AP05123', 'NU-AP05117'], 'addresses': ['48:00:b3:5f:63:22', '48:00:b3:5f:58:0e', '10:e3:76:47:55:cf', '10:e3:76:47:4b:4e', '48:00:b3:5f:63:2e', '48:00:b3:5e:16:6e'], 'ssids': ['VU-Campusnet', 'eduroam', 'iotroam', 'eduroam', 'eduroam', 'eduroam'], 'signals': [-66, -61, -81, -82, -73, -79], 'timestamps': [1.7833416479299264e+18, 1.7833416490164142e+18, 1.7833416448164664e+18, 1.7833416490464143e+18, 1.7833416490584143e+18, 1.7833416464574664e+18], 'frequencies': [2437, 5260, 5280, 5300, 5320, 5660]}
35 57 1783341650149051775
{'names': ['NU-AP05123', 'NU-AP05122', 'NU-AP05137', 'NU-AP05135', 'NU-AP05123', 'NU-AP05117'], 'addresses': ['48:00:b3:5f:63:22', '48:00:b3:5f:58:0e', '10:e3:76:47:55:cf', '10:e3:76:47:4b:4e', '48:00:b3:5f:63:2e', '48:00:b3:5e:16:6e'], 'ssids': ['VU-Campusnet', 'eduroam', 'iotroam', 'eduroam', 'eduroam', 'eduroam'], 'signals': [-66, -61, -81, -82, -73, -79], 'timestamps': [1.7833416479299264e+18, 1.7833416490164142e+18, 1.7833416448164664e+18, 1.7833416490464143e+18, 1.7833416490584143e+18, 1.7833416464574664e+18], 'frequencies': [2437, 5260, 5280, 5300, 5320, 5660]}
38 62 1783341650240720136
{'names': ['NU-AP05123', 'NU-AP05122', 'NU-AP05137', 'NU-AP05135', 'NU-AP05123', 'NU-AP05117'], 'addresses': ['48:00:b3:5f:63:22', '48:00:b3:5f:58:0e', '10:e3:76:47:55:cf', '10:e3:76:47:4b:4e', '48:00:b3:5f:63:2e', '48:00:b3:5e:16:6e'], 'ssids': ['VU-Campusnet', 'eduroam', 'iotroam', 'eduroam', 'eduroam', 'eduroam'], 'signals': [-66, -61, -81, -82, -73, -79], 'timestamps': [1.78334164793472e+18, 1.78334164902172e+18, 1.7833416448197202e+18, 1.7833416490517202e+18, 1.7833416490637202e+18, 1.78334164646072e+18], 'frequencies': [2437, 5260, 5280, 5300, 5320, 5660]}
