0 0 0 0 1 1 1 1  1783357663980684162
{'names': [], 'addresses': [], 'ssids': [], 'signals': [], 'timestamps': [], 'frequencies': []}
0 0 0 0 1 1 1 1  1783357664024906530
{'names': [], 'addresses': [], 'ssids': [], 'signals': [], 'timestamps': [], 'frequencies': []}
0 0 0 0 1 1 1 1  1783357664067158155
{'names': [], 'addresses': [], 'ssids': [], 'signals': [], 'timestamps': [], 'frequencies': []}
0 0 0 0 1 1 1 1  1783357664109791492
{'names': [], 'addresses': [], 'ssids': [], 'signals': [], 'timestamps': [], 'frequencies': []}
1 1 1 1 1 1 1 1  1783357664152104771
{'names': ['NU-AP06164'], 'addresses': ['48:00:b3:5f:72:e0'], 'ssids': ['iotroam'], 'signals': [-56], 'timestamps': [1.7833576641201047e+18], 'frequencies': [2437]}
0 0 0 0 1 1 1 1  1783357664194713129
{'names': ['NU-AP06164'], 'addresses': ['48:00:b3:5f:72:e0'], 'ssids': ['iotroam'], 'signals': [-56], 'timestamps': [1.7833576641201047e+18], 'frequencies': [2437]}
1 1 1 1 1 1 1 1  1783357664240373526
{'names': ['NU-AP06164'], 'addresses': ['48:00:b3:5f:72:e0'], 'ssids': ['iotroam'], 'signals': [-56], 'timestamps': [1.7833576641203735e+18], 'frequencies': [2437]}
0 0 0 0 1 1 1 1  1783357664284072961
{'names': ['NU-AP06164'], 'addresses': ['48:00:b3:5f:72:e0'], 'ssids': ['iotroam'], 'signals': [-56], 'timestamps': [1.7833576641203735e+18], 'frequencies': [2437]}
2 2 2 2 1 1 1 1  1783357664327460459
{'names': ['NU-AP06164', 'NU-AP06163'], 'addresses': ['48:00:b3:5f:72:e0', '48:00:b3:5f:46:a0'], 'ssids': ['iotroam', 'iotroam'], 'signals': [-56, -54], 'timestamps': [1.7833576641204603e+18, 1.7833576642854605e+18], 'frequencies': [2437, 2462]}
0 0 0 0 1 1 1 1  1783357664372702772
{'names': ['NU-AP06164', 'NU-AP06163'], 'addresses': ['48:00:b3:5f:72:e0', '48:00:b3:5f:46:a0'], 'ssids': ['iotroam', 'iotroam'], 'signals': [-56, -54], 'timestamps': [1.7833576641204603e+18, 1.7833576642854605e+18], 'frequencies': [2437, 2462]}
0 0 0 0 1 1 1 1  1783357664417777591
{'names': ['NU-AP06164', 'NU-AP06163'], 'addresses': ['48:00:b3:5f:72:e0', '48:00:b3:5f:46:a0'], 'ssids': ['iotroam', 'iotroam'], 'signals': [-56, -54], 'timestamps': [1.7833576641204603e+18, 1.7833576642854605e+18], 'frequencies': [2437, 2462]}
0 0 0 0 1 1 1 1  1783357664461431252
{'names': ['NU-AP06164', 'NU-AP06163'], 'addresses': ['48:00:b3:5f:72:e0', '48:00:b3:5f:46:a0'], 'ssids': ['iotroam', 'iotroam'], 'signals': [-56, -54], 'timestamps': [1.7833576641204603e+18, 1.7833576642854605e+18], 'frequencies': [2437, 2462]}
0 0 0 0 1 1 1 1  1783357664509847134
{'names': ['NU-AP06164', 'NU-AP06163'], 'addresses': ['48:00:b3:5f:72:e0', '48:00:b3:5f:46:a0'], 'ssids': ['iotroam', 'iotroam'], 'signals': [-56, -54], 'timestamps': [1.7833576641204603e+18, 1.7833576642854605e+18], 'frequencies': [2437, 2462]}
2 2 2 2 1 1 1 1  1783357664556465963
{'names': ['NU-AP06164', 'NU-AP06163'], 'addresses': ['48:00:b3:5f:72:e0', '48:00:b3:5f:46:a0'], 'ssids': ['iotroam', 'iotroam'], 'signals': [-56, -54], 'timestamps': [1.783357664120466e+18, 1.7833576642854659e+18], 'frequencies': [2437, 2462]}
0 0 0 0 1 1 1 1  1783357664602417705
{'names': ['NU-AP06164', 'NU-AP06163'], 'addresses': ['48:00:b3:5f:72:e0', '48:00:b3:5f:46:a0'], 'ssids': ['iotroam', 'iotroam'], 'signals': [-56, -54], 'timestamps': [1.783357664120466e+18, 1.7833576642854659e+18], 'frequencies': [2437, 2462]}
2 2 2 2 1 1 1 1  1783357664647767875
{'names': ['NU-AP06164', 'NU-AP06163'], 'addresses': ['48:00:b3:5f:72:e0', '48:00:b3:5f:46:a0'], 'ssids': ['iotroam', 'iotroam'], 'signals': [-56, -54], 'timestamps': [1.7833576641207677e+18, 1.7833576642857677e+18], 'frequencies': [2437, 2462]}
0 0 0 0 1 1 1 1  1783357664693465082
{'names': ['NU-AP06164', 'NU-AP06163'], 'addresses': ['48:00:b3:5f:72:e0', '48:00:b3:5f:46:a0'], 'ssids': ['iotroam', 'iotroam'], 'signals': [-56, -54], 'timestamps': [1.7833576641207677e+18, 1.7833576642857677e+18], 'frequencies': [2437, 2462]}
0 0 0 0 1 1 1 1  1783357664738863201
{'names': ['NU-AP06164', 'NU-AP06163'], 'addresses': ['48:00:b3:5f:72:e0', '48:00:b3:5f:46:a0'], 'ssids': ['iotroam', 'iotroam'], 'signals': [-56, -54], 'timestamps': [1.7833576641207677e+18, 1.7833576642857677e+18], 'frequencies': [2437, 2462]}
0 0 0 0 1 1 1 1  1783357664784053491
{'names': ['NU-AP06164', 'NU-AP06163'], 'addresses': ['48:00:b3:5f:72:e0', '48:00:b3:5f:46:a0'], 'ssids': ['iotroam', 'iotroam'], 'signals': [-56, -54], 'timestamps': [1.7833576641207677e+18, 1.7833576642857677e+18], 'frequencies': [2437, 2462]}
0 0 0 0 1 1 1 1  1783357664827625640
{'names': ['NU-AP06164', 'NU-AP06163'], 'addresses': ['48:00:b3:5f:72:e0', '48:00:b3:5f:46:a0'], 'ssids': ['iotroam', 'iotroam'], 'signals': [-56, -54], 'timestamps': [1.7833576641207677e+18, 1.7833576642857677e+18], 'frequencies': [2437, 2462]}
0 0 0 0 1 1 1 1  1783357664872825413
{'names': ['NU-AP06164', 'NU-AP06163'], 'addresses': ['48:00:b3:5f:72:e0', '48:00:b3:5f:46:a0'], 'ssids': ['iotroam', 'iotroam'], 'signals': [-56, -54], 'timestamps': [1.7833576641207677e+18, 1.7833576642857677e+18], 'frequencies': [2437, 2462]}
0 0 0 0 1 1 1 1  1783357664917373492
{'names': ['NU-AP06164', 'NU-AP06163'], 'addresses': ['48:00:b3:5f:72:e0', '48:00:b3:5f:46:a0'], 'ssids': ['iotroam', 'iotroam'], 'signals': [-56, -54], 'timestamps': [1.7833576641207677e+18, 1.7833576642857677e+18], 'frequencies': [2437, 2462]}
0 0 0 0 1 1 1 1  1783357664962328139
{'names': ['NU-AP06164', 'NU-AP06163'], 'addresses': ['48:00:b3:5f:72:e0', '48:00:b3:5f:46:a0'], 'ssids': ['iotroam', 'iotroam'], 'signals': [-56, -54], 'timestamps': [1.7833576641207677e+18, 1.7833576642857677e+18], 'frequencies': [2437, 2462]}
0 0 0 0 1 1 1 1  1783357665007814146
{'names': ['NU-AP06164', 'NU-AP06163'], 'addresses': ['48:00:b3:5f:72:e0', '48:00:b3:5f:46:a0'], 'ssids': ['iotroam', 'iotroam'], 'signals': [-56, -54], 'timestamps': [1.7833576641207677e+18, 1.7833576642857677e+18], 'frequencies': [2437, 2462]}
0 0 0 0 1 1 1 1  1783357665052871554
{'names': ['NU-AP06164', 'NU-AP06163'], 'addresses': ['48:00:b3:5f:72:e0', '48:00:b3:5f:46:a0'], 'ssids': ['iotroam', 'iotroam'], 'signals': [-56, -54], 'timestamps': [1.7833576641207677e+18, 1.7833576642857677e+18], 'frequencies': [2437, 2462]}
0 0 0 0 1 1 1 1  1783357665098457479
{'names': ['NU-AP06164', 'NU-AP06163'], 'addresses': ['48:00:b3:5f:72:e0', '48:00:b3:5f:46:a0'], 'ssids': ['iotroam', 'iotroam'], 'signals': [-56, -54], 'timestamps': [1.7833576641207677e+18, 1.7833576642857677e+18], 'frequencies': [2437, 2462]}
0 0 0 0 1 1 1 1  1783357665144402160
{'names': ['NU-AP06164', 'NU-AP06163'], 'addresses': ['48:00:b3:5f:72:e0', '48:00:b3:5f:46:a0'], 'ssids': ['iotroam', 'iotroam'], 'signals': [-56, -54], 'timestamps': [1.7833576641207677e+18, 1.7833576642857677e+18], 'frequencies': [2437, 2462]}
0 0 0 0 1 1 1 1  1783357665190924967
{'names': ['NU-AP06164', 'NU-AP06163'], 'addresses': ['48:00:b3:5f:72:e0', '48:00:b3:5f:46:a0'], 'ssids': ['iotroam', 'iotroam'], 'signals': [-56, -54], 'timestamps': [1.7833576641207677e+18, 1.7833576642857677e+18], 'frequencies': [2437, 2462]}
0 0 0 0 1 1 1 1  1783357665235588953
{'names': ['NU-AP06164', 'NU-AP06163'], 'addresses': ['48:00:b3:5f:72:e0', '48:00:b3:5f:46:a0'], 'ssids': ['iotroam', 'iotroam'], 'signals': [-56, -54], 'timestamps': [1.7833576641207677e+18, 1.7833576642857677e+18], 'frequencies': [2437, 2462]}
0 0 0 0 1 1 1 1  1783357665280339255
{'names': ['NU-AP06164', 'NU-AP06163'], 'addresses': ['48:00:b3:5f:72:e0', '48:00:b3:5f:46:a0'], 'ssids': ['iotroam', 'iotroam'], 'signals': [-56, -54], 'timestamps': [1.7833576641207677e+18, 1.7833576642857677e+18], 'frequencies': [2437, 2462]}
0 0 0 0 1 1 1 1  1783357665326855993
{'names': ['NU-AP06164', 'NU-AP06163'], 'addresses': ['48:00:b3:5f:72:e0', '48:00:b3:5f:46:a0'], 'ssids': ['iotroam', 'iotroam'], 'signals': [-56, -54], 'timestamps': [1.7833576641207677e+18, 1.7833576642857677e+18], 'frequencies': [2437, 2462]}
0 0 0 0 1 1 1 1  1783357665372696260
{'names': ['NU-AP06164', 'NU-AP06163'], 'addresses': ['48:00:b3:5f:72:e0', '48:00:b3:5f:46:a0'], 'ssids': ['iotroam', 'iotroam'], 'signals': [-56, -54], 'timestamps': [1.7833576641207677e+18, 1.7833576642857677e+18], 'frequencies': [2437, 2462]}
2 2 2 2 1 1 1 1  1783357665417805098
{'names': ['NU-AP06164', 'NU-AP06163'], 'addresses': ['48:00:b3:5f:72:e0', '48:00:b3:5f:46:a0'], 'ssids': ['iotroam', 'iotroam'], 'signals': [-56, -54], 'timestamps': [1.783357664120805e+18, 1.783357664285805e+18], 'frequencies': [2437, 2462]}
0 0 0 0 1 1 1 1  1783357665462801481
{'names': ['NU-AP06164', 'NU-AP06163'], 'addresses': ['48:00:b3:5f:72:e0', '48:00:b3:5f:46:a0'], 'ssids': ['iotroam', 'iotroam'], 'signals': [-56, -54], 'timestamps': [1.783357664120805e+18, 1.783357664285805e+18], 'frequencies': [2437, 2462]}
0 0 0 0 1 1 1 1  1783357665509384951
{'names': ['NU-AP06164', 'NU-AP06163'], 'addresses': ['48:00:b3:5f:72:e0', '48:00:b3:5f:46:a0'], 'ssids': ['iotroam', 'iotroam'], 'signals': [-56, -54], 'timestamps': [1.783357664120805e+18, 1.783357664285805e+18], 'frequencies': [2437, 2462]}
0 0 0 0 1 1 1 1  1783357665554723326
{'names': ['NU-AP06164', 'NU-AP06163'], 'addresses': ['48:00:b3:5f:72:e0', '48:00:b3:5f:46:a0'], 'ssids': ['iotroam', 'iotroam'], 'signals': [-56, -54], 'timestamps': [1.783357664120805e+18, 1.783357664285805e+18], 'frequencies': [2437, 2462]}
2 2 2 2 1 1 1 1  1783357665600162420
{'names': ['NU-AP06164', 'NU-AP06163'], 'addresses': ['48:00:b3:5f:72:e0', '48:00:b3:5f:46:a0'], 'ssids': ['iotroam', 'iotroam'], 'signals': [-56, -54], 'timestamps': [1.7833576641211622e+18, 1.7833576642861624e+18], 'frequencies': [2437, 2462]}
0 0 0 0 1 1 1 1  1783357665645419564
{'names': ['NU-AP06164', 'NU-AP06163'], 'addresses': ['48:00:b3:5f:72:e0', '48:00:b3:5f:46:a0'], 'ssids': ['iotroam', 'iotroam'], 'signals': [-56, -54], 'timestamps': [1.7833576641211622e+18, 1.7833576642861624e+18], 'frequencies': [2437, 2462]}
0 0 0 0 1 1 1 1  1783357665691815543
{'names': ['NU-AP06164', 'NU-AP06163'], 'addresses': ['48:00:b3:5f:72:e0', '48:00:b3:5f:46:a0'], 'ssids': ['iotroam', 'iotroam'], 'signals': [-56, -54], 'timestamps': [1.7833576641211622e+18, 1.7833576642861624e+18], 'frequencies': [2437, 2462]}
0 0 0 0 1 1 1 1  1783357665737915591
{'names': ['NU-AP06164', 'NU-AP06163'], 'addresses': ['48:00:b3:5f:72:e0', '48:00:b3:5f:46:a0'], 'ssids': ['iotroam', 'iotroam'], 'signals': [-56, -54], 'timestamps': [1.7833576641211622e+18, 1.7833576642861624e+18], 'frequencies': [2437, 2462]}
2 2 2 2 1 1 1 1  1783357665783643388
{'names': ['NU-AP06164', 'NU-AP06163', 'NU-AP06163'], 'addresses': ['48:00:b3:5f:72:e0', '48:00:b3:5f:46:a0', '48:00:b3:5f:46:ae'], 'ssids': ['iotroam', 'iotroam', 'eduroam'], 'signals': [-56, -54, -60], 'timestamps': [1.7833576641216435e+18, 1.7833576642866435e+18, 1.7833576657486433e+18], 'frequencies': [2437, 2462, 5500]}
0 0 0 0 1 1 1 0  1783357666057235118
{'names': ['NU-AP06164', 'NU-AP06163', 'NU-AP06163', 'NU-AP06164'], 'addresses': ['48:00:b3:5f:72:e0', '48:00:b3:5f:46:a0', '48:00:b3:5f:46:ae', '48:00:b3:5f:72:ef'], 'ssids': ['iotroam', 'iotroam', 'eduroam', 'iotroam'], 'signals': [-56, -54, -60, -68], 'timestamps': [1.7833576641216435e+18, 1.7833576642866435e+18, 1.7833576657486433e+18, 1.7833576660252352e+18], 'frequencies': [2437, 2462, 5500, 5540]}
0 0 0 0 1 1 1 0  1783357666107432443
{'names': ['NU-AP06164', 'NU-AP06163', 'NU-AP06163', 'NU-AP06164'], 'addresses': ['48:00:b3:5f:72:e0', '48:00:b3:5f:46:a0', '48:00:b3:5f:46:ae', '48:00:b3:5f:72:ef'], 'ssids': ['iotroam', 'iotroam', 'eduroam', 'iotroam'], 'signals': [-56, -54, -60, -68], 'timestamps': [1.7833576641216435e+18, 1.7833576642866435e+18, 1.7833576657486433e+18, 1.7833576660254326e+18], 'frequencies': [2437, 2462, 5500, 5540]}
0 0 0 0 1 1 1 0  1783357666157492515
{'names': ['NU-AP06164', 'NU-AP06163', 'NU-AP06163', 'NU-AP06164'], 'addresses': ['48:00:b3:5f:72:e0', '48:00:b3:5f:46:a0', '48:00:b3:5f:46:ae', '48:00:b3:5f:72:ef'], 'ssids': ['iotroam', 'iotroam', 'eduroam', 'iotroam'], 'signals': [-56, -54, -60, -68], 'timestamps': [1.7833576641216435e+18, 1.7833576642866435e+18, 1.7833576657486433e+18, 1.7833576660254925e+18], 'frequencies': [2437, 2462, 5500, 5540]}
0 0 0 0 1 1 1 0  1783357666207714673
{'names': ['NU-AP06164', 'NU-AP06163', 'NU-AP06163', 'NU-AP06164'], 'addresses': ['48:00:b3:5f:72:e0', '48:00:b3:5f:46:a0', '48:00:b3:5f:46:ae', '48:00:b3:5f:72:ef'], 'ssids': ['iotroam', 'iotroam', 'eduroam', 'iotroam'], 'signals': [-56, -54, -60, -68], 'timestamps': [1.7833576641216435e+18, 1.7833576642866435e+18, 1.7833576657486433e+18, 1.7833576660257147e+18], 'frequencies': [2437, 2462, 5500, 5540]}
0 0 0 0 1 1 1 0  1783357666308892880
{'names': ['NU-AP06164', 'NU-AP06163', 'NU-AP06163', 'NU-AP06164'], 'addresses': ['48:00:b3:5f:72:e0', '48:00:b3:5f:46:a0', '48:00:b3:5f:46:ae', '48:00:b3:5f:72:ef'], 'ssids': ['iotroam', 'iotroam', 'eduroam', 'iotroam'], 'signals': [-56, -54, -60, -68], 'timestamps': [1.7833576641216435e+18, 1.7833576642866435e+18, 1.7833576657486433e+18, 1.7833576660258929e+18], 'frequencies': [2437, 2462, 5500, 5540]}
0 0 0 0 1 1 1 0  1783357666460026035
{'names': ['NU-AP06164', 'NU-AP06163', 'NU-AP06163', 'NU-AP06164'], 'addresses': ['48:00:b3:5f:72:e0', '48:00:b3:5f:46:a0', '48:00:b3:5f:46:ae', '48:00:b3:5f:72:ef'], 'ssids': ['iotroam', 'iotroam', 'eduroam', 'iotroam'], 'signals': [-56, -54, -60, -68], 'timestamps': [1.7833576641216435e+18, 1.7833576642866435e+18, 1.7833576657486433e+18, 1.783357666026026e+18], 'frequencies': [2437, 2462, 5500, 5540]}
0 0 0 0 1 1 1 0  1783357666560103058
{'names': ['NU-AP06164', 'NU-AP06163', 'NU-AP06163', 'NU-AP06164'], 'addresses': ['48:00:b3:5f:72:e0', '48:00:b3:5f:46:a0', '48:00:b3:5f:46:ae', '48:00:b3:5f:72:ef'], 'ssids': ['iotroam', 'iotroam', 'eduroam', 'iotroam'], 'signals': [-56, -54, -60, -68], 'timestamps': [1.7833576641216435e+18, 1.7833576642866435e+18, 1.7833576657486433e+18, 1.7833576660261033e+18], 'frequencies': [2437, 2462, 5500, 5540]}
0 0 0 0 2 2 1 0  1783357666964134494
{'names': ['NU-AP06164', 'NU-AP06163', 'NU-AP06163', 'NU-AP06164', 'NU-AP06167'], 'addresses': ['48:00:b3:5f:72:e0', '48:00:b3:5f:46:a0', '48:00:b3:5f:46:ae', '48:00:b3:5f:72:ef', '48:00:b3:5e:0b:ef'], 'ssids': ['iotroam', 'iotroam', 'eduroam', 'iotroam', 'iotroam'], 'signals': [-56, -54, -60, -68, -76], 'timestamps': [1.7833576641216435e+18, 1.7833576642866435e+18, 1.7833576657486433e+18, 1.7833576660261345e+18, 1.7833576669251343e+18], 'frequencies': [2437, 2462, 5500, 5540, 5660]}
0 0 0 0 2 2 1 0  1783357667133223878
{'names': ['NU-AP06164', 'NU-AP06163', 'NU-AP06163', 'NU-AP06164', 'NU-AP06167'], 'addresses': ['48:00:b3:5f:72:e0', '48:00:b3:5f:46:a0', '48:00:b3:5f:46:ae', '48:00:b3:5f:72:ef', '48:00:b3:5e:0b:ef'], 'ssids': ['iotroam', 'iotroam', 'eduroam', 'iotroam', 'iotroam'], 'signals': [-56, -54, -60, -68, -76], 'timestamps': [1.7833576641216435e+18, 1.7833576642866435e+18, 1.7833576657486433e+18, 1.7833576660262239e+18, 1.783357666925224e+18], 'frequencies': [2437, 2462, 5500, 5540, 5660]}
2 2 2 2 3 3 2 1  1783357667734110726
{'names': ['NU-AP06164', 'NU-AP06163', 'NU-AP06163', 'NU-AP06164', 'NU-AP06167'], 'addresses': ['48:00:b3:5f:72:e0', '48:00:b3:5f:46:a0', '48:00:b3:5f:46:ae', '48:00:b3:5f:72:ef', '48:00:b3:5e:0b:ef'], 'ssids': ['iotroam', 'iotroam', 'eduroam', 'iotroam', 'iotroam'], 'signals': [-56, -54, -60, -68, -76], 'timestamps': [1.7833576641221107e+18, 1.7833576642871107e+18, 1.7833576657491108e+18, 1.7833576660271107e+18, 1.7833576669261107e+18], 'frequencies': [2437, 2462, 5500, 5540, 5660]}
2 2 2 2 3 3 2 1  1783357668181462293
{'names': ['NU-AP06164', 'NU-AP06163', 'NU-AP06163', 'NU-AP06164', 'NU-AP06167'], 'addresses': ['48:00:b3:5f:72:e0', '48:00:b3:5f:46:a0', '48:00:b3:5f:46:ae', '48:00:b3:5f:72:ef', '48:00:b3:5e:0b:ef'], 'ssids': ['iotroam', 'iotroam', 'eduroam', 'iotroam', 'iotroam'], 'signals': [-56, -54, -60, -68, -76], 'timestamps': [1.7833576641224622e+18, 1.7833576642874624e+18, 1.7833576657494623e+18, 1.7833576660274621e+18, 1.7833576669264622e+18], 'frequencies': [2437, 2462, 5500, 5540, 5660]}
1 1 0 0 0 0 0 0  1783357668240068977
{'names': ['NU-AP06164', 'NU-AP06163', 'NU-AP06163', 'NU-AP06164', 'NU-AP06167', 'NU-AP06165'], 'addresses': ['48:00:b3:5f:72:e0', '48:00:b3:5f:46:a0', '48:00:b3:5f:46:ae', '48:00:b3:5f:72:ef', '48:00:b3:5e:0b:ef', '48:00:b3:5e:17:c1'], 'ssids': ['iotroam', 'iotroam', 'eduroam', 'iotroam', 'iotroam', 'eduroam'], 'signals': [-56, -54, -60, -68, -76, -73], 'timestamps': [1.7833576641224622e+18, 1.7833576642874624e+18, 1.7833576657494623e+18, 1.7833576660274621e+18, 1.7833576669264622e+18, 1.7833576682360689e+18], 'frequencies': [2437, 2462, 5500, 5540, 5660, 2412]}
2 2 2 2 0 0 0 0  1783357668391907526
{'names': ['NU-AP06164', 'NU-AP06163', 'NU-AP06163', 'NU-AP06164', 'NU-AP06167', 'NU-AP06165', 'NU-AP06167'], 'addresses': ['48:00:b3:5f:72:e0', '48:00:b3:5f:46:a0', '48:00:b3:5f:46:ae', '48:00:b3:5f:72:ef', '48:00:b3:5e:0b:ef', '48:00:b3:5e:17:c1', '48:00:b3:5e:0b:e0'], 'ssids': ['iotroam', 'iotroam', 'eduroam', 'iotroam', 'iotroam', 'eduroam', 'iotroam'], 'signals': [-56, -54, -60, -68, -76, -73, -62], 'timestamps': [1.7833576683809075e+18, 1.7833576642874624e+18, 1.7833576657494623e+18, 1.7833576660274621e+18, 1.7833576669264622e+18, 1.7833576682360689e+18, 1.7833576683809075e+18], 'frequencies': [2437, 2462, 5500, 5540, 5660, 2412, 2437]}
4 4 3 3 0 0 0 0  1783357668580501687
{'names': ['NU-AP06164', 'NU-AP06163', 'NU-AP06163', 'NU-AP06164', 'NU-AP06167', 'NU-AP06165', 'NU-AP06167'], 'addresses': ['48:00:b3:5f:72:e0', '48:00:b3:5f:46:a0', '48:00:b3:5f:46:ae', '48:00:b3:5f:72:ef', '48:00:b3:5e:0b:ef', '48:00:b3:5e:17:c1', '48:00:b3:5e:0b:e0'], 'ssids': ['iotroam', 'iotroam', 'eduroam', 'iotroam', 'iotroam', 'eduroam', 'iotroam'], 'signals': [-56, -54, -60, -68, -76, -73, -62], 'timestamps': [1.7833576683815017e+18, 1.7833576685395018e+18, 1.7833576657494623e+18, 1.7833576660274621e+18, 1.7833576669264622e+18, 1.7833576682365018e+18, 1.7833576683815017e+18], 'frequencies': [2437, 2462, 5500, 5540, 5660, 2412, 2437]}
4 4 3 3 0 0 0 0  1783357669028558278
{'names': ['NU-AP06164', 'NU-AP06163', 'NU-AP06163', 'NU-AP06164', 'NU-AP06167', 'NU-AP06165', 'NU-AP06167'], 'addresses': ['48:00:b3:5f:72:e0', '48:00:b3:5f:46:a0', '48:00:b3:5f:46:ae', '48:00:b3:5f:72:ef', '48:00:b3:5e:0b:ef', '48:00:b3:5e:17:c1', '48:00:b3:5e:0b:e0'], 'ssids': ['iotroam', 'iotroam', 'eduroam', 'iotroam', 'iotroam', 'eduroam', 'iotroam'], 'signals': [-56, -54, -60, -68, -76, -73, -62], 'timestamps': [1.7833576683815583e+18, 1.7833576685395584e+18, 1.7833576657494623e+18, 1.7833576660274621e+18, 1.7833576669264622e+18, 1.7833576682365583e+18, 1.7833576683815583e+18], 'frequencies': [2437, 2462, 5500, 5540, 5660, 2412, 2437]}
4 4 3 3 0 0 0 0  1783357669091721906
{'names': ['NU-AP06164', 'NU-AP06163', 'NU-AP06163', 'NU-AP06164', 'NU-AP06167', 'NU-AP06165', 'NU-AP06167'], 'addresses': ['48:00:b3:5f:72:e0', '48:00:b3:5f:46:a0', '48:00:b3:5f:46:ae', '48:00:b3:5f:72:ef', '48:00:b3:5e:0b:ef', '48:00:b3:5e:17:c1', '48:00:b3:5e:0b:e0'], 'ssids': ['iotroam', 'iotroam', 'eduroam', 'iotroam', 'iotroam', 'eduroam', 'iotroam'], 'signals': [-56, -54, -60, -68, -76, -73, -62], 'timestamps': [1.783357668381722e+18, 1.783357668539722e+18, 1.7833576657494623e+18, 1.7833576660274621e+18, 1.7833576669264622e+18, 1.783357668236722e+18, 1.783357668381722e+18], 'frequencies': [2437, 2462, 5500, 5540, 5660, 2412, 2437]}
0 0 0 0 2 1 1 1  1783357669967564207
{'names': ['NU-AP06164', 'NU-AP06163', 'NU-AP06163', 'NU-AP06164', 'NU-AP06167', 'NU-AP06165', 'NU-AP06167', 'NU-AP06162'], 'addresses': ['48:00:b3:5f:72:e0', '48:00:b3:5f:46:a0', '48:00:b3:5f:46:ae', '48:00:b3:5f:72:ef', '48:00:b3:5e:0b:ef', '48:00:b3:5e:17:c1', '48:00:b3:5e:0b:e0', '48:00:b3:5a:90:8d'], 'ssids': ['iotroam', 'iotroam', 'eduroam', 'iotroam', 'iotroam', 'eduroam', 'iotroam', 'VU-Campusnet'], 'signals': [-56, -54, -60, -68, -76, -73, -62, -82], 'timestamps': [1.783357668381722e+18, 1.783357668539722e+18, 1.7833576699435643e+18, 1.7833576660274621e+18, 1.7833576669264622e+18, 1.783357668236722e+18, 1.783357668381722e+18, 1.7833576699325642e+18], 'frequencies': [2437, 2462, 5500, 5540, 5660, 2412, 2437, 5320]}
4 4 3 3 4 3 2 1  1783357670117864135
{'names': ['NU-AP06164', 'NU-AP06163', 'NU-AP06163', 'NU-AP06164', 'NU-AP06167', 'NU-AP06165', 'NU-AP06167', 'NU-AP06162'], 'addresses': ['48:00:b3:5f:72:e0', '48:00:b3:5f:46:a0', '48:00:b3:5f:46:ae', '48:00:b3:5f:72:ef', '48:00:b3:5e:0b:ef', '48:00:b3:5e:17:c1', '48:00:b3:5e:0b:e0', '48:00:b3:5a:90:8d'], 'ssids': ['iotroam', 'iotroam', 'eduroam', 'iotroam', 'iotroam', 'eduroam', 'iotroam', 'VU-Campusnet'], 'signals': [-56, -54, -60, -68, -76, -73, -62, -82], 'timestamps': [1.7833576683838643e+18, 1.7833576685418642e+18, 1.7833576699458642e+18, 1.7833576660288643e+18, 1.7833576669278643e+18, 1.7833576682388641e+18, 1.7833576683838643e+18, 1.7833576699348641e+18], 'frequencies': [2437, 2462, 5500, 5540, 5660, 2412, 2437, 5320]}
4 4 3 3 4 3 2 2  1783357670217260435
{'names': ['NU-AP06164', 'NU-AP06163', 'NU-AP06163', 'NU-AP06164', 'NU-AP06167', 'NU-AP06165', 'NU-AP06167', 'NU-AP06162'], 'addresses': ['48:00:b3:5f:72:e0', '48:00:b3:5f:46:a0', '48:00:b3:5f:46:ae', '48:00:b3:5f:72:ed', '48:00:b3:5e:0b:ef', '48:00:b3:5e:17:c1', '48:00:b3:5e:0b:e0', '48:00:b3:5a:90:8d'], 'ssids': ['iotroam', 'iotroam', 'eduroam', 'VU-Campusnet', 'iotroam', 'eduroam', 'iotroam', 'VU-Campusnet'], 'signals': [-56, -54, -60, -67, -76, -73, -62, -82], 'timestamps': [1.7833576683842606e+18, 1.7833576685422605e+18, 1.7833576699462605e+18, 1.7833576701872604e+18, 1.7833576669282606e+18, 1.7833576682392607e+18, 1.7833576683842606e+18, 1.7833576699352607e+18], 'frequencies': [2437, 2462, 5500, 5540, 5660, 2412, 2437, 5320]}
0 0 0 0 1 1 0 0  1783357671028578703
{'names': ['NU-AP06164', 'NU-AP06163', 'NU-AP06163', 'NU-AP06164', 'NU-AP06167', 'NU-AP06165', 'NU-AP06167', 'NU-AP06162'], 'addresses': ['48:00:b3:5f:72:e0', '48:00:b3:5f:46:a0', '48:00:b3:5f:46:ae', '48:00:b3:5f:72:ed', '48:00:b3:5e:0b:ef', '48:00:b3:5e:17:c1', '48:00:b3:5e:0b:e0', '48:00:b3:5a:90:8d'], 'ssids': ['iotroam', 'iotroam', 'eduroam', 'VU-Campusnet', 'iotroam', 'eduroam', 'iotroam', 'VU-Campusnet'], 'signals': [-56, -54, -60, -67, -75, -73, -62, -82], 'timestamps': [1.7833576683842606e+18, 1.7833576685422605e+18, 1.7833576699462605e+18, 1.7833576701872604e+18, 1.783357670970579e+18, 1.7833576682392607e+18, 1.7833576683842606e+18, 1.7833576699352607e+18], 'frequencies': [2437, 2462, 5500, 5540, 5660, 2412, 2437, 5320]}
0 0 0 0 1 1 0 0  1783357671229671615
{'names': ['NU-AP06164', 'NU-AP06163', 'NU-AP06163', 'NU-AP06164', 'NU-AP06167', 'NU-AP06165', 'NU-AP06167', 'NU-AP06162'], 'addresses': ['48:00:b3:5f:72:e0', '48:00:b3:5f:46:a0', '48:00:b3:5f:46:ae', '48:00:b3:5f:72:ed', '48:00:b3:5e:0b:ef', '48:00:b3:5e:17:c1', '48:00:b3:5e:0b:e0', '48:00:b3:5a:90:8d'], 'ssids': ['iotroam', 'iotroam', 'eduroam', 'VU-Campusnet', 'iotroam', 'eduroam', 'iotroam', 'VU-Campusnet'], 'signals': [-56, -54, -60, -67, -75, -73, -62, -82], 'timestamps': [1.7833576683842606e+18, 1.7833576685422605e+18, 1.7833576699462605e+18, 1.7833576701872604e+18, 1.7833576709706716e+18, 1.7833576682392607e+18, 1.7833576683842606e+18, 1.7833576699352607e+18], 'frequencies': [2437, 2462, 5500, 5540, 5660, 2412, 2437, 5320]}
0 0 0 0 1 1 0 0  1783357671634850598
{'names': ['NU-AP06164', 'NU-AP06163', 'NU-AP06163', 'NU-AP06164', 'NU-AP06167', 'NU-AP06165', 'NU-AP06167', 'NU-AP06162'], 'addresses': ['48:00:b3:5f:72:e0', '48:00:b3:5f:46:a0', '48:00:b3:5f:46:ae', '48:00:b3:5f:72:ed', '48:00:b3:5e:0b:ef', '48:00:b3:5e:17:c1', '48:00:b3:5e:0b:e0', '48:00:b3:5a:90:8d'], 'ssids': ['iotroam', 'iotroam', 'eduroam', 'VU-Campusnet', 'iotroam', 'eduroam', 'iotroam', 'VU-Campusnet'], 'signals': [-56, -54, -60, -67, -75, -73, -62, -82], 'timestamps': [1.7833576683842606e+18, 1.7833576685422605e+18, 1.7833576699462605e+18, 1.7833576701872604e+18, 1.7833576709708506e+18, 1.7833576682392607e+18, 1.7833576683842606e+18, 1.7833576699352607e+18], 'frequencies': [2437, 2462, 5500, 5540, 5660, 2412, 2437, 5320]}
1 1 0 0 0 0 0 0  1783357672190650132
{'names': ['NU-AP06164', 'NU-AP06163', 'NU-AP06163', 'NU-AP06164', 'NU-AP06167', 'NU-AP06165', 'NU-AP06167', 'NU-AP06162'], 'addresses': ['48:00:b3:5f:72:e0', '48:00:b3:5f:46:a0', '48:00:b3:5f:46:ae', '48:00:b3:5f:72:ed', '48:00:b3:5e:0b:ef', '48:00:b3:5e:17:c2', '48:00:b3:5e:0b:e0', '48:00:b3:5a:90:8d'], 'ssids': ['iotroam', 'iotroam', 'eduroam', 'VU-Campusnet', 'iotroam', 'VU-Campusnet', 'iotroam', 'VU-Campusnet'], 'signals': [-56, -54, -60, -67, -75, -74, -62, -82], 'timestamps': [1.7833576683842606e+18, 1.7833576685422605e+18, 1.7833576699462605e+18, 1.7833576701872604e+18, 1.7833576709708506e+18, 1.78335767218365e+18, 1.7833576683842606e+18, 1.7833576699352607e+18], 'frequencies': [2437, 2462, 5500, 5540, 5660, 2412, 2437, 5320]}
1 1 0 0 0 0 0 0  1783357672257755012
{'names': ['NU-AP06164', 'NU-AP06163', 'NU-AP06163', 'NU-AP06164', 'NU-AP06167', 'NU-AP06165', 'NU-AP06167', 'NU-AP06162'], 'addresses': ['48:00:b3:5f:72:e0', '48:00:b3:5f:46:a0', '48:00:b3:5f:46:ae', '48:00:b3:5f:72:ed', '48:00:b3:5e:0b:ef', '48:00:b3:5e:17:c2', '48:00:b3:5e:0b:e0', '48:00:b3:5a:90:8d'], 'ssids': ['iotroam', 'iotroam', 'eduroam', 'VU-Campusnet', 'iotroam', 'VU-Campusnet', 'iotroam', 'VU-Campusnet'], 'signals': [-56, -54, -60, -67, -75, -74, -62, -82], 'timestamps': [1.7833576683842606e+18, 1.7833576685422605e+18, 1.7833576699462605e+18, 1.7833576701872604e+18, 1.7833576709708506e+18, 1.7833576721837553e+18, 1.7833576683842606e+18, 1.7833576699352607e+18], 'frequencies': [2437, 2462, 5500, 5540, 5660, 2412, 2437, 5320]}
2 2 2 2 0 0 0 0  1783357672394217418
{'names': ['NU-AP06164', 'NU-AP06163', 'NU-AP06163', 'NU-AP06164', 'NU-AP06167', 'NU-AP06165', 'NU-AP06167', 'NU-AP06162'], 'addresses': ['48:00:b3:5f:72:e0', '48:00:b3:5f:46:a0', '48:00:b3:5f:46:ae', '48:00:b3:5f:72:ed', '48:00:b3:5e:0b:ef', '48:00:b3:5e:17:c2', '48:00:b3:5e:0b:e0', '48:00:b3:5a:90:8d'], 'ssids': ['iotroam', 'iotroam', 'eduroam', 'VU-Campusnet', 'iotroam', 'VU-Campusnet', 'iotroam', 'VU-Campusnet'], 'signals': [-55, -54, -60, -67, -75, -74, -63, -82], 'timestamps': [1.7833576723462175e+18, 1.7833576685422605e+18, 1.7833576699462605e+18, 1.7833576701872604e+18, 1.7833576709708506e+18, 1.7833576721837553e+18, 1.7833576723502175e+18, 1.7833576699352607e+18], 'frequencies': [2437, 2462, 5500, 5540, 5660, 2412, 2437, 5320]}
4 4 3 3 1 1 0 0  1783357672535941152
{'names': ['NU-AP06164', 'NU-AP06163', 'NU-AP06163', 'NU-AP06164', 'NU-AP06167', 'NU-AP06165', 'NU-AP06167', 'NU-AP06162'], 'addresses': ['48:00:b3:5f:72:e0', '48:00:b3:5f:46:a0', '48:00:b3:5f:46:ae', '48:00:b3:5f:72:ed', '48:00:b3:5e:0b:ef', '48:00:b3:5e:17:c2', '48:00:b3:5e:0b:e0', '48:00:b3:5a:90:8d'], 'ssids': ['iotroam', 'iotroam', 'eduroam', 'VU-Campusnet', 'iotroam', 'VU-Campusnet', 'iotroam', 'VU-Campusnet'], 'signals': [-55, -54, -60, -67, -75, -74, -63, -82], 'timestamps': [1.7833576723469412e+18, 1.783357672499941e+18, 1.7833576699462605e+18, 1.7833576701872604e+18, 1.7833576709709412e+18, 1.783357672183941e+18, 1.7833576723509412e+18, 1.7833576699352607e+18], 'frequencies': [2437, 2462, 5500, 5540, 5660, 2412, 2437, 5320]}
2 2 2 2 0 0 0 0  1783357672759072972
{'names': ['NU-AP06164', 'NU-AP06163', 'NU-AP06163', 'NU-AP06164', 'NU-AP06167', 'NU-AP06165', 'NU-AP06167', 'NU-AP06162'], 'addresses': ['48:00:b3:5f:72:e0', '48:00:b3:5f:46:a0', '48:00:b3:5f:46:ae', '48:00:b3:5f:72:ed', '48:00:b3:5e:0b:ef', '48:00:b3:5e:17:c2', '48:00:b3:5e:0b:e0', '48:00:b3:5a:90:8d'], 'ssids': ['iotroam', 'iotroam', 'eduroam', 'VU-Campusnet', 'iotroam', 'VU-Campusnet', 'iotroam', 'VU-Campusnet'], 'signals': [-55, -54, -60, -67, -75, -74, -63, -82], 'timestamps': [1.783357672347073e+18, 1.783357672500073e+18, 1.7833576699462605e+18, 1.7833576701872604e+18, 1.7833576709709412e+18, 1.783357672183941e+18, 1.7833576723509412e+18, 1.7833576699352607e+18], 'frequencies': [2437, 2462, 5500, 5540, 5660, 2412, 2437, 5320]}
4 4 3 3 2 2 1 1  1783357673941820729
{'names': ['NU-AP06164', 'NU-AP06163', 'NU-AP06163', 'NU-AP06164', 'NU-AP06167', 'NU-AP06165', 'NU-AP06167', 'NU-AP06162'], 'addresses': ['48:00:b3:5f:72:e0', '48:00:b3:5f:46:a0', '48:00:b3:5f:46:ae', '48:00:b3:5f:72:ed', '48:00:b3:5e:0b:ef', '48:00:b3:5e:17:c2', '48:00:b3:5e:0b:e0', '48:00:b3:5a:90:8d'], 'ssids': ['iotroam', 'iotroam', 'eduroam', 'VU-Campusnet', 'iotroam', 'VU-Campusnet', 'iotroam', 'VU-Campusnet'], 'signals': [-55, -54, -60, -67, -75, -74, -63, -82], 'timestamps': [1.7833576723478205e+18, 1.7833576725008207e+18, 1.7833576739138207e+18, 1.7833576701872604e+18, 1.7833576709718205e+18, 1.7833576721848207e+18, 1.7833576723518208e+18, 1.7833576699352607e+18], 'frequencies': [2437, 2462, 5500, 5540, 5660, 2412, 2437, 5320]}
0 0 0 0 1 1 1 1  1783357674248231218
{'names': ['NU-AP06164', 'NU-AP06163', 'NU-AP06163', 'NU-AP06164', 'NU-AP06167', 'NU-AP06165', 'NU-AP06167', 'NU-AP06162'], 'addresses': ['48:00:b3:5f:72:e0', '48:00:b3:5f:46:a0', '48:00:b3:5f:46:ae', '48:00:b3:5f:72:ef', '48:00:b3:5e:0b:ef', '48:00:b3:5e:17:c2', '48:00:b3:5e:0b:e0', '48:00:b3:5a:90:8d'], 'ssids': ['iotroam', 'iotroam', 'eduroam', 'iotroam', 'iotroam', 'VU-Campusnet', 'iotroam', 'VU-Campusnet'], 'signals': [-55, -54, -60, -65, -75, -74, -63, -82], 'timestamps': [1.7833576723478205e+18, 1.7833576725008207e+18, 1.7833576739138207e+18, 1.7833576741762312e+18, 1.7833576709718205e+18, 1.7833576721848207e+18, 1.7833576723518208e+18, 1.7833576699352607e+18], 'frequencies': [2437, 2462, 5500, 5540, 5660, 2412, 2437, 5320]}
0 0 0 0 1 1 1 1  1783357674328509924
{'names': ['NU-AP06164', 'NU-AP06163', 'NU-AP06163', 'NU-AP06164', 'NU-AP06167', 'NU-AP06165', 'NU-AP06167', 'NU-AP06162'], 'addresses': ['48:00:b3:5f:72:e0', '48:00:b3:5f:46:a0', '48:00:b3:5f:46:ae', '48:00:b3:5f:72:ef', '48:00:b3:5e:0b:ef', '48:00:b3:5e:17:c2', '48:00:b3:5e:0b:e0', '48:00:b3:5a:90:8d'], 'ssids': ['iotroam', 'iotroam', 'eduroam', 'iotroam', 'iotroam', 'VU-Campusnet', 'iotroam', 'VU-Campusnet'], 'signals': [-55, -54, -60, -65, -75, -74, -63, -82], 'timestamps': [1.7833576723478205e+18, 1.7833576725008207e+18, 1.7833576739138207e+18, 1.78335767417651e+18, 1.7833576709718205e+18, 1.7833576721848207e+18, 1.7833576723518208e+18, 1.7833576699352607e+18], 'frequencies': [2437, 2462, 5500, 5540, 5660, 2412, 2437, 5320]}
0 0 0 0 1 1 0 0  1783357675000953115
{'names': ['NU-AP06164', 'NU-AP06163', 'NU-AP06163', 'NU-AP06164', 'NU-AP06167', 'NU-AP06165', 'NU-AP06167', 'NU-AP06162'], 'addresses': ['48:00:b3:5f:72:e0', '48:00:b3:5f:46:a0', '48:00:b3:5f:46:ae', '48:00:b3:5f:72:ef', '48:00:b3:5e:0b:ef', '48:00:b3:5e:17:c2', '48:00:b3:5e:0b:e0', '48:00:b3:5a:90:8d'], 'ssids': ['iotroam', 'iotroam', 'eduroam', 'iotroam', 'iotroam', 'VU-Campusnet', 'iotroam', 'VU-Campusnet'], 'signals': [-55, -54, -60, -65, -76, -74, -63, -82], 'timestamps': [1.7833576723478205e+18, 1.7833576725008207e+18, 1.7833576739138207e+18, 1.78335767417651e+18, 1.783357674964953e+18, 1.7833576721848207e+18, 1.7833576723518208e+18, 1.7833576699352607e+18], 'frequencies': [2437, 2462, 5500, 5540, 5660, 2412, 2437, 5320]}
1 1 0 0 0 0 0 0  1783357676179983545
{'names': ['NU-AP06164', 'NU-AP06163', 'NU-AP06163', 'NU-AP06164', 'NU-AP06167', 'NU-AP06165', 'NU-AP06167'], 'addresses': ['48:00:b3:5f:72:e0', '48:00:b3:5f:46:a0', '48:00:b3:5f:46:ae', '48:00:b3:5f:72:ef', '48:00:b3:5e:0b:ef', '48:00:b3:5e:17:c1', '48:00:b3:5e:0b:e0'], 'ssids': ['iotroam', 'iotroam', 'eduroam', 'iotroam', 'iotroam', 'eduroam', 'iotroam'], 'signals': [-55, -54, -60, -65, -76, -75, -63], 'timestamps': [1.7833576723478205e+18, 1.7833576725008207e+18, 1.7833576739138207e+18, 1.78335767417651e+18, 1.783357674964953e+18, 1.7833576761719836e+18, 1.7833576723518208e+18], 'frequencies': [2437, 2462, 5500, 5540, 5660, 2412, 2437]}
1 1 0 0 1 1 0 0  1783357676329141505
{'names': ['NU-AP06164', 'NU-AP06163', 'NU-AP06163', 'NU-AP06164', 'NU-AP06167', 'NU-AP06165', 'NU-AP06167'], 'addresses': ['48:00:b3:5f:72:e0', '48:00:b3:5f:46:a0', '48:00:b3:5f:46:ae', '48:00:b3:5f:72:ef', '48:00:b3:5e:0b:ef', '48:00:b3:5e:17:c1', '48:00:b3:5e:0b:e0'], 'ssids': ['iotroam', 'iotroam', 'eduroam', 'iotroam', 'iotroam', 'eduroam', 'iotroam'], 'signals': [-55, -54, -60, -65, -76, -75, -63], 'timestamps': [1.7833576723478205e+18, 1.7833576725008207e+18, 1.7833576739138207e+18, 1.78335767417651e+18, 1.7833576749651415e+18, 1.7833576761731415e+18, 1.7833576723518208e+18], 'frequencies': [2437, 2462, 5500, 5540, 5660, 2412, 2437]}
2 2 2 2 0 0 0 0  1783357676400525056
{'names': ['NU-AP06164', 'NU-AP06163', 'NU-AP06163', 'NU-AP06164', 'NU-AP06167', 'NU-AP06165', 'NU-AP06167'], 'addresses': ['48:00:b3:5f:72:e0', '48:00:b3:5f:46:a0', '48:00:b3:5f:46:ae', '48:00:b3:5f:72:ef', '48:00:b3:5e:0b:ef', '48:00:b3:5e:17:c1', '48:00:b3:5e:0b:e2'], 'ssids': ['iotroam', 'iotroam', 'eduroam', 'iotroam', 'iotroam', 'eduroam', 'VU-Campusnet'], 'signals': [-55, -54, -60, -65, -76, -75, -63], 'timestamps': [1.783357676340525e+18, 1.7833576725008207e+18, 1.7833576739138207e+18, 1.78335767417651e+18, 1.7833576749651415e+18, 1.7833576761731415e+18, 1.783357676343525e+18], 'frequencies': [2437, 2462, 5500, 5540, 5660, 2412, 2437]}
2 2 1 1 0 0 0 0  1783357676543270343
{'names': ['NU-AP06164', 'NU-AP06163', 'NU-AP06163', 'NU-AP06164', 'NU-AP06167', 'NU-AP06165', 'NU-AP06167', 'NU-AP06162'], 'addresses': ['48:00:b3:5f:72:e0', '48:00:b3:5f:46:a0', '48:00:b3:5f:46:ae', '48:00:b3:5f:72:ef', '48:00:b3:5e:0b:ef', '48:00:b3:5e:17:c1', '48:00:b3:5e:0b:e2', '48:00:b3:5a:90:82'], 'ssids': ['iotroam', 'iotroam', 'eduroam', 'iotroam', 'iotroam', 'eduroam', 'VU-Campusnet', 'VU-Campusnet'], 'signals': [-55, -54, -60, -65, -76, -75, -63, -78], 'timestamps': [1.783357676340525e+18, 1.7833576764932705e+18, 1.7833576739138207e+18, 1.78335767417651e+18, 1.7833576749651415e+18, 1.7833576761731415e+18, 1.783357676343525e+18, 1.7833576764982705e+18], 'frequencies': [2437, 2462, 5500, 5540, 5660, 2412, 2437, 2462]}
4 4 3 3 0 0 0 0  1783357676766756337
{'names': ['NU-AP06164', 'NU-AP06163', 'NU-AP06163', 'NU-AP06164', 'NU-AP06167', 'NU-AP06165', 'NU-AP06167', 'NU-AP06162'], 'addresses': ['48:00:b3:5f:72:e0', '48:00:b3:5f:46:a0', '48:00:b3:5f:46:ae', '48:00:b3:5f:72:ef', '48:00:b3:5e:0b:ef', '48:00:b3:5e:17:c1', '48:00:b3:5e:0b:e2', '48:00:b3:5a:90:82'], 'ssids': ['iotroam', 'iotroam', 'eduroam', 'iotroam', 'iotroam', 'eduroam', 'VU-Campusnet', 'VU-Campusnet'], 'signals': [-55, -54, -60, -65, -76, -75, -63, -78], 'timestamps': [1.7833576763407565e+18, 1.7833576764937564e+18, 1.7833576739138207e+18, 1.78335767417651e+18, 1.7833576749651415e+18, 1.7833576761731415e+18, 1.7833576763437563e+18, 1.7833576764987564e+18], 'frequencies': [2437, 2462, 5500, 5540, 5660, 2412, 2437, 2462]}
4 4 3 3 0 0 0 0  1783357677657887683
{'names': ['NU-AP06164', 'NU-AP06163', 'NU-AP06163', 'NU-AP06164', 'NU-AP06167', 'NU-AP06165', 'NU-AP06167', 'NU-AP06162'], 'addresses': ['48:00:b3:5f:72:e0', '48:00:b3:5f:46:a0', '48:00:b3:5f:46:ae', '48:00:b3:5f:72:ef', '48:00:b3:5e:0b:ef', '48:00:b3:5e:17:c1', '48:00:b3:5e:0b:e2', '48:00:b3:5a:90:82'], 'ssids': ['iotroam', 'iotroam', 'eduroam', 'iotroam', 'iotroam', 'eduroam', 'VU-Campusnet', 'VU-Campusnet'], 'signals': [-55, -54, -60, -65, -76, -75, -63, -78], 'timestamps': [1.7833576763408878e+18, 1.7833576764938877e+18, 1.7833576739138207e+18, 1.78335767417651e+18, 1.7833576749651415e+18, 1.7833576761731415e+18, 1.783357676343888e+18, 1.7833576764988877e+18], 'frequencies': [2437, 2462, 5500, 5540, 5660, 2412, 2437, 2462]}
0 0 0 0 1 1 1 1  1783357677954571147
{'names': ['NU-AP06164', 'NU-AP06163', 'NU-AP06163', 'NU-AP06164', 'NU-AP06167', 'NU-AP06165', 'NU-AP06167', 'NU-AP06162'], 'addresses': ['48:00:b3:5f:72:e0', '48:00:b3:5f:46:a0', '48:00:b3:5f:46:ae', '48:00:b3:5f:72:ef', '48:00:b3:5e:0b:ef', '48:00:b3:5e:17:c1', '48:00:b3:5e:0b:e2', '48:00:b3:5a:90:82'], 'ssids': ['iotroam', 'iotroam', 'eduroam', 'iotroam', 'iotroam', 'eduroam', 'VU-Campusnet', 'VU-Campusnet'], 'signals': [-55, -54, -60, -65, -76, -75, -63, -78], 'timestamps': [1.7833576763408878e+18, 1.7833576764938877e+18, 1.7833576779055713e+18, 1.78335767417651e+18, 1.7833576749651415e+18, 1.7833576761731415e+18, 1.783357676343888e+18, 1.7833576764988877e+18], 'frequencies': [2437, 2462, 5500, 5540, 5660, 2412, 2437, 2462]}
0 0 0 0 1 1 1 1  1783357678028709577
{'names': ['NU-AP06164', 'NU-AP06163', 'NU-AP06163', 'NU-AP06164', 'NU-AP06167', 'NU-AP06165', 'NU-AP06167', 'NU-AP06162'], 'addresses': ['48:00:b3:5f:72:e0', '48:00:b3:5f:46:a0', '48:00:b3:5f:46:ae', '48:00:b3:5f:72:ef', '48:00:b3:5e:0b:ef', '48:00:b3:5e:17:c1', '48:00:b3:5e:0b:e2', '48:00:b3:5a:90:82'], 'ssids': ['iotroam', 'iotroam', 'eduroam', 'iotroam', 'iotroam', 'eduroam', 'VU-Campusnet', 'VU-Campusnet'], 'signals': [-55, -54, -60, -65, -76, -75, -63, -78], 'timestamps': [1.7833576763408878e+18, 1.7833576764938877e+18, 1.7833576779057096e+18, 1.78335767417651e+18, 1.7833576749651415e+18, 1.7833576761731415e+18, 1.783357676343888e+18, 1.7833576764988877e+18], 'frequencies': [2437, 2462, 5500, 5540, 5660, 2412, 2437, 2462]}
0 0 0 0 2 2 2 2  1783357678176753708
{'names': ['NU-AP06164', 'NU-AP06163', 'NU-AP06163', 'NU-AP06164', 'NU-AP06167', 'NU-AP06165', 'NU-AP06167', 'NU-AP06162'], 'addresses': ['48:00:b3:5f:72:e0', '48:00:b3:5f:46:a0', '48:00:b3:5f:46:ae', '48:00:b3:5f:72:ef', '48:00:b3:5e:0b:ef', '48:00:b3:5e:17:c1', '48:00:b3:5e:0b:e2', '48:00:b3:5a:90:82'], 'ssids': ['iotroam', 'iotroam', 'eduroam', 'iotroam', 'iotroam', 'eduroam', 'VU-Campusnet', 'VU-Campusnet'], 'signals': [-55, -54, -60, -65, -76, -75, -63, -78], 'timestamps': [1.7833576763408878e+18, 1.7833576764938877e+18, 1.7833576779057536e+18, 1.7833576781697536e+18, 1.7833576749651415e+18, 1.7833576761731415e+18, 1.783357676343888e+18, 1.7833576764988877e+18], 'frequencies': [2437, 2462, 5500, 5540, 5660, 2412, 2437, 2462]}
4 4 3 3 2 2 2 2  1783357678622939998
{'names': ['NU-AP06164', 'NU-AP06163', 'NU-AP06163', 'NU-AP06164', 'NU-AP06167', 'NU-AP06165', 'NU-AP06167', 'NU-AP06162'], 'addresses': ['48:00:b3:5f:72:e0', '48:00:b3:5f:46:a0', '48:00:b3:5f:46:ae', '48:00:b3:5f:72:ef', '48:00:b3:5e:0b:ef', '48:00:b3:5e:17:c1', '48:00:b3:5e:0b:e2', '48:00:b3:5a:90:82'], 'ssids': ['iotroam', 'iotroam', 'eduroam', 'iotroam', 'iotroam', 'eduroam', 'VU-Campusnet', 'VU-Campusnet'], 'signals': [-55, -54, -60, -65, -76, -75, -63, -78], 'timestamps': [1.7833576763409398e+18, 1.78335767649394e+18, 1.78335767790594e+18, 1.78335767816994e+18, 1.7833576749651415e+18, 1.7833576761731415e+18, 1.7833576763439398e+18, 1.78335767649894e+18], 'frequencies': [2437, 2462, 5500, 5540, 5660, 2412, 2437, 2462]}
4 4 3 3 2 2 2 2  1783357678918986713
{'names': ['NU-AP06164', 'NU-AP06163', 'NU-AP06163', 'NU-AP06164', 'NU-AP06167', 'NU-AP06165', 'NU-AP06167', 'NU-AP06162'], 'addresses': ['48:00:b3:5f:72:e0', '48:00:b3:5f:46:a0', '48:00:b3:5f:46:ae', '48:00:b3:5f:72:ef', '48:00:b3:5e:0b:ef', '48:00:b3:5e:17:c1', '48:00:b3:5e:0b:e2', '48:00:b3:5a:90:82'], 'ssids': ['iotroam', 'iotroam', 'eduroam', 'iotroam', 'iotroam', 'eduroam', 'VU-Campusnet', 'VU-Campusnet'], 'signals': [-55, -54, -60, -65, -76, -75, -63, -78], 'timestamps': [1.783357676340987e+18, 1.7833576764939868e+18, 1.7833576779059868e+18, 1.7833576781699868e+18, 1.7833576749651415e+18, 1.7833576761731415e+18, 1.7833576763439867e+18, 1.7833576764989868e+18], 'frequencies': [2437, 2462, 5500, 5540, 5660, 2412, 2437, 2462]}
5 5 3 3 3 3 2 2  1783357678997893298
{'names': ['NU-AP06164', 'NU-AP06163', 'NU-AP06163', 'NU-AP06164', 'NU-AP06167', 'NU-AP06165', 'NU-AP06167', 'NU-AP06162'], 'addresses': ['48:00:b3:5f:72:e0', '48:00:b3:5f:46:a0', '48:00:b3:5f:46:ae', '48:00:b3:5f:72:ef', '48:00:b3:5e:0b:ef', '48:00:b3:5e:17:c1', '48:00:b3:5e:0b:e2', '48:00:b3:5a:90:82'], 'ssids': ['iotroam', 'iotroam', 'eduroam', 'iotroam', 'iotroam', 'eduroam', 'VU-Campusnet', 'VU-Campusnet'], 'signals': [-55, -54, -60, -65, -76, -75, -63, -78], 'timestamps': [1.7833576763418934e+18, 1.7833576764948933e+18, 1.7833576779068933e+18, 1.7833576781708933e+18, 1.7833576789588933e+18, 1.7833576761738934e+18, 1.7833576763448934e+18, 1.7833576764998932e+18], 'frequencies': [2437, 2462, 5500, 5540, 5660, 2412, 2437, 2462]}
1 1 0 0 0 0 0 0  1783357680215118609
{'names': ['NU-AP06164', 'NU-AP06163', 'NU-AP06163', 'NU-AP06164', 'NU-AP06167', 'NU-AP06165', 'NU-AP06167', 'NU-AP06162'], 'addresses': ['48:00:b3:5f:72:e0', '48:00:b3:5f:46:a0', '48:00:b3:5f:46:ae', '48:00:b3:5f:72:ef', '48:00:b3:5e:0b:ef', '48:00:b3:5e:17:c2', '48:00:b3:5e:0b:e2', '48:00:b3:5a:90:82'], 'ssids': ['iotroam', 'iotroam', 'eduroam', 'iotroam', 'iotroam', 'VU-Campusnet', 'VU-Campusnet', 'VU-Campusnet'], 'signals': [-55, -54, -60, -65, -76, -75, -63, -78], 'timestamps': [1.7833576763418934e+18, 1.7833576764948933e+18, 1.7833576779068933e+18, 1.7833576781708933e+18, 1.7833576789588933e+18, 1.7833576802131185e+18, 1.7833576763448934e+18, 1.7833576764998932e+18], 'frequencies': [2437, 2462, 5500, 5540, 5660, 2412, 2437, 2462]}
1 1 0 0 0 0 0 0  1783357680285952143
{'names': ['NU-AP06164', 'NU-AP06163', 'NU-AP06163', 'NU-AP06164', 'NU-AP06167', 'NU-AP06165', 'NU-AP06167', 'NU-AP06162'], 'addresses': ['48:00:b3:5f:72:e0', '48:00:b3:5f:46:a0', '48:00:b3:5f:46:ae', '48:00:b3:5f:72:ef', '48:00:b3:5e:0b:ef', '48:00:b3:5e:17:c2', '48:00:b3:5e:0b:e2', '48:00:b3:5a:90:82'], 'ssids': ['iotroam', 'iotroam', 'eduroam', 'iotroam', 'iotroam', 'VU-Campusnet', 'VU-Campusnet', 'VU-Campusnet'], 'signals': [-55, -54, -60, -65, -76, -75, -63, -78], 'timestamps': [1.7833576763418934e+18, 1.7833576764948933e+18, 1.7833576779068933e+18, 1.7833576781708933e+18, 1.7833576789588933e+18, 1.7833576802159524e+18, 1.7833576763448934e+18, 1.7833576764998932e+18], 'frequencies': [2437, 2462, 5500, 5540, 5660, 2412, 2437, 2462]}
2 2 2 2 0 0 0 0  1783357680429827407
{'names': ['NU-AP06164', 'NU-AP06163', 'NU-AP06163', 'NU-AP06164', 'NU-AP06167', 'NU-AP06165', 'NU-AP06167', 'NU-AP06162'], 'addresses': ['48:00:b3:5f:72:e0', '48:00:b3:5f:46:a0', '48:00:b3:5f:46:ae', '48:00:b3:5f:72:ef', '48:00:b3:5e:0b:ef', '48:00:b3:5e:17:c2', '48:00:b3:5e:0b:e0', '48:00:b3:5a:90:82'], 'ssids': ['iotroam', 'iotroam', 'eduroam', 'iotroam', 'iotroam', 'VU-Campusnet', 'iotroam', 'VU-Campusnet'], 'signals': [-55, -54, -60, -65, -76, -75, -63, -78], 'timestamps': [1.7833576803598275e+18, 1.7833576764948933e+18, 1.7833576779068933e+18, 1.7833576781708933e+18, 1.7833576789588933e+18, 1.7833576802159524e+18, 1.7833576803598275e+18, 1.7833576764998932e+18], 'frequencies': [2437, 2462, 5500, 5540, 5660, 2412, 2437, 2462]}
1 1 1 1 0 0 0 0  1783357680581238681
{'names': ['NU-AP06164', 'NU-AP06163', 'NU-AP06163', 'NU-AP06164', 'NU-AP06167', 'NU-AP06165', 'NU-AP06167', 'NU-AP06162'], 'addresses': ['48:00:b3:5f:72:e0', '48:00:b3:5f:46:a0', '48:00:b3:5f:46:ae', '48:00:b3:5f:72:ef', '48:00:b3:5e:0b:ef', '48:00:b3:5e:17:c2', '48:00:b3:5e:0b:e0', '48:00:b3:5a:90:82'], 'ssids': ['iotroam', 'iotroam', 'eduroam', 'iotroam', 'iotroam', 'VU-Campusnet', 'iotroam', 'VU-Campusnet'], 'signals': [-55, -55, -60, -65, -76, -75, -63, -78], 'timestamps': [1.7833576803598275e+18, 1.7833576805182387e+18, 1.7833576779068933e+18, 1.7833576781708933e+18, 1.7833576789588933e+18, 1.7833576802159524e+18, 1.7833576803598275e+18, 1.7833576764998932e+18], 'frequencies': [2437, 2462, 5500, 5540, 5660, 2412, 2437, 2462]}
3 3 3 3 0 0 0 0  1783357680657861090
{'names': ['NU-AP06164', 'NU-AP06163', 'NU-AP06163', 'NU-AP06164', 'NU-AP06167', 'NU-AP06165', 'NU-AP06167', 'NU-AP06162'], 'addresses': ['48:00:b3:5f:72:e0', '48:00:b3:5f:46:a0', '48:00:b3:5f:46:ae', '48:00:b3:5f:72:ef', '48:00:b3:5e:0b:ef', '48:00:b3:5e:17:c2', '48:00:b3:5e:0b:e0', '48:00:b3:5a:90:82'], 'ssids': ['iotroam', 'iotroam', 'eduroam', 'iotroam', 'iotroam', 'VU-Campusnet', 'iotroam', 'VU-Campusnet'], 'signals': [-55, -55, -60, -65, -76, -75, -63, -78], 'timestamps': [1.7833576803598612e+18, 1.783357680518861e+18, 1.7833576779068933e+18, 1.7833576781708933e+18, 1.7833576789588933e+18, 1.7833576802159524e+18, 1.7833576803598612e+18, 1.7833576764998932e+18], 'frequencies': [2437, 2462, 5500, 5540, 5660, 2412, 2437, 2462]}
4 4 3 3 0 0 0 0  1783357680884571279
{'names': ['NU-AP06164', 'NU-AP06163', 'NU-AP06163', 'NU-AP06164', 'NU-AP06167', 'NU-AP06165', 'NU-AP06167', 'NU-AP06162'], 'addresses': ['48:00:b3:5f:72:e0', '48:00:b3:5f:46:a0', '48:00:b3:5f:46:ae', '48:00:b3:5f:72:ef', '48:00:b3:5e:0b:ef', '48:00:b3:5e:17:c2', '48:00:b3:5e:0b:e0', '48:00:b3:5a:90:82'], 'ssids': ['iotroam', 'iotroam', 'eduroam', 'iotroam', 'iotroam', 'VU-Campusnet', 'iotroam', 'VU-Campusnet'], 'signals': [-55, -55, -60, -65, -76, -75, -63, -78], 'timestamps': [1.7833576803605714e+18, 1.7833576805195715e+18, 1.7833576779068933e+18, 1.7833576781708933e+18, 1.7833576789588933e+18, 1.7833576802165714e+18, 1.7833576803605714e+18, 1.7833576764998932e+18], 'frequencies': [2437, 2462, 5500, 5540, 5660, 2412, 2437, 2462]}
5 5 3 3 3 3 2 2  1783357681009742962
{'names': ['NU-AP06164', 'NU-AP06163', 'NU-AP06163', 'NU-AP06164', 'NU-AP06167', 'NU-AP06165', 'NU-AP06167', 'NU-AP06162'], 'addresses': ['48:00:b3:5f:72:e0', '48:00:b3:5f:46:a0', '48:00:b3:5f:46:ae', '48:00:b3:5f:72:ef', '48:00:b3:5e:0b:ef', '48:00:b3:5e:17:c2', '48:00:b3:5e:0b:e0', '48:00:b3:5a:90:82'], 'ssids': ['iotroam', 'iotroam', 'eduroam', 'iotroam', 'iotroam', 'VU-Campusnet', 'iotroam', 'VU-Campusnet'], 'signals': [-55, -55, -60, -65, -76, -75, -63, -78], 'timestamps': [1.783357680404743e+18, 1.7833576805637427e+18, 1.7833576779507428e+18, 1.7833576782147428e+18, 1.7833576790027428e+18, 1.783357680260743e+18, 1.783357680404743e+18, 1.783357676543743e+18], 'frequencies': [2437, 2462, 5500, 5540, 5660, 2412, 2437, 2462]}
