2 2 1 1 1 1 1 1 1783359899300883839
{'names': ['NU-AP06163', 'NU-AP06165'], 'addresses': ['48:00:b3:5f:46:a0', '48:00:b3:5e:17:c0'], 'ssids': ['iotroam', 'iotroam'], 'signals': [-60, -75], 'timestamps': [1.7833598992938836e+18, 1.7833598992928837e+18], 'frequencies': [2412, 2412]}
2 2 1 1 1 1 1 1 1783359899356943491
{'names': ['NU-AP06163', 'NU-AP06165'], 'addresses': ['48:00:b3:5f:46:a0', '48:00:b3:5e:17:c0'], 'ssids': ['iotroam', 'iotroam'], 'signals': [-60, -75], 'timestamps': [1.7833598992939436e+18, 1.7833598992929436e+18], 'frequencies': [2412, 2412]}
0 0 0 0 1 1 1 1 1783359899410694363
{'names': ['NU-AP06163', 'NU-AP06165'], 'addresses': ['48:00:b3:5f:46:a0', '48:00:b3:5e:17:c0'], 'ssids': ['iotroam', 'iotroam'], 'signals': [-60, -75], 'timestamps': [1.7833598992939436e+18, 1.7833598992929436e+18], 'frequencies': [2412, 2412]}
2 2 2 2 1 1 1 1 1783359899461170240
{'names': ['NU-AP06163', 'NU-AP06165', 'NU-AP06167', 'NU-AP06164'], 'addresses': ['48:00:b3:5f:46:a0', '48:00:b3:5e:17:c0', '48:00:b3:5e:0b:e0', '48:00:b3:5f:72:e0'], 'ssids': ['iotroam', 'iotroam', 'iotroam', 'iotroam'], 'signals': [-60, -75, -66, -55], 'timestamps': [1.7833598992939436e+18, 1.7833598992929436e+18, 1.7833598994451702e+18, 1.7833598994371702e+18], 'frequencies': [2412, 2412, 2437, 2437]}
4 4 3 3 1 1 1 1 1783359899517036554
{'names': ['NU-AP06163', 'NU-AP06165', 'NU-AP06167', 'NU-AP06164'], 'addresses': ['48:00:b3:5f:46:a0', '48:00:b3:5e:17:c0', '48:00:b3:5e:0b:e0', '48:00:b3:5f:72:e0'], 'ssids': ['iotroam', 'iotroam', 'iotroam', 'iotroam'], 'signals': [-60, -75, -66, -55], 'timestamps': [1.7833598992940365e+18, 1.7833598992930365e+18, 1.7833598994460365e+18, 1.7833598994380365e+18], 'frequencies': [2412, 2412, 2437, 2437]}
0 0 0 0 1 1 1 1 1783359899572188025
{'names': ['NU-AP06163', 'NU-AP06165', 'NU-AP06167', 'NU-AP06164'], 'addresses': ['48:00:b3:5f:46:a0', '48:00:b3:5e:17:c0', '48:00:b3:5e:0b:e0', '48:00:b3:5f:72:e0'], 'ssids': ['iotroam', 'iotroam', 'iotroam', 'iotroam'], 'signals': [-60, -75, -66, -55], 'timestamps': [1.7833598992940365e+18, 1.7833598992930365e+18, 1.7833598994460365e+18, 1.7833598994380365e+18], 'frequencies': [2412, 2412, 2437, 2437]}
0 0 0 0 1 1 1 1 1783359899627545319
{'names': ['NU-AP06163', 'NU-AP06165', 'NU-AP06167', 'NU-AP06164'], 'addresses': ['48:00:b3:5f:46:a0', '48:00:b3:5e:17:c0', '48:00:b3:5e:0b:e0', '48:00:b3:5f:72:e0'], 'ssids': ['iotroam', 'iotroam', 'iotroam', 'iotroam'], 'signals': [-60, -75, -66, -55], 'timestamps': [1.7833598992940365e+18, 1.7833598992930365e+18, 1.7833598994460365e+18, 1.7833598994380365e+18], 'frequencies': [2412, 2412, 2437, 2437]}
4 4 3 3 1 1 1 1 1783359899682127453
{'names': ['NU-AP06163', 'NU-AP06165', 'NU-AP06167', 'NU-AP06164'], 'addresses': ['48:00:b3:5f:46:a0', '48:00:b3:5e:17:c0', '48:00:b3:5e:0b:e0', '48:00:b3:5f:72:e0'], 'ssids': ['iotroam', 'iotroam', 'iotroam', 'iotroam'], 'signals': [-60, -75, -66, -55], 'timestamps': [1.7833598992941274e+18, 1.7833598992931274e+18, 1.7833598994461274e+18, 1.7833598994381274e+18], 'frequencies': [2412, 2412, 2437, 2437]}
0 0 0 0 1 1 1 1 1783359899738809940
{'names': ['NU-AP06163', 'NU-AP06165', 'NU-AP06167', 'NU-AP06164'], 'addresses': ['48:00:b3:5f:46:a0', '48:00:b3:5e:17:c0', '48:00:b3:5e:0b:e0', '48:00:b3:5f:72:e0'], 'ssids': ['iotroam', 'iotroam', 'iotroam', 'iotroam'], 'signals': [-60, -75, -66, -55], 'timestamps': [1.7833598992941274e+18, 1.7833598992931274e+18, 1.7833598994461274e+18, 1.7833598994381274e+18], 'frequencies': [2412, 2412, 2437, 2437]}
0 0 0 0 1 1 1 1 1783359899793532313
{'names': ['NU-AP06163', 'NU-AP06165', 'NU-AP06167', 'NU-AP06164'], 'addresses': ['48:00:b3:5f:46:a0', '48:00:b3:5e:17:c0', '48:00:b3:5e:0b:e0', '48:00:b3:5f:72:e0'], 'ssids': ['iotroam', 'iotroam', 'iotroam', 'iotroam'], 'signals': [-60, -75, -66, -55], 'timestamps': [1.7833598992941274e+18, 1.7833598992931274e+18, 1.7833598994461274e+18, 1.7833598994381274e+18], 'frequencies': [2412, 2412, 2437, 2437]}
0 0 0 0 1 1 1 1 1783359899848971611
{'names': ['NU-AP06163', 'NU-AP06165', 'NU-AP06167', 'NU-AP06164'], 'addresses': ['48:00:b3:5f:46:a0', '48:00:b3:5e:17:c0', '48:00:b3:5e:0b:e0', '48:00:b3:5f:72:e0'], 'ssids': ['iotroam', 'iotroam', 'iotroam', 'iotroam'], 'signals': [-60, -75, -66, -55], 'timestamps': [1.7833598992941274e+18, 1.7833598992931274e+18, 1.7833598994461274e+18, 1.7833598994381274e+18], 'frequencies': [2412, 2412, 2437, 2437]}
0 0 0 0 1 1 1 1 1783359899905779130
{'names': ['NU-AP06163', 'NU-AP06165', 'NU-AP06167', 'NU-AP06164'], 'addresses': ['48:00:b3:5f:46:a0', '48:00:b3:5e:17:c0', '48:00:b3:5e:0b:e0', '48:00:b3:5f:72:e0'], 'ssids': ['iotroam', 'iotroam', 'iotroam', 'iotroam'], 'signals': [-60, -75, -66, -55], 'timestamps': [1.7833598992941274e+18, 1.7833598992931274e+18, 1.7833598994461274e+18, 1.7833598994381274e+18], 'frequencies': [2412, 2412, 2437, 2437]}
0 0 0 0 1 1 1 1 1783359899961532798
{'names': ['NU-AP06163', 'NU-AP06165', 'NU-AP06167', 'NU-AP06164'], 'addresses': ['48:00:b3:5f:46:a0', '48:00:b3:5e:17:c0', '48:00:b3:5e:0b:e0', '48:00:b3:5f:72:e0'], 'ssids': ['iotroam', 'iotroam', 'iotroam', 'iotroam'], 'signals': [-60, -75, -66, -55], 'timestamps': [1.7833598992941274e+18, 1.7833598992931274e+18, 1.7833598994461274e+18, 1.7833598994381274e+18], 'frequencies': [2412, 2412, 2437, 2437]}
4 4 3 3 1 1 1 1 1783359900017921498
{'names': ['NU-AP06163', 'NU-AP06165', 'NU-AP06167', 'NU-AP06164'], 'addresses': ['48:00:b3:5f:46:a0', '48:00:b3:5e:17:c0', '48:00:b3:5e:0b:e0', '48:00:b3:5f:72:e0'], 'ssids': ['iotroam', 'iotroam', 'iotroam', 'iotroam'], 'signals': [-60, -75, -66, -55], 'timestamps': [1.7833598992949215e+18, 1.7833598992939215e+18, 1.7833598994469215e+18, 1.7833598994389215e+18], 'frequencies': [2412, 2412, 2437, 2437]}
0 0 0 0 1 1 1 1 1783359900074131705
{'names': ['NU-AP06163', 'NU-AP06165', 'NU-AP06167', 'NU-AP06164'], 'addresses': ['48:00:b3:5f:46:a0', '48:00:b3:5e:17:c0', '48:00:b3:5e:0b:e0', '48:00:b3:5f:72:e0'], 'ssids': ['iotroam', 'iotroam', 'iotroam', 'iotroam'], 'signals': [-60, -75, -66, -55], 'timestamps': [1.7833598992949215e+18, 1.7833598992939215e+18, 1.7833598994469215e+18, 1.7833598994389215e+18], 'frequencies': [2412, 2412, 2437, 2437]}
0 0 0 0 1 1 1 1 1783359900129529561
{'names': ['NU-AP06163', 'NU-AP06165', 'NU-AP06167', 'NU-AP06164'], 'addresses': ['48:00:b3:5f:46:a0', '48:00:b3:5e:17:c0', '48:00:b3:5e:0b:e0', '48:00:b3:5f:72:e0'], 'ssids': ['iotroam', 'iotroam', 'iotroam', 'iotroam'], 'signals': [-60, -75, -66, -55], 'timestamps': [1.7833598992949215e+18, 1.7833598992939215e+18, 1.7833598994469215e+18, 1.7833598994389215e+18], 'frequencies': [2412, 2412, 2437, 2437]}
0 0 0 0 1 1 1 1 1783359900186607278
{'names': ['NU-AP06163', 'NU-AP06165', 'NU-AP06167', 'NU-AP06164'], 'addresses': ['48:00:b3:5f:46:a0', '48:00:b3:5e:17:c0', '48:00:b3:5e:0b:e0', '48:00:b3:5f:72:e0'], 'ssids': ['iotroam', 'iotroam', 'iotroam', 'iotroam'], 'signals': [-60, -75, -66, -55], 'timestamps': [1.7833598992949215e+18, 1.7833598992939215e+18, 1.7833598994469215e+18, 1.7833598994389215e+18], 'frequencies': [2412, 2412, 2437, 2437]}
0 0 0 0 1 1 1 1 1783359900240664671
{'names': ['NU-AP06163', 'NU-AP06165', 'NU-AP06167', 'NU-AP06164'], 'addresses': ['48:00:b3:5f:46:a0', '48:00:b3:5e:17:c0', '48:00:b3:5e:0b:e0', '48:00:b3:5f:72:e0'], 'ssids': ['iotroam', 'iotroam', 'iotroam', 'iotroam'], 'signals': [-60, -75, -66, -55], 'timestamps': [1.7833598992949215e+18, 1.7833598992939215e+18, 1.7833598994469215e+18, 1.7833598994389215e+18], 'frequencies': [2412, 2412, 2437, 2437]}
0 0 0 0 1 1 1 1 1783359900297131596
{'names': ['NU-AP06163', 'NU-AP06165', 'NU-AP06167', 'NU-AP06164'], 'addresses': ['48:00:b3:5f:46:a0', '48:00:b3:5e:17:c0', '48:00:b3:5e:0b:e0', '48:00:b3:5f:72:e0'], 'ssids': ['iotroam', 'iotroam', 'iotroam', 'iotroam'], 'signals': [-60, -75, -66, -55], 'timestamps': [1.7833598992949215e+18, 1.7833598992939215e+18, 1.7833598994469215e+18, 1.7833598994389215e+18], 'frequencies': [2412, 2412, 2437, 2437]}
0 0 0 0 1 1 1 1 1783359900353440687
{'names': ['NU-AP06163', 'NU-AP06165', 'NU-AP06167', 'NU-AP06164'], 'addresses': ['48:00:b3:5f:46:a0', '48:00:b3:5e:17:c0', '48:00:b3:5e:0b:e0', '48:00:b3:5f:72:e0'], 'ssids': ['iotroam', 'iotroam', 'iotroam', 'iotroam'], 'signals': [-60, -75, -66, -55], 'timestamps': [1.7833598992949215e+18, 1.7833598992939215e+18, 1.7833598994469215e+18, 1.7833598994389215e+18], 'frequencies': [2412, 2412, 2437, 2437]}
0 0 0 0 1 1 1 1 1783359900408815324
{'names': ['NU-AP06163', 'NU-AP06165', 'NU-AP06167', 'NU-AP06164'], 'addresses': ['48:00:b3:5f:46:a0', '48:00:b3:5e:17:c0', '48:00:b3:5e:0b:e0', '48:00:b3:5f:72:e0'], 'ssids': ['iotroam', 'iotroam', 'iotroam', 'iotroam'], 'signals': [-60, -75, -66, -55], 'timestamps': [1.7833598992949215e+18, 1.7833598992939215e+18, 1.7833598994469215e+18, 1.7833598994389215e+18], 'frequencies': [2412, 2412, 2437, 2437]}
0 0 0 0 1 1 1 1 1783359900465818438
{'names': ['NU-AP06163', 'NU-AP06165', 'NU-AP06167', 'NU-AP06164'], 'addresses': ['48:00:b3:5f:46:a0', '48:00:b3:5e:17:c0', '48:00:b3:5e:0b:e0', '48:00:b3:5f:72:e0'], 'ssids': ['iotroam', 'iotroam', 'iotroam', 'iotroam'], 'signals': [-60, -75, -66, -55], 'timestamps': [1.7833598992949215e+18, 1.7833598992939215e+18, 1.7833598994469215e+18, 1.7833598994389215e+18], 'frequencies': [2412, 2412, 2437, 2437]}
0 0 0 0 1 1 1 1 1783359900521544207
{'names': ['NU-AP06163', 'NU-AP06165', 'NU-AP06167', 'NU-AP06164'], 'addresses': ['48:00:b3:5f:46:a0', '48:00:b3:5e:17:c0', '48:00:b3:5e:0b:e0', '48:00:b3:5f:72:e0'], 'ssids': ['iotroam', 'iotroam', 'iotroam', 'iotroam'], 'signals': [-60, -75, -66, -55], 'timestamps': [1.7833598992949215e+18, 1.7833598992939215e+18, 1.7833598994469215e+18, 1.7833598994389215e+18], 'frequencies': [2412, 2412, 2437, 2437]}
0 0 0 0 1 1 1 1 1783359900575759393
{'names': ['NU-AP06163', 'NU-AP06165', 'NU-AP06167', 'NU-AP06164'], 'addresses': ['48:00:b3:5f:46:a0', '48:00:b3:5e:17:c0', '48:00:b3:5e:0b:e0', '48:00:b3:5f:72:e0'], 'ssids': ['iotroam', 'iotroam', 'iotroam', 'iotroam'], 'signals': [-60, -75, -66, -55], 'timestamps': [1.7833598992949215e+18, 1.7833598992939215e+18, 1.7833598994469215e+18, 1.7833598994389215e+18], 'frequencies': [2412, 2412, 2437, 2437]}
0 0 0 0 1 1 1 1 1783359900632791234
{'names': ['NU-AP06163', 'NU-AP06165', 'NU-AP06167', 'NU-AP06164'], 'addresses': ['48:00:b3:5f:46:a0', '48:00:b3:5e:17:c0', '48:00:b3:5e:0b:e0', '48:00:b3:5f:72:e0'], 'ssids': ['iotroam', 'iotroam', 'iotroam', 'iotroam'], 'signals': [-60, -75, -66, -55], 'timestamps': [1.7833598992949215e+18, 1.7833598992939215e+18, 1.7833598994469215e+18, 1.7833598994389215e+18], 'frequencies': [2412, 2412, 2437, 2437]}
0 0 0 0 1 1 1 1 1783359900689634071
{'names': ['NU-AP06163', 'NU-AP06165', 'NU-AP06167', 'NU-AP06164'], 'addresses': ['48:00:b3:5f:46:a0', '48:00:b3:5e:17:c0', '48:00:b3:5e:0b:e0', '48:00:b3:5f:72:e0'], 'ssids': ['iotroam', 'iotroam', 'iotroam', 'iotroam'], 'signals': [-60, -75, -66, -55], 'timestamps': [1.7833598992949215e+18, 1.7833598992939215e+18, 1.7833598994469215e+18, 1.7833598994389215e+18], 'frequencies': [2412, 2412, 2437, 2437]}
0 0 0 0 1 1 1 1 1783359900745905840
{'names': ['NU-AP06163', 'NU-AP06165', 'NU-AP06167', 'NU-AP06164'], 'addresses': ['48:00:b3:5f:46:a0', '48:00:b3:5e:17:c0', '48:00:b3:5e:0b:e0', '48:00:b3:5f:72:e0'], 'ssids': ['iotroam', 'iotroam', 'iotroam', 'iotroam'], 'signals': [-60, -75, -66, -55], 'timestamps': [1.7833598992949215e+18, 1.7833598992939215e+18, 1.7833598994469215e+18, 1.7833598994389215e+18], 'frequencies': [2412, 2412, 2437, 2437]}
0 0 0 0 1 1 1 1 1783359900801171806
{'names': ['NU-AP06163', 'NU-AP06165', 'NU-AP06167', 'NU-AP06164'], 'addresses': ['48:00:b3:5f:46:a0', '48:00:b3:5e:17:c0', '48:00:b3:5e:0b:e0', '48:00:b3:5f:72:e0'], 'ssids': ['iotroam', 'iotroam', 'iotroam', 'iotroam'], 'signals': [-60, -75, -66, -55], 'timestamps': [1.7833598992949215e+18, 1.7833598992939215e+18, 1.7833598994469215e+18, 1.7833598994389215e+18], 'frequencies': [2412, 2412, 2437, 2437]}
0 0 0 0 1 1 1 1 1783359900857661435
{'names': ['NU-AP06163', 'NU-AP06165', 'NU-AP06167', 'NU-AP06164'], 'addresses': ['48:00:b3:5f:46:a0', '48:00:b3:5e:17:c0', '48:00:b3:5e:0b:e0', '48:00:b3:5f:72:e0'], 'ssids': ['iotroam', 'iotroam', 'iotroam', 'iotroam'], 'signals': [-60, -75, -66, -55], 'timestamps': [1.7833598992949215e+18, 1.7833598992939215e+18, 1.7833598994469215e+18, 1.7833598994389215e+18], 'frequencies': [2412, 2412, 2437, 2437]}
0 0 0 0 1 1 1 1 1783359900912685943
{'names': ['NU-AP06163', 'NU-AP06165', 'NU-AP06167', 'NU-AP06164'], 'addresses': ['48:00:b3:5f:46:a0', '48:00:b3:5e:17:c0', '48:00:b3:5e:0b:e0', '48:00:b3:5f:72:e0'], 'ssids': ['iotroam', 'iotroam', 'iotroam', 'iotroam'], 'signals': [-60, -75, -66, -55], 'timestamps': [1.7833598992949215e+18, 1.7833598992939215e+18, 1.7833598994469215e+18, 1.7833598994389215e+18], 'frequencies': [2412, 2412, 2437, 2437]}
0 0 0 0 1 1 1 1 1783359900970448416
{'names': ['NU-AP06163', 'NU-AP06165', 'NU-AP06167', 'NU-AP06164'], 'addresses': ['48:00:b3:5f:46:a0', '48:00:b3:5e:17:c0', '48:00:b3:5e:0b:e0', '48:00:b3:5f:72:e0'], 'ssids': ['iotroam', 'iotroam', 'iotroam', 'iotroam'], 'signals': [-60, -75, -66, -55], 'timestamps': [1.7833598992949215e+18, 1.7833598992939215e+18, 1.7833598994469215e+18, 1.7833598994389215e+18], 'frequencies': [2412, 2412, 2437, 2437]}
0 0 0 0 1 1 1 1 1783359901026114531
{'names': ['NU-AP06163', 'NU-AP06165', 'NU-AP06167', 'NU-AP06164'], 'addresses': ['48:00:b3:5f:46:a0', '48:00:b3:5e:17:c0', '48:00:b3:5e:0b:e0', '48:00:b3:5f:72:e0'], 'ssids': ['iotroam', 'iotroam', 'iotroam', 'iotroam'], 'signals': [-60, -75, -66, -55], 'timestamps': [1.7833598992949215e+18, 1.7833598992939215e+18, 1.7833598994469215e+18, 1.7833598994389215e+18], 'frequencies': [2412, 2412, 2437, 2437]}
0 0 0 0 1 1 1 1 1783359901082230258
{'names': ['NU-AP06163', 'NU-AP06165', 'NU-AP06167', 'NU-AP06164'], 'addresses': ['48:00:b3:5f:46:a0', '48:00:b3:5e:17:c0', '48:00:b3:5e:0b:e0', '48:00:b3:5f:72:e0'], 'ssids': ['iotroam', 'iotroam', 'iotroam', 'iotroam'], 'signals': [-60, -75, -66, -55], 'timestamps': [1.7833598992949215e+18, 1.7833598992939215e+18, 1.7833598994469215e+18, 1.7833598994389215e+18], 'frequencies': [2412, 2412, 2437, 2437]}
0 0 0 0 1 1 1 1 1783359901136896952
{'names': ['NU-AP06163', 'NU-AP06165', 'NU-AP06167', 'NU-AP06164'], 'addresses': ['48:00:b3:5f:46:a0', '48:00:b3:5e:17:c0', '48:00:b3:5e:0b:e0', '48:00:b3:5f:72:e0'], 'ssids': ['iotroam', 'iotroam', 'iotroam', 'iotroam'], 'signals': [-60, -75, -66, -55], 'timestamps': [1.7833598992949215e+18, 1.7833598992939215e+18, 1.7833598994469215e+18, 1.7833598994389215e+18], 'frequencies': [2412, 2412, 2437, 2437]}
0 0 0 0 1 1 1 1 1783359901193630916
{'names': ['NU-AP06163', 'NU-AP06165', 'NU-AP06167', 'NU-AP06164'], 'addresses': ['48:00:b3:5f:46:a0', '48:00:b3:5e:17:c0', '48:00:b3:5e:0b:e0', '48:00:b3:5f:72:e0'], 'ssids': ['iotroam', 'iotroam', 'iotroam', 'iotroam'], 'signals': [-60, -75, -66, -55], 'timestamps': [1.7833598992949215e+18, 1.7833598992939215e+18, 1.7833598994469215e+18, 1.7833598994389215e+18], 'frequencies': [2412, 2412, 2437, 2437]}
0 0 0 0 1 1 1 1 1783359901248402844
{'names': ['NU-AP06163', 'NU-AP06165', 'NU-AP06167', 'NU-AP06164', 'NU-AP06163'], 'addresses': ['48:00:b3:5f:46:a0', '48:00:b3:5e:17:c0', '48:00:b3:5e:0b:e0', '48:00:b3:5f:72:e0', '48:00:b3:5f:46:ae'], 'ssids': ['iotroam', 'iotroam', 'iotroam', 'iotroam', 'eduroam'], 'signals': [-60, -75, -66, -55, -63], 'timestamps': [1.7833598992949215e+18, 1.7833598992939215e+18, 1.7833598994469215e+18, 1.7833598994389215e+18, 1.783359901244403e+18], 'frequencies': [2412, 2412, 2437, 2437, 5500]}
4 4 3 3 1 1 1 1 1783359901366114275
{'names': ['NU-AP06163', 'NU-AP06165', 'NU-AP06167', 'NU-AP06164', 'NU-AP06163'], 'addresses': ['48:00:b3:5f:46:a0', '48:00:b3:5e:17:c0', '48:00:b3:5e:0b:e0', '48:00:b3:5f:72:e0', '48:00:b3:5f:46:ae'], 'ssids': ['iotroam', 'iotroam', 'iotroam', 'iotroam', 'eduroam'], 'signals': [-60, -75, -66, -55, -63], 'timestamps': [1.7833598992951142e+18, 1.7833598992941143e+18, 1.7833598994471142e+18, 1.7833598994391142e+18, 1.7833599012451144e+18], 'frequencies': [2412, 2412, 2437, 2437, 5500]}
0 0 0 0 1 1 1 1 1783359901532800723
{'names': ['NU-AP06163', 'NU-AP06165', 'NU-AP06167', 'NU-AP06164', 'NU-AP06163', 'NU-AP06164'], 'addresses': ['48:00:b3:5f:46:a0', '48:00:b3:5e:17:c0', '48:00:b3:5e:0b:e0', '48:00:b3:5f:72:e0', '48:00:b3:5f:46:ae', '48:00:b3:5f:72:ef'], 'ssids': ['iotroam', 'iotroam', 'iotroam', 'iotroam', 'eduroam', 'iotroam'], 'signals': [-60, -75, -66, -55, -63, -63], 'timestamps': [1.7833598992951142e+18, 1.7833598992941143e+18, 1.7833598994471142e+18, 1.7833598994391142e+18, 1.7833599012451144e+18, 1.7833599015158008e+18], 'frequencies': [2412, 2412, 2437, 2437, 5500, 5540]}
0 0 0 0 1 1 1 1 1783359901650999040
{'names': ['NU-AP06163', 'NU-AP06165', 'NU-AP06167', 'NU-AP06164', 'NU-AP06163', 'NU-AP06164'], 'addresses': ['48:00:b3:5f:46:a0', '48:00:b3:5e:17:c0', '48:00:b3:5e:0b:e0', '48:00:b3:5f:72:e0', '48:00:b3:5f:46:ae', '48:00:b3:5f:72:ef'], 'ssids': ['iotroam', 'iotroam', 'iotroam', 'iotroam', 'eduroam', 'iotroam'], 'signals': [-60, -75, -66, -55, -63, -63], 'timestamps': [1.7833598992951142e+18, 1.7833598992941143e+18, 1.7833598994471142e+18, 1.7833598994391142e+18, 1.7833599012451144e+18, 1.783359901515999e+18], 'frequencies': [2412, 2412, 2437, 2437, 5500, 5540]}
0 0 0 0 1 1 1 1 1783359901711383289
{'names': ['NU-AP06163', 'NU-AP06165', 'NU-AP06167', 'NU-AP06164', 'NU-AP06163', 'NU-AP06164'], 'addresses': ['48:00:b3:5f:46:a0', '48:00:b3:5e:17:c0', '48:00:b3:5e:0b:e0', '48:00:b3:5f:72:e0', '48:00:b3:5f:46:ae', '48:00:b3:5f:72:ef'], 'ssids': ['iotroam', 'iotroam', 'iotroam', 'iotroam', 'eduroam', 'iotroam'], 'signals': [-60, -75, -66, -55, -63, -63], 'timestamps': [1.7833598992951142e+18, 1.7833598992941143e+18, 1.7833598994471142e+18, 1.7833598994391142e+18, 1.7833599012451144e+18, 1.7833599015163832e+18], 'frequencies': [2412, 2412, 2437, 2437, 5500, 5540]}
4 4 3 3 3 3 2 2 1783359902417432196
{'names': ['NU-AP06163', 'NU-AP06165', 'NU-AP06167', 'NU-AP06164', 'NU-AP06163', 'NU-AP06164', 'NU-AP06167'], 'addresses': ['48:00:b3:5f:46:a0', '48:00:b3:5e:17:c0', '48:00:b3:5e:0b:e0', '48:00:b3:5f:72:e0', '48:00:b3:5f:46:ae', '48:00:b3:5f:72:ef', '48:00:b3:5e:0b:ef'], 'ssids': ['iotroam', 'iotroam', 'iotroam', 'iotroam', 'eduroam', 'iotroam', 'iotroam'], 'signals': [-60, -75, -66, -55, -63, -63, -72], 'timestamps': [1.7833598992954322e+18, 1.7833598992944323e+18, 1.7833598994474322e+18, 1.7833598994394322e+18, 1.7833599012454323e+18, 1.7833599015174323e+18, 1.7833599024174323e+18], 'frequencies': [2412, 2412, 2437, 2437, 5500, 5540, 5660]}
0 0 0 0 1 1 0 0 1783359902518222190
{'names': ['NU-AP06163', 'NU-AP06165', 'NU-AP06167', 'NU-AP06164', 'NU-AP06163', 'NU-AP06164', 'NU-AP06167'], 'addresses': ['48:00:b3:5f:46:a0', '48:00:b3:5e:17:c0', '48:00:b3:5e:0b:e0', '48:00:b3:5f:72:e0', '48:00:b3:5f:46:ae', '48:00:b3:5f:72:ef', '48:00:b3:5e:0b:ef'], 'ssids': ['iotroam', 'iotroam', 'iotroam', 'iotroam', 'eduroam', 'iotroam', 'iotroam'], 'signals': [-60, -75, -66, -55, -63, -63, -72], 'timestamps': [1.7833598992954322e+18, 1.7833598992944323e+18, 1.7833598994474322e+18, 1.7833598994394322e+18, 1.7833599012454323e+18, 1.7833599015174323e+18, 1.783359902419222e+18], 'frequencies': [2412, 2412, 2437, 2437, 5500, 5540, 5660]}
2 2 1 1 0 0 0 0 1783359903771825721
{'names': ['NU-AP06163', 'NU-AP06165', 'NU-AP06167', 'NU-AP06164', 'NU-AP06163', 'NU-AP06164', 'NU-AP06167'], 'addresses': ['48:00:b3:5f:46:a0', '48:00:b3:5e:17:c2', '48:00:b3:5e:0b:e0', '48:00:b3:5f:72:e0', '48:00:b3:5f:46:ae', '48:00:b3:5f:72:ef', '48:00:b3:5e:0b:ef'], 'ssids': ['iotroam', 'VU-Campusnet', 'iotroam', 'iotroam', 'eduroam', 'iotroam', 'iotroam'], 'signals': [-60, -73, -66, -55, -63, -63, -72], 'timestamps': [1.7833599037668257e+18, 1.7833599037678257e+18, 1.7833598994474322e+18, 1.7833598994394322e+18, 1.7833599012454323e+18, 1.7833599015174323e+18, 1.783359902419222e+18], 'frequencies': [2412, 2412, 2437, 2437, 5500, 5540, 5660]}
2 2 1 1 0 0 0 0 1783359903839369491
{'names': ['NU-AP06163', 'NU-AP06165', 'NU-AP06167', 'NU-AP06164', 'NU-AP06163', 'NU-AP06164', 'NU-AP06167'], 'addresses': ['48:00:b3:5f:46:a0', '48:00:b3:5e:17:c2', '48:00:b3:5e:0b:e0', '48:00:b3:5f:72:e0', '48:00:b3:5f:46:ae', '48:00:b3:5f:72:ef', '48:00:b3:5e:0b:ef'], 'ssids': ['iotroam', 'VU-Campusnet', 'iotroam', 'iotroam', 'eduroam', 'iotroam', 'iotroam'], 'signals': [-60, -73, -66, -55, -63, -63, -72], 'timestamps': [1.7833599037673695e+18, 1.7833599037683694e+18, 1.7833598994474322e+18, 1.7833598994394322e+18, 1.7833599012454323e+18, 1.7833599015174323e+18, 1.783359902419222e+18], 'frequencies': [2412, 2412, 2437, 2437, 5500, 5540, 5660]}
3 3 2 2 0 0 0 0 1783359903973591232
{'names': ['NU-AP06163', 'NU-AP06165', 'NU-AP06167', 'NU-AP06164', 'NU-AP06163', 'NU-AP06164', 'NU-AP06167'], 'addresses': ['48:00:b3:5f:46:a0', '48:00:b3:5e:17:c2', '48:00:b3:5e:0b:e0', '48:00:b3:5f:72:e0', '48:00:b3:5f:46:ae', '48:00:b3:5f:72:ef', '48:00:b3:5e:0b:ef'], 'ssids': ['iotroam', 'VU-Campusnet', 'iotroam', 'iotroam', 'eduroam', 'iotroam', 'iotroam'], 'signals': [-60, -73, -66, -55, -63, -63, -72], 'timestamps': [1.7833599037675914e+18, 1.7833599037685914e+18, 1.7833599039125914e+18, 1.7833598994394322e+18, 1.7833599012454323e+18, 1.7833599015174323e+18, 1.783359902419222e+18], 'frequencies': [2412, 2412, 2437, 2437, 5500, 5540, 5660]}
4 4 3 3 3 3 2 2 1783359904048589119
{'names': ['NU-AP06163', 'NU-AP06165', 'NU-AP06167', 'NU-AP06164', 'NU-AP06163', 'NU-AP06164', 'NU-AP06167'], 'addresses': ['48:00:b3:5f:46:a0', '48:00:b3:5e:17:c2', '48:00:b3:5e:0b:e0', '48:00:b3:5f:72:e0', '48:00:b3:5f:46:ae', '48:00:b3:5f:72:ef', '48:00:b3:5e:0b:ef'], 'ssids': ['iotroam', 'VU-Campusnet', 'iotroam', 'iotroam', 'eduroam', 'iotroam', 'iotroam'], 'signals': [-60, -73, -66, -55, -63, -63, -72], 'timestamps': [1.783359903768589e+18, 1.783359903769589e+18, 1.783359903913589e+18, 1.783359899439589e+18, 1.783359901245589e+18, 1.783359901517589e+18, 1.783359902419589e+18], 'frequencies': [2412, 2412, 2437, 2437, 5500, 5540, 5660]}
1 0 0 0 0 0 0 0 1783359904122098028
{'names': ['NU-AP06163', 'NU-AP06165', 'NU-AP06167', 'NU-AP06164', 'NU-AP06163', 'NU-AP06164', 'NU-AP06167', 'NU-AP06162'], 'addresses': ['48:00:b3:5f:46:a0', '48:00:b3:5e:17:c2', '48:00:b3:5e:0b:e0', '48:00:b3:5f:72:e0', '48:00:b3:5f:46:ae', '48:00:b3:5f:72:ef', '48:00:b3:5e:0b:ef', '48:00:b3:5a:90:82'], 'ssids': ['iotroam', 'VU-Campusnet', 'iotroam', 'iotroam', 'eduroam', 'iotroam', 'iotroam', 'VU-Campusnet'], 'signals': [-60, -73, -66, -55, -63, -63, -72, -81], 'timestamps': [1.783359903768589e+18, 1.783359903769589e+18, 1.783359903913589e+18, 1.783359899439589e+18, 1.783359901245589e+18, 1.783359901517589e+18, 1.783359902419589e+18, 1.783359904093098e+18], 'frequencies': [2412, 2412, 2437, 2437, 5500, 5540, 5660, 2462]}
1 0 0 0 0 0 0 0 1783359904261154543
{'names': ['NU-AP06163', 'NU-AP06165', 'NU-AP06167', 'NU-AP06164', 'NU-AP06163', 'NU-AP06164', 'NU-AP06167', 'NU-AP06162'], 'addresses': ['48:00:b3:5f:46:a0', '48:00:b3:5e:17:c2', '48:00:b3:5e:0b:e0', '48:00:b3:5f:72:e0', '48:00:b3:5f:46:ae', '48:00:b3:5f:72:ef', '48:00:b3:5e:0b:ef', '48:00:b3:5a:90:82'], 'ssids': ['iotroam', 'VU-Campusnet', 'iotroam', 'iotroam', 'eduroam', 'iotroam', 'iotroam', 'VU-Campusnet'], 'signals': [-60, -73, -66, -55, -63, -63, -72, -81], 'timestamps': [1.783359903768589e+18, 1.783359903769589e+18, 1.783359903913589e+18, 1.783359899439589e+18, 1.783359901245589e+18, 1.783359901517589e+18, 1.783359902419589e+18, 1.7833599040941545e+18], 'frequencies': [2412, 2412, 2437, 2437, 5500, 5540, 5660, 2462]}
5 4 3 3 3 3 2 2 1783359905066740244
{'names': ['NU-AP06163', 'NU-AP06165', 'NU-AP06167', 'NU-AP06164', 'NU-AP06163', 'NU-AP06164', 'NU-AP06167', 'NU-AP06162'], 'addresses': ['48:00:b3:5f:46:a0', '48:00:b3:5e:17:c2', '48:00:b3:5e:0b:e0', '48:00:b3:5f:72:e0', '48:00:b3:5f:46:ae', '48:00:b3:5f:72:ef', '48:00:b3:5e:0b:ef', '48:00:b3:5a:90:82'], 'ssids': ['iotroam', 'VU-Campusnet', 'iotroam', 'iotroam', 'eduroam', 'iotroam', 'iotroam', 'VU-Campusnet'], 'signals': [-60, -73, -66, -55, -63, -63, -72, -81], 'timestamps': [1.7833599037687404e+18, 1.7833599037697403e+18, 1.7833599039137403e+18, 1.7833598994397402e+18, 1.7833599012457403e+18, 1.7833599015177403e+18, 1.7833599024197402e+18, 1.7833599040947402e+18], 'frequencies': [2412, 2412, 2437, 2437, 5500, 5540, 5660, 2462]}
0 0 0 0 1 1 1 1 1783359905736950130
{'names': ['NU-AP06163', 'NU-AP06165', 'NU-AP06167', 'NU-AP06163', 'NU-AP06164', 'NU-AP06167', 'NU-AP06162'], 'addresses': ['48:00:b3:5f:46:a0', '48:00:b3:5e:17:c2', '48:00:b3:5e:0b:e0', '48:00:b3:5f:46:ae', '48:00:b3:5f:72:ef', '48:00:b3:5e:0b:ef', '48:00:b3:5a:90:82'], 'ssids': ['iotroam', 'VU-Campusnet', 'iotroam', 'eduroam', 'iotroam', 'iotroam', 'VU-Campusnet'], 'signals': [-60, -73, -66, -62, -63, -72, -81], 'timestamps': [1.7833599037687404e+18, 1.7833599037697403e+18, 1.7833599039137403e+18, 1.78335990567795e+18, 1.7833599015177403e+18, 1.7833599024197402e+18, 1.7833599040947402e+18], 'frequencies': [2412, 2412, 2437, 5500, 5540, 5660, 2462]}
1 1 1 1 1 1 1 1 1783359905812324738
{'names': ['NU-AP06163', 'NU-AP06165', 'NU-AP06167', 'NU-AP06163', 'NU-AP06164', 'NU-AP06167', 'NU-AP06162'], 'addresses': ['48:00:b3:5f:46:a0', '48:00:b3:5e:17:c2', '48:00:b3:5e:0b:e0', '48:00:b3:5f:46:ae', '48:00:b3:5f:72:ef', '48:00:b3:5e:0b:ef', '48:00:b3:5a:90:82'], 'ssids': ['iotroam', 'VU-Campusnet', 'iotroam', 'eduroam', 'iotroam', 'iotroam', 'VU-Campusnet'], 'signals': [-60, -73, -66, -62, -63, -72, -81], 'timestamps': [1.7833599037687404e+18, 1.7833599037697403e+18, 1.7833599039137403e+18, 1.7833599056783247e+18, 1.7833599015177403e+18, 1.7833599024197402e+18, 1.7833599040947402e+18], 'frequencies': [2412, 2412, 2437, 5500, 5540, 5660, 2462]}
5 4 3 3 3 3 2 2 1783359905893969347
{'names': ['NU-AP06163', 'NU-AP06165', 'NU-AP06167', 'NU-AP06163', 'NU-AP06164', 'NU-AP06167', 'NU-AP06162'], 'addresses': ['48:00:b3:5f:46:a0', '48:00:b3:5e:17:c2', '48:00:b3:5e:0b:e0', '48:00:b3:5f:46:ae', '48:00:b3:5f:72:ef', '48:00:b3:5e:0b:ef', '48:00:b3:5a:90:82'], 'ssids': ['iotroam', 'VU-Campusnet', 'iotroam', 'eduroam', 'iotroam', 'iotroam', 'VU-Campusnet'], 'signals': [-60, -73, -66, -62, -64, -72, -81], 'timestamps': [1.7833599037689695e+18, 1.7833599037699694e+18, 1.7833599039139694e+18, 1.7833599056799693e+18, 1.7833599058789693e+18, 1.7833599024199695e+18, 1.7833599040949693e+18], 'frequencies': [2412, 2412, 2437, 5500, 5540, 5660, 2462]}
1 1 1 1 0 0 0 0 1783359905969752770
{'names': ['NU-AP06163', 'NU-AP06165', 'NU-AP06167', 'NU-AP06163', 'NU-AP06164', 'NU-AP06167', 'NU-AP06162'], 'addresses': ['48:00:b3:5f:46:a0', '48:00:b3:5e:17:c2', '48:00:b3:5e:0b:e0', '48:00:b3:5f:46:ae', '48:00:b3:5f:72:ef', '48:00:b3:5e:0b:ef', '48:00:b3:5a:90:82'], 'ssids': ['iotroam', 'VU-Campusnet', 'iotroam', 'eduroam', 'iotroam', 'iotroam', 'VU-Campusnet'], 'signals': [-60, -73, -66, -62, -64, -72, -81], 'timestamps': [1.7833599037689695e+18, 1.7833599037699694e+18, 1.7833599039139694e+18, 1.7833599056799693e+18, 1.7833599058789693e+18, 1.7833599024199695e+18, 1.7833599040949693e+18], 'frequencies': [2412, 2412, 2437, 5500, 5540, 5660, 2462]}
1 1 1 1 0 0 0 0 1783359906046013399
{'names': ['NU-AP06163', 'NU-AP06165', 'NU-AP06167', 'NU-AP06163', 'NU-AP06164', 'NU-AP06167', 'NU-AP06162'], 'addresses': ['48:00:b3:5f:46:a0', '48:00:b3:5e:17:c2', '48:00:b3:5e:0b:e0', '48:00:b3:5f:46:ae', '48:00:b3:5f:72:ef', '48:00:b3:5e:0b:ef', '48:00:b3:5a:90:82'], 'ssids': ['iotroam', 'VU-Campusnet', 'iotroam', 'eduroam', 'iotroam', 'iotroam', 'VU-Campusnet'], 'signals': [-60, -73, -66, -62, -64, -72, -81], 'timestamps': [1.7833599037689695e+18, 1.7833599037699694e+18, 1.7833599039139694e+18, 1.7833599056799693e+18, 1.7833599058789693e+18, 1.7833599024199695e+18, 1.7833599040949693e+18], 'frequencies': [2412, 2412, 2437, 5500, 5540, 5660, 2462]}
1 1 1 1 0 0 0 0 1783359906121125714
{'names': ['NU-AP06163', 'NU-AP06165', 'NU-AP06167', 'NU-AP06163', 'NU-AP06164', 'NU-AP06167', 'NU-AP06162'], 'addresses': ['48:00:b3:5f:46:a0', '48:00:b3:5e:17:c2', '48:00:b3:5e:0b:e0', '48:00:b3:5f:46:ae', '48:00:b3:5f:72:ef', '48:00:b3:5e:0b:ef', '48:00:b3:5a:90:82'], 'ssids': ['iotroam', 'VU-Campusnet', 'iotroam', 'eduroam', 'iotroam', 'iotroam', 'VU-Campusnet'], 'signals': [-60, -73, -66, -62, -64, -72, -81], 'timestamps': [1.7833599037689695e+18, 1.7833599037699694e+18, 1.7833599039139694e+18, 1.7833599056799693e+18, 1.7833599058789693e+18, 1.7833599024199695e+18, 1.7833599040949693e+18], 'frequencies': [2412, 2412, 2437, 5500, 5540, 5660, 2462]}
1 1 1 1 0 0 0 0 1783359906195025750
{'names': ['NU-AP06163', 'NU-AP06165', 'NU-AP06167', 'NU-AP06163', 'NU-AP06164', 'NU-AP06167', 'NU-AP06162'], 'addresses': ['48:00:b3:5f:46:a0', '48:00:b3:5e:17:c2', '48:00:b3:5e:0b:e0', '48:00:b3:5f:46:ae', '48:00:b3:5f:72:ef', '48:00:b3:5e:0b:ef', '48:00:b3:5a:90:82'], 'ssids': ['iotroam', 'VU-Campusnet', 'iotroam', 'eduroam', 'iotroam', 'iotroam', 'VU-Campusnet'], 'signals': [-60, -73, -66, -62, -64, -72, -81], 'timestamps': [1.7833599037689695e+18, 1.7833599037699694e+18, 1.7833599039139694e+18, 1.7833599056799693e+18, 1.7833599058789693e+18, 1.7833599024199695e+18, 1.7833599040949693e+18], 'frequencies': [2412, 2412, 2437, 5500, 5540, 5660, 2462]}
5 4 3 3 3 3 2 2 1783359906316606336
{'names': ['NU-AP06163', 'NU-AP06165', 'NU-AP06167', 'NU-AP06163', 'NU-AP06164', 'NU-AP06167', 'NU-AP06162'], 'addresses': ['48:00:b3:5f:46:a0', '48:00:b3:5e:17:c2', '48:00:b3:5e:0b:e0', '48:00:b3:5f:46:ae', '48:00:b3:5f:72:ef', '48:00:b3:5e:0b:ef', '48:00:b3:5a:90:82'], 'ssids': ['iotroam', 'VU-Campusnet', 'iotroam', 'eduroam', 'iotroam', 'iotroam', 'VU-Campusnet'], 'signals': [-60, -73, -66, -62, -64, -72, -81], 'timestamps': [1.7833599037756065e+18, 1.7833599037766065e+18, 1.7833599039206065e+18, 1.7833599056866063e+18, 1.7833599058856064e+18, 1.7833599024266066e+18, 1.7833599041016064e+18], 'frequencies': [2412, 2412, 2437, 5500, 5540, 5660, 2462]}
1 1 1 1 0 0 0 0 1783359906420734721
{'names': ['NU-AP06163', 'NU-AP06165', 'NU-AP06167', 'NU-AP06163', 'NU-AP06164', 'NU-AP06167', 'NU-AP06162'], 'addresses': ['48:00:b3:5f:46:a0', '48:00:b3:5e:17:c2', '48:00:b3:5e:0b:e0', '48:00:b3:5f:46:ae', '48:00:b3:5f:72:ef', '48:00:b3:5e:0b:ef', '48:00:b3:5a:90:82'], 'ssids': ['iotroam', 'VU-Campusnet', 'iotroam', 'eduroam', 'iotroam', 'iotroam', 'VU-Campusnet'], 'signals': [-60, -73, -66, -62, -64, -72, -81], 'timestamps': [1.7833599037756065e+18, 1.7833599037766065e+18, 1.7833599039206065e+18, 1.7833599056866063e+18, 1.7833599058856064e+18, 1.7833599024266066e+18, 1.7833599041016064e+18], 'frequencies': [2412, 2412, 2437, 5500, 5540, 5660, 2462]}
1 1 1 1 0 0 0 0 1783359906496292561
{'names': ['NU-AP06163', 'NU-AP06165', 'NU-AP06167', 'NU-AP06163', 'NU-AP06164', 'NU-AP06167', 'NU-AP06162'], 'addresses': ['48:00:b3:5f:46:a0', '48:00:b3:5e:17:c2', '48:00:b3:5e:0b:e0', '48:00:b3:5f:46:ae', '48:00:b3:5f:72:ef', '48:00:b3:5e:0b:ef', '48:00:b3:5a:90:82'], 'ssids': ['iotroam', 'VU-Campusnet', 'iotroam', 'eduroam', 'iotroam', 'iotroam', 'VU-Campusnet'], 'signals': [-60, -73, -66, -62, -64, -72, -81], 'timestamps': [1.7833599037756065e+18, 1.7833599037766065e+18, 1.7833599039206065e+18, 1.7833599056866063e+18, 1.7833599058856064e+18, 1.7833599024266066e+18, 1.7833599041016064e+18], 'frequencies': [2412, 2412, 2437, 5500, 5540, 5660, 2462]}
1 1 1 1 0 0 0 0 1783359906571295352
{'names': ['NU-AP06163', 'NU-AP06165', 'NU-AP06167', 'NU-AP06163', 'NU-AP06164', 'NU-AP06167', 'NU-AP06162'], 'addresses': ['48:00:b3:5f:46:a0', '48:00:b3:5e:17:c2', '48:00:b3:5e:0b:e0', '48:00:b3:5f:46:ae', '48:00:b3:5f:72:ef', '48:00:b3:5e:0b:ef', '48:00:b3:5a:90:82'], 'ssids': ['iotroam', 'VU-Campusnet', 'iotroam', 'eduroam', 'iotroam', 'iotroam', 'VU-Campusnet'], 'signals': [-60, -73, -66, -62, -64, -72, -81], 'timestamps': [1.7833599037756065e+18, 1.7833599037766065e+18, 1.7833599039206065e+18, 1.7833599056866063e+18, 1.7833599058856064e+18, 1.7833599024266066e+18, 1.7833599041016064e+18], 'frequencies': [2412, 2412, 2437, 5500, 5540, 5660, 2462]}
1 1 1 1 1 1 0 0 1783359906645502437
{'names': ['NU-AP06163', 'NU-AP06165', 'NU-AP06167', 'NU-AP06163', 'NU-AP06164', 'NU-AP06167', 'NU-AP06162'], 'addresses': ['48:00:b3:5f:46:a0', '48:00:b3:5e:17:c2', '48:00:b3:5e:0b:e0', '48:00:b3:5f:46:ae', '48:00:b3:5f:72:ef', '48:00:b3:5e:0b:ef', '48:00:b3:5a:90:82'], 'ssids': ['iotroam', 'VU-Campusnet', 'iotroam', 'eduroam', 'iotroam', 'iotroam', 'VU-Campusnet'], 'signals': [-60, -73, -66, -62, -64, -72, -81], 'timestamps': [1.7833599037756065e+18, 1.7833599037766065e+18, 1.7833599039206065e+18, 1.7833599056866063e+18, 1.7833599058856064e+18, 1.7833599066005025e+18, 1.7833599041016064e+18], 'frequencies': [2412, 2412, 2437, 5500, 5540, 5660, 2462]}
1 1 1 1 0 0 0 0 1783359906719974128
{'names': ['NU-AP06163', 'NU-AP06165', 'NU-AP06167', 'NU-AP06163', 'NU-AP06164', 'NU-AP06167', 'NU-AP06162'], 'addresses': ['48:00:b3:5f:46:a0', '48:00:b3:5e:17:c2', '48:00:b3:5e:0b:e0', '48:00:b3:5f:46:ae', '48:00:b3:5f:72:ef', '48:00:b3:5e:0b:ef', '48:00:b3:5a:90:82'], 'ssids': ['iotroam', 'VU-Campusnet', 'iotroam', 'eduroam', 'iotroam', 'iotroam', 'VU-Campusnet'], 'signals': [-60, -73, -66, -62, -64, -72, -81], 'timestamps': [1.7833599037756065e+18, 1.7833599037766065e+18, 1.7833599039206065e+18, 1.7833599056866063e+18, 1.7833599058856064e+18, 1.7833599066005025e+18, 1.7833599041016064e+18], 'frequencies': [2412, 2412, 2437, 5500, 5540, 5660, 2462]}
1 1 1 1 0 0 0 0 1783359906792949481
{'names': ['NU-AP06163', 'NU-AP06165', 'NU-AP06167', 'NU-AP06163', 'NU-AP06164', 'NU-AP06167', 'NU-AP06162'], 'addresses': ['48:00:b3:5f:46:a0', '48:00:b3:5e:17:c2', '48:00:b3:5e:0b:e0', '48:00:b3:5f:46:ae', '48:00:b3:5f:72:ef', '48:00:b3:5e:0b:ef', '48:00:b3:5a:90:82'], 'ssids': ['iotroam', 'VU-Campusnet', 'iotroam', 'eduroam', 'iotroam', 'iotroam', 'VU-Campusnet'], 'signals': [-60, -73, -66, -62, -64, -72, -81], 'timestamps': [1.7833599037756065e+18, 1.7833599037766065e+18, 1.7833599039206065e+18, 1.7833599056866063e+18, 1.7833599058856064e+18, 1.7833599066005025e+18, 1.7833599041016064e+18], 'frequencies': [2412, 2412, 2437, 5500, 5540, 5660, 2462]}
1 1 1 1 1 1 0 0 1783359906866800131
{'names': ['NU-AP06163', 'NU-AP06165', 'NU-AP06167', 'NU-AP06163', 'NU-AP06164', 'NU-AP06167', 'NU-AP06162'], 'addresses': ['48:00:b3:5f:46:a0', '48:00:b3:5e:17:c2', '48:00:b3:5e:0b:e0', '48:00:b3:5f:46:ae', '48:00:b3:5f:72:ef', '48:00:b3:5e:0b:ef', '48:00:b3:5a:90:82'], 'ssids': ['iotroam', 'VU-Campusnet', 'iotroam', 'eduroam', 'iotroam', 'iotroam', 'VU-Campusnet'], 'signals': [-60, -73, -66, -62, -64, -72, -81], 'timestamps': [1.7833599037756065e+18, 1.7833599037766065e+18, 1.7833599039206065e+18, 1.7833599056866063e+18, 1.7833599058856064e+18, 1.7833599066008003e+18, 1.7833599041016064e+18], 'frequencies': [2412, 2412, 2437, 5500, 5540, 5660, 2462]}
1 1 1 1 0 0 0 0 1783359906940788399
{'names': ['NU-AP06163', 'NU-AP06165', 'NU-AP06167', 'NU-AP06163', 'NU-AP06164', 'NU-AP06167', 'NU-AP06162'], 'addresses': ['48:00:b3:5f:46:a0', '48:00:b3:5e:17:c2', '48:00:b3:5e:0b:e0', '48:00:b3:5f:46:ae', '48:00:b3:5f:72:ef', '48:00:b3:5e:0b:ef', '48:00:b3:5a:90:82'], 'ssids': ['iotroam', 'VU-Campusnet', 'iotroam', 'eduroam', 'iotroam', 'iotroam', 'VU-Campusnet'], 'signals': [-60, -73, -66, -62, -64, -72, -81], 'timestamps': [1.7833599037756065e+18, 1.7833599037766065e+18, 1.7833599039206065e+18, 1.7833599056866063e+18, 1.7833599058856064e+18, 1.7833599066008003e+18, 1.7833599041016064e+18], 'frequencies': [2412, 2412, 2437, 5500, 5540, 5660, 2462]}
1 1 1 1 1 1 0 0 1783359907015337119
{'names': ['NU-AP06163', 'NU-AP06165', 'NU-AP06167', 'NU-AP06163', 'NU-AP06164', 'NU-AP06167', 'NU-AP06162'], 'addresses': ['48:00:b3:5f:46:a0', '48:00:b3:5e:17:c2', '48:00:b3:5e:0b:e0', '48:00:b3:5f:46:ae', '48:00:b3:5f:72:ef', '48:00:b3:5e:0b:ef', '48:00:b3:5a:90:82'], 'ssids': ['iotroam', 'VU-Campusnet', 'iotroam', 'eduroam', 'iotroam', 'iotroam', 'VU-Campusnet'], 'signals': [-60, -73, -66, -62, -64, -72, -81], 'timestamps': [1.7833599037756065e+18, 1.7833599037766065e+18, 1.7833599039206065e+18, 1.7833599056866063e+18, 1.7833599058856064e+18, 1.7833599066023373e+18, 1.7833599041016064e+18], 'frequencies': [2412, 2412, 2437, 5500, 5540, 5660, 2462]}
1 1 1 1 0 0 0 0 1783359907087855822
{'names': ['NU-AP06163', 'NU-AP06165', 'NU-AP06167', 'NU-AP06163', 'NU-AP06164', 'NU-AP06167', 'NU-AP06162'], 'addresses': ['48:00:b3:5f:46:a0', '48:00:b3:5e:17:c2', '48:00:b3:5e:0b:e0', '48:00:b3:5f:46:ae', '48:00:b3:5f:72:ef', '48:00:b3:5e:0b:ef', '48:00:b3:5a:90:82'], 'ssids': ['iotroam', 'VU-Campusnet', 'iotroam', 'eduroam', 'iotroam', 'iotroam', 'VU-Campusnet'], 'signals': [-60, -73, -66, -62, -64, -72, -81], 'timestamps': [1.7833599037756065e+18, 1.7833599037766065e+18, 1.7833599039206065e+18, 1.7833599056866063e+18, 1.7833599058856064e+18, 1.7833599066023373e+18, 1.7833599041016064e+18], 'frequencies': [2412, 2412, 2437, 5500, 5540, 5660, 2462]}
1 1 1 1 0 0 0 0 1783359907161704722
{'names': ['NU-AP06163', 'NU-AP06165', 'NU-AP06167', 'NU-AP06163', 'NU-AP06164', 'NU-AP06167', 'NU-AP06162'], 'addresses': ['48:00:b3:5f:46:a0', '48:00:b3:5e:17:c2', '48:00:b3:5e:0b:e0', '48:00:b3:5f:46:ae', '48:00:b3:5f:72:ef', '48:00:b3:5e:0b:ef', '48:00:b3:5a:90:82'], 'ssids': ['iotroam', 'VU-Campusnet', 'iotroam', 'eduroam', 'iotroam', 'iotroam', 'VU-Campusnet'], 'signals': [-60, -73, -66, -62, -64, -72, -81], 'timestamps': [1.7833599037756065e+18, 1.7833599037766065e+18, 1.7833599039206065e+18, 1.7833599056866063e+18, 1.7833599058856064e+18, 1.7833599066023373e+18, 1.7833599041016064e+18], 'frequencies': [2412, 2412, 2437, 5500, 5540, 5660, 2462]}
1 1 1 1 0 0 0 0 1783359907235573892
{'names': ['NU-AP06163', 'NU-AP06165', 'NU-AP06167', 'NU-AP06163', 'NU-AP06164', 'NU-AP06167', 'NU-AP06162'], 'addresses': ['48:00:b3:5f:46:a0', '48:00:b3:5e:17:c2', '48:00:b3:5e:0b:e0', '48:00:b3:5f:46:ae', '48:00:b3:5f:72:ef', '48:00:b3:5e:0b:ef', '48:00:b3:5a:90:82'], 'ssids': ['iotroam', 'VU-Campusnet', 'iotroam', 'eduroam', 'iotroam', 'iotroam', 'VU-Campusnet'], 'signals': [-60, -73, -66, -62, -64, -72, -81], 'timestamps': [1.7833599037756065e+18, 1.7833599037766065e+18, 1.7833599039206065e+18, 1.7833599056866063e+18, 1.7833599058856064e+18, 1.7833599066023373e+18, 1.7833599041016064e+18], 'frequencies': [2412, 2412, 2437, 5500, 5540, 5660, 2462]}
1 1 1 1 0 0 0 0 1783359907309950664
{'names': ['NU-AP06163', 'NU-AP06165', 'NU-AP06167', 'NU-AP06163', 'NU-AP06164', 'NU-AP06167', 'NU-AP06162'], 'addresses': ['48:00:b3:5f:46:a0', '48:00:b3:5e:17:c2', '48:00:b3:5e:0b:e0', '48:00:b3:5f:46:ae', '48:00:b3:5f:72:ef', '48:00:b3:5e:0b:ef', '48:00:b3:5a:90:82'], 'ssids': ['iotroam', 'VU-Campusnet', 'iotroam', 'eduroam', 'iotroam', 'iotroam', 'VU-Campusnet'], 'signals': [-60, -73, -66, -62, -64, -72, -81], 'timestamps': [1.7833599037756065e+18, 1.7833599037766065e+18, 1.7833599039206065e+18, 1.7833599056866063e+18, 1.7833599058856064e+18, 1.7833599066023373e+18, 1.7833599041016064e+18], 'frequencies': [2412, 2412, 2437, 5500, 5540, 5660, 2462]}
1 1 1 1 0 0 0 0 1783359907382912944
{'names': ['NU-AP06163', 'NU-AP06165', 'NU-AP06167', 'NU-AP06163', 'NU-AP06164', 'NU-AP06167', 'NU-AP06162'], 'addresses': ['48:00:b3:5f:46:a0', '48:00:b3:5e:17:c2', '48:00:b3:5e:0b:e0', '48:00:b3:5f:46:ae', '48:00:b3:5f:72:ef', '48:00:b3:5e:0b:ef', '48:00:b3:5a:90:82'], 'ssids': ['iotroam', 'VU-Campusnet', 'iotroam', 'eduroam', 'iotroam', 'iotroam', 'VU-Campusnet'], 'signals': [-60, -73, -66, -62, -64, -72, -81], 'timestamps': [1.7833599037756065e+18, 1.7833599037766065e+18, 1.7833599039206065e+18, 1.7833599056866063e+18, 1.7833599058856064e+18, 1.7833599066023373e+18, 1.7833599041016064e+18], 'frequencies': [2412, 2412, 2437, 5500, 5540, 5660, 2462]}
1 1 1 1 0 0 0 0 1783359907456137303
{'names': ['NU-AP06163', 'NU-AP06165', 'NU-AP06167', 'NU-AP06163', 'NU-AP06164', 'NU-AP06167', 'NU-AP06162'], 'addresses': ['48:00:b3:5f:46:a0', '48:00:b3:5e:17:c2', '48:00:b3:5e:0b:e0', '48:00:b3:5f:46:ae', '48:00:b3:5f:72:ef', '48:00:b3:5e:0b:ef', '48:00:b3:5a:90:82'], 'ssids': ['iotroam', 'VU-Campusnet', 'iotroam', 'eduroam', 'iotroam', 'iotroam', 'VU-Campusnet'], 'signals': [-60, -73, -66, -62, -64, -72, -81], 'timestamps': [1.7833599037756065e+18, 1.7833599037766065e+18, 1.7833599039206065e+18, 1.7833599056866063e+18, 1.7833599058856064e+18, 1.7833599066023373e+18, 1.7833599041016064e+18], 'frequencies': [2412, 2412, 2437, 5500, 5540, 5660, 2462]}
1 1 1 1 0 0 0 0 1783359907529886398
{'names': ['NU-AP06163', 'NU-AP06165', 'NU-AP06167', 'NU-AP06163', 'NU-AP06164', 'NU-AP06167', 'NU-AP06162'], 'addresses': ['48:00:b3:5f:46:a0', '48:00:b3:5e:17:c2', '48:00:b3:5e:0b:e0', '48:00:b3:5f:46:ae', '48:00:b3:5f:72:ef', '48:00:b3:5e:0b:ef', '48:00:b3:5a:90:82'], 'ssids': ['iotroam', 'VU-Campusnet', 'iotroam', 'eduroam', 'iotroam', 'iotroam', 'VU-Campusnet'], 'signals': [-60, -73, -66, -62, -64, -72, -81], 'timestamps': [1.7833599037756065e+18, 1.7833599037766065e+18, 1.7833599039206065e+18, 1.7833599056866063e+18, 1.7833599058856064e+18, 1.7833599066023373e+18, 1.7833599041016064e+18], 'frequencies': [2412, 2412, 2437, 5500, 5540, 5660, 2462]}
1 1 1 1 0 0 0 0 1783359907603518720
{'names': ['NU-AP06163', 'NU-AP06165', 'NU-AP06167', 'NU-AP06163', 'NU-AP06164', 'NU-AP06167', 'NU-AP06162'], 'addresses': ['48:00:b3:5f:46:a0', '48:00:b3:5e:17:c2', '48:00:b3:5e:0b:e0', '48:00:b3:5f:46:ae', '48:00:b3:5f:72:ef', '48:00:b3:5e:0b:ef', '48:00:b3:5a:90:82'], 'ssids': ['iotroam', 'VU-Campusnet', 'iotroam', 'eduroam', 'iotroam', 'iotroam', 'VU-Campusnet'], 'signals': [-60, -73, -66, -62, -64, -72, -81], 'timestamps': [1.7833599037756065e+18, 1.7833599037766065e+18, 1.7833599039206065e+18, 1.7833599056866063e+18, 1.7833599058856064e+18, 1.7833599066023373e+18, 1.7833599041016064e+18], 'frequencies': [2412, 2412, 2437, 5500, 5540, 5660, 2462]}
1 1 1 1 0 0 0 0 1783359907675409842
{'names': ['NU-AP06163', 'NU-AP06165', 'NU-AP06167', 'NU-AP06163', 'NU-AP06164', 'NU-AP06167', 'NU-AP06162'], 'addresses': ['48:00:b3:5f:46:a0', '48:00:b3:5e:17:c2', '48:00:b3:5e:0b:e0', '48:00:b3:5f:46:ae', '48:00:b3:5f:72:ef', '48:00:b3:5e:0b:ef', '48:00:b3:5a:90:82'], 'ssids': ['iotroam', 'VU-Campusnet', 'iotroam', 'eduroam', 'iotroam', 'iotroam', 'VU-Campusnet'], 'signals': [-60, -73, -66, -62, -64, -72, -81], 'timestamps': [1.7833599037756065e+18, 1.7833599037766065e+18, 1.7833599039206065e+18, 1.7833599056866063e+18, 1.7833599058856064e+18, 1.7833599066023373e+18, 1.7833599041016064e+18], 'frequencies': [2412, 2412, 2437, 5500, 5540, 5660, 2462]}
1 1 1 1 0 0 0 0 1783359907751451816
{'names': ['NU-AP06163', 'NU-AP06165', 'NU-AP06167', 'NU-AP06163', 'NU-AP06164', 'NU-AP06167', 'NU-AP06162'], 'addresses': ['48:00:b3:5f:46:a0', '48:00:b3:5e:17:c2', '48:00:b3:5e:0b:e0', '48:00:b3:5f:46:ae', '48:00:b3:5f:72:ef', '48:00:b3:5e:0b:ef', '48:00:b3:5a:90:82'], 'ssids': ['iotroam', 'VU-Campusnet', 'iotroam', 'eduroam', 'iotroam', 'iotroam', 'VU-Campusnet'], 'signals': [-60, -73, -66, -62, -64, -72, -81], 'timestamps': [1.7833599037756065e+18, 1.7833599037766065e+18, 1.7833599039206065e+18, 1.7833599056866063e+18, 1.7833599058856064e+18, 1.7833599066023373e+18, 1.7833599041016064e+18], 'frequencies': [2412, 2412, 2437, 5500, 5540, 5660, 2462]}
1 1 1 1 0 0 0 0 1783359907824107205
{'names': ['NU-AP06163', 'NU-AP06165', 'NU-AP06167', 'NU-AP06163', 'NU-AP06164', 'NU-AP06167', 'NU-AP06162'], 'addresses': ['48:00:b3:5f:46:a0', '48:00:b3:5e:17:c2', '48:00:b3:5e:0b:e0', '48:00:b3:5f:46:ae', '48:00:b3:5f:72:ef', '48:00:b3:5e:0b:ef', '48:00:b3:5a:90:82'], 'ssids': ['iotroam', 'VU-Campusnet', 'iotroam', 'eduroam', 'iotroam', 'iotroam', 'VU-Campusnet'], 'signals': [-60, -73, -66, -62, -64, -72, -81], 'timestamps': [1.7833599037756065e+18, 1.7833599037766065e+18, 1.7833599039206065e+18, 1.7833599056866063e+18, 1.7833599058856064e+18, 1.7833599066023373e+18, 1.7833599041016064e+18], 'frequencies': [2412, 2412, 2437, 5500, 5540, 5660, 2462]}
2 2 1 1 0 0 0 0 1783359907902576417
{'names': ['NU-AP06163', 'NU-AP06165', 'NU-AP06167', 'NU-AP06163', 'NU-AP06164', 'NU-AP06167', 'NU-AP06162'], 'addresses': ['48:00:b3:5f:46:a0', '48:00:b3:5e:17:c2', '48:00:b3:5e:0b:e0', '48:00:b3:5f:46:ae', '48:00:b3:5f:72:ef', '48:00:b3:5e:0b:ef', '48:00:b3:5a:90:82'], 'ssids': ['iotroam', 'VU-Campusnet', 'iotroam', 'eduroam', 'iotroam', 'iotroam', 'VU-Campusnet'], 'signals': [-60, -74, -66, -62, -64, -72, -81], 'timestamps': [1.7833599078945764e+18, 1.7833599078975764e+18, 1.7833599039206065e+18, 1.7833599056866063e+18, 1.7833599058856064e+18, 1.7833599066023373e+18, 1.7833599041016064e+18], 'frequencies': [2412, 2412, 2437, 5500, 5540, 5660, 2462]}
2 2 1 1 0 0 0 0 1783359907964123772
{'names': ['NU-AP06163', 'NU-AP06165', 'NU-AP06167', 'NU-AP06163', 'NU-AP06164', 'NU-AP06167', 'NU-AP06162'], 'addresses': ['48:00:b3:5f:46:a0', '48:00:b3:5e:17:c2', '48:00:b3:5e:0b:e0', '48:00:b3:5f:46:ae', '48:00:b3:5f:72:ef', '48:00:b3:5e:0b:ef', '48:00:b3:5a:90:82'], 'ssids': ['iotroam', 'VU-Campusnet', 'iotroam', 'eduroam', 'iotroam', 'iotroam', 'VU-Campusnet'], 'signals': [-60, -74, -66, -62, -64, -72, -81], 'timestamps': [1.7833599078951237e+18, 1.7833599078981238e+18, 1.7833599039206065e+18, 1.7833599056866063e+18, 1.7833599058856064e+18, 1.7833599066023373e+18, 1.7833599041016064e+18], 'frequencies': [2412, 2412, 2437, 5500, 5540, 5660, 2462]}
4 4 3 3 0 0 0 0 1783359908088581943
{'names': ['NU-AP06163', 'NU-AP06165', 'NU-AP06167', 'NU-AP06163', 'NU-AP06164', 'NU-AP06167', 'NU-AP06162', 'NU-AP06164'], 'addresses': ['48:00:b3:5f:46:a0', '48:00:b3:5e:17:c2', '48:00:b3:5e:0b:e0', '48:00:b3:5f:46:ae', '48:00:b3:5f:72:ef', '48:00:b3:5e:0b:ef', '48:00:b3:5a:90:82', '48:00:b3:5f:72:e0'], 'ssids': ['iotroam', 'VU-Campusnet', 'iotroam', 'eduroam', 'iotroam', 'iotroam', 'VU-Campusnet', 'iotroam'], 'signals': [-60, -74, -65, -62, -64, -72, -81, -56], 'timestamps': [1.783359907895582e+18, 1.783359907898582e+18, 1.783359908048582e+18, 1.7833599056866063e+18, 1.7833599058856064e+18, 1.7833599066023373e+18, 1.7833599041016064e+18, 1.783359908043582e+18], 'frequencies': [2412, 2412, 2437, 5500, 5540, 5660, 2462, 2437]}
1 1 0 0 0 0 0 0 1783359908220123081
{'names': ['NU-AP06163', 'NU-AP06165', 'NU-AP06167', 'NU-AP06163', 'NU-AP06164', 'NU-AP06167', 'NU-AP06162', 'NU-AP06164'], 'addresses': ['48:00:b3:5f:46:a0', '48:00:b3:5e:17:c2', '48:00:b3:5e:0b:e0', '48:00:b3:5f:46:ae', '48:00:b3:5f:72:ef', '48:00:b3:5e:0b:ef', '48:00:b3:5a:90:82', '48:00:b3:5f:72:e0'], 'ssids': ['iotroam', 'VU-Campusnet', 'iotroam', 'eduroam', 'iotroam', 'iotroam', 'VU-Campusnet', 'iotroam'], 'signals': [-60, -74, -65, -62, -64, -72, -80, -56], 'timestamps': [1.783359907895582e+18, 1.783359907898582e+18, 1.783359908048582e+18, 1.7833599056866063e+18, 1.7833599058856064e+18, 1.7833599066023373e+18, 1.7833599082021233e+18, 1.783359908043582e+18], 'frequencies': [2412, 2412, 2437, 5500, 5540, 5660, 2462, 2437]}
1 1 0 0 0 0 0 0 1783359908358235316
{'names': ['NU-AP06163', 'NU-AP06165', 'NU-AP06167', 'NU-AP06163', 'NU-AP06164', 'NU-AP06167', 'NU-AP06162', 'NU-AP06164'], 'addresses': ['48:00:b3:5f:46:a0', '48:00:b3:5e:17:c2', '48:00:b3:5e:0b:e0', '48:00:b3:5f:46:ae', '48:00:b3:5f:72:ef', '48:00:b3:5e:0b:ef', '48:00:b3:5a:90:82', '48:00:b3:5f:72:e0'], 'ssids': ['iotroam', 'VU-Campusnet', 'iotroam', 'eduroam', 'iotroam', 'iotroam', 'VU-Campusnet', 'iotroam'], 'signals': [-60, -74, -65, -62, -64, -72, -80, -56], 'timestamps': [1.783359907895582e+18, 1.783359907898582e+18, 1.783359908048582e+18, 1.7833599056866063e+18, 1.7833599058856064e+18, 1.7833599066023373e+18, 1.7833599082022354e+18, 1.783359908043582e+18], 'frequencies': [2412, 2412, 2437, 5500, 5540, 5660, 2462, 2437]}
5 5 3 3 0 0 0 0 1783359908436902409
{'names': ['NU-AP06163', 'NU-AP06165', 'NU-AP06167', 'NU-AP06163', 'NU-AP06164', 'NU-AP06167', 'NU-AP06162', 'NU-AP06164'], 'addresses': ['48:00:b3:5f:46:a0', '48:00:b3:5e:17:c2', '48:00:b3:5e:0b:e0', '48:00:b3:5f:46:ae', '48:00:b3:5f:72:ef', '48:00:b3:5e:0b:ef', '48:00:b3:5a:90:82', '48:00:b3:5f:72:e0'], 'ssids': ['iotroam', 'VU-Campusnet', 'iotroam', 'eduroam', 'iotroam', 'iotroam', 'VU-Campusnet', 'iotroam'], 'signals': [-60, -74, -65, -62, -64, -72, -80, -56], 'timestamps': [1.7833599078959025e+18, 1.7833599078989025e+18, 1.7833599080489024e+18, 1.7833599056866063e+18, 1.7833599058856064e+18, 1.7833599066023373e+18, 1.7833599082029025e+18, 1.7833599080439025e+18], 'frequencies': [2412, 2412, 2437, 5500, 5540, 5660, 2462, 2437]}
5 5 3 3 0 0 0 0 1783359908942501117
{'names': ['NU-AP06163', 'NU-AP06165', 'NU-AP06167', 'NU-AP06163', 'NU-AP06164', 'NU-AP06167', 'NU-AP06162', 'NU-AP06164'], 'addresses': ['48:00:b3:5f:46:a0', '48:00:b3:5e:17:c2', '48:00:b3:5e:0b:e0', '48:00:b3:5f:46:ae', '48:00:b3:5f:72:ef', '48:00:b3:5e:0b:ef', '48:00:b3:5a:90:82', '48:00:b3:5f:72:e0'], 'ssids': ['iotroam', 'VU-Campusnet', 'iotroam', 'eduroam', 'iotroam', 'iotroam', 'VU-Campusnet', 'iotroam'], 'signals': [-60, -74, -65, -62, -64, -72, -80, -56], 'timestamps': [1.7833599078965012e+18, 1.783359907899501e+18, 1.7833599080495012e+18, 1.7833599056866063e+18, 1.7833599058856064e+18, 1.7833599066023373e+18, 1.783359908203501e+18, 1.783359908044501e+18], 'frequencies': [2412, 2412, 2437, 5500, 5540, 5660, 2462, 2437]}
5 5 3 3 1 1 0 0 1783359909572726234
{'names': ['NU-AP06163', 'NU-AP06165', 'NU-AP06167', 'NU-AP06163', 'NU-AP06164', 'NU-AP06167', 'NU-AP06162', 'NU-AP06164'], 'addresses': ['48:00:b3:5f:46:a0', '48:00:b3:5e:17:c2', '48:00:b3:5e:0b:e0', '48:00:b3:5f:46:ae', '48:00:b3:5f:72:ef', '48:00:b3:5e:0b:ef', '48:00:b3:5a:90:82', '48:00:b3:5f:72:e0'], 'ssids': ['iotroam', 'VU-Campusnet', 'iotroam', 'eduroam', 'iotroam', 'iotroam', 'VU-Campusnet', 'iotroam'], 'signals': [-60, -74, -65, -62, -64, -72, -80, -56], 'timestamps': [1.7833599078977262e+18, 1.7833599079007263e+18, 1.7833599080507264e+18, 1.7833599056866063e+18, 1.7833599058856064e+18, 1.7833599066027264e+18, 1.7833599082047263e+18, 1.7833599080457262e+18], 'frequencies': [2412, 2412, 2437, 5500, 5540, 5660, 2462, 2437]}
