in the second of 19:55:33:
	18 new cells on 24-ALL
	18 new cells on 24-80
	16 new cells on 24-70
	16 new cells on 24-67
	19 new cells on 50-ALL
	19 new cells on 50-80
	19 new cells on 50-70
	19 new cells on 50-67
	15 new predictions on 50-ALL-tri
	15 new predictions on 50-80-tri
	15 new predictions on 50-70-tri
	15 new predictions on 50-67-tri
	15 new predictions on 50-ALL-mul
	15 new predictions on 50-80-mul
in the second of 19:55:34:
	4 new cells on 24-ALL
	4 new cells on 24-80
	3 new cells on 24-70
	3 new cells on 24-67
	18 new cells on 50-ALL
	18 new cells on 50-80
	18 new cells on 50-70
	18 new cells on 50-67
	18 new predictions on 50-ALL-tri
	18 new predictions on 50-80-tri
	18 new predictions on 50-70-tri
	18 new predictions on 50-67-tri
	18 new predictions on 50-ALL-mul
	18 new predictions on 50-80-mul
in the second of 19:55:35:
	4 new cells on 50-ALL
	4 new cells on 50-80
	3 new cells on 50-70
	3 new cells on 50-67
	1 new predictions on 24-ALL-tri
	1 new predictions on 24-80-tri
	4 new predictions on 50-ALL-tri
	4 new predictions on 50-80-tri
	4 new predictions on 50-70-tri
	4 new predictions on 50-67-tri
	4 new predictions on 50-ALL-mul
	4 new predictions on 50-80-mul
in the second of 19:55:36:
	5 new cells on 24-ALL
	5 new cells on 24-80
	3 new cells on 24-70
	3 new cells on 24-67
	5 new cells on 50-ALL
	5 new cells on 50-80
	3 new cells on 50-70
	3 new cells on 50-67
	3 new predictions on 24-ALL-tri
	3 new predictions on 24-80-tri
	3 new predictions on 50-ALL-tri
	3 new predictions on 50-80-tri
	3 new predictions on 50-70-tri
	3 new predictions on 50-67-tri
	3 new predictions on 50-ALL-mul
	3 new predictions on 50-80-mul
in the second of 19:55:38:
	8 new cells on 24-ALL
	8 new cells on 24-80
	6 new cells on 24-70
	6 new cells on 24-67
	1 new cells on 50-ALL
	1 new cells on 50-80
	1 new cells on 50-70
	1 new cells on 50-67
	4 new predictions on 24-ALL-tri
	4 new predictions on 24-80-tri
	4 new predictions on 50-ALL-tri
	4 new predictions on 50-80-tri
	3 new predictions on 50-70-tri
	3 new predictions on 50-67-tri
	3 new predictions on 50-ALL-mul
	3 new predictions on 50-80-mul
24-ALL-tri
[(10.663, 27.700, 43.953), (42.27135199338758, 11.69968234294107), 45.15973713127488, 1783360536847373248, ['NU-AP06163', 'NU-AP06164', 'NU-AP06167'], [(16.350, 27.700, 50.030), (2.960, 27.700, 44.930), (6.580, 27.700, 59.750)], [-65, -63, -75]]
[(10.663, 27.700, 43.953), (45.34185417879603, 24.43658029722796), 39.793842396711604, 1783360537267669037, ['NU-AP06163', 'NU-AP06164', 'NU-AP06167'], [(16.350, 27.700, 50.030), (2.960, 27.700, 44.930), (6.580, 27.700, 59.750)], [-65, -63, -75]]
[(10.663, 27.700, 43.953), (48.0277973676903, 35.57827056227089), 38.292290712250114, 1783360537635325708, ['NU-AP06163', 'NU-AP06164', 'NU-AP06167'], [(16.350, 27.700, 50.030), (2.960, 27.700, 44.930), (6.580, 27.700, 59.750)], [-65, -63, -75]]
[(10.663, 27.700, 43.953), (51.17396108661482, 48.6290237666985), 40.780355281122326, 1783360538065978182, ['NU-AP06163', 'NU-AP06164', 'NU-AP06167'], [(16.350, 27.700, 50.030), (2.960, 27.700, 44.930), (6.580, 27.700, 59.750)], [-65, -63, -75]]
[(10.663, 27.700, 43.953), (52.6179091953511, 54.61873443997494), 43.289790747897946, 1783360538263628362, ['NU-AP06163', 'NU-AP06164', 'NU-AP06167'], [(16.350, 27.700, 50.030), (2.960, 27.700, 44.930), (6.580, 27.700, 59.750)], [-65, -63, -75]]
[(10.663, 27.700, 43.953), (53.13214426460637, 56.751857690219), 44.35619993116843, 1783360538334017771, ['NU-AP06163', 'NU-AP06164', 'NU-AP06167'], [(16.350, 27.700, 50.030), (2.960, 27.700, 44.930), (6.580, 27.700, 59.750)], [-65, -63, -75]]
[(10.663, 27.700, 43.953), (53.91194574920003, 64.5), 47.88196301878003, 1783360538624597195, ['NU-AP06163', 'NU-AP06164', 'NU-AP06167'], [(16.350, 27.700, 50.030), (2.960, 27.700, 44.930), (6.580, 27.700, 59.750)], [-65, -63, -75]]
[(11.033, 27.700, 43.863), (8.016547465722933, 64.5), 20.856525294253128, 1783360540096889316, ['NU-AP06163', 'NU-AP06164', 'NU-AP06167'], [(16.350, 27.700, 50.030), (2.960, 27.700, 44.930), (6.580, 27.700, 59.750)], [-63, -63, -75]]
[(11.033, 27.700, 43.863), (5.3981226132927915, 64.5), 21.39266733276957, 1783360540180886545, ['NU-AP06163', 'NU-AP06164', 'NU-AP06167'], [(16.350, 27.700, 50.030), (2.960, 27.700, 44.930), (6.580, 27.700, 59.750)], [-63, -63, -75]]
[(10.875, 27.700, 43.704), (2.9999999999999885, 64.5), 22.236853962072825, 1783360540257816633, ['NU-AP06163', 'NU-AP06164', 'NU-AP06167'], [(16.350, 27.700, 50.030), (2.960, 27.700, 44.930), (6.580, 27.700, 59.750)], [-63, -61, -75]]
24-80-tri
[(10.663, 27.700, 43.953), (42.27135199338758, 11.69968234294107), 45.15973713127488, 1783360536847373248, ['NU-AP06163', 'NU-AP06164', 'NU-AP06167'], [(16.350, 27.700, 50.030), (2.960, 27.700, 44.930), (6.580, 27.700, 59.750)], [-65, -63, -75]]
[(10.663, 27.700, 43.953), (45.34185417879603, 24.43658029722796), 39.793842396711604, 1783360537267669037, ['NU-AP06163', 'NU-AP06164', 'NU-AP06167'], [(16.350, 27.700, 50.030), (2.960, 27.700, 44.930), (6.580, 27.700, 59.750)], [-65, -63, -75]]
[(10.663, 27.700, 43.953), (48.0277973676903, 35.57827056227089), 38.292290712250114, 1783360537635325708, ['NU-AP06163', 'NU-AP06164', 'NU-AP06167'], [(16.350, 27.700, 50.030), (2.960, 27.700, 44.930), (6.580, 27.700, 59.750)], [-65, -63, -75]]
[(10.663, 27.700, 43.953), (51.17396108661482, 48.6290237666985), 40.780355281122326, 1783360538065978182, ['NU-AP06163', 'NU-AP06164', 'NU-AP06167'], [(16.350, 27.700, 50.030), (2.960, 27.700, 44.930), (6.580, 27.700, 59.750)], [-65, -63, -75]]
[(10.663, 27.700, 43.953), (52.6179091953511, 54.61873443997494), 43.289790747897946, 1783360538263628362, ['NU-AP06163', 'NU-AP06164', 'NU-AP06167'], [(16.350, 27.700, 50.030), (2.960, 27.700, 44.930), (6.580, 27.700, 59.750)], [-65, -63, -75]]
[(10.663, 27.700, 43.953), (53.13214426460637, 56.751857690219), 44.35619993116843, 1783360538334017771, ['NU-AP06163', 'NU-AP06164', 'NU-AP06167'], [(16.350, 27.700, 50.030), (2.960, 27.700, 44.930), (6.580, 27.700, 59.750)], [-65, -63, -75]]
[(10.663, 27.700, 43.953), (53.91194574920003, 64.5), 47.88196301878003, 1783360538624597195, ['NU-AP06163', 'NU-AP06164', 'NU-AP06167'], [(16.350, 27.700, 50.030), (2.960, 27.700, 44.930), (6.580, 27.700, 59.750)], [-65, -63, -75]]
[(11.033, 27.700, 43.863), (8.016547465722933, 64.5), 20.856525294253128, 1783360540096889316, ['NU-AP06163', 'NU-AP06164', 'NU-AP06167'], [(16.350, 27.700, 50.030), (2.960, 27.700, 44.930), (6.580, 27.700, 59.750)], [-63, -63, -75]]
[(11.033, 27.700, 43.863), (5.3981226132927915, 64.5), 21.39266733276957, 1783360540180886545, ['NU-AP06163', 'NU-AP06164', 'NU-AP06167'], [(16.350, 27.700, 50.030), (2.960, 27.700, 44.930), (6.580, 27.700, 59.750)], [-63, -63, -75]]
[(10.875, 27.700, 43.704), (2.9999999999999885, 64.5), 22.236853962072825, 1783360540257816633, ['NU-AP06163', 'NU-AP06164', 'NU-AP06167'], [(16.350, 27.700, 50.030), (2.960, 27.700, 44.930), (6.580, 27.700, 59.750)], [-63, -61, -75]]
24-70-tri
24-67-tri
50-ALL-tri
[(19.602, 27.700, 62.112), (3.0, 58.04735863443075), 17.092690140337268, 1783360533917291834, ['NU-AP06165', 'NU-AP06163', 'NU-AP06167'], [(3.940, 27.700, 71.250), (16.350, 27.700, 50.030), (6.580, 27.700, 59.750)], [-74, -59, -65]]
[(19.602, 27.700, 62.112), (3.0, 56.42556135194853), 17.549187350487305, 1783360533969317951, ['NU-AP06165', 'NU-AP06163', 'NU-AP06167'], [(3.940, 27.700, 71.250), (16.350, 27.700, 50.030), (6.580, 27.700, 59.750)], [-74, -59, -65]]
[(19.602, 27.700, 62.112), (3.0, 54.74259402610066), 18.16442040248197, 1783360534023306360, ['NU-AP06165', 'NU-AP06163', 'NU-AP06167'], [(3.940, 27.700, 71.250), (16.350, 27.700, 50.030), (6.580, 27.700, 59.750)], [-74, -59, -65]]
[(19.602, 27.700, 62.112), (3.0, 53.06115999444297), 18.90913433441486, 1783360534077245582, ['NU-AP06165', 'NU-AP06163', 'NU-AP06167'], [(3.940, 27.700, 71.250), (16.350, 27.700, 50.030), (6.580, 27.700, 59.750)], [-74, -59, -65]]
[(19.602, 27.700, 62.112), (3.0, 51.251675401820734), 19.83894934638803, 1783360534135292576, ['NU-AP06165', 'NU-AP06163', 'NU-AP06167'], [(3.940, 27.700, 71.250), (16.350, 27.700, 50.030), (6.580, 27.700, 59.750)], [-74, -59, -65]]
[(19.602, 27.700, 62.112), (3.0, 49.40117915634412), 20.909371646757045, 1783360534194655195, ['NU-AP06165', 'NU-AP06163', 'NU-AP06167'], [(3.940, 27.700, 71.250), (16.350, 27.700, 50.030), (6.580, 27.700, 59.750)], [-74, -59, -65]]
[(19.602, 27.700, 62.112), (3.0, 47.59796842311581), 22.05206508355542, 1783360534252500928, ['NU-AP06165', 'NU-AP06163', 'NU-AP06167'], [(3.940, 27.700, 71.250), (16.350, 27.700, 50.030), (6.580, 27.700, 59.750)], [-74, -59, -65]]
[(19.602, 27.700, 62.112), (3.0, 45.75833002149972), 23.304046458212305, 1783360534311515235, ['NU-AP06165', 'NU-AP06163', 'NU-AP06167'], [(3.940, 27.700, 71.250), (16.350, 27.700, 50.030), (6.580, 27.700, 59.750)], [-74, -59, -65]]
[(19.602, 27.700, 62.112), (3.5166511344173195, 44.5), 23.852252739921816, 1783360534368455383, ['NU-AP06165', 'NU-AP06163', 'NU-AP06167'], [(3.940, 27.700, 71.250), (16.350, 27.700, 50.030), (6.580, 27.700, 59.750)], [-74, -59, -65]]
[(19.602, 27.700, 62.112), (5.302902113295421, 44.5), 22.6859932427574, 1783360534425757059, ['NU-AP06165', 'NU-AP06163', 'NU-AP06167'], [(3.940, 27.700, 71.250), (16.350, 27.700, 50.030), (6.580, 27.700, 59.750)], [-74, -59, -65]]
[(19.602, 27.700, 62.112), (7.136931476815768, 44.5), 21.576991464090813, 1783360534484591432, ['NU-AP06165', 'NU-AP06163', 'NU-AP06167'], [(3.940, 27.700, 71.250), (16.350, 27.700, 50.030), (6.580, 27.700, 59.750)], [-74, -59, -65]]
[(19.602, 27.700, 62.112), (8.922214198820281, 44.5), 20.597209259504048, 1783360534541862047, ['NU-AP06165', 'NU-AP06163', 'NU-AP06167'], [(3.940, 27.700, 71.250), (16.350, 27.700, 50.030), (6.580, 27.700, 59.750)], [-74, -59, -65]]
[(19.602, 27.700, 62.112), (9.0, 42.79823699531851), 22.032432271619985, 1783360534598948722, ['NU-AP06165', 'NU-AP06163', 'NU-AP06167'], [(3.940, 27.700, 71.250), (16.350, 27.700, 50.030), (6.580, 27.700, 59.750)], [-74, -59, -65]]
[(19.602, 27.700, 62.112), (9.0, 41.032742362695195), 23.595367063931295, 1783360534655584549, ['NU-AP06165', 'NU-AP06163', 'NU-AP06167'], [(3.940, 27.700, 71.250), (16.350, 27.700, 50.030), (6.580, 27.700, 59.750)], [-74, -59, -65]]
[(19.602, 27.700, 62.112), (9.0, 39.02444945569358), 25.405526865708662, 1783360534720009174, ['NU-AP06165', 'NU-AP06163', 'NU-AP06167'], [(3.940, 27.700, 71.250), (16.350, 27.700, 50.030), (6.580, 27.700, 59.750)], [-74, -59, -65]]
[(19.602, 27.700, 62.112), (9.0, 37.20230551465586), 27.0720942317598, 1783360534778462271, ['NU-AP06165', 'NU-AP06163', 'NU-AP06167'], [(3.940, 27.700, 71.250), (16.350, 27.700, 50.030), (6.580, 27.700, 59.750)], [-74, -59, -65]]
[(19.602, 27.700, 62.112), (9.0, 35.37320100965359), 28.764011858847834, 1783360534837138658, ['NU-AP06165', 'NU-AP06163', 'NU-AP06167'], [(3.940, 27.700, 71.250), (16.350, 27.700, 50.030), (6.580, 27.700, 59.750)], [-74, -59, -65]]
[(19.602, 27.700, 62.112), (9.0, 33.588196036876205), 30.430445428377173, 1783360534894400363, ['NU-AP06165', 'NU-AP06163', 'NU-AP06167'], [(3.940, 27.700, 71.250), (16.350, 27.700, 50.030), (6.580, 27.700, 59.750)], [-74, -59, -65]]
[(19.602, 27.700, 62.112), (9.0, 31.790393869770604), 32.12170639355983, 1783360534952072593, ['NU-AP06165', 'NU-AP06163', 'NU-AP06167'], [(3.940, 27.700, 71.250), (16.350, 27.700, 50.030), (6.580, 27.700, 59.750)], [-74, -59, -65]]
[(19.602, 27.700, 62.112), (9.0, 29.920751974174497), 33.89218588322227, 1783360535012049391, ['NU-AP06165', 'NU-AP06163', 'NU-AP06167'], [(3.940, 27.700, 71.250), (16.350, 27.700, 50.030), (6.580, 27.700, 59.750)], [-74, -59, -65]]
[(19.602, 27.700, 62.112), (9.0, 28.095320055866306), 35.63057577049632, 1783360535070607964, ['NU-AP06165', 'NU-AP06163', 'NU-AP06167'], [(3.940, 27.700, 71.250), (16.350, 27.700, 50.030), (6.580, 27.700, 59.750)], [-74, -59, -65]]
[(19.602, 27.700, 62.112), (9.0, 26.31310984506517), 37.33582143096102, 1783360535127780015, ['NU-AP06165', 'NU-AP06163', 'NU-AP06167'], [(3.940, 27.700, 71.250), (16.350, 27.700, 50.030), (6.580, 27.700, 59.750)], [-74, -59, -65]]
[(19.602, 27.700, 62.112), (9.0, 24.54215807917032), 39.03710619784208, 1783360535184590903, ['NU-AP06165', 'NU-AP06163', 'NU-AP06167'], [(3.940, 27.700, 71.250), (16.350, 27.700, 50.030), (6.580, 27.700, 59.750)], [-74, -59, -65]]
[(19.602, 27.700, 62.112), (9.0, 22.729273162676662), 40.78481843854556, 1783360535242746977, ['NU-AP06165', 'NU-AP06163', 'NU-AP06167'], [(3.940, 27.700, 71.250), (16.350, 27.700, 50.030), (6.580, 27.700, 59.750)], [-74, -59, -65]]
[(19.602, 27.700, 62.112), (9.0, 20.95166713628593), 42.50382164775895, 1783360535299771329, ['NU-AP06165', 'NU-AP06163', 'NU-AP06167'], [(3.940, 27.700, 71.250), (16.350, 27.700, 50.030), (6.580, 27.700, 59.750)], [-74, -59, -65]]
[(19.602, 27.700, 62.112), (9.0, 19.130206377297768), 44.27003544089926, 1783360535358202510, ['NU-AP06165', 'NU-AP06163', 'NU-AP06167'], [(3.940, 27.700, 71.250), (16.350, 27.700, 50.030), (6.580, 27.700, 59.750)], [-74, -59, -65]]
[(19.602, 27.700, 62.112), (9.0, 17.31968659990177), 46.02990765513377, 1783360535416282712, ['NU-AP06165', 'NU-AP06163', 'NU-AP06167'], [(3.940, 27.700, 71.250), (16.350, 27.700, 50.030), (6.580, 27.700, 59.750)], [-74, -59, -65]]
[(19.602, 27.700, 62.112), (9.0, 15.475518360890618), 47.82637426586102, 1783360535475442333, ['NU-AP06165', 'NU-AP06163', 'NU-AP06167'], [(3.940, 27.700, 71.250), (16.350, 27.700, 50.030), (6.580, 27.700, 59.750)], [-74, -59, -65]]
[(19.602, 27.700, 62.112), (9.0, 13.670759277032552), 49.58784189574104, 1783360535533337736, ['NU-AP06165', 'NU-AP06163', 'NU-AP06167'], [(3.940, 27.700, 71.250), (16.350, 27.700, 50.030), (6.580, 27.700, 59.750)], [-74, -59, -65]]
[(19.602, 27.700, 62.112), (9.0, 11.87059449582226), 51.34782073749277, 1783360535591085757, ['NU-AP06165', 'NU-AP06163', 'NU-AP06167'], [(3.940, 27.700, 71.250), (16.350, 27.700, 50.030), (6.580, 27.700, 59.750)], [-74, -59, -65]]
[(19.602, 27.700, 62.112), (9.0, 10.075827650825993), 53.10520414936487, 1783360535648660616, ['NU-AP06165', 'NU-AP06163', 'NU-AP06167'], [(3.940, 27.700, 71.250), (16.350, 27.700, 50.030), (6.580, 27.700, 59.750)], [-74, -59, -65]]
[(19.602, 27.700, 62.112), (9.32090916505355, 8.5), 54.588861898788835, 1783360535709506600, ['NU-AP06165', 'NU-AP06163', 'NU-AP06167'], [(3.940, 27.700, 71.250), (16.350, 27.700, 50.030), (6.580, 27.700, 59.750)], [-74, -59, -65]]
[(19.602, 27.700, 62.112), (12.814271421422617, 8.5), 54.039924960794345, 1783360535821571206, ['NU-AP06165', 'NU-AP06163', 'NU-AP06167'], [(3.940, 27.700, 71.250), (16.350, 27.700, 50.030), (6.580, 27.700, 59.750)], [-74, -59, -65]]
[(19.602, 27.700, 62.112), (15.082112190453586, 8.5), 53.80211714143781, 1783360535894321944, ['NU-AP06165', 'NU-AP06163', 'NU-AP06167'], [(3.940, 27.700, 71.250), (16.350, 27.700, 50.030), (6.580, 27.700, 59.750)], [-74, -59, -65]]
[(19.602, 27.700, 62.112), (25.127164615786455, 8.5), 53.89580560140669, 1783360536216560166, ['NU-AP06165', 'NU-AP06163', 'NU-AP06167'], [(3.940, 27.700, 71.250), (16.350, 27.700, 50.030), (6.580, 27.700, 59.750)], [-74, -59, -65]]
[(19.602, 27.700, 62.112), (29.244597776327684, 8.5), 54.47207383385427, 1783360536348644528, ['NU-AP06165', 'NU-AP06163', 'NU-AP06167'], [(3.940, 27.700, 71.250), (16.350, 27.700, 50.030), (6.580, 27.700, 59.750)], [-74, -59, -65]]
[(19.602, 27.700, 62.112), (42.27135199338758, 11.69968234294107), 55.27451674021805, 1783360536847373248, ['NU-AP06165', 'NU-AP06163', 'NU-AP06167'], [(3.940, 27.700, 71.250), (16.350, 27.700, 50.030), (6.580, 27.700, 59.750)], [-74, -59, -65]]
[(19.602, 27.700, 62.112), (45.34185417879603, 24.43658029722796), 45.62837483940855, 1783360537267669037, ['NU-AP06165', 'NU-AP06163', 'NU-AP06167'], [(3.940, 27.700, 71.250), (16.350, 27.700, 50.030), (6.580, 27.700, 59.750)], [-74, -59, -65]]
[(19.602, 27.700, 62.112), (48.0277973676903, 35.57827056227089), 38.884910918457905, 1783360537635325708, ['NU-AP06165', 'NU-AP06163', 'NU-AP06167'], [(3.940, 27.700, 71.250), (16.350, 27.700, 50.030), (6.580, 27.700, 59.750)], [-74, -59, -65]]
[(17.177, 27.700, 59.674), (51.17396108661482, 48.6290237666985), 35.746317278457624, 1783360538065978182, ['NU-AP06165', 'NU-AP06163', 'NU-AP06167'], [(3.940, 27.700, 71.250), (16.350, 27.700, 50.030), (6.580, 27.700, 59.750)], [-75, -59, -65]]
[(17.933, 27.700, 60.116), (52.6179091953511, 54.61873443997494), 35.11761226415929, 1783360538263628362, ['NU-AP06165', 'NU-AP06163', 'NU-AP06167'], [(3.940, 27.700, 71.250), (16.350, 27.700, 50.030), (6.580, 27.700, 59.750)], [-75, -59, -66]]
[(17.933, 27.700, 60.116), (53.13214426460637, 56.751857690219), 35.35929964572581, 1783360538334017771, ['NU-AP06165', 'NU-AP06163', 'NU-AP06167'], [(3.940, 27.700, 71.250), (16.350, 27.700, 50.030), (6.580, 27.700, 59.750)], [-75, -59, -66]]
[(17.933, 27.700, 60.116), (53.91194574920003, 64.5), 36.244777207906644, 1783360538624597195, ['NU-AP06165', 'NU-AP06163', 'NU-AP06167'], [(3.940, 27.700, 71.250), (16.350, 27.700, 50.030), (6.580, 27.700, 59.750)], [-75, -59, -66]]
[(-7.203, 27.700, 54.345), (8.016547465722933, 64.5), 18.296225641619724, 1783360540096889316, ['NU-AP06165', 'NU-AP06167', 'NU-AP06164'], [(3.940, 27.700, 71.250), (6.580, 27.700, 59.750), (2.960, 27.700, 44.930)], [-75, -66, -57]]
[(-7.203, 27.700, 54.345), (5.3981226132927915, 64.5), 16.1835130856423, 1783360540180886545, ['NU-AP06165', 'NU-AP06167', 'NU-AP06164'], [(3.940, 27.700, 71.250), (6.580, 27.700, 59.750), (2.960, 27.700, 44.930)], [-75, -66, -57]]
[(-7.203, 27.700, 54.345), (2.9999999999999885, 64.5), 14.395121528624893, 1783360540257816633, ['NU-AP06165', 'NU-AP06167', 'NU-AP06164'], [(3.940, 27.700, 71.250), (6.580, 27.700, 59.750), (2.960, 27.700, 44.930)], [-75, -66, -57]]
50-80-tri
[(19.602, 27.700, 62.112), (3.0, 58.04735863443075), 17.092690140337268, 1783360533917291834, ['NU-AP06165', 'NU-AP06163', 'NU-AP06167'], [(3.940, 27.700, 71.250), (16.350, 27.700, 50.030), (6.580, 27.700, 59.750)], [-74, -59, -65]]
[(19.602, 27.700, 62.112), (3.0, 56.42556135194853), 17.549187350487305, 1783360533969317951, ['NU-AP06165', 'NU-AP06163', 'NU-AP06167'], [(3.940, 27.700, 71.250), (16.350, 27.700, 50.030), (6.580, 27.700, 59.750)], [-74, -59, -65]]
[(19.602, 27.700, 62.112), (3.0, 54.74259402610066), 18.16442040248197, 1783360534023306360, ['NU-AP06165', 'NU-AP06163', 'NU-AP06167'], [(3.940, 27.700, 71.250), (16.350, 27.700, 50.030), (6.580, 27.700, 59.750)], [-74, -59, -65]]
[(19.602, 27.700, 62.112), (3.0, 53.06115999444297), 18.90913433441486, 1783360534077245582, ['NU-AP06165', 'NU-AP06163', 'NU-AP06167'], [(3.940, 27.700, 71.250), (16.350, 27.700, 50.030), (6.580, 27.700, 59.750)], [-74, -59, -65]]
[(19.602, 27.700, 62.112), (3.0, 51.251675401820734), 19.83894934638803, 1783360534135292576, ['NU-AP06165', 'NU-AP06163', 'NU-AP06167'], [(3.940, 27.700, 71.250), (16.350, 27.700, 50.030), (6.580, 27.700, 59.750)], [-74, -59, -65]]
[(19.602, 27.700, 62.112), (3.0, 49.40117915634412), 20.909371646757045, 1783360534194655195, ['NU-AP06165', 'NU-AP06163', 'NU-AP06167'], [(3.940, 27.700, 71.250), (16.350, 27.700, 50.030), (6.580, 27.700, 59.750)], [-74, -59, -65]]
[(19.602, 27.700, 62.112), (3.0, 47.59796842311581), 22.05206508355542, 1783360534252500928, ['NU-AP06165', 'NU-AP06163', 'NU-AP06167'], [(3.940, 27.700, 71.250), (16.350, 27.700, 50.030), (6.580, 27.700, 59.750)], [-74, -59, -65]]
[(19.602, 27.700, 62.112), (3.0, 45.75833002149972), 23.304046458212305, 1783360534311515235, ['NU-AP06165', 'NU-AP06163', 'NU-AP06167'], [(3.940, 27.700, 71.250), (16.350, 27.700, 50.030), (6.580, 27.700, 59.750)], [-74, -59, -65]]
[(19.602, 27.700, 62.112), (3.5166511344173195, 44.5), 23.852252739921816, 1783360534368455383, ['NU-AP06165', 'NU-AP06163', 'NU-AP06167'], [(3.940, 27.700, 71.250), (16.350, 27.700, 50.030), (6.580, 27.700, 59.750)], [-74, -59, -65]]
[(19.602, 27.700, 62.112), (5.302902113295421, 44.5), 22.6859932427574, 1783360534425757059, ['NU-AP06165', 'NU-AP06163', 'NU-AP06167'], [(3.940, 27.700, 71.250), (16.350, 27.700, 50.030), (6.580, 27.700, 59.750)], [-74, -59, -65]]
[(19.602, 27.700, 62.112), (7.136931476815768, 44.5), 21.576991464090813, 1783360534484591432, ['NU-AP06165', 'NU-AP06163', 'NU-AP06167'], [(3.940, 27.700, 71.250), (16.350, 27.700, 50.030), (6.580, 27.700, 59.750)], [-74, -59, -65]]
[(19.602, 27.700, 62.112), (8.922214198820281, 44.5), 20.597209259504048, 1783360534541862047, ['NU-AP06165', 'NU-AP06163', 'NU-AP06167'], [(3.940, 27.700, 71.250), (16.350, 27.700, 50.030), (6.580, 27.700, 59.750)], [-74, -59, -65]]
[(19.602, 27.700, 62.112), (9.0, 42.79823699531851), 22.032432271619985, 1783360534598948722, ['NU-AP06165', 'NU-AP06163', 'NU-AP06167'], [(3.940, 27.700, 71.250), (16.350, 27.700, 50.030), (6.580, 27.700, 59.750)], [-74, -59, -65]]
[(19.602, 27.700, 62.112), (9.0, 41.032742362695195), 23.595367063931295, 1783360534655584549, ['NU-AP06165', 'NU-AP06163', 'NU-AP06167'], [(3.940, 27.700, 71.250), (16.350, 27.700, 50.030), (6.580, 27.700, 59.750)], [-74, -59, -65]]
[(19.602, 27.700, 62.112), (9.0, 39.02444945569358), 25.405526865708662, 1783360534720009174, ['NU-AP06165', 'NU-AP06163', 'NU-AP06167'], [(3.940, 27.700, 71.250), (16.350, 27.700, 50.030), (6.580, 27.700, 59.750)], [-74, -59, -65]]
[(19.602, 27.700, 62.112), (9.0, 37.20230551465586), 27.0720942317598, 1783360534778462271, ['NU-AP06165', 'NU-AP06163', 'NU-AP06167'], [(3.940, 27.700, 71.250), (16.350, 27.700, 50.030), (6.580, 27.700, 59.750)], [-74, -59, -65]]
[(19.602, 27.700, 62.112), (9.0, 35.37320100965359), 28.764011858847834, 1783360534837138658, ['NU-AP06165', 'NU-AP06163', 'NU-AP06167'], [(3.940, 27.700, 71.250), (16.350, 27.700, 50.030), (6.580, 27.700, 59.750)], [-74, -59, -65]]
[(19.602, 27.700, 62.112), (9.0, 33.588196036876205), 30.430445428377173, 1783360534894400363, ['NU-AP06165', 'NU-AP06163', 'NU-AP06167'], [(3.940, 27.700, 71.250), (16.350, 27.700, 50.030), (6.580, 27.700, 59.750)], [-74, -59, -65]]
[(19.602, 27.700, 62.112), (9.0, 31.790393869770604), 32.12170639355983, 1783360534952072593, ['NU-AP06165', 'NU-AP06163', 'NU-AP06167'], [(3.940, 27.700, 71.250), (16.350, 27.700, 50.030), (6.580, 27.700, 59.750)], [-74, -59, -65]]
[(19.602, 27.700, 62.112), (9.0, 29.920751974174497), 33.89218588322227, 1783360535012049391, ['NU-AP06165', 'NU-AP06163', 'NU-AP06167'], [(3.940, 27.700, 71.250), (16.350, 27.700, 50.030), (6.580, 27.700, 59.750)], [-74, -59, -65]]
[(19.602, 27.700, 62.112), (9.0, 28.095320055866306), 35.63057577049632, 1783360535070607964, ['NU-AP06165', 'NU-AP06163', 'NU-AP06167'], [(3.940, 27.700, 71.250), (16.350, 27.700, 50.030), (6.580, 27.700, 59.750)], [-74, -59, -65]]
[(19.602, 27.700, 62.112), (9.0, 26.31310984506517), 37.33582143096102, 1783360535127780015, ['NU-AP06165', 'NU-AP06163', 'NU-AP06167'], [(3.940, 27.700, 71.250), (16.350, 27.700, 50.030), (6.580, 27.700, 59.750)], [-74, -59, -65]]
[(19.602, 27.700, 62.112), (9.0, 24.54215807917032), 39.03710619784208, 1783360535184590903, ['NU-AP06165', 'NU-AP06163', 'NU-AP06167'], [(3.940, 27.700, 71.250), (16.350, 27.700, 50.030), (6.580, 27.700, 59.750)], [-74, -59, -65]]
[(19.602, 27.700, 62.112), (9.0, 22.729273162676662), 40.78481843854556, 1783360535242746977, ['NU-AP06165', 'NU-AP06163', 'NU-AP06167'], [(3.940, 27.700, 71.250), (16.350, 27.700, 50.030), (6.580, 27.700, 59.750)], [-74, -59, -65]]
[(19.602, 27.700, 62.112), (9.0, 20.95166713628593), 42.50382164775895, 1783360535299771329, ['NU-AP06165', 'NU-AP06163', 'NU-AP06167'], [(3.940, 27.700, 71.250), (16.350, 27.700, 50.030), (6.580, 27.700, 59.750)], [-74, -59, -65]]
[(19.602, 27.700, 62.112), (9.0, 19.130206377297768), 44.27003544089926, 1783360535358202510, ['NU-AP06165', 'NU-AP06163', 'NU-AP06167'], [(3.940, 27.700, 71.250), (16.350, 27.700, 50.030), (6.580, 27.700, 59.750)], [-74, -59, -65]]
[(19.602, 27.700, 62.112), (9.0, 17.31968659990177), 46.02990765513377, 1783360535416282712, ['NU-AP06165', 'NU-AP06163', 'NU-AP06167'], [(3.940, 27.700, 71.250), (16.350, 27.700, 50.030), (6.580, 27.700, 59.750)], [-74, -59, -65]]
[(19.602, 27.700, 62.112), (9.0, 15.475518360890618), 47.82637426586102, 1783360535475442333, ['NU-AP06165', 'NU-AP06163', 'NU-AP06167'], [(3.940, 27.700, 71.250), (16.350, 27.700, 50.030), (6.580, 27.700, 59.750)], [-74, -59, -65]]
[(19.602, 27.700, 62.112), (9.0, 13.670759277032552), 49.58784189574104, 1783360535533337736, ['NU-AP06165', 'NU-AP06163', 'NU-AP06167'], [(3.940, 27.700, 71.250), (16.350, 27.700, 50.030), (6.580, 27.700, 59.750)], [-74, -59, -65]]
[(19.602, 27.700, 62.112), (9.0, 11.87059449582226), 51.34782073749277, 1783360535591085757, ['NU-AP06165', 'NU-AP06163', 'NU-AP06167'], [(3.940, 27.700, 71.250), (16.350, 27.700, 50.030), (6.580, 27.700, 59.750)], [-74, -59, -65]]
[(19.602, 27.700, 62.112), (9.0, 10.075827650825993), 53.10520414936487, 1783360535648660616, ['NU-AP06165', 'NU-AP06163', 'NU-AP06167'], [(3.940, 27.700, 71.250), (16.350, 27.700, 50.030), (6.580, 27.700, 59.750)], [-74, -59, -65]]
[(19.602, 27.700, 62.112), (9.32090916505355, 8.5), 54.588861898788835, 1783360535709506600, ['NU-AP06165', 'NU-AP06163', 'NU-AP06167'], [(3.940, 27.700, 71.250), (16.350, 27.700, 50.030), (6.580, 27.700, 59.750)], [-74, -59, -65]]
[(19.602, 27.700, 62.112), (12.814271421422617, 8.5), 54.039924960794345, 1783360535821571206, ['NU-AP06165', 'NU-AP06163', 'NU-AP06167'], [(3.940, 27.700, 71.250), (16.350, 27.700, 50.030), (6.580, 27.700, 59.750)], [-74, -59, -65]]
[(19.602, 27.700, 62.112), (15.082112190453586, 8.5), 53.80211714143781, 1783360535894321944, ['NU-AP06165', 'NU-AP06163', 'NU-AP06167'], [(3.940, 27.700, 71.250), (16.350, 27.700, 50.030), (6.580, 27.700, 59.750)], [-74, -59, -65]]
[(19.602, 27.700, 62.112), (25.127164615786455, 8.5), 53.89580560140669, 1783360536216560166, ['NU-AP06165', 'NU-AP06163', 'NU-AP06167'], [(3.940, 27.700, 71.250), (16.350, 27.700, 50.030), (6.580, 27.700, 59.750)], [-74, -59, -65]]
[(19.602, 27.700, 62.112), (29.244597776327684, 8.5), 54.47207383385427, 1783360536348644528, ['NU-AP06165', 'NU-AP06163', 'NU-AP06167'], [(3.940, 27.700, 71.250), (16.350, 27.700, 50.030), (6.580, 27.700, 59.750)], [-74, -59, -65]]
[(19.602, 27.700, 62.112), (42.27135199338758, 11.69968234294107), 55.27451674021805, 1783360536847373248, ['NU-AP06165', 'NU-AP06163', 'NU-AP06167'], [(3.940, 27.700, 71.250), (16.350, 27.700, 50.030), (6.580, 27.700, 59.750)], [-74, -59, -65]]
[(19.602, 27.700, 62.112), (45.34185417879603, 24.43658029722796), 45.62837483940855, 1783360537267669037, ['NU-AP06165', 'NU-AP06163', 'NU-AP06167'], [(3.940, 27.700, 71.250), (16.350, 27.700, 50.030), (6.580, 27.700, 59.750)], [-74, -59, -65]]
[(19.602, 27.700, 62.112), (48.0277973676903, 35.57827056227089), 38.884910918457905, 1783360537635325708, ['NU-AP06165', 'NU-AP06163', 'NU-AP06167'], [(3.940, 27.700, 71.250), (16.350, 27.700, 50.030), (6.580, 27.700, 59.750)], [-74, -59, -65]]
[(17.177, 27.700, 59.674), (51.17396108661482, 48.6290237666985), 35.746317278457624, 1783360538065978182, ['NU-AP06165', 'NU-AP06163', 'NU-AP06167'], [(3.940, 27.700, 71.250), (16.350, 27.700, 50.030), (6.580, 27.700, 59.750)], [-75, -59, -65]]
[(17.933, 27.700, 60.116), (52.6179091953511, 54.61873443997494), 35.11761226415929, 1783360538263628362, ['NU-AP06165', 'NU-AP06163', 'NU-AP06167'], [(3.940, 27.700, 71.250), (16.350, 27.700, 50.030), (6.580, 27.700, 59.750)], [-75, -59, -66]]
[(17.933, 27.700, 60.116), (53.13214426460637, 56.751857690219), 35.35929964572581, 1783360538334017771, ['NU-AP06165', 'NU-AP06163', 'NU-AP06167'], [(3.940, 27.700, 71.250), (16.350, 27.700, 50.030), (6.580, 27.700, 59.750)], [-75, -59, -66]]
[(17.933, 27.700, 60.116), (53.91194574920003, 64.5), 36.244777207906644, 1783360538624597195, ['NU-AP06165', 'NU-AP06163', 'NU-AP06167'], [(3.940, 27.700, 71.250), (16.350, 27.700, 50.030), (6.580, 27.700, 59.750)], [-75, -59, -66]]
[(-7.203, 27.700, 54.345), (8.016547465722933, 64.5), 18.296225641619724, 1783360540096889316, ['NU-AP06165', 'NU-AP06167', 'NU-AP06164'], [(3.940, 27.700, 71.250), (6.580, 27.700, 59.750), (2.960, 27.700, 44.930)], [-75, -66, -57]]
[(-7.203, 27.700, 54.345), (5.3981226132927915, 64.5), 16.1835130856423, 1783360540180886545, ['NU-AP06165', 'NU-AP06167', 'NU-AP06164'], [(3.940, 27.700, 71.250), (6.580, 27.700, 59.750), (2.960, 27.700, 44.930)], [-75, -66, -57]]
[(-7.203, 27.700, 54.345), (2.9999999999999885, 64.5), 14.395121528624893, 1783360540257816633, ['NU-AP06165', 'NU-AP06167', 'NU-AP06164'], [(3.940, 27.700, 71.250), (6.580, 27.700, 59.750), (2.960, 27.700, 44.930)], [-75, -66, -57]]
50-70-tri
[(8.289, 27.700, 50.740), (3.0, 58.04735863443075), 9.020465390292049, 1783360533917291834, ['NU-AP06163', 'NU-AP06167', 'NU-AP06164'], [(16.350, 27.700, 50.030), (6.580, 27.700, 59.750), (2.960, 27.700, 44.930)], [-59, -65, -56]]
[(8.289, 27.700, 50.740), (3.0, 56.42556135194853), 7.765086928231824, 1783360533969317951, ['NU-AP06163', 'NU-AP06167', 'NU-AP06164'], [(16.350, 27.700, 50.030), (6.580, 27.700, 59.750), (2.960, 27.700, 44.930)], [-59, -65, -56]]
[(8.289, 27.700, 50.740), (3.0, 54.74259402610066), 6.632599396655311, 1783360534023306360, ['NU-AP06163', 'NU-AP06167', 'NU-AP06164'], [(16.350, 27.700, 50.030), (6.580, 27.700, 59.750), (2.960, 27.700, 44.930)], [-59, -65, -56]]
[(8.289, 27.700, 50.740), (3.0, 53.06115999444297), 5.77564269680034, 1783360534077245582, ['NU-AP06163', 'NU-AP06167', 'NU-AP06164'], [(16.350, 27.700, 50.030), (6.580, 27.700, 59.750), (2.960, 27.700, 44.930)], [-59, -65, -56]]
[(8.289, 27.700, 50.740), (3.0, 51.251675401820734), 5.313351000245384, 1783360534135292576, ['NU-AP06163', 'NU-AP06167', 'NU-AP06164'], [(16.350, 27.700, 50.030), (6.580, 27.700, 59.750), (2.960, 27.700, 44.930)], [-59, -65, -56]]
[(8.289, 27.700, 50.740), (3.0, 49.40117915634412), 5.455450679771501, 1783360534194655195, ['NU-AP06163', 'NU-AP06167', 'NU-AP06164'], [(16.350, 27.700, 50.030), (6.580, 27.700, 59.750), (2.960, 27.700, 44.930)], [-59, -65, -56]]
[(8.289, 27.700, 50.740), (3.0, 47.59796842311581), 6.151543456841966, 1783360534252500928, ['NU-AP06163', 'NU-AP06167', 'NU-AP06164'], [(16.350, 27.700, 50.030), (6.580, 27.700, 59.750), (2.960, 27.700, 44.930)], [-59, -65, -56]]
[(8.289, 27.700, 50.740), (3.0, 45.75833002149972), 7.265382044010756, 1783360534311515235, ['NU-AP06163', 'NU-AP06167', 'NU-AP06164'], [(16.350, 27.700, 50.030), (6.580, 27.700, 59.750), (2.960, 27.700, 44.930)], [-59, -65, -56]]
[(8.289, 27.700, 50.740), (3.5166511344173195, 44.5), 7.85545898868127, 1783360534368455383, ['NU-AP06163', 'NU-AP06167', 'NU-AP06164'], [(16.350, 27.700, 50.030), (6.580, 27.700, 59.750), (2.960, 27.700, 44.930)], [-59, -65, -56]]
[(8.289, 27.700, 50.740), (5.302902113295421, 44.5), 6.917439280361277, 1783360534425757059, ['NU-AP06163', 'NU-AP06167', 'NU-AP06164'], [(16.350, 27.700, 50.030), (6.580, 27.700, 59.750), (2.960, 27.700, 44.930)], [-59, -65, -56]]
[(8.289, 27.700, 50.740), (7.136931476815768, 44.5), 6.345293110945593, 1783360534484591432, ['NU-AP06163', 'NU-AP06167', 'NU-AP06164'], [(16.350, 27.700, 50.030), (6.580, 27.700, 59.750), (2.960, 27.700, 44.930)], [-59, -65, -56]]
[(8.289, 27.700, 50.740), (8.922214198820281, 44.5), 6.271977813970538, 1783360534541862047, ['NU-AP06163', 'NU-AP06167', 'NU-AP06164'], [(16.350, 27.700, 50.030), (6.580, 27.700, 59.750), (2.960, 27.700, 44.930)], [-59, -65, -56]]
[(8.289, 27.700, 50.740), (9.0, 42.79823699531851), 7.973453824749689, 1783360534598948722, ['NU-AP06163', 'NU-AP06167', 'NU-AP06164'], [(16.350, 27.700, 50.030), (6.580, 27.700, 59.750), (2.960, 27.700, 44.930)], [-59, -65, -56]]
[(8.289, 27.700, 50.740), (9.0, 41.032742362695195), 9.73318285998525, 1783360534655584549, ['NU-AP06163', 'NU-AP06167', 'NU-AP06164'], [(16.350, 27.700, 50.030), (6.580, 27.700, 59.750), (2.960, 27.700, 44.930)], [-59, -65, -56]]
[(8.289, 27.700, 50.740), (9.0, 39.02444945569358), 11.737022752816504, 1783360534720009174, ['NU-AP06163', 'NU-AP06167', 'NU-AP06164'], [(16.350, 27.700, 50.030), (6.580, 27.700, 59.750), (2.960, 27.700, 44.930)], [-59, -65, -56]]
[(8.289, 27.700, 50.740), (9.0, 37.20230551465586), 13.556266822899898, 1783360534778462271, ['NU-AP06163', 'NU-AP06167', 'NU-AP06164'], [(16.350, 27.700, 50.030), (6.580, 27.700, 59.750), (2.960, 27.700, 44.930)], [-59, -65, -56]]
[(8.289, 27.700, 50.740), (9.0, 35.37320100965359), 15.383150769693751, 1783360534837138658, ['NU-AP06163', 'NU-AP06167', 'NU-AP06164'], [(16.350, 27.700, 50.030), (6.580, 27.700, 59.750), (2.960, 27.700, 44.930)], [-59, -65, -56]]
[(8.289, 27.700, 50.740), (9.0, 33.588196036876205), 17.166444681014422, 1783360534894400363, ['NU-AP06163', 'NU-AP06167', 'NU-AP06164'], [(16.350, 27.700, 50.030), (6.580, 27.700, 59.750), (2.960, 27.700, 44.930)], [-59, -65, -56]]
[(8.289, 27.700, 50.740), (9.0, 31.790393869770604), 18.962848968969833, 1783360534952072593, ['NU-AP06163', 'NU-AP06167', 'NU-AP06164'], [(16.350, 27.700, 50.030), (6.580, 27.700, 59.750), (2.960, 27.700, 44.930)], [-59, -65, -56]]
[(8.289, 27.700, 50.740), (9.0, 29.920751974174497), 20.83129296579064, 1783360535012049391, ['NU-AP06163', 'NU-AP06167', 'NU-AP06164'], [(16.350, 27.700, 50.030), (6.580, 27.700, 59.750), (2.960, 27.700, 44.930)], [-59, -65, -56]]
[(8.289, 27.700, 50.740), (9.0, 28.095320055866306), 22.655746004113254, 1783360535070607964, ['NU-AP06163', 'NU-AP06167', 'NU-AP06164'], [(16.350, 27.700, 50.030), (6.580, 27.700, 59.750), (2.960, 27.700, 44.930)], [-59, -65, -56]]
[(8.289, 27.700, 50.740), (9.0, 26.31310984506517), 24.437141564813718, 1783360535127780015, ['NU-AP06163', 'NU-AP06167', 'NU-AP06164'], [(16.350, 27.700, 50.030), (6.580, 27.700, 59.750), (2.960, 27.700, 44.930)], [-59, -65, -56]]
[(8.289, 27.700, 50.740), (9.0, 24.54215807917032), 26.207393553407403, 1783360535184590903, ['NU-AP06163', 'NU-AP06167', 'NU-AP06164'], [(16.350, 27.700, 50.030), (6.580, 27.700, 59.750), (2.960, 27.700, 44.930)], [-59, -65, -56]]
[(8.289, 27.700, 50.740), (9.0, 22.729273162676662), 28.019653729006915, 1783360535242746977, ['NU-AP06163', 'NU-AP06167', 'NU-AP06164'], [(16.350, 27.700, 50.030), (6.580, 27.700, 59.750), (2.960, 27.700, 44.930)], [-59, -65, -56]]
[(8.289, 27.700, 50.740), (9.0, 20.95166713628593), 29.796720975396735, 1783360535299771329, ['NU-AP06163', 'NU-AP06167', 'NU-AP06164'], [(16.350, 27.700, 50.030), (6.580, 27.700, 59.750), (2.960, 27.700, 44.930)], [-59, -65, -56]]
[(8.289, 27.700, 50.740), (9.0, 19.130206377297768), 31.617692495655938, 1783360535358202510, ['NU-AP06163', 'NU-AP06167', 'NU-AP06164'], [(16.350, 27.700, 50.030), (6.580, 27.700, 59.750), (2.960, 27.700, 44.930)], [-59, -65, -56]]
[(8.289, 27.700, 50.740), (9.0, 17.31968659990177), 33.42777880324109, 1783360535416282712, ['NU-AP06163', 'NU-AP06167', 'NU-AP06164'], [(16.350, 27.700, 50.030), (6.580, 27.700, 59.750), (2.960, 27.700, 44.930)], [-59, -65, -56]]
[(8.289, 27.700, 50.740), (9.0, 15.475518360890618), 35.271551259997516, 1783360535475442333, ['NU-AP06163', 'NU-AP06167', 'NU-AP06164'], [(16.350, 27.700, 50.030), (6.580, 27.700, 59.750), (2.960, 27.700, 44.930)], [-59, -65, -56]]
[(8.289, 27.700, 50.740), (9.0, 13.670759277032552), 37.0759611347963, 1783360535533337736, ['NU-AP06163', 'NU-AP06167', 'NU-AP06164'], [(16.350, 27.700, 50.030), (6.580, 27.700, 59.750), (2.960, 27.700, 44.930)], [-59, -65, -56]]
[(8.289, 27.700, 50.740), (9.0, 11.87059449582226), 38.87580989225677, 1783360535591085757, ['NU-AP06163', 'NU-AP06167', 'NU-AP06164'], [(16.350, 27.700, 50.030), (6.580, 27.700, 59.750), (2.960, 27.700, 44.930)], [-59, -65, -56]]
[(8.289, 27.700, 50.740), (9.0, 10.075827650825993), 40.6702895089257, 1783360535648660616, ['NU-AP06163', 'NU-AP06167', 'NU-AP06164'], [(16.350, 27.700, 50.030), (6.580, 27.700, 59.750), (2.960, 27.700, 44.930)], [-59, -65, -56]]
[(8.289, 27.700, 50.740), (9.32090916505355, 8.5), 42.25250701982947, 1783360535709506600, ['NU-AP06163', 'NU-AP06167', 'NU-AP06164'], [(16.350, 27.700, 50.030), (6.580, 27.700, 59.750), (2.960, 27.700, 44.930)], [-59, -65, -56]]
[(8.289, 27.700, 50.740), (12.814271421422617, 8.5), 42.48164386132382, 1783360535821571206, ['NU-AP06163', 'NU-AP06167', 'NU-AP06164'], [(16.350, 27.700, 50.030), (6.580, 27.700, 59.750), (2.960, 27.700, 44.930)], [-59, -65, -56]]
[(8.289, 27.700, 50.740), (15.082112190453586, 8.5), 42.78270633041394, 1783360535894321944, ['NU-AP06163', 'NU-AP06167', 'NU-AP06164'], [(16.350, 27.700, 50.030), (6.580, 27.700, 59.750), (2.960, 27.700, 44.930)], [-59, -65, -56]]
[(8.289, 27.700, 50.740), (25.127164615786455, 8.5), 45.472458477855994, 1783360536216560166, ['NU-AP06163', 'NU-AP06167', 'NU-AP06164'], [(16.350, 27.700, 50.030), (6.580, 27.700, 59.750), (2.960, 27.700, 44.930)], [-59, -65, -56]]
[(8.289, 27.700, 50.740), (29.244597776327684, 8.5), 47.15252573018134, 1783360536348644528, ['NU-AP06163', 'NU-AP06167', 'NU-AP06164'], [(16.350, 27.700, 50.030), (6.580, 27.700, 59.750), (2.960, 27.700, 44.930)], [-59, -65, -56]]
[(8.289, 27.700, 50.740), (42.27135199338758, 11.69968234294107), 51.758695267557776, 1783360536847373248, ['NU-AP06163', 'NU-AP06167', 'NU-AP06164'], [(16.350, 27.700, 50.030), (6.580, 27.700, 59.750), (2.960, 27.700, 44.930)], [-59, -65, -56]]
[(8.289, 27.700, 50.740), (45.34185417879603, 24.43658029722796), 45.44012111841654, 1783360537267669037, ['NU-AP06163', 'NU-AP06167', 'NU-AP06164'], [(16.350, 27.700, 50.030), (6.580, 27.700, 59.750), (2.960, 27.700, 44.930)], [-59, -65, -56]]
[(8.289, 27.700, 50.740), (48.0277973676903, 35.57827056227089), 42.53322228061435, 1783360537635325708, ['NU-AP06163', 'NU-AP06167', 'NU-AP06164'], [(16.350, 27.700, 50.030), (6.580, 27.700, 59.750), (2.960, 27.700, 44.930)], [-59, -65, -56]]
[(8.289, 27.700, 50.740), (51.17396108661482, 48.6290237666985), 42.937233251011506, 1783360538065978182, ['NU-AP06163', 'NU-AP06167', 'NU-AP06164'], [(16.350, 27.700, 50.030), (6.580, 27.700, 59.750), (2.960, 27.700, 44.930)], [-59, -65, -56]]
[(8.400, 27.700, 50.534), (52.6179091953511, 54.61873443997494), 44.40610518917067, 1783360538263628362, ['NU-AP06163', 'NU-AP06167', 'NU-AP06164'], [(16.350, 27.700, 50.030), (6.580, 27.700, 59.750), (2.960, 27.700, 44.930)], [-59, -66, -57]]
[(8.400, 27.700, 50.534), (53.13214426460637, 56.751857690219), 45.162156865492804, 1783360538334017771, ['NU-AP06163', 'NU-AP06167', 'NU-AP06164'], [(16.350, 27.700, 50.030), (6.580, 27.700, 59.750), (2.960, 27.700, 44.930)], [-59, -66, -57]]
[(8.400, 27.700, 50.534), (53.91194574920003, 64.5), 47.606528444265244, 1783360538624597195, ['NU-AP06163', 'NU-AP06167', 'NU-AP06164'], [(16.350, 27.700, 50.030), (6.580, 27.700, 59.750), (2.960, 27.700, 44.930)], [-59, -66, -57]]
[(8.400, 27.700, 50.534), (8.016547465722933, 64.5), 13.971354677431913, 1783360538624597195, ['NU-AP06163', 'NU-AP06167', 'NU-AP06164'], [(16.350, 27.700, 50.030), (6.580, 27.700, 59.750), (2.960, 27.700, 44.930)], [-59, -66, -57]]
[(8.400, 27.700, 50.534), (5.3981226132927915, 64.5), 14.285076270501694, 1783360538624597195, ['NU-AP06163', 'NU-AP06167', 'NU-AP06164'], [(16.350, 27.700, 50.030), (6.580, 27.700, 59.750), (2.960, 27.700, 44.930)], [-59, -66, -57]]
[(8.400, 27.700, 50.534), (2.9999999999999885, 64.5), 14.973727704222846, 1783360538624597195, ['NU-AP06163', 'NU-AP06167', 'NU-AP06164'], [(16.350, 27.700, 50.030), (6.580, 27.700, 59.750), (2.960, 27.700, 44.930)], [-59, -66, -57]]
50-67-tri
[(8.289, 27.700, 50.740), (3.0, 58.04735863443075), 9.020465390292049, 1783360533917291834, ['NU-AP06163', 'NU-AP06167', 'NU-AP06164'], [(16.350, 27.700, 50.030), (6.580, 27.700, 59.750), (2.960, 27.700, 44.930)], [-59, -65, -56]]
[(8.289, 27.700, 50.740), (3.0, 56.42556135194853), 7.765086928231824, 1783360533969317951, ['NU-AP06163', 'NU-AP06167', 'NU-AP06164'], [(16.350, 27.700, 50.030), (6.580, 27.700, 59.750), (2.960, 27.700, 44.930)], [-59, -65, -56]]
[(8.289, 27.700, 50.740), (3.0, 54.74259402610066), 6.632599396655311, 1783360534023306360, ['NU-AP06163', 'NU-AP06167', 'NU-AP06164'], [(16.350, 27.700, 50.030), (6.580, 27.700, 59.750), (2.960, 27.700, 44.930)], [-59, -65, -56]]
[(8.289, 27.700, 50.740), (3.0, 53.06115999444297), 5.77564269680034, 1783360534077245582, ['NU-AP06163', 'NU-AP06167', 'NU-AP06164'], [(16.350, 27.700, 50.030), (6.580, 27.700, 59.750), (2.960, 27.700, 44.930)], [-59, -65, -56]]
[(8.289, 27.700, 50.740), (3.0, 51.251675401820734), 5.313351000245384, 1783360534135292576, ['NU-AP06163', 'NU-AP06167', 'NU-AP06164'], [(16.350, 27.700, 50.030), (6.580, 27.700, 59.750), (2.960, 27.700, 44.930)], [-59, -65, -56]]
[(8.289, 27.700, 50.740), (3.0, 49.40117915634412), 5.455450679771501, 1783360534194655195, ['NU-AP06163', 'NU-AP06167', 'NU-AP06164'], [(16.350, 27.700, 50.030), (6.580, 27.700, 59.750), (2.960, 27.700, 44.930)], [-59, -65, -56]]
[(8.289, 27.700, 50.740), (3.0, 47.59796842311581), 6.151543456841966, 1783360534252500928, ['NU-AP06163', 'NU-AP06167', 'NU-AP06164'], [(16.350, 27.700, 50.030), (6.580, 27.700, 59.750), (2.960, 27.700, 44.930)], [-59, -65, -56]]
[(8.289, 27.700, 50.740), (3.0, 45.75833002149972), 7.265382044010756, 1783360534311515235, ['NU-AP06163', 'NU-AP06167', 'NU-AP06164'], [(16.350, 27.700, 50.030), (6.580, 27.700, 59.750), (2.960, 27.700, 44.930)], [-59, -65, -56]]
[(8.289, 27.700, 50.740), (3.5166511344173195, 44.5), 7.85545898868127, 1783360534368455383, ['NU-AP06163', 'NU-AP06167', 'NU-AP06164'], [(16.350, 27.700, 50.030), (6.580, 27.700, 59.750), (2.960, 27.700, 44.930)], [-59, -65, -56]]
[(8.289, 27.700, 50.740), (5.302902113295421, 44.5), 6.917439280361277, 1783360534425757059, ['NU-AP06163', 'NU-AP06167', 'NU-AP06164'], [(16.350, 27.700, 50.030), (6.580, 27.700, 59.750), (2.960, 27.700, 44.930)], [-59, -65, -56]]
[(8.289, 27.700, 50.740), (7.136931476815768, 44.5), 6.345293110945593, 1783360534484591432, ['NU-AP06163', 'NU-AP06167', 'NU-AP06164'], [(16.350, 27.700, 50.030), (6.580, 27.700, 59.750), (2.960, 27.700, 44.930)], [-59, -65, -56]]
[(8.289, 27.700, 50.740), (8.922214198820281, 44.5), 6.271977813970538, 1783360534541862047, ['NU-AP06163', 'NU-AP06167', 'NU-AP06164'], [(16.350, 27.700, 50.030), (6.580, 27.700, 59.750), (2.960, 27.700, 44.930)], [-59, -65, -56]]
[(8.289, 27.700, 50.740), (9.0, 42.79823699531851), 7.973453824749689, 1783360534598948722, ['NU-AP06163', 'NU-AP06167', 'NU-AP06164'], [(16.350, 27.700, 50.030), (6.580, 27.700, 59.750), (2.960, 27.700, 44.930)], [-59, -65, -56]]
[(8.289, 27.700, 50.740), (9.0, 41.032742362695195), 9.73318285998525, 1783360534655584549, ['NU-AP06163', 'NU-AP06167', 'NU-AP06164'], [(16.350, 27.700, 50.030), (6.580, 27.700, 59.750), (2.960, 27.700, 44.930)], [-59, -65, -56]]
[(8.289, 27.700, 50.740), (9.0, 39.02444945569358), 11.737022752816504, 1783360534720009174, ['NU-AP06163', 'NU-AP06167', 'NU-AP06164'], [(16.350, 27.700, 50.030), (6.580, 27.700, 59.750), (2.960, 27.700, 44.930)], [-59, -65, -56]]
[(8.289, 27.700, 50.740), (9.0, 37.20230551465586), 13.556266822899898, 1783360534778462271, ['NU-AP06163', 'NU-AP06167', 'NU-AP06164'], [(16.350, 27.700, 50.030), (6.580, 27.700, 59.750), (2.960, 27.700, 44.930)], [-59, -65, -56]]
[(8.289, 27.700, 50.740), (9.0, 35.37320100965359), 15.383150769693751, 1783360534837138658, ['NU-AP06163', 'NU-AP06167', 'NU-AP06164'], [(16.350, 27.700, 50.030), (6.580, 27.700, 59.750), (2.960, 27.700, 44.930)], [-59, -65, -56]]
[(8.289, 27.700, 50.740), (9.0, 33.588196036876205), 17.166444681014422, 1783360534894400363, ['NU-AP06163', 'NU-AP06167', 'NU-AP06164'], [(16.350, 27.700, 50.030), (6.580, 27.700, 59.750), (2.960, 27.700, 44.930)], [-59, -65, -56]]
[(8.289, 27.700, 50.740), (9.0, 31.790393869770604), 18.962848968969833, 1783360534952072593, ['NU-AP06163', 'NU-AP06167', 'NU-AP06164'], [(16.350, 27.700, 50.030), (6.580, 27.700, 59.750), (2.960, 27.700, 44.930)], [-59, -65, -56]]
[(8.289, 27.700, 50.740), (9.0, 29.920751974174497), 20.83129296579064, 1783360535012049391, ['NU-AP06163', 'NU-AP06167', 'NU-AP06164'], [(16.350, 27.700, 50.030), (6.580, 27.700, 59.750), (2.960, 27.700, 44.930)], [-59, -65, -56]]
[(8.289, 27.700, 50.740), (9.0, 28.095320055866306), 22.655746004113254, 1783360535070607964, ['NU-AP06163', 'NU-AP06167', 'NU-AP06164'], [(16.350, 27.700, 50.030), (6.580, 27.700, 59.750), (2.960, 27.700, 44.930)], [-59, -65, -56]]
[(8.289, 27.700, 50.740), (9.0, 26.31310984506517), 24.437141564813718, 1783360535127780015, ['NU-AP06163', 'NU-AP06167', 'NU-AP06164'], [(16.350, 27.700, 50.030), (6.580, 27.700, 59.750), (2.960, 27.700, 44.930)], [-59, -65, -56]]
[(8.289, 27.700, 50.740), (9.0, 24.54215807917032), 26.207393553407403, 1783360535184590903, ['NU-AP06163', 'NU-AP06167', 'NU-AP06164'], [(16.350, 27.700, 50.030), (6.580, 27.700, 59.750), (2.960, 27.700, 44.930)], [-59, -65, -56]]
[(8.289, 27.700, 50.740), (9.0, 22.729273162676662), 28.019653729006915, 1783360535242746977, ['NU-AP06163', 'NU-AP06167', 'NU-AP06164'], [(16.350, 27.700, 50.030), (6.580, 27.700, 59.750), (2.960, 27.700, 44.930)], [-59, -65, -56]]
[(8.289, 27.700, 50.740), (9.0, 20.95166713628593), 29.796720975396735, 1783360535299771329, ['NU-AP06163', 'NU-AP06167', 'NU-AP06164'], [(16.350, 27.700, 50.030), (6.580, 27.700, 59.750), (2.960, 27.700, 44.930)], [-59, -65, -56]]
[(8.289, 27.700, 50.740), (9.0, 19.130206377297768), 31.617692495655938, 1783360535358202510, ['NU-AP06163', 'NU-AP06167', 'NU-AP06164'], [(16.350, 27.700, 50.030), (6.580, 27.700, 59.750), (2.960, 27.700, 44.930)], [-59, -65, -56]]
[(8.289, 27.700, 50.740), (9.0, 17.31968659990177), 33.42777880324109, 1783360535416282712, ['NU-AP06163', 'NU-AP06167', 'NU-AP06164'], [(16.350, 27.700, 50.030), (6.580, 27.700, 59.750), (2.960, 27.700, 44.930)], [-59, -65, -56]]
[(8.289, 27.700, 50.740), (9.0, 15.475518360890618), 35.271551259997516, 1783360535475442333, ['NU-AP06163', 'NU-AP06167', 'NU-AP06164'], [(16.350, 27.700, 50.030), (6.580, 27.700, 59.750), (2.960, 27.700, 44.930)], [-59, -65, -56]]
[(8.289, 27.700, 50.740), (9.0, 13.670759277032552), 37.0759611347963, 1783360535533337736, ['NU-AP06163', 'NU-AP06167', 'NU-AP06164'], [(16.350, 27.700, 50.030), (6.580, 27.700, 59.750), (2.960, 27.700, 44.930)], [-59, -65, -56]]
[(8.289, 27.700, 50.740), (9.0, 11.87059449582226), 38.87580989225677, 1783360535591085757, ['NU-AP06163', 'NU-AP06167', 'NU-AP06164'], [(16.350, 27.700, 50.030), (6.580, 27.700, 59.750), (2.960, 27.700, 44.930)], [-59, -65, -56]]
[(8.289, 27.700, 50.740), (9.0, 10.075827650825993), 40.6702895089257, 1783360535648660616, ['NU-AP06163', 'NU-AP06167', 'NU-AP06164'], [(16.350, 27.700, 50.030), (6.580, 27.700, 59.750), (2.960, 27.700, 44.930)], [-59, -65, -56]]
[(8.289, 27.700, 50.740), (9.32090916505355, 8.5), 42.25250701982947, 1783360535709506600, ['NU-AP06163', 'NU-AP06167', 'NU-AP06164'], [(16.350, 27.700, 50.030), (6.580, 27.700, 59.750), (2.960, 27.700, 44.930)], [-59, -65, -56]]
[(8.289, 27.700, 50.740), (12.814271421422617, 8.5), 42.48164386132382, 1783360535821571206, ['NU-AP06163', 'NU-AP06167', 'NU-AP06164'], [(16.350, 27.700, 50.030), (6.580, 27.700, 59.750), (2.960, 27.700, 44.930)], [-59, -65, -56]]
[(8.289, 27.700, 50.740), (15.082112190453586, 8.5), 42.78270633041394, 1783360535894321944, ['NU-AP06163', 'NU-AP06167', 'NU-AP06164'], [(16.350, 27.700, 50.030), (6.580, 27.700, 59.750), (2.960, 27.700, 44.930)], [-59, -65, -56]]
[(8.289, 27.700, 50.740), (25.127164615786455, 8.5), 45.472458477855994, 1783360536216560166, ['NU-AP06163', 'NU-AP06167', 'NU-AP06164'], [(16.350, 27.700, 50.030), (6.580, 27.700, 59.750), (2.960, 27.700, 44.930)], [-59, -65, -56]]
[(8.289, 27.700, 50.740), (29.244597776327684, 8.5), 47.15252573018134, 1783360536348644528, ['NU-AP06163', 'NU-AP06167', 'NU-AP06164'], [(16.350, 27.700, 50.030), (6.580, 27.700, 59.750), (2.960, 27.700, 44.930)], [-59, -65, -56]]
[(8.289, 27.700, 50.740), (42.27135199338758, 11.69968234294107), 51.758695267557776, 1783360536847373248, ['NU-AP06163', 'NU-AP06167', 'NU-AP06164'], [(16.350, 27.700, 50.030), (6.580, 27.700, 59.750), (2.960, 27.700, 44.930)], [-59, -65, -56]]
[(8.289, 27.700, 50.740), (45.34185417879603, 24.43658029722796), 45.44012111841654, 1783360537267669037, ['NU-AP06163', 'NU-AP06167', 'NU-AP06164'], [(16.350, 27.700, 50.030), (6.580, 27.700, 59.750), (2.960, 27.700, 44.930)], [-59, -65, -56]]
[(8.289, 27.700, 50.740), (48.0277973676903, 35.57827056227089), 42.53322228061435, 1783360537635325708, ['NU-AP06163', 'NU-AP06167', 'NU-AP06164'], [(16.350, 27.700, 50.030), (6.580, 27.700, 59.750), (2.960, 27.700, 44.930)], [-59, -65, -56]]
[(8.289, 27.700, 50.740), (51.17396108661482, 48.6290237666985), 42.937233251011506, 1783360538065978182, ['NU-AP06163', 'NU-AP06167', 'NU-AP06164'], [(16.350, 27.700, 50.030), (6.580, 27.700, 59.750), (2.960, 27.700, 44.930)], [-59, -65, -56]]
[(8.400, 27.700, 50.534), (52.6179091953511, 54.61873443997494), 44.40610518917067, 1783360538263628362, ['NU-AP06163', 'NU-AP06167', 'NU-AP06164'], [(16.350, 27.700, 50.030), (6.580, 27.700, 59.750), (2.960, 27.700, 44.930)], [-59, -66, -57]]
[(8.400, 27.700, 50.534), (53.13214426460637, 56.751857690219), 45.162156865492804, 1783360538334017771, ['NU-AP06163', 'NU-AP06167', 'NU-AP06164'], [(16.350, 27.700, 50.030), (6.580, 27.700, 59.750), (2.960, 27.700, 44.930)], [-59, -66, -57]]
[(8.400, 27.700, 50.534), (53.91194574920003, 64.5), 47.606528444265244, 1783360538624597195, ['NU-AP06163', 'NU-AP06167', 'NU-AP06164'], [(16.350, 27.700, 50.030), (6.580, 27.700, 59.750), (2.960, 27.700, 44.930)], [-59, -66, -57]]
[(8.400, 27.700, 50.534), (8.016547465722933, 64.5), 13.971354677431913, 1783360538624597195, ['NU-AP06163', 'NU-AP06167', 'NU-AP06164'], [(16.350, 27.700, 50.030), (6.580, 27.700, 59.750), (2.960, 27.700, 44.930)], [-59, -66, -57]]
[(8.400, 27.700, 50.534), (5.3981226132927915, 64.5), 14.285076270501694, 1783360538624597195, ['NU-AP06163', 'NU-AP06167', 'NU-AP06164'], [(16.350, 27.700, 50.030), (6.580, 27.700, 59.750), (2.960, 27.700, 44.930)], [-59, -66, -57]]
[(8.400, 27.700, 50.534), (2.9999999999999885, 64.5), 14.973727704222846, 1783360538624597195, ['NU-AP06163', 'NU-AP06167', 'NU-AP06164'], [(16.350, 27.700, 50.030), (6.580, 27.700, 59.750), (2.960, 27.700, 44.930)], [-59, -66, -57]]
24-ALL-mul
24-80-mul
24-70-mul
24-67-mul
50-ALL-mul
[(6.412, 27.700, 53.866), (3.0, 58.04735863443075), 5.397064544731742, 1783360533917291834, ['NU-AP06165', 'NU-AP06163', 'NU-AP06167', 'NU-AP06164'], [(3.940, 27.700, 71.250), (16.350, 27.700, 50.030), (6.580, 27.700, 59.750), (2.960, 27.700, 44.930)], [-74, -59, -65, -56]]
[(6.412, 27.700, 53.866), (3.0, 56.42556135194853), 4.265511885360734, 1783360533969317951, ['NU-AP06165', 'NU-AP06163', 'NU-AP06167', 'NU-AP06164'], [(3.940, 27.700, 71.250), (16.350, 27.700, 50.030), (6.580, 27.700, 59.750), (2.960, 27.700, 44.930)], [-74, -59, -65, -56]]
[(6.412, 27.700, 53.866), (3.0, 54.74259402610066), 3.522825106160933, 1783360534023306360, ['NU-AP06165', 'NU-AP06163', 'NU-AP06167', 'NU-AP06164'], [(3.940, 27.700, 71.250), (16.350, 27.700, 50.030), (6.580, 27.700, 59.750), (2.960, 27.700, 44.930)], [-74, -59, -65, -56]]
[(6.412, 27.700, 53.866), (3.0, 53.06115999444297), 3.505465821503307, 1783360534077245582, ['NU-AP06165', 'NU-AP06163', 'NU-AP06167', 'NU-AP06164'], [(3.940, 27.700, 71.250), (16.350, 27.700, 50.030), (6.580, 27.700, 59.750), (2.960, 27.700, 44.930)], [-74, -59, -65, -56]]
[(6.412, 27.700, 53.866), (3.0, 51.251675401820734), 4.298110811010808, 1783360534135292576, ['NU-AP06165', 'NU-AP06163', 'NU-AP06167', 'NU-AP06164'], [(3.940, 27.700, 71.250), (16.350, 27.700, 50.030), (6.580, 27.700, 59.750), (2.960, 27.700, 44.930)], [-74, -59, -65, -56]]
[(6.412, 27.700, 53.866), (3.0, 49.40117915634412), 5.6189141093186254, 1783360534194655195, ['NU-AP06165', 'NU-AP06163', 'NU-AP06167', 'NU-AP06164'], [(3.940, 27.700, 71.250), (16.350, 27.700, 50.030), (6.580, 27.700, 59.750), (2.960, 27.700, 44.930)], [-74, -59, -65, -56]]
[(6.412, 27.700, 53.866), (3.0, 47.59796842311581), 7.136128905781996, 1783360534252500928, ['NU-AP06165', 'NU-AP06163', 'NU-AP06167', 'NU-AP06164'], [(3.940, 27.700, 71.250), (16.350, 27.700, 50.030), (6.580, 27.700, 59.750), (2.960, 27.700, 44.930)], [-74, -59, -65, -56]]
[(6.412, 27.700, 53.866), (3.0, 45.75833002149972), 8.795961818558325, 1783360534311515235, ['NU-AP06165', 'NU-AP06163', 'NU-AP06167', 'NU-AP06164'], [(3.940, 27.700, 71.250), (16.350, 27.700, 50.030), (6.580, 27.700, 59.750), (2.960, 27.700, 44.930)], [-74, -59, -65, -56]]
[(6.412, 27.700, 53.866), (3.5166511344173195, 44.5), 9.802905708546497, 1783360534368455383, ['NU-AP06165', 'NU-AP06163', 'NU-AP06167', 'NU-AP06164'], [(3.940, 27.700, 71.250), (16.350, 27.700, 50.030), (6.580, 27.700, 59.750), (2.960, 27.700, 44.930)], [-74, -59, -65, -56]]
[(6.412, 27.700, 53.866), (5.302902113295421, 44.5), 9.431029248914857, 1783360534425757059, ['NU-AP06165', 'NU-AP06163', 'NU-AP06167', 'NU-AP06164'], [(3.940, 27.700, 71.250), (16.350, 27.700, 50.030), (6.580, 27.700, 59.750), (2.960, 27.700, 44.930)], [-74, -59, -65, -56]]
[(6.412, 27.700, 53.866), (7.136931476815768, 44.5), 9.39361738189972, 1783360534484591432, ['NU-AP06165', 'NU-AP06163', 'NU-AP06167', 'NU-AP06164'], [(3.940, 27.700, 71.250), (16.350, 27.700, 50.030), (6.580, 27.700, 59.750), (2.960, 27.700, 44.930)], [-74, -59, -65, -56]]
[(6.412, 27.700, 53.866), (8.922214198820281, 44.5), 9.69618462734419, 1783360534541862047, ['NU-AP06165', 'NU-AP06163', 'NU-AP06167', 'NU-AP06164'], [(3.940, 27.700, 71.250), (16.350, 27.700, 50.030), (6.580, 27.700, 59.750), (2.960, 27.700, 44.930)], [-74, -59, -65, -56]]
[(6.412, 27.700, 53.866), (9.0, 42.79823699531851), 11.365941541028704, 1783360534598948722, ['NU-AP06165', 'NU-AP06163', 'NU-AP06167', 'NU-AP06164'], [(3.940, 27.700, 71.250), (16.350, 27.700, 50.030), (6.580, 27.700, 59.750), (2.960, 27.700, 44.930)], [-74, -59, -65, -56]]
[(6.412, 27.700, 53.866), (9.0, 41.032742362695195), 13.09123090115373, 1783360534655584549, ['NU-AP06165', 'NU-AP06163', 'NU-AP06167', 'NU-AP06164'], [(3.940, 27.700, 71.250), (16.350, 27.700, 50.030), (6.580, 27.700, 59.750), (2.960, 27.700, 44.930)], [-74, -59, -65, -56]]
[(6.412, 27.700, 53.866), (9.0, 39.02444945569358), 15.065119559625934, 1783360534720009174, ['NU-AP06165', 'NU-AP06163', 'NU-AP06167', 'NU-AP06164'], [(3.940, 27.700, 71.250), (16.350, 27.700, 50.030), (6.580, 27.700, 59.750), (2.960, 27.700, 44.930)], [-74, -59, -65, -56]]
[(6.412, 27.700, 53.866), (9.0, 37.20230551465586), 16.86307945550954, 1783360534778462271, ['NU-AP06165', 'NU-AP06163', 'NU-AP06167', 'NU-AP06164'], [(3.940, 27.700, 71.250), (16.350, 27.700, 50.030), (6.580, 27.700, 59.750), (2.960, 27.700, 44.930)], [-74, -59, -65, -56]]
[(6.412, 27.700, 53.866), (9.0, 35.37320100965359), 18.672623643702828, 1783360534837138658, ['NU-AP06165', 'NU-AP06163', 'NU-AP06167', 'NU-AP06164'], [(3.940, 27.700, 71.250), (16.350, 27.700, 50.030), (6.580, 27.700, 59.750), (2.960, 27.700, 44.930)], [-74, -59, -65, -56]]
[(6.412, 27.700, 53.866), (9.0, 33.588196036876205), 20.441896996244115, 1783360534894400363, ['NU-AP06165', 'NU-AP06163', 'NU-AP06167', 'NU-AP06164'], [(3.940, 27.700, 71.250), (16.350, 27.700, 50.030), (6.580, 27.700, 59.750), (2.960, 27.700, 44.930)], [-74, -59, -65, -56]]
[(6.412, 27.700, 53.866), (9.0, 31.790393869770604), 22.226397704701796, 1783360534952072593, ['NU-AP06165', 'NU-AP06163', 'NU-AP06167', 'NU-AP06164'], [(3.940, 27.700, 71.250), (16.350, 27.700, 50.030), (6.580, 27.700, 59.750), (2.960, 27.700, 44.930)], [-74, -59, -65, -56]]
[(6.412, 27.700, 53.866), (9.0, 29.920751974174497), 24.084305338674323, 1783360535012049391, ['NU-AP06165', 'NU-AP06163', 'NU-AP06167', 'NU-AP06164'], [(3.940, 27.700, 71.250), (16.350, 27.700, 50.030), (6.580, 27.700, 59.750), (2.960, 27.700, 44.930)], [-74, -59, -65, -56]]
[(6.412, 27.700, 53.866), (9.0, 28.095320055866306), 25.899909899341406, 1783360535070607964, ['NU-AP06165', 'NU-AP06163', 'NU-AP06167', 'NU-AP06164'], [(3.940, 27.700, 71.250), (16.350, 27.700, 50.030), (6.580, 27.700, 59.750), (2.960, 27.700, 44.930)], [-74, -59, -65, -56]]
[(6.412, 27.700, 53.866), (9.0, 26.31310984506517), 27.673772893331567, 1783360535127780015, ['NU-AP06165', 'NU-AP06163', 'NU-AP06167', 'NU-AP06164'], [(3.940, 27.700, 71.250), (16.350, 27.700, 50.030), (6.580, 27.700, 59.750), (2.960, 27.700, 44.930)], [-74, -59, -65, -56]]
[(6.412, 27.700, 53.866), (9.0, 24.54215807917032), 29.437429007860015, 1783360535184590903, ['NU-AP06165', 'NU-AP06163', 'NU-AP06167', 'NU-AP06164'], [(3.940, 27.700, 71.250), (16.350, 27.700, 50.030), (6.580, 27.700, 59.750), (2.960, 27.700, 44.930)], [-74, -59, -65, -56]]
[(6.412, 27.700, 53.866), (9.0, 22.729273162676662), 31.2437004409187, 1783360535242746977, ['NU-AP06165', 'NU-AP06163', 'NU-AP06167', 'NU-AP06164'], [(3.940, 27.700, 71.250), (16.350, 27.700, 50.030), (6.580, 27.700, 59.750), (2.960, 27.700, 44.930)], [-74, -59, -65, -56]]
[(6.412, 27.700, 53.866), (9.0, 20.95166713628593), 33.01552563458894, 1783360535299771329, ['NU-AP06165', 'NU-AP06163', 'NU-AP06167', 'NU-AP06164'], [(3.940, 27.700, 71.250), (16.350, 27.700, 50.030), (6.580, 27.700, 59.750), (2.960, 27.700, 44.930)], [-74, -59, -65, -56]]
[(6.412, 27.700, 53.866), (9.0, 19.130206377297768), 34.8316740087273, 1783360535358202510, ['NU-AP06165', 'NU-AP06163', 'NU-AP06167', 'NU-AP06164'], [(3.940, 27.700, 71.250), (16.350, 27.700, 50.030), (6.580, 27.700, 59.750), (2.960, 27.700, 44.930)], [-74, -59, -65, -56]]
[(6.412, 27.700, 53.866), (9.0, 17.31968659990177), 36.637436021128444, 1783360535416282712, ['NU-AP06165', 'NU-AP06163', 'NU-AP06167', 'NU-AP06164'], [(3.940, 27.700, 71.250), (16.350, 27.700, 50.030), (6.580, 27.700, 59.750), (2.960, 27.700, 44.930)], [-74, -59, -65, -56]]
[(6.412, 27.700, 53.866), (9.0, 15.475518360890618), 38.477217776428354, 1783360535475442333, ['NU-AP06165', 'NU-AP06163', 'NU-AP06167', 'NU-AP06164'], [(3.940, 27.700, 71.250), (16.350, 27.700, 50.030), (6.580, 27.700, 59.750), (2.960, 27.700, 44.930)], [-74, -59, -65, -56]]
[(6.412, 27.700, 53.866), (9.0, 13.670759277032552), 40.27807254784264, 1783360535533337736, ['NU-AP06165', 'NU-AP06163', 'NU-AP06167', 'NU-AP06164'], [(3.940, 27.700, 71.250), (16.350, 27.700, 50.030), (6.580, 27.700, 59.750), (2.960, 27.700, 44.930)], [-74, -59, -65, -56]]
[(6.412, 27.700, 53.866), (9.0, 11.87059449582226), 42.07467626279136, 1783360535591085757, ['NU-AP06165', 'NU-AP06163', 'NU-AP06167', 'NU-AP06164'], [(3.940, 27.700, 71.250), (16.350, 27.700, 50.030), (6.580, 27.700, 59.750), (2.960, 27.700, 44.930)], [-74, -59, -65, -56]]
[(6.412, 27.700, 53.866), (9.0, 10.075827650825993), 43.86618339506846, 1783360535648660616, ['NU-AP06165', 'NU-AP06163', 'NU-AP06167', 'NU-AP06164'], [(3.940, 27.700, 71.250), (16.350, 27.700, 50.030), (6.580, 27.700, 59.750), (2.960, 27.700, 44.930)], [-74, -59, -65, -56]]
[(6.412, 27.700, 53.866), (9.32090916505355, 8.5), 45.458768112696966, 1783360535709506600, ['NU-AP06165', 'NU-AP06163', 'NU-AP06167', 'NU-AP06164'], [(3.940, 27.700, 71.250), (16.350, 27.700, 50.030), (6.580, 27.700, 59.750), (2.960, 27.700, 44.930)], [-74, -59, -65, -56]]
[(6.412, 27.700, 53.866), (12.814271421422617, 8.5), 45.81514499022696, 1783360535821571206, ['NU-AP06165', 'NU-AP06163', 'NU-AP06167', 'NU-AP06164'], [(3.940, 27.700, 71.250), (16.350, 27.700, 50.030), (6.580, 27.700, 59.750), (2.960, 27.700, 44.930)], [-74, -59, -65, -56]]
[(6.412, 27.700, 53.866), (15.082112190453586, 8.5), 46.18668267481342, 1783360535894321944, ['NU-AP06165', 'NU-AP06163', 'NU-AP06167', 'NU-AP06164'], [(3.940, 27.700, 71.250), (16.350, 27.700, 50.030), (6.580, 27.700, 59.750), (2.960, 27.700, 44.930)], [-74, -59, -65, -56]]
[(6.412, 27.700, 53.866), (25.127164615786455, 8.5), 49.07441167042641, 1783360536216560166, ['NU-AP06165', 'NU-AP06163', 'NU-AP06167', 'NU-AP06164'], [(3.940, 27.700, 71.250), (16.350, 27.700, 50.030), (6.580, 27.700, 59.750), (2.960, 27.700, 44.930)], [-74, -59, -65, -56]]
[(6.412, 27.700, 53.866), (29.244597776327684, 8.5), 50.78748571560199, 1783360536348644528, ['NU-AP06165', 'NU-AP06163', 'NU-AP06167', 'NU-AP06164'], [(3.940, 27.700, 71.250), (16.350, 27.700, 50.030), (6.580, 27.700, 59.750), (2.960, 27.700, 44.930)], [-74, -59, -65, -56]]
[(6.412, 27.700, 53.866), (42.27135199338758, 11.69968234294107), 55.35217667071258, 1783360536847373248, ['NU-AP06165', 'NU-AP06163', 'NU-AP06167', 'NU-AP06164'], [(3.940, 27.700, 71.250), (16.350, 27.700, 50.030), (6.580, 27.700, 59.750), (2.960, 27.700, 44.930)], [-74, -59, -65, -56]]
[(6.412, 27.700, 53.866), (45.34185417879603, 24.43658029722796), 48.80171177415904, 1783360537267669037, ['NU-AP06165', 'NU-AP06163', 'NU-AP06167', 'NU-AP06164'], [(3.940, 27.700, 71.250), (16.350, 27.700, 50.030), (6.580, 27.700, 59.750), (2.960, 27.700, 44.930)], [-74, -59, -65, -56]]
[(6.412, 27.700, 53.866), (48.0277973676903, 35.57827056227089), 45.456659121576386, 1783360537635325708, ['NU-AP06165', 'NU-AP06163', 'NU-AP06167', 'NU-AP06164'], [(3.940, 27.700, 71.250), (16.350, 27.700, 50.030), (6.580, 27.700, 59.750), (2.960, 27.700, 44.930)], [-74, -59, -65, -56]]
[(6.814, 27.700, 53.195), (51.17396108661482, 48.6290237666985), 44.59408250881755, 1783360538065978182, ['NU-AP06165', 'NU-AP06163', 'NU-AP06167', 'NU-AP06164'], [(3.940, 27.700, 71.250), (16.350, 27.700, 50.030), (6.580, 27.700, 59.750), (2.960, 27.700, 44.930)], [-75, -59, -65, -56]]
[(6.819, 27.700, 53.168), (52.6179091953511, 54.61873443997494), 45.82217773022535, 1783360538263628362, ['NU-AP06165', 'NU-AP06163', 'NU-AP06167', 'NU-AP06164'], [(3.940, 27.700, 71.250), (16.350, 27.700, 50.030), (6.580, 27.700, 59.750), (2.960, 27.700, 44.930)], [-75, -59, -66, -57]]
[(6.819, 27.700, 53.168), (53.13214426460637, 56.751857690219), 46.45191348845963, 1783360538334017771, ['NU-AP06165', 'NU-AP06163', 'NU-AP06167', 'NU-AP06164'], [(3.940, 27.700, 71.250), (16.350, 27.700, 50.030), (6.580, 27.700, 59.750), (2.960, 27.700, 44.930)], [-75, -59, -66, -57]]
[(6.819, 27.700, 53.168), (53.91194574920003, 64.5), 48.43752674857867, 1783360538624597195, ['NU-AP06165', 'NU-AP06163', 'NU-AP06167', 'NU-AP06164'], [(3.940, 27.700, 71.250), (16.350, 27.700, 50.030), (6.580, 27.700, 59.750), (2.960, 27.700, 44.930)], [-75, -59, -66, -57]]
50-80-mul
[(6.412, 27.700, 53.866), (3.0, 58.04735863443075), 5.397064544731742, 1783360533917291834, ['NU-AP06165', 'NU-AP06163', 'NU-AP06167', 'NU-AP06164'], [(3.940, 27.700, 71.250), (16.350, 27.700, 50.030), (6.580, 27.700, 59.750), (2.960, 27.700, 44.930)], [-74, -59, -65, -56]]
[(6.412, 27.700, 53.866), (3.0, 56.42556135194853), 4.265511885360734, 1783360533969317951, ['NU-AP06165', 'NU-AP06163', 'NU-AP06167', 'NU-AP06164'], [(3.940, 27.700, 71.250), (16.350, 27.700, 50.030), (6.580, 27.700, 59.750), (2.960, 27.700, 44.930)], [-74, -59, -65, -56]]
[(6.412, 27.700, 53.866), (3.0, 54.74259402610066), 3.522825106160933, 1783360534023306360, ['NU-AP06165', 'NU-AP06163', 'NU-AP06167', 'NU-AP06164'], [(3.940, 27.700, 71.250), (16.350, 27.700, 50.030), (6.580, 27.700, 59.750), (2.960, 27.700, 44.930)], [-74, -59, -65, -56]]
[(6.412, 27.700, 53.866), (3.0, 53.06115999444297), 3.505465821503307, 1783360534077245582, ['NU-AP06165', 'NU-AP06163', 'NU-AP06167', 'NU-AP06164'], [(3.940, 27.700, 71.250), (16.350, 27.700, 50.030), (6.580, 27.700, 59.750), (2.960, 27.700, 44.930)], [-74, -59, -65, -56]]
[(6.412, 27.700, 53.866), (3.0, 51.251675401820734), 4.298110811010808, 1783360534135292576, ['NU-AP06165', 'NU-AP06163', 'NU-AP06167', 'NU-AP06164'], [(3.940, 27.700, 71.250), (16.350, 27.700, 50.030), (6.580, 27.700, 59.750), (2.960, 27.700, 44.930)], [-74, -59, -65, -56]]
[(6.412, 27.700, 53.866), (3.0, 49.40117915634412), 5.6189141093186254, 1783360534194655195, ['NU-AP06165', 'NU-AP06163', 'NU-AP06167', 'NU-AP06164'], [(3.940, 27.700, 71.250), (16.350, 27.700, 50.030), (6.580, 27.700, 59.750), (2.960, 27.700, 44.930)], [-74, -59, -65, -56]]
[(6.412, 27.700, 53.866), (3.0, 47.59796842311581), 7.136128905781996, 1783360534252500928, ['NU-AP06165', 'NU-AP06163', 'NU-AP06167', 'NU-AP06164'], [(3.940, 27.700, 71.250), (16.350, 27.700, 50.030), (6.580, 27.700, 59.750), (2.960, 27.700, 44.930)], [-74, -59, -65, -56]]
[(6.412, 27.700, 53.866), (3.0, 45.75833002149972), 8.795961818558325, 1783360534311515235, ['NU-AP06165', 'NU-AP06163', 'NU-AP06167', 'NU-AP06164'], [(3.940, 27.700, 71.250), (16.350, 27.700, 50.030), (6.580, 27.700, 59.750), (2.960, 27.700, 44.930)], [-74, -59, -65, -56]]
[(6.412, 27.700, 53.866), (3.5166511344173195, 44.5), 9.802905708546497, 1783360534368455383, ['NU-AP06165', 'NU-AP06163', 'NU-AP06167', 'NU-AP06164'], [(3.940, 27.700, 71.250), (16.350, 27.700, 50.030), (6.580, 27.700, 59.750), (2.960, 27.700, 44.930)], [-74, -59, -65, -56]]
[(6.412, 27.700, 53.866), (5.302902113295421, 44.5), 9.431029248914857, 1783360534425757059, ['NU-AP06165', 'NU-AP06163', 'NU-AP06167', 'NU-AP06164'], [(3.940, 27.700, 71.250), (16.350, 27.700, 50.030), (6.580, 27.700, 59.750), (2.960, 27.700, 44.930)], [-74, -59, -65, -56]]
[(6.412, 27.700, 53.866), (7.136931476815768, 44.5), 9.39361738189972, 1783360534484591432, ['NU-AP06165', 'NU-AP06163', 'NU-AP06167', 'NU-AP06164'], [(3.940, 27.700, 71.250), (16.350, 27.700, 50.030), (6.580, 27.700, 59.750), (2.960, 27.700, 44.930)], [-74, -59, -65, -56]]
[(6.412, 27.700, 53.866), (8.922214198820281, 44.5), 9.69618462734419, 1783360534541862047, ['NU-AP06165', 'NU-AP06163', 'NU-AP06167', 'NU-AP06164'], [(3.940, 27.700, 71.250), (16.350, 27.700, 50.030), (6.580, 27.700, 59.750), (2.960, 27.700, 44.930)], [-74, -59, -65, -56]]
[(6.412, 27.700, 53.866), (9.0, 42.79823699531851), 11.365941541028704, 1783360534598948722, ['NU-AP06165', 'NU-AP06163', 'NU-AP06167', 'NU-AP06164'], [(3.940, 27.700, 71.250), (16.350, 27.700, 50.030), (6.580, 27.700, 59.750), (2.960, 27.700, 44.930)], [-74, -59, -65, -56]]
[(6.412, 27.700, 53.866), (9.0, 41.032742362695195), 13.09123090115373, 1783360534655584549, ['NU-AP06165', 'NU-AP06163', 'NU-AP06167', 'NU-AP06164'], [(3.940, 27.700, 71.250), (16.350, 27.700, 50.030), (6.580, 27.700, 59.750), (2.960, 27.700, 44.930)], [-74, -59, -65, -56]]
[(6.412, 27.700, 53.866), (9.0, 39.02444945569358), 15.065119559625934, 1783360534720009174, ['NU-AP06165', 'NU-AP06163', 'NU-AP06167', 'NU-AP06164'], [(3.940, 27.700, 71.250), (16.350, 27.700, 50.030), (6.580, 27.700, 59.750), (2.960, 27.700, 44.930)], [-74, -59, -65, -56]]
[(6.412, 27.700, 53.866), (9.0, 37.20230551465586), 16.86307945550954, 1783360534778462271, ['NU-AP06165', 'NU-AP06163', 'NU-AP06167', 'NU-AP06164'], [(3.940, 27.700, 71.250), (16.350, 27.700, 50.030), (6.580, 27.700, 59.750), (2.960, 27.700, 44.930)], [-74, -59, -65, -56]]
[(6.412, 27.700, 53.866), (9.0, 35.37320100965359), 18.672623643702828, 1783360534837138658, ['NU-AP06165', 'NU-AP06163', 'NU-AP06167', 'NU-AP06164'], [(3.940, 27.700, 71.250), (16.350, 27.700, 50.030), (6.580, 27.700, 59.750), (2.960, 27.700, 44.930)], [-74, -59, -65, -56]]
[(6.412, 27.700, 53.866), (9.0, 33.588196036876205), 20.441896996244115, 1783360534894400363, ['NU-AP06165', 'NU-AP06163', 'NU-AP06167', 'NU-AP06164'], [(3.940, 27.700, 71.250), (16.350, 27.700, 50.030), (6.580, 27.700, 59.750), (2.960, 27.700, 44.930)], [-74, -59, -65, -56]]
[(6.412, 27.700, 53.866), (9.0, 31.790393869770604), 22.226397704701796, 1783360534952072593, ['NU-AP06165', 'NU-AP06163', 'NU-AP06167', 'NU-AP06164'], [(3.940, 27.700, 71.250), (16.350, 27.700, 50.030), (6.580, 27.700, 59.750), (2.960, 27.700, 44.930)], [-74, -59, -65, -56]]
[(6.412, 27.700, 53.866), (9.0, 29.920751974174497), 24.084305338674323, 1783360535012049391, ['NU-AP06165', 'NU-AP06163', 'NU-AP06167', 'NU-AP06164'], [(3.940, 27.700, 71.250), (16.350, 27.700, 50.030), (6.580, 27.700, 59.750), (2.960, 27.700, 44.930)], [-74, -59, -65, -56]]
[(6.412, 27.700, 53.866), (9.0, 28.095320055866306), 25.899909899341406, 1783360535070607964, ['NU-AP06165', 'NU-AP06163', 'NU-AP06167', 'NU-AP06164'], [(3.940, 27.700, 71.250), (16.350, 27.700, 50.030), (6.580, 27.700, 59.750), (2.960, 27.700, 44.930)], [-74, -59, -65, -56]]
[(6.412, 27.700, 53.866), (9.0, 26.31310984506517), 27.673772893331567, 1783360535127780015, ['NU-AP06165', 'NU-AP06163', 'NU-AP06167', 'NU-AP06164'], [(3.940, 27.700, 71.250), (16.350, 27.700, 50.030), (6.580, 27.700, 59.750), (2.960, 27.700, 44.930)], [-74, -59, -65, -56]]
[(6.412, 27.700, 53.866), (9.0, 24.54215807917032), 29.437429007860015, 1783360535184590903, ['NU-AP06165', 'NU-AP06163', 'NU-AP06167', 'NU-AP06164'], [(3.940, 27.700, 71.250), (16.350, 27.700, 50.030), (6.580, 27.700, 59.750), (2.960, 27.700, 44.930)], [-74, -59, -65, -56]]
[(6.412, 27.700, 53.866), (9.0, 22.729273162676662), 31.2437004409187, 1783360535242746977, ['NU-AP06165', 'NU-AP06163', 'NU-AP06167', 'NU-AP06164'], [(3.940, 27.700, 71.250), (16.350, 27.700, 50.030), (6.580, 27.700, 59.750), (2.960, 27.700, 44.930)], [-74, -59, -65, -56]]
[(6.412, 27.700, 53.866), (9.0, 20.95166713628593), 33.01552563458894, 1783360535299771329, ['NU-AP06165', 'NU-AP06163', 'NU-AP06167', 'NU-AP06164'], [(3.940, 27.700, 71.250), (16.350, 27.700, 50.030), (6.580, 27.700, 59.750), (2.960, 27.700, 44.930)], [-74, -59, -65, -56]]
[(6.412, 27.700, 53.866), (9.0, 19.130206377297768), 34.8316740087273, 1783360535358202510, ['NU-AP06165', 'NU-AP06163', 'NU-AP06167', 'NU-AP06164'], [(3.940, 27.700, 71.250), (16.350, 27.700, 50.030), (6.580, 27.700, 59.750), (2.960, 27.700, 44.930)], [-74, -59, -65, -56]]
[(6.412, 27.700, 53.866), (9.0, 17.31968659990177), 36.637436021128444, 1783360535416282712, ['NU-AP06165', 'NU-AP06163', 'NU-AP06167', 'NU-AP06164'], [(3.940, 27.700, 71.250), (16.350, 27.700, 50.030), (6.580, 27.700, 59.750), (2.960, 27.700, 44.930)], [-74, -59, -65, -56]]
[(6.412, 27.700, 53.866), (9.0, 15.475518360890618), 38.477217776428354, 1783360535475442333, ['NU-AP06165', 'NU-AP06163', 'NU-AP06167', 'NU-AP06164'], [(3.940, 27.700, 71.250), (16.350, 27.700, 50.030), (6.580, 27.700, 59.750), (2.960, 27.700, 44.930)], [-74, -59, -65, -56]]
[(6.412, 27.700, 53.866), (9.0, 13.670759277032552), 40.27807254784264, 1783360535533337736, ['NU-AP06165', 'NU-AP06163', 'NU-AP06167', 'NU-AP06164'], [(3.940, 27.700, 71.250), (16.350, 27.700, 50.030), (6.580, 27.700, 59.750), (2.960, 27.700, 44.930)], [-74, -59, -65, -56]]
[(6.412, 27.700, 53.866), (9.0, 11.87059449582226), 42.07467626279136, 1783360535591085757, ['NU-AP06165', 'NU-AP06163', 'NU-AP06167', 'NU-AP06164'], [(3.940, 27.700, 71.250), (16.350, 27.700, 50.030), (6.580, 27.700, 59.750), (2.960, 27.700, 44.930)], [-74, -59, -65, -56]]
[(6.412, 27.700, 53.866), (9.0, 10.075827650825993), 43.86618339506846, 1783360535648660616, ['NU-AP06165', 'NU-AP06163', 'NU-AP06167', 'NU-AP06164'], [(3.940, 27.700, 71.250), (16.350, 27.700, 50.030), (6.580, 27.700, 59.750), (2.960, 27.700, 44.930)], [-74, -59, -65, -56]]
[(6.412, 27.700, 53.866), (9.32090916505355, 8.5), 45.458768112696966, 1783360535709506600, ['NU-AP06165', 'NU-AP06163', 'NU-AP06167', 'NU-AP06164'], [(3.940, 27.700, 71.250), (16.350, 27.700, 50.030), (6.580, 27.700, 59.750), (2.960, 27.700, 44.930)], [-74, -59, -65, -56]]
[(6.412, 27.700, 53.866), (12.814271421422617, 8.5), 45.81514499022696, 1783360535821571206, ['NU-AP06165', 'NU-AP06163', 'NU-AP06167', 'NU-AP06164'], [(3.940, 27.700, 71.250), (16.350, 27.700, 50.030), (6.580, 27.700, 59.750), (2.960, 27.700, 44.930)], [-74, -59, -65, -56]]
[(6.412, 27.700, 53.866), (15.082112190453586, 8.5), 46.18668267481342, 1783360535894321944, ['NU-AP06165', 'NU-AP06163', 'NU-AP06167', 'NU-AP06164'], [(3.940, 27.700, 71.250), (16.350, 27.700, 50.030), (6.580, 27.700, 59.750), (2.960, 27.700, 44.930)], [-74, -59, -65, -56]]
[(6.412, 27.700, 53.866), (25.127164615786455, 8.5), 49.07441167042641, 1783360536216560166, ['NU-AP06165', 'NU-AP06163', 'NU-AP06167', 'NU-AP06164'], [(3.940, 27.700, 71.250), (16.350, 27.700, 50.030), (6.580, 27.700, 59.750), (2.960, 27.700, 44.930)], [-74, -59, -65, -56]]
[(6.412, 27.700, 53.866), (29.244597776327684, 8.5), 50.78748571560199, 1783360536348644528, ['NU-AP06165', 'NU-AP06163', 'NU-AP06167', 'NU-AP06164'], [(3.940, 27.700, 71.250), (16.350, 27.700, 50.030), (6.580, 27.700, 59.750), (2.960, 27.700, 44.930)], [-74, -59, -65, -56]]
[(6.412, 27.700, 53.866), (42.27135199338758, 11.69968234294107), 55.35217667071258, 1783360536847373248, ['NU-AP06165', 'NU-AP06163', 'NU-AP06167', 'NU-AP06164'], [(3.940, 27.700, 71.250), (16.350, 27.700, 50.030), (6.580, 27.700, 59.750), (2.960, 27.700, 44.930)], [-74, -59, -65, -56]]
[(6.412, 27.700, 53.866), (45.34185417879603, 24.43658029722796), 48.80171177415904, 1783360537267669037, ['NU-AP06165', 'NU-AP06163', 'NU-AP06167', 'NU-AP06164'], [(3.940, 27.700, 71.250), (16.350, 27.700, 50.030), (6.580, 27.700, 59.750), (2.960, 27.700, 44.930)], [-74, -59, -65, -56]]
[(6.412, 27.700, 53.866), (48.0277973676903, 35.57827056227089), 45.456659121576386, 1783360537635325708, ['NU-AP06165', 'NU-AP06163', 'NU-AP06167', 'NU-AP06164'], [(3.940, 27.700, 71.250), (16.350, 27.700, 50.030), (6.580, 27.700, 59.750), (2.960, 27.700, 44.930)], [-74, -59, -65, -56]]
[(6.814, 27.700, 53.195), (51.17396108661482, 48.6290237666985), 44.59408250881755, 1783360538065978182, ['NU-AP06165', 'NU-AP06163', 'NU-AP06167', 'NU-AP06164'], [(3.940, 27.700, 71.250), (16.350, 27.700, 50.030), (6.580, 27.700, 59.750), (2.960, 27.700, 44.930)], [-75, -59, -65, -56]]
[(6.819, 27.700, 53.168), (52.6179091953511, 54.61873443997494), 45.82217773022535, 1783360538263628362, ['NU-AP06165', 'NU-AP06163', 'NU-AP06167', 'NU-AP06164'], [(3.940, 27.700, 71.250), (16.350, 27.700, 50.030), (6.580, 27.700, 59.750), (2.960, 27.700, 44.930)], [-75, -59, -66, -57]]
[(6.819, 27.700, 53.168), (53.13214426460637, 56.751857690219), 46.45191348845963, 1783360538334017771, ['NU-AP06165', 'NU-AP06163', 'NU-AP06167', 'NU-AP06164'], [(3.940, 27.700, 71.250), (16.350, 27.700, 50.030), (6.580, 27.700, 59.750), (2.960, 27.700, 44.930)], [-75, -59, -66, -57]]
[(6.819, 27.700, 53.168), (53.91194574920003, 64.5), 48.43752674857867, 1783360538624597195, ['NU-AP06165', 'NU-AP06163', 'NU-AP06167', 'NU-AP06164'], [(3.940, 27.700, 71.250), (16.350, 27.700, 50.030), (6.580, 27.700, 59.750), (2.960, 27.700, 44.930)], [-75, -59, -66, -57]]
50-70-mul
50-67-mul
