2 2 1 1 1 1 1 1 1783360533710295634
{'names': ['NU-AP06165', 'NU-AP06163'], 'addresses': ['48:00:b3:5e:17:c1', '48:00:b3:5f:46:a0'], 'ssids': ['eduroam', 'iotroam'], 'signals': [-74, -59], 'timestamps': [1.7833605337022956e+18, 1.7833605337022956e+18], 'frequencies': [2412, 2412]}
0 0 0 0 1 1 1 1 1783360533764523256
{'names': ['NU-AP06165', 'NU-AP06163'], 'addresses': ['48:00:b3:5e:17:c1', '48:00:b3:5f:46:a0'], 'ssids': ['eduroam', 'iotroam'], 'signals': [-74, -59], 'timestamps': [1.7833605337022956e+18, 1.7833605337022956e+18], 'frequencies': [2412, 2412]}
0 0 0 0 1 1 1 1 1783360533815495492
{'names': ['NU-AP06165', 'NU-AP06163'], 'addresses': ['48:00:b3:5e:17:c1', '48:00:b3:5f:46:a0'], 'ssids': ['eduroam', 'iotroam'], 'signals': [-74, -59], 'timestamps': [1.7833605337022956e+18, 1.7833605337022956e+18], 'frequencies': [2412, 2412]}
0 0 0 0 1 1 1 1 1783360533866590222
{'names': ['NU-AP06165', 'NU-AP06163'], 'addresses': ['48:00:b3:5e:17:c1', '48:00:b3:5f:46:a0'], 'ssids': ['eduroam', 'iotroam'], 'signals': [-74, -59], 'timestamps': [1.7833605337022956e+18, 1.7833605337022956e+18], 'frequencies': [2412, 2412]}
2 2 2 2 1 1 1 1 1783360533917291834
{'names': ['NU-AP06165', 'NU-AP06163', 'NU-AP06167', 'NU-AP06164'], 'addresses': ['48:00:b3:5e:17:c1', '48:00:b3:5f:46:a0', '48:00:b3:5e:0b:e0', '48:00:b3:5f:72:e0'], 'ssids': ['eduroam', 'iotroam', 'iotroam', 'iotroam'], 'signals': [-74, -59, -65, -56], 'timestamps': [1.7833605337022956e+18, 1.7833605337022956e+18, 1.7833605338692918e+18, 1.7833605338682918e+18], 'frequencies': [2412, 2412, 2437, 2437]}
2 2 2 2 1 1 1 1 1783360533969317951
{'names': ['NU-AP06165', 'NU-AP06163', 'NU-AP06167', 'NU-AP06164'], 'addresses': ['48:00:b3:5e:17:c1', '48:00:b3:5f:46:a0', '48:00:b3:5e:0b:e0', '48:00:b3:5f:72:e0'], 'ssids': ['eduroam', 'iotroam', 'iotroam', 'iotroam'], 'signals': [-74, -59, -65, -56], 'timestamps': [1.7833605337022956e+18, 1.7833605337022956e+18, 1.783360533869318e+18, 1.783360533868318e+18], 'frequencies': [2412, 2412, 2437, 2437]}
0 0 0 0 1 1 1 1 1783360534023306360
{'names': ['NU-AP06165', 'NU-AP06163', 'NU-AP06167', 'NU-AP06164'], 'addresses': ['48:00:b3:5e:17:c1', '48:00:b3:5f:46:a0', '48:00:b3:5e:0b:e0', '48:00:b3:5f:72:e0'], 'ssids': ['eduroam', 'iotroam', 'iotroam', 'iotroam'], 'signals': [-74, -59, -65, -56], 'timestamps': [1.7833605337022956e+18, 1.7833605337022956e+18, 1.783360533869318e+18, 1.783360533868318e+18], 'frequencies': [2412, 2412, 2437, 2437]}
0 0 0 0 1 1 1 1 1783360534077245582
{'names': ['NU-AP06165', 'NU-AP06163', 'NU-AP06167', 'NU-AP06164'], 'addresses': ['48:00:b3:5e:17:c1', '48:00:b3:5f:46:a0', '48:00:b3:5e:0b:e0', '48:00:b3:5f:72:e0'], 'ssids': ['eduroam', 'iotroam', 'iotroam', 'iotroam'], 'signals': [-74, -59, -65, -56], 'timestamps': [1.7833605337022956e+18, 1.7833605337022956e+18, 1.783360533869318e+18, 1.783360533868318e+18], 'frequencies': [2412, 2412, 2437, 2437]}
0 0 0 0 1 1 1 1 1783360534135292576
{'names': ['NU-AP06165', 'NU-AP06163', 'NU-AP06167', 'NU-AP06164'], 'addresses': ['48:00:b3:5e:17:c1', '48:00:b3:5f:46:a0', '48:00:b3:5e:0b:e0', '48:00:b3:5f:72:e0'], 'ssids': ['eduroam', 'iotroam', 'iotroam', 'iotroam'], 'signals': [-74, -59, -65, -56], 'timestamps': [1.7833605337022956e+18, 1.7833605337022956e+18, 1.783360533869318e+18, 1.783360533868318e+18], 'frequencies': [2412, 2412, 2437, 2437]}
2 2 2 2 1 1 1 1 1783360534194655195
{'names': ['NU-AP06165', 'NU-AP06163', 'NU-AP06167', 'NU-AP06164'], 'addresses': ['48:00:b3:5e:17:c1', '48:00:b3:5f:46:a0', '48:00:b3:5e:0b:e0', '48:00:b3:5f:72:e0'], 'ssids': ['eduroam', 'iotroam', 'iotroam', 'iotroam'], 'signals': [-74, -59, -65, -56], 'timestamps': [1.7833605337022956e+18, 1.7833605337022956e+18, 1.7833605338696553e+18, 1.783360533868655e+18], 'frequencies': [2412, 2412, 2437, 2437]}
0 0 0 0 1 1 1 1 1783360534252500928
{'names': ['NU-AP06165', 'NU-AP06163', 'NU-AP06167', 'NU-AP06164'], 'addresses': ['48:00:b3:5e:17:c1', '48:00:b3:5f:46:a0', '48:00:b3:5e:0b:e0', '48:00:b3:5f:72:e0'], 'ssids': ['eduroam', 'iotroam', 'iotroam', 'iotroam'], 'signals': [-74, -59, -65, -56], 'timestamps': [1.7833605337022956e+18, 1.7833605337022956e+18, 1.7833605338696553e+18, 1.783360533868655e+18], 'frequencies': [2412, 2412, 2437, 2437]}
0 0 0 0 1 1 1 1 1783360534311515235
{'names': ['NU-AP06165', 'NU-AP06163', 'NU-AP06167', 'NU-AP06164'], 'addresses': ['48:00:b3:5e:17:c1', '48:00:b3:5f:46:a0', '48:00:b3:5e:0b:e0', '48:00:b3:5f:72:e0'], 'ssids': ['eduroam', 'iotroam', 'iotroam', 'iotroam'], 'signals': [-74, -59, -65, -56], 'timestamps': [1.7833605337022956e+18, 1.7833605337022956e+18, 1.7833605338696553e+18, 1.783360533868655e+18], 'frequencies': [2412, 2412, 2437, 2437]}
0 0 0 0 1 1 1 1 1783360534368455383
{'names': ['NU-AP06165', 'NU-AP06163', 'NU-AP06167', 'NU-AP06164'], 'addresses': ['48:00:b3:5e:17:c1', '48:00:b3:5f:46:a0', '48:00:b3:5e:0b:e0', '48:00:b3:5f:72:e0'], 'ssids': ['eduroam', 'iotroam', 'iotroam', 'iotroam'], 'signals': [-74, -59, -65, -56], 'timestamps': [1.7833605337022956e+18, 1.7833605337022956e+18, 1.7833605338696553e+18, 1.783360533868655e+18], 'frequencies': [2412, 2412, 2437, 2437]}
2 2 2 2 1 1 1 1 1783360534425757059
{'names': ['NU-AP06165', 'NU-AP06163', 'NU-AP06167', 'NU-AP06164'], 'addresses': ['48:00:b3:5e:17:c1', '48:00:b3:5f:46:a0', '48:00:b3:5e:0b:e0', '48:00:b3:5f:72:e0'], 'ssids': ['eduroam', 'iotroam', 'iotroam', 'iotroam'], 'signals': [-74, -59, -65, -56], 'timestamps': [1.7833605337022956e+18, 1.7833605337022956e+18, 1.7833605338697572e+18, 1.7833605338687572e+18], 'frequencies': [2412, 2412, 2437, 2437]}
0 0 0 0 1 1 1 1 1783360534484591432
{'names': ['NU-AP06165', 'NU-AP06163', 'NU-AP06167', 'NU-AP06164'], 'addresses': ['48:00:b3:5e:17:c1', '48:00:b3:5f:46:a0', '48:00:b3:5e:0b:e0', '48:00:b3:5f:72:e0'], 'ssids': ['eduroam', 'iotroam', 'iotroam', 'iotroam'], 'signals': [-74, -59, -65, -56], 'timestamps': [1.7833605337022956e+18, 1.7833605337022956e+18, 1.7833605338697572e+18, 1.7833605338687572e+18], 'frequencies': [2412, 2412, 2437, 2437]}
2 2 2 2 1 1 1 1 1783360534541862047
{'names': ['NU-AP06165', 'NU-AP06163', 'NU-AP06167', 'NU-AP06164'], 'addresses': ['48:00:b3:5e:17:c1', '48:00:b3:5f:46:a0', '48:00:b3:5e:0b:e0', '48:00:b3:5f:72:e0'], 'ssids': ['eduroam', 'iotroam', 'iotroam', 'iotroam'], 'signals': [-74, -59, -65, -56], 'timestamps': [1.7833605337022956e+18, 1.7833605337022956e+18, 1.7833605338698621e+18, 1.7833605338688622e+18], 'frequencies': [2412, 2412, 2437, 2437]}
2 2 2 2 1 1 1 1 1783360534598948722
{'names': ['NU-AP06165', 'NU-AP06163', 'NU-AP06167', 'NU-AP06164'], 'addresses': ['48:00:b3:5e:17:c1', '48:00:b3:5f:46:a0', '48:00:b3:5e:0b:e0', '48:00:b3:5f:72:e0'], 'ssids': ['eduroam', 'iotroam', 'iotroam', 'iotroam'], 'signals': [-74, -59, -65, -56], 'timestamps': [1.7833605337022956e+18, 1.7833605337022956e+18, 1.7833605338699487e+18, 1.7833605338689485e+18], 'frequencies': [2412, 2412, 2437, 2437]}
4 4 3 3 1 1 1 1 1783360534655584549
{'names': ['NU-AP06165', 'NU-AP06163', 'NU-AP06167', 'NU-AP06164'], 'addresses': ['48:00:b3:5e:17:c1', '48:00:b3:5f:46:a0', '48:00:b3:5e:0b:e0', '48:00:b3:5f:72:e0'], 'ssids': ['eduroam', 'iotroam', 'iotroam', 'iotroam'], 'signals': [-74, -59, -65, -56], 'timestamps': [1.7833605337025846e+18, 1.7833605337025846e+18, 1.7833605338705846e+18, 1.7833605338695844e+18], 'frequencies': [2412, 2412, 2437, 2437]}
0 0 0 0 1 1 1 1 1783360534720009174
{'names': ['NU-AP06165', 'NU-AP06163', 'NU-AP06167', 'NU-AP06164'], 'addresses': ['48:00:b3:5e:17:c1', '48:00:b3:5f:46:a0', '48:00:b3:5e:0b:e0', '48:00:b3:5f:72:e0'], 'ssids': ['eduroam', 'iotroam', 'iotroam', 'iotroam'], 'signals': [-74, -59, -65, -56], 'timestamps': [1.7833605337025846e+18, 1.7833605337025846e+18, 1.7833605338705846e+18, 1.7833605338695844e+18], 'frequencies': [2412, 2412, 2437, 2437]}
0 0 0 0 1 1 1 1 1783360534778462271
{'names': ['NU-AP06165', 'NU-AP06163', 'NU-AP06167', 'NU-AP06164'], 'addresses': ['48:00:b3:5e:17:c1', '48:00:b3:5f:46:a0', '48:00:b3:5e:0b:e0', '48:00:b3:5f:72:e0'], 'ssids': ['eduroam', 'iotroam', 'iotroam', 'iotroam'], 'signals': [-74, -59, -65, -56], 'timestamps': [1.7833605337025846e+18, 1.7833605337025846e+18, 1.7833605338705846e+18, 1.7833605338695844e+18], 'frequencies': [2412, 2412, 2437, 2437]}
0 0 0 0 1 1 1 1 1783360534837138658
{'names': ['NU-AP06165', 'NU-AP06163', 'NU-AP06167', 'NU-AP06164'], 'addresses': ['48:00:b3:5e:17:c1', '48:00:b3:5f:46:a0', '48:00:b3:5e:0b:e0', '48:00:b3:5f:72:e0'], 'ssids': ['eduroam', 'iotroam', 'iotroam', 'iotroam'], 'signals': [-74, -59, -65, -56], 'timestamps': [1.7833605337025846e+18, 1.7833605337025846e+18, 1.7833605338705846e+18, 1.7833605338695844e+18], 'frequencies': [2412, 2412, 2437, 2437]}
0 0 0 0 1 1 1 1 1783360534894400363
{'names': ['NU-AP06165', 'NU-AP06163', 'NU-AP06167', 'NU-AP06164'], 'addresses': ['48:00:b3:5e:17:c1', '48:00:b3:5f:46:a0', '48:00:b3:5e:0b:e0', '48:00:b3:5f:72:e0'], 'ssids': ['eduroam', 'iotroam', 'iotroam', 'iotroam'], 'signals': [-74, -59, -65, -56], 'timestamps': [1.7833605337025846e+18, 1.7833605337025846e+18, 1.7833605338705846e+18, 1.7833605338695844e+18], 'frequencies': [2412, 2412, 2437, 2437]}
0 0 0 0 1 1 1 1 1783360534952072593
{'names': ['NU-AP06165', 'NU-AP06163', 'NU-AP06167', 'NU-AP06164'], 'addresses': ['48:00:b3:5e:17:c1', '48:00:b3:5f:46:a0', '48:00:b3:5e:0b:e0', '48:00:b3:5f:72:e0'], 'ssids': ['eduroam', 'iotroam', 'iotroam', 'iotroam'], 'signals': [-74, -59, -65, -56], 'timestamps': [1.7833605337025846e+18, 1.7833605337025846e+18, 1.7833605338705846e+18, 1.7833605338695844e+18], 'frequencies': [2412, 2412, 2437, 2437]}
0 0 0 0 1 1 1 1 1783360535012049391
{'names': ['NU-AP06165', 'NU-AP06163', 'NU-AP06167', 'NU-AP06164'], 'addresses': ['48:00:b3:5e:17:c1', '48:00:b3:5f:46:a0', '48:00:b3:5e:0b:e0', '48:00:b3:5f:72:e0'], 'ssids': ['eduroam', 'iotroam', 'iotroam', 'iotroam'], 'signals': [-74, -59, -65, -56], 'timestamps': [1.7833605337025846e+18, 1.7833605337025846e+18, 1.7833605338705846e+18, 1.7833605338695844e+18], 'frequencies': [2412, 2412, 2437, 2437]}
0 0 0 0 1 1 1 1 1783360535070607964
{'names': ['NU-AP06165', 'NU-AP06163', 'NU-AP06167', 'NU-AP06164'], 'addresses': ['48:00:b3:5e:17:c1', '48:00:b3:5f:46:a0', '48:00:b3:5e:0b:e0', '48:00:b3:5f:72:e0'], 'ssids': ['eduroam', 'iotroam', 'iotroam', 'iotroam'], 'signals': [-74, -59, -65, -56], 'timestamps': [1.7833605337025846e+18, 1.7833605337025846e+18, 1.7833605338705846e+18, 1.7833605338695844e+18], 'frequencies': [2412, 2412, 2437, 2437]}
0 0 0 0 1 1 1 1 1783360535127780015
{'names': ['NU-AP06165', 'NU-AP06163', 'NU-AP06167', 'NU-AP06164'], 'addresses': ['48:00:b3:5e:17:c1', '48:00:b3:5f:46:a0', '48:00:b3:5e:0b:e0', '48:00:b3:5f:72:e0'], 'ssids': ['eduroam', 'iotroam', 'iotroam', 'iotroam'], 'signals': [-74, -59, -65, -56], 'timestamps': [1.7833605337025846e+18, 1.7833605337025846e+18, 1.7833605338705846e+18, 1.7833605338695844e+18], 'frequencies': [2412, 2412, 2437, 2437]}
0 0 0 0 1 1 1 1 1783360535184590903
{'names': ['NU-AP06165', 'NU-AP06163', 'NU-AP06167', 'NU-AP06164'], 'addresses': ['48:00:b3:5e:17:c1', '48:00:b3:5f:46:a0', '48:00:b3:5e:0b:e0', '48:00:b3:5f:72:e0'], 'ssids': ['eduroam', 'iotroam', 'iotroam', 'iotroam'], 'signals': [-74, -59, -65, -56], 'timestamps': [1.7833605337025846e+18, 1.7833605337025846e+18, 1.7833605338705846e+18, 1.7833605338695844e+18], 'frequencies': [2412, 2412, 2437, 2437]}
0 0 0 0 1 1 1 1 1783360535242746977
{'names': ['NU-AP06165', 'NU-AP06163', 'NU-AP06167', 'NU-AP06164'], 'addresses': ['48:00:b3:5e:17:c1', '48:00:b3:5f:46:a0', '48:00:b3:5e:0b:e0', '48:00:b3:5f:72:e0'], 'ssids': ['eduroam', 'iotroam', 'iotroam', 'iotroam'], 'signals': [-74, -59, -65, -56], 'timestamps': [1.7833605337025846e+18, 1.7833605337025846e+18, 1.7833605338705846e+18, 1.7833605338695844e+18], 'frequencies': [2412, 2412, 2437, 2437]}
0 0 0 0 1 1 1 1 1783360535299771329
{'names': ['NU-AP06165', 'NU-AP06163', 'NU-AP06167', 'NU-AP06164'], 'addresses': ['48:00:b3:5e:17:c1', '48:00:b3:5f:46:a0', '48:00:b3:5e:0b:e0', '48:00:b3:5f:72:e0'], 'ssids': ['eduroam', 'iotroam', 'iotroam', 'iotroam'], 'signals': [-74, -59, -65, -56], 'timestamps': [1.7833605337025846e+18, 1.7833605337025846e+18, 1.7833605338705846e+18, 1.7833605338695844e+18], 'frequencies': [2412, 2412, 2437, 2437]}
0 0 0 0 1 1 1 1 1783360535358202510
{'names': ['NU-AP06165', 'NU-AP06163', 'NU-AP06167', 'NU-AP06164'], 'addresses': ['48:00:b3:5e:17:c1', '48:00:b3:5f:46:a0', '48:00:b3:5e:0b:e0', '48:00:b3:5f:72:e0'], 'ssids': ['eduroam', 'iotroam', 'iotroam', 'iotroam'], 'signals': [-74, -59, -65, -56], 'timestamps': [1.7833605337025846e+18, 1.7833605337025846e+18, 1.7833605338705846e+18, 1.7833605338695844e+18], 'frequencies': [2412, 2412, 2437, 2437]}
0 0 0 0 1 1 1 1 1783360535416282712
{'names': ['NU-AP06165', 'NU-AP06163', 'NU-AP06167', 'NU-AP06164'], 'addresses': ['48:00:b3:5e:17:c1', '48:00:b3:5f:46:a0', '48:00:b3:5e:0b:e0', '48:00:b3:5f:72:e0'], 'ssids': ['eduroam', 'iotroam', 'iotroam', 'iotroam'], 'signals': [-74, -59, -65, -56], 'timestamps': [1.7833605337025846e+18, 1.7833605337025846e+18, 1.7833605338705846e+18, 1.7833605338695844e+18], 'frequencies': [2412, 2412, 2437, 2437]}
0 0 0 0 1 1 1 1 1783360535475442333
{'names': ['NU-AP06165', 'NU-AP06163', 'NU-AP06167', 'NU-AP06164'], 'addresses': ['48:00:b3:5e:17:c1', '48:00:b3:5f:46:a0', '48:00:b3:5e:0b:e0', '48:00:b3:5f:72:e0'], 'ssids': ['eduroam', 'iotroam', 'iotroam', 'iotroam'], 'signals': [-74, -59, -65, -56], 'timestamps': [1.7833605337025846e+18, 1.7833605337025846e+18, 1.7833605338705846e+18, 1.7833605338695844e+18], 'frequencies': [2412, 2412, 2437, 2437]}
0 0 0 0 1 1 1 1 1783360535533337736
{'names': ['NU-AP06165', 'NU-AP06163', 'NU-AP06167', 'NU-AP06164'], 'addresses': ['48:00:b3:5e:17:c1', '48:00:b3:5f:46:a0', '48:00:b3:5e:0b:e0', '48:00:b3:5f:72:e0'], 'ssids': ['eduroam', 'iotroam', 'iotroam', 'iotroam'], 'signals': [-74, -59, -65, -56], 'timestamps': [1.7833605337025846e+18, 1.7833605337025846e+18, 1.7833605338705846e+18, 1.7833605338695844e+18], 'frequencies': [2412, 2412, 2437, 2437]}
0 0 0 0 1 1 1 1 1783360535591085757
{'names': ['NU-AP06165', 'NU-AP06163', 'NU-AP06167', 'NU-AP06164'], 'addresses': ['48:00:b3:5e:17:c1', '48:00:b3:5f:46:a0', '48:00:b3:5e:0b:e0', '48:00:b3:5f:72:e0'], 'ssids': ['eduroam', 'iotroam', 'iotroam', 'iotroam'], 'signals': [-74, -59, -65, -56], 'timestamps': [1.7833605337025846e+18, 1.7833605337025846e+18, 1.7833605338705846e+18, 1.7833605338695844e+18], 'frequencies': [2412, 2412, 2437, 2437]}
0 0 0 0 1 1 1 1 1783360535648660616
{'names': ['NU-AP06165', 'NU-AP06163', 'NU-AP06167', 'NU-AP06164', 'NU-AP06163'], 'addresses': ['48:00:b3:5e:17:c1', '48:00:b3:5f:46:a0', '48:00:b3:5e:0b:e0', '48:00:b3:5f:72:e0', '48:00:b3:5f:46:ae'], 'ssids': ['eduroam', 'iotroam', 'iotroam', 'iotroam', 'eduroam'], 'signals': [-74, -59, -65, -56, -65], 'timestamps': [1.7833605337025846e+18, 1.7833605337025846e+18, 1.7833605338705846e+18, 1.7833605338695844e+18, 1.7833605356126607e+18], 'frequencies': [2412, 2412, 2437, 2437, 5500]}
0 0 0 0 1 1 1 1 1783360535709506600
{'names': ['NU-AP06165', 'NU-AP06163', 'NU-AP06167', 'NU-AP06164', 'NU-AP06163'], 'addresses': ['48:00:b3:5e:17:c1', '48:00:b3:5f:46:a0', '48:00:b3:5e:0b:e0', '48:00:b3:5f:72:e0', '48:00:b3:5f:46:ae'], 'ssids': ['eduroam', 'iotroam', 'iotroam', 'iotroam', 'eduroam'], 'signals': [-74, -59, -65, -56, -65], 'timestamps': [1.7833605337025846e+18, 1.7833605337025846e+18, 1.7833605338705846e+18, 1.7833605338695844e+18, 1.7833605356135066e+18], 'frequencies': [2412, 2412, 2437, 2437, 5500]}
4 4 3 3 1 1 1 1 1783360535821571206
{'names': ['NU-AP06165', 'NU-AP06163', 'NU-AP06167', 'NU-AP06164', 'NU-AP06163'], 'addresses': ['48:00:b3:5e:17:c1', '48:00:b3:5f:46:a0', '48:00:b3:5e:0b:e0', '48:00:b3:5f:72:e0', '48:00:b3:5f:46:ae'], 'ssids': ['eduroam', 'iotroam', 'iotroam', 'iotroam', 'eduroam'], 'signals': [-74, -59, -65, -56, -65], 'timestamps': [1.7833605337035715e+18, 1.7833605337035715e+18, 1.7833605338715715e+18, 1.7833605338705713e+18, 1.7833605356145713e+18], 'frequencies': [2412, 2412, 2437, 2437, 5500]}
0 0 0 0 1 1 1 1 1783360535894321944
{'names': ['NU-AP06165', 'NU-AP06163', 'NU-AP06167', 'NU-AP06164', 'NU-AP06163', 'NU-AP06164'], 'addresses': ['48:00:b3:5e:17:c1', '48:00:b3:5f:46:a0', '48:00:b3:5e:0b:e0', '48:00:b3:5f:72:e0', '48:00:b3:5f:46:ae', '48:00:b3:5f:72:ef'], 'ssids': ['eduroam', 'iotroam', 'iotroam', 'iotroam', 'eduroam', 'iotroam'], 'signals': [-74, -59, -65, -56, -65, -63], 'timestamps': [1.7833605337035715e+18, 1.7833605337035715e+18, 1.7833605338715715e+18, 1.7833605338705713e+18, 1.7833605356145713e+18, 1.7833605358833219e+18], 'frequencies': [2412, 2412, 2437, 2437, 5500, 5540]}
0 0 0 0 1 1 1 1 1783360536216560166
{'names': ['NU-AP06165', 'NU-AP06163', 'NU-AP06167', 'NU-AP06164', 'NU-AP06163', 'NU-AP06164'], 'addresses': ['48:00:b3:5e:17:c1', '48:00:b3:5f:46:a0', '48:00:b3:5e:0b:e0', '48:00:b3:5f:72:e0', '48:00:b3:5f:46:ae', '48:00:b3:5f:72:ef'], 'ssids': ['eduroam', 'iotroam', 'iotroam', 'iotroam', 'eduroam', 'iotroam'], 'signals': [-74, -59, -65, -56, -65, -63], 'timestamps': [1.7833605337035715e+18, 1.7833605337035715e+18, 1.7833605338715715e+18, 1.7833605338705713e+18, 1.7833605356145713e+18, 1.7833605358835602e+18], 'frequencies': [2412, 2412, 2437, 2437, 5500, 5540]}
0 0 0 0 1 1 1 1 1783360536348644528
{'names': ['NU-AP06165', 'NU-AP06163', 'NU-AP06167', 'NU-AP06164', 'NU-AP06163', 'NU-AP06164'], 'addresses': ['48:00:b3:5e:17:c1', '48:00:b3:5f:46:a0', '48:00:b3:5e:0b:e0', '48:00:b3:5f:72:e0', '48:00:b3:5f:46:ae', '48:00:b3:5f:72:ef'], 'ssids': ['eduroam', 'iotroam', 'iotroam', 'iotroam', 'eduroam', 'iotroam'], 'signals': [-74, -59, -65, -56, -65, -63], 'timestamps': [1.7833605337035715e+18, 1.7833605337035715e+18, 1.7833605338715715e+18, 1.7833605338705713e+18, 1.7833605356145713e+18, 1.7833605358836447e+18], 'frequencies': [2412, 2412, 2437, 2437, 5500, 5540]}
0 0 0 0 1 1 0 0 1783360536847373248
{'names': ['NU-AP06165', 'NU-AP06163', 'NU-AP06167', 'NU-AP06164', 'NU-AP06163', 'NU-AP06164', 'NU-AP06167'], 'addresses': ['48:00:b3:5e:17:c1', '48:00:b3:5f:46:a0', '48:00:b3:5e:0b:e0', '48:00:b3:5f:72:e0', '48:00:b3:5f:46:ae', '48:00:b3:5f:72:ef', '48:00:b3:5e:0b:ef'], 'ssids': ['eduroam', 'iotroam', 'iotroam', 'iotroam', 'eduroam', 'iotroam', 'iotroam'], 'signals': [-74, -59, -65, -56, -65, -63, -75], 'timestamps': [1.7833605337035715e+18, 1.7833605337035715e+18, 1.7833605338715715e+18, 1.7833605338705713e+18, 1.7833605356145713e+18, 1.7833605358836447e+18, 1.7833605367863734e+18], 'frequencies': [2412, 2412, 2437, 2437, 5500, 5540, 5660]}
0 0 0 0 2 2 1 1 1783360537267669037
{'names': ['NU-AP06165', 'NU-AP06163', 'NU-AP06167', 'NU-AP06164', 'NU-AP06163', 'NU-AP06164', 'NU-AP06167'], 'addresses': ['48:00:b3:5e:17:c1', '48:00:b3:5f:46:a0', '48:00:b3:5e:0b:e0', '48:00:b3:5f:72:e0', '48:00:b3:5f:46:ae', '48:00:b3:5f:72:ef', '48:00:b3:5e:0b:ef'], 'ssids': ['eduroam', 'iotroam', 'iotroam', 'iotroam', 'eduroam', 'iotroam', 'iotroam'], 'signals': [-74, -59, -65, -56, -65, -63, -75], 'timestamps': [1.7833605337035715e+18, 1.7833605337035715e+18, 1.7833605338715715e+18, 1.7833605338705713e+18, 1.7833605356145713e+18, 1.783360535883669e+18, 1.783360536786669e+18], 'frequencies': [2412, 2412, 2437, 2437, 5500, 5540, 5660]}
4 4 3 3 3 3 2 2 1783360537635325708
{'names': ['NU-AP06165', 'NU-AP06163', 'NU-AP06167', 'NU-AP06164', 'NU-AP06163', 'NU-AP06164', 'NU-AP06167'], 'addresses': ['48:00:b3:5e:17:c1', '48:00:b3:5f:46:a0', '48:00:b3:5e:0b:e0', '48:00:b3:5f:72:e0', '48:00:b3:5f:46:ae', '48:00:b3:5f:72:ef', '48:00:b3:5e:0b:ef'], 'ssids': ['eduroam', 'iotroam', 'iotroam', 'iotroam', 'eduroam', 'iotroam', 'iotroam'], 'signals': [-74, -59, -65, -56, -65, -63, -75], 'timestamps': [1.7833605337043256e+18, 1.7833605337043256e+18, 1.7833605338723256e+18, 1.7833605338713257e+18, 1.7833605356153257e+18, 1.7833605358853258e+18, 1.7833605367883256e+18], 'frequencies': [2412, 2412, 2437, 2437, 5500, 5540, 5660]}
1 1 0 0 0 0 0 0 1783360538065978182
{'names': ['NU-AP06165', 'NU-AP06163', 'NU-AP06167', 'NU-AP06164', 'NU-AP06163', 'NU-AP06164', 'NU-AP06167'], 'addresses': ['48:00:b3:5e:17:c1', '48:00:b3:5f:46:a0', '48:00:b3:5e:0b:e0', '48:00:b3:5f:72:e0', '48:00:b3:5f:46:ae', '48:00:b3:5f:72:ef', '48:00:b3:5e:0b:ef'], 'ssids': ['eduroam', 'iotroam', 'iotroam', 'iotroam', 'eduroam', 'iotroam', 'iotroam'], 'signals': [-75, -59, -65, -56, -65, -63, -75], 'timestamps': [1.783360538055978e+18, 1.7833605337043256e+18, 1.7833605338723256e+18, 1.7833605338713257e+18, 1.7833605356153257e+18, 1.7833605358853258e+18, 1.7833605367883256e+18], 'frequencies': [2412, 2412, 2437, 2437, 5500, 5540, 5660]}
2 2 2 2 0 0 0 0 1783360538263628362
{'names': ['NU-AP06165', 'NU-AP06163', 'NU-AP06167', 'NU-AP06164', 'NU-AP06163', 'NU-AP06164', 'NU-AP06167'], 'addresses': ['48:00:b3:5e:17:c1', '48:00:b3:5f:46:a0', '48:00:b3:5e:0b:e0', '48:00:b3:5f:72:e0', '48:00:b3:5f:46:ae', '48:00:b3:5f:72:ef', '48:00:b3:5e:0b:ef'], 'ssids': ['eduroam', 'iotroam', 'iotroam', 'iotroam', 'eduroam', 'iotroam', 'iotroam'], 'signals': [-75, -59, -66, -57, -65, -63, -75], 'timestamps': [1.783360538055978e+18, 1.7833605337043256e+18, 1.7833605382196283e+18, 1.7833605382366282e+18, 1.7833605356153257e+18, 1.7833605358853258e+18, 1.7833605367883256e+18], 'frequencies': [2412, 2412, 2437, 2437, 5500, 5540, 5660]}
3 3 2 2 0 0 0 0 1783360538334017771
{'names': ['NU-AP06165', 'NU-AP06163', 'NU-AP06167', 'NU-AP06164', 'NU-AP06163', 'NU-AP06164', 'NU-AP06167'], 'addresses': ['48:00:b3:5e:17:c1', '48:00:b3:5f:46:a0', '48:00:b3:5e:0b:e0', '48:00:b3:5f:72:e0', '48:00:b3:5f:46:ae', '48:00:b3:5f:72:ef', '48:00:b3:5e:0b:ef'], 'ssids': ['eduroam', 'iotroam', 'iotroam', 'iotroam', 'eduroam', 'iotroam', 'iotroam'], 'signals': [-75, -59, -66, -57, -65, -63, -75], 'timestamps': [1.783360538056018e+18, 1.7833605337043256e+18, 1.7833605382200177e+18, 1.7833605382370179e+18, 1.7833605356153257e+18, 1.7833605358853258e+18, 1.7833605367883256e+18], 'frequencies': [2412, 2412, 2437, 2437, 5500, 5540, 5660]}
3 3 2 2 0 0 0 0 1783360538624597195
{'names': ['NU-AP06165', 'NU-AP06163', 'NU-AP06167', 'NU-AP06164', 'NU-AP06163', 'NU-AP06164', 'NU-AP06167'], 'addresses': ['48:00:b3:5e:17:c1', '48:00:b3:5f:46:a0', '48:00:b3:5e:0b:e0', '48:00:b3:5f:72:e0', '48:00:b3:5f:46:ae', '48:00:b3:5f:72:ef', '48:00:b3:5e:0b:ef'], 'ssids': ['eduroam', 'iotroam', 'iotroam', 'iotroam', 'eduroam', 'iotroam', 'iotroam'], 'signals': [-75, -59, -66, -57, -65, -63, -75], 'timestamps': [1.7833605380565972e+18, 1.7833605337043256e+18, 1.7833605382205972e+18, 1.7833605382375972e+18, 1.7833605356153257e+18, 1.7833605358853258e+18, 1.7833605367883256e+18], 'frequencies': [2412, 2412, 2437, 2437, 5500, 5540, 5660]}
0 0 0 0 1 1 1 1 1783360540096889316
{'names': ['NU-AP06165', 'NU-AP06167', 'NU-AP06164', 'NU-AP06163', 'NU-AP06164', 'NU-AP06167'], 'addresses': ['48:00:b3:5e:17:c1', '48:00:b3:5e:0b:e0', '48:00:b3:5f:72:e0', '48:00:b3:5f:46:ae', '48:00:b3:5f:72:ef', '48:00:b3:5e:0b:ef'], 'ssids': ['eduroam', 'iotroam', 'iotroam', 'eduroam', 'iotroam', 'iotroam'], 'signals': [-75, -66, -57, -63, -63, -75], 'timestamps': [1.7833605380565972e+18, 1.7833605382205972e+18, 1.7833605382375972e+18, 1.7833605400478894e+18, 1.7833605358853258e+18, 1.7833605367883256e+18], 'frequencies': [2412, 2437, 2437, 5500, 5540, 5660]}
4 4 3 3 1 1 1 1 1783360540180886545
{'names': ['NU-AP06165', 'NU-AP06167', 'NU-AP06164', 'NU-AP06163', 'NU-AP06164', 'NU-AP06167'], 'addresses': ['48:00:b3:5e:17:c1', '48:00:b3:5e:0b:e0', '48:00:b3:5f:72:e0', '48:00:b3:5f:46:ae', '48:00:b3:5f:72:ef', '48:00:b3:5e:0b:ef'], 'ssids': ['eduroam', 'iotroam', 'iotroam', 'eduroam', 'iotroam', 'iotroam'], 'signals': [-75, -66, -57, -63, -63, -75], 'timestamps': [1.7833605380568865e+18, 1.7833605382208865e+18, 1.7833605382378865e+18, 1.7833605400488865e+18, 1.7833605358853258e+18, 1.7833605367883256e+18], 'frequencies': [2412, 2437, 2437, 5500, 5540, 5660]}
1 1 1 1 1 1 1 1 1783360540257816633
{'names': ['NU-AP06165', 'NU-AP06167', 'NU-AP06164', 'NU-AP06163', 'NU-AP06164', 'NU-AP06167'], 'addresses': ['48:00:b3:5e:17:c1', '48:00:b3:5e:0b:e0', '48:00:b3:5f:72:e0', '48:00:b3:5f:46:ae', '48:00:b3:5f:72:ef', '48:00:b3:5e:0b:ef'], 'ssids': ['eduroam', 'iotroam', 'iotroam', 'eduroam', 'iotroam', 'iotroam'], 'signals': [-75, -66, -57, -63, -61, -75], 'timestamps': [1.7833605380568865e+18, 1.7833605382208865e+18, 1.7833605382378865e+18, 1.7833605400488865e+18, 1.7833605402458166e+18, 1.7833605367883256e+18], 'frequencies': [2412, 2437, 2437, 5500, 5540, 5660]}
1 1 1 1 1 1 1 1 1783360540340489963
{'names': ['NU-AP06165', 'NU-AP06167', 'NU-AP06164', 'NU-AP06163', 'NU-AP06164', 'NU-AP06167'], 'addresses': ['48:00:b3:5e:17:c1', '48:00:b3:5e:0b:e0', '48:00:b3:5f:72:e0', '48:00:b3:5f:46:ae', '48:00:b3:5f:72:ef', '48:00:b3:5e:0b:ef'], 'ssids': ['eduroam', 'iotroam', 'iotroam', 'eduroam', 'iotroam', 'iotroam'], 'signals': [-75, -66, -57, -63, -61, -75], 'timestamps': [1.7833605380568865e+18, 1.7833605382208865e+18, 1.7833605382378865e+18, 1.7833605400488865e+18, 1.78336054024649e+18, 1.7833605367883256e+18], 'frequencies': [2412, 2437, 2437, 5500, 5540, 5660]}
