in the second of 01:00:00:
	1 new cells on 50-ALL
	1 new cells on 50-80
	1 new cells on 50-70
	1 new cells on 50-67
in the second of 19:07:43:
	8 new cells on 24-ALL
	8 new cells on 24-80
	8 new cells on 24-70
	8 new cells on 24-67
	23 new cells on 50-ALL
	23 new cells on 50-80
	23 new cells on 50-70
	23 new cells on 50-67
in the second of 19:07:45:
	6 new cells on 24-ALL
	6 new cells on 24-80
	6 new cells on 24-70
	6 new cells on 24-67
	18 new cells on 50-ALL
	18 new cells on 50-80
	18 new cells on 50-70
	17 new cells on 50-67
in the second of 19:07:46:
	10 new cells on 50-ALL
	10 new cells on 50-80
	8 new cells on 50-70
	2 new predictions on 24-ALL-tri
	2 new predictions on 24-80-tri
in the second of 19:07:47:
	4 new cells on 24-ALL
	4 new cells on 24-80
	4 new cells on 24-70
	4 new cells on 24-67
	6 new cells on 50-ALL
	6 new cells on 50-80
	4 new cells on 50-70
	2 new cells on 50-67
	2 new predictions on 24-ALL-tri
	2 new predictions on 24-80-tri
in the second of 19:07:48:
	15 new cells on 24-ALL
	15 new cells on 24-80
	11 new cells on 24-70
	11 new cells on 24-67
	2 new cells on 50-ALL
	1 new cells on 50-80
	1 new cells on 50-70
	1 new cells on 50-67
	6 new predictions on 24-ALL-tri
	6 new predictions on 24-80-tri
	1 new predictions on 24-ALL-mul
	6 new predictions on 50-ALL-tri
	6 new predictions on 50-80-tri
	5 new predictions on 50-70-tri
	5 new predictions on 50-67-tri
	5 new predictions on 50-ALL-mul
	5 new predictions on 50-80-mul
in the second of 19:07:49:
	8 new cells on 24-ALL
	8 new cells on 24-80
	6 new cells on 24-70
	6 new cells on 24-67
	9 new cells on 50-ALL
	7 new cells on 50-80
	4 new cells on 50-70
	3 new cells on 50-67
	3 new predictions on 24-ALL-tri
	3 new predictions on 24-80-tri
	3 new predictions on 24-ALL-mul
	3 new predictions on 50-ALL-tri
	3 new predictions on 50-80-tri
	3 new predictions on 50-70-tri
	3 new predictions on 50-67-tri
	3 new predictions on 50-ALL-mul
	3 new predictions on 50-80-mul
in the second of 19:07:51:
	1 new cells on 24-ALL
	1 new cells on 24-80
	2 new cells on 50-ALL
	2 new cells on 50-80
	3 new predictions on 24-ALL-tri
	3 new predictions on 24-80-tri
	3 new predictions on 24-ALL-mul
	3 new predictions on 50-ALL-tri
	3 new predictions on 50-80-tri
	3 new predictions on 50-70-tri
	3 new predictions on 50-67-tri
	3 new predictions on 50-ALL-mul
	3 new predictions on 50-80-mul
in the second of 19:07:52:
	13 new cells on 24-ALL
	13 new cells on 24-80
	10 new cells on 24-70
	10 new cells on 24-67
	3 new cells on 50-ALL
	3 new cells on 50-80
	1 new cells on 50-70
	1 new cells on 50-67
	5 new predictions on 24-ALL-tri
	5 new predictions on 24-80-tri
	5 new predictions on 24-ALL-mul
	5 new predictions on 50-ALL-tri
	5 new predictions on 50-80-tri
	5 new predictions on 50-70-tri
	5 new predictions on 50-67-tri
	5 new predictions on 50-ALL-mul
	5 new predictions on 50-80-mul
in the second of 19:07:53:
	3 new cells on 50-ALL
	3 new cells on 50-80
	2 new cells on 50-70
	2 new cells on 50-67
	3 new predictions on 24-ALL-tri
	3 new predictions on 24-80-tri
	3 new predictions on 24-ALL-mul
	3 new predictions on 50-ALL-tri
	3 new predictions on 50-80-tri
	3 new predictions on 50-70-tri
	3 new predictions on 50-67-tri
	3 new predictions on 50-ALL-mul
	3 new predictions on 50-80-mul
in the second of 19:07:55:
	1 new cells on 24-ALL
	1 new cells on 24-80
	1 new predictions on 24-ALL-tri
	1 new predictions on 24-80-tri
	1 new predictions on 50-ALL-tri
	1 new predictions on 50-80-tri
	1 new predictions on 50-70-tri
	1 new predictions on 50-67-tri
	1 new predictions on 50-ALL-mul
	1 new predictions on 50-80-mul
in the second of 19:07:56:
	13 new cells on 24-ALL
	13 new cells on 24-80
	9 new cells on 24-70
	9 new cells on 24-67
	1 new cells on 50-ALL
	1 new cells on 50-80
	5 new predictions on 24-ALL-tri
	5 new predictions on 24-80-tri
	5 new predictions on 50-ALL-tri
	5 new predictions on 50-80-tri
	5 new predictions on 50-70-tri
	5 new predictions on 50-67-tri
	5 new predictions on 50-ALL-mul
	5 new predictions on 50-80-mul
in the second of 19:07:57:
	8 new cells on 24-ALL
	8 new cells on 24-80
	6 new cells on 24-70
	6 new cells on 24-67
	8 new cells on 50-ALL
	8 new cells on 50-80
	8 new cells on 50-70
	8 new cells on 50-67
	5 new predictions on 24-ALL-tri
	5 new predictions on 24-80-tri
	5 new predictions on 50-ALL-tri
	5 new predictions on 50-80-tri
	5 new predictions on 50-70-tri
	5 new predictions on 50-67-tri
	5 new predictions on 50-ALL-mul
	5 new predictions on 50-80-mul
in the second of 19:07:58:
	6 new cells on 24-ALL
	6 new cells on 24-80
	3 new cells on 24-70
	3 new cells on 24-67
	3 new cells on 50-ALL
	3 new cells on 50-80
	2 new cells on 50-70
	2 new cells on 50-67
	2 new predictions on 24-ALL-tri
	2 new predictions on 24-80-tri
	2 new predictions on 50-ALL-tri
	2 new predictions on 50-80-tri
	2 new predictions on 50-70-tri
	2 new predictions on 50-67-tri
	2 new predictions on 50-ALL-mul
	2 new predictions on 50-80-mul
24-ALL-tri
[(12.995, 27.700, 42.664), (-1.2133029500320834e+20, 0.0), 1.2133029500320834e+20, 1783357666964134494, ['NU-AP06163', 'NU-AP06164', 'NU-AP06167'], [(16.350, 27.700, 50.030), (2.960, 27.700, 44.930), (6.580, 27.700, 59.750)], [-60, -68, -76]]
[(12.995, 27.700, 42.664), (-1.2133029501471231e+20, 0.0), 1.2133029501471231e+20, 1783357667133223878, ['NU-AP06163', 'NU-AP06164', 'NU-AP06167'], [(16.350, 27.700, 50.030), (2.960, 27.700, 44.930), (6.580, 27.700, 59.750)], [-60, -68, -76]]
[(12.995, 27.700, 42.664), (-1.2133029505559349e+20, 0.0), 1.2133029505559349e+20, 1783357667734110726, ['NU-AP06163', 'NU-AP06164', 'NU-AP06167'], [(16.350, 27.700, 50.030), (2.960, 27.700, 44.930), (6.580, 27.700, 59.750)], [-60, -68, -76]]
[(12.995, 27.700, 42.664), (-1.2133029508602893e+20, 0.0), 1.2133029508602893e+20, 1783357668181462293, ['NU-AP06163', 'NU-AP06164', 'NU-AP06167'], [(16.350, 27.700, 50.030), (2.960, 27.700, 44.930), (6.580, 27.700, 59.750)], [-60, -68, -76]]
[(12.995, 27.700, 42.664), (-1.2133029509001624e+20, 0.0), 1.2133029509001624e+20, 1783357668240068977, ['NU-AP06163', 'NU-AP06164', 'NU-AP06167'], [(16.350, 27.700, 50.030), (2.960, 27.700, 44.930), (6.580, 27.700, 59.750)], [-60, -68, -76]]
[(12.995, 27.700, 42.664), (-1.2133029510034655e+20, 0.0), 1.2133029510034655e+20, 1783357668391907526, ['NU-AP06163', 'NU-AP06164', 'NU-AP06167'], [(16.350, 27.700, 50.030), (2.960, 27.700, 44.930), (6.580, 27.700, 59.750)], [-60, -68, -76]]
[(12.995, 27.700, 42.664), (-1.2133029511317748e+20, 0.0), 1.2133029511317748e+20, 1783357668580501687, ['NU-AP06163', 'NU-AP06164', 'NU-AP06167'], [(16.350, 27.700, 50.030), (2.960, 27.700, 44.930), (6.580, 27.700, 59.750)], [-60, -68, -76]]
[(12.995, 27.700, 42.664), (-1.213302951436609e+20, 0.0), 1.213302951436609e+20, 1783357669028558278, ['NU-AP06163', 'NU-AP06164', 'NU-AP06167'], [(16.350, 27.700, 50.030), (2.960, 27.700, 44.930), (6.580, 27.700, 59.750)], [-60, -68, -76]]
[(12.995, 27.700, 42.664), (-1.2133029514795822e+20, 0.0), 1.2133029514795822e+20, 1783357669091721906, ['NU-AP06163', 'NU-AP06164', 'NU-AP06167'], [(16.350, 27.700, 50.030), (2.960, 27.700, 44.930), (6.580, 27.700, 59.750)], [-60, -68, -76]]
[(12.995, 27.700, 42.664), (-1.2133029520754593e+20, 0.0), 1.2133029520754593e+20, 1783357669967564207, ['NU-AP06163', 'NU-AP06164', 'NU-AP06167'], [(16.350, 27.700, 50.030), (2.960, 27.700, 44.930), (6.580, 27.700, 59.750)], [-60, -68, -76]]
[(12.995, 27.700, 42.664), (-1.2133029521777154e+20, 0.0), 1.2133029521777154e+20, 1783357670117864135, ['NU-AP06163', 'NU-AP06164', 'NU-AP06167'], [(16.350, 27.700, 50.030), (2.960, 27.700, 44.930), (6.580, 27.700, 59.750)], [-60, -68, -76]]
[(12.737, 27.700, 42.405), (-1.2133029522453396e+20, 0.0), 1.2133029522453396e+20, 1783357670217260435, ['NU-AP06163', 'NU-AP06164', 'NU-AP06167'], [(16.350, 27.700, 50.030), (2.960, 27.700, 44.930), (6.580, 27.700, 59.750)], [-60, -67, -76]]
[(11.976, 27.700, 44.403), (-1.2133029527973182e+20, 0.0), 1.2133029527973182e+20, 1783357671028578703, ['NU-AP06163', 'NU-AP06164', 'NU-AP06167'], [(16.350, 27.700, 50.030), (2.960, 27.700, 44.930), (6.580, 27.700, 59.750)], [-60, -67, -75]]
[(11.976, 27.700, 44.403), (-1.2133029529341308e+20, 0.0), 1.2133029529341308e+20, 1783357671229671615, ['NU-AP06163', 'NU-AP06164', 'NU-AP06167'], [(16.350, 27.700, 50.030), (2.960, 27.700, 44.930), (6.580, 27.700, 59.750)], [-60, -67, -75]]
[(11.976, 27.700, 44.403), (-1.2133029532097936e+20, 0.0), 1.2133029532097936e+20, 1783357671634850598, ['NU-AP06163', 'NU-AP06164', 'NU-AP06167'], [(16.350, 27.700, 50.030), (2.960, 27.700, 44.930), (6.580, 27.700, 59.750)], [-60, -67, -75]]
[(11.976, 27.700, 44.403), (-1.2133029535879304e+20, 0.0), 1.2133029535879304e+20, 1783357672190650132, ['NU-AP06163', 'NU-AP06164', 'NU-AP06167'], [(16.350, 27.700, 50.030), (2.960, 27.700, 44.930), (6.580, 27.700, 59.750)], [-60, -67, -75]]
[(11.976, 27.700, 44.403), (-1.213302953633585e+20, 0.0), 1.213302953633585e+20, 1783357672257755012, ['NU-AP06163', 'NU-AP06164', 'NU-AP06167'], [(16.350, 27.700, 50.030), (2.960, 27.700, 44.930), (6.580, 27.700, 59.750)], [-60, -67, -75]]
[(11.976, 27.700, 44.403), (-1.213302953726427e+20, 0.0), 1.213302953726427e+20, 1783357672394217418, ['NU-AP06163', 'NU-AP06164', 'NU-AP06167'], [(16.350, 27.700, 50.030), (2.960, 27.700, 44.930), (6.580, 27.700, 59.750)], [-60, -67, -75]]
[(11.976, 27.700, 44.403), (-1.2133029538228483e+20, 0.0), 1.2133029538228483e+20, 1783357672535941152, ['NU-AP06163', 'NU-AP06164', 'NU-AP06167'], [(16.350, 27.700, 50.030), (2.960, 27.700, 44.930), (6.580, 27.700, 59.750)], [-60, -67, -75]]
[(11.976, 27.700, 44.403), (-1.2133029539746554e+20, 0.0), 1.2133029539746554e+20, 1783357672759072972, ['NU-AP06163', 'NU-AP06164', 'NU-AP06167'], [(16.350, 27.700, 50.030), (2.960, 27.700, 44.930), (6.580, 27.700, 59.750)], [-60, -67, -75]]
[(11.976, 27.700, 44.403), (-1.2133029547793346e+20, 0.0), 1.2133029547793346e+20, 1783357673941820729, ['NU-AP06163', 'NU-AP06164', 'NU-AP06167'], [(16.350, 27.700, 50.030), (2.960, 27.700, 44.930), (6.580, 27.700, 59.750)], [-60, -67, -75]]
[(11.602, 27.700, 44.027), (-1.2133029549878002e+20, 0.0), 1.2133029549878002e+20, 1783357674248231218, ['NU-AP06163', 'NU-AP06164', 'NU-AP06167'], [(16.350, 27.700, 50.030), (2.960, 27.700, 44.930), (6.580, 27.700, 59.750)], [-60, -65, -75]]
[(11.602, 27.700, 44.027), (-1.213302955042418e+20, 0.0), 1.213302955042418e+20, 1783357674328509924, ['NU-AP06163', 'NU-AP06164', 'NU-AP06167'], [(16.350, 27.700, 50.030), (2.960, 27.700, 44.930), (6.580, 27.700, 59.750)], [-60, -65, -75]]
[(12.363, 27.700, 42.029), (-1.2133029554999132e+20, 0.0), 1.2133029554999132e+20, 1783357675000953115, ['NU-AP06163', 'NU-AP06164', 'NU-AP06167'], [(16.350, 27.700, 50.030), (2.960, 27.700, 44.930), (6.580, 27.700, 59.750)], [-60, -65, -76]]
[(12.363, 27.700, 42.029), (-1.213302956302063e+20, 0.0), 1.213302956302063e+20, 1783357676179983545, ['NU-AP06163', 'NU-AP06164', 'NU-AP06167'], [(16.350, 27.700, 50.030), (2.960, 27.700, 44.930), (6.580, 27.700, 59.750)], [-60, -65, -76]]
[(12.363, 27.700, 42.029), (-1.2133029564035428e+20, 0.0), 1.2133029564035428e+20, 1783357676329141505, ['NU-AP06163', 'NU-AP06164', 'NU-AP06167'], [(16.350, 27.700, 50.030), (2.960, 27.700, 44.930), (6.580, 27.700, 59.750)], [-60, -65, -76]]
[(12.363, 27.700, 42.029), (-1.2133029564521082e+20, 0.0), 1.2133029564521082e+20, 1783357676400525056, ['NU-AP06163', 'NU-AP06164', 'NU-AP06167'], [(16.350, 27.700, 50.030), (2.960, 27.700, 44.930), (6.580, 27.700, 59.750)], [-60, -65, -76]]
[(12.363, 27.700, 42.029), (-1.2133029565492247e+20, 0.0), 1.2133029565492247e+20, 1783357676543270343, ['NU-AP06163', 'NU-AP06164', 'NU-AP06167'], [(16.350, 27.700, 50.030), (2.960, 27.700, 44.930), (6.580, 27.700, 59.750)], [-60, -65, -76]]
[(12.363, 27.700, 42.029), (-1.2133029567012726e+20, 0.0), 1.2133029567012726e+20, 1783357676766756337, ['NU-AP06163', 'NU-AP06164', 'NU-AP06167'], [(16.350, 27.700, 50.030), (2.960, 27.700, 44.930), (6.580, 27.700, 59.750)], [-60, -65, -76]]
[(12.363, 27.700, 42.029), (-1.2133029573075519e+20, 0.0), 1.2133029573075519e+20, 1783357677657887683, ['NU-AP06163', 'NU-AP06164', 'NU-AP06167'], [(16.350, 27.700, 50.030), (2.960, 27.700, 44.930), (6.580, 27.700, 59.750)], [-60, -65, -76]]
[(12.363, 27.700, 42.029), (-1.2133029575093995e+20, 0.0), 1.2133029575093995e+20, 1783357677954571147, ['NU-AP06163', 'NU-AP06164', 'NU-AP06167'], [(16.350, 27.700, 50.030), (2.960, 27.700, 44.930), (6.580, 27.700, 59.750)], [-60, -65, -76]]
[(12.363, 27.700, 42.029), (-1.2133029575598395e+20, 0.0), 1.2133029575598395e+20, 1783357678028709577, ['NU-AP06163', 'NU-AP06164', 'NU-AP06167'], [(16.350, 27.700, 50.030), (2.960, 27.700, 44.930), (6.580, 27.700, 59.750)], [-60, -65, -76]]
[(12.363, 27.700, 42.029), (-1.213302957660561e+20, 0.0), 1.213302957660561e+20, 1783357678176753708, ['NU-AP06163', 'NU-AP06164', 'NU-AP06167'], [(16.350, 27.700, 50.030), (2.960, 27.700, 44.930), (6.580, 27.700, 59.750)], [-60, -65, -76]]
[(12.363, 27.700, 42.029), (-1.2133029579641228e+20, 0.0), 1.2133029579641228e+20, 1783357678622939998, ['NU-AP06163', 'NU-AP06164', 'NU-AP06167'], [(16.350, 27.700, 50.030), (2.960, 27.700, 44.930), (6.580, 27.700, 59.750)], [-60, -65, -76]]
[(12.363, 27.700, 42.029), (-1.2133029581655374e+20, 0.0), 1.2133029581655374e+20, 1783357678918986713, ['NU-AP06163', 'NU-AP06164', 'NU-AP06167'], [(16.350, 27.700, 50.030), (2.960, 27.700, 44.930), (6.580, 27.700, 59.750)], [-60, -65, -76]]
[(12.363, 27.700, 42.029), (-1.213302958219221e+20, 0.0), 1.213302958219221e+20, 1783357678997893298, ['NU-AP06163', 'NU-AP06164', 'NU-AP06167'], [(16.350, 27.700, 50.030), (2.960, 27.700, 44.930), (6.580, 27.700, 59.750)], [-60, -65, -76]]
[(12.363, 27.700, 42.029), (-1.2133029590473576e+20, 0.0), 1.2133029590473576e+20, 1783357680215118609, ['NU-AP06163', 'NU-AP06164', 'NU-AP06167'], [(16.350, 27.700, 50.030), (2.960, 27.700, 44.930), (6.580, 27.700, 59.750)], [-60, -65, -76]]
[(12.363, 27.700, 42.029), (-1.2133029590955488e+20, 0.0), 1.2133029590955488e+20, 1783357680285952143, ['NU-AP06163', 'NU-AP06164', 'NU-AP06167'], [(16.350, 27.700, 50.030), (2.960, 27.700, 44.930), (6.580, 27.700, 59.750)], [-60, -65, -76]]
[(12.363, 27.700, 42.029), (-1.2133029591934342e+20, 0.0), 1.2133029591934342e+20, 1783357680429827407, ['NU-AP06163', 'NU-AP06164', 'NU-AP06167'], [(16.350, 27.700, 50.030), (2.960, 27.700, 44.930), (6.580, 27.700, 59.750)], [-60, -65, -76]]
[(12.363, 27.700, 42.029), (-1.2133029592964463e+20, 0.0), 1.2133029592964463e+20, 1783357680581238681, ['NU-AP06163', 'NU-AP06164', 'NU-AP06167'], [(16.350, 27.700, 50.030), (2.960, 27.700, 44.930), (6.580, 27.700, 59.750)], [-60, -65, -76]]
[(12.363, 27.700, 42.029), (-1.2133029593485764e+20, 0.0), 1.2133029593485764e+20, 1783357680657861090, ['NU-AP06163', 'NU-AP06164', 'NU-AP06167'], [(16.350, 27.700, 50.030), (2.960, 27.700, 44.930), (6.580, 27.700, 59.750)], [-60, -65, -76]]
[(12.363, 27.700, 42.029), (-1.2133029595028179e+20, 0.0), 1.2133029595028179e+20, 1783357680884571279, ['NU-AP06163', 'NU-AP06164', 'NU-AP06167'], [(16.350, 27.700, 50.030), (2.960, 27.700, 44.930), (6.580, 27.700, 59.750)], [-60, -65, -76]]
24-80-tri
[(12.995, 27.700, 42.664), (-1.2133029500320834e+20, 0.0), 1.2133029500320834e+20, 1783357666964134494, ['NU-AP06163', 'NU-AP06164', 'NU-AP06167'], [(16.350, 27.700, 50.030), (2.960, 27.700, 44.930), (6.580, 27.700, 59.750)], [-60, -68, -76]]
[(12.995, 27.700, 42.664), (-1.2133029501471231e+20, 0.0), 1.2133029501471231e+20, 1783357667133223878, ['NU-AP06163', 'NU-AP06164', 'NU-AP06167'], [(16.350, 27.700, 50.030), (2.960, 27.700, 44.930), (6.580, 27.700, 59.750)], [-60, -68, -76]]
[(12.995, 27.700, 42.664), (-1.2133029505559349e+20, 0.0), 1.2133029505559349e+20, 1783357667734110726, ['NU-AP06163', 'NU-AP06164', 'NU-AP06167'], [(16.350, 27.700, 50.030), (2.960, 27.700, 44.930), (6.580, 27.700, 59.750)], [-60, -68, -76]]
[(12.995, 27.700, 42.664), (-1.2133029508602893e+20, 0.0), 1.2133029508602893e+20, 1783357668181462293, ['NU-AP06163', 'NU-AP06164', 'NU-AP06167'], [(16.350, 27.700, 50.030), (2.960, 27.700, 44.930), (6.580, 27.700, 59.750)], [-60, -68, -76]]
[(12.995, 27.700, 42.664), (-1.2133029509001624e+20, 0.0), 1.2133029509001624e+20, 1783357668240068977, ['NU-AP06163', 'NU-AP06164', 'NU-AP06167'], [(16.350, 27.700, 50.030), (2.960, 27.700, 44.930), (6.580, 27.700, 59.750)], [-60, -68, -76]]
[(12.995, 27.700, 42.664), (-1.2133029510034655e+20, 0.0), 1.2133029510034655e+20, 1783357668391907526, ['NU-AP06163', 'NU-AP06164', 'NU-AP06167'], [(16.350, 27.700, 50.030), (2.960, 27.700, 44.930), (6.580, 27.700, 59.750)], [-60, -68, -76]]
[(12.995, 27.700, 42.664), (-1.2133029511317748e+20, 0.0), 1.2133029511317748e+20, 1783357668580501687, ['NU-AP06163', 'NU-AP06164', 'NU-AP06167'], [(16.350, 27.700, 50.030), (2.960, 27.700, 44.930), (6.580, 27.700, 59.750)], [-60, -68, -76]]
[(12.995, 27.700, 42.664), (-1.213302951436609e+20, 0.0), 1.213302951436609e+20, 1783357669028558278, ['NU-AP06163', 'NU-AP06164', 'NU-AP06167'], [(16.350, 27.700, 50.030), (2.960, 27.700, 44.930), (6.580, 27.700, 59.750)], [-60, -68, -76]]
[(12.995, 27.700, 42.664), (-1.2133029514795822e+20, 0.0), 1.2133029514795822e+20, 1783357669091721906, ['NU-AP06163', 'NU-AP06164', 'NU-AP06167'], [(16.350, 27.700, 50.030), (2.960, 27.700, 44.930), (6.580, 27.700, 59.750)], [-60, -68, -76]]
[(12.995, 27.700, 42.664), (-1.2133029520754593e+20, 0.0), 1.2133029520754593e+20, 1783357669967564207, ['NU-AP06163', 'NU-AP06164', 'NU-AP06167'], [(16.350, 27.700, 50.030), (2.960, 27.700, 44.930), (6.580, 27.700, 59.750)], [-60, -68, -76]]
[(12.995, 27.700, 42.664), (-1.2133029521777154e+20, 0.0), 1.2133029521777154e+20, 1783357670117864135, ['NU-AP06163', 'NU-AP06164', 'NU-AP06167'], [(16.350, 27.700, 50.030), (2.960, 27.700, 44.930), (6.580, 27.700, 59.750)], [-60, -68, -76]]
[(12.737, 27.700, 42.405), (-1.2133029522453396e+20, 0.0), 1.2133029522453396e+20, 1783357670217260435, ['NU-AP06163', 'NU-AP06164', 'NU-AP06167'], [(16.350, 27.700, 50.030), (2.960, 27.700, 44.930), (6.580, 27.700, 59.750)], [-60, -67, -76]]
[(11.976, 27.700, 44.403), (-1.2133029527973182e+20, 0.0), 1.2133029527973182e+20, 1783357671028578703, ['NU-AP06163', 'NU-AP06164', 'NU-AP06167'], [(16.350, 27.700, 50.030), (2.960, 27.700, 44.930), (6.580, 27.700, 59.750)], [-60, -67, -75]]
[(11.976, 27.700, 44.403), (-1.2133029529341308e+20, 0.0), 1.2133029529341308e+20, 1783357671229671615, ['NU-AP06163', 'NU-AP06164', 'NU-AP06167'], [(16.350, 27.700, 50.030), (2.960, 27.700, 44.930), (6.580, 27.700, 59.750)], [-60, -67, -75]]
[(11.976, 27.700, 44.403), (-1.2133029532097936e+20, 0.0), 1.2133029532097936e+20, 1783357671634850598, ['NU-AP06163', 'NU-AP06164', 'NU-AP06167'], [(16.350, 27.700, 50.030), (2.960, 27.700, 44.930), (6.580, 27.700, 59.750)], [-60, -67, -75]]
[(11.976, 27.700, 44.403), (-1.2133029535879304e+20, 0.0), 1.2133029535879304e+20, 1783357672190650132, ['NU-AP06163', 'NU-AP06164', 'NU-AP06167'], [(16.350, 27.700, 50.030), (2.960, 27.700, 44.930), (6.580, 27.700, 59.750)], [-60, -67, -75]]
[(11.976, 27.700, 44.403), (-1.213302953633585e+20, 0.0), 1.213302953633585e+20, 1783357672257755012, ['NU-AP06163', 'NU-AP06164', 'NU-AP06167'], [(16.350, 27.700, 50.030), (2.960, 27.700, 44.930), (6.580, 27.700, 59.750)], [-60, -67, -75]]
[(11.976, 27.700, 44.403), (-1.213302953726427e+20, 0.0), 1.213302953726427e+20, 1783357672394217418, ['NU-AP06163', 'NU-AP06164', 'NU-AP06167'], [(16.350, 27.700, 50.030), (2.960, 27.700, 44.930), (6.580, 27.700, 59.750)], [-60, -67, -75]]
[(11.976, 27.700, 44.403), (-1.2133029538228483e+20, 0.0), 1.2133029538228483e+20, 1783357672535941152, ['NU-AP06163', 'NU-AP06164', 'NU-AP06167'], [(16.350, 27.700, 50.030), (2.960, 27.700, 44.930), (6.580, 27.700, 59.750)], [-60, -67, -75]]
[(11.976, 27.700, 44.403), (-1.2133029539746554e+20, 0.0), 1.2133029539746554e+20, 1783357672759072972, ['NU-AP06163', 'NU-AP06164', 'NU-AP06167'], [(16.350, 27.700, 50.030), (2.960, 27.700, 44.930), (6.580, 27.700, 59.750)], [-60, -67, -75]]
[(11.976, 27.700, 44.403), (-1.2133029547793346e+20, 0.0), 1.2133029547793346e+20, 1783357673941820729, ['NU-AP06163', 'NU-AP06164', 'NU-AP06167'], [(16.350, 27.700, 50.030), (2.960, 27.700, 44.930), (6.580, 27.700, 59.750)], [-60, -67, -75]]
[(11.602, 27.700, 44.027), (-1.2133029549878002e+20, 0.0), 1.2133029549878002e+20, 1783357674248231218, ['NU-AP06163', 'NU-AP06164', 'NU-AP06167'], [(16.350, 27.700, 50.030), (2.960, 27.700, 44.930), (6.580, 27.700, 59.750)], [-60, -65, -75]]
[(11.602, 27.700, 44.027), (-1.213302955042418e+20, 0.0), 1.213302955042418e+20, 1783357674328509924, ['NU-AP06163', 'NU-AP06164', 'NU-AP06167'], [(16.350, 27.700, 50.030), (2.960, 27.700, 44.930), (6.580, 27.700, 59.750)], [-60, -65, -75]]
[(12.363, 27.700, 42.029), (-1.2133029554999132e+20, 0.0), 1.2133029554999132e+20, 1783357675000953115, ['NU-AP06163', 'NU-AP06164', 'NU-AP06167'], [(16.350, 27.700, 50.030), (2.960, 27.700, 44.930), (6.580, 27.700, 59.750)], [-60, -65, -76]]
[(12.363, 27.700, 42.029), (-1.213302956302063e+20, 0.0), 1.213302956302063e+20, 1783357676179983545, ['NU-AP06163', 'NU-AP06164', 'NU-AP06167'], [(16.350, 27.700, 50.030), (2.960, 27.700, 44.930), (6.580, 27.700, 59.750)], [-60, -65, -76]]
[(12.363, 27.700, 42.029), (-1.2133029564035428e+20, 0.0), 1.2133029564035428e+20, 1783357676329141505, ['NU-AP06163', 'NU-AP06164', 'NU-AP06167'], [(16.350, 27.700, 50.030), (2.960, 27.700, 44.930), (6.580, 27.700, 59.750)], [-60, -65, -76]]
[(12.363, 27.700, 42.029), (-1.2133029564521082e+20, 0.0), 1.2133029564521082e+20, 1783357676400525056, ['NU-AP06163', 'NU-AP06164', 'NU-AP06167'], [(16.350, 27.700, 50.030), (2.960, 27.700, 44.930), (6.580, 27.700, 59.750)], [-60, -65, -76]]
[(12.363, 27.700, 42.029), (-1.2133029565492247e+20, 0.0), 1.2133029565492247e+20, 1783357676543270343, ['NU-AP06163', 'NU-AP06164', 'NU-AP06167'], [(16.350, 27.700, 50.030), (2.960, 27.700, 44.930), (6.580, 27.700, 59.750)], [-60, -65, -76]]
[(12.363, 27.700, 42.029), (-1.2133029567012726e+20, 0.0), 1.2133029567012726e+20, 1783357676766756337, ['NU-AP06163', 'NU-AP06164', 'NU-AP06167'], [(16.350, 27.700, 50.030), (2.960, 27.700, 44.930), (6.580, 27.700, 59.750)], [-60, -65, -76]]
[(12.363, 27.700, 42.029), (-1.2133029573075519e+20, 0.0), 1.2133029573075519e+20, 1783357677657887683, ['NU-AP06163', 'NU-AP06164', 'NU-AP06167'], [(16.350, 27.700, 50.030), (2.960, 27.700, 44.930), (6.580, 27.700, 59.750)], [-60, -65, -76]]
[(12.363, 27.700, 42.029), (-1.2133029575093995e+20, 0.0), 1.2133029575093995e+20, 1783357677954571147, ['NU-AP06163', 'NU-AP06164', 'NU-AP06167'], [(16.350, 27.700, 50.030), (2.960, 27.700, 44.930), (6.580, 27.700, 59.750)], [-60, -65, -76]]
[(12.363, 27.700, 42.029), (-1.2133029575598395e+20, 0.0), 1.2133029575598395e+20, 1783357678028709577, ['NU-AP06163', 'NU-AP06164', 'NU-AP06167'], [(16.350, 27.700, 50.030), (2.960, 27.700, 44.930), (6.580, 27.700, 59.750)], [-60, -65, -76]]
[(12.363, 27.700, 42.029), (-1.213302957660561e+20, 0.0), 1.213302957660561e+20, 1783357678176753708, ['NU-AP06163', 'NU-AP06164', 'NU-AP06167'], [(16.350, 27.700, 50.030), (2.960, 27.700, 44.930), (6.580, 27.700, 59.750)], [-60, -65, -76]]
[(12.363, 27.700, 42.029), (-1.2133029579641228e+20, 0.0), 1.2133029579641228e+20, 1783357678622939998, ['NU-AP06163', 'NU-AP06164', 'NU-AP06167'], [(16.350, 27.700, 50.030), (2.960, 27.700, 44.930), (6.580, 27.700, 59.750)], [-60, -65, -76]]
[(12.363, 27.700, 42.029), (-1.2133029581655374e+20, 0.0), 1.2133029581655374e+20, 1783357678918986713, ['NU-AP06163', 'NU-AP06164', 'NU-AP06167'], [(16.350, 27.700, 50.030), (2.960, 27.700, 44.930), (6.580, 27.700, 59.750)], [-60, -65, -76]]
[(12.363, 27.700, 42.029), (-1.213302958219221e+20, 0.0), 1.213302958219221e+20, 1783357678997893298, ['NU-AP06163', 'NU-AP06164', 'NU-AP06167'], [(16.350, 27.700, 50.030), (2.960, 27.700, 44.930), (6.580, 27.700, 59.750)], [-60, -65, -76]]
[(12.363, 27.700, 42.029), (-1.2133029590473576e+20, 0.0), 1.2133029590473576e+20, 1783357680215118609, ['NU-AP06163', 'NU-AP06164', 'NU-AP06167'], [(16.350, 27.700, 50.030), (2.960, 27.700, 44.930), (6.580, 27.700, 59.750)], [-60, -65, -76]]
[(12.363, 27.700, 42.029), (-1.2133029590955488e+20, 0.0), 1.2133029590955488e+20, 1783357680285952143, ['NU-AP06163', 'NU-AP06164', 'NU-AP06167'], [(16.350, 27.700, 50.030), (2.960, 27.700, 44.930), (6.580, 27.700, 59.750)], [-60, -65, -76]]
[(12.363, 27.700, 42.029), (-1.2133029591934342e+20, 0.0), 1.2133029591934342e+20, 1783357680429827407, ['NU-AP06163', 'NU-AP06164', 'NU-AP06167'], [(16.350, 27.700, 50.030), (2.960, 27.700, 44.930), (6.580, 27.700, 59.750)], [-60, -65, -76]]
[(12.363, 27.700, 42.029), (-1.2133029592964463e+20, 0.0), 1.2133029592964463e+20, 1783357680581238681, ['NU-AP06163', 'NU-AP06164', 'NU-AP06167'], [(16.350, 27.700, 50.030), (2.960, 27.700, 44.930), (6.580, 27.700, 59.750)], [-60, -65, -76]]
[(12.363, 27.700, 42.029), (-1.2133029593485764e+20, 0.0), 1.2133029593485764e+20, 1783357680657861090, ['NU-AP06163', 'NU-AP06164', 'NU-AP06167'], [(16.350, 27.700, 50.030), (2.960, 27.700, 44.930), (6.580, 27.700, 59.750)], [-60, -65, -76]]
[(12.363, 27.700, 42.029), (-1.2133029595028179e+20, 0.0), 1.2133029595028179e+20, 1783357680884571279, ['NU-AP06163', 'NU-AP06164', 'NU-AP06167'], [(16.350, 27.700, 50.030), (2.960, 27.700, 44.930), (6.580, 27.700, 59.750)], [-60, -65, -76]]
24-70-tri
24-67-tri
50-ALL-tri
[(6.727, 27.700, 55.294), (-1.2133029509001624e+20, 0.0), 1.2133029509001624e+20, 1783357668240068977, ['NU-AP06164', 'NU-AP06163', 'NU-AP06165'], [(2.960, 27.700, 44.930), (16.350, 27.700, 50.030), (3.940, 27.700, 71.250)], [-56, -54, -73]]
[(6.727, 27.700, 55.294), (-1.2133029510034655e+20, 0.0), 1.2133029510034655e+20, 1783357668391907526, ['NU-AP06164', 'NU-AP06163', 'NU-AP06165'], [(2.960, 27.700, 44.930), (16.350, 27.700, 50.030), (3.940, 27.700, 71.250)], [-56, -54, -73]]
[(6.727, 27.700, 55.294), (-1.2133029511317748e+20, 0.0), 1.2133029511317748e+20, 1783357668580501687, ['NU-AP06164', 'NU-AP06163', 'NU-AP06165'], [(2.960, 27.700, 44.930), (16.350, 27.700, 50.030), (3.940, 27.700, 71.250)], [-56, -54, -73]]
[(6.727, 27.700, 55.294), (-1.213302951436609e+20, 0.0), 1.213302951436609e+20, 1783357669028558278, ['NU-AP06164', 'NU-AP06163', 'NU-AP06165'], [(2.960, 27.700, 44.930), (16.350, 27.700, 50.030), (3.940, 27.700, 71.250)], [-56, -54, -73]]
[(6.727, 27.700, 55.294), (-1.2133029514795822e+20, 0.0), 1.2133029514795822e+20, 1783357669091721906, ['NU-AP06164', 'NU-AP06163', 'NU-AP06165'], [(2.960, 27.700, 44.930), (16.350, 27.700, 50.030), (3.940, 27.700, 71.250)], [-56, -54, -73]]
[(6.727, 27.700, 55.294), (-1.2133029520754593e+20, 0.0), 1.2133029520754593e+20, 1783357669967564207, ['NU-AP06164', 'NU-AP06163', 'NU-AP06165'], [(2.960, 27.700, 44.930), (16.350, 27.700, 50.030), (3.940, 27.700, 71.250)], [-56, -54, -73]]
[(6.727, 27.700, 55.294), (-1.2133029521777154e+20, 0.0), 1.2133029521777154e+20, 1783357670117864135, ['NU-AP06164', 'NU-AP06163', 'NU-AP06165'], [(2.960, 27.700, 44.930), (16.350, 27.700, 50.030), (3.940, 27.700, 71.250)], [-56, -54, -73]]
[(6.727, 27.700, 55.294), (-1.2133029522453396e+20, 0.0), 1.2133029522453396e+20, 1783357670217260435, ['NU-AP06164', 'NU-AP06163', 'NU-AP06165'], [(2.960, 27.700, 44.930), (16.350, 27.700, 50.030), (3.940, 27.700, 71.250)], [-56, -54, -73]]
[(6.727, 27.700, 55.294), (-1.2133029527973182e+20, 0.0), 1.2133029527973182e+20, 1783357671028578703, ['NU-AP06164', 'NU-AP06163', 'NU-AP06165'], [(2.960, 27.700, 44.930), (16.350, 27.700, 50.030), (3.940, 27.700, 71.250)], [-56, -54, -73]]
[(6.727, 27.700, 55.294), (-1.2133029529341308e+20, 0.0), 1.2133029529341308e+20, 1783357671229671615, ['NU-AP06164', 'NU-AP06163', 'NU-AP06165'], [(2.960, 27.700, 44.930), (16.350, 27.700, 50.030), (3.940, 27.700, 71.250)], [-56, -54, -73]]
[(6.727, 27.700, 55.294), (-1.2133029532097936e+20, 0.0), 1.2133029532097936e+20, 1783357671634850598, ['NU-AP06164', 'NU-AP06163', 'NU-AP06165'], [(2.960, 27.700, 44.930), (16.350, 27.700, 50.030), (3.940, 27.700, 71.250)], [-56, -54, -73]]
[(6.983, 27.700, 54.622), (-1.2133029535879304e+20, 0.0), 1.2133029535879304e+20, 1783357672190650132, ['NU-AP06164', 'NU-AP06163', 'NU-AP06165'], [(2.960, 27.700, 44.930), (16.350, 27.700, 50.030), (3.940, 27.700, 71.250)], [-56, -54, -74]]
[(6.983, 27.700, 54.622), (-1.213302953633585e+20, 0.0), 1.213302953633585e+20, 1783357672257755012, ['NU-AP06164', 'NU-AP06163', 'NU-AP06165'], [(2.960, 27.700, 44.930), (16.350, 27.700, 50.030), (3.940, 27.700, 71.250)], [-56, -54, -74]]
[(6.961, 27.700, 54.610), (-1.213302953726427e+20, 0.0), 1.213302953726427e+20, 1783357672394217418, ['NU-AP06164', 'NU-AP06163', 'NU-AP06165'], [(2.960, 27.700, 44.930), (16.350, 27.700, 50.030), (3.940, 27.700, 71.250)], [-55, -54, -74]]
[(6.961, 27.700, 54.610), (-1.2133029538228483e+20, 0.0), 1.2133029538228483e+20, 1783357672535941152, ['NU-AP06164', 'NU-AP06163', 'NU-AP06165'], [(2.960, 27.700, 44.930), (16.350, 27.700, 50.030), (3.940, 27.700, 71.250)], [-55, -54, -74]]
[(6.961, 27.700, 54.610), (-1.2133029539746554e+20, 0.0), 1.2133029539746554e+20, 1783357672759072972, ['NU-AP06164', 'NU-AP06163', 'NU-AP06165'], [(2.960, 27.700, 44.930), (16.350, 27.700, 50.030), (3.940, 27.700, 71.250)], [-55, -54, -74]]
[(6.961, 27.700, 54.610), (-1.2133029547793346e+20, 0.0), 1.2133029547793346e+20, 1783357673941820729, ['NU-AP06164', 'NU-AP06163', 'NU-AP06165'], [(2.960, 27.700, 44.930), (16.350, 27.700, 50.030), (3.940, 27.700, 71.250)], [-55, -54, -74]]
[(6.961, 27.700, 54.610), (-1.2133029549878002e+20, 0.0), 1.2133029549878002e+20, 1783357674248231218, ['NU-AP06164', 'NU-AP06163', 'NU-AP06165'], [(2.960, 27.700, 44.930), (16.350, 27.700, 50.030), (3.940, 27.700, 71.250)], [-55, -54, -74]]
[(6.961, 27.700, 54.610), (-1.213302955042418e+20, 0.0), 1.213302955042418e+20, 1783357674328509924, ['NU-AP06164', 'NU-AP06163', 'NU-AP06165'], [(2.960, 27.700, 44.930), (16.350, 27.700, 50.030), (3.940, 27.700, 71.250)], [-55, -54, -74]]
[(6.961, 27.700, 54.610), (-1.2133029554999132e+20, 0.0), 1.2133029554999132e+20, 1783357675000953115, ['NU-AP06164', 'NU-AP06163', 'NU-AP06165'], [(2.960, 27.700, 44.930), (16.350, 27.700, 50.030), (3.940, 27.700, 71.250)], [-55, -54, -74]]
[(7.278, 27.700, 53.776), (-1.213302956302063e+20, 0.0), 1.213302956302063e+20, 1783357676179983545, ['NU-AP06164', 'NU-AP06163', 'NU-AP06165'], [(2.960, 27.700, 44.930), (16.350, 27.700, 50.030), (3.940, 27.700, 71.250)], [-55, -54, -75]]
[(7.278, 27.700, 53.776), (-1.2133029564035428e+20, 0.0), 1.2133029564035428e+20, 1783357676329141505, ['NU-AP06164', 'NU-AP06163', 'NU-AP06165'], [(2.960, 27.700, 44.930), (16.350, 27.700, 50.030), (3.940, 27.700, 71.250)], [-55, -54, -75]]
[(7.278, 27.700, 53.776), (-1.2133029564521082e+20, 0.0), 1.2133029564521082e+20, 1783357676400525056, ['NU-AP06164', 'NU-AP06163', 'NU-AP06165'], [(2.960, 27.700, 44.930), (16.350, 27.700, 50.030), (3.940, 27.700, 71.250)], [-55, -54, -75]]
[(7.278, 27.700, 53.776), (-1.2133029565492247e+20, 0.0), 1.2133029565492247e+20, 1783357676543270343, ['NU-AP06164', 'NU-AP06163', 'NU-AP06165'], [(2.960, 27.700, 44.930), (16.350, 27.700, 50.030), (3.940, 27.700, 71.250)], [-55, -54, -75]]
[(7.278, 27.700, 53.776), (-1.2133029567012726e+20, 0.0), 1.2133029567012726e+20, 1783357676766756337, ['NU-AP06164', 'NU-AP06163', 'NU-AP06165'], [(2.960, 27.700, 44.930), (16.350, 27.700, 50.030), (3.940, 27.700, 71.250)], [-55, -54, -75]]
[(7.278, 27.700, 53.776), (-1.2133029573075519e+20, 0.0), 1.2133029573075519e+20, 1783357677657887683, ['NU-AP06164', 'NU-AP06163', 'NU-AP06165'], [(2.960, 27.700, 44.930), (16.350, 27.700, 50.030), (3.940, 27.700, 71.250)], [-55, -54, -75]]
[(7.278, 27.700, 53.776), (-1.2133029575093995e+20, 0.0), 1.2133029575093995e+20, 1783357677954571147, ['NU-AP06164', 'NU-AP06163', 'NU-AP06165'], [(2.960, 27.700, 44.930), (16.350, 27.700, 50.030), (3.940, 27.700, 71.250)], [-55, -54, -75]]
[(7.278, 27.700, 53.776), (-1.2133029575598395e+20, 0.0), 1.2133029575598395e+20, 1783357678028709577, ['NU-AP06164', 'NU-AP06163', 'NU-AP06165'], [(2.960, 27.700, 44.930), (16.350, 27.700, 50.030), (3.940, 27.700, 71.250)], [-55, -54, -75]]
[(7.278, 27.700, 53.776), (-1.213302957660561e+20, 0.0), 1.213302957660561e+20, 1783357678176753708, ['NU-AP06164', 'NU-AP06163', 'NU-AP06165'], [(2.960, 27.700, 44.930), (16.350, 27.700, 50.030), (3.940, 27.700, 71.250)], [-55, -54, -75]]
[(7.278, 27.700, 53.776), (-1.2133029579641228e+20, 0.0), 1.2133029579641228e+20, 1783357678622939998, ['NU-AP06164', 'NU-AP06163', 'NU-AP06165'], [(2.960, 27.700, 44.930), (16.350, 27.700, 50.030), (3.940, 27.700, 71.250)], [-55, -54, -75]]
[(7.278, 27.700, 53.776), (-1.2133029581655374e+20, 0.0), 1.2133029581655374e+20, 1783357678918986713, ['NU-AP06164', 'NU-AP06163', 'NU-AP06165'], [(2.960, 27.700, 44.930), (16.350, 27.700, 50.030), (3.940, 27.700, 71.250)], [-55, -54, -75]]
[(7.278, 27.700, 53.776), (-1.213302958219221e+20, 0.0), 1.213302958219221e+20, 1783357678997893298, ['NU-AP06164', 'NU-AP06163', 'NU-AP06165'], [(2.960, 27.700, 44.930), (16.350, 27.700, 50.030), (3.940, 27.700, 71.250)], [-55, -54, -75]]
[(7.278, 27.700, 53.776), (-1.2133029590473576e+20, 0.0), 1.2133029590473576e+20, 1783357680215118609, ['NU-AP06164', 'NU-AP06163', 'NU-AP06165'], [(2.960, 27.700, 44.930), (16.350, 27.700, 50.030), (3.940, 27.700, 71.250)], [-55, -54, -75]]
[(7.278, 27.700, 53.776), (-1.2133029590955488e+20, 0.0), 1.2133029590955488e+20, 1783357680285952143, ['NU-AP06164', 'NU-AP06163', 'NU-AP06165'], [(2.960, 27.700, 44.930), (16.350, 27.700, 50.030), (3.940, 27.700, 71.250)], [-55, -54, -75]]
[(7.278, 27.700, 53.776), (-1.2133029591934342e+20, 0.0), 1.2133029591934342e+20, 1783357680429827407, ['NU-AP06164', 'NU-AP06163', 'NU-AP06165'], [(2.960, 27.700, 44.930), (16.350, 27.700, 50.030), (3.940, 27.700, 71.250)], [-55, -54, -75]]
[(7.257, 27.700, 53.777), (-1.2133029592964463e+20, 0.0), 1.2133029592964463e+20, 1783357680581238681, ['NU-AP06164', 'NU-AP06163', 'NU-AP06165'], [(2.960, 27.700, 44.930), (16.350, 27.700, 50.030), (3.940, 27.700, 71.250)], [-55, -55, -75]]
[(7.257, 27.700, 53.777), (-1.2133029593485764e+20, 0.0), 1.2133029593485764e+20, 1783357680657861090, ['NU-AP06164', 'NU-AP06163', 'NU-AP06165'], [(2.960, 27.700, 44.930), (16.350, 27.700, 50.030), (3.940, 27.700, 71.250)], [-55, -55, -75]]
[(7.257, 27.700, 53.777), (-1.2133029595028179e+20, 0.0), 1.2133029595028179e+20, 1783357680884571279, ['NU-AP06164', 'NU-AP06163', 'NU-AP06165'], [(2.960, 27.700, 44.930), (16.350, 27.700, 50.030), (3.940, 27.700, 71.250)], [-55, -55, -75]]
50-80-tri
[(6.727, 27.700, 55.294), (-1.2133029509001624e+20, 0.0), 1.2133029509001624e+20, 1783357668240068977, ['NU-AP06164', 'NU-AP06163', 'NU-AP06165'], [(2.960, 27.700, 44.930), (16.350, 27.700, 50.030), (3.940, 27.700, 71.250)], [-56, -54, -73]]
[(6.727, 27.700, 55.294), (-1.2133029510034655e+20, 0.0), 1.2133029510034655e+20, 1783357668391907526, ['NU-AP06164', 'NU-AP06163', 'NU-AP06165'], [(2.960, 27.700, 44.930), (16.350, 27.700, 50.030), (3.940, 27.700, 71.250)], [-56, -54, -73]]
[(6.727, 27.700, 55.294), (-1.2133029511317748e+20, 0.0), 1.2133029511317748e+20, 1783357668580501687, ['NU-AP06164', 'NU-AP06163', 'NU-AP06165'], [(2.960, 27.700, 44.930), (16.350, 27.700, 50.030), (3.940, 27.700, 71.250)], [-56, -54, -73]]
[(6.727, 27.700, 55.294), (-1.213302951436609e+20, 0.0), 1.213302951436609e+20, 1783357669028558278, ['NU-AP06164', 'NU-AP06163', 'NU-AP06165'], [(2.960, 27.700, 44.930), (16.350, 27.700, 50.030), (3.940, 27.700, 71.250)], [-56, -54, -73]]
[(6.727, 27.700, 55.294), (-1.2133029514795822e+20, 0.0), 1.2133029514795822e+20, 1783357669091721906, ['NU-AP06164', 'NU-AP06163', 'NU-AP06165'], [(2.960, 27.700, 44.930), (16.350, 27.700, 50.030), (3.940, 27.700, 71.250)], [-56, -54, -73]]
[(6.727, 27.700, 55.294), (-1.2133029520754593e+20, 0.0), 1.2133029520754593e+20, 1783357669967564207, ['NU-AP06164', 'NU-AP06163', 'NU-AP06165'], [(2.960, 27.700, 44.930), (16.350, 27.700, 50.030), (3.940, 27.700, 71.250)], [-56, -54, -73]]
[(6.727, 27.700, 55.294), (-1.2133029521777154e+20, 0.0), 1.2133029521777154e+20, 1783357670117864135, ['NU-AP06164', 'NU-AP06163', 'NU-AP06165'], [(2.960, 27.700, 44.930), (16.350, 27.700, 50.030), (3.940, 27.700, 71.250)], [-56, -54, -73]]
[(6.727, 27.700, 55.294), (-1.2133029522453396e+20, 0.0), 1.2133029522453396e+20, 1783357670217260435, ['NU-AP06164', 'NU-AP06163', 'NU-AP06165'], [(2.960, 27.700, 44.930), (16.350, 27.700, 50.030), (3.940, 27.700, 71.250)], [-56, -54, -73]]
[(6.727, 27.700, 55.294), (-1.2133029527973182e+20, 0.0), 1.2133029527973182e+20, 1783357671028578703, ['NU-AP06164', 'NU-AP06163', 'NU-AP06165'], [(2.960, 27.700, 44.930), (16.350, 27.700, 50.030), (3.940, 27.700, 71.250)], [-56, -54, -73]]
[(6.727, 27.700, 55.294), (-1.2133029529341308e+20, 0.0), 1.2133029529341308e+20, 1783357671229671615, ['NU-AP06164', 'NU-AP06163', 'NU-AP06165'], [(2.960, 27.700, 44.930), (16.350, 27.700, 50.030), (3.940, 27.700, 71.250)], [-56, -54, -73]]
[(6.727, 27.700, 55.294), (-1.2133029532097936e+20, 0.0), 1.2133029532097936e+20, 1783357671634850598, ['NU-AP06164', 'NU-AP06163', 'NU-AP06165'], [(2.960, 27.700, 44.930), (16.350, 27.700, 50.030), (3.940, 27.700, 71.250)], [-56, -54, -73]]
[(6.983, 27.700, 54.622), (-1.2133029535879304e+20, 0.0), 1.2133029535879304e+20, 1783357672190650132, ['NU-AP06164', 'NU-AP06163', 'NU-AP06165'], [(2.960, 27.700, 44.930), (16.350, 27.700, 50.030), (3.940, 27.700, 71.250)], [-56, -54, -74]]
[(6.983, 27.700, 54.622), (-1.213302953633585e+20, 0.0), 1.213302953633585e+20, 1783357672257755012, ['NU-AP06164', 'NU-AP06163', 'NU-AP06165'], [(2.960, 27.700, 44.930), (16.350, 27.700, 50.030), (3.940, 27.700, 71.250)], [-56, -54, -74]]
[(6.961, 27.700, 54.610), (-1.213302953726427e+20, 0.0), 1.213302953726427e+20, 1783357672394217418, ['NU-AP06164', 'NU-AP06163', 'NU-AP06165'], [(2.960, 27.700, 44.930), (16.350, 27.700, 50.030), (3.940, 27.700, 71.250)], [-55, -54, -74]]
[(6.961, 27.700, 54.610), (-1.2133029538228483e+20, 0.0), 1.2133029538228483e+20, 1783357672535941152, ['NU-AP06164', 'NU-AP06163', 'NU-AP06165'], [(2.960, 27.700, 44.930), (16.350, 27.700, 50.030), (3.940, 27.700, 71.250)], [-55, -54, -74]]
[(6.961, 27.700, 54.610), (-1.2133029539746554e+20, 0.0), 1.2133029539746554e+20, 1783357672759072972, ['NU-AP06164', 'NU-AP06163', 'NU-AP06165'], [(2.960, 27.700, 44.930), (16.350, 27.700, 50.030), (3.940, 27.700, 71.250)], [-55, -54, -74]]
[(6.961, 27.700, 54.610), (-1.2133029547793346e+20, 0.0), 1.2133029547793346e+20, 1783357673941820729, ['NU-AP06164', 'NU-AP06163', 'NU-AP06165'], [(2.960, 27.700, 44.930), (16.350, 27.700, 50.030), (3.940, 27.700, 71.250)], [-55, -54, -74]]
[(6.961, 27.700, 54.610), (-1.2133029549878002e+20, 0.0), 1.2133029549878002e+20, 1783357674248231218, ['NU-AP06164', 'NU-AP06163', 'NU-AP06165'], [(2.960, 27.700, 44.930), (16.350, 27.700, 50.030), (3.940, 27.700, 71.250)], [-55, -54, -74]]
[(6.961, 27.700, 54.610), (-1.213302955042418e+20, 0.0), 1.213302955042418e+20, 1783357674328509924, ['NU-AP06164', 'NU-AP06163', 'NU-AP06165'], [(2.960, 27.700, 44.930), (16.350, 27.700, 50.030), (3.940, 27.700, 71.250)], [-55, -54, -74]]
[(6.961, 27.700, 54.610), (-1.2133029554999132e+20, 0.0), 1.2133029554999132e+20, 1783357675000953115, ['NU-AP06164', 'NU-AP06163', 'NU-AP06165'], [(2.960, 27.700, 44.930), (16.350, 27.700, 50.030), (3.940, 27.700, 71.250)], [-55, -54, -74]]
[(7.278, 27.700, 53.776), (-1.213302956302063e+20, 0.0), 1.213302956302063e+20, 1783357676179983545, ['NU-AP06164', 'NU-AP06163', 'NU-AP06165'], [(2.960, 27.700, 44.930), (16.350, 27.700, 50.030), (3.940, 27.700, 71.250)], [-55, -54, -75]]
[(7.278, 27.700, 53.776), (-1.2133029564035428e+20, 0.0), 1.2133029564035428e+20, 1783357676329141505, ['NU-AP06164', 'NU-AP06163', 'NU-AP06165'], [(2.960, 27.700, 44.930), (16.350, 27.700, 50.030), (3.940, 27.700, 71.250)], [-55, -54, -75]]
[(7.278, 27.700, 53.776), (-1.2133029564521082e+20, 0.0), 1.2133029564521082e+20, 1783357676400525056, ['NU-AP06164', 'NU-AP06163', 'NU-AP06165'], [(2.960, 27.700, 44.930), (16.350, 27.700, 50.030), (3.940, 27.700, 71.250)], [-55, -54, -75]]
[(7.278, 27.700, 53.776), (-1.2133029565492247e+20, 0.0), 1.2133029565492247e+20, 1783357676543270343, ['NU-AP06164', 'NU-AP06163', 'NU-AP06165'], [(2.960, 27.700, 44.930), (16.350, 27.700, 50.030), (3.940, 27.700, 71.250)], [-55, -54, -75]]
[(7.278, 27.700, 53.776), (-1.2133029567012726e+20, 0.0), 1.2133029567012726e+20, 1783357676766756337, ['NU-AP06164', 'NU-AP06163', 'NU-AP06165'], [(2.960, 27.700, 44.930), (16.350, 27.700, 50.030), (3.940, 27.700, 71.250)], [-55, -54, -75]]
[(7.278, 27.700, 53.776), (-1.2133029573075519e+20, 0.0), 1.2133029573075519e+20, 1783357677657887683, ['NU-AP06164', 'NU-AP06163', 'NU-AP06165'], [(2.960, 27.700, 44.930), (16.350, 27.700, 50.030), (3.940, 27.700, 71.250)], [-55, -54, -75]]
[(7.278, 27.700, 53.776), (-1.2133029575093995e+20, 0.0), 1.2133029575093995e+20, 1783357677954571147, ['NU-AP06164', 'NU-AP06163', 'NU-AP06165'], [(2.960, 27.700, 44.930), (16.350, 27.700, 50.030), (3.940, 27.700, 71.250)], [-55, -54, -75]]
[(7.278, 27.700, 53.776), (-1.2133029575598395e+20, 0.0), 1.2133029575598395e+20, 1783357678028709577, ['NU-AP06164', 'NU-AP06163', 'NU-AP06165'], [(2.960, 27.700, 44.930), (16.350, 27.700, 50.030), (3.940, 27.700, 71.250)], [-55, -54, -75]]
[(7.278, 27.700, 53.776), (-1.213302957660561e+20, 0.0), 1.213302957660561e+20, 1783357678176753708, ['NU-AP06164', 'NU-AP06163', 'NU-AP06165'], [(2.960, 27.700, 44.930), (16.350, 27.700, 50.030), (3.940, 27.700, 71.250)], [-55, -54, -75]]
[(7.278, 27.700, 53.776), (-1.2133029579641228e+20, 0.0), 1.2133029579641228e+20, 1783357678622939998, ['NU-AP06164', 'NU-AP06163', 'NU-AP06165'], [(2.960, 27.700, 44.930), (16.350, 27.700, 50.030), (3.940, 27.700, 71.250)], [-55, -54, -75]]
[(7.278, 27.700, 53.776), (-1.2133029581655374e+20, 0.0), 1.2133029581655374e+20, 1783357678918986713, ['NU-AP06164', 'NU-AP06163', 'NU-AP06165'], [(2.960, 27.700, 44.930), (16.350, 27.700, 50.030), (3.940, 27.700, 71.250)], [-55, -54, -75]]
[(7.278, 27.700, 53.776), (-1.213302958219221e+20, 0.0), 1.213302958219221e+20, 1783357678997893298, ['NU-AP06164', 'NU-AP06163', 'NU-AP06165'], [(2.960, 27.700, 44.930), (16.350, 27.700, 50.030), (3.940, 27.700, 71.250)], [-55, -54, -75]]
[(7.278, 27.700, 53.776), (-1.2133029590473576e+20, 0.0), 1.2133029590473576e+20, 1783357680215118609, ['NU-AP06164', 'NU-AP06163', 'NU-AP06165'], [(2.960, 27.700, 44.930), (16.350, 27.700, 50.030), (3.940, 27.700, 71.250)], [-55, -54, -75]]
[(7.278, 27.700, 53.776), (-1.2133029590955488e+20, 0.0), 1.2133029590955488e+20, 1783357680285952143, ['NU-AP06164', 'NU-AP06163', 'NU-AP06165'], [(2.960, 27.700, 44.930), (16.350, 27.700, 50.030), (3.940, 27.700, 71.250)], [-55, -54, -75]]
[(7.278, 27.700, 53.776), (-1.2133029591934342e+20, 0.0), 1.2133029591934342e+20, 1783357680429827407, ['NU-AP06164', 'NU-AP06163', 'NU-AP06165'], [(2.960, 27.700, 44.930), (16.350, 27.700, 50.030), (3.940, 27.700, 71.250)], [-55, -54, -75]]
[(7.257, 27.700, 53.777), (-1.2133029592964463e+20, 0.0), 1.2133029592964463e+20, 1783357680581238681, ['NU-AP06164', 'NU-AP06163', 'NU-AP06165'], [(2.960, 27.700, 44.930), (16.350, 27.700, 50.030), (3.940, 27.700, 71.250)], [-55, -55, -75]]
[(7.257, 27.700, 53.777), (-1.2133029593485764e+20, 0.0), 1.2133029593485764e+20, 1783357680657861090, ['NU-AP06164', 'NU-AP06163', 'NU-AP06165'], [(2.960, 27.700, 44.930), (16.350, 27.700, 50.030), (3.940, 27.700, 71.250)], [-55, -55, -75]]
[(7.257, 27.700, 53.777), (-1.2133029595028179e+20, 0.0), 1.2133029595028179e+20, 1783357680884571279, ['NU-AP06164', 'NU-AP06163', 'NU-AP06165'], [(2.960, 27.700, 44.930), (16.350, 27.700, 50.030), (3.940, 27.700, 71.250)], [-55, -55, -75]]
50-70-tri
[(8.306, 27.700, 51.148), (-1.2133029510034655e+20, 0.0), 1.2133029510034655e+20, 1783357668391907526, ['NU-AP06164', 'NU-AP06163', 'NU-AP06167'], [(2.960, 27.700, 44.930), (16.350, 27.700, 50.030), (6.580, 27.700, 59.750)], [-56, -54, -62]]
[(8.306, 27.700, 51.148), (-1.2133029511317748e+20, 0.0), 1.2133029511317748e+20, 1783357668580501687, ['NU-AP06164', 'NU-AP06163', 'NU-AP06167'], [(2.960, 27.700, 44.930), (16.350, 27.700, 50.030), (6.580, 27.700, 59.750)], [-56, -54, -62]]
[(8.306, 27.700, 51.148), (-1.213302951436609e+20, 0.0), 1.213302951436609e+20, 1783357669028558278, ['NU-AP06164', 'NU-AP06163', 'NU-AP06167'], [(2.960, 27.700, 44.930), (16.350, 27.700, 50.030), (6.580, 27.700, 59.750)], [-56, -54, -62]]
[(8.306, 27.700, 51.148), (-1.2133029514795822e+20, 0.0), 1.2133029514795822e+20, 1783357669091721906, ['NU-AP06164', 'NU-AP06163', 'NU-AP06167'], [(2.960, 27.700, 44.930), (16.350, 27.700, 50.030), (6.580, 27.700, 59.750)], [-56, -54, -62]]
[(8.306, 27.700, 51.148), (-1.2133029520754593e+20, 0.0), 1.2133029520754593e+20, 1783357669967564207, ['NU-AP06164', 'NU-AP06163', 'NU-AP06167'], [(2.960, 27.700, 44.930), (16.350, 27.700, 50.030), (6.580, 27.700, 59.750)], [-56, -54, -62]]
[(8.306, 27.700, 51.148), (-1.2133029521777154e+20, 0.0), 1.2133029521777154e+20, 1783357670117864135, ['NU-AP06164', 'NU-AP06163', 'NU-AP06167'], [(2.960, 27.700, 44.930), (16.350, 27.700, 50.030), (6.580, 27.700, 59.750)], [-56, -54, -62]]
[(8.306, 27.700, 51.148), (-1.2133029522453396e+20, 0.0), 1.2133029522453396e+20, 1783357670217260435, ['NU-AP06164', 'NU-AP06163', 'NU-AP06167'], [(2.960, 27.700, 44.930), (16.350, 27.700, 50.030), (6.580, 27.700, 59.750)], [-56, -54, -62]]
[(8.306, 27.700, 51.148), (-1.2133029527973182e+20, 0.0), 1.2133029527973182e+20, 1783357671028578703, ['NU-AP06164', 'NU-AP06163', 'NU-AP06167'], [(2.960, 27.700, 44.930), (16.350, 27.700, 50.030), (6.580, 27.700, 59.750)], [-56, -54, -62]]
[(8.306, 27.700, 51.148), (-1.2133029529341308e+20, 0.0), 1.2133029529341308e+20, 1783357671229671615, ['NU-AP06164', 'NU-AP06163', 'NU-AP06167'], [(2.960, 27.700, 44.930), (16.350, 27.700, 50.030), (6.580, 27.700, 59.750)], [-56, -54, -62]]
[(8.306, 27.700, 51.148), (-1.2133029532097936e+20, 0.0), 1.2133029532097936e+20, 1783357671634850598, ['NU-AP06164', 'NU-AP06163', 'NU-AP06167'], [(2.960, 27.700, 44.930), (16.350, 27.700, 50.030), (6.580, 27.700, 59.750)], [-56, -54, -62]]
[(8.306, 27.700, 51.148), (-1.2133029535879304e+20, 0.0), 1.2133029535879304e+20, 1783357672190650132, ['NU-AP06164', 'NU-AP06163', 'NU-AP06167'], [(2.960, 27.700, 44.930), (16.350, 27.700, 50.030), (6.580, 27.700, 59.750)], [-56, -54, -62]]
[(8.306, 27.700, 51.148), (-1.213302953633585e+20, 0.0), 1.213302953633585e+20, 1783357672257755012, ['NU-AP06164', 'NU-AP06163', 'NU-AP06167'], [(2.960, 27.700, 44.930), (16.350, 27.700, 50.030), (6.580, 27.700, 59.750)], [-56, -54, -62]]
[(8.332, 27.700, 51.009), (-1.213302953726427e+20, 0.0), 1.213302953726427e+20, 1783357672394217418, ['NU-AP06164', 'NU-AP06163', 'NU-AP06167'], [(2.960, 27.700, 44.930), (16.350, 27.700, 50.030), (6.580, 27.700, 59.750)], [-55, -54, -63]]
[(8.332, 27.700, 51.009), (-1.2133029538228483e+20, 0.0), 1.2133029538228483e+20, 1783357672535941152, ['NU-AP06164', 'NU-AP06163', 'NU-AP06167'], [(2.960, 27.700, 44.930), (16.350, 27.700, 50.030), (6.580, 27.700, 59.750)], [-55, -54, -63]]
[(8.332, 27.700, 51.009), (-1.2133029539746554e+20, 0.0), 1.2133029539746554e+20, 1783357672759072972, ['NU-AP06164', 'NU-AP06163', 'NU-AP06167'], [(2.960, 27.700, 44.930), (16.350, 27.700, 50.030), (6.580, 27.700, 59.750)], [-55, -54, -63]]
[(8.332, 27.700, 51.009), (-1.2133029547793346e+20, 0.0), 1.2133029547793346e+20, 1783357673941820729, ['NU-AP06164', 'NU-AP06163', 'NU-AP06167'], [(2.960, 27.700, 44.930), (16.350, 27.700, 50.030), (6.580, 27.700, 59.750)], [-55, -54, -63]]
[(8.332, 27.700, 51.009), (-1.2133029549878002e+20, 0.0), 1.2133029549878002e+20, 1783357674248231218, ['NU-AP06164', 'NU-AP06163', 'NU-AP06167'], [(2.960, 27.700, 44.930), (16.350, 27.700, 50.030), (6.580, 27.700, 59.750)], [-55, -54, -63]]
[(8.332, 27.700, 51.009), (-1.213302955042418e+20, 0.0), 1.213302955042418e+20, 1783357674328509924, ['NU-AP06164', 'NU-AP06163', 'NU-AP06167'], [(2.960, 27.700, 44.930), (16.350, 27.700, 50.030), (6.580, 27.700, 59.750)], [-55, -54, -63]]
[(8.332, 27.700, 51.009), (-1.2133029554999132e+20, 0.0), 1.2133029554999132e+20, 1783357675000953115, ['NU-AP06164', 'NU-AP06163', 'NU-AP06167'], [(2.960, 27.700, 44.930), (16.350, 27.700, 50.030), (6.580, 27.700, 59.750)], [-55, -54, -63]]
[(8.332, 27.700, 51.009), (-1.213302956302063e+20, 0.0), 1.213302956302063e+20, 1783357676179983545, ['NU-AP06164', 'NU-AP06163', 'NU-AP06167'], [(2.960, 27.700, 44.930), (16.350, 27.700, 50.030), (6.580, 27.700, 59.750)], [-55, -54, -63]]
[(8.332, 27.700, 51.009), (-1.2133029564035428e+20, 0.0), 1.2133029564035428e+20, 1783357676329141505, ['NU-AP06164', 'NU-AP06163', 'NU-AP06167'], [(2.960, 27.700, 44.930), (16.350, 27.700, 50.030), (6.580, 27.700, 59.750)], [-55, -54, -63]]
[(8.332, 27.700, 51.009), (-1.2133029564521082e+20, 0.0), 1.2133029564521082e+20, 1783357676400525056, ['NU-AP06164', 'NU-AP06163', 'NU-AP06167'], [(2.960, 27.700, 44.930), (16.350, 27.700, 50.030), (6.580, 27.700, 59.750)], [-55, -54, -63]]
[(8.332, 27.700, 51.009), (-1.2133029565492247e+20, 0.0), 1.2133029565492247e+20, 1783357676543270343, ['NU-AP06164', 'NU-AP06163', 'NU-AP06167'], [(2.960, 27.700, 44.930), (16.350, 27.700, 50.030), (6.580, 27.700, 59.750)], [-55, -54, -63]]
[(8.332, 27.700, 51.009), (-1.2133029567012726e+20, 0.0), 1.2133029567012726e+20, 1783357676766756337, ['NU-AP06164', 'NU-AP06163', 'NU-AP06167'], [(2.960, 27.700, 44.930), (16.350, 27.700, 50.030), (6.580, 27.700, 59.750)], [-55, -54, -63]]
[(8.332, 27.700, 51.009), (-1.2133029573075519e+20, 0.0), 1.2133029573075519e+20, 1783357677657887683, ['NU-AP06164', 'NU-AP06163', 'NU-AP06167'], [(2.960, 27.700, 44.930), (16.350, 27.700, 50.030), (6.580, 27.700, 59.750)], [-55, -54, -63]]
[(8.332, 27.700, 51.009), (-1.2133029575093995e+20, 0.0), 1.2133029575093995e+20, 1783357677954571147, ['NU-AP06164', 'NU-AP06163', 'NU-AP06167'], [(2.960, 27.700, 44.930), (16.350, 27.700, 50.030), (6.580, 27.700, 59.750)], [-55, -54, -63]]
[(8.332, 27.700, 51.009), (-1.2133029575598395e+20, 0.0), 1.2133029575598395e+20, 1783357678028709577, ['NU-AP06164', 'NU-AP06163', 'NU-AP06167'], [(2.960, 27.700, 44.930), (16.350, 27.700, 50.030), (6.580, 27.700, 59.750)], [-55, -54, -63]]
[(8.332, 27.700, 51.009), (-1.213302957660561e+20, 0.0), 1.213302957660561e+20, 1783357678176753708, ['NU-AP06164', 'NU-AP06163', 'NU-AP06167'], [(2.960, 27.700, 44.930), (16.350, 27.700, 50.030), (6.580, 27.700, 59.750)], [-55, -54, -63]]
[(8.332, 27.700, 51.009), (-1.2133029579641228e+20, 0.0), 1.2133029579641228e+20, 1783357678622939998, ['NU-AP06164', 'NU-AP06163', 'NU-AP06167'], [(2.960, 27.700, 44.930), (16.350, 27.700, 50.030), (6.580, 27.700, 59.750)], [-55, -54, -63]]
[(8.332, 27.700, 51.009), (-1.2133029581655374e+20, 0.0), 1.2133029581655374e+20, 1783357678918986713, ['NU-AP06164', 'NU-AP06163', 'NU-AP06167'], [(2.960, 27.700, 44.930), (16.350, 27.700, 50.030), (6.580, 27.700, 59.750)], [-55, -54, -63]]
[(8.332, 27.700, 51.009), (-1.213302958219221e+20, 0.0), 1.213302958219221e+20, 1783357678997893298, ['NU-AP06164', 'NU-AP06163', 'NU-AP06167'], [(2.960, 27.700, 44.930), (16.350, 27.700, 50.030), (6.580, 27.700, 59.750)], [-55, -54, -63]]
[(8.332, 27.700, 51.009), (-1.2133029590473576e+20, 0.0), 1.2133029590473576e+20, 1783357680215118609, ['NU-AP06164', 'NU-AP06163', 'NU-AP06167'], [(2.960, 27.700, 44.930), (16.350, 27.700, 50.030), (6.580, 27.700, 59.750)], [-55, -54, -63]]
[(8.332, 27.700, 51.009), (-1.2133029590955488e+20, 0.0), 1.2133029590955488e+20, 1783357680285952143, ['NU-AP06164', 'NU-AP06163', 'NU-AP06167'], [(2.960, 27.700, 44.930), (16.350, 27.700, 50.030), (6.580, 27.700, 59.750)], [-55, -54, -63]]
[(8.332, 27.700, 51.009), (-1.2133029591934342e+20, 0.0), 1.2133029591934342e+20, 1783357680429827407, ['NU-AP06164', 'NU-AP06163', 'NU-AP06167'], [(2.960, 27.700, 44.930), (16.350, 27.700, 50.030), (6.580, 27.700, 59.750)], [-55, -54, -63]]
[(8.309, 27.700, 51.014), (-1.2133029592964463e+20, 0.0), 1.2133029592964463e+20, 1783357680581238681, ['NU-AP06164', 'NU-AP06163', 'NU-AP06167'], [(2.960, 27.700, 44.930), (16.350, 27.700, 50.030), (6.580, 27.700, 59.750)], [-55, -55, -63]]
[(8.309, 27.700, 51.014), (-1.2133029593485764e+20, 0.0), 1.2133029593485764e+20, 1783357680657861090, ['NU-AP06164', 'NU-AP06163', 'NU-AP06167'], [(2.960, 27.700, 44.930), (16.350, 27.700, 50.030), (6.580, 27.700, 59.750)], [-55, -55, -63]]
[(8.309, 27.700, 51.014), (-1.2133029595028179e+20, 0.0), 1.2133029595028179e+20, 1783357680884571279, ['NU-AP06164', 'NU-AP06163', 'NU-AP06167'], [(2.960, 27.700, 44.930), (16.350, 27.700, 50.030), (6.580, 27.700, 59.750)], [-55, -55, -63]]
50-67-tri
[(8.306, 27.700, 51.148), (-1.2133029510034655e+20, 0.0), 1.2133029510034655e+20, 1783357668391907526, ['NU-AP06164', 'NU-AP06163', 'NU-AP06167'], [(2.960, 27.700, 44.930), (16.350, 27.700, 50.030), (6.580, 27.700, 59.750)], [-56, -54, -62]]
[(8.306, 27.700, 51.148), (-1.2133029511317748e+20, 0.0), 1.2133029511317748e+20, 1783357668580501687, ['NU-AP06164', 'NU-AP06163', 'NU-AP06167'], [(2.960, 27.700, 44.930), (16.350, 27.700, 50.030), (6.580, 27.700, 59.750)], [-56, -54, -62]]
[(8.306, 27.700, 51.148), (-1.213302951436609e+20, 0.0), 1.213302951436609e+20, 1783357669028558278, ['NU-AP06164', 'NU-AP06163', 'NU-AP06167'], [(2.960, 27.700, 44.930), (16.350, 27.700, 50.030), (6.580, 27.700, 59.750)], [-56, -54, -62]]
[(8.306, 27.700, 51.148), (-1.2133029514795822e+20, 0.0), 1.2133029514795822e+20, 1783357669091721906, ['NU-AP06164', 'NU-AP06163', 'NU-AP06167'], [(2.960, 27.700, 44.930), (16.350, 27.700, 50.030), (6.580, 27.700, 59.750)], [-56, -54, -62]]
[(8.306, 27.700, 51.148), (-1.2133029520754593e+20, 0.0), 1.2133029520754593e+20, 1783357669967564207, ['NU-AP06164', 'NU-AP06163', 'NU-AP06167'], [(2.960, 27.700, 44.930), (16.350, 27.700, 50.030), (6.580, 27.700, 59.750)], [-56, -54, -62]]
[(8.306, 27.700, 51.148), (-1.2133029521777154e+20, 0.0), 1.2133029521777154e+20, 1783357670117864135, ['NU-AP06164', 'NU-AP06163', 'NU-AP06167'], [(2.960, 27.700, 44.930), (16.350, 27.700, 50.030), (6.580, 27.700, 59.750)], [-56, -54, -62]]
[(8.306, 27.700, 51.148), (-1.2133029522453396e+20, 0.0), 1.2133029522453396e+20, 1783357670217260435, ['NU-AP06164', 'NU-AP06163', 'NU-AP06167'], [(2.960, 27.700, 44.930), (16.350, 27.700, 50.030), (6.580, 27.700, 59.750)], [-56, -54, -62]]
[(8.306, 27.700, 51.148), (-1.2133029527973182e+20, 0.0), 1.2133029527973182e+20, 1783357671028578703, ['NU-AP06164', 'NU-AP06163', 'NU-AP06167'], [(2.960, 27.700, 44.930), (16.350, 27.700, 50.030), (6.580, 27.700, 59.750)], [-56, -54, -62]]
[(8.306, 27.700, 51.148), (-1.2133029529341308e+20, 0.0), 1.2133029529341308e+20, 1783357671229671615, ['NU-AP06164', 'NU-AP06163', 'NU-AP06167'], [(2.960, 27.700, 44.930), (16.350, 27.700, 50.030), (6.580, 27.700, 59.750)], [-56, -54, -62]]
[(8.306, 27.700, 51.148), (-1.2133029532097936e+20, 0.0), 1.2133029532097936e+20, 1783357671634850598, ['NU-AP06164', 'NU-AP06163', 'NU-AP06167'], [(2.960, 27.700, 44.930), (16.350, 27.700, 50.030), (6.580, 27.700, 59.750)], [-56, -54, -62]]
[(8.306, 27.700, 51.148), (-1.2133029535879304e+20, 0.0), 1.2133029535879304e+20, 1783357672190650132, ['NU-AP06164', 'NU-AP06163', 'NU-AP06167'], [(2.960, 27.700, 44.930), (16.350, 27.700, 50.030), (6.580, 27.700, 59.750)], [-56, -54, -62]]
[(8.306, 27.700, 51.148), (-1.213302953633585e+20, 0.0), 1.213302953633585e+20, 1783357672257755012, ['NU-AP06164', 'NU-AP06163', 'NU-AP06167'], [(2.960, 27.700, 44.930), (16.350, 27.700, 50.030), (6.580, 27.700, 59.750)], [-56, -54, -62]]
[(8.332, 27.700, 51.009), (-1.213302953726427e+20, 0.0), 1.213302953726427e+20, 1783357672394217418, ['NU-AP06164', 'NU-AP06163', 'NU-AP06167'], [(2.960, 27.700, 44.930), (16.350, 27.700, 50.030), (6.580, 27.700, 59.750)], [-55, -54, -63]]
[(8.332, 27.700, 51.009), (-1.2133029538228483e+20, 0.0), 1.2133029538228483e+20, 1783357672535941152, ['NU-AP06164', 'NU-AP06163', 'NU-AP06167'], [(2.960, 27.700, 44.930), (16.350, 27.700, 50.030), (6.580, 27.700, 59.750)], [-55, -54, -63]]
[(8.332, 27.700, 51.009), (-1.2133029539746554e+20, 0.0), 1.2133029539746554e+20, 1783357672759072972, ['NU-AP06164', 'NU-AP06163', 'NU-AP06167'], [(2.960, 27.700, 44.930), (16.350, 27.700, 50.030), (6.580, 27.700, 59.750)], [-55, -54, -63]]
[(8.332, 27.700, 51.009), (-1.2133029547793346e+20, 0.0), 1.2133029547793346e+20, 1783357673941820729, ['NU-AP06164', 'NU-AP06163', 'NU-AP06167'], [(2.960, 27.700, 44.930), (16.350, 27.700, 50.030), (6.580, 27.700, 59.750)], [-55, -54, -63]]
[(8.332, 27.700, 51.009), (-1.2133029549878002e+20, 0.0), 1.2133029549878002e+20, 1783357674248231218, ['NU-AP06164', 'NU-AP06163', 'NU-AP06167'], [(2.960, 27.700, 44.930), (16.350, 27.700, 50.030), (6.580, 27.700, 59.750)], [-55, -54, -63]]
[(8.332, 27.700, 51.009), (-1.213302955042418e+20, 0.0), 1.213302955042418e+20, 1783357674328509924, ['NU-AP06164', 'NU-AP06163', 'NU-AP06167'], [(2.960, 27.700, 44.930), (16.350, 27.700, 50.030), (6.580, 27.700, 59.750)], [-55, -54, -63]]
[(8.332, 27.700, 51.009), (-1.2133029554999132e+20, 0.0), 1.2133029554999132e+20, 1783357675000953115, ['NU-AP06164', 'NU-AP06163', 'NU-AP06167'], [(2.960, 27.700, 44.930), (16.350, 27.700, 50.030), (6.580, 27.700, 59.750)], [-55, -54, -63]]
[(8.332, 27.700, 51.009), (-1.213302956302063e+20, 0.0), 1.213302956302063e+20, 1783357676179983545, ['NU-AP06164', 'NU-AP06163', 'NU-AP06167'], [(2.960, 27.700, 44.930), (16.350, 27.700, 50.030), (6.580, 27.700, 59.750)], [-55, -54, -63]]
[(8.332, 27.700, 51.009), (-1.2133029564035428e+20, 0.0), 1.2133029564035428e+20, 1783357676329141505, ['NU-AP06164', 'NU-AP06163', 'NU-AP06167'], [(2.960, 27.700, 44.930), (16.350, 27.700, 50.030), (6.580, 27.700, 59.750)], [-55, -54, -63]]
[(8.332, 27.700, 51.009), (-1.2133029564521082e+20, 0.0), 1.2133029564521082e+20, 1783357676400525056, ['NU-AP06164', 'NU-AP06163', 'NU-AP06167'], [(2.960, 27.700, 44.930), (16.350, 27.700, 50.030), (6.580, 27.700, 59.750)], [-55, -54, -63]]
[(8.332, 27.700, 51.009), (-1.2133029565492247e+20, 0.0), 1.2133029565492247e+20, 1783357676543270343, ['NU-AP06164', 'NU-AP06163', 'NU-AP06167'], [(2.960, 27.700, 44.930), (16.350, 27.700, 50.030), (6.580, 27.700, 59.750)], [-55, -54, -63]]
[(8.332, 27.700, 51.009), (-1.2133029567012726e+20, 0.0), 1.2133029567012726e+20, 1783357676766756337, ['NU-AP06164', 'NU-AP06163', 'NU-AP06167'], [(2.960, 27.700, 44.930), (16.350, 27.700, 50.030), (6.580, 27.700, 59.750)], [-55, -54, -63]]
[(8.332, 27.700, 51.009), (-1.2133029573075519e+20, 0.0), 1.2133029573075519e+20, 1783357677657887683, ['NU-AP06164', 'NU-AP06163', 'NU-AP06167'], [(2.960, 27.700, 44.930), (16.350, 27.700, 50.030), (6.580, 27.700, 59.750)], [-55, -54, -63]]
[(8.332, 27.700, 51.009), (-1.2133029575093995e+20, 0.0), 1.2133029575093995e+20, 1783357677954571147, ['NU-AP06164', 'NU-AP06163', 'NU-AP06167'], [(2.960, 27.700, 44.930), (16.350, 27.700, 50.030), (6.580, 27.700, 59.750)], [-55, -54, -63]]
[(8.332, 27.700, 51.009), (-1.2133029575598395e+20, 0.0), 1.2133029575598395e+20, 1783357678028709577, ['NU-AP06164', 'NU-AP06163', 'NU-AP06167'], [(2.960, 27.700, 44.930), (16.350, 27.700, 50.030), (6.580, 27.700, 59.750)], [-55, -54, -63]]
[(8.332, 27.700, 51.009), (-1.213302957660561e+20, 0.0), 1.213302957660561e+20, 1783357678176753708, ['NU-AP06164', 'NU-AP06163', 'NU-AP06167'], [(2.960, 27.700, 44.930), (16.350, 27.700, 50.030), (6.580, 27.700, 59.750)], [-55, -54, -63]]
[(8.332, 27.700, 51.009), (-1.2133029579641228e+20, 0.0), 1.2133029579641228e+20, 1783357678622939998, ['NU-AP06164', 'NU-AP06163', 'NU-AP06167'], [(2.960, 27.700, 44.930), (16.350, 27.700, 50.030), (6.580, 27.700, 59.750)], [-55, -54, -63]]
[(8.332, 27.700, 51.009), (-1.2133029581655374e+20, 0.0), 1.2133029581655374e+20, 1783357678918986713, ['NU-AP06164', 'NU-AP06163', 'NU-AP06167'], [(2.960, 27.700, 44.930), (16.350, 27.700, 50.030), (6.580, 27.700, 59.750)], [-55, -54, -63]]
[(8.332, 27.700, 51.009), (-1.213302958219221e+20, 0.0), 1.213302958219221e+20, 1783357678997893298, ['NU-AP06164', 'NU-AP06163', 'NU-AP06167'], [(2.960, 27.700, 44.930), (16.350, 27.700, 50.030), (6.580, 27.700, 59.750)], [-55, -54, -63]]
[(8.332, 27.700, 51.009), (-1.2133029590473576e+20, 0.0), 1.2133029590473576e+20, 1783357680215118609, ['NU-AP06164', 'NU-AP06163', 'NU-AP06167'], [(2.960, 27.700, 44.930), (16.350, 27.700, 50.030), (6.580, 27.700, 59.750)], [-55, -54, -63]]
[(8.332, 27.700, 51.009), (-1.2133029590955488e+20, 0.0), 1.2133029590955488e+20, 1783357680285952143, ['NU-AP06164', 'NU-AP06163', 'NU-AP06167'], [(2.960, 27.700, 44.930), (16.350, 27.700, 50.030), (6.580, 27.700, 59.750)], [-55, -54, -63]]
[(8.332, 27.700, 51.009), (-1.2133029591934342e+20, 0.0), 1.2133029591934342e+20, 1783357680429827407, ['NU-AP06164', 'NU-AP06163', 'NU-AP06167'], [(2.960, 27.700, 44.930), (16.350, 27.700, 50.030), (6.580, 27.700, 59.750)], [-55, -54, -63]]
[(8.309, 27.700, 51.014), (-1.2133029592964463e+20, 0.0), 1.2133029592964463e+20, 1783357680581238681, ['NU-AP06164', 'NU-AP06163', 'NU-AP06167'], [(2.960, 27.700, 44.930), (16.350, 27.700, 50.030), (6.580, 27.700, 59.750)], [-55, -55, -63]]
[(8.309, 27.700, 51.014), (-1.2133029593485764e+20, 0.0), 1.2133029593485764e+20, 1783357680657861090, ['NU-AP06164', 'NU-AP06163', 'NU-AP06167'], [(2.960, 27.700, 44.930), (16.350, 27.700, 50.030), (6.580, 27.700, 59.750)], [-55, -55, -63]]
[(8.309, 27.700, 51.014), (-1.2133029595028179e+20, 0.0), 1.2133029595028179e+20, 1783357680884571279, ['NU-AP06164', 'NU-AP06163', 'NU-AP06167'], [(2.960, 27.700, 44.930), (16.350, 27.700, 50.030), (6.580, 27.700, 59.750)], [-55, -55, -63]]
24-ALL-mul
[(8.198, 27.700, 64.129), (-1.2133029520754593e+20, 0.0), 1.2133029520754593e+20, 1783357669967564207, ['NU-AP06163', 'NU-AP06164', 'NU-AP06167', 'NU-AP06162'], [(16.350, 27.700, 50.030), (2.960, 27.700, 44.930), (6.580, 27.700, 59.750), (10.830, 27.700, 31.890)], [-60, -68, -76, -82]]
[(8.198, 27.700, 64.129), (-1.2133029521777154e+20, 0.0), 1.2133029521777154e+20, 1783357670117864135, ['NU-AP06163', 'NU-AP06164', 'NU-AP06167', 'NU-AP06162'], [(16.350, 27.700, 50.030), (2.960, 27.700, 44.930), (6.580, 27.700, 59.750), (10.830, 27.700, 31.890)], [-60, -68, -76, -82]]
[(7.879, 27.700, 64.147), (-1.2133029522453396e+20, 0.0), 1.2133029522453396e+20, 1783357670217260435, ['NU-AP06163', 'NU-AP06164', 'NU-AP06167', 'NU-AP06162'], [(16.350, 27.700, 50.030), (2.960, 27.700, 44.930), (6.580, 27.700, 59.750), (10.830, 27.700, 31.890)], [-60, -67, -76, -82]]
[(7.443, 27.700, 64.693), (-1.2133029527973182e+20, 0.0), 1.2133029527973182e+20, 1783357671028578703, ['NU-AP06163', 'NU-AP06164', 'NU-AP06167', 'NU-AP06162'], [(16.350, 27.700, 50.030), (2.960, 27.700, 44.930), (6.580, 27.700, 59.750), (10.830, 27.700, 31.890)], [-60, -67, -75, -82]]
[(7.443, 27.700, 64.693), (-1.2133029529341308e+20, 0.0), 1.2133029529341308e+20, 1783357671229671615, ['NU-AP06163', 'NU-AP06164', 'NU-AP06167', 'NU-AP06162'], [(16.350, 27.700, 50.030), (2.960, 27.700, 44.930), (6.580, 27.700, 59.750), (10.830, 27.700, 31.890)], [-60, -67, -75, -82]]
[(7.443, 27.700, 64.693), (-1.2133029532097936e+20, 0.0), 1.2133029532097936e+20, 1783357671634850598, ['NU-AP06163', 'NU-AP06164', 'NU-AP06167', 'NU-AP06162'], [(16.350, 27.700, 50.030), (2.960, 27.700, 44.930), (6.580, 27.700, 59.750), (10.830, 27.700, 31.890)], [-60, -67, -75, -82]]
[(7.443, 27.700, 64.693), (-1.2133029535879304e+20, 0.0), 1.2133029535879304e+20, 1783357672190650132, ['NU-AP06163', 'NU-AP06164', 'NU-AP06167', 'NU-AP06162'], [(16.350, 27.700, 50.030), (2.960, 27.700, 44.930), (6.580, 27.700, 59.750), (10.830, 27.700, 31.890)], [-60, -67, -75, -82]]
[(7.443, 27.700, 64.693), (-1.213302953633585e+20, 0.0), 1.213302953633585e+20, 1783357672257755012, ['NU-AP06163', 'NU-AP06164', 'NU-AP06167', 'NU-AP06162'], [(16.350, 27.700, 50.030), (2.960, 27.700, 44.930), (6.580, 27.700, 59.750), (10.830, 27.700, 31.890)], [-60, -67, -75, -82]]
[(7.443, 27.700, 64.693), (-1.213302953726427e+20, 0.0), 1.213302953726427e+20, 1783357672394217418, ['NU-AP06163', 'NU-AP06164', 'NU-AP06167', 'NU-AP06162'], [(16.350, 27.700, 50.030), (2.960, 27.700, 44.930), (6.580, 27.700, 59.750), (10.830, 27.700, 31.890)], [-60, -67, -75, -82]]
[(7.443, 27.700, 64.693), (-1.2133029538228483e+20, 0.0), 1.2133029538228483e+20, 1783357672535941152, ['NU-AP06163', 'NU-AP06164', 'NU-AP06167', 'NU-AP06162'], [(16.350, 27.700, 50.030), (2.960, 27.700, 44.930), (6.580, 27.700, 59.750), (10.830, 27.700, 31.890)], [-60, -67, -75, -82]]
[(7.443, 27.700, 64.693), (-1.2133029539746554e+20, 0.0), 1.2133029539746554e+20, 1783357672759072972, ['NU-AP06163', 'NU-AP06164', 'NU-AP06167', 'NU-AP06162'], [(16.350, 27.700, 50.030), (2.960, 27.700, 44.930), (6.580, 27.700, 59.750), (10.830, 27.700, 31.890)], [-60, -67, -75, -82]]
[(7.443, 27.700, 64.693), (-1.2133029547793346e+20, 0.0), 1.2133029547793346e+20, 1783357673941820729, ['NU-AP06163', 'NU-AP06164', 'NU-AP06167', 'NU-AP06162'], [(16.350, 27.700, 50.030), (2.960, 27.700, 44.930), (6.580, 27.700, 59.750), (10.830, 27.700, 31.890)], [-60, -67, -75, -82]]
[(6.978, 27.700, 64.720), (-1.2133029549878002e+20, 0.0), 1.2133029549878002e+20, 1783357674248231218, ['NU-AP06163', 'NU-AP06164', 'NU-AP06167', 'NU-AP06162'], [(16.350, 27.700, 50.030), (2.960, 27.700, 44.930), (6.580, 27.700, 59.750), (10.830, 27.700, 31.890)], [-60, -65, -75, -82]]
[(6.978, 27.700, 64.720), (-1.213302955042418e+20, 0.0), 1.213302955042418e+20, 1783357674328509924, ['NU-AP06163', 'NU-AP06164', 'NU-AP06167', 'NU-AP06162'], [(16.350, 27.700, 50.030), (2.960, 27.700, 44.930), (6.580, 27.700, 59.750), (10.830, 27.700, 31.890)], [-60, -65, -75, -82]]
[(7.415, 27.700, 64.174), (-1.2133029554999132e+20, 0.0), 1.2133029554999132e+20, 1783357675000953115, ['NU-AP06163', 'NU-AP06164', 'NU-AP06167', 'NU-AP06162'], [(16.350, 27.700, 50.030), (2.960, 27.700, 44.930), (6.580, 27.700, 59.750), (10.830, 27.700, 31.890)], [-60, -65, -76, -82]]
24-80-mul
24-70-mul
24-67-mul
50-ALL-mul
[(7.485, 27.700, 53.788), (-1.2133029510034655e+20, 0.0), 1.2133029510034655e+20, 1783357668391907526, ['NU-AP06164', 'NU-AP06163', 'NU-AP06165', 'NU-AP06167'], [(2.960, 27.700, 44.930), (16.350, 27.700, 50.030), (3.940, 27.700, 71.250), (6.580, 27.700, 59.750)], [-56, -54, -73, -62]]
[(7.485, 27.700, 53.788), (-1.2133029511317748e+20, 0.0), 1.2133029511317748e+20, 1783357668580501687, ['NU-AP06164', 'NU-AP06163', 'NU-AP06165', 'NU-AP06167'], [(2.960, 27.700, 44.930), (16.350, 27.700, 50.030), (3.940, 27.700, 71.250), (6.580, 27.700, 59.750)], [-56, -54, -73, -62]]
[(7.485, 27.700, 53.788), (-1.213302951436609e+20, 0.0), 1.213302951436609e+20, 1783357669028558278, ['NU-AP06164', 'NU-AP06163', 'NU-AP06165', 'NU-AP06167'], [(2.960, 27.700, 44.930), (16.350, 27.700, 50.030), (3.940, 27.700, 71.250), (6.580, 27.700, 59.750)], [-56, -54, -73, -62]]
[(7.485, 27.700, 53.788), (-1.2133029514795822e+20, 0.0), 1.2133029514795822e+20, 1783357669091721906, ['NU-AP06164', 'NU-AP06163', 'NU-AP06165', 'NU-AP06167'], [(2.960, 27.700, 44.930), (16.350, 27.700, 50.030), (3.940, 27.700, 71.250), (6.580, 27.700, 59.750)], [-56, -54, -73, -62]]
[(7.485, 27.700, 53.788), (-1.2133029520754593e+20, 0.0), 1.2133029520754593e+20, 1783357669967564207, ['NU-AP06164', 'NU-AP06163', 'NU-AP06165', 'NU-AP06167'], [(2.960, 27.700, 44.930), (16.350, 27.700, 50.030), (3.940, 27.700, 71.250), (6.580, 27.700, 59.750)], [-56, -54, -73, -62]]
[(7.485, 27.700, 53.788), (-1.2133029521777154e+20, 0.0), 1.2133029521777154e+20, 1783357670117864135, ['NU-AP06164', 'NU-AP06163', 'NU-AP06165', 'NU-AP06167'], [(2.960, 27.700, 44.930), (16.350, 27.700, 50.030), (3.940, 27.700, 71.250), (6.580, 27.700, 59.750)], [-56, -54, -73, -62]]
[(7.485, 27.700, 53.788), (-1.2133029522453396e+20, 0.0), 1.2133029522453396e+20, 1783357670217260435, ['NU-AP06164', 'NU-AP06163', 'NU-AP06165', 'NU-AP06167'], [(2.960, 27.700, 44.930), (16.350, 27.700, 50.030), (3.940, 27.700, 71.250), (6.580, 27.700, 59.750)], [-56, -54, -73, -62]]
[(7.485, 27.700, 53.788), (-1.2133029527973182e+20, 0.0), 1.2133029527973182e+20, 1783357671028578703, ['NU-AP06164', 'NU-AP06163', 'NU-AP06165', 'NU-AP06167'], [(2.960, 27.700, 44.930), (16.350, 27.700, 50.030), (3.940, 27.700, 71.250), (6.580, 27.700, 59.750)], [-56, -54, -73, -62]]
[(7.485, 27.700, 53.788), (-1.2133029529341308e+20, 0.0), 1.2133029529341308e+20, 1783357671229671615, ['NU-AP06164', 'NU-AP06163', 'NU-AP06165', 'NU-AP06167'], [(2.960, 27.700, 44.930), (16.350, 27.700, 50.030), (3.940, 27.700, 71.250), (6.580, 27.700, 59.750)], [-56, -54, -73, -62]]
[(7.485, 27.700, 53.788), (-1.2133029532097936e+20, 0.0), 1.2133029532097936e+20, 1783357671634850598, ['NU-AP06164', 'NU-AP06163', 'NU-AP06165', 'NU-AP06167'], [(2.960, 27.700, 44.930), (16.350, 27.700, 50.030), (3.940, 27.700, 71.250), (6.580, 27.700, 59.750)], [-56, -54, -73, -62]]
[(7.618, 27.700, 53.360), (-1.2133029535879304e+20, 0.0), 1.2133029535879304e+20, 1783357672190650132, ['NU-AP06164', 'NU-AP06163', 'NU-AP06165', 'NU-AP06167'], [(2.960, 27.700, 44.930), (16.350, 27.700, 50.030), (3.940, 27.700, 71.250), (6.580, 27.700, 59.750)], [-56, -54, -74, -62]]
[(7.618, 27.700, 53.360), (-1.213302953633585e+20, 0.0), 1.213302953633585e+20, 1783357672257755012, ['NU-AP06164', 'NU-AP06163', 'NU-AP06165', 'NU-AP06167'], [(2.960, 27.700, 44.930), (16.350, 27.700, 50.030), (3.940, 27.700, 71.250), (6.580, 27.700, 59.750)], [-56, -54, -74, -62]]
[(7.620, 27.700, 53.301), (-1.213302953726427e+20, 0.0), 1.213302953726427e+20, 1783357672394217418, ['NU-AP06164', 'NU-AP06163', 'NU-AP06165', 'NU-AP06167'], [(2.960, 27.700, 44.930), (16.350, 27.700, 50.030), (3.940, 27.700, 71.250), (6.580, 27.700, 59.750)], [-55, -54, -74, -63]]
[(7.620, 27.700, 53.301), (-1.2133029538228483e+20, 0.0), 1.2133029538228483e+20, 1783357672535941152, ['NU-AP06164', 'NU-AP06163', 'NU-AP06165', 'NU-AP06167'], [(2.960, 27.700, 44.930), (16.350, 27.700, 50.030), (3.940, 27.700, 71.250), (6.580, 27.700, 59.750)], [-55, -54, -74, -63]]
[(7.620, 27.700, 53.301), (-1.2133029539746554e+20, 0.0), 1.2133029539746554e+20, 1783357672759072972, ['NU-AP06164', 'NU-AP06163', 'NU-AP06165', 'NU-AP06167'], [(2.960, 27.700, 44.930), (16.350, 27.700, 50.030), (3.940, 27.700, 71.250), (6.580, 27.700, 59.750)], [-55, -54, -74, -63]]
[(7.620, 27.700, 53.301), (-1.2133029547793346e+20, 0.0), 1.2133029547793346e+20, 1783357673941820729, ['NU-AP06164', 'NU-AP06163', 'NU-AP06165', 'NU-AP06167'], [(2.960, 27.700, 44.930), (16.350, 27.700, 50.030), (3.940, 27.700, 71.250), (6.580, 27.700, 59.750)], [-55, -54, -74, -63]]
[(7.620, 27.700, 53.301), (-1.2133029549878002e+20, 0.0), 1.2133029549878002e+20, 1783357674248231218, ['NU-AP06164', 'NU-AP06163', 'NU-AP06165', 'NU-AP06167'], [(2.960, 27.700, 44.930), (16.350, 27.700, 50.030), (3.940, 27.700, 71.250), (6.580, 27.700, 59.750)], [-55, -54, -74, -63]]
[(7.620, 27.700, 53.301), (-1.213302955042418e+20, 0.0), 1.213302955042418e+20, 1783357674328509924, ['NU-AP06164', 'NU-AP06163', 'NU-AP06165', 'NU-AP06167'], [(2.960, 27.700, 44.930), (16.350, 27.700, 50.030), (3.940, 27.700, 71.250), (6.580, 27.700, 59.750)], [-55, -54, -74, -63]]
[(7.620, 27.700, 53.301), (-1.2133029554999132e+20, 0.0), 1.2133029554999132e+20, 1783357675000953115, ['NU-AP06164', 'NU-AP06163', 'NU-AP06165', 'NU-AP06167'], [(2.960, 27.700, 44.930), (16.350, 27.700, 50.030), (3.940, 27.700, 71.250), (6.580, 27.700, 59.750)], [-55, -54, -74, -63]]
[(7.785, 27.700, 52.771), (-1.213302956302063e+20, 0.0), 1.213302956302063e+20, 1783357676179983545, ['NU-AP06164', 'NU-AP06163', 'NU-AP06165', 'NU-AP06167'], [(2.960, 27.700, 44.930), (16.350, 27.700, 50.030), (3.940, 27.700, 71.250), (6.580, 27.700, 59.750)], [-55, -54, -75, -63]]
[(7.785, 27.700, 52.771), (-1.2133029564035428e+20, 0.0), 1.2133029564035428e+20, 1783357676329141505, ['NU-AP06164', 'NU-AP06163', 'NU-AP06165', 'NU-AP06167'], [(2.960, 27.700, 44.930), (16.350, 27.700, 50.030), (3.940, 27.700, 71.250), (6.580, 27.700, 59.750)], [-55, -54, -75, -63]]
[(7.785, 27.700, 52.771), (-1.2133029564521082e+20, 0.0), 1.2133029564521082e+20, 1783357676400525056, ['NU-AP06164', 'NU-AP06163', 'NU-AP06165', 'NU-AP06167'], [(2.960, 27.700, 44.930), (16.350, 27.700, 50.030), (3.940, 27.700, 71.250), (6.580, 27.700, 59.750)], [-55, -54, -75, -63]]
[(7.439, 27.700, 53.920), (-1.2133029565492247e+20, 0.0), 1.2133029565492247e+20, 1783357676543270343, ['NU-AP06164', 'NU-AP06163', 'NU-AP06165', 'NU-AP06167', 'NU-AP06162'], [(2.960, 27.700, 44.930), (16.350, 27.700, 50.030), (3.940, 27.700, 71.250), (6.580, 27.700, 59.750), (10.830, 27.700, 31.890)], [-55, -54, -75, -63, -78]]
[(7.439, 27.700, 53.920), (-1.2133029567012726e+20, 0.0), 1.2133029567012726e+20, 1783357676766756337, ['NU-AP06164', 'NU-AP06163', 'NU-AP06165', 'NU-AP06167', 'NU-AP06162'], [(2.960, 27.700, 44.930), (16.350, 27.700, 50.030), (3.940, 27.700, 71.250), (6.580, 27.700, 59.750), (10.830, 27.700, 31.890)], [-55, -54, -75, -63, -78]]
[(7.439, 27.700, 53.920), (-1.2133029573075519e+20, 0.0), 1.2133029573075519e+20, 1783357677657887683, ['NU-AP06164', 'NU-AP06163', 'NU-AP06165', 'NU-AP06167', 'NU-AP06162'], [(2.960, 27.700, 44.930), (16.350, 27.700, 50.030), (3.940, 27.700, 71.250), (6.580, 27.700, 59.750), (10.830, 27.700, 31.890)], [-55, -54, -75, -63, -78]]
[(7.439, 27.700, 53.920), (-1.2133029575093995e+20, 0.0), 1.2133029575093995e+20, 1783357677954571147, ['NU-AP06164', 'NU-AP06163', 'NU-AP06165', 'NU-AP06167', 'NU-AP06162'], [(2.960, 27.700, 44.930), (16.350, 27.700, 50.030), (3.940, 27.700, 71.250), (6.580, 27.700, 59.750), (10.830, 27.700, 31.890)], [-55, -54, -75, -63, -78]]
[(7.439, 27.700, 53.920), (-1.2133029575598395e+20, 0.0), 1.2133029575598395e+20, 1783357678028709577, ['NU-AP06164', 'NU-AP06163', 'NU-AP06165', 'NU-AP06167', 'NU-AP06162'], [(2.960, 27.700, 44.930), (16.350, 27.700, 50.030), (3.940, 27.700, 71.250), (6.580, 27.700, 59.750), (10.830, 27.700, 31.890)], [-55, -54, -75, -63, -78]]
[(7.439, 27.700, 53.920), (-1.213302957660561e+20, 0.0), 1.213302957660561e+20, 1783357678176753708, ['NU-AP06164', 'NU-AP06163', 'NU-AP06165', 'NU-AP06167', 'NU-AP06162'], [(2.960, 27.700, 44.930), (16.350, 27.700, 50.030), (3.940, 27.700, 71.250), (6.580, 27.700, 59.750), (10.830, 27.700, 31.890)], [-55, -54, -75, -63, -78]]
[(7.439, 27.700, 53.920), (-1.2133029579641228e+20, 0.0), 1.2133029579641228e+20, 1783357678622939998, ['NU-AP06164', 'NU-AP06163', 'NU-AP06165', 'NU-AP06167', 'NU-AP06162'], [(2.960, 27.700, 44.930), (16.350, 27.700, 50.030), (3.940, 27.700, 71.250), (6.580, 27.700, 59.750), (10.830, 27.700, 31.890)], [-55, -54, -75, -63, -78]]
[(7.439, 27.700, 53.920), (-1.2133029581655374e+20, 0.0), 1.2133029581655374e+20, 1783357678918986713, ['NU-AP06164', 'NU-AP06163', 'NU-AP06165', 'NU-AP06167', 'NU-AP06162'], [(2.960, 27.700, 44.930), (16.350, 27.700, 50.030), (3.940, 27.700, 71.250), (6.580, 27.700, 59.750), (10.830, 27.700, 31.890)], [-55, -54, -75, -63, -78]]
[(7.439, 27.700, 53.920), (-1.213302958219221e+20, 0.0), 1.213302958219221e+20, 1783357678997893298, ['NU-AP06164', 'NU-AP06163', 'NU-AP06165', 'NU-AP06167', 'NU-AP06162'], [(2.960, 27.700, 44.930), (16.350, 27.700, 50.030), (3.940, 27.700, 71.250), (6.580, 27.700, 59.750), (10.830, 27.700, 31.890)], [-55, -54, -75, -63, -78]]
[(7.439, 27.700, 53.920), (-1.2133029590473576e+20, 0.0), 1.2133029590473576e+20, 1783357680215118609, ['NU-AP06164', 'NU-AP06163', 'NU-AP06165', 'NU-AP06167', 'NU-AP06162'], [(2.960, 27.700, 44.930), (16.350, 27.700, 50.030), (3.940, 27.700, 71.250), (6.580, 27.700, 59.750), (10.830, 27.700, 31.890)], [-55, -54, -75, -63, -78]]
[(7.439, 27.700, 53.920), (-1.2133029590955488e+20, 0.0), 1.2133029590955488e+20, 1783357680285952143, ['NU-AP06164', 'NU-AP06163', 'NU-AP06165', 'NU-AP06167', 'NU-AP06162'], [(2.960, 27.700, 44.930), (16.350, 27.700, 50.030), (3.940, 27.700, 71.250), (6.580, 27.700, 59.750), (10.830, 27.700, 31.890)], [-55, -54, -75, -63, -78]]
[(7.439, 27.700, 53.920), (-1.2133029591934342e+20, 0.0), 1.2133029591934342e+20, 1783357680429827407, ['NU-AP06164', 'NU-AP06163', 'NU-AP06165', 'NU-AP06167', 'NU-AP06162'], [(2.960, 27.700, 44.930), (16.350, 27.700, 50.030), (3.940, 27.700, 71.250), (6.580, 27.700, 59.750), (10.830, 27.700, 31.890)], [-55, -54, -75, -63, -78]]
[(7.417, 27.700, 53.915), (-1.2133029592964463e+20, 0.0), 1.2133029592964463e+20, 1783357680581238681, ['NU-AP06164', 'NU-AP06163', 'NU-AP06165', 'NU-AP06167', 'NU-AP06162'], [(2.960, 27.700, 44.930), (16.350, 27.700, 50.030), (3.940, 27.700, 71.250), (6.580, 27.700, 59.750), (10.830, 27.700, 31.890)], [-55, -55, -75, -63, -78]]
[(7.417, 27.700, 53.915), (-1.2133029593485764e+20, 0.0), 1.2133029593485764e+20, 1783357680657861090, ['NU-AP06164', 'NU-AP06163', 'NU-AP06165', 'NU-AP06167', 'NU-AP06162'], [(2.960, 27.700, 44.930), (16.350, 27.700, 50.030), (3.940, 27.700, 71.250), (6.580, 27.700, 59.750), (10.830, 27.700, 31.890)], [-55, -55, -75, -63, -78]]
[(7.417, 27.700, 53.915), (-1.2133029595028179e+20, 0.0), 1.2133029595028179e+20, 1783357680884571279, ['NU-AP06164', 'NU-AP06163', 'NU-AP06165', 'NU-AP06167', 'NU-AP06162'], [(2.960, 27.700, 44.930), (16.350, 27.700, 50.030), (3.940, 27.700, 71.250), (6.580, 27.700, 59.750), (10.830, 27.700, 31.890)], [-55, -55, -75, -63, -78]]
50-80-mul
[(7.485, 27.700, 53.788), (-1.2133029510034655e+20, 0.0), 1.2133029510034655e+20, 1783357668391907526, ['NU-AP06164', 'NU-AP06163', 'NU-AP06165', 'NU-AP06167'], [(2.960, 27.700, 44.930), (16.350, 27.700, 50.030), (3.940, 27.700, 71.250), (6.580, 27.700, 59.750)], [-56, -54, -73, -62]]
[(7.485, 27.700, 53.788), (-1.2133029511317748e+20, 0.0), 1.2133029511317748e+20, 1783357668580501687, ['NU-AP06164', 'NU-AP06163', 'NU-AP06165', 'NU-AP06167'], [(2.960, 27.700, 44.930), (16.350, 27.700, 50.030), (3.940, 27.700, 71.250), (6.580, 27.700, 59.750)], [-56, -54, -73, -62]]
[(7.485, 27.700, 53.788), (-1.213302951436609e+20, 0.0), 1.213302951436609e+20, 1783357669028558278, ['NU-AP06164', 'NU-AP06163', 'NU-AP06165', 'NU-AP06167'], [(2.960, 27.700, 44.930), (16.350, 27.700, 50.030), (3.940, 27.700, 71.250), (6.580, 27.700, 59.750)], [-56, -54, -73, -62]]
[(7.485, 27.700, 53.788), (-1.2133029514795822e+20, 0.0), 1.2133029514795822e+20, 1783357669091721906, ['NU-AP06164', 'NU-AP06163', 'NU-AP06165', 'NU-AP06167'], [(2.960, 27.700, 44.930), (16.350, 27.700, 50.030), (3.940, 27.700, 71.250), (6.580, 27.700, 59.750)], [-56, -54, -73, -62]]
[(7.485, 27.700, 53.788), (-1.2133029520754593e+20, 0.0), 1.2133029520754593e+20, 1783357669967564207, ['NU-AP06164', 'NU-AP06163', 'NU-AP06165', 'NU-AP06167'], [(2.960, 27.700, 44.930), (16.350, 27.700, 50.030), (3.940, 27.700, 71.250), (6.580, 27.700, 59.750)], [-56, -54, -73, -62]]
[(7.485, 27.700, 53.788), (-1.2133029521777154e+20, 0.0), 1.2133029521777154e+20, 1783357670117864135, ['NU-AP06164', 'NU-AP06163', 'NU-AP06165', 'NU-AP06167'], [(2.960, 27.700, 44.930), (16.350, 27.700, 50.030), (3.940, 27.700, 71.250), (6.580, 27.700, 59.750)], [-56, -54, -73, -62]]
[(7.485, 27.700, 53.788), (-1.2133029522453396e+20, 0.0), 1.2133029522453396e+20, 1783357670217260435, ['NU-AP06164', 'NU-AP06163', 'NU-AP06165', 'NU-AP06167'], [(2.960, 27.700, 44.930), (16.350, 27.700, 50.030), (3.940, 27.700, 71.250), (6.580, 27.700, 59.750)], [-56, -54, -73, -62]]
[(7.485, 27.700, 53.788), (-1.2133029527973182e+20, 0.0), 1.2133029527973182e+20, 1783357671028578703, ['NU-AP06164', 'NU-AP06163', 'NU-AP06165', 'NU-AP06167'], [(2.960, 27.700, 44.930), (16.350, 27.700, 50.030), (3.940, 27.700, 71.250), (6.580, 27.700, 59.750)], [-56, -54, -73, -62]]
[(7.485, 27.700, 53.788), (-1.2133029529341308e+20, 0.0), 1.2133029529341308e+20, 1783357671229671615, ['NU-AP06164', 'NU-AP06163', 'NU-AP06165', 'NU-AP06167'], [(2.960, 27.700, 44.930), (16.350, 27.700, 50.030), (3.940, 27.700, 71.250), (6.580, 27.700, 59.750)], [-56, -54, -73, -62]]
[(7.485, 27.700, 53.788), (-1.2133029532097936e+20, 0.0), 1.2133029532097936e+20, 1783357671634850598, ['NU-AP06164', 'NU-AP06163', 'NU-AP06165', 'NU-AP06167'], [(2.960, 27.700, 44.930), (16.350, 27.700, 50.030), (3.940, 27.700, 71.250), (6.580, 27.700, 59.750)], [-56, -54, -73, -62]]
[(7.618, 27.700, 53.360), (-1.2133029535879304e+20, 0.0), 1.2133029535879304e+20, 1783357672190650132, ['NU-AP06164', 'NU-AP06163', 'NU-AP06165', 'NU-AP06167'], [(2.960, 27.700, 44.930), (16.350, 27.700, 50.030), (3.940, 27.700, 71.250), (6.580, 27.700, 59.750)], [-56, -54, -74, -62]]
[(7.618, 27.700, 53.360), (-1.213302953633585e+20, 0.0), 1.213302953633585e+20, 1783357672257755012, ['NU-AP06164', 'NU-AP06163', 'NU-AP06165', 'NU-AP06167'], [(2.960, 27.700, 44.930), (16.350, 27.700, 50.030), (3.940, 27.700, 71.250), (6.580, 27.700, 59.750)], [-56, -54, -74, -62]]
[(7.620, 27.700, 53.301), (-1.213302953726427e+20, 0.0), 1.213302953726427e+20, 1783357672394217418, ['NU-AP06164', 'NU-AP06163', 'NU-AP06165', 'NU-AP06167'], [(2.960, 27.700, 44.930), (16.350, 27.700, 50.030), (3.940, 27.700, 71.250), (6.580, 27.700, 59.750)], [-55, -54, -74, -63]]
[(7.620, 27.700, 53.301), (-1.2133029538228483e+20, 0.0), 1.2133029538228483e+20, 1783357672535941152, ['NU-AP06164', 'NU-AP06163', 'NU-AP06165', 'NU-AP06167'], [(2.960, 27.700, 44.930), (16.350, 27.700, 50.030), (3.940, 27.700, 71.250), (6.580, 27.700, 59.750)], [-55, -54, -74, -63]]
[(7.620, 27.700, 53.301), (-1.2133029539746554e+20, 0.0), 1.2133029539746554e+20, 1783357672759072972, ['NU-AP06164', 'NU-AP06163', 'NU-AP06165', 'NU-AP06167'], [(2.960, 27.700, 44.930), (16.350, 27.700, 50.030), (3.940, 27.700, 71.250), (6.580, 27.700, 59.750)], [-55, -54, -74, -63]]
[(7.620, 27.700, 53.301), (-1.2133029547793346e+20, 0.0), 1.2133029547793346e+20, 1783357673941820729, ['NU-AP06164', 'NU-AP06163', 'NU-AP06165', 'NU-AP06167'], [(2.960, 27.700, 44.930), (16.350, 27.700, 50.030), (3.940, 27.700, 71.250), (6.580, 27.700, 59.750)], [-55, -54, -74, -63]]
[(7.620, 27.700, 53.301), (-1.2133029549878002e+20, 0.0), 1.2133029549878002e+20, 1783357674248231218, ['NU-AP06164', 'NU-AP06163', 'NU-AP06165', 'NU-AP06167'], [(2.960, 27.700, 44.930), (16.350, 27.700, 50.030), (3.940, 27.700, 71.250), (6.580, 27.700, 59.750)], [-55, -54, -74, -63]]
[(7.620, 27.700, 53.301), (-1.213302955042418e+20, 0.0), 1.213302955042418e+20, 1783357674328509924, ['NU-AP06164', 'NU-AP06163', 'NU-AP06165', 'NU-AP06167'], [(2.960, 27.700, 44.930), (16.350, 27.700, 50.030), (3.940, 27.700, 71.250), (6.580, 27.700, 59.750)], [-55, -54, -74, -63]]
[(7.620, 27.700, 53.301), (-1.2133029554999132e+20, 0.0), 1.2133029554999132e+20, 1783357675000953115, ['NU-AP06164', 'NU-AP06163', 'NU-AP06165', 'NU-AP06167'], [(2.960, 27.700, 44.930), (16.350, 27.700, 50.030), (3.940, 27.700, 71.250), (6.580, 27.700, 59.750)], [-55, -54, -74, -63]]
[(7.785, 27.700, 52.771), (-1.213302956302063e+20, 0.0), 1.213302956302063e+20, 1783357676179983545, ['NU-AP06164', 'NU-AP06163', 'NU-AP06165', 'NU-AP06167'], [(2.960, 27.700, 44.930), (16.350, 27.700, 50.030), (3.940, 27.700, 71.250), (6.580, 27.700, 59.750)], [-55, -54, -75, -63]]
[(7.785, 27.700, 52.771), (-1.2133029564035428e+20, 0.0), 1.2133029564035428e+20, 1783357676329141505, ['NU-AP06164', 'NU-AP06163', 'NU-AP06165', 'NU-AP06167'], [(2.960, 27.700, 44.930), (16.350, 27.700, 50.030), (3.940, 27.700, 71.250), (6.580, 27.700, 59.750)], [-55, -54, -75, -63]]
[(7.785, 27.700, 52.771), (-1.2133029564521082e+20, 0.0), 1.2133029564521082e+20, 1783357676400525056, ['NU-AP06164', 'NU-AP06163', 'NU-AP06165', 'NU-AP06167'], [(2.960, 27.700, 44.930), (16.350, 27.700, 50.030), (3.940, 27.700, 71.250), (6.580, 27.700, 59.750)], [-55, -54, -75, -63]]
[(7.439, 27.700, 53.920), (-1.2133029565492247e+20, 0.0), 1.2133029565492247e+20, 1783357676543270343, ['NU-AP06164', 'NU-AP06163', 'NU-AP06165', 'NU-AP06167', 'NU-AP06162'], [(2.960, 27.700, 44.930), (16.350, 27.700, 50.030), (3.940, 27.700, 71.250), (6.580, 27.700, 59.750), (10.830, 27.700, 31.890)], [-55, -54, -75, -63, -78]]
[(7.439, 27.700, 53.920), (-1.2133029567012726e+20, 0.0), 1.2133029567012726e+20, 1783357676766756337, ['NU-AP06164', 'NU-AP06163', 'NU-AP06165', 'NU-AP06167', 'NU-AP06162'], [(2.960, 27.700, 44.930), (16.350, 27.700, 50.030), (3.940, 27.700, 71.250), (6.580, 27.700, 59.750), (10.830, 27.700, 31.890)], [-55, -54, -75, -63, -78]]
[(7.439, 27.700, 53.920), (-1.2133029573075519e+20, 0.0), 1.2133029573075519e+20, 1783357677657887683, ['NU-AP06164', 'NU-AP06163', 'NU-AP06165', 'NU-AP06167', 'NU-AP06162'], [(2.960, 27.700, 44.930), (16.350, 27.700, 50.030), (3.940, 27.700, 71.250), (6.580, 27.700, 59.750), (10.830, 27.700, 31.890)], [-55, -54, -75, -63, -78]]
[(7.439, 27.700, 53.920), (-1.2133029575093995e+20, 0.0), 1.2133029575093995e+20, 1783357677954571147, ['NU-AP06164', 'NU-AP06163', 'NU-AP06165', 'NU-AP06167', 'NU-AP06162'], [(2.960, 27.700, 44.930), (16.350, 27.700, 50.030), (3.940, 27.700, 71.250), (6.580, 27.700, 59.750), (10.830, 27.700, 31.890)], [-55, -54, -75, -63, -78]]
[(7.439, 27.700, 53.920), (-1.2133029575598395e+20, 0.0), 1.2133029575598395e+20, 1783357678028709577, ['NU-AP06164', 'NU-AP06163', 'NU-AP06165', 'NU-AP06167', 'NU-AP06162'], [(2.960, 27.700, 44.930), (16.350, 27.700, 50.030), (3.940, 27.700, 71.250), (6.580, 27.700, 59.750), (10.830, 27.700, 31.890)], [-55, -54, -75, -63, -78]]
[(7.439, 27.700, 53.920), (-1.213302957660561e+20, 0.0), 1.213302957660561e+20, 1783357678176753708, ['NU-AP06164', 'NU-AP06163', 'NU-AP06165', 'NU-AP06167', 'NU-AP06162'], [(2.960, 27.700, 44.930), (16.350, 27.700, 50.030), (3.940, 27.700, 71.250), (6.580, 27.700, 59.750), (10.830, 27.700, 31.890)], [-55, -54, -75, -63, -78]]
[(7.439, 27.700, 53.920), (-1.2133029579641228e+20, 0.0), 1.2133029579641228e+20, 1783357678622939998, ['NU-AP06164', 'NU-AP06163', 'NU-AP06165', 'NU-AP06167', 'NU-AP06162'], [(2.960, 27.700, 44.930), (16.350, 27.700, 50.030), (3.940, 27.700, 71.250), (6.580, 27.700, 59.750), (10.830, 27.700, 31.890)], [-55, -54, -75, -63, -78]]
[(7.439, 27.700, 53.920), (-1.2133029581655374e+20, 0.0), 1.2133029581655374e+20, 1783357678918986713, ['NU-AP06164', 'NU-AP06163', 'NU-AP06165', 'NU-AP06167', 'NU-AP06162'], [(2.960, 27.700, 44.930), (16.350, 27.700, 50.030), (3.940, 27.700, 71.250), (6.580, 27.700, 59.750), (10.830, 27.700, 31.890)], [-55, -54, -75, -63, -78]]
[(7.439, 27.700, 53.920), (-1.213302958219221e+20, 0.0), 1.213302958219221e+20, 1783357678997893298, ['NU-AP06164', 'NU-AP06163', 'NU-AP06165', 'NU-AP06167', 'NU-AP06162'], [(2.960, 27.700, 44.930), (16.350, 27.700, 50.030), (3.940, 27.700, 71.250), (6.580, 27.700, 59.750), (10.830, 27.700, 31.890)], [-55, -54, -75, -63, -78]]
[(7.439, 27.700, 53.920), (-1.2133029590473576e+20, 0.0), 1.2133029590473576e+20, 1783357680215118609, ['NU-AP06164', 'NU-AP06163', 'NU-AP06165', 'NU-AP06167', 'NU-AP06162'], [(2.960, 27.700, 44.930), (16.350, 27.700, 50.030), (3.940, 27.700, 71.250), (6.580, 27.700, 59.750), (10.830, 27.700, 31.890)], [-55, -54, -75, -63, -78]]
[(7.439, 27.700, 53.920), (-1.2133029590955488e+20, 0.0), 1.2133029590955488e+20, 1783357680285952143, ['NU-AP06164', 'NU-AP06163', 'NU-AP06165', 'NU-AP06167', 'NU-AP06162'], [(2.960, 27.700, 44.930), (16.350, 27.700, 50.030), (3.940, 27.700, 71.250), (6.580, 27.700, 59.750), (10.830, 27.700, 31.890)], [-55, -54, -75, -63, -78]]
[(7.439, 27.700, 53.920), (-1.2133029591934342e+20, 0.0), 1.2133029591934342e+20, 1783357680429827407, ['NU-AP06164', 'NU-AP06163', 'NU-AP06165', 'NU-AP06167', 'NU-AP06162'], [(2.960, 27.700, 44.930), (16.350, 27.700, 50.030), (3.940, 27.700, 71.250), (6.580, 27.700, 59.750), (10.830, 27.700, 31.890)], [-55, -54, -75, -63, -78]]
[(7.417, 27.700, 53.915), (-1.2133029592964463e+20, 0.0), 1.2133029592964463e+20, 1783357680581238681, ['NU-AP06164', 'NU-AP06163', 'NU-AP06165', 'NU-AP06167', 'NU-AP06162'], [(2.960, 27.700, 44.930), (16.350, 27.700, 50.030), (3.940, 27.700, 71.250), (6.580, 27.700, 59.750), (10.830, 27.700, 31.890)], [-55, -55, -75, -63, -78]]
[(7.417, 27.700, 53.915), (-1.2133029593485764e+20, 0.0), 1.2133029593485764e+20, 1783357680657861090, ['NU-AP06164', 'NU-AP06163', 'NU-AP06165', 'NU-AP06167', 'NU-AP06162'], [(2.960, 27.700, 44.930), (16.350, 27.700, 50.030), (3.940, 27.700, 71.250), (6.580, 27.700, 59.750), (10.830, 27.700, 31.890)], [-55, -55, -75, -63, -78]]
[(7.417, 27.700, 53.915), (-1.2133029595028179e+20, 0.0), 1.2133029595028179e+20, 1783357680884571279, ['NU-AP06164', 'NU-AP06163', 'NU-AP06165', 'NU-AP06167', 'NU-AP06162'], [(2.960, 27.700, 44.930), (16.350, 27.700, 50.030), (3.940, 27.700, 71.250), (6.580, 27.700, 59.750), (10.830, 27.700, 31.890)], [-55, -55, -75, -63, -78]]
50-70-mul
50-67-mul
