0 0 0 0 1 1 1 1 1783358716097858547
{'names': [], 'addresses': [], 'ssids': [], 'signals': [], 'timestamps': [], 'frequencies': []}
0 0 0 0 1 1 1 1 1783358716144370683
{'names': [], 'addresses': [], 'ssids': [], 'signals': [], 'timestamps': [], 'frequencies': []}
0 0 0 0 1 1 1 1 1783358716188361497
{'names': [], 'addresses': [], 'ssids': [], 'signals': [], 'timestamps': [], 'frequencies': []}
0 0 0 0 1 1 1 1 1783358716234200612
{'names': [], 'addresses': [], 'ssids': [], 'signals': [], 'timestamps': [], 'frequencies': []}
2 2 2 2 1 1 1 1 1783358716281523917
{'names': ['NU-AP06164', 'NU-AP06167'], 'addresses': ['48:00:b3:5f:72:e0', '48:00:b3:5e:0b:e0'], 'ssids': ['iotroam', 'iotroam'], 'signals': [-55, -63], 'timestamps': [1.783358716237524e+18, 1.783358716236524e+18], 'frequencies': [2437, 2437]}
2 2 2 2 1 1 1 1 1783358716362598446
{'names': ['NU-AP06164', 'NU-AP06167'], 'addresses': ['48:00:b3:5f:72:e0', '48:00:b3:5e:0b:e0'], 'ssids': ['iotroam', 'iotroam'], 'signals': [-55, -63], 'timestamps': [1.7833587162375985e+18, 1.7833587162375985e+18], 'frequencies': [2437, 2437]}
2 2 2 2 1 1 1 1 1783358716446438851
{'names': ['NU-AP06164', 'NU-AP06167', 'NU-AP06163'], 'addresses': ['48:00:b3:5f:72:e0', '48:00:b3:5e:0b:e0', '48:00:b3:5f:46:a0'], 'ssids': ['iotroam', 'iotroam', 'iotroam'], 'signals': [-55, -63, -54], 'timestamps': [1.783358716238439e+18, 1.7833587162375985e+18, 1.783358716398439e+18], 'frequencies': [2437, 2437, 2462]}
0 0 0 0 1 1 1 1 1783358716498967004
{'names': ['NU-AP06164', 'NU-AP06167', 'NU-AP06163'], 'addresses': ['48:00:b3:5f:72:e0', '48:00:b3:5e:0b:e0', '48:00:b3:5f:46:a0'], 'ssids': ['iotroam', 'iotroam', 'iotroam'], 'signals': [-55, -63, -54], 'timestamps': [1.783358716238439e+18, 1.7833587162375985e+18, 1.783358716398439e+18], 'frequencies': [2437, 2437, 2462]}
0 0 0 0 1 1 1 1 1783358716547867696
{'names': ['NU-AP06164', 'NU-AP06167', 'NU-AP06163'], 'addresses': ['48:00:b3:5f:72:e0', '48:00:b3:5e:0b:e0', '48:00:b3:5f:46:a0'], 'ssids': ['iotroam', 'iotroam', 'iotroam'], 'signals': [-55, -63, -54], 'timestamps': [1.783358716238439e+18, 1.7833587162375985e+18, 1.783358716398439e+18], 'frequencies': [2437, 2437, 2462]}
0 0 0 0 1 1 1 1 1783358716596407905
{'names': ['NU-AP06164', 'NU-AP06167', 'NU-AP06163'], 'addresses': ['48:00:b3:5f:72:e0', '48:00:b3:5e:0b:e0', '48:00:b3:5f:46:a0'], 'ssids': ['iotroam', 'iotroam', 'iotroam'], 'signals': [-55, -63, -54], 'timestamps': [1.783358716238439e+18, 1.7833587162375985e+18, 1.783358716398439e+18], 'frequencies': [2437, 2437, 2462]}
0 0 0 0 1 1 1 1 1783358716645676871
{'names': ['NU-AP06164', 'NU-AP06167', 'NU-AP06163'], 'addresses': ['48:00:b3:5f:72:e0', '48:00:b3:5e:0b:e0', '48:00:b3:5f:46:a0'], 'ssids': ['iotroam', 'iotroam', 'iotroam'], 'signals': [-55, -63, -54], 'timestamps': [1.783358716238439e+18, 1.7833587162375985e+18, 1.783358716398439e+18], 'frequencies': [2437, 2437, 2462]}
0 0 0 0 1 1 1 1 1783358716694826618
{'names': ['NU-AP06164', 'NU-AP06167', 'NU-AP06163'], 'addresses': ['48:00:b3:5f:72:e0', '48:00:b3:5e:0b:e0', '48:00:b3:5f:46:a0'], 'ssids': ['iotroam', 'iotroam', 'iotroam'], 'signals': [-55, -63, -54], 'timestamps': [1.783358716238439e+18, 1.7833587162375985e+18, 1.783358716398439e+18], 'frequencies': [2437, 2437, 2462]}
0 0 0 0 1 1 1 1 1783358716744011417
{'names': ['NU-AP06164', 'NU-AP06167', 'NU-AP06163'], 'addresses': ['48:00:b3:5f:72:e0', '48:00:b3:5e:0b:e0', '48:00:b3:5f:46:a0'], 'ssids': ['iotroam', 'iotroam', 'iotroam'], 'signals': [-55, -63, -54], 'timestamps': [1.783358716238439e+18, 1.7833587162375985e+18, 1.783358716398439e+18], 'frequencies': [2437, 2437, 2462]}
0 0 0 0 1 1 1 1 1783358716792986529
{'names': ['NU-AP06164', 'NU-AP06167', 'NU-AP06163'], 'addresses': ['48:00:b3:5f:72:e0', '48:00:b3:5e:0b:e0', '48:00:b3:5f:46:a0'], 'ssids': ['iotroam', 'iotroam', 'iotroam'], 'signals': [-55, -63, -54], 'timestamps': [1.783358716238439e+18, 1.7833587162375985e+18, 1.783358716398439e+18], 'frequencies': [2437, 2437, 2462]}
0 0 0 0 1 1 1 1 1783358716840383676
{'names': ['NU-AP06164', 'NU-AP06167', 'NU-AP06163'], 'addresses': ['48:00:b3:5f:72:e0', '48:00:b3:5e:0b:e0', '48:00:b3:5f:46:a0'], 'ssids': ['iotroam', 'iotroam', 'iotroam'], 'signals': [-55, -63, -54], 'timestamps': [1.783358716238439e+18, 1.7833587162375985e+18, 1.783358716398439e+18], 'frequencies': [2437, 2437, 2462]}
0 0 0 0 1 1 1 1 1783358716888337835
{'names': ['NU-AP06164', 'NU-AP06167', 'NU-AP06163'], 'addresses': ['48:00:b3:5f:72:e0', '48:00:b3:5e:0b:e0', '48:00:b3:5f:46:a0'], 'ssids': ['iotroam', 'iotroam', 'iotroam'], 'signals': [-55, -63, -54], 'timestamps': [1.783358716238439e+18, 1.7833587162375985e+18, 1.783358716398439e+18], 'frequencies': [2437, 2437, 2462]}
0 0 0 0 1 1 1 1 1783358716936401399
{'names': ['NU-AP06164', 'NU-AP06167', 'NU-AP06163'], 'addresses': ['48:00:b3:5f:72:e0', '48:00:b3:5e:0b:e0', '48:00:b3:5f:46:a0'], 'ssids': ['iotroam', 'iotroam', 'iotroam'], 'signals': [-55, -63, -54], 'timestamps': [1.783358716238439e+18, 1.7833587162375985e+18, 1.783358716398439e+18], 'frequencies': [2437, 2437, 2462]}
0 0 0 0 1 1 1 1 1783358716985761574
{'names': ['NU-AP06164', 'NU-AP06167', 'NU-AP06163'], 'addresses': ['48:00:b3:5f:72:e0', '48:00:b3:5e:0b:e0', '48:00:b3:5f:46:a0'], 'ssids': ['iotroam', 'iotroam', 'iotroam'], 'signals': [-55, -63, -54], 'timestamps': [1.783358716238439e+18, 1.7833587162375985e+18, 1.783358716398439e+18], 'frequencies': [2437, 2437, 2462]}
0 0 0 0 1 1 1 1 1783358717033874225
{'names': ['NU-AP06164', 'NU-AP06167', 'NU-AP06163'], 'addresses': ['48:00:b3:5f:72:e0', '48:00:b3:5e:0b:e0', '48:00:b3:5f:46:a0'], 'ssids': ['iotroam', 'iotroam', 'iotroam'], 'signals': [-55, -63, -54], 'timestamps': [1.783358716238439e+18, 1.7833587162375985e+18, 1.783358716398439e+18], 'frequencies': [2437, 2437, 2462]}
0 0 0 0 1 1 1 1 1783358717082134396
{'names': ['NU-AP06164', 'NU-AP06167', 'NU-AP06163'], 'addresses': ['48:00:b3:5f:72:e0', '48:00:b3:5e:0b:e0', '48:00:b3:5f:46:a0'], 'ssids': ['iotroam', 'iotroam', 'iotroam'], 'signals': [-55, -63, -54], 'timestamps': [1.783358716238439e+18, 1.7833587162375985e+18, 1.783358716398439e+18], 'frequencies': [2437, 2437, 2462]}
0 0 0 0 1 1 1 1 1783358717130577780
{'names': ['NU-AP06164', 'NU-AP06167', 'NU-AP06163'], 'addresses': ['48:00:b3:5f:72:e0', '48:00:b3:5e:0b:e0', '48:00:b3:5f:46:a0'], 'ssids': ['iotroam', 'iotroam', 'iotroam'], 'signals': [-55, -63, -54], 'timestamps': [1.783358716238439e+18, 1.7833587162375985e+18, 1.783358716398439e+18], 'frequencies': [2437, 2437, 2462]}
0 0 0 0 1 1 1 1 1783358717179910202
{'names': ['NU-AP06164', 'NU-AP06167', 'NU-AP06163'], 'addresses': ['48:00:b3:5f:72:e0', '48:00:b3:5e:0b:e0', '48:00:b3:5f:46:a0'], 'ssids': ['iotroam', 'iotroam', 'iotroam'], 'signals': [-55, -63, -54], 'timestamps': [1.783358716238439e+18, 1.7833587162375985e+18, 1.783358716398439e+18], 'frequencies': [2437, 2437, 2462]}
0 0 0 0 1 1 1 1 1783358717228655309
{'names': ['NU-AP06164', 'NU-AP06167', 'NU-AP06163'], 'addresses': ['48:00:b3:5f:72:e0', '48:00:b3:5e:0b:e0', '48:00:b3:5f:46:a0'], 'ssids': ['iotroam', 'iotroam', 'iotroam'], 'signals': [-55, -63, -54], 'timestamps': [1.783358716238439e+18, 1.7833587162375985e+18, 1.783358716398439e+18], 'frequencies': [2437, 2437, 2462]}
0 0 0 0 1 1 1 1 1783358717277438431
{'names': ['NU-AP06164', 'NU-AP06167', 'NU-AP06163'], 'addresses': ['48:00:b3:5f:72:e0', '48:00:b3:5e:0b:e0', '48:00:b3:5f:46:a0'], 'ssids': ['iotroam', 'iotroam', 'iotroam'], 'signals': [-55, -63, -54], 'timestamps': [1.783358716238439e+18, 1.7833587162375985e+18, 1.783358716398439e+18], 'frequencies': [2437, 2437, 2462]}
0 0 0 0 1 1 1 1 1783358717327279584
{'names': ['NU-AP06164', 'NU-AP06167', 'NU-AP06163'], 'addresses': ['48:00:b3:5f:72:e0', '48:00:b3:5e:0b:e0', '48:00:b3:5f:46:a0'], 'ssids': ['iotroam', 'iotroam', 'iotroam'], 'signals': [-55, -63, -54], 'timestamps': [1.783358716238439e+18, 1.7833587162375985e+18, 1.783358716398439e+18], 'frequencies': [2437, 2437, 2462]}
0 0 0 0 1 1 1 1 1783358717375867338
{'names': ['NU-AP06164', 'NU-AP06167', 'NU-AP06163'], 'addresses': ['48:00:b3:5f:72:e0', '48:00:b3:5e:0b:e0', '48:00:b3:5f:46:a0'], 'ssids': ['iotroam', 'iotroam', 'iotroam'], 'signals': [-55, -63, -54], 'timestamps': [1.783358716238439e+18, 1.7833587162375985e+18, 1.783358716398439e+18], 'frequencies': [2437, 2437, 2462]}
0 0 0 0 1 1 1 1 1783358717426004458
{'names': ['NU-AP06164', 'NU-AP06167', 'NU-AP06163'], 'addresses': ['48:00:b3:5f:72:e0', '48:00:b3:5e:0b:e0', '48:00:b3:5f:46:a0'], 'ssids': ['iotroam', 'iotroam', 'iotroam'], 'signals': [-55, -63, -54], 'timestamps': [1.783358716238439e+18, 1.7833587162375985e+18, 1.783358716398439e+18], 'frequencies': [2437, 2437, 2462]}
0 0 0 0 1 1 1 1 1783358717474062987
{'names': ['NU-AP06164', 'NU-AP06167', 'NU-AP06163'], 'addresses': ['48:00:b3:5f:72:e0', '48:00:b3:5e:0b:e0', '48:00:b3:5f:46:a0'], 'ssids': ['iotroam', 'iotroam', 'iotroam'], 'signals': [-55, -63, -54], 'timestamps': [1.783358716238439e+18, 1.7833587162375985e+18, 1.783358716398439e+18], 'frequencies': [2437, 2437, 2462]}
0 0 0 0 1 1 1 1 1783358717522323115
{'names': ['NU-AP06164', 'NU-AP06167', 'NU-AP06163'], 'addresses': ['48:00:b3:5f:72:e0', '48:00:b3:5e:0b:e0', '48:00:b3:5f:46:a0'], 'ssids': ['iotroam', 'iotroam', 'iotroam'], 'signals': [-55, -63, -54], 'timestamps': [1.783358716238439e+18, 1.7833587162375985e+18, 1.783358716398439e+18], 'frequencies': [2437, 2437, 2462]}
0 0 0 0 1 1 1 1 1783358717571389864
{'names': ['NU-AP06164', 'NU-AP06167', 'NU-AP06163'], 'addresses': ['48:00:b3:5f:72:e0', '48:00:b3:5e:0b:e0', '48:00:b3:5f:46:a0'], 'ssids': ['iotroam', 'iotroam', 'iotroam'], 'signals': [-55, -63, -54], 'timestamps': [1.783358716238439e+18, 1.7833587162375985e+18, 1.783358716398439e+18], 'frequencies': [2437, 2437, 2462]}
0 0 0 0 1 1 1 1 1783358717618139239
{'names': ['NU-AP06164', 'NU-AP06167', 'NU-AP06163'], 'addresses': ['48:00:b3:5f:72:e0', '48:00:b3:5e:0b:e0', '48:00:b3:5f:46:a0'], 'ssids': ['iotroam', 'iotroam', 'iotroam'], 'signals': [-55, -63, -54], 'timestamps': [1.783358716238439e+18, 1.7833587162375985e+18, 1.783358716398439e+18], 'frequencies': [2437, 2437, 2462]}
0 0 0 0 1 1 1 1 1783358717665593783
{'names': ['NU-AP06164', 'NU-AP06167', 'NU-AP06163'], 'addresses': ['48:00:b3:5f:72:e0', '48:00:b3:5e:0b:e0', '48:00:b3:5f:46:a0'], 'ssids': ['iotroam', 'iotroam', 'iotroam'], 'signals': [-55, -63, -54], 'timestamps': [1.783358716238439e+18, 1.7833587162375985e+18, 1.783358716398439e+18], 'frequencies': [2437, 2437, 2462]}
0 0 0 0 1 1 1 1 1783358717713883495
{'names': ['NU-AP06164', 'NU-AP06167', 'NU-AP06163'], 'addresses': ['48:00:b3:5f:72:e0', '48:00:b3:5e:0b:e0', '48:00:b3:5f:46:a0'], 'ssids': ['iotroam', 'iotroam', 'iotroam'], 'signals': [-55, -63, -54], 'timestamps': [1.783358716238439e+18, 1.7833587162375985e+18, 1.783358716398439e+18], 'frequencies': [2437, 2437, 2462]}
0 0 0 0 1 1 1 1 1783358717762490654
{'names': ['NU-AP06164', 'NU-AP06167', 'NU-AP06163'], 'addresses': ['48:00:b3:5f:72:e0', '48:00:b3:5e:0b:e0', '48:00:b3:5f:46:a0'], 'ssids': ['iotroam', 'iotroam', 'iotroam'], 'signals': [-55, -63, -54], 'timestamps': [1.783358716238439e+18, 1.7833587162375985e+18, 1.783358716398439e+18], 'frequencies': [2437, 2437, 2462]}
0 0 0 0 1 1 1 1 1783358717813450820
{'names': ['NU-AP06164', 'NU-AP06167', 'NU-AP06163'], 'addresses': ['48:00:b3:5f:72:e0', '48:00:b3:5e:0b:e0', '48:00:b3:5f:46:a0'], 'ssids': ['iotroam', 'iotroam', 'iotroam'], 'signals': [-55, -63, -54], 'timestamps': [1.783358716238439e+18, 1.7833587162375985e+18, 1.783358716398439e+18], 'frequencies': [2437, 2437, 2462]}
0 0 0 0 1 1 1 1 1783358717862740736
{'names': ['NU-AP06164', 'NU-AP06167', 'NU-AP06163'], 'addresses': ['48:00:b3:5f:72:e0', '48:00:b3:5e:0b:e0', '48:00:b3:5f:46:a0'], 'ssids': ['iotroam', 'iotroam', 'iotroam'], 'signals': [-55, -63, -54], 'timestamps': [1.783358716238439e+18, 1.7833587162375985e+18, 1.783358716398439e+18], 'frequencies': [2437, 2437, 2462]}
0 0 0 0 1 1 1 1 1783358717912306621
{'names': ['NU-AP06164', 'NU-AP06167', 'NU-AP06163', 'NU-AP06163'], 'addresses': ['48:00:b3:5f:72:e0', '48:00:b3:5e:0b:e0', '48:00:b3:5f:46:a0', '48:00:b3:5f:46:ae'], 'ssids': ['iotroam', 'iotroam', 'iotroam', 'eduroam'], 'signals': [-55, -63, -54, -59], 'timestamps': [1.783358716238439e+18, 1.7833587162375985e+18, 1.783358716398439e+18, 1.7833587179083067e+18], 'frequencies': [2437, 2437, 2462, 5500]}
0 0 0 0 1 1 1 1 1783358718009331727
{'names': ['NU-AP06164', 'NU-AP06167', 'NU-AP06163', 'NU-AP06163'], 'addresses': ['48:00:b3:5f:72:e0', '48:00:b3:5e:0b:e0', '48:00:b3:5f:46:a0', '48:00:b3:5f:46:ae'], 'ssids': ['iotroam', 'iotroam', 'iotroam', 'eduroam'], 'signals': [-55, -63, -54, -59], 'timestamps': [1.783358716238439e+18, 1.7833587162375985e+18, 1.783358716398439e+18, 1.7833587179083318e+18], 'frequencies': [2437, 2437, 2462, 5500]}
0 0 0 0 1 1 1 1 1783358718105743894
{'names': ['NU-AP06164', 'NU-AP06167', 'NU-AP06163', 'NU-AP06163'], 'addresses': ['48:00:b3:5f:72:e0', '48:00:b3:5e:0b:e0', '48:00:b3:5f:46:a0', '48:00:b3:5f:46:ae'], 'ssids': ['iotroam', 'iotroam', 'iotroam', 'eduroam'], 'signals': [-55, -63, -54, -59], 'timestamps': [1.783358716238439e+18, 1.7833587162375985e+18, 1.783358716398439e+18, 1.783358717908744e+18], 'frequencies': [2437, 2437, 2462, 5500]}
0 0 0 0 2 2 2 2 1783358718202390119
{'names': ['NU-AP06164', 'NU-AP06167', 'NU-AP06163', 'NU-AP06163', 'NU-AP06164'], 'addresses': ['48:00:b3:5f:72:e0', '48:00:b3:5e:0b:e0', '48:00:b3:5f:46:a0', '48:00:b3:5f:46:ae', '48:00:b3:5f:72:ef'], 'ssids': ['iotroam', 'iotroam', 'iotroam', 'eduroam', 'iotroam'], 'signals': [-55, -63, -54, -59, -65], 'timestamps': [1.783358716238439e+18, 1.7833587162375985e+18, 1.783358716398439e+18, 1.78335871790939e+18, 1.7833587181843901e+18], 'frequencies': [2437, 2437, 2462, 5500, 5540]}
3 3 3 3 3 3 2 2 1783358719097647871
{'names': ['NU-AP06164', 'NU-AP06167', 'NU-AP06163', 'NU-AP06163', 'NU-AP06164', 'NU-AP06167'], 'addresses': ['48:00:b3:5f:72:e0', '48:00:b3:5e:0b:e0', '48:00:b3:5f:46:a0', '48:00:b3:5f:46:ae', '48:00:b3:5f:72:ef', '48:00:b3:5e:0b:ef'], 'ssids': ['iotroam', 'iotroam', 'iotroam', 'eduroam', 'iotroam', 'iotroam'], 'signals': [-55, -63, -54, -59, -65, -75], 'timestamps': [1.7833587162386478e+18, 1.783358716237648e+18, 1.7833587163986478e+18, 1.783358717909648e+18, 1.783358718184648e+18, 1.783358719085648e+18], 'frequencies': [2437, 2437, 2462, 5500, 5540, 5660]}
3 3 3 3 3 3 2 2 1783358719441787394
{'names': ['NU-AP06164', 'NU-AP06167', 'NU-AP06163', 'NU-AP06163', 'NU-AP06164', 'NU-AP06167'], 'addresses': ['48:00:b3:5f:72:e0', '48:00:b3:5e:0b:e0', '48:00:b3:5f:46:a0', '48:00:b3:5f:46:ae', '48:00:b3:5f:72:ef', '48:00:b3:5e:0b:ef'], 'ssids': ['iotroam', 'iotroam', 'iotroam', 'eduroam', 'iotroam', 'iotroam'], 'signals': [-55, -63, -54, -59, -65, -75], 'timestamps': [1.7833587162387873e+18, 1.7833587162377874e+18, 1.7833587163987873e+18, 1.7833587179097874e+18, 1.7833587181847875e+18, 1.7833587190857874e+18], 'frequencies': [2437, 2437, 2462, 5500, 5540, 5660]}
3 3 3 3 3 3 2 2 1783358720158016780
{'names': ['NU-AP06164', 'NU-AP06167', 'NU-AP06163', 'NU-AP06163', 'NU-AP06164', 'NU-AP06167'], 'addresses': ['48:00:b3:5f:72:e0', '48:00:b3:5e:0b:e0', '48:00:b3:5f:46:a0', '48:00:b3:5f:46:ae', '48:00:b3:5f:72:ef', '48:00:b3:5e:0b:ef'], 'ssids': ['iotroam', 'iotroam', 'iotroam', 'eduroam', 'iotroam', 'iotroam'], 'signals': [-55, -63, -54, -59, -65, -75], 'timestamps': [1.7833587162390167e+18, 1.7833587162380168e+18, 1.7833587163990167e+18, 1.7833587179100168e+18, 1.7833587181850168e+18, 1.7833587190860168e+18], 'frequencies': [2437, 2437, 2462, 5500, 5540, 5660]}
1 1 0 0 0 0 0 0 1783358720400493831
{'names': ['NU-AP06164', 'NU-AP06167', 'NU-AP06163', 'NU-AP06163', 'NU-AP06164', 'NU-AP06167', 'NU-AP06165'], 'addresses': ['48:00:b3:5f:72:e0', '48:00:b3:5e:0b:e0', '48:00:b3:5f:46:a0', '48:00:b3:5f:46:ae', '48:00:b3:5f:72:ef', '48:00:b3:5e:0b:ef', '48:00:b3:5e:17:c0'], 'ssids': ['iotroam', 'iotroam', 'iotroam', 'eduroam', 'iotroam', 'iotroam', 'iotroam'], 'signals': [-55, -63, -54, -59, -65, -75, -75], 'timestamps': [1.7833587162390167e+18, 1.7833587162380168e+18, 1.7833587163990167e+18, 1.7833587179100168e+18, 1.7833587181850168e+18, 1.7833587190860168e+18, 1.7833587203974938e+18], 'frequencies': [2437, 2437, 2462, 5500, 5540, 5660, 2412]}
2 2 2 2 0 0 0 0 1783358720579129824
{'names': ['NU-AP06164', 'NU-AP06167', 'NU-AP06163', 'NU-AP06163', 'NU-AP06164', 'NU-AP06167', 'NU-AP06165'], 'addresses': ['48:00:b3:5f:72:e0', '48:00:b3:5e:0b:e0', '48:00:b3:5f:46:a0', '48:00:b3:5f:46:ae', '48:00:b3:5f:72:ef', '48:00:b3:5e:0b:ef', '48:00:b3:5e:17:c0'], 'ssids': ['iotroam', 'iotroam', 'iotroam', 'eduroam', 'iotroam', 'iotroam', 'iotroam'], 'signals': [-55, -64, -54, -59, -65, -75, -75], 'timestamps': [1.78335872054213e+18, 1.7833587205411297e+18, 1.7833587163990167e+18, 1.7833587179100168e+18, 1.7833587181850168e+18, 1.7833587190860168e+18, 1.7833587203974938e+18], 'frequencies': [2437, 2437, 2462, 5500, 5540, 5660, 2412]}
2 2 2 2 0 0 0 0 1783358720638159902
{'names': ['NU-AP06164', 'NU-AP06167', 'NU-AP06163', 'NU-AP06163', 'NU-AP06164', 'NU-AP06167', 'NU-AP06165'], 'addresses': ['48:00:b3:5f:72:e0', '48:00:b3:5e:0b:e0', '48:00:b3:5f:46:a0', '48:00:b3:5f:46:ae', '48:00:b3:5f:72:ef', '48:00:b3:5e:0b:ef', '48:00:b3:5e:17:c0'], 'ssids': ['iotroam', 'iotroam', 'iotroam', 'eduroam', 'iotroam', 'iotroam', 'iotroam'], 'signals': [-55, -64, -54, -59, -65, -75, -75], 'timestamps': [1.78335872054216e+18, 1.78335872054116e+18, 1.7833587163990167e+18, 1.7833587179100168e+18, 1.7833587181850168e+18, 1.7833587190860168e+18, 1.7833587203974938e+18], 'frequencies': [2437, 2437, 2462, 5500, 5540, 5660, 2412]}
4 4 3 3 0 0 0 0 1783358720756532270
{'names': ['NU-AP06164', 'NU-AP06167', 'NU-AP06163', 'NU-AP06163', 'NU-AP06164', 'NU-AP06167', 'NU-AP06165'], 'addresses': ['48:00:b3:5f:72:e0', '48:00:b3:5e:0b:e0', '48:00:b3:5f:46:a0', '48:00:b3:5f:46:ae', '48:00:b3:5f:72:ef', '48:00:b3:5e:0b:ef', '48:00:b3:5e:17:c0'], 'ssids': ['iotroam', 'iotroam', 'iotroam', 'eduroam', 'iotroam', 'iotroam', 'iotroam'], 'signals': [-55, -64, -55, -59, -65, -75, -75], 'timestamps': [1.783358720542532e+18, 1.7833587205415322e+18, 1.7833587206995323e+18, 1.7833587179100168e+18, 1.7833587181850168e+18, 1.7833587190860168e+18, 1.7833587203975322e+18], 'frequencies': [2437, 2437, 2462, 5500, 5540, 5660, 2412]}
4 4 3 3 0 0 0 0 1783358721863547837
{'names': ['NU-AP06164', 'NU-AP06167', 'NU-AP06163', 'NU-AP06163', 'NU-AP06164', 'NU-AP06167', 'NU-AP06165'], 'addresses': ['48:00:b3:5f:72:e0', '48:00:b3:5e:0b:e0', '48:00:b3:5f:46:a0', '48:00:b3:5f:46:ae', '48:00:b3:5f:72:ef', '48:00:b3:5e:0b:ef', '48:00:b3:5e:17:c0'], 'ssids': ['iotroam', 'iotroam', 'iotroam', 'eduroam', 'iotroam', 'iotroam', 'iotroam'], 'signals': [-55, -64, -55, -59, -65, -75, -75], 'timestamps': [1.783358720542548e+18, 1.783358720541548e+18, 1.783358720699548e+18, 1.7833587179100168e+18, 1.7833587181850168e+18, 1.7833587190860168e+18, 1.783358720397548e+18], 'frequencies': [2437, 2437, 2462, 5500, 5540, 5660, 2412]}
4 4 3 3 3 3 2 2 1783358721927247839
{'names': ['NU-AP06164', 'NU-AP06167', 'NU-AP06163', 'NU-AP06163', 'NU-AP06164', 'NU-AP06167', 'NU-AP06165'], 'addresses': ['48:00:b3:5f:72:e0', '48:00:b3:5e:0b:e0', '48:00:b3:5f:46:a0', '48:00:b3:5f:46:ae', '48:00:b3:5f:72:ef', '48:00:b3:5e:0b:ef', '48:00:b3:5e:17:c0'], 'ssids': ['iotroam', 'iotroam', 'iotroam', 'eduroam', 'iotroam', 'iotroam', 'iotroam'], 'signals': [-55, -64, -55, -59, -65, -75, -75], 'timestamps': [1.783358720543248e+18, 1.783358720542248e+18, 1.7833587207002478e+18, 1.783358717910248e+18, 1.7833587181852477e+18, 1.783358719086248e+18, 1.783358720398248e+18], 'frequencies': [2437, 2437, 2462, 5500, 5540, 5660, 2412]}
0 0 0 0 1 1 1 1 1783358722248176669
{'names': ['NU-AP06164', 'NU-AP06167', 'NU-AP06163', 'NU-AP06163', 'NU-AP06164', 'NU-AP06167', 'NU-AP06165'], 'addresses': ['48:00:b3:5f:72:e0', '48:00:b3:5e:0b:e0', '48:00:b3:5f:46:a0', '48:00:b3:5f:46:ae', '48:00:b3:5f:72:ef', '48:00:b3:5e:0b:ef', '48:00:b3:5e:17:c0'], 'ssids': ['iotroam', 'iotroam', 'iotroam', 'eduroam', 'iotroam', 'iotroam', 'iotroam'], 'signals': [-55, -64, -55, -62, -65, -75, -75], 'timestamps': [1.783358720543248e+18, 1.783358720542248e+18, 1.7833587207002478e+18, 1.7833587222101765e+18, 1.7833587181852477e+18, 1.783358719086248e+18, 1.783358720398248e+18], 'frequencies': [2437, 2437, 2462, 5500, 5540, 5660, 2412]}
0 0 0 0 1 1 1 1 1783358722318086314
{'names': ['NU-AP06164', 'NU-AP06167', 'NU-AP06163', 'NU-AP06163', 'NU-AP06164', 'NU-AP06167', 'NU-AP06165'], 'addresses': ['48:00:b3:5f:72:e0', '48:00:b3:5e:0b:e0', '48:00:b3:5f:46:a0', '48:00:b3:5f:46:ae', '48:00:b3:5f:72:ef', '48:00:b3:5e:0b:ef', '48:00:b3:5e:17:c0'], 'ssids': ['iotroam', 'iotroam', 'iotroam', 'eduroam', 'iotroam', 'iotroam', 'iotroam'], 'signals': [-55, -64, -55, -62, -65, -75, -75], 'timestamps': [1.783358720543248e+18, 1.783358720542248e+18, 1.7833587207002478e+18, 1.7833587222110863e+18, 1.7833587181852477e+18, 1.783358719086248e+18, 1.783358720398248e+18], 'frequencies': [2437, 2437, 2462, 5500, 5540, 5660, 2412]}
0 0 0 0 2 2 2 2 1783358722447416075
{'names': ['NU-AP06164', 'NU-AP06167', 'NU-AP06163', 'NU-AP06163', 'NU-AP06164', 'NU-AP06167', 'NU-AP06165'], 'addresses': ['48:00:b3:5f:72:e0', '48:00:b3:5e:0b:e0', '48:00:b3:5f:46:a0', '48:00:b3:5f:46:ae', '48:00:b3:5f:72:ed', '48:00:b3:5e:0b:ef', '48:00:b3:5e:17:c0'], 'ssids': ['iotroam', 'iotroam', 'iotroam', 'eduroam', 'VU-Campusnet', 'iotroam', 'iotroam'], 'signals': [-55, -64, -55, -59, -65, -75, -75], 'timestamps': [1.783358720543248e+18, 1.783358720542248e+18, 1.7833587207002478e+18, 1.783358722432416e+18, 1.783358722397416e+18, 1.783358719086248e+18, 1.783358720398248e+18], 'frequencies': [2437, 2437, 2462, 5500, 5540, 5660, 2412]}
0 0 0 0 2 2 2 2 1783358722693638732
{'names': ['NU-AP06164', 'NU-AP06167', 'NU-AP06163', 'NU-AP06163', 'NU-AP06164', 'NU-AP06167', 'NU-AP06165'], 'addresses': ['48:00:b3:5f:72:e0', '48:00:b3:5e:0b:e0', '48:00:b3:5f:46:a0', '48:00:b3:5f:46:ae', '48:00:b3:5f:72:ed', '48:00:b3:5e:0b:ef', '48:00:b3:5e:17:c0'], 'ssids': ['iotroam', 'iotroam', 'iotroam', 'eduroam', 'VU-Campusnet', 'iotroam', 'iotroam'], 'signals': [-55, -64, -55, -59, -65, -75, -75], 'timestamps': [1.783358720543248e+18, 1.783358720542248e+18, 1.7833587207002478e+18, 1.7833587224326387e+18, 1.7833587223976387e+18, 1.783358719086248e+18, 1.783358720398248e+18], 'frequencies': [2437, 2437, 2462, 5500, 5540, 5660, 2412]}
0 0 0 0 1 1 0 0 1783358723302435855
{'names': ['NU-AP06164', 'NU-AP06167', 'NU-AP06163', 'NU-AP06163', 'NU-AP06164', 'NU-AP06167', 'NU-AP06165'], 'addresses': ['48:00:b3:5f:72:e0', '48:00:b3:5e:0b:e0', '48:00:b3:5f:46:a0', '48:00:b3:5f:46:ae', '48:00:b3:5f:72:ed', '48:00:b3:5e:0b:ef', '48:00:b3:5e:17:c0'], 'ssids': ['iotroam', 'iotroam', 'iotroam', 'eduroam', 'VU-Campusnet', 'iotroam', 'iotroam'], 'signals': [-55, -64, -55, -59, -65, -75, -75], 'timestamps': [1.783358720543248e+18, 1.783358720542248e+18, 1.7833587207002478e+18, 1.7833587224326387e+18, 1.7833587223976387e+18, 1.7833587232644357e+18, 1.783358720398248e+18], 'frequencies': [2437, 2437, 2462, 5500, 5540, 5660, 2412]}
0 0 0 0 3 3 2 2 1783358724155854175
{'names': ['NU-AP06164', 'NU-AP06167', 'NU-AP06163', 'NU-AP06163', 'NU-AP06164', 'NU-AP06167', 'NU-AP06165'], 'addresses': ['48:00:b3:5f:72:e0', '48:00:b3:5e:0b:e0', '48:00:b3:5f:46:a0', '48:00:b3:5f:46:ae', '48:00:b3:5f:72:ed', '48:00:b3:5e:0b:ef', '48:00:b3:5e:17:c0'], 'ssids': ['iotroam', 'iotroam', 'iotroam', 'eduroam', 'VU-Campusnet', 'iotroam', 'iotroam'], 'signals': [-55, -64, -55, -59, -65, -75, -75], 'timestamps': [1.783358720543248e+18, 1.783358720542248e+18, 1.7833587207002478e+18, 1.783358722432854e+18, 1.7833587223978542e+18, 1.783358723264854e+18, 1.783358720398248e+18], 'frequencies': [2437, 2437, 2462, 5500, 5540, 5660, 2412]}
2 2 2 2 0 0 0 0 1783358724699960374
{'names': ['NU-AP06164', 'NU-AP06167', 'NU-AP06163', 'NU-AP06163', 'NU-AP06164', 'NU-AP06167', 'NU-AP06165'], 'addresses': ['48:00:b3:5f:72:e0', '48:00:b3:5e:0b:e0', '48:00:b3:5f:46:a0', '48:00:b3:5f:46:ae', '48:00:b3:5f:72:ed', '48:00:b3:5e:0b:ef', '48:00:b3:5e:17:c0'], 'ssids': ['iotroam', 'iotroam', 'iotroam', 'eduroam', 'VU-Campusnet', 'iotroam', 'iotroam'], 'signals': [-56, -63, -55, -59, -65, -75, -75], 'timestamps': [1.7833587246929603e+18, 1.7833587246919603e+18, 1.7833587207002478e+18, 1.783358722432854e+18, 1.7833587223978542e+18, 1.783358723264854e+18, 1.783358720398248e+18], 'frequencies': [2437, 2437, 2462, 5500, 5540, 5660, 2412]}
2 2 2 2 0 0 0 0 1783358724759059809
{'names': ['NU-AP06164', 'NU-AP06167', 'NU-AP06163', 'NU-AP06163', 'NU-AP06164', 'NU-AP06167', 'NU-AP06165'], 'addresses': ['48:00:b3:5f:72:e0', '48:00:b3:5e:0b:e0', '48:00:b3:5f:46:a0', '48:00:b3:5f:46:ae', '48:00:b3:5f:72:ed', '48:00:b3:5e:0b:ef', '48:00:b3:5e:17:c0'], 'ssids': ['iotroam', 'iotroam', 'iotroam', 'eduroam', 'VU-Campusnet', 'iotroam', 'iotroam'], 'signals': [-56, -63, -55, -59, -65, -75, -75], 'timestamps': [1.7833587246930596e+18, 1.7833587246920596e+18, 1.7833587207002478e+18, 1.783358722432854e+18, 1.7833587223978542e+18, 1.783358723264854e+18, 1.783358720398248e+18], 'frequencies': [2437, 2437, 2462, 5500, 5540, 5660, 2412]}
2 2 2 2 0 0 0 0 1783358724819850404
{'names': ['NU-AP06164', 'NU-AP06167', 'NU-AP06163', 'NU-AP06163', 'NU-AP06164', 'NU-AP06167', 'NU-AP06165'], 'addresses': ['48:00:b3:5f:72:e0', '48:00:b3:5e:0b:e0', '48:00:b3:5f:46:a0', '48:00:b3:5f:46:ae', '48:00:b3:5f:72:ed', '48:00:b3:5e:0b:ef', '48:00:b3:5e:17:c0'], 'ssids': ['iotroam', 'iotroam', 'iotroam', 'eduroam', 'VU-Campusnet', 'iotroam', 'iotroam'], 'signals': [-56, -63, -55, -59, -65, -75, -75], 'timestamps': [1.7833587246938506e+18, 1.7833587246928504e+18, 1.7833587207002478e+18, 1.783358722432854e+18, 1.7833587223978542e+18, 1.783358723264854e+18, 1.783358720398248e+18], 'frequencies': [2437, 2437, 2462, 5500, 5540, 5660, 2412]}
1 1 1 1 0 0 0 0 1783358724879798064
{'names': ['NU-AP06164', 'NU-AP06167', 'NU-AP06163', 'NU-AP06163', 'NU-AP06164', 'NU-AP06167', 'NU-AP06165'], 'addresses': ['48:00:b3:5f:72:e0', '48:00:b3:5e:0b:e0', '48:00:b3:5f:46:a0', '48:00:b3:5f:46:ae', '48:00:b3:5f:72:ed', '48:00:b3:5e:0b:ef', '48:00:b3:5e:17:c0'], 'ssids': ['iotroam', 'iotroam', 'iotroam', 'eduroam', 'VU-Campusnet', 'iotroam', 'iotroam'], 'signals': [-56, -63, -55, -59, -65, -75, -75], 'timestamps': [1.7833587246938506e+18, 1.7833587246928504e+18, 1.783358724839798e+18, 1.783358722432854e+18, 1.7833587223978542e+18, 1.783358723264854e+18, 1.783358720398248e+18], 'frequencies': [2437, 2437, 2462, 5500, 5540, 5660, 2412]}
1 1 1 1 0 0 0 0 1783358724938964931
{'names': ['NU-AP06164', 'NU-AP06167', 'NU-AP06163', 'NU-AP06163', 'NU-AP06164', 'NU-AP06167', 'NU-AP06165'], 'addresses': ['48:00:b3:5f:72:e0', '48:00:b3:5e:0b:e0', '48:00:b3:5f:46:a0', '48:00:b3:5f:46:ae', '48:00:b3:5f:72:ed', '48:00:b3:5e:0b:ef', '48:00:b3:5e:17:c0'], 'ssids': ['iotroam', 'iotroam', 'iotroam', 'eduroam', 'VU-Campusnet', 'iotroam', 'iotroam'], 'signals': [-56, -63, -55, -59, -65, -75, -75], 'timestamps': [1.7833587246938506e+18, 1.7833587246928504e+18, 1.783358724839965e+18, 1.783358722432854e+18, 1.7833587223978542e+18, 1.783358723264854e+18, 1.783358720398248e+18], 'frequencies': [2437, 2437, 2462, 5500, 5540, 5660, 2412]}
1 1 1 1 0 0 0 0 1783358724998133265
{'names': ['NU-AP06164', 'NU-AP06167', 'NU-AP06163', 'NU-AP06163', 'NU-AP06164', 'NU-AP06167', 'NU-AP06165'], 'addresses': ['48:00:b3:5f:72:e0', '48:00:b3:5e:0b:e0', '48:00:b3:5f:46:a0', '48:00:b3:5f:46:ae', '48:00:b3:5f:72:ed', '48:00:b3:5e:0b:ef', '48:00:b3:5e:17:c0'], 'ssids': ['iotroam', 'iotroam', 'iotroam', 'eduroam', 'VU-Campusnet', 'iotroam', 'iotroam'], 'signals': [-56, -63, -55, -59, -65, -75, -75], 'timestamps': [1.7833587246938506e+18, 1.7833587246928504e+18, 1.783358724840133e+18, 1.783358722432854e+18, 1.7833587223978542e+18, 1.783358723264854e+18, 1.783358720398248e+18], 'frequencies': [2437, 2437, 2462, 5500, 5540, 5660, 2412]}
1 1 1 1 0 0 0 0 1783358725175428401
{'names': ['NU-AP06164', 'NU-AP06167', 'NU-AP06163', 'NU-AP06163', 'NU-AP06164', 'NU-AP06167', 'NU-AP06165'], 'addresses': ['48:00:b3:5f:72:e0', '48:00:b3:5e:0b:e0', '48:00:b3:5f:46:a0', '48:00:b3:5f:46:ae', '48:00:b3:5f:72:ed', '48:00:b3:5e:0b:ef', '48:00:b3:5e:17:c0'], 'ssids': ['iotroam', 'iotroam', 'iotroam', 'eduroam', 'VU-Campusnet', 'iotroam', 'iotroam'], 'signals': [-56, -63, -55, -59, -65, -75, -75], 'timestamps': [1.7833587246938506e+18, 1.7833587246928504e+18, 1.7833587248404283e+18, 1.783358722432854e+18, 1.7833587223978542e+18, 1.783358723264854e+18, 1.783358720398248e+18], 'frequencies': [2437, 2437, 2462, 5500, 5540, 5660, 2412]}
4 4 3 3 3 3 2 2 1783358725537655656
{'names': ['NU-AP06164', 'NU-AP06167', 'NU-AP06163', 'NU-AP06163', 'NU-AP06164', 'NU-AP06167', 'NU-AP06165'], 'addresses': ['48:00:b3:5f:72:e0', '48:00:b3:5e:0b:e0', '48:00:b3:5f:46:a0', '48:00:b3:5f:46:ae', '48:00:b3:5f:72:ed', '48:00:b3:5e:0b:ef', '48:00:b3:5e:17:c0'], 'ssids': ['iotroam', 'iotroam', 'iotroam', 'eduroam', 'VU-Campusnet', 'iotroam', 'iotroam'], 'signals': [-56, -63, -55, -59, -65, -75, -75], 'timestamps': [1.7833587246946555e+18, 1.7833587246936556e+18, 1.7833587248416556e+18, 1.7833587224336556e+18, 1.7833587223986555e+18, 1.7833587232656556e+18, 1.7833587203986555e+18], 'frequencies': [2437, 2437, 2462, 5500, 5540, 5660, 2412]}
0 0 0 0 1 1 1 1 1783358726680780100
{'names': ['NU-AP06164', 'NU-AP06167', 'NU-AP06163', 'NU-AP06163', 'NU-AP06164', 'NU-AP06167'], 'addresses': ['48:00:b3:5f:72:e0', '48:00:b3:5e:0b:e0', '48:00:b3:5f:46:a0', '48:00:b3:5f:46:ae', '48:00:b3:5f:72:ed', '48:00:b3:5e:0b:ef'], 'ssids': ['iotroam', 'iotroam', 'iotroam', 'eduroam', 'VU-Campusnet', 'iotroam'], 'signals': [-56, -63, -55, -60, -65, -75], 'timestamps': [1.7833587246946555e+18, 1.7833587246936556e+18, 1.7833587248416556e+18, 1.7833587266427802e+18, 1.7833587223986555e+18, 1.7833587232656556e+18], 'frequencies': [2437, 2437, 2462, 5500, 5540, 5660]}
1 1 0 0 1 1 1 1 1783358726745063899
{'names': ['NU-AP06164', 'NU-AP06167', 'NU-AP06163', 'NU-AP06163', 'NU-AP06164', 'NU-AP06167'], 'addresses': ['48:00:b3:5f:72:e0', '48:00:b3:5e:0b:e0', '48:00:b3:5f:46:a0', '48:00:b3:5f:46:ae', '48:00:b3:5f:72:ed', '48:00:b3:5e:0b:ef'], 'ssids': ['iotroam', 'iotroam', 'iotroam', 'eduroam', 'VU-Campusnet', 'iotroam'], 'signals': [-56, -63, -55, -60, -65, -75], 'timestamps': [1.7833587246946555e+18, 1.7833587246936556e+18, 1.7833587248416556e+18, 1.7833587266430638e+18, 1.7833587223986555e+18, 1.7833587232656556e+18], 'frequencies': [2437, 2437, 2462, 5500, 5540, 5660]}
1 1 0 0 1 1 1 1 1783358726808274551
{'names': ['NU-AP06164', 'NU-AP06167', 'NU-AP06163', 'NU-AP06163', 'NU-AP06164', 'NU-AP06167'], 'addresses': ['48:00:b3:5f:72:e0', '48:00:b3:5e:0b:e0', '48:00:b3:5f:46:a0', '48:00:b3:5f:46:ae', '48:00:b3:5f:72:ed', '48:00:b3:5e:0b:ef'], 'ssids': ['iotroam', 'iotroam', 'iotroam', 'eduroam', 'VU-Campusnet', 'iotroam'], 'signals': [-56, -63, -55, -60, -65, -75], 'timestamps': [1.7833587246946555e+18, 1.7833587246936556e+18, 1.7833587248416556e+18, 1.7833587266432745e+18, 1.7833587223986555e+18, 1.7833587232656556e+18], 'frequencies': [2437, 2437, 2462, 5500, 5540, 5660]}
1 1 0 0 2 2 2 2 1783358726872836896
{'names': ['NU-AP06164', 'NU-AP06167', 'NU-AP06163', 'NU-AP06163', 'NU-AP06164', 'NU-AP06167'], 'addresses': ['48:00:b3:5f:72:e0', '48:00:b3:5e:0b:e0', '48:00:b3:5f:46:a0', '48:00:b3:5f:46:ae', '48:00:b3:5f:72:ef', '48:00:b3:5e:0b:ef'], 'ssids': ['iotroam', 'iotroam', 'iotroam', 'eduroam', 'iotroam', 'iotroam'], 'signals': [-56, -63, -55, -60, -66, -75], 'timestamps': [1.7833587246946555e+18, 1.7833587246936556e+18, 1.7833587248416556e+18, 1.783358726643837e+18, 1.783358726843837e+18, 1.7833587232656556e+18], 'frequencies': [2437, 2437, 2462, 5500, 5540, 5660]}
1 1 0 0 0 0 0 0 1783358726937614174
{'names': ['NU-AP06164', 'NU-AP06167', 'NU-AP06163', 'NU-AP06163', 'NU-AP06164', 'NU-AP06167'], 'addresses': ['48:00:b3:5f:72:e0', '48:00:b3:5e:0b:e0', '48:00:b3:5f:46:a0', '48:00:b3:5f:46:ae', '48:00:b3:5f:72:ef', '48:00:b3:5e:0b:ef'], 'ssids': ['iotroam', 'iotroam', 'iotroam', 'eduroam', 'iotroam', 'iotroam'], 'signals': [-56, -63, -55, -60, -66, -75], 'timestamps': [1.7833587246946555e+18, 1.7833587246936556e+18, 1.7833587248416556e+18, 1.783358726643837e+18, 1.783358726843837e+18, 1.7833587232656556e+18], 'frequencies': [2437, 2437, 2462, 5500, 5540, 5660]}
1 1 0 0 0 0 0 0 1783358727010320368
{'names': ['NU-AP06164', 'NU-AP06167', 'NU-AP06163', 'NU-AP06163', 'NU-AP06164', 'NU-AP06167'], 'addresses': ['48:00:b3:5f:72:e0', '48:00:b3:5e:0b:e0', '48:00:b3:5f:46:a0', '48:00:b3:5f:46:ae', '48:00:b3:5f:72:ef', '48:00:b3:5e:0b:ef'], 'ssids': ['iotroam', 'iotroam', 'iotroam', 'eduroam', 'iotroam', 'iotroam'], 'signals': [-56, -63, -55, -60, -66, -75], 'timestamps': [1.7833587246946555e+18, 1.7833587246936556e+18, 1.7833587248416556e+18, 1.783358726643837e+18, 1.783358726843837e+18, 1.7833587232656556e+18], 'frequencies': [2437, 2437, 2462, 5500, 5540, 5660]}
1 1 0 0 0 0 0 0 1783358727075276078
{'names': ['NU-AP06164', 'NU-AP06167', 'NU-AP06163', 'NU-AP06163', 'NU-AP06164', 'NU-AP06167'], 'addresses': ['48:00:b3:5f:72:e0', '48:00:b3:5e:0b:e0', '48:00:b3:5f:46:a0', '48:00:b3:5f:46:ae', '48:00:b3:5f:72:ef', '48:00:b3:5e:0b:ef'], 'ssids': ['iotroam', 'iotroam', 'iotroam', 'eduroam', 'iotroam', 'iotroam'], 'signals': [-56, -63, -55, -60, -66, -75], 'timestamps': [1.7833587246946555e+18, 1.7833587246936556e+18, 1.7833587248416556e+18, 1.783358726643837e+18, 1.783358726843837e+18, 1.7833587232656556e+18], 'frequencies': [2437, 2437, 2462, 5500, 5540, 5660]}
1 1 0 0 0 0 0 0 1783358727141688702
{'names': ['NU-AP06164', 'NU-AP06167', 'NU-AP06163', 'NU-AP06163', 'NU-AP06164', 'NU-AP06167'], 'addresses': ['48:00:b3:5f:72:e0', '48:00:b3:5e:0b:e0', '48:00:b3:5f:46:a0', '48:00:b3:5f:46:ae', '48:00:b3:5f:72:ef', '48:00:b3:5e:0b:ef'], 'ssids': ['iotroam', 'iotroam', 'iotroam', 'eduroam', 'iotroam', 'iotroam'], 'signals': [-56, -63, -55, -60, -66, -75], 'timestamps': [1.7833587246946555e+18, 1.7833587246936556e+18, 1.7833587248416556e+18, 1.783358726643837e+18, 1.783358726843837e+18, 1.7833587232656556e+18], 'frequencies': [2437, 2437, 2462, 5500, 5540, 5660]}
1 1 0 0 0 0 0 0 1783358727205759573
{'names': ['NU-AP06164', 'NU-AP06167', 'NU-AP06163', 'NU-AP06163', 'NU-AP06164', 'NU-AP06167'], 'addresses': ['48:00:b3:5f:72:e0', '48:00:b3:5e:0b:e0', '48:00:b3:5f:46:a0', '48:00:b3:5f:46:ae', '48:00:b3:5f:72:ef', '48:00:b3:5e:0b:ef'], 'ssids': ['iotroam', 'iotroam', 'iotroam', 'eduroam', 'iotroam', 'iotroam'], 'signals': [-56, -63, -55, -60, -66, -75], 'timestamps': [1.7833587246946555e+18, 1.7833587246936556e+18, 1.7833587248416556e+18, 1.783358726643837e+18, 1.783358726843837e+18, 1.7833587232656556e+18], 'frequencies': [2437, 2437, 2462, 5500, 5540, 5660]}
1 1 0 0 0 0 0 0 1783358727270985286
{'names': ['NU-AP06164', 'NU-AP06167', 'NU-AP06163', 'NU-AP06163', 'NU-AP06164', 'NU-AP06167'], 'addresses': ['48:00:b3:5f:72:e0', '48:00:b3:5e:0b:e0', '48:00:b3:5f:46:a0', '48:00:b3:5f:46:ae', '48:00:b3:5f:72:ef', '48:00:b3:5e:0b:ef'], 'ssids': ['iotroam', 'iotroam', 'iotroam', 'eduroam', 'iotroam', 'iotroam'], 'signals': [-56, -63, -55, -60, -66, -75], 'timestamps': [1.7833587246946555e+18, 1.7833587246936556e+18, 1.7833587248416556e+18, 1.783358726643837e+18, 1.783358726843837e+18, 1.7833587232656556e+18], 'frequencies': [2437, 2437, 2462, 5500, 5540, 5660]}
1 1 0 0 0 0 0 0 1783358727345154384
{'names': ['NU-AP06164', 'NU-AP06167', 'NU-AP06163', 'NU-AP06163', 'NU-AP06164', 'NU-AP06167'], 'addresses': ['48:00:b3:5f:72:e0', '48:00:b3:5e:0b:e0', '48:00:b3:5f:46:a0', '48:00:b3:5f:46:ae', '48:00:b3:5f:72:ef', '48:00:b3:5e:0b:ef'], 'ssids': ['iotroam', 'iotroam', 'iotroam', 'eduroam', 'iotroam', 'iotroam'], 'signals': [-56, -63, -55, -60, -66, -75], 'timestamps': [1.7833587246946555e+18, 1.7833587246936556e+18, 1.7833587248416556e+18, 1.783358726643837e+18, 1.783358726843837e+18, 1.7833587232656556e+18], 'frequencies': [2437, 2437, 2462, 5500, 5540, 5660]}
1 1 0 0 0 0 0 0 1783358727415051370
{'names': ['NU-AP06164', 'NU-AP06167', 'NU-AP06163', 'NU-AP06163', 'NU-AP06164', 'NU-AP06167'], 'addresses': ['48:00:b3:5f:72:e0', '48:00:b3:5e:0b:e0', '48:00:b3:5f:46:a0', '48:00:b3:5f:46:ae', '48:00:b3:5f:72:ef', '48:00:b3:5e:0b:ef'], 'ssids': ['iotroam', 'iotroam', 'iotroam', 'eduroam', 'iotroam', 'iotroam'], 'signals': [-56, -63, -55, -60, -66, -75], 'timestamps': [1.7833587246946555e+18, 1.7833587246936556e+18, 1.7833587248416556e+18, 1.783358726643837e+18, 1.783358726843837e+18, 1.7833587232656556e+18], 'frequencies': [2437, 2437, 2462, 5500, 5540, 5660]}
1 1 0 0 0 0 0 0 1783358727479742380
{'names': ['NU-AP06164', 'NU-AP06167', 'NU-AP06163', 'NU-AP06163', 'NU-AP06164', 'NU-AP06167'], 'addresses': ['48:00:b3:5f:72:e0', '48:00:b3:5e:0b:e0', '48:00:b3:5f:46:a0', '48:00:b3:5f:46:ae', '48:00:b3:5f:72:ef', '48:00:b3:5e:0b:ef'], 'ssids': ['iotroam', 'iotroam', 'iotroam', 'eduroam', 'iotroam', 'iotroam'], 'signals': [-56, -63, -55, -60, -66, -75], 'timestamps': [1.7833587246946555e+18, 1.7833587246936556e+18, 1.7833587248416556e+18, 1.783358726643837e+18, 1.783358726843837e+18, 1.7833587232656556e+18], 'frequencies': [2437, 2437, 2462, 5500, 5540, 5660]}
1 1 0 0 0 0 0 0 1783358727542445015
{'names': ['NU-AP06164', 'NU-AP06167', 'NU-AP06163', 'NU-AP06163', 'NU-AP06164', 'NU-AP06167'], 'addresses': ['48:00:b3:5f:72:e0', '48:00:b3:5e:0b:e0', '48:00:b3:5f:46:a0', '48:00:b3:5f:46:ae', '48:00:b3:5f:72:ef', '48:00:b3:5e:0b:ef'], 'ssids': ['iotroam', 'iotroam', 'iotroam', 'eduroam', 'iotroam', 'iotroam'], 'signals': [-56, -63, -55, -60, -66, -75], 'timestamps': [1.7833587246946555e+18, 1.7833587246936556e+18, 1.7833587248416556e+18, 1.783358726643837e+18, 1.783358726843837e+18, 1.7833587232656556e+18], 'frequencies': [2437, 2437, 2462, 5500, 5540, 5660]}
1 1 0 0 3 3 2 2 1783358727608900775
{'names': ['NU-AP06164', 'NU-AP06167', 'NU-AP06163', 'NU-AP06163', 'NU-AP06164', 'NU-AP06167'], 'addresses': ['48:00:b3:5f:72:e0', '48:00:b3:5e:0b:e0', '48:00:b3:5f:46:a0', '48:00:b3:5f:46:ae', '48:00:b3:5f:72:ef', '48:00:b3:5e:0b:ef'], 'ssids': ['iotroam', 'iotroam', 'iotroam', 'eduroam', 'iotroam', 'iotroam'], 'signals': [-56, -63, -55, -60, -66, -75], 'timestamps': [1.7833587246946555e+18, 1.7833587246936556e+18, 1.7833587248416556e+18, 1.783358726643901e+18, 1.783358726843901e+18, 1.7833587275659008e+18], 'frequencies': [2437, 2437, 2462, 5500, 5540, 5660]}
1 1 0 0 0 0 0 0 1783358727672070761
{'names': ['NU-AP06164', 'NU-AP06167', 'NU-AP06163', 'NU-AP06163', 'NU-AP06164', 'NU-AP06167'], 'addresses': ['48:00:b3:5f:72:e0', '48:00:b3:5e:0b:e0', '48:00:b3:5f:46:a0', '48:00:b3:5f:46:ae', '48:00:b3:5f:72:ef', '48:00:b3:5e:0b:ef'], 'ssids': ['iotroam', 'iotroam', 'iotroam', 'eduroam', 'iotroam', 'iotroam'], 'signals': [-56, -63, -55, -60, -66, -75], 'timestamps': [1.7833587246946555e+18, 1.7833587246936556e+18, 1.7833587248416556e+18, 1.783358726643901e+18, 1.783358726843901e+18, 1.7833587275659008e+18], 'frequencies': [2437, 2437, 2462, 5500, 5540, 5660]}
1 1 0 0 0 0 0 0 1783358727737497038
{'names': ['NU-AP06164', 'NU-AP06167', 'NU-AP06163', 'NU-AP06163', 'NU-AP06164', 'NU-AP06167'], 'addresses': ['48:00:b3:5f:72:e0', '48:00:b3:5e:0b:e0', '48:00:b3:5f:46:a0', '48:00:b3:5f:46:ae', '48:00:b3:5f:72:ef', '48:00:b3:5e:0b:ef'], 'ssids': ['iotroam', 'iotroam', 'iotroam', 'eduroam', 'iotroam', 'iotroam'], 'signals': [-56, -63, -55, -60, -66, -75], 'timestamps': [1.7833587246946555e+18, 1.7833587246936556e+18, 1.7833587248416556e+18, 1.783358726643901e+18, 1.783358726843901e+18, 1.7833587275659008e+18], 'frequencies': [2437, 2437, 2462, 5500, 5540, 5660]}
1 1 0 0 0 0 0 0 1783358727803841586
{'names': ['NU-AP06164', 'NU-AP06167', 'NU-AP06163', 'NU-AP06163', 'NU-AP06164', 'NU-AP06167'], 'addresses': ['48:00:b3:5f:72:e0', '48:00:b3:5e:0b:e0', '48:00:b3:5f:46:a0', '48:00:b3:5f:46:ae', '48:00:b3:5f:72:ef', '48:00:b3:5e:0b:ef'], 'ssids': ['iotroam', 'iotroam', 'iotroam', 'eduroam', 'iotroam', 'iotroam'], 'signals': [-56, -63, -55, -60, -66, -75], 'timestamps': [1.7833587246946555e+18, 1.7833587246936556e+18, 1.7833587248416556e+18, 1.783358726643901e+18, 1.783358726843901e+18, 1.7833587275659008e+18], 'frequencies': [2437, 2437, 2462, 5500, 5540, 5660]}
1 1 0 0 0 0 0 0 1783358727870487543
{'names': ['NU-AP06164', 'NU-AP06167', 'NU-AP06163', 'NU-AP06163', 'NU-AP06164', 'NU-AP06167'], 'addresses': ['48:00:b3:5f:72:e0', '48:00:b3:5e:0b:e0', '48:00:b3:5f:46:a0', '48:00:b3:5f:46:ae', '48:00:b3:5f:72:ef', '48:00:b3:5e:0b:ef'], 'ssids': ['iotroam', 'iotroam', 'iotroam', 'eduroam', 'iotroam', 'iotroam'], 'signals': [-56, -63, -55, -60, -66, -75], 'timestamps': [1.7833587246946555e+18, 1.7833587246936556e+18, 1.7833587248416556e+18, 1.783358726643901e+18, 1.783358726843901e+18, 1.7833587275659008e+18], 'frequencies': [2437, 2437, 2462, 5500, 5540, 5660]}
1 1 0 0 0 0 0 0 1783358727934836059
{'names': ['NU-AP06164', 'NU-AP06167', 'NU-AP06163', 'NU-AP06163', 'NU-AP06164', 'NU-AP06167'], 'addresses': ['48:00:b3:5f:72:e0', '48:00:b3:5e:0b:e0', '48:00:b3:5f:46:a0', '48:00:b3:5f:46:ae', '48:00:b3:5f:72:ef', '48:00:b3:5e:0b:ef'], 'ssids': ['iotroam', 'iotroam', 'iotroam', 'eduroam', 'iotroam', 'iotroam'], 'signals': [-56, -63, -55, -60, -66, -75], 'timestamps': [1.7833587246946555e+18, 1.7833587246936556e+18, 1.7833587248416556e+18, 1.783358726643901e+18, 1.783358726843901e+18, 1.7833587275659008e+18], 'frequencies': [2437, 2437, 2462, 5500, 5540, 5660]}
1 1 0 0 0 0 0 0 1783358728000818226
{'names': ['NU-AP06164', 'NU-AP06167', 'NU-AP06163', 'NU-AP06163', 'NU-AP06164', 'NU-AP06167'], 'addresses': ['48:00:b3:5f:72:e0', '48:00:b3:5e:0b:e0', '48:00:b3:5f:46:a0', '48:00:b3:5f:46:ae', '48:00:b3:5f:72:ef', '48:00:b3:5e:0b:ef'], 'ssids': ['iotroam', 'iotroam', 'iotroam', 'eduroam', 'iotroam', 'iotroam'], 'signals': [-56, -63, -55, -60, -66, -75], 'timestamps': [1.7833587246946555e+18, 1.7833587246936556e+18, 1.7833587248416556e+18, 1.783358726643901e+18, 1.783358726843901e+18, 1.7833587275659008e+18], 'frequencies': [2437, 2437, 2462, 5500, 5540, 5660]}
1 1 0 0 0 0 0 0 1783358728064470990
{'names': ['NU-AP06164', 'NU-AP06167', 'NU-AP06163', 'NU-AP06163', 'NU-AP06164', 'NU-AP06167'], 'addresses': ['48:00:b3:5f:72:e0', '48:00:b3:5e:0b:e0', '48:00:b3:5f:46:a0', '48:00:b3:5f:46:ae', '48:00:b3:5f:72:ef', '48:00:b3:5e:0b:ef'], 'ssids': ['iotroam', 'iotroam', 'iotroam', 'eduroam', 'iotroam', 'iotroam'], 'signals': [-56, -63, -55, -60, -66, -75], 'timestamps': [1.7833587246946555e+18, 1.7833587246936556e+18, 1.7833587248416556e+18, 1.783358726643901e+18, 1.783358726843901e+18, 1.7833587275659008e+18], 'frequencies': [2437, 2437, 2462, 5500, 5540, 5660]}
1 1 0 0 0 0 0 0 1783358728128699679
{'names': ['NU-AP06164', 'NU-AP06167', 'NU-AP06163', 'NU-AP06163', 'NU-AP06164', 'NU-AP06167'], 'addresses': ['48:00:b3:5f:72:e0', '48:00:b3:5e:0b:e0', '48:00:b3:5f:46:a0', '48:00:b3:5f:46:ae', '48:00:b3:5f:72:ef', '48:00:b3:5e:0b:ef'], 'ssids': ['iotroam', 'iotroam', 'iotroam', 'eduroam', 'iotroam', 'iotroam'], 'signals': [-56, -63, -55, -60, -66, -75], 'timestamps': [1.7833587246946555e+18, 1.7833587246936556e+18, 1.7833587248416556e+18, 1.783358726643901e+18, 1.783358726843901e+18, 1.7833587275659008e+18], 'frequencies': [2437, 2437, 2462, 5500, 5540, 5660]}
1 1 0 0 3 3 2 2 1783358728193088081
{'names': ['NU-AP06164', 'NU-AP06167', 'NU-AP06163', 'NU-AP06163', 'NU-AP06164', 'NU-AP06167'], 'addresses': ['48:00:b3:5f:72:e0', '48:00:b3:5e:0b:e0', '48:00:b3:5f:46:a0', '48:00:b3:5f:46:ae', '48:00:b3:5f:72:ef', '48:00:b3:5e:0b:ef'], 'ssids': ['iotroam', 'iotroam', 'iotroam', 'eduroam', 'iotroam', 'iotroam'], 'signals': [-56, -63, -55, -60, -66, -75], 'timestamps': [1.7833587246946555e+18, 1.7833587246936556e+18, 1.7833587248416556e+18, 1.783358726644088e+18, 1.783358726844088e+18, 1.783358727566088e+18], 'frequencies': [2437, 2437, 2462, 5500, 5540, 5660]}
4 4 3 3 3 3 2 2 1783358728284638395
{'names': ['NU-AP06164', 'NU-AP06167', 'NU-AP06163', 'NU-AP06163', 'NU-AP06164', 'NU-AP06167'], 'addresses': ['48:00:b3:5f:72:e0', '48:00:b3:5e:0b:e0', '48:00:b3:5f:46:a0', '48:00:b3:5f:46:ae', '48:00:b3:5f:72:ef', '48:00:b3:5e:0b:ef'], 'ssids': ['iotroam', 'iotroam', 'iotroam', 'eduroam', 'iotroam', 'iotroam'], 'signals': [-56, -63, -55, -60, -66, -75], 'timestamps': [1.7833587246966385e+18, 1.7833587246956385e+18, 1.7833587248436385e+18, 1.7833587266466386e+18, 1.7833587268466386e+18, 1.7833587275686385e+18], 'frequencies': [2437, 2437, 2462, 5500, 5540, 5660]}
1 1 0 0 0 0 0 0 1783358728385319479
{'names': ['NU-AP06164', 'NU-AP06167', 'NU-AP06163', 'NU-AP06163', 'NU-AP06164', 'NU-AP06167'], 'addresses': ['48:00:b3:5f:72:e0', '48:00:b3:5e:0b:e0', '48:00:b3:5f:46:a0', '48:00:b3:5f:46:ae', '48:00:b3:5f:72:ef', '48:00:b3:5e:0b:ef'], 'ssids': ['iotroam', 'iotroam', 'iotroam', 'eduroam', 'iotroam', 'iotroam'], 'signals': [-56, -63, -55, -60, -66, -75], 'timestamps': [1.7833587246966385e+18, 1.7833587246956385e+18, 1.7833587248436385e+18, 1.7833587266466386e+18, 1.7833587268466386e+18, 1.7833587275686385e+18], 'frequencies': [2437, 2437, 2462, 5500, 5540, 5660]}
1 1 0 0 0 0 0 0 1783358728450838901
{'names': ['NU-AP06164', 'NU-AP06167', 'NU-AP06163', 'NU-AP06163', 'NU-AP06164', 'NU-AP06167'], 'addresses': ['48:00:b3:5f:72:e0', '48:00:b3:5e:0b:e0', '48:00:b3:5f:46:a0', '48:00:b3:5f:46:ae', '48:00:b3:5f:72:ef', '48:00:b3:5e:0b:ef'], 'ssids': ['iotroam', 'iotroam', 'iotroam', 'eduroam', 'iotroam', 'iotroam'], 'signals': [-56, -63, -55, -60, -66, -75], 'timestamps': [1.7833587246966385e+18, 1.7833587246956385e+18, 1.7833587248436385e+18, 1.7833587266466386e+18, 1.7833587268466386e+18, 1.7833587275686385e+18], 'frequencies': [2437, 2437, 2462, 5500, 5540, 5660]}
1 1 0 0 0 0 0 0 1783358728514510618
{'names': ['NU-AP06164', 'NU-AP06167', 'NU-AP06163', 'NU-AP06163', 'NU-AP06164', 'NU-AP06167'], 'addresses': ['48:00:b3:5f:72:e0', '48:00:b3:5e:0b:e0', '48:00:b3:5f:46:a0', '48:00:b3:5f:46:ae', '48:00:b3:5f:72:ef', '48:00:b3:5e:0b:ef'], 'ssids': ['iotroam', 'iotroam', 'iotroam', 'eduroam', 'iotroam', 'iotroam'], 'signals': [-56, -63, -55, -60, -66, -75], 'timestamps': [1.7833587246966385e+18, 1.7833587246956385e+18, 1.7833587248436385e+18, 1.7833587266466386e+18, 1.7833587268466386e+18, 1.7833587275686385e+18], 'frequencies': [2437, 2437, 2462, 5500, 5540, 5660]}
1 1 0 0 0 0 0 0 1783358728577438721
{'names': ['NU-AP06164', 'NU-AP06167', 'NU-AP06163', 'NU-AP06163', 'NU-AP06164', 'NU-AP06167'], 'addresses': ['48:00:b3:5f:72:e0', '48:00:b3:5e:0b:e0', '48:00:b3:5f:46:a0', '48:00:b3:5f:46:ae', '48:00:b3:5f:72:ef', '48:00:b3:5e:0b:ef'], 'ssids': ['iotroam', 'iotroam', 'iotroam', 'eduroam', 'iotroam', 'iotroam'], 'signals': [-56, -63, -55, -60, -66, -75], 'timestamps': [1.7833587246966385e+18, 1.7833587246956385e+18, 1.7833587248436385e+18, 1.7833587266466386e+18, 1.7833587268466386e+18, 1.7833587275686385e+18], 'frequencies': [2437, 2437, 2462, 5500, 5540, 5660]}
1 1 0 0 0 0 0 0 1783358728640142082
{'names': ['NU-AP06164', 'NU-AP06167', 'NU-AP06163', 'NU-AP06163', 'NU-AP06164', 'NU-AP06167'], 'addresses': ['48:00:b3:5f:72:e0', '48:00:b3:5e:0b:e0', '48:00:b3:5f:46:a0', '48:00:b3:5f:46:ae', '48:00:b3:5f:72:ef', '48:00:b3:5e:0b:ef'], 'ssids': ['iotroam', 'iotroam', 'iotroam', 'eduroam', 'iotroam', 'iotroam'], 'signals': [-56, -63, -55, -60, -66, -75], 'timestamps': [1.7833587246966385e+18, 1.7833587246956385e+18, 1.7833587248436385e+18, 1.7833587266466386e+18, 1.7833587268466386e+18, 1.7833587275686385e+18], 'frequencies': [2437, 2437, 2462, 5500, 5540, 5660]}
1 1 0 0 0 0 0 0 1783358728704068757
{'names': ['NU-AP06164', 'NU-AP06167', 'NU-AP06163', 'NU-AP06163', 'NU-AP06164', 'NU-AP06167'], 'addresses': ['48:00:b3:5f:72:e0', '48:00:b3:5e:0b:e0', '48:00:b3:5f:46:a0', '48:00:b3:5f:46:ae', '48:00:b3:5f:72:ef', '48:00:b3:5e:0b:ef'], 'ssids': ['iotroam', 'iotroam', 'iotroam', 'eduroam', 'iotroam', 'iotroam'], 'signals': [-56, -63, -55, -60, -66, -75], 'timestamps': [1.7833587246966385e+18, 1.7833587246956385e+18, 1.7833587248436385e+18, 1.7833587266466386e+18, 1.7833587268466386e+18, 1.7833587275686385e+18], 'frequencies': [2437, 2437, 2462, 5500, 5540, 5660]}
1 1 0 0 0 0 0 0 1783358728768767652
{'names': ['NU-AP06164', 'NU-AP06167', 'NU-AP06163', 'NU-AP06163', 'NU-AP06164', 'NU-AP06167'], 'addresses': ['48:00:b3:5f:72:e0', '48:00:b3:5e:0b:e0', '48:00:b3:5f:46:a0', '48:00:b3:5f:46:ae', '48:00:b3:5f:72:ef', '48:00:b3:5e:0b:ef'], 'ssids': ['iotroam', 'iotroam', 'iotroam', 'eduroam', 'iotroam', 'iotroam'], 'signals': [-56, -63, -55, -60, -66, -75], 'timestamps': [1.7833587246966385e+18, 1.7833587246956385e+18, 1.7833587248436385e+18, 1.7833587266466386e+18, 1.7833587268466386e+18, 1.7833587275686385e+18], 'frequencies': [2437, 2437, 2462, 5500, 5540, 5660]}
2 2 2 2 0 0 0 0 1783358729007709777
{'names': ['NU-AP06164', 'NU-AP06167', 'NU-AP06163', 'NU-AP06163', 'NU-AP06164', 'NU-AP06167'], 'addresses': ['48:00:b3:5f:72:e0', '48:00:b3:5e:0b:e0', '48:00:b3:5f:46:a0', '48:00:b3:5f:46:ae', '48:00:b3:5f:72:ef', '48:00:b3:5e:0b:ef'], 'ssids': ['iotroam', 'iotroam', 'iotroam', 'eduroam', 'iotroam', 'iotroam'], 'signals': [-55, -63, -55, -60, -66, -75], 'timestamps': [1.7833587289927096e+18, 1.7833587289927096e+18, 1.7833587248436385e+18, 1.7833587266466386e+18, 1.7833587268466386e+18, 1.7833587275686385e+18], 'frequencies': [2437, 2437, 2462, 5500, 5540, 5660]}
2 2 2 2 0 0 0 0 1783358729065253434
{'names': ['NU-AP06164', 'NU-AP06167', 'NU-AP06163', 'NU-AP06163', 'NU-AP06164', 'NU-AP06167'], 'addresses': ['48:00:b3:5f:72:e0', '48:00:b3:5e:0b:e0', '48:00:b3:5f:46:a0', '48:00:b3:5f:46:ae', '48:00:b3:5f:72:ef', '48:00:b3:5e:0b:ef'], 'ssids': ['iotroam', 'iotroam', 'iotroam', 'eduroam', 'iotroam', 'iotroam'], 'signals': [-55, -63, -55, -60, -66, -75], 'timestamps': [1.7833587289932534e+18, 1.7833587289932534e+18, 1.7833587248436385e+18, 1.7833587266466386e+18, 1.7833587268466386e+18, 1.7833587275686385e+18], 'frequencies': [2437, 2437, 2462, 5500, 5540, 5660]}
2 2 1 1 0 0 0 0 1783358729180988861
{'names': ['NU-AP06164', 'NU-AP06167', 'NU-AP06163', 'NU-AP06163', 'NU-AP06164', 'NU-AP06167', 'NU-AP06162'], 'addresses': ['48:00:b3:5f:72:e0', '48:00:b3:5e:0b:e0', '48:00:b3:5f:46:a0', '48:00:b3:5f:46:ae', '48:00:b3:5f:72:ef', '48:00:b3:5e:0b:ef', '48:00:b3:5a:90:80'], 'ssids': ['iotroam', 'iotroam', 'iotroam', 'eduroam', 'iotroam', 'iotroam', 'iotroam'], 'signals': [-55, -63, -56, -60, -66, -75, -78], 'timestamps': [1.7833587289932534e+18, 1.7833587289932534e+18, 1.783358729139989e+18, 1.7833587266466386e+18, 1.7833587268466386e+18, 1.7833587275686385e+18, 1.783358729152989e+18], 'frequencies': [2437, 2437, 2462, 5500, 5540, 5660, 2462]}
2 2 1 1 0 0 0 0 1783358729243192606
{'names': ['NU-AP06164', 'NU-AP06167', 'NU-AP06163', 'NU-AP06163', 'NU-AP06164', 'NU-AP06167', 'NU-AP06162'], 'addresses': ['48:00:b3:5f:72:e0', '48:00:b3:5e:0b:e0', '48:00:b3:5f:46:a0', '48:00:b3:5f:46:ae', '48:00:b3:5f:72:ef', '48:00:b3:5e:0b:ef', '48:00:b3:5a:90:80'], 'ssids': ['iotroam', 'iotroam', 'iotroam', 'eduroam', 'iotroam', 'iotroam', 'iotroam'], 'signals': [-55, -63, -56, -60, -66, -75, -78], 'timestamps': [1.7833587289932534e+18, 1.7833587289932534e+18, 1.7833587291401925e+18, 1.7833587266466386e+18, 1.7833587268466386e+18, 1.7833587275686385e+18, 1.7833587291531924e+18], 'frequencies': [2437, 2437, 2462, 5500, 5540, 5660, 2462]}
4 4 3 3 0 0 0 0 1783358729430455671
{'names': ['NU-AP06164', 'NU-AP06167', 'NU-AP06163', 'NU-AP06163', 'NU-AP06164', 'NU-AP06167', 'NU-AP06162'], 'addresses': ['48:00:b3:5f:72:e0', '48:00:b3:5e:0b:e0', '48:00:b3:5f:46:a0', '48:00:b3:5f:46:ae', '48:00:b3:5f:72:ef', '48:00:b3:5e:0b:ef', '48:00:b3:5a:90:80'], 'ssids': ['iotroam', 'iotroam', 'iotroam', 'eduroam', 'iotroam', 'iotroam', 'iotroam'], 'signals': [-55, -63, -56, -60, -66, -75, -78], 'timestamps': [1.7833587289934556e+18, 1.7833587289934556e+18, 1.7833587291404554e+18, 1.7833587266466386e+18, 1.7833587268466386e+18, 1.7833587275686385e+18, 1.7833587291534556e+18], 'frequencies': [2437, 2437, 2462, 5500, 5540, 5660, 2462]}
4 4 3 3 0 0 0 0 1783358729617630090
{'names': ['NU-AP06164', 'NU-AP06167', 'NU-AP06163', 'NU-AP06163', 'NU-AP06164', 'NU-AP06167', 'NU-AP06162'], 'addresses': ['48:00:b3:5f:72:e0', '48:00:b3:5e:0b:e0', '48:00:b3:5f:46:a0', '48:00:b3:5f:46:ae', '48:00:b3:5f:72:ef', '48:00:b3:5e:0b:ef', '48:00:b3:5a:90:80'], 'ssids': ['iotroam', 'iotroam', 'iotroam', 'eduroam', 'iotroam', 'iotroam', 'iotroam'], 'signals': [-55, -63, -56, -60, -66, -75, -78], 'timestamps': [1.7833587289936302e+18, 1.7833587289936302e+18, 1.7833587291406303e+18, 1.7833587266466386e+18, 1.7833587268466386e+18, 1.7833587275686385e+18, 1.7833587291536302e+18], 'frequencies': [2437, 2437, 2462, 5500, 5540, 5660, 2462]}
0 0 0 0 1 1 1 1 1783358730683253587
{'names': ['NU-AP06164', 'NU-AP06167', 'NU-AP06163', 'NU-AP06163', 'NU-AP06164', 'NU-AP06167', 'NU-AP06162'], 'addresses': ['48:00:b3:5f:72:e0', '48:00:b3:5e:0b:e0', '48:00:b3:5f:46:a0', '48:00:b3:5f:46:ae', '48:00:b3:5f:72:ef', '48:00:b3:5e:0b:ef', '48:00:b3:5a:90:80'], 'ssids': ['iotroam', 'iotroam', 'iotroam', 'eduroam', 'iotroam', 'iotroam', 'iotroam'], 'signals': [-55, -63, -56, -60, -66, -75, -78], 'timestamps': [1.7833587289936302e+18, 1.7833587289936302e+18, 1.7833587291406303e+18, 1.7833587306372536e+18, 1.7833587268466386e+18, 1.7833587275686385e+18, 1.7833587291536302e+18], 'frequencies': [2437, 2437, 2462, 5500, 5540, 5660, 2462]}
0 0 0 0 2 2 2 2 1783358730872404606
{'names': ['NU-AP06164', 'NU-AP06167', 'NU-AP06163', 'NU-AP06163', 'NU-AP06164', 'NU-AP06167', 'NU-AP06162'], 'addresses': ['48:00:b3:5f:72:e0', '48:00:b3:5e:0b:e0', '48:00:b3:5f:46:a0', '48:00:b3:5f:46:ae', '48:00:b3:5f:72:ef', '48:00:b3:5e:0b:ef', '48:00:b3:5a:90:80'], 'ssids': ['iotroam', 'iotroam', 'iotroam', 'eduroam', 'iotroam', 'iotroam', 'iotroam'], 'signals': [-55, -63, -56, -60, -65, -75, -78], 'timestamps': [1.7833587289936302e+18, 1.7833587289936302e+18, 1.7833587291406303e+18, 1.7833587306374044e+18, 1.7833587308474045e+18, 1.7833587275686385e+18, 1.7833587291536302e+18], 'frequencies': [2437, 2437, 2462, 5500, 5540, 5660, 2462]}
0 0 0 0 2 2 2 2 1783358731121623076
{'names': ['NU-AP06164', 'NU-AP06167', 'NU-AP06163', 'NU-AP06163', 'NU-AP06164', 'NU-AP06167', 'NU-AP06162'], 'addresses': ['48:00:b3:5f:72:e0', '48:00:b3:5e:0b:e0', '48:00:b3:5f:46:a0', '48:00:b3:5f:46:ae', '48:00:b3:5f:72:ef', '48:00:b3:5e:0b:ef', '48:00:b3:5a:90:80'], 'ssids': ['iotroam', 'iotroam', 'iotroam', 'eduroam', 'iotroam', 'iotroam', 'iotroam'], 'signals': [-55, -63, -56, -60, -65, -75, -78], 'timestamps': [1.7833587289936302e+18, 1.7833587289936302e+18, 1.7833587291406303e+18, 1.783358730637623e+18, 1.7833587308476232e+18, 1.7833587275686385e+18, 1.7833587291536302e+18], 'frequencies': [2437, 2437, 2462, 5500, 5540, 5660, 2462]}
