2 2 1 1 1 1 1 1 1783360392715871937
{'names': ['NU-AP06165', 'NU-AP06163'], 'addresses': ['48:00:b3:5e:17:c1', '48:00:b3:5f:46:a0'], 'ssids': ['eduroam', 'iotroam'], 'signals': [-75, -59], 'timestamps': [1.783360392709872e+18, 1.783360392709872e+18], 'frequencies': [2412, 2412]}
0 0 0 0 1 1 1 1 1783360392771806147
{'names': ['NU-AP06165', 'NU-AP06163'], 'addresses': ['48:00:b3:5e:17:c1', '48:00:b3:5f:46:a0'], 'ssids': ['eduroam', 'iotroam'], 'signals': [-75, -59], 'timestamps': [1.783360392709872e+18, 1.783360392709872e+18], 'frequencies': [2412, 2412]}
0 0 0 0 1 1 1 1 1783360392822268757
{'names': ['NU-AP06165', 'NU-AP06163'], 'addresses': ['48:00:b3:5e:17:c1', '48:00:b3:5f:46:a0'], 'ssids': ['eduroam', 'iotroam'], 'signals': [-75, -59], 'timestamps': [1.783360392709872e+18, 1.783360392709872e+18], 'frequencies': [2412, 2412]}
2 2 2 2 1 1 1 1 1783360392870048928
{'names': ['NU-AP06165', 'NU-AP06163', 'NU-AP06167', 'NU-AP06164'], 'addresses': ['48:00:b3:5e:17:c1', '48:00:b3:5f:46:a0', '48:00:b3:5e:0b:e0', '48:00:b3:5f:72:e0'], 'ssids': ['eduroam', 'iotroam', 'iotroam', 'iotroam'], 'signals': [-75, -59, -66, -55], 'timestamps': [1.783360392709872e+18, 1.783360392709872e+18, 1.783360392863049e+18, 1.783360392863049e+18], 'frequencies': [2412, 2412, 2437, 2437]}
2 2 2 2 1 1 1 1 1783360392921289449
{'names': ['NU-AP06165', 'NU-AP06163', 'NU-AP06167', 'NU-AP06164'], 'addresses': ['48:00:b3:5e:17:c1', '48:00:b3:5f:46:a0', '48:00:b3:5e:0b:e0', '48:00:b3:5f:72:e0'], 'ssids': ['eduroam', 'iotroam', 'iotroam', 'iotroam'], 'signals': [-75, -59, -66, -55], 'timestamps': [1.783360392709872e+18, 1.783360392709872e+18, 1.7833603928632893e+18, 1.7833603928632893e+18], 'frequencies': [2412, 2412, 2437, 2437]}
2 2 2 2 1 1 1 1 1783360392972642106
{'names': ['NU-AP06165', 'NU-AP06163', 'NU-AP06167', 'NU-AP06164'], 'addresses': ['48:00:b3:5e:17:c1', '48:00:b3:5f:46:a0', '48:00:b3:5e:0b:e0', '48:00:b3:5f:72:e0'], 'ssids': ['eduroam', 'iotroam', 'iotroam', 'iotroam'], 'signals': [-75, -59, -66, -55], 'timestamps': [1.783360392709872e+18, 1.783360392709872e+18, 1.783360392863642e+18, 1.783360392863642e+18], 'frequencies': [2412, 2412, 2437, 2437]}
3 2 2 2 1 1 1 1 1783360393021769057
{'names': ['NU-AP06165', 'NU-AP06163', 'NU-AP06167', 'NU-AP06164', 'NU-AP06162'], 'addresses': ['48:00:b3:5e:17:c1', '48:00:b3:5f:46:a0', '48:00:b3:5e:0b:e0', '48:00:b3:5f:72:e0', '48:00:b3:5a:90:81'], 'ssids': ['eduroam', 'iotroam', 'iotroam', 'iotroam', 'eduroam'], 'signals': [-75, -59, -66, -55, -82], 'timestamps': [1.783360392709872e+18, 1.783360392709872e+18, 1.783360392863769e+18, 1.783360392863769e+18, 1.783360393018769e+18], 'frequencies': [2412, 2412, 2437, 2437, 2462]}
0 0 0 0 1 1 1 1 1783360393073394702
{'names': ['NU-AP06165', 'NU-AP06163', 'NU-AP06167', 'NU-AP06164', 'NU-AP06162'], 'addresses': ['48:00:b3:5e:17:c1', '48:00:b3:5f:46:a0', '48:00:b3:5e:0b:e0', '48:00:b3:5f:72:e0', '48:00:b3:5a:90:81'], 'ssids': ['eduroam', 'iotroam', 'iotroam', 'iotroam', 'eduroam'], 'signals': [-75, -59, -66, -55, -82], 'timestamps': [1.783360392709872e+18, 1.783360392709872e+18, 1.783360392863769e+18, 1.783360392863769e+18, 1.783360393018769e+18], 'frequencies': [2412, 2412, 2437, 2437, 2462]}
0 0 0 0 1 1 1 1 1783360393132442448
{'names': ['NU-AP06165', 'NU-AP06163', 'NU-AP06167', 'NU-AP06164', 'NU-AP06162'], 'addresses': ['48:00:b3:5e:17:c1', '48:00:b3:5f:46:a0', '48:00:b3:5e:0b:e0', '48:00:b3:5f:72:e0', '48:00:b3:5a:90:81'], 'ssids': ['eduroam', 'iotroam', 'iotroam', 'iotroam', 'eduroam'], 'signals': [-75, -59, -66, -55, -82], 'timestamps': [1.783360392709872e+18, 1.783360392709872e+18, 1.783360392863769e+18, 1.783360392863769e+18, 1.783360393018769e+18], 'frequencies': [2412, 2412, 2437, 2437, 2462]}
0 0 0 0 1 1 1 1 1783360393188589979
{'names': ['NU-AP06165', 'NU-AP06163', 'NU-AP06167', 'NU-AP06164', 'NU-AP06162'], 'addresses': ['48:00:b3:5e:17:c1', '48:00:b3:5f:46:a0', '48:00:b3:5e:0b:e0', '48:00:b3:5f:72:e0', '48:00:b3:5a:90:81'], 'ssids': ['eduroam', 'iotroam', 'iotroam', 'iotroam', 'eduroam'], 'signals': [-75, -59, -66, -55, -82], 'timestamps': [1.783360392709872e+18, 1.783360392709872e+18, 1.783360392863769e+18, 1.783360392863769e+18, 1.783360393018769e+18], 'frequencies': [2412, 2412, 2437, 2437, 2462]}
5 4 3 3 1 1 1 1 1783360393246167701
{'names': ['NU-AP06165', 'NU-AP06163', 'NU-AP06167', 'NU-AP06164', 'NU-AP06162'], 'addresses': ['48:00:b3:5e:17:c1', '48:00:b3:5f:46:a0', '48:00:b3:5e:0b:e0', '48:00:b3:5f:72:e0', '48:00:b3:5a:90:81'], 'ssids': ['eduroam', 'iotroam', 'iotroam', 'iotroam', 'eduroam'], 'signals': [-75, -59, -66, -55, -82], 'timestamps': [1.7833603927101678e+18, 1.7833603927101678e+18, 1.783360392864168e+18, 1.783360392864168e+18, 1.7833603930191677e+18], 'frequencies': [2412, 2412, 2437, 2437, 2462]}
0 0 0 0 1 1 1 1 1783360393301711421
{'names': ['NU-AP06165', 'NU-AP06163', 'NU-AP06167', 'NU-AP06164', 'NU-AP06162'], 'addresses': ['48:00:b3:5e:17:c1', '48:00:b3:5f:46:a0', '48:00:b3:5e:0b:e0', '48:00:b3:5f:72:e0', '48:00:b3:5a:90:81'], 'ssids': ['eduroam', 'iotroam', 'iotroam', 'iotroam', 'eduroam'], 'signals': [-75, -59, -66, -55, -82], 'timestamps': [1.7833603927101678e+18, 1.7833603927101678e+18, 1.783360392864168e+18, 1.783360392864168e+18, 1.7833603930191677e+18], 'frequencies': [2412, 2412, 2437, 2437, 2462]}
0 0 0 0 1 1 1 1 1783360393360455568
{'names': ['NU-AP06165', 'NU-AP06163', 'NU-AP06167', 'NU-AP06164', 'NU-AP06162'], 'addresses': ['48:00:b3:5e:17:c1', '48:00:b3:5f:46:a0', '48:00:b3:5e:0b:e0', '48:00:b3:5f:72:e0', '48:00:b3:5a:90:81'], 'ssids': ['eduroam', 'iotroam', 'iotroam', 'iotroam', 'eduroam'], 'signals': [-75, -59, -66, -55, -82], 'timestamps': [1.7833603927101678e+18, 1.7833603927101678e+18, 1.783360392864168e+18, 1.783360392864168e+18, 1.7833603930191677e+18], 'frequencies': [2412, 2412, 2437, 2437, 2462]}
0 0 0 0 1 1 1 1 1783360393417558918
{'names': ['NU-AP06165', 'NU-AP06163', 'NU-AP06167', 'NU-AP06164', 'NU-AP06162'], 'addresses': ['48:00:b3:5e:17:c1', '48:00:b3:5f:46:a0', '48:00:b3:5e:0b:e0', '48:00:b3:5f:72:e0', '48:00:b3:5a:90:81'], 'ssids': ['eduroam', 'iotroam', 'iotroam', 'iotroam', 'eduroam'], 'signals': [-75, -59, -66, -55, -82], 'timestamps': [1.7833603927101678e+18, 1.7833603927101678e+18, 1.783360392864168e+18, 1.783360392864168e+18, 1.7833603930191677e+18], 'frequencies': [2412, 2412, 2437, 2437, 2462]}
0 0 0 0 1 1 1 1 1783360393474990286
{'names': ['NU-AP06165', 'NU-AP06163', 'NU-AP06167', 'NU-AP06164', 'NU-AP06162'], 'addresses': ['48:00:b3:5e:17:c1', '48:00:b3:5f:46:a0', '48:00:b3:5e:0b:e0', '48:00:b3:5f:72:e0', '48:00:b3:5a:90:81'], 'ssids': ['eduroam', 'iotroam', 'iotroam', 'iotroam', 'eduroam'], 'signals': [-75, -59, -66, -55, -82], 'timestamps': [1.7833603927101678e+18, 1.7833603927101678e+18, 1.783360392864168e+18, 1.783360392864168e+18, 1.7833603930191677e+18], 'frequencies': [2412, 2412, 2437, 2437, 2462]}
0 0 0 0 1 1 1 1 1783360393532475883
{'names': ['NU-AP06165', 'NU-AP06163', 'NU-AP06167', 'NU-AP06164', 'NU-AP06162'], 'addresses': ['48:00:b3:5e:17:c1', '48:00:b3:5f:46:a0', '48:00:b3:5e:0b:e0', '48:00:b3:5f:72:e0', '48:00:b3:5a:90:81'], 'ssids': ['eduroam', 'iotroam', 'iotroam', 'iotroam', 'eduroam'], 'signals': [-75, -59, -66, -55, -82], 'timestamps': [1.7833603927101678e+18, 1.7833603927101678e+18, 1.783360392864168e+18, 1.783360392864168e+18, 1.7833603930191677e+18], 'frequencies': [2412, 2412, 2437, 2437, 2462]}
0 0 0 0 1 1 1 1 1783360393588475821
{'names': ['NU-AP06165', 'NU-AP06163', 'NU-AP06167', 'NU-AP06164', 'NU-AP06162'], 'addresses': ['48:00:b3:5e:17:c1', '48:00:b3:5f:46:a0', '48:00:b3:5e:0b:e0', '48:00:b3:5f:72:e0', '48:00:b3:5a:90:81'], 'ssids': ['eduroam', 'iotroam', 'iotroam', 'iotroam', 'eduroam'], 'signals': [-75, -59, -66, -55, -82], 'timestamps': [1.7833603927101678e+18, 1.7833603927101678e+18, 1.783360392864168e+18, 1.783360392864168e+18, 1.7833603930191677e+18], 'frequencies': [2412, 2412, 2437, 2437, 2462]}
5 4 3 3 1 1 1 1 1783360393646376144
{'names': ['NU-AP06165', 'NU-AP06163', 'NU-AP06167', 'NU-AP06164', 'NU-AP06162'], 'addresses': ['48:00:b3:5e:17:c1', '48:00:b3:5f:46:a0', '48:00:b3:5e:0b:e0', '48:00:b3:5f:72:e0', '48:00:b3:5a:90:81'], 'ssids': ['eduroam', 'iotroam', 'iotroam', 'iotroam', 'eduroam'], 'signals': [-75, -59, -66, -55, -82], 'timestamps': [1.7833603927103762e+18, 1.7833603927103762e+18, 1.7833603928643763e+18, 1.7833603928643763e+18, 1.783360393019376e+18], 'frequencies': [2412, 2412, 2437, 2437, 2462]}
0 0 0 0 1 1 1 1 1783360393703596505
{'names': ['NU-AP06165', 'NU-AP06163', 'NU-AP06167', 'NU-AP06164', 'NU-AP06162'], 'addresses': ['48:00:b3:5e:17:c1', '48:00:b3:5f:46:a0', '48:00:b3:5e:0b:e0', '48:00:b3:5f:72:e0', '48:00:b3:5a:90:81'], 'ssids': ['eduroam', 'iotroam', 'iotroam', 'iotroam', 'eduroam'], 'signals': [-75, -59, -66, -55, -82], 'timestamps': [1.7833603927103762e+18, 1.7833603927103762e+18, 1.7833603928643763e+18, 1.7833603928643763e+18, 1.783360393019376e+18], 'frequencies': [2412, 2412, 2437, 2437, 2462]}
0 0 0 0 1 1 1 1 1783360393760218855
{'names': ['NU-AP06165', 'NU-AP06163', 'NU-AP06167', 'NU-AP06164', 'NU-AP06162'], 'addresses': ['48:00:b3:5e:17:c1', '48:00:b3:5f:46:a0', '48:00:b3:5e:0b:e0', '48:00:b3:5f:72:e0', '48:00:b3:5a:90:81'], 'ssids': ['eduroam', 'iotroam', 'iotroam', 'iotroam', 'eduroam'], 'signals': [-75, -59, -66, -55, -82], 'timestamps': [1.7833603927103762e+18, 1.7833603927103762e+18, 1.7833603928643763e+18, 1.7833603928643763e+18, 1.783360393019376e+18], 'frequencies': [2412, 2412, 2437, 2437, 2462]}
0 0 0 0 1 1 1 1 1783360393818400935
{'names': ['NU-AP06165', 'NU-AP06163', 'NU-AP06167', 'NU-AP06164', 'NU-AP06162'], 'addresses': ['48:00:b3:5e:17:c1', '48:00:b3:5f:46:a0', '48:00:b3:5e:0b:e0', '48:00:b3:5f:72:e0', '48:00:b3:5a:90:81'], 'ssids': ['eduroam', 'iotroam', 'iotroam', 'iotroam', 'eduroam'], 'signals': [-75, -59, -66, -55, -82], 'timestamps': [1.7833603927103762e+18, 1.7833603927103762e+18, 1.7833603928643763e+18, 1.7833603928643763e+18, 1.783360393019376e+18], 'frequencies': [2412, 2412, 2437, 2437, 2462]}
0 0 0 0 1 1 1 1 1783360393874811513
{'names': ['NU-AP06165', 'NU-AP06163', 'NU-AP06167', 'NU-AP06164', 'NU-AP06162'], 'addresses': ['48:00:b3:5e:17:c1', '48:00:b3:5f:46:a0', '48:00:b3:5e:0b:e0', '48:00:b3:5f:72:e0', '48:00:b3:5a:90:81'], 'ssids': ['eduroam', 'iotroam', 'iotroam', 'iotroam', 'eduroam'], 'signals': [-75, -59, -66, -55, -82], 'timestamps': [1.7833603927103762e+18, 1.7833603927103762e+18, 1.7833603928643763e+18, 1.7833603928643763e+18, 1.783360393019376e+18], 'frequencies': [2412, 2412, 2437, 2437, 2462]}
0 0 0 0 1 1 1 1 1783360393931311195
{'names': ['NU-AP06165', 'NU-AP06163', 'NU-AP06167', 'NU-AP06164', 'NU-AP06162'], 'addresses': ['48:00:b3:5e:17:c1', '48:00:b3:5f:46:a0', '48:00:b3:5e:0b:e0', '48:00:b3:5f:72:e0', '48:00:b3:5a:90:81'], 'ssids': ['eduroam', 'iotroam', 'iotroam', 'iotroam', 'eduroam'], 'signals': [-75, -59, -66, -55, -82], 'timestamps': [1.7833603927103762e+18, 1.7833603927103762e+18, 1.7833603928643763e+18, 1.7833603928643763e+18, 1.783360393019376e+18], 'frequencies': [2412, 2412, 2437, 2437, 2462]}
0 0 0 0 1 1 1 1 1783360393986998016
{'names': ['NU-AP06165', 'NU-AP06163', 'NU-AP06167', 'NU-AP06164', 'NU-AP06162'], 'addresses': ['48:00:b3:5e:17:c1', '48:00:b3:5f:46:a0', '48:00:b3:5e:0b:e0', '48:00:b3:5f:72:e0', '48:00:b3:5a:90:81'], 'ssids': ['eduroam', 'iotroam', 'iotroam', 'iotroam', 'eduroam'], 'signals': [-75, -59, -66, -55, -82], 'timestamps': [1.7833603927103762e+18, 1.7833603927103762e+18, 1.7833603928643763e+18, 1.7833603928643763e+18, 1.783360393019376e+18], 'frequencies': [2412, 2412, 2437, 2437, 2462]}
0 0 0 0 1 1 1 1 1783360394044510533
{'names': ['NU-AP06165', 'NU-AP06163', 'NU-AP06167', 'NU-AP06164', 'NU-AP06162'], 'addresses': ['48:00:b3:5e:17:c1', '48:00:b3:5f:46:a0', '48:00:b3:5e:0b:e0', '48:00:b3:5f:72:e0', '48:00:b3:5a:90:81'], 'ssids': ['eduroam', 'iotroam', 'iotroam', 'iotroam', 'eduroam'], 'signals': [-75, -59, -66, -55, -82], 'timestamps': [1.7833603927103762e+18, 1.7833603927103762e+18, 1.7833603928643763e+18, 1.7833603928643763e+18, 1.783360393019376e+18], 'frequencies': [2412, 2412, 2437, 2437, 2462]}
0 0 0 0 1 1 1 1 1783360394100896376
{'names': ['NU-AP06165', 'NU-AP06163', 'NU-AP06167', 'NU-AP06164', 'NU-AP06162'], 'addresses': ['48:00:b3:5e:17:c1', '48:00:b3:5f:46:a0', '48:00:b3:5e:0b:e0', '48:00:b3:5f:72:e0', '48:00:b3:5a:90:81'], 'ssids': ['eduroam', 'iotroam', 'iotroam', 'iotroam', 'eduroam'], 'signals': [-75, -59, -66, -55, -82], 'timestamps': [1.7833603927103762e+18, 1.7833603927103762e+18, 1.7833603928643763e+18, 1.7833603928643763e+18, 1.783360393019376e+18], 'frequencies': [2412, 2412, 2437, 2437, 2462]}
0 0 0 0 1 1 1 1 1783360394158990546
{'names': ['NU-AP06165', 'NU-AP06163', 'NU-AP06167', 'NU-AP06164', 'NU-AP06162'], 'addresses': ['48:00:b3:5e:17:c1', '48:00:b3:5f:46:a0', '48:00:b3:5e:0b:e0', '48:00:b3:5f:72:e0', '48:00:b3:5a:90:81'], 'ssids': ['eduroam', 'iotroam', 'iotroam', 'iotroam', 'eduroam'], 'signals': [-75, -59, -66, -55, -82], 'timestamps': [1.7833603927103762e+18, 1.7833603927103762e+18, 1.7833603928643763e+18, 1.7833603928643763e+18, 1.783360393019376e+18], 'frequencies': [2412, 2412, 2437, 2437, 2462]}
0 0 0 0 1 1 1 1 1783360394215901487
{'names': ['NU-AP06165', 'NU-AP06163', 'NU-AP06167', 'NU-AP06164', 'NU-AP06162'], 'addresses': ['48:00:b3:5e:17:c1', '48:00:b3:5f:46:a0', '48:00:b3:5e:0b:e0', '48:00:b3:5f:72:e0', '48:00:b3:5a:90:81'], 'ssids': ['eduroam', 'iotroam', 'iotroam', 'iotroam', 'eduroam'], 'signals': [-75, -59, -66, -55, -82], 'timestamps': [1.7833603927103762e+18, 1.7833603927103762e+18, 1.7833603928643763e+18, 1.7833603928643763e+18, 1.783360393019376e+18], 'frequencies': [2412, 2412, 2437, 2437, 2462]}
0 0 0 0 1 1 1 1 1783360394272167512
{'names': ['NU-AP06165', 'NU-AP06163', 'NU-AP06167', 'NU-AP06164', 'NU-AP06162'], 'addresses': ['48:00:b3:5e:17:c1', '48:00:b3:5f:46:a0', '48:00:b3:5e:0b:e0', '48:00:b3:5f:72:e0', '48:00:b3:5a:90:81'], 'ssids': ['eduroam', 'iotroam', 'iotroam', 'iotroam', 'eduroam'], 'signals': [-75, -59, -66, -55, -82], 'timestamps': [1.7833603927103762e+18, 1.7833603927103762e+18, 1.7833603928643763e+18, 1.7833603928643763e+18, 1.783360393019376e+18], 'frequencies': [2412, 2412, 2437, 2437, 2462]}
0 0 0 0 1 1 1 1 1783360394331028278
{'names': ['NU-AP06165', 'NU-AP06163', 'NU-AP06167', 'NU-AP06164', 'NU-AP06162'], 'addresses': ['48:00:b3:5e:17:c1', '48:00:b3:5f:46:a0', '48:00:b3:5e:0b:e0', '48:00:b3:5f:72:e0', '48:00:b3:5a:90:81'], 'ssids': ['eduroam', 'iotroam', 'iotroam', 'iotroam', 'eduroam'], 'signals': [-75, -59, -66, -55, -82], 'timestamps': [1.7833603927103762e+18, 1.7833603927103762e+18, 1.7833603928643763e+18, 1.7833603928643763e+18, 1.783360393019376e+18], 'frequencies': [2412, 2412, 2437, 2437, 2462]}
0 0 0 0 1 1 1 1 1783360394387752885
{'names': ['NU-AP06165', 'NU-AP06163', 'NU-AP06167', 'NU-AP06164', 'NU-AP06162'], 'addresses': ['48:00:b3:5e:17:c1', '48:00:b3:5f:46:a0', '48:00:b3:5e:0b:e0', '48:00:b3:5f:72:e0', '48:00:b3:5a:90:81'], 'ssids': ['eduroam', 'iotroam', 'iotroam', 'iotroam', 'eduroam'], 'signals': [-75, -59, -66, -55, -82], 'timestamps': [1.7833603927103762e+18, 1.7833603927103762e+18, 1.7833603928643763e+18, 1.7833603928643763e+18, 1.783360393019376e+18], 'frequencies': [2412, 2412, 2437, 2437, 2462]}
0 0 0 0 1 1 1 1 1783360394445036464
{'names': ['NU-AP06165', 'NU-AP06163', 'NU-AP06167', 'NU-AP06164', 'NU-AP06162'], 'addresses': ['48:00:b3:5e:17:c1', '48:00:b3:5f:46:a0', '48:00:b3:5e:0b:e0', '48:00:b3:5f:72:e0', '48:00:b3:5a:90:81'], 'ssids': ['eduroam', 'iotroam', 'iotroam', 'iotroam', 'eduroam'], 'signals': [-75, -59, -66, -55, -82], 'timestamps': [1.7833603927103762e+18, 1.7833603927103762e+18, 1.7833603928643763e+18, 1.7833603928643763e+18, 1.783360393019376e+18], 'frequencies': [2412, 2412, 2437, 2437, 2462]}
0 0 0 0 1 1 1 1 1783360394501417470
{'names': ['NU-AP06165', 'NU-AP06163', 'NU-AP06167', 'NU-AP06164', 'NU-AP06162'], 'addresses': ['48:00:b3:5e:17:c1', '48:00:b3:5f:46:a0', '48:00:b3:5e:0b:e0', '48:00:b3:5f:72:e0', '48:00:b3:5a:90:81'], 'ssids': ['eduroam', 'iotroam', 'iotroam', 'iotroam', 'eduroam'], 'signals': [-75, -59, -66, -55, -82], 'timestamps': [1.7833603927103762e+18, 1.7833603927103762e+18, 1.7833603928643763e+18, 1.7833603928643763e+18, 1.783360393019376e+18], 'frequencies': [2412, 2412, 2437, 2437, 2462]}
0 0 0 0 1 1 1 1 1783360394557299601
{'names': ['NU-AP06165', 'NU-AP06163', 'NU-AP06167', 'NU-AP06164', 'NU-AP06162'], 'addresses': ['48:00:b3:5e:17:c1', '48:00:b3:5f:46:a0', '48:00:b3:5e:0b:e0', '48:00:b3:5f:72:e0', '48:00:b3:5a:90:81'], 'ssids': ['eduroam', 'iotroam', 'iotroam', 'iotroam', 'eduroam'], 'signals': [-75, -59, -66, -55, -82], 'timestamps': [1.7833603927103762e+18, 1.7833603927103762e+18, 1.7833603928643763e+18, 1.7833603928643763e+18, 1.783360393019376e+18], 'frequencies': [2412, 2412, 2437, 2437, 2462]}
0 0 0 0 1 1 1 1 1783360394614531180
{'names': ['NU-AP06165', 'NU-AP06163', 'NU-AP06167', 'NU-AP06164', 'NU-AP06162', 'NU-AP06163'], 'addresses': ['48:00:b3:5e:17:c1', '48:00:b3:5f:46:a0', '48:00:b3:5e:0b:e0', '48:00:b3:5f:72:e0', '48:00:b3:5a:90:81', '48:00:b3:5f:46:ad'], 'ssids': ['eduroam', 'iotroam', 'iotroam', 'iotroam', 'eduroam', 'VU-Campusnet'], 'signals': [-75, -59, -66, -55, -82, -64], 'timestamps': [1.7833603927103762e+18, 1.7833603927103762e+18, 1.7833603928643763e+18, 1.7833603928643763e+18, 1.783360393019376e+18, 1.783360394607531e+18], 'frequencies': [2412, 2412, 2437, 2437, 2462, 5500]}
0 0 0 0 1 1 1 1 1783360394671188520
{'names': ['NU-AP06165', 'NU-AP06163', 'NU-AP06167', 'NU-AP06164', 'NU-AP06162', 'NU-AP06163'], 'addresses': ['48:00:b3:5e:17:c1', '48:00:b3:5f:46:a0', '48:00:b3:5e:0b:e0', '48:00:b3:5f:72:e0', '48:00:b3:5a:90:81', '48:00:b3:5f:46:ad'], 'ssids': ['eduroam', 'iotroam', 'iotroam', 'iotroam', 'eduroam', 'VU-Campusnet'], 'signals': [-75, -59, -66, -55, -82, -64], 'timestamps': [1.7833603927103762e+18, 1.7833603927103762e+18, 1.7833603928643763e+18, 1.7833603928643763e+18, 1.783360393019376e+18, 1.7833603946081884e+18], 'frequencies': [2412, 2412, 2437, 2437, 2462, 5500]}
0 0 0 0 2 2 2 2 1783360394902296436
{'names': ['NU-AP06165', 'NU-AP06163', 'NU-AP06167', 'NU-AP06164', 'NU-AP06162', 'NU-AP06163', 'NU-AP06164'], 'addresses': ['48:00:b3:5e:17:c1', '48:00:b3:5f:46:a0', '48:00:b3:5e:0b:e0', '48:00:b3:5f:72:e0', '48:00:b3:5a:90:81', '48:00:b3:5f:46:ad', '48:00:b3:5f:72:ef'], 'ssids': ['eduroam', 'iotroam', 'iotroam', 'iotroam', 'eduroam', 'VU-Campusnet', 'iotroam'], 'signals': [-75, -59, -66, -55, -82, -64, -62], 'timestamps': [1.7833603927103762e+18, 1.7833603927103762e+18, 1.7833603928643763e+18, 1.7833603928643763e+18, 1.783360393019376e+18, 1.7833603946082964e+18, 1.7833603948782963e+18], 'frequencies': [2412, 2412, 2437, 2437, 2462, 5500, 5540]}
5 4 3 3 2 2 2 2 1783360394963377718
{'names': ['NU-AP06165', 'NU-AP06163', 'NU-AP06167', 'NU-AP06164', 'NU-AP06162', 'NU-AP06163', 'NU-AP06164'], 'addresses': ['48:00:b3:5e:17:c1', '48:00:b3:5f:46:a0', '48:00:b3:5e:0b:e0', '48:00:b3:5f:72:e0', '48:00:b3:5a:90:81', '48:00:b3:5f:46:ad', '48:00:b3:5f:72:ef'], 'ssids': ['eduroam', 'iotroam', 'iotroam', 'iotroam', 'eduroam', 'VU-Campusnet', 'iotroam'], 'signals': [-75, -59, -66, -55, -82, -64, -62], 'timestamps': [1.7833603927103777e+18, 1.7833603927103777e+18, 1.7833603928643776e+18, 1.7833603928643776e+18, 1.7833603930193777e+18, 1.7833603946083776e+18, 1.7833603948783777e+18], 'frequencies': [2412, 2412, 2437, 2437, 2462, 5500, 5540]}
5 4 3 3 2 2 2 2 1783360395286662898
{'names': ['NU-AP06165', 'NU-AP06163', 'NU-AP06167', 'NU-AP06164', 'NU-AP06162', 'NU-AP06163', 'NU-AP06164'], 'addresses': ['48:00:b3:5e:17:c1', '48:00:b3:5f:46:a0', '48:00:b3:5e:0b:e0', '48:00:b3:5f:72:e0', '48:00:b3:5a:90:81', '48:00:b3:5f:46:ad', '48:00:b3:5f:72:ef'], 'ssids': ['eduroam', 'iotroam', 'iotroam', 'iotroam', 'eduroam', 'VU-Campusnet', 'iotroam'], 'signals': [-75, -59, -66, -55, -82, -64, -62], 'timestamps': [1.783360392710663e+18, 1.783360392710663e+18, 1.783360392864663e+18, 1.783360392864663e+18, 1.7833603930196628e+18, 1.783360394608663e+18, 1.783360394878663e+18], 'frequencies': [2412, 2412, 2437, 2437, 2462, 5500, 5540]}
0 0 0 0 1 1 0 0 1783360395785823163
{'names': ['NU-AP06165', 'NU-AP06163', 'NU-AP06167', 'NU-AP06164', 'NU-AP06162', 'NU-AP06163', 'NU-AP06164', 'NU-AP06167'], 'addresses': ['48:00:b3:5e:17:c1', '48:00:b3:5f:46:a0', '48:00:b3:5e:0b:e0', '48:00:b3:5f:72:e0', '48:00:b3:5a:90:81', '48:00:b3:5f:46:ad', '48:00:b3:5f:72:ef', '48:00:b3:5e:0b:ef'], 'ssids': ['eduroam', 'iotroam', 'iotroam', 'iotroam', 'eduroam', 'VU-Campusnet', 'iotroam', 'iotroam'], 'signals': [-75, -59, -66, -55, -82, -64, -62, -73], 'timestamps': [1.783360392710663e+18, 1.783360392710663e+18, 1.783360392864663e+18, 1.783360392864663e+18, 1.7833603930196628e+18, 1.783360394608663e+18, 1.783360394878663e+18, 1.7833603957808233e+18], 'frequencies': [2412, 2412, 2437, 2437, 2462, 5500, 5540, 5660]}
0 0 0 0 1 1 0 0 1783360395855627939
{'names': ['NU-AP06165', 'NU-AP06163', 'NU-AP06167', 'NU-AP06164', 'NU-AP06162', 'NU-AP06163', 'NU-AP06164', 'NU-AP06167'], 'addresses': ['48:00:b3:5e:17:c1', '48:00:b3:5f:46:a0', '48:00:b3:5e:0b:e0', '48:00:b3:5f:72:e0', '48:00:b3:5a:90:81', '48:00:b3:5f:46:ad', '48:00:b3:5f:72:ef', '48:00:b3:5e:0b:ef'], 'ssids': ['eduroam', 'iotroam', 'iotroam', 'iotroam', 'eduroam', 'VU-Campusnet', 'iotroam', 'iotroam'], 'signals': [-75, -59, -66, -55, -82, -64, -62, -73], 'timestamps': [1.783360392710663e+18, 1.783360392710663e+18, 1.783360392864663e+18, 1.783360392864663e+18, 1.7833603930196628e+18, 1.783360394608663e+18, 1.783360394878663e+18, 1.783360395781628e+18], 'frequencies': [2412, 2412, 2437, 2437, 2462, 5500, 5540, 5660]}
5 4 3 3 3 3 2 2 1783360395993690366
{'names': ['NU-AP06165', 'NU-AP06163', 'NU-AP06167', 'NU-AP06164', 'NU-AP06162', 'NU-AP06163', 'NU-AP06164', 'NU-AP06167'], 'addresses': ['48:00:b3:5e:17:c1', '48:00:b3:5f:46:a0', '48:00:b3:5e:0b:e0', '48:00:b3:5f:72:e0', '48:00:b3:5a:90:81', '48:00:b3:5f:46:ad', '48:00:b3:5f:72:ef', '48:00:b3:5e:0b:ef'], 'ssids': ['eduroam', 'iotroam', 'iotroam', 'iotroam', 'eduroam', 'VU-Campusnet', 'iotroam', 'iotroam'], 'signals': [-75, -59, -66, -55, -82, -64, -62, -73], 'timestamps': [1.7833603927106903e+18, 1.7833603927106903e+18, 1.7833603928646904e+18, 1.7833603928646904e+18, 1.7833603930196905e+18, 1.7833603946086904e+18, 1.7833603948786903e+18, 1.7833603957816904e+18], 'frequencies': [2412, 2412, 2437, 2437, 2462, 5500, 5540, 5660]}
5 4 3 3 3 3 2 2 1783360396059118573
{'names': ['NU-AP06165', 'NU-AP06163', 'NU-AP06167', 'NU-AP06164', 'NU-AP06162', 'NU-AP06163', 'NU-AP06164', 'NU-AP06167'], 'addresses': ['48:00:b3:5e:17:c1', '48:00:b3:5f:46:a0', '48:00:b3:5e:0b:e0', '48:00:b3:5f:72:e0', '48:00:b3:5a:90:81', '48:00:b3:5f:46:ad', '48:00:b3:5f:72:ef', '48:00:b3:5e:0b:ef'], 'ssids': ['eduroam', 'iotroam', 'iotroam', 'iotroam', 'eduroam', 'VU-Campusnet', 'iotroam', 'iotroam'], 'signals': [-75, -59, -66, -55, -82, -64, -62, -73], 'timestamps': [1.7833603927111186e+18, 1.7833603927111186e+18, 1.7833603928651187e+18, 1.7833603928651187e+18, 1.7833603930201185e+18, 1.7833603946091187e+18, 1.7833603948791186e+18, 1.7833603957821187e+18], 'frequencies': [2412, 2412, 2437, 2437, 2462, 5500, 5540, 5660]}
5 4 3 3 3 3 2 2 1783360396920849112
{'names': ['NU-AP06165', 'NU-AP06163', 'NU-AP06167', 'NU-AP06164', 'NU-AP06162', 'NU-AP06163', 'NU-AP06164', 'NU-AP06167'], 'addresses': ['48:00:b3:5e:17:c1', '48:00:b3:5f:46:a0', '48:00:b3:5e:0b:e0', '48:00:b3:5f:72:e0', '48:00:b3:5a:90:81', '48:00:b3:5f:46:ad', '48:00:b3:5f:72:ef', '48:00:b3:5e:0b:ef'], 'ssids': ['eduroam', 'iotroam', 'iotroam', 'iotroam', 'eduroam', 'VU-Campusnet', 'iotroam', 'iotroam'], 'signals': [-75, -59, -66, -55, -82, -64, -62, -73], 'timestamps': [1.7833603927118492e+18, 1.7833603927118492e+18, 1.783360392865849e+18, 1.783360392865849e+18, 1.7833603930208492e+18, 1.783360394609849e+18, 1.7833603948798492e+18, 1.783360395782849e+18], 'frequencies': [2412, 2412, 2437, 2437, 2462, 5500, 5540, 5660]}
2 2 1 1 0 0 0 0 1783360397060156844
{'names': ['NU-AP06165', 'NU-AP06163', 'NU-AP06167', 'NU-AP06164', 'NU-AP06162', 'NU-AP06163', 'NU-AP06164', 'NU-AP06167'], 'addresses': ['48:00:b3:5e:17:c1', '48:00:b3:5f:46:a0', '48:00:b3:5e:0b:e0', '48:00:b3:5f:72:e0', '48:00:b3:5a:90:81', '48:00:b3:5f:46:ad', '48:00:b3:5f:72:ef', '48:00:b3:5e:0b:ef'], 'ssids': ['eduroam', 'iotroam', 'iotroam', 'iotroam', 'eduroam', 'VU-Campusnet', 'iotroam', 'iotroam'], 'signals': [-73, -59, -66, -55, -82, -64, -62, -73], 'timestamps': [1.783360397050157e+18, 1.7833603970491569e+18, 1.783360392865849e+18, 1.783360392865849e+18, 1.7833603930208492e+18, 1.783360394609849e+18, 1.7833603948798492e+18, 1.783360395782849e+18], 'frequencies': [2412, 2412, 2437, 2437, 2462, 5500, 5540, 5660]}
2 2 2 2 0 0 0 0 1783360397263262222
{'names': ['NU-AP06165', 'NU-AP06163', 'NU-AP06167', 'NU-AP06164', 'NU-AP06162', 'NU-AP06163', 'NU-AP06164', 'NU-AP06167'], 'addresses': ['48:00:b3:5e:17:c1', '48:00:b3:5f:46:a0', '48:00:b3:5e:0b:e0', '48:00:b3:5f:72:e0', '48:00:b3:5a:90:81', '48:00:b3:5f:46:ad', '48:00:b3:5f:72:ef', '48:00:b3:5e:0b:ef'], 'ssids': ['eduroam', 'iotroam', 'iotroam', 'iotroam', 'eduroam', 'VU-Campusnet', 'iotroam', 'iotroam'], 'signals': [-73, -59, -67, -55, -82, -64, -62, -73], 'timestamps': [1.783360397050157e+18, 1.7833603970491569e+18, 1.7833603972132623e+18, 1.7833603972322621e+18, 1.7833603930208492e+18, 1.783360394609849e+18, 1.7833603948798492e+18, 1.783360395782849e+18], 'frequencies': [2412, 2412, 2437, 2437, 2462, 5500, 5540, 5660]}
2 2 2 2 0 0 0 0 1783360397336459281
{'names': ['NU-AP06165', 'NU-AP06163', 'NU-AP06167', 'NU-AP06164', 'NU-AP06162', 'NU-AP06163', 'NU-AP06164', 'NU-AP06167'], 'addresses': ['48:00:b3:5e:17:c1', '48:00:b3:5f:46:a0', '48:00:b3:5e:0b:e0', '48:00:b3:5f:72:e0', '48:00:b3:5a:90:81', '48:00:b3:5f:46:ad', '48:00:b3:5f:72:ef', '48:00:b3:5e:0b:ef'], 'ssids': ['eduroam', 'iotroam', 'iotroam', 'iotroam', 'eduroam', 'VU-Campusnet', 'iotroam', 'iotroam'], 'signals': [-73, -59, -67, -55, -82, -64, -62, -73], 'timestamps': [1.783360397050157e+18, 1.7833603970491569e+18, 1.7833603972134592e+18, 1.7833603972324593e+18, 1.7833603930208492e+18, 1.783360394609849e+18, 1.7833603948798492e+18, 1.783360395782849e+18], 'frequencies': [2412, 2412, 2437, 2437, 2462, 5500, 5540, 5660]}
2 2 2 2 0 0 0 0 1783360397556846207
{'names': ['NU-AP06165', 'NU-AP06163', 'NU-AP06167', 'NU-AP06164', 'NU-AP06162', 'NU-AP06163', 'NU-AP06164', 'NU-AP06167'], 'addresses': ['48:00:b3:5e:17:c1', '48:00:b3:5f:46:a0', '48:00:b3:5e:0b:e0', '48:00:b3:5f:72:e0', '48:00:b3:5a:90:81', '48:00:b3:5f:46:ad', '48:00:b3:5f:72:ef', '48:00:b3:5e:0b:ef'], 'ssids': ['eduroam', 'iotroam', 'iotroam', 'iotroam', 'eduroam', 'VU-Campusnet', 'iotroam', 'iotroam'], 'signals': [-73, -59, -67, -55, -82, -64, -62, -73], 'timestamps': [1.783360397050157e+18, 1.7833603970491569e+18, 1.783360397213846e+18, 1.783360397232846e+18, 1.7833603930208492e+18, 1.783360394609849e+18, 1.7833603948798492e+18, 1.783360395782849e+18], 'frequencies': [2412, 2412, 2437, 2437, 2462, 5500, 5540, 5660]}
2 2 2 2 0 0 0 0 1783360397629909267
{'names': ['NU-AP06165', 'NU-AP06163', 'NU-AP06167', 'NU-AP06164', 'NU-AP06162', 'NU-AP06163', 'NU-AP06164', 'NU-AP06167'], 'addresses': ['48:00:b3:5e:17:c1', '48:00:b3:5f:46:a0', '48:00:b3:5e:0b:e0', '48:00:b3:5f:72:e0', '48:00:b3:5a:90:81', '48:00:b3:5f:46:ad', '48:00:b3:5f:72:ef', '48:00:b3:5e:0b:ef'], 'ssids': ['eduroam', 'iotroam', 'iotroam', 'iotroam', 'eduroam', 'VU-Campusnet', 'iotroam', 'iotroam'], 'signals': [-73, -59, -67, -55, -82, -64, -62, -73], 'timestamps': [1.783360397050157e+18, 1.7833603970491569e+18, 1.7833603972139092e+18, 1.7833603972329093e+18, 1.7833603930208492e+18, 1.783360394609849e+18, 1.7833603948798492e+18, 1.783360395782849e+18], 'frequencies': [2412, 2412, 2437, 2437, 2462, 5500, 5540, 5660]}
5 4 3 3 3 3 2 2 1783360397708813552
{'names': ['NU-AP06165', 'NU-AP06163', 'NU-AP06167', 'NU-AP06164', 'NU-AP06162', 'NU-AP06163', 'NU-AP06164', 'NU-AP06167'], 'addresses': ['48:00:b3:5e:17:c1', '48:00:b3:5f:46:a0', '48:00:b3:5e:0b:e0', '48:00:b3:5f:72:e0', '48:00:b3:5a:90:81', '48:00:b3:5f:46:ad', '48:00:b3:5f:72:ef', '48:00:b3:5e:0b:ef'], 'ssids': ['eduroam', 'iotroam', 'iotroam', 'iotroam', 'eduroam', 'VU-Campusnet', 'iotroam', 'iotroam'], 'signals': [-73, -59, -67, -55, -82, -64, -62, -73], 'timestamps': [1.7833603970518136e+18, 1.7833603970508134e+18, 1.7833603972158136e+18, 1.7833603972348134e+18, 1.7833603930218135e+18, 1.7833603946108134e+18, 1.7833603948808136e+18, 1.7833603957838136e+18], 'frequencies': [2412, 2412, 2437, 2437, 2462, 5500, 5540, 5660]}
0 0 0 0 1 1 1 1 1783360399075332982
{'names': ['NU-AP06165', 'NU-AP06163', 'NU-AP06167', 'NU-AP06164', 'NU-AP06163', 'NU-AP06164', 'NU-AP06167'], 'addresses': ['48:00:b3:5e:17:c1', '48:00:b3:5f:46:a0', '48:00:b3:5e:0b:e0', '48:00:b3:5f:72:e0', '48:00:b3:5f:46:ad', '48:00:b3:5f:72:ef', '48:00:b3:5e:0b:ef'], 'ssids': ['eduroam', 'iotroam', 'iotroam', 'iotroam', 'VU-Campusnet', 'iotroam', 'iotroam'], 'signals': [-73, -59, -67, -55, -64, -62, -73], 'timestamps': [1.7833603970518136e+18, 1.7833603970508134e+18, 1.7833603972158136e+18, 1.7833603972348134e+18, 1.7833603990433329e+18, 1.7833603948808136e+18, 1.7833603957838136e+18], 'frequencies': [2412, 2412, 2437, 2437, 5500, 5540, 5660]}
1 0 0 0 0 0 0 0 1783360399154058877
{'names': ['NU-AP06165', 'NU-AP06163', 'NU-AP06167', 'NU-AP06164', 'NU-AP06163', 'NU-AP06164', 'NU-AP06167'], 'addresses': ['48:00:b3:5e:17:c1', '48:00:b3:5f:46:a0', '48:00:b3:5e:0b:e0', '48:00:b3:5f:72:e0', '48:00:b3:5f:46:ad', '48:00:b3:5f:72:ef', '48:00:b3:5e:0b:ef'], 'ssids': ['eduroam', 'iotroam', 'iotroam', 'iotroam', 'VU-Campusnet', 'iotroam', 'iotroam'], 'signals': [-73, -59, -67, -55, -64, -62, -73], 'timestamps': [1.7833603970518136e+18, 1.7833603970508134e+18, 1.7833603972158136e+18, 1.7833603972348134e+18, 1.7833603990433329e+18, 1.7833603948808136e+18, 1.7833603957838136e+18], 'frequencies': [2412, 2412, 2437, 2437, 5500, 5540, 5660]}
1 0 0 0 1 1 1 1 1783360399239917089
{'names': ['NU-AP06165', 'NU-AP06163', 'NU-AP06167', 'NU-AP06164', 'NU-AP06163', 'NU-AP06164', 'NU-AP06167'], 'addresses': ['48:00:b3:5e:17:c1', '48:00:b3:5f:46:a0', '48:00:b3:5e:0b:e0', '48:00:b3:5f:72:e0', '48:00:b3:5f:46:ad', '48:00:b3:5f:72:ef', '48:00:b3:5e:0b:ef'], 'ssids': ['eduroam', 'iotroam', 'iotroam', 'iotroam', 'VU-Campusnet', 'iotroam', 'iotroam'], 'signals': [-73, -59, -67, -55, -64, -62, -73], 'timestamps': [1.7833603970518136e+18, 1.7833603970508134e+18, 1.7833603972158136e+18, 1.7833603972348134e+18, 1.783360399043917e+18, 1.7833603948808136e+18, 1.7833603957838136e+18], 'frequencies': [2412, 2412, 2437, 2437, 5500, 5540, 5660]}
1 0 0 0 1 1 1 1 1783360399328032489
{'names': ['NU-AP06165', 'NU-AP06163', 'NU-AP06167', 'NU-AP06164', 'NU-AP06163', 'NU-AP06164', 'NU-AP06167'], 'addresses': ['48:00:b3:5e:17:c1', '48:00:b3:5f:46:a0', '48:00:b3:5e:0b:e0', '48:00:b3:5f:72:e0', '48:00:b3:5f:46:ad', '48:00:b3:5f:72:ef', '48:00:b3:5e:0b:ef'], 'ssids': ['eduroam', 'iotroam', 'iotroam', 'iotroam', 'VU-Campusnet', 'iotroam', 'iotroam'], 'signals': [-73, -59, -67, -55, -64, -62, -73], 'timestamps': [1.7833603970518136e+18, 1.7833603970508134e+18, 1.7833603972158136e+18, 1.7833603972348134e+18, 1.783360399043917e+18, 1.7833603992410324e+18, 1.7833603957838136e+18], 'frequencies': [2412, 2412, 2437, 2437, 5500, 5540, 5660]}
5 4 3 3 3 3 2 2 1783360399415953316
{'names': ['NU-AP06165', 'NU-AP06163', 'NU-AP06167', 'NU-AP06164', 'NU-AP06163', 'NU-AP06164', 'NU-AP06167'], 'addresses': ['48:00:b3:5e:17:c1', '48:00:b3:5f:46:a0', '48:00:b3:5e:0b:e0', '48:00:b3:5f:72:e0', '48:00:b3:5f:46:ad', '48:00:b3:5f:72:ef', '48:00:b3:5e:0b:ef'], 'ssids': ['eduroam', 'iotroam', 'iotroam', 'iotroam', 'VU-Campusnet', 'iotroam', 'iotroam'], 'signals': [-73, -59, -67, -55, -64, -62, -73], 'timestamps': [1.7833603970529533e+18, 1.7833603970519534e+18, 1.7833603972169533e+18, 1.7833603972359534e+18, 1.7833603990459535e+18, 1.7833603992439534e+18, 1.7833603957849533e+18], 'frequencies': [2412, 2412, 2437, 2437, 5500, 5540, 5660]}
1 0 0 0 0 0 0 0 1783360399542816844
{'names': ['NU-AP06165', 'NU-AP06163', 'NU-AP06167', 'NU-AP06164', 'NU-AP06163', 'NU-AP06164', 'NU-AP06167'], 'addresses': ['48:00:b3:5e:17:c1', '48:00:b3:5f:46:a0', '48:00:b3:5e:0b:e0', '48:00:b3:5f:72:e0', '48:00:b3:5f:46:ad', '48:00:b3:5f:72:ef', '48:00:b3:5e:0b:ef'], 'ssids': ['eduroam', 'iotroam', 'iotroam', 'iotroam', 'VU-Campusnet', 'iotroam', 'iotroam'], 'signals': [-73, -59, -67, -55, -64, -62, -73], 'timestamps': [1.7833603970529533e+18, 1.7833603970519534e+18, 1.7833603972169533e+18, 1.7833603972359534e+18, 1.7833603990459535e+18, 1.7833603992439534e+18, 1.7833603957849533e+18], 'frequencies': [2412, 2412, 2437, 2437, 5500, 5540, 5660]}
1 0 0 0 0 0 0 0 1783360399623940986
{'names': ['NU-AP06165', 'NU-AP06163', 'NU-AP06167', 'NU-AP06164', 'NU-AP06163', 'NU-AP06164', 'NU-AP06167'], 'addresses': ['48:00:b3:5e:17:c1', '48:00:b3:5f:46:a0', '48:00:b3:5e:0b:e0', '48:00:b3:5f:72:e0', '48:00:b3:5f:46:ad', '48:00:b3:5f:72:ef', '48:00:b3:5e:0b:ef'], 'ssids': ['eduroam', 'iotroam', 'iotroam', 'iotroam', 'VU-Campusnet', 'iotroam', 'iotroam'], 'signals': [-73, -59, -67, -55, -64, -62, -73], 'timestamps': [1.7833603970529533e+18, 1.7833603970519534e+18, 1.7833603972169533e+18, 1.7833603972359534e+18, 1.7833603990459535e+18, 1.7833603992439534e+18, 1.7833603957849533e+18], 'frequencies': [2412, 2412, 2437, 2437, 5500, 5540, 5660]}
1 0 0 0 0 0 0 0 1783360399701091211
{'names': ['NU-AP06165', 'NU-AP06163', 'NU-AP06167', 'NU-AP06164', 'NU-AP06163', 'NU-AP06164', 'NU-AP06167'], 'addresses': ['48:00:b3:5e:17:c1', '48:00:b3:5f:46:a0', '48:00:b3:5e:0b:e0', '48:00:b3:5f:72:e0', '48:00:b3:5f:46:ad', '48:00:b3:5f:72:ef', '48:00:b3:5e:0b:ef'], 'ssids': ['eduroam', 'iotroam', 'iotroam', 'iotroam', 'VU-Campusnet', 'iotroam', 'iotroam'], 'signals': [-73, -59, -67, -55, -64, -62, -73], 'timestamps': [1.7833603970529533e+18, 1.7833603970519534e+18, 1.7833603972169533e+18, 1.7833603972359534e+18, 1.7833603990459535e+18, 1.7833603992439534e+18, 1.7833603957849533e+18], 'frequencies': [2412, 2412, 2437, 2437, 5500, 5540, 5660]}
1 0 0 0 0 0 0 0 1783360399779610854
{'names': ['NU-AP06165', 'NU-AP06163', 'NU-AP06167', 'NU-AP06164', 'NU-AP06163', 'NU-AP06164', 'NU-AP06167'], 'addresses': ['48:00:b3:5e:17:c1', '48:00:b3:5f:46:a0', '48:00:b3:5e:0b:e0', '48:00:b3:5f:72:e0', '48:00:b3:5f:46:ad', '48:00:b3:5f:72:ef', '48:00:b3:5e:0b:ef'], 'ssids': ['eduroam', 'iotroam', 'iotroam', 'iotroam', 'VU-Campusnet', 'iotroam', 'iotroam'], 'signals': [-73, -59, -67, -55, -64, -62, -73], 'timestamps': [1.7833603970529533e+18, 1.7833603970519534e+18, 1.7833603972169533e+18, 1.7833603972359534e+18, 1.7833603990459535e+18, 1.7833603992439534e+18, 1.7833603957849533e+18], 'frequencies': [2412, 2412, 2437, 2437, 5500, 5540, 5660]}
1 0 0 0 0 0 0 0 1783360399856908159
{'names': ['NU-AP06165', 'NU-AP06163', 'NU-AP06167', 'NU-AP06164', 'NU-AP06163', 'NU-AP06164', 'NU-AP06167'], 'addresses': ['48:00:b3:5e:17:c1', '48:00:b3:5f:46:a0', '48:00:b3:5e:0b:e0', '48:00:b3:5f:72:e0', '48:00:b3:5f:46:ad', '48:00:b3:5f:72:ef', '48:00:b3:5e:0b:ef'], 'ssids': ['eduroam', 'iotroam', 'iotroam', 'iotroam', 'VU-Campusnet', 'iotroam', 'iotroam'], 'signals': [-73, -59, -67, -55, -64, -62, -73], 'timestamps': [1.7833603970529533e+18, 1.7833603970519534e+18, 1.7833603972169533e+18, 1.7833603972359534e+18, 1.7833603990459535e+18, 1.7833603992439534e+18, 1.7833603957849533e+18], 'frequencies': [2412, 2412, 2437, 2437, 5500, 5540, 5660]}
1 0 0 0 0 0 0 0 1783360399935035831
{'names': ['NU-AP06165', 'NU-AP06163', 'NU-AP06167', 'NU-AP06164', 'NU-AP06163', 'NU-AP06164', 'NU-AP06167'], 'addresses': ['48:00:b3:5e:17:c1', '48:00:b3:5f:46:a0', '48:00:b3:5e:0b:e0', '48:00:b3:5f:72:e0', '48:00:b3:5f:46:ad', '48:00:b3:5f:72:ef', '48:00:b3:5e:0b:ef'], 'ssids': ['eduroam', 'iotroam', 'iotroam', 'iotroam', 'VU-Campusnet', 'iotroam', 'iotroam'], 'signals': [-73, -59, -67, -55, -64, -62, -73], 'timestamps': [1.7833603970529533e+18, 1.7833603970519534e+18, 1.7833603972169533e+18, 1.7833603972359534e+18, 1.7833603990459535e+18, 1.7833603992439534e+18, 1.7833603957849533e+18], 'frequencies': [2412, 2412, 2437, 2437, 5500, 5540, 5660]}
1 0 0 0 1 1 0 0 1783360400013448978
{'names': ['NU-AP06165', 'NU-AP06163', 'NU-AP06167', 'NU-AP06164', 'NU-AP06163', 'NU-AP06164', 'NU-AP06167'], 'addresses': ['48:00:b3:5e:17:c1', '48:00:b3:5f:46:a0', '48:00:b3:5e:0b:e0', '48:00:b3:5f:72:e0', '48:00:b3:5f:46:ad', '48:00:b3:5f:72:ef', '48:00:b3:5e:0b:ef'], 'ssids': ['eduroam', 'iotroam', 'iotroam', 'iotroam', 'VU-Campusnet', 'iotroam', 'iotroam'], 'signals': [-73, -59, -67, -55, -64, -62, -73], 'timestamps': [1.7833603970529533e+18, 1.7833603970519534e+18, 1.7833603972169533e+18, 1.7833603972359534e+18, 1.7833603990459535e+18, 1.7833603992439534e+18, 1.7833603999634488e+18], 'frequencies': [2412, 2412, 2437, 2437, 5500, 5540, 5660]}
1 0 0 0 1 1 0 0 1783360400091292318
{'names': ['NU-AP06165', 'NU-AP06163', 'NU-AP06167', 'NU-AP06164', 'NU-AP06163', 'NU-AP06164', 'NU-AP06167'], 'addresses': ['48:00:b3:5e:17:c1', '48:00:b3:5f:46:a0', '48:00:b3:5e:0b:e0', '48:00:b3:5f:72:e0', '48:00:b3:5f:46:ad', '48:00:b3:5f:72:ef', '48:00:b3:5e:0b:ef'], 'ssids': ['eduroam', 'iotroam', 'iotroam', 'iotroam', 'VU-Campusnet', 'iotroam', 'iotroam'], 'signals': [-73, -59, -67, -55, -64, -62, -73], 'timestamps': [1.7833603970529533e+18, 1.7833603970519534e+18, 1.7833603972169533e+18, 1.7833603972359534e+18, 1.7833603990459535e+18, 1.7833603992439534e+18, 1.7833603999642924e+18], 'frequencies': [2412, 2412, 2437, 2437, 5500, 5540, 5660]}
1 0 0 0 0 0 0 0 1783360400171497802
{'names': ['NU-AP06165', 'NU-AP06163', 'NU-AP06167', 'NU-AP06164', 'NU-AP06163', 'NU-AP06164', 'NU-AP06167'], 'addresses': ['48:00:b3:5e:17:c1', '48:00:b3:5f:46:a0', '48:00:b3:5e:0b:e0', '48:00:b3:5f:72:e0', '48:00:b3:5f:46:ad', '48:00:b3:5f:72:ef', '48:00:b3:5e:0b:ef'], 'ssids': ['eduroam', 'iotroam', 'iotroam', 'iotroam', 'VU-Campusnet', 'iotroam', 'iotroam'], 'signals': [-73, -59, -67, -55, -64, -62, -73], 'timestamps': [1.7833603970529533e+18, 1.7833603970519534e+18, 1.7833603972169533e+18, 1.7833603972359534e+18, 1.7833603990459535e+18, 1.7833603992439534e+18, 1.7833603999642924e+18], 'frequencies': [2412, 2412, 2437, 2437, 5500, 5540, 5660]}
1 0 0 0 0 0 0 0 1783360400253893550
{'names': ['NU-AP06165', 'NU-AP06163', 'NU-AP06167', 'NU-AP06164', 'NU-AP06163', 'NU-AP06164', 'NU-AP06167'], 'addresses': ['48:00:b3:5e:17:c1', '48:00:b3:5f:46:a0', '48:00:b3:5e:0b:e0', '48:00:b3:5f:72:e0', '48:00:b3:5f:46:ad', '48:00:b3:5f:72:ef', '48:00:b3:5e:0b:ef'], 'ssids': ['eduroam', 'iotroam', 'iotroam', 'iotroam', 'VU-Campusnet', 'iotroam', 'iotroam'], 'signals': [-73, -59, -67, -55, -64, -62, -73], 'timestamps': [1.7833603970529533e+18, 1.7833603970519534e+18, 1.7833603972169533e+18, 1.7833603972359534e+18, 1.7833603990459535e+18, 1.7833603992439534e+18, 1.7833603999642924e+18], 'frequencies': [2412, 2412, 2437, 2437, 5500, 5540, 5660]}
1 0 0 0 0 0 0 0 1783360400334521591
{'names': ['NU-AP06165', 'NU-AP06163', 'NU-AP06167', 'NU-AP06164', 'NU-AP06163', 'NU-AP06164', 'NU-AP06167'], 'addresses': ['48:00:b3:5e:17:c1', '48:00:b3:5f:46:a0', '48:00:b3:5e:0b:e0', '48:00:b3:5f:72:e0', '48:00:b3:5f:46:ad', '48:00:b3:5f:72:ef', '48:00:b3:5e:0b:ef'], 'ssids': ['eduroam', 'iotroam', 'iotroam', 'iotroam', 'VU-Campusnet', 'iotroam', 'iotroam'], 'signals': [-73, -59, -67, -55, -64, -62, -73], 'timestamps': [1.7833603970529533e+18, 1.7833603970519534e+18, 1.7833603972169533e+18, 1.7833603972359534e+18, 1.7833603990459535e+18, 1.7833603992439534e+18, 1.7833603999642924e+18], 'frequencies': [2412, 2412, 2437, 2437, 5500, 5540, 5660]}
1 0 0 0 0 0 0 0 1783360400414585390
{'names': ['NU-AP06165', 'NU-AP06163', 'NU-AP06167', 'NU-AP06164', 'NU-AP06163', 'NU-AP06164', 'NU-AP06167'], 'addresses': ['48:00:b3:5e:17:c1', '48:00:b3:5f:46:a0', '48:00:b3:5e:0b:e0', '48:00:b3:5f:72:e0', '48:00:b3:5f:46:ad', '48:00:b3:5f:72:ef', '48:00:b3:5e:0b:ef'], 'ssids': ['eduroam', 'iotroam', 'iotroam', 'iotroam', 'VU-Campusnet', 'iotroam', 'iotroam'], 'signals': [-73, -59, -67, -55, -64, -62, -73], 'timestamps': [1.7833603970529533e+18, 1.7833603970519534e+18, 1.7833603972169533e+18, 1.7833603972359534e+18, 1.7833603990459535e+18, 1.7833603992439534e+18, 1.7833603999642924e+18], 'frequencies': [2412, 2412, 2437, 2437, 5500, 5540, 5660]}
1 0 0 0 0 0 0 0 1783360400493966945
{'names': ['NU-AP06165', 'NU-AP06163', 'NU-AP06167', 'NU-AP06164', 'NU-AP06163', 'NU-AP06164', 'NU-AP06167'], 'addresses': ['48:00:b3:5e:17:c1', '48:00:b3:5f:46:a0', '48:00:b3:5e:0b:e0', '48:00:b3:5f:72:e0', '48:00:b3:5f:46:ad', '48:00:b3:5f:72:ef', '48:00:b3:5e:0b:ef'], 'ssids': ['eduroam', 'iotroam', 'iotroam', 'iotroam', 'VU-Campusnet', 'iotroam', 'iotroam'], 'signals': [-73, -59, -67, -55, -64, -62, -73], 'timestamps': [1.7833603970529533e+18, 1.7833603970519534e+18, 1.7833603972169533e+18, 1.7833603972359534e+18, 1.7833603990459535e+18, 1.7833603992439534e+18, 1.7833603999642924e+18], 'frequencies': [2412, 2412, 2437, 2437, 5500, 5540, 5660]}
1 0 0 0 0 0 0 0 1783360400572899924
{'names': ['NU-AP06165', 'NU-AP06163', 'NU-AP06167', 'NU-AP06164', 'NU-AP06163', 'NU-AP06164', 'NU-AP06167'], 'addresses': ['48:00:b3:5e:17:c1', '48:00:b3:5f:46:a0', '48:00:b3:5e:0b:e0', '48:00:b3:5f:72:e0', '48:00:b3:5f:46:ad', '48:00:b3:5f:72:ef', '48:00:b3:5e:0b:ef'], 'ssids': ['eduroam', 'iotroam', 'iotroam', 'iotroam', 'VU-Campusnet', 'iotroam', 'iotroam'], 'signals': [-73, -59, -67, -55, -64, -62, -73], 'timestamps': [1.7833603970529533e+18, 1.7833603970519534e+18, 1.7833603972169533e+18, 1.7833603972359534e+18, 1.7833603990459535e+18, 1.7833603992439534e+18, 1.7833603999642924e+18], 'frequencies': [2412, 2412, 2437, 2437, 5500, 5540, 5660]}
1 0 0 0 0 0 0 0 1783360400652318309
{'names': ['NU-AP06165', 'NU-AP06163', 'NU-AP06167', 'NU-AP06164', 'NU-AP06163', 'NU-AP06164', 'NU-AP06167'], 'addresses': ['48:00:b3:5e:17:c1', '48:00:b3:5f:46:a0', '48:00:b3:5e:0b:e0', '48:00:b3:5f:72:e0', '48:00:b3:5f:46:ad', '48:00:b3:5f:72:ef', '48:00:b3:5e:0b:ef'], 'ssids': ['eduroam', 'iotroam', 'iotroam', 'iotroam', 'VU-Campusnet', 'iotroam', 'iotroam'], 'signals': [-73, -59, -67, -55, -64, -62, -73], 'timestamps': [1.7833603970529533e+18, 1.7833603970519534e+18, 1.7833603972169533e+18, 1.7833603972359534e+18, 1.7833603990459535e+18, 1.7833603992439534e+18, 1.7833603999642924e+18], 'frequencies': [2412, 2412, 2437, 2437, 5500, 5540, 5660]}
1 0 0 0 0 0 0 0 1783360400732188085
{'names': ['NU-AP06165', 'NU-AP06163', 'NU-AP06167', 'NU-AP06164', 'NU-AP06163', 'NU-AP06164', 'NU-AP06167'], 'addresses': ['48:00:b3:5e:17:c1', '48:00:b3:5f:46:a0', '48:00:b3:5e:0b:e0', '48:00:b3:5f:72:e0', '48:00:b3:5f:46:ad', '48:00:b3:5f:72:ef', '48:00:b3:5e:0b:ef'], 'ssids': ['eduroam', 'iotroam', 'iotroam', 'iotroam', 'VU-Campusnet', 'iotroam', 'iotroam'], 'signals': [-73, -59, -67, -55, -64, -62, -73], 'timestamps': [1.7833603970529533e+18, 1.7833603970519534e+18, 1.7833603972169533e+18, 1.7833603972359534e+18, 1.7833603990459535e+18, 1.7833603992439534e+18, 1.7833603999642924e+18], 'frequencies': [2412, 2412, 2437, 2437, 5500, 5540, 5660]}
1 0 0 0 0 0 0 0 1783360400813012190
{'names': ['NU-AP06165', 'NU-AP06163', 'NU-AP06167', 'NU-AP06164', 'NU-AP06163', 'NU-AP06164', 'NU-AP06167'], 'addresses': ['48:00:b3:5e:17:c1', '48:00:b3:5f:46:a0', '48:00:b3:5e:0b:e0', '48:00:b3:5f:72:e0', '48:00:b3:5f:46:ad', '48:00:b3:5f:72:ef', '48:00:b3:5e:0b:ef'], 'ssids': ['eduroam', 'iotroam', 'iotroam', 'iotroam', 'VU-Campusnet', 'iotroam', 'iotroam'], 'signals': [-73, -59, -67, -55, -64, -62, -73], 'timestamps': [1.7833603970529533e+18, 1.7833603970519534e+18, 1.7833603972169533e+18, 1.7833603972359534e+18, 1.7833603990459535e+18, 1.7833603992439534e+18, 1.7833603999642924e+18], 'frequencies': [2412, 2412, 2437, 2437, 5500, 5540, 5660]}
1 0 0 0 0 0 0 0 1783360400891847243
{'names': ['NU-AP06165', 'NU-AP06163', 'NU-AP06167', 'NU-AP06164', 'NU-AP06163', 'NU-AP06164', 'NU-AP06167'], 'addresses': ['48:00:b3:5e:17:c1', '48:00:b3:5f:46:a0', '48:00:b3:5e:0b:e0', '48:00:b3:5f:72:e0', '48:00:b3:5f:46:ad', '48:00:b3:5f:72:ef', '48:00:b3:5e:0b:ef'], 'ssids': ['eduroam', 'iotroam', 'iotroam', 'iotroam', 'VU-Campusnet', 'iotroam', 'iotroam'], 'signals': [-73, -59, -67, -55, -64, -62, -73], 'timestamps': [1.7833603970529533e+18, 1.7833603970519534e+18, 1.7833603972169533e+18, 1.7833603972359534e+18, 1.7833603990459535e+18, 1.7833603992439534e+18, 1.7833603999642924e+18], 'frequencies': [2412, 2412, 2437, 2437, 5500, 5540, 5660]}
1 0 0 0 0 0 0 0 1783360400971723381
{'names': ['NU-AP06165', 'NU-AP06163', 'NU-AP06167', 'NU-AP06164', 'NU-AP06163', 'NU-AP06164', 'NU-AP06167'], 'addresses': ['48:00:b3:5e:17:c1', '48:00:b3:5f:46:a0', '48:00:b3:5e:0b:e0', '48:00:b3:5f:72:e0', '48:00:b3:5f:46:ad', '48:00:b3:5f:72:ef', '48:00:b3:5e:0b:ef'], 'ssids': ['eduroam', 'iotroam', 'iotroam', 'iotroam', 'VU-Campusnet', 'iotroam', 'iotroam'], 'signals': [-73, -59, -67, -55, -64, -62, -73], 'timestamps': [1.7833603970529533e+18, 1.7833603970519534e+18, 1.7833603972169533e+18, 1.7833603972359534e+18, 1.7833603990459535e+18, 1.7833603992439534e+18, 1.7833603999642924e+18], 'frequencies': [2412, 2412, 2437, 2437, 5500, 5540, 5660]}
1 0 0 0 0 0 0 0 1783360401050773237
{'names': ['NU-AP06165', 'NU-AP06163', 'NU-AP06167', 'NU-AP06164', 'NU-AP06163', 'NU-AP06164', 'NU-AP06167'], 'addresses': ['48:00:b3:5e:17:c1', '48:00:b3:5f:46:a0', '48:00:b3:5e:0b:e0', '48:00:b3:5f:72:e0', '48:00:b3:5f:46:ad', '48:00:b3:5f:72:ef', '48:00:b3:5e:0b:ef'], 'ssids': ['eduroam', 'iotroam', 'iotroam', 'iotroam', 'VU-Campusnet', 'iotroam', 'iotroam'], 'signals': [-73, -59, -67, -55, -64, -62, -73], 'timestamps': [1.7833603970529533e+18, 1.7833603970519534e+18, 1.7833603972169533e+18, 1.7833603972359534e+18, 1.7833603990459535e+18, 1.7833603992439534e+18, 1.7833603999642924e+18], 'frequencies': [2412, 2412, 2437, 2437, 5500, 5540, 5660]}
1 0 0 0 1 1 0 0 1783360401131368994
{'names': ['NU-AP06165', 'NU-AP06163', 'NU-AP06167', 'NU-AP06164', 'NU-AP06163', 'NU-AP06164', 'NU-AP06167'], 'addresses': ['48:00:b3:5e:17:c1', '48:00:b3:5f:46:a0', '48:00:b3:5e:0b:e0', '48:00:b3:5f:72:e0', '48:00:b3:5f:46:ad', '48:00:b3:5f:72:ef', '48:00:b3:5e:0b:ef'], 'ssids': ['eduroam', 'iotroam', 'iotroam', 'iotroam', 'VU-Campusnet', 'iotroam', 'iotroam'], 'signals': [-73, -59, -67, -55, -64, -62, -73], 'timestamps': [1.7833603970529533e+18, 1.7833603970519534e+18, 1.7833603972169533e+18, 1.7833603972359534e+18, 1.7833603990459535e+18, 1.7833603992439534e+18, 1.783360399964369e+18], 'frequencies': [2412, 2412, 2437, 2437, 5500, 5540, 5660]}
2 2 1 1 1 1 0 0 1783360401214450652
{'names': ['NU-AP06165', 'NU-AP06163', 'NU-AP06167', 'NU-AP06164', 'NU-AP06163', 'NU-AP06164', 'NU-AP06167'], 'addresses': ['48:00:b3:5e:17:c1', '48:00:b3:5f:46:a0', '48:00:b3:5e:0b:e0', '48:00:b3:5f:72:e0', '48:00:b3:5f:46:ad', '48:00:b3:5f:72:ef', '48:00:b3:5e:0b:ef'], 'ssids': ['eduroam', 'iotroam', 'iotroam', 'iotroam', 'VU-Campusnet', 'iotroam', 'iotroam'], 'signals': [-74, -58, -67, -55, -64, -62, -73], 'timestamps': [1.7833604012064507e+18, 1.7833604012044508e+18, 1.7833603972169533e+18, 1.7833603972359534e+18, 1.7833603990459535e+18, 1.7833603992439534e+18, 1.7833603999644508e+18], 'frequencies': [2412, 2412, 2437, 2437, 5500, 5540, 5660]}
2 2 2 2 0 0 0 0 1783360401355569316
{'names': ['NU-AP06165', 'NU-AP06163', 'NU-AP06167', 'NU-AP06164', 'NU-AP06163', 'NU-AP06164', 'NU-AP06167'], 'addresses': ['48:00:b3:5e:17:c1', '48:00:b3:5f:46:a0', '48:00:b3:5e:0b:e0', '48:00:b3:5f:72:e0', '48:00:b3:5f:46:ad', '48:00:b3:5f:72:ef', '48:00:b3:5e:0b:ef'], 'ssids': ['eduroam', 'iotroam', 'iotroam', 'iotroam', 'VU-Campusnet', 'iotroam', 'iotroam'], 'signals': [-74, -58, -66, -55, -64, -62, -73], 'timestamps': [1.7833604012064507e+18, 1.7833604012044508e+18, 1.7833604013525693e+18, 1.7833604013525693e+18, 1.7833603990459535e+18, 1.7833603992439534e+18, 1.7833603999644508e+18], 'frequencies': [2412, 2412, 2437, 2437, 5500, 5540, 5660]}
2 2 2 2 0 0 0 0 1783360401564211315
{'names': ['NU-AP06165', 'NU-AP06163', 'NU-AP06167', 'NU-AP06164', 'NU-AP06163', 'NU-AP06164', 'NU-AP06167'], 'addresses': ['48:00:b3:5e:17:c1', '48:00:b3:5f:46:a0', '48:00:b3:5e:0b:e0', '48:00:b3:5f:72:e0', '48:00:b3:5f:46:ad', '48:00:b3:5f:72:ef', '48:00:b3:5e:0b:ef'], 'ssids': ['eduroam', 'iotroam', 'iotroam', 'iotroam', 'VU-Campusnet', 'iotroam', 'iotroam'], 'signals': [-74, -58, -66, -55, -64, -62, -73], 'timestamps': [1.7833604012064507e+18, 1.7833604012044508e+18, 1.7833604013532111e+18, 1.7833604013532111e+18, 1.7833603990459535e+18, 1.7833603992439534e+18, 1.7833603999644508e+18], 'frequencies': [2412, 2412, 2437, 2437, 5500, 5540, 5660]}
2 2 2 2 0 0 0 0 1783360401789316359
{'names': ['NU-AP06165', 'NU-AP06163', 'NU-AP06167', 'NU-AP06164', 'NU-AP06163', 'NU-AP06164', 'NU-AP06167'], 'addresses': ['48:00:b3:5e:17:c1', '48:00:b3:5f:46:a0', '48:00:b3:5e:0b:e0', '48:00:b3:5f:72:e0', '48:00:b3:5f:46:ad', '48:00:b3:5f:72:ef', '48:00:b3:5e:0b:ef'], 'ssids': ['eduroam', 'iotroam', 'iotroam', 'iotroam', 'VU-Campusnet', 'iotroam', 'iotroam'], 'signals': [-74, -58, -66, -55, -64, -62, -73], 'timestamps': [1.7833604012064507e+18, 1.7833604012044508e+18, 1.7833604013533164e+18, 1.7833604013533164e+18, 1.7833603990459535e+18, 1.7833603992439534e+18, 1.7833603999644508e+18], 'frequencies': [2412, 2412, 2437, 2437, 5500, 5540, 5660]}
4 4 3 3 1 1 0 0 1783360402281906713
{'names': ['NU-AP06165', 'NU-AP06163', 'NU-AP06167', 'NU-AP06164', 'NU-AP06163', 'NU-AP06164', 'NU-AP06167'], 'addresses': ['48:00:b3:5e:17:c1', '48:00:b3:5f:46:a0', '48:00:b3:5e:0b:e0', '48:00:b3:5f:72:e0', '48:00:b3:5f:46:ad', '48:00:b3:5f:72:ef', '48:00:b3:5e:0b:ef'], 'ssids': ['eduroam', 'iotroam', 'iotroam', 'iotroam', 'VU-Campusnet', 'iotroam', 'iotroam'], 'signals': [-74, -58, -66, -55, -64, -62, -73], 'timestamps': [1.7833604012079068e+18, 1.7833604012059067e+18, 1.7833604013549066e+18, 1.7833604013549066e+18, 1.7833603990459535e+18, 1.7833603992439534e+18, 1.7833603999659067e+18], 'frequencies': [2412, 2412, 2437, 2437, 5500, 5540, 5660]}
