1 1 0 0 1 1 1 1 1783358625320295030
{'names': ['NU-AP06165'], 'addresses': ['48:00:b3:5e:17:c0'], 'ssids': ['iotroam'], 'signals': [-73], 'timestamps': [1.783358625312295e+18], 'frequencies': [2412]}
0 0 0 0 1 1 1 1 1783358625366235195
{'names': ['NU-AP06165'], 'addresses': ['48:00:b3:5e:17:c0'], 'ssids': ['iotroam'], 'signals': [-73], 'timestamps': [1.783358625312295e+18], 'frequencies': [2412]}
0 0 0 0 1 1 1 1 1783358625411075224
{'names': ['NU-AP06165'], 'addresses': ['48:00:b3:5e:17:c0'], 'ssids': ['iotroam'], 'signals': [-73], 'timestamps': [1.783358625312295e+18], 'frequencies': [2412]}
3 3 2 2 1 1 1 1 1783358625471598898
{'names': ['NU-AP06165', 'NU-AP06167', 'NU-AP06164'], 'addresses': ['48:00:b3:5e:17:c0', '48:00:b3:5e:0b:e0', '48:00:b3:5f:72:e0'], 'ssids': ['iotroam', 'iotroam', 'iotroam'], 'signals': [-73, -65, -56], 'timestamps': [1.783358625313599e+18, 1.783358625466599e+18, 1.783358625466599e+18], 'frequencies': [2412, 2437, 2437]}
0 0 0 0 1 1 1 1 1783358625558329076
{'names': ['NU-AP06165', 'NU-AP06167', 'NU-AP06164'], 'addresses': ['48:00:b3:5e:17:c0', '48:00:b3:5e:0b:e0', '48:00:b3:5f:72:e0'], 'ssids': ['iotroam', 'iotroam', 'iotroam'], 'signals': [-73, -65, -56], 'timestamps': [1.783358625313599e+18, 1.783358625466599e+18, 1.783358625466599e+18], 'frequencies': [2412, 2437, 2437]}
0 0 0 0 1 1 1 1 1783358625612562279
{'names': ['NU-AP06165', 'NU-AP06167', 'NU-AP06164'], 'addresses': ['48:00:b3:5e:17:c0', '48:00:b3:5e:0b:e0', '48:00:b3:5f:72:e0'], 'ssids': ['iotroam', 'iotroam', 'iotroam'], 'signals': [-73, -65, -56], 'timestamps': [1.783358625313599e+18, 1.783358625466599e+18, 1.783358625466599e+18], 'frequencies': [2412, 2437, 2437]}
1 1 0 0 1 1 1 1 1783358625660671026
{'names': ['NU-AP06165', 'NU-AP06167', 'NU-AP06164', 'NU-AP06162'], 'addresses': ['48:00:b3:5e:17:c0', '48:00:b3:5e:0b:e0', '48:00:b3:5f:72:e0', '48:00:b3:5a:90:80'], 'ssids': ['iotroam', 'iotroam', 'iotroam', 'iotroam'], 'signals': [-73, -65, -56, -79], 'timestamps': [1.783358625313599e+18, 1.783358625466599e+18, 1.783358625466599e+18, 1.783358625626671e+18], 'frequencies': [2412, 2437, 2437, 2462]}
1 1 0 0 1 1 1 1 1783358625716686466
{'names': ['NU-AP06165', 'NU-AP06167', 'NU-AP06164', 'NU-AP06162'], 'addresses': ['48:00:b3:5e:17:c0', '48:00:b3:5e:0b:e0', '48:00:b3:5f:72:e0', '48:00:b3:5a:90:80'], 'ssids': ['iotroam', 'iotroam', 'iotroam', 'iotroam'], 'signals': [-73, -65, -56, -79], 'timestamps': [1.783358625313599e+18, 1.783358625466599e+18, 1.783358625466599e+18, 1.7833586256266865e+18], 'frequencies': [2412, 2437, 2437, 2462]}
1 1 0 0 1 1 1 1 1783358625771784624
{'names': ['NU-AP06165', 'NU-AP06167', 'NU-AP06164', 'NU-AP06162'], 'addresses': ['48:00:b3:5e:17:c0', '48:00:b3:5e:0b:e0', '48:00:b3:5f:72:e0', '48:00:b3:5a:90:80'], 'ssids': ['iotroam', 'iotroam', 'iotroam', 'iotroam'], 'signals': [-73, -65, -56, -79], 'timestamps': [1.783358625313599e+18, 1.783358625466599e+18, 1.783358625466599e+18, 1.7833586256267848e+18], 'frequencies': [2412, 2437, 2437, 2462]}
0 0 0 0 1 1 1 1 1783358625828455409
{'names': ['NU-AP06165', 'NU-AP06167', 'NU-AP06164', 'NU-AP06162'], 'addresses': ['48:00:b3:5e:17:c0', '48:00:b3:5e:0b:e0', '48:00:b3:5f:72:e0', '48:00:b3:5a:90:80'], 'ssids': ['iotroam', 'iotroam', 'iotroam', 'iotroam'], 'signals': [-73, -65, -56, -79], 'timestamps': [1.783358625313599e+18, 1.783358625466599e+18, 1.783358625466599e+18, 1.7833586256267848e+18], 'frequencies': [2412, 2437, 2437, 2462]}
1 1 0 0 1 1 1 1 1783358625884804506
{'names': ['NU-AP06165', 'NU-AP06167', 'NU-AP06164', 'NU-AP06162'], 'addresses': ['48:00:b3:5e:17:c0', '48:00:b3:5e:0b:e0', '48:00:b3:5f:72:e0', '48:00:b3:5a:90:80'], 'ssids': ['iotroam', 'iotroam', 'iotroam', 'iotroam'], 'signals': [-73, -65, -56, -79], 'timestamps': [1.783358625313599e+18, 1.783358625466599e+18, 1.783358625466599e+18, 1.7833586256268047e+18], 'frequencies': [2412, 2437, 2437, 2462]}
0 0 0 0 1 1 1 1 1783358625941789868
{'names': ['NU-AP06165', 'NU-AP06167', 'NU-AP06164', 'NU-AP06162'], 'addresses': ['48:00:b3:5e:17:c0', '48:00:b3:5e:0b:e0', '48:00:b3:5f:72:e0', '48:00:b3:5a:90:80'], 'ssids': ['iotroam', 'iotroam', 'iotroam', 'iotroam'], 'signals': [-73, -65, -56, -79], 'timestamps': [1.783358625313599e+18, 1.783358625466599e+18, 1.783358625466599e+18, 1.7833586256268047e+18], 'frequencies': [2412, 2437, 2437, 2462]}
1 1 0 0 1 1 1 1 1783358625998282441
{'names': ['NU-AP06165', 'NU-AP06167', 'NU-AP06164', 'NU-AP06162'], 'addresses': ['48:00:b3:5e:17:c0', '48:00:b3:5e:0b:e0', '48:00:b3:5f:72:e0', '48:00:b3:5a:90:80'], 'ssids': ['iotroam', 'iotroam', 'iotroam', 'iotroam'], 'signals': [-73, -65, -56, -79], 'timestamps': [1.783358625313599e+18, 1.783358625466599e+18, 1.783358625466599e+18, 1.7833586256272824e+18], 'frequencies': [2412, 2437, 2437, 2462]}
0 0 0 0 1 1 1 1 1783358626052662324
{'names': ['NU-AP06165', 'NU-AP06167', 'NU-AP06164', 'NU-AP06162'], 'addresses': ['48:00:b3:5e:17:c0', '48:00:b3:5e:0b:e0', '48:00:b3:5f:72:e0', '48:00:b3:5a:90:80'], 'ssids': ['iotroam', 'iotroam', 'iotroam', 'iotroam'], 'signals': [-73, -65, -56, -79], 'timestamps': [1.783358625313599e+18, 1.783358625466599e+18, 1.783358625466599e+18, 1.7833586256272824e+18], 'frequencies': [2412, 2437, 2437, 2462]}
0 0 0 0 1 1 1 1 1783358626106418416
{'names': ['NU-AP06165', 'NU-AP06167', 'NU-AP06164', 'NU-AP06162'], 'addresses': ['48:00:b3:5e:17:c0', '48:00:b3:5e:0b:e0', '48:00:b3:5f:72:e0', '48:00:b3:5a:90:80'], 'ssids': ['iotroam', 'iotroam', 'iotroam', 'iotroam'], 'signals': [-73, -65, -56, -79], 'timestamps': [1.783358625313599e+18, 1.783358625466599e+18, 1.783358625466599e+18, 1.7833586256272824e+18], 'frequencies': [2412, 2437, 2437, 2462]}
0 0 0 0 1 1 1 1 1783358626161844766
{'names': ['NU-AP06165', 'NU-AP06167', 'NU-AP06164', 'NU-AP06162'], 'addresses': ['48:00:b3:5e:17:c0', '48:00:b3:5e:0b:e0', '48:00:b3:5f:72:e0', '48:00:b3:5a:90:80'], 'ssids': ['iotroam', 'iotroam', 'iotroam', 'iotroam'], 'signals': [-73, -65, -56, -79], 'timestamps': [1.783358625313599e+18, 1.783358625466599e+18, 1.783358625466599e+18, 1.7833586256272824e+18], 'frequencies': [2412, 2437, 2437, 2462]}
0 0 0 0 1 1 1 1 1783358626217368203
{'names': ['NU-AP06165', 'NU-AP06167', 'NU-AP06164', 'NU-AP06162'], 'addresses': ['48:00:b3:5e:17:c0', '48:00:b3:5e:0b:e0', '48:00:b3:5f:72:e0', '48:00:b3:5a:90:80'], 'ssids': ['iotroam', 'iotroam', 'iotroam', 'iotroam'], 'signals': [-73, -65, -56, -79], 'timestamps': [1.783358625313599e+18, 1.783358625466599e+18, 1.783358625466599e+18, 1.7833586256272824e+18], 'frequencies': [2412, 2437, 2437, 2462]}
0 0 0 0 1 1 1 1 1783358626272090856
{'names': ['NU-AP06165', 'NU-AP06167', 'NU-AP06164', 'NU-AP06162'], 'addresses': ['48:00:b3:5e:17:c0', '48:00:b3:5e:0b:e0', '48:00:b3:5f:72:e0', '48:00:b3:5a:90:80'], 'ssids': ['iotroam', 'iotroam', 'iotroam', 'iotroam'], 'signals': [-73, -65, -56, -79], 'timestamps': [1.783358625313599e+18, 1.783358625466599e+18, 1.783358625466599e+18, 1.7833586256272824e+18], 'frequencies': [2412, 2437, 2437, 2462]}
0 0 0 0 1 1 1 1 1783358626328151478
{'names': ['NU-AP06165', 'NU-AP06167', 'NU-AP06164', 'NU-AP06162'], 'addresses': ['48:00:b3:5e:17:c0', '48:00:b3:5e:0b:e0', '48:00:b3:5f:72:e0', '48:00:b3:5a:90:80'], 'ssids': ['iotroam', 'iotroam', 'iotroam', 'iotroam'], 'signals': [-73, -65, -56, -79], 'timestamps': [1.783358625313599e+18, 1.783358625466599e+18, 1.783358625466599e+18, 1.7833586256272824e+18], 'frequencies': [2412, 2437, 2437, 2462]}
0 0 0 0 1 1 1 1 1783358626382917400
{'names': ['NU-AP06165', 'NU-AP06167', 'NU-AP06164', 'NU-AP06162'], 'addresses': ['48:00:b3:5e:17:c0', '48:00:b3:5e:0b:e0', '48:00:b3:5f:72:e0', '48:00:b3:5a:90:80'], 'ssids': ['iotroam', 'iotroam', 'iotroam', 'iotroam'], 'signals': [-73, -65, -56, -79], 'timestamps': [1.783358625313599e+18, 1.783358625466599e+18, 1.783358625466599e+18, 1.7833586256272824e+18], 'frequencies': [2412, 2437, 2437, 2462]}
0 0 0 0 1 1 1 1 1783358626437977270
{'names': ['NU-AP06165', 'NU-AP06167', 'NU-AP06164', 'NU-AP06162'], 'addresses': ['48:00:b3:5e:17:c0', '48:00:b3:5e:0b:e0', '48:00:b3:5f:72:e0', '48:00:b3:5a:90:80'], 'ssids': ['iotroam', 'iotroam', 'iotroam', 'iotroam'], 'signals': [-73, -65, -56, -79], 'timestamps': [1.783358625313599e+18, 1.783358625466599e+18, 1.783358625466599e+18, 1.7833586256272824e+18], 'frequencies': [2412, 2437, 2437, 2462]}
0 0 0 0 1 1 1 1 1783358626493602417
{'names': ['NU-AP06165', 'NU-AP06167', 'NU-AP06164', 'NU-AP06162'], 'addresses': ['48:00:b3:5e:17:c0', '48:00:b3:5e:0b:e0', '48:00:b3:5f:72:e0', '48:00:b3:5a:90:80'], 'ssids': ['iotroam', 'iotroam', 'iotroam', 'iotroam'], 'signals': [-73, -65, -56, -79], 'timestamps': [1.783358625313599e+18, 1.783358625466599e+18, 1.783358625466599e+18, 1.7833586256272824e+18], 'frequencies': [2412, 2437, 2437, 2462]}
0 0 0 0 1 1 1 1 1783358626548767052
{'names': ['NU-AP06165', 'NU-AP06167', 'NU-AP06164', 'NU-AP06162'], 'addresses': ['48:00:b3:5e:17:c0', '48:00:b3:5e:0b:e0', '48:00:b3:5f:72:e0', '48:00:b3:5a:90:80'], 'ssids': ['iotroam', 'iotroam', 'iotroam', 'iotroam'], 'signals': [-73, -65, -56, -79], 'timestamps': [1.783358625313599e+18, 1.783358625466599e+18, 1.783358625466599e+18, 1.7833586256272824e+18], 'frequencies': [2412, 2437, 2437, 2462]}
0 0 0 0 1 1 1 1 1783358626603251341
{'names': ['NU-AP06165', 'NU-AP06167', 'NU-AP06164', 'NU-AP06162'], 'addresses': ['48:00:b3:5e:17:c0', '48:00:b3:5e:0b:e0', '48:00:b3:5f:72:e0', '48:00:b3:5a:90:80'], 'ssids': ['iotroam', 'iotroam', 'iotroam', 'iotroam'], 'signals': [-73, -65, -56, -79], 'timestamps': [1.783358625313599e+18, 1.783358625466599e+18, 1.783358625466599e+18, 1.7833586256272824e+18], 'frequencies': [2412, 2437, 2437, 2462]}
0 0 0 0 1 1 1 1 1783358626658072141
{'names': ['NU-AP06165', 'NU-AP06167', 'NU-AP06164', 'NU-AP06162'], 'addresses': ['48:00:b3:5e:17:c0', '48:00:b3:5e:0b:e0', '48:00:b3:5f:72:e0', '48:00:b3:5a:90:80'], 'ssids': ['iotroam', 'iotroam', 'iotroam', 'iotroam'], 'signals': [-73, -65, -56, -79], 'timestamps': [1.783358625313599e+18, 1.783358625466599e+18, 1.783358625466599e+18, 1.7833586256272824e+18], 'frequencies': [2412, 2437, 2437, 2462]}
0 0 0 0 1 1 1 1 1783358626714026055
{'names': ['NU-AP06165', 'NU-AP06167', 'NU-AP06164', 'NU-AP06162'], 'addresses': ['48:00:b3:5e:17:c0', '48:00:b3:5e:0b:e0', '48:00:b3:5f:72:e0', '48:00:b3:5a:90:80'], 'ssids': ['iotroam', 'iotroam', 'iotroam', 'iotroam'], 'signals': [-73, -65, -56, -79], 'timestamps': [1.783358625313599e+18, 1.783358625466599e+18, 1.783358625466599e+18, 1.7833586256272824e+18], 'frequencies': [2412, 2437, 2437, 2462]}
0 0 0 0 1 1 1 1 1783358626768007077
{'names': ['NU-AP06165', 'NU-AP06167', 'NU-AP06164', 'NU-AP06162'], 'addresses': ['48:00:b3:5e:17:c0', '48:00:b3:5e:0b:e0', '48:00:b3:5f:72:e0', '48:00:b3:5a:90:80'], 'ssids': ['iotroam', 'iotroam', 'iotroam', 'iotroam'], 'signals': [-73, -65, -56, -79], 'timestamps': [1.783358625313599e+18, 1.783358625466599e+18, 1.783358625466599e+18, 1.7833586256272824e+18], 'frequencies': [2412, 2437, 2437, 2462]}
0 0 0 0 1 1 1 1 1783358626827804837
{'names': ['NU-AP06165', 'NU-AP06167', 'NU-AP06164', 'NU-AP06162'], 'addresses': ['48:00:b3:5e:17:c0', '48:00:b3:5e:0b:e0', '48:00:b3:5f:72:e0', '48:00:b3:5a:90:80'], 'ssids': ['iotroam', 'iotroam', 'iotroam', 'iotroam'], 'signals': [-73, -65, -56, -79], 'timestamps': [1.783358625313599e+18, 1.783358625466599e+18, 1.783358625466599e+18, 1.7833586256272824e+18], 'frequencies': [2412, 2437, 2437, 2462]}
0 0 0 0 1 1 1 1 1783358626883655238
{'names': ['NU-AP06165', 'NU-AP06167', 'NU-AP06164', 'NU-AP06162'], 'addresses': ['48:00:b3:5e:17:c0', '48:00:b3:5e:0b:e0', '48:00:b3:5f:72:e0', '48:00:b3:5a:90:80'], 'ssids': ['iotroam', 'iotroam', 'iotroam', 'iotroam'], 'signals': [-73, -65, -56, -79], 'timestamps': [1.783358625313599e+18, 1.783358625466599e+18, 1.783358625466599e+18, 1.7833586256272824e+18], 'frequencies': [2412, 2437, 2437, 2462]}
0 0 0 0 1 1 1 1 1783358626938457526
{'names': ['NU-AP06165', 'NU-AP06167', 'NU-AP06164', 'NU-AP06162'], 'addresses': ['48:00:b3:5e:17:c0', '48:00:b3:5e:0b:e0', '48:00:b3:5f:72:e0', '48:00:b3:5a:90:80'], 'ssids': ['iotroam', 'iotroam', 'iotroam', 'iotroam'], 'signals': [-73, -65, -56, -79], 'timestamps': [1.783358625313599e+18, 1.783358625466599e+18, 1.783358625466599e+18, 1.7833586256272824e+18], 'frequencies': [2412, 2437, 2437, 2462]}
0 0 0 0 1 1 1 1 1783358626993516217
{'names': ['NU-AP06165', 'NU-AP06167', 'NU-AP06164', 'NU-AP06162'], 'addresses': ['48:00:b3:5e:17:c0', '48:00:b3:5e:0b:e0', '48:00:b3:5f:72:e0', '48:00:b3:5a:90:80'], 'ssids': ['iotroam', 'iotroam', 'iotroam', 'iotroam'], 'signals': [-73, -65, -56, -79], 'timestamps': [1.783358625313599e+18, 1.783358625466599e+18, 1.783358625466599e+18, 1.7833586256272824e+18], 'frequencies': [2412, 2437, 2437, 2462]}
0 0 0 0 1 1 1 1 1783358627049158905
{'names': ['NU-AP06165', 'NU-AP06167', 'NU-AP06164', 'NU-AP06162'], 'addresses': ['48:00:b3:5e:17:c0', '48:00:b3:5e:0b:e0', '48:00:b3:5f:72:e0', '48:00:b3:5a:90:80'], 'ssids': ['iotroam', 'iotroam', 'iotroam', 'iotroam'], 'signals': [-73, -65, -56, -79], 'timestamps': [1.783358625313599e+18, 1.783358625466599e+18, 1.783358625466599e+18, 1.7833586256272824e+18], 'frequencies': [2412, 2437, 2437, 2462]}
1 1 0 0 1 1 1 1 1783358627104364063
{'names': ['NU-AP06165', 'NU-AP06167', 'NU-AP06164', 'NU-AP06162'], 'addresses': ['48:00:b3:5e:17:c0', '48:00:b3:5e:0b:e0', '48:00:b3:5f:72:e0', '48:00:b3:5a:90:80'], 'ssids': ['iotroam', 'iotroam', 'iotroam', 'iotroam'], 'signals': [-73, -65, -56, -79], 'timestamps': [1.783358625313599e+18, 1.783358625466599e+18, 1.783358625466599e+18, 1.783358625627364e+18], 'frequencies': [2412, 2437, 2437, 2462]}
0 0 0 0 1 1 1 1 1783358627161651252
{'names': ['NU-AP06165', 'NU-AP06167', 'NU-AP06164', 'NU-AP06162', 'NU-AP06163'], 'addresses': ['48:00:b3:5e:17:c0', '48:00:b3:5e:0b:e0', '48:00:b3:5f:72:e0', '48:00:b3:5a:90:80', '48:00:b3:5f:46:ad'], 'ssids': ['iotroam', 'iotroam', 'iotroam', 'iotroam', 'VU-Campusnet'], 'signals': [-73, -65, -56, -79, -59], 'timestamps': [1.783358625313599e+18, 1.783358625466599e+18, 1.783358625466599e+18, 1.783358625627364e+18, 1.7833586271106511e+18], 'frequencies': [2412, 2437, 2437, 2462, 5500]}
0 0 0 0 1 1 1 1 1783358627328036563
{'names': ['NU-AP06165', 'NU-AP06167', 'NU-AP06164', 'NU-AP06162', 'NU-AP06163'], 'addresses': ['48:00:b3:5e:17:c0', '48:00:b3:5e:0b:e0', '48:00:b3:5f:72:e0', '48:00:b3:5a:90:80', '48:00:b3:5f:46:ad'], 'ssids': ['iotroam', 'iotroam', 'iotroam', 'iotroam', 'VU-Campusnet'], 'signals': [-73, -65, -56, -79, -59], 'timestamps': [1.783358625313599e+18, 1.783358625466599e+18, 1.783358625466599e+18, 1.783358625627364e+18, 1.7833586271110367e+18], 'frequencies': [2412, 2437, 2437, 2462, 5500]}
0 0 0 0 1 1 1 1 1783358627382602725
{'names': ['NU-AP06165', 'NU-AP06167', 'NU-AP06164', 'NU-AP06162', 'NU-AP06163', 'NU-AP06164'], 'addresses': ['48:00:b3:5e:17:c0', '48:00:b3:5e:0b:e0', '48:00:b3:5f:72:e0', '48:00:b3:5a:90:80', '48:00:b3:5f:46:ad', '48:00:b3:5f:72:ef'], 'ssids': ['iotroam', 'iotroam', 'iotroam', 'iotroam', 'VU-Campusnet', 'iotroam'], 'signals': [-73, -65, -56, -79, -59, -64], 'timestamps': [1.783358625313599e+18, 1.783358625466599e+18, 1.783358625466599e+18, 1.783358625627364e+18, 1.7833586271110367e+18, 1.7833586273556027e+18], 'frequencies': [2412, 2437, 2437, 2462, 5500, 5540]}
4 4 2 2 2 2 2 2 1783358627446382631
{'names': ['NU-AP06165', 'NU-AP06167', 'NU-AP06164', 'NU-AP06162', 'NU-AP06163', 'NU-AP06164'], 'addresses': ['48:00:b3:5e:17:c0', '48:00:b3:5e:0b:e0', '48:00:b3:5f:72:e0', '48:00:b3:5a:90:80', '48:00:b3:5f:46:ad', '48:00:b3:5f:72:ef'], 'ssids': ['iotroam', 'iotroam', 'iotroam', 'iotroam', 'VU-Campusnet', 'iotroam'], 'signals': [-73, -65, -56, -79, -59, -64], 'timestamps': [1.7833586253143826e+18, 1.7833586254673825e+18, 1.7833586254673825e+18, 1.7833586256283827e+18, 1.7833586271123825e+18, 1.7833586273573827e+18], 'frequencies': [2412, 2437, 2437, 2462, 5500, 5540]}
0 0 0 0 1 1 0 0 1783358628279101177
{'names': ['NU-AP06165', 'NU-AP06167', 'NU-AP06164', 'NU-AP06162', 'NU-AP06163', 'NU-AP06164', 'NU-AP06167'], 'addresses': ['48:00:b3:5e:17:c0', '48:00:b3:5e:0b:e0', '48:00:b3:5f:72:e0', '48:00:b3:5a:90:80', '48:00:b3:5f:46:ad', '48:00:b3:5f:72:ef', '48:00:b3:5e:0b:ef'], 'ssids': ['iotroam', 'iotroam', 'iotroam', 'iotroam', 'VU-Campusnet', 'iotroam', 'iotroam'], 'signals': [-73, -65, -56, -79, -59, -64, -72], 'timestamps': [1.7833586253143826e+18, 1.7833586254673825e+18, 1.7833586254673825e+18, 1.7833586256283827e+18, 1.7833586271123825e+18, 1.7833586273573827e+18, 1.783358628256101e+18], 'frequencies': [2412, 2437, 2437, 2462, 5500, 5540, 5660]}
0 0 0 0 1 1 0 0 1783358628406443299
{'names': ['NU-AP06165', 'NU-AP06167', 'NU-AP06164', 'NU-AP06162', 'NU-AP06163', 'NU-AP06164', 'NU-AP06167'], 'addresses': ['48:00:b3:5e:17:c0', '48:00:b3:5e:0b:e0', '48:00:b3:5f:72:e0', '48:00:b3:5a:90:80', '48:00:b3:5f:46:ad', '48:00:b3:5f:72:ef', '48:00:b3:5e:0b:ef'], 'ssids': ['iotroam', 'iotroam', 'iotroam', 'iotroam', 'VU-Campusnet', 'iotroam', 'iotroam'], 'signals': [-73, -65, -56, -79, -59, -64, -72], 'timestamps': [1.7833586253143826e+18, 1.7833586254673825e+18, 1.7833586254673825e+18, 1.7833586256283827e+18, 1.7833586271123825e+18, 1.7833586273573827e+18, 1.7833586282564434e+18], 'frequencies': [2412, 2437, 2437, 2462, 5500, 5540, 5660]}
0 0 0 0 1 1 0 0 1783358628501970635
{'names': ['NU-AP06165', 'NU-AP06167', 'NU-AP06164', 'NU-AP06162', 'NU-AP06163', 'NU-AP06164', 'NU-AP06167'], 'addresses': ['48:00:b3:5e:17:c0', '48:00:b3:5e:0b:e0', '48:00:b3:5f:72:e0', '48:00:b3:5a:90:80', '48:00:b3:5f:46:ad', '48:00:b3:5f:72:ef', '48:00:b3:5e:0b:ef'], 'ssids': ['iotroam', 'iotroam', 'iotroam', 'iotroam', 'VU-Campusnet', 'iotroam', 'iotroam'], 'signals': [-73, -65, -56, -79, -59, -64, -72], 'timestamps': [1.7833586253143826e+18, 1.7833586254673825e+18, 1.7833586254673825e+18, 1.7833586256283827e+18, 1.7833586271123825e+18, 1.7833586273573827e+18, 1.7833586282569708e+18], 'frequencies': [2412, 2437, 2437, 2462, 5500, 5540, 5660]}
1 1 0 0 0 0 0 0 1783358629592858946
{'names': ['NU-AP06165', 'NU-AP06167', 'NU-AP06164', 'NU-AP06162', 'NU-AP06163', 'NU-AP06164', 'NU-AP06167'], 'addresses': ['48:00:b3:5e:17:c0', '48:00:b3:5e:0b:e0', '48:00:b3:5f:72:e0', '48:00:b3:5a:90:80', '48:00:b3:5f:46:ad', '48:00:b3:5f:72:ef', '48:00:b3:5e:0b:ef'], 'ssids': ['iotroam', 'iotroam', 'iotroam', 'iotroam', 'VU-Campusnet', 'iotroam', 'iotroam'], 'signals': [-73, -65, -56, -79, -59, -64, -72], 'timestamps': [1.7833586295828588e+18, 1.7833586254673825e+18, 1.7833586254673825e+18, 1.7833586256283827e+18, 1.7833586271123825e+18, 1.7833586273573827e+18, 1.7833586282569708e+18], 'frequencies': [2412, 2437, 2437, 2462, 5500, 5540, 5660]}
3 3 2 2 0 0 0 0 1783358629741723397
{'names': ['NU-AP06165', 'NU-AP06167', 'NU-AP06164', 'NU-AP06162', 'NU-AP06163', 'NU-AP06164', 'NU-AP06167'], 'addresses': ['48:00:b3:5e:17:c0', '48:00:b3:5e:0b:e0', '48:00:b3:5f:72:e0', '48:00:b3:5a:90:80', '48:00:b3:5f:46:ad', '48:00:b3:5f:72:ef', '48:00:b3:5e:0b:ef'], 'ssids': ['iotroam', 'iotroam', 'iotroam', 'iotroam', 'VU-Campusnet', 'iotroam', 'iotroam'], 'signals': [-73, -64, -56, -79, -59, -64, -72], 'timestamps': [1.7833586295837235e+18, 1.7833586297297234e+18, 1.7833586297297234e+18, 1.7833586256283827e+18, 1.7833586271123825e+18, 1.7833586273573827e+18, 1.7833586282569708e+18], 'frequencies': [2412, 2437, 2437, 2462, 5500, 5540, 5660]}
5 5 3 3 1 1 0 0 1783358629934978083
{'names': ['NU-AP06165', 'NU-AP06167', 'NU-AP06164', 'NU-AP06162', 'NU-AP06163', 'NU-AP06164', 'NU-AP06167', 'NU-AP06163'], 'addresses': ['48:00:b3:5e:17:c0', '48:00:b3:5e:0b:e0', '48:00:b3:5f:72:e0', '48:00:b3:5a:90:80', '48:00:b3:5f:46:ad', '48:00:b3:5f:72:ef', '48:00:b3:5e:0b:ef', '48:00:b3:5f:46:a0'], 'ssids': ['iotroam', 'iotroam', 'iotroam', 'iotroam', 'VU-Campusnet', 'iotroam', 'iotroam', 'iotroam'], 'signals': [-73, -64, -56, -80, -59, -64, -72, -55], 'timestamps': [1.783358629583978e+18, 1.783358629729978e+18, 1.783358629729978e+18, 1.783358629893978e+18, 1.7833586271123825e+18, 1.7833586273573827e+18, 1.783358628256978e+18, 1.783358629890978e+18], 'frequencies': [2412, 2437, 2437, 2462, 5500, 5540, 5660, 2462]}
5 5 3 3 1 1 0 0 1783358630088068864
{'names': ['NU-AP06165', 'NU-AP06167', 'NU-AP06164', 'NU-AP06162', 'NU-AP06163', 'NU-AP06164', 'NU-AP06167', 'NU-AP06163'], 'addresses': ['48:00:b3:5e:17:c0', '48:00:b3:5e:0b:e0', '48:00:b3:5f:72:e0', '48:00:b3:5a:90:80', '48:00:b3:5f:46:ad', '48:00:b3:5f:72:ef', '48:00:b3:5e:0b:ef', '48:00:b3:5f:46:a0'], 'ssids': ['iotroam', 'iotroam', 'iotroam', 'iotroam', 'VU-Campusnet', 'iotroam', 'iotroam', 'iotroam'], 'signals': [-73, -64, -56, -80, -59, -64, -72, -55], 'timestamps': [1.7833586295840689e+18, 1.783358629730069e+18, 1.783358629730069e+18, 1.7833586298940687e+18, 1.7833586271123825e+18, 1.7833586273573827e+18, 1.7833586282570688e+18, 1.783358629891069e+18], 'frequencies': [2412, 2437, 2437, 2462, 5500, 5540, 5660, 2462]}
0 0 0 0 1 1 1 1 1783358631470086810
{'names': ['NU-AP06165', 'NU-AP06167', 'NU-AP06164', 'NU-AP06162', 'NU-AP06163', 'NU-AP06164', 'NU-AP06167', 'NU-AP06163'], 'addresses': ['48:00:b3:5e:17:c0', '48:00:b3:5e:0b:e0', '48:00:b3:5f:72:e0', '48:00:b3:5a:90:80', '48:00:b3:5f:46:ae', '48:00:b3:5f:72:ef', '48:00:b3:5e:0b:ef', '48:00:b3:5f:46:a0'], 'ssids': ['iotroam', 'iotroam', 'iotroam', 'iotroam', 'eduroam', 'iotroam', 'iotroam', 'iotroam'], 'signals': [-73, -64, -56, -80, -59, -64, -72, -55], 'timestamps': [1.7833586295840689e+18, 1.783358629730069e+18, 1.783358629730069e+18, 1.7833586298940687e+18, 1.7833586314110868e+18, 1.7833586273573827e+18, 1.7833586282570688e+18, 1.783358629891069e+18], 'frequencies': [2412, 2437, 2437, 2462, 5500, 5540, 5660, 2462]}
0 0 0 0 1 1 1 1 1783358631535211161
{'names': ['NU-AP06165', 'NU-AP06167', 'NU-AP06164', 'NU-AP06162', 'NU-AP06163', 'NU-AP06164', 'NU-AP06167', 'NU-AP06163'], 'addresses': ['48:00:b3:5e:17:c0', '48:00:b3:5e:0b:e0', '48:00:b3:5f:72:e0', '48:00:b3:5a:90:80', '48:00:b3:5f:46:ae', '48:00:b3:5f:72:ef', '48:00:b3:5e:0b:ef', '48:00:b3:5f:46:a0'], 'ssids': ['iotroam', 'iotroam', 'iotroam', 'iotroam', 'eduroam', 'iotroam', 'iotroam', 'iotroam'], 'signals': [-73, -64, -56, -80, -59, -64, -72, -55], 'timestamps': [1.7833586295840689e+18, 1.783358629730069e+18, 1.783358629730069e+18, 1.7833586298940687e+18, 1.7833586314112113e+18, 1.7833586273573827e+18, 1.7833586282570688e+18, 1.783358629891069e+18], 'frequencies': [2412, 2437, 2437, 2462, 5500, 5540, 5660, 2462]}
0 0 0 0 1 1 1 1 1783358631667008193
{'names': ['NU-AP06165', 'NU-AP06167', 'NU-AP06164', 'NU-AP06162', 'NU-AP06163', 'NU-AP06164', 'NU-AP06167', 'NU-AP06163'], 'addresses': ['48:00:b3:5e:17:c0', '48:00:b3:5e:0b:e0', '48:00:b3:5f:72:e0', '48:00:b3:5a:90:80', '48:00:b3:5f:46:ae', '48:00:b3:5f:72:ef', '48:00:b3:5e:0b:ef', '48:00:b3:5f:46:a0'], 'ssids': ['iotroam', 'iotroam', 'iotroam', 'iotroam', 'eduroam', 'iotroam', 'iotroam', 'iotroam'], 'signals': [-73, -64, -56, -80, -59, -65, -72, -55], 'timestamps': [1.7833586295840689e+18, 1.783358629730069e+18, 1.783358629730069e+18, 1.7833586298940687e+18, 1.7833586314112113e+18, 1.7833586316100083e+18, 1.7833586282570688e+18, 1.783358629891069e+18], 'frequencies': [2412, 2437, 2437, 2462, 5500, 5540, 5660, 2462]}
0 0 0 0 1 1 1 1 1783358631733090857
{'names': ['NU-AP06165', 'NU-AP06167', 'NU-AP06164', 'NU-AP06162', 'NU-AP06163', 'NU-AP06164', 'NU-AP06167', 'NU-AP06163'], 'addresses': ['48:00:b3:5e:17:c0', '48:00:b3:5e:0b:e0', '48:00:b3:5f:72:e0', '48:00:b3:5a:90:80', '48:00:b3:5f:46:ae', '48:00:b3:5f:72:ef', '48:00:b3:5e:0b:ef', '48:00:b3:5f:46:a0'], 'ssids': ['iotroam', 'iotroam', 'iotroam', 'iotroam', 'eduroam', 'iotroam', 'iotroam', 'iotroam'], 'signals': [-73, -64, -56, -80, -59, -65, -72, -55], 'timestamps': [1.7833586295840689e+18, 1.783358629730069e+18, 1.783358629730069e+18, 1.7833586298940687e+18, 1.7833586314112113e+18, 1.7833586316100908e+18, 1.7833586282570688e+18, 1.783358629891069e+18], 'frequencies': [2412, 2437, 2437, 2462, 5500, 5540, 5660, 2462]}
0 0 0 0 1 1 1 1 1783358631798098313
{'names': ['NU-AP06165', 'NU-AP06167', 'NU-AP06164', 'NU-AP06162', 'NU-AP06163', 'NU-AP06164', 'NU-AP06167', 'NU-AP06163'], 'addresses': ['48:00:b3:5e:17:c0', '48:00:b3:5e:0b:e0', '48:00:b3:5f:72:e0', '48:00:b3:5a:90:80', '48:00:b3:5f:46:ae', '48:00:b3:5f:72:ef', '48:00:b3:5e:0b:ef', '48:00:b3:5f:46:a0'], 'ssids': ['iotroam', 'iotroam', 'iotroam', 'iotroam', 'eduroam', 'iotroam', 'iotroam', 'iotroam'], 'signals': [-73, -64, -56, -80, -59, -65, -72, -55], 'timestamps': [1.7833586295840689e+18, 1.783358629730069e+18, 1.783358629730069e+18, 1.7833586298940687e+18, 1.7833586314112113e+18, 1.7833586316100984e+18, 1.7833586282570688e+18, 1.783358629891069e+18], 'frequencies': [2412, 2437, 2437, 2462, 5500, 5540, 5660, 2462]}
0 0 0 0 2 2 2 2 1783358631864426080
{'names': ['NU-AP06165', 'NU-AP06167', 'NU-AP06164', 'NU-AP06162', 'NU-AP06163', 'NU-AP06164', 'NU-AP06167', 'NU-AP06163'], 'addresses': ['48:00:b3:5e:17:c0', '48:00:b3:5e:0b:e0', '48:00:b3:5f:72:e0', '48:00:b3:5a:90:80', '48:00:b3:5f:46:ae', '48:00:b3:5f:72:ef', '48:00:b3:5e:0b:ef', '48:00:b3:5f:46:a0'], 'ssids': ['iotroam', 'iotroam', 'iotroam', 'iotroam', 'eduroam', 'iotroam', 'iotroam', 'iotroam'], 'signals': [-73, -64, -56, -80, -59, -65, -72, -55], 'timestamps': [1.7833586295840689e+18, 1.783358629730069e+18, 1.783358629730069e+18, 1.7833586298940687e+18, 1.783358631411426e+18, 1.7833586316104259e+18, 1.7833586282570688e+18, 1.783358629891069e+18], 'frequencies': [2412, 2437, 2437, 2462, 5500, 5540, 5660, 2462]}
0 0 0 0 2 2 2 2 1783358632060529639
{'names': ['NU-AP06165', 'NU-AP06167', 'NU-AP06164', 'NU-AP06162', 'NU-AP06163', 'NU-AP06164', 'NU-AP06167', 'NU-AP06163'], 'addresses': ['48:00:b3:5e:17:c0', '48:00:b3:5e:0b:e0', '48:00:b3:5f:72:e0', '48:00:b3:5a:90:80', '48:00:b3:5f:46:ae', '48:00:b3:5f:72:ef', '48:00:b3:5e:0b:ef', '48:00:b3:5f:46:a0'], 'ssids': ['iotroam', 'iotroam', 'iotroam', 'iotroam', 'eduroam', 'iotroam', 'iotroam', 'iotroam'], 'signals': [-73, -64, -56, -80, -59, -65, -72, -55], 'timestamps': [1.7833586295840689e+18, 1.783358629730069e+18, 1.783358629730069e+18, 1.7833586298940687e+18, 1.7833586314115297e+18, 1.7833586316105298e+18, 1.7833586282570688e+18, 1.783358629891069e+18], 'frequencies': [2412, 2437, 2437, 2462, 5500, 5540, 5660, 2462]}
0 0 0 0 1 1 0 0 1783358632389906128
{'names': ['NU-AP06165', 'NU-AP06167', 'NU-AP06164', 'NU-AP06162', 'NU-AP06163', 'NU-AP06164', 'NU-AP06167', 'NU-AP06163'], 'addresses': ['48:00:b3:5e:17:c0', '48:00:b3:5e:0b:e0', '48:00:b3:5f:72:e0', '48:00:b3:5a:90:80', '48:00:b3:5f:46:ae', '48:00:b3:5f:72:ef', '48:00:b3:5e:0b:ef', '48:00:b3:5f:46:a0'], 'ssids': ['iotroam', 'iotroam', 'iotroam', 'iotroam', 'eduroam', 'iotroam', 'iotroam', 'iotroam'], 'signals': [-73, -64, -56, -80, -59, -65, -72, -55], 'timestamps': [1.7833586295840689e+18, 1.783358629730069e+18, 1.783358629730069e+18, 1.7833586298940687e+18, 1.7833586314115297e+18, 1.7833586316105298e+18, 1.7833586323329062e+18, 1.783358629891069e+18], 'frequencies': [2412, 2437, 2437, 2462, 5500, 5540, 5660, 2462]}
0 0 0 0 1 1 0 0 1783358632455074195
{'names': ['NU-AP06165', 'NU-AP06167', 'NU-AP06164', 'NU-AP06162', 'NU-AP06163', 'NU-AP06164', 'NU-AP06167', 'NU-AP06163'], 'addresses': ['48:00:b3:5e:17:c0', '48:00:b3:5e:0b:e0', '48:00:b3:5f:72:e0', '48:00:b3:5a:90:80', '48:00:b3:5f:46:ae', '48:00:b3:5f:72:ef', '48:00:b3:5e:0b:ef', '48:00:b3:5f:46:a0'], 'ssids': ['iotroam', 'iotroam', 'iotroam', 'iotroam', 'eduroam', 'iotroam', 'iotroam', 'iotroam'], 'signals': [-73, -64, -56, -80, -59, -65, -72, -55], 'timestamps': [1.7833586295840689e+18, 1.783358629730069e+18, 1.783358629730069e+18, 1.7833586298940687e+18, 1.7833586314115297e+18, 1.7833586316105298e+18, 1.7833586323330744e+18, 1.783358629891069e+18], 'frequencies': [2412, 2437, 2437, 2462, 5500, 5540, 5660, 2462]}
0 0 0 0 1 1 0 0 1783358632652102551
{'names': ['NU-AP06165', 'NU-AP06167', 'NU-AP06164', 'NU-AP06162', 'NU-AP06163', 'NU-AP06164', 'NU-AP06167', 'NU-AP06163'], 'addresses': ['48:00:b3:5e:17:c0', '48:00:b3:5e:0b:e0', '48:00:b3:5f:72:e0', '48:00:b3:5a:90:80', '48:00:b3:5f:46:ae', '48:00:b3:5f:72:ef', '48:00:b3:5e:0b:ef', '48:00:b3:5f:46:a0'], 'ssids': ['iotroam', 'iotroam', 'iotroam', 'iotroam', 'eduroam', 'iotroam', 'iotroam', 'iotroam'], 'signals': [-73, -64, -56, -80, -59, -65, -72, -55], 'timestamps': [1.7833586295840689e+18, 1.783358629730069e+18, 1.783358629730069e+18, 1.7833586298940687e+18, 1.7833586314115297e+18, 1.7833586316105298e+18, 1.7833586323331026e+18, 1.783358629891069e+18], 'frequencies': [2412, 2437, 2437, 2462, 5500, 5540, 5660, 2462]}
0 0 0 0 3 3 2 2 1783358632717756986
{'names': ['NU-AP06165', 'NU-AP06167', 'NU-AP06164', 'NU-AP06162', 'NU-AP06163', 'NU-AP06164', 'NU-AP06167', 'NU-AP06163'], 'addresses': ['48:00:b3:5e:17:c0', '48:00:b3:5e:0b:e0', '48:00:b3:5f:72:e0', '48:00:b3:5a:90:80', '48:00:b3:5f:46:ae', '48:00:b3:5f:72:ef', '48:00:b3:5e:0b:ef', '48:00:b3:5f:46:a0'], 'ssids': ['iotroam', 'iotroam', 'iotroam', 'iotroam', 'eduroam', 'iotroam', 'iotroam', 'iotroam'], 'signals': [-73, -64, -56, -80, -59, -65, -72, -55], 'timestamps': [1.7833586295840689e+18, 1.783358629730069e+18, 1.783358629730069e+18, 1.7833586298940687e+18, 1.783358631411757e+18, 1.7833586316107569e+18, 1.783358632333757e+18, 1.783358629891069e+18], 'frequencies': [2412, 2437, 2437, 2462, 5500, 5540, 5660, 2462]}
0 0 0 0 3 3 2 2 1783358633111807037
{'names': ['NU-AP06165', 'NU-AP06167', 'NU-AP06164', 'NU-AP06162', 'NU-AP06163', 'NU-AP06164', 'NU-AP06167', 'NU-AP06163'], 'addresses': ['48:00:b3:5e:17:c0', '48:00:b3:5e:0b:e0', '48:00:b3:5f:72:e0', '48:00:b3:5a:90:80', '48:00:b3:5f:46:ae', '48:00:b3:5f:72:ef', '48:00:b3:5e:0b:ef', '48:00:b3:5f:46:a0'], 'ssids': ['iotroam', 'iotroam', 'iotroam', 'iotroam', 'eduroam', 'iotroam', 'iotroam', 'iotroam'], 'signals': [-73, -64, -56, -80, -59, -65, -72, -55], 'timestamps': [1.7833586295840689e+18, 1.783358629730069e+18, 1.783358629730069e+18, 1.7833586298940687e+18, 1.783358631411807e+18, 1.783358631610807e+18, 1.783358632333807e+18, 1.783358629891069e+18], 'frequencies': [2412, 2437, 2437, 2462, 5500, 5540, 5660, 2462]}
0 0 0 0 1 1 1 1 1783358633509491580
{'names': ['NU-AP06165', 'NU-AP06167', 'NU-AP06164', 'NU-AP06162', 'NU-AP06163', 'NU-AP06164', 'NU-AP06167', 'NU-AP06163'], 'addresses': ['48:00:b3:5e:17:c0', '48:00:b3:5e:0b:e0', '48:00:b3:5f:72:e0', '48:00:b3:5a:90:80', '48:00:b3:5f:46:ae', '48:00:b3:5f:72:ef', '48:00:b3:5e:0b:ef', '48:00:b3:5f:46:a0'], 'ssids': ['iotroam', 'iotroam', 'iotroam', 'iotroam', 'eduroam', 'iotroam', 'iotroam', 'iotroam'], 'signals': [-73, -64, -56, -80, -59, -65, -72, -55], 'timestamps': [1.7833586295840689e+18, 1.783358629730069e+18, 1.783358629730069e+18, 1.7833586298940687e+18, 1.7833586334464914e+18, 1.783358631610807e+18, 1.783358632333807e+18, 1.783358629891069e+18], 'frequencies': [2412, 2437, 2437, 2462, 5500, 5540, 5660, 2462]}
5 5 3 3 3 3 2 2 1783358633582164297
{'names': ['NU-AP06165', 'NU-AP06167', 'NU-AP06164', 'NU-AP06162', 'NU-AP06163', 'NU-AP06164', 'NU-AP06167', 'NU-AP06163'], 'addresses': ['48:00:b3:5e:17:c0', '48:00:b3:5e:0b:e0', '48:00:b3:5f:72:e0', '48:00:b3:5a:90:80', '48:00:b3:5f:46:ae', '48:00:b3:5f:72:ef', '48:00:b3:5e:0b:ef', '48:00:b3:5f:46:a0'], 'ssids': ['iotroam', 'iotroam', 'iotroam', 'iotroam', 'eduroam', 'iotroam', 'iotroam', 'iotroam'], 'signals': [-74, -64, -56, -80, -59, -65, -72, -55], 'timestamps': [1.7833586335731643e+18, 1.7833586297301642e+18, 1.7833586297301642e+18, 1.7833586298941642e+18, 1.7833586334471642e+18, 1.7833586316111642e+18, 1.7833586323341642e+18, 1.7833586298911642e+18], 'frequencies': [2412, 2437, 2437, 2462, 5500, 5540, 5660, 2462]}
2 2 2 2 0 0 0 0 1783358633775956542
{'names': ['NU-AP06165', 'NU-AP06167', 'NU-AP06164', 'NU-AP06162', 'NU-AP06163', 'NU-AP06164', 'NU-AP06167', 'NU-AP06163'], 'addresses': ['48:00:b3:5e:17:c0', '48:00:b3:5e:0b:e0', '48:00:b3:5f:72:e0', '48:00:b3:5a:90:80', '48:00:b3:5f:46:ae', '48:00:b3:5f:72:ef', '48:00:b3:5e:0b:ef', '48:00:b3:5f:46:a0'], 'ssids': ['iotroam', 'iotroam', 'iotroam', 'iotroam', 'eduroam', 'iotroam', 'iotroam', 'iotroam'], 'signals': [-74, -64, -56, -80, -59, -65, -72, -55], 'timestamps': [1.7833586335731643e+18, 1.7833586337199565e+18, 1.7833586337199565e+18, 1.7833586298941642e+18, 1.7833586334471642e+18, 1.7833586316111642e+18, 1.7833586323341642e+18, 1.7833586298911642e+18], 'frequencies': [2412, 2437, 2437, 2462, 5500, 5540, 5660, 2462]}
2 2 2 2 0 0 0 0 1783358633839585839
{'names': ['NU-AP06165', 'NU-AP06167', 'NU-AP06164', 'NU-AP06162', 'NU-AP06163', 'NU-AP06164', 'NU-AP06167', 'NU-AP06163'], 'addresses': ['48:00:b3:5e:17:c0', '48:00:b3:5e:0b:e0', '48:00:b3:5f:72:e0', '48:00:b3:5a:90:80', '48:00:b3:5f:46:ae', '48:00:b3:5f:72:ef', '48:00:b3:5e:0b:ef', '48:00:b3:5f:46:a0'], 'ssids': ['iotroam', 'iotroam', 'iotroam', 'iotroam', 'eduroam', 'iotroam', 'iotroam', 'iotroam'], 'signals': [-74, -64, -56, -80, -59, -65, -72, -55], 'timestamps': [1.7833586335731643e+18, 1.7833586337205857e+18, 1.7833586337205857e+18, 1.7833586298941642e+18, 1.7833586334471642e+18, 1.7833586316111642e+18, 1.7833586323341642e+18, 1.7833586298911642e+18], 'frequencies': [2412, 2437, 2437, 2462, 5500, 5540, 5660, 2462]}
1 1 1 1 0 0 0 0 1783358633903259787
{'names': ['NU-AP06165', 'NU-AP06167', 'NU-AP06164', 'NU-AP06162', 'NU-AP06163', 'NU-AP06164', 'NU-AP06167', 'NU-AP06163'], 'addresses': ['48:00:b3:5e:17:c0', '48:00:b3:5e:0b:e0', '48:00:b3:5f:72:e0', '48:00:b3:5a:90:80', '48:00:b3:5f:46:ae', '48:00:b3:5f:72:ef', '48:00:b3:5e:0b:ef', '48:00:b3:5f:46:a0'], 'ssids': ['iotroam', 'iotroam', 'iotroam', 'iotroam', 'eduroam', 'iotroam', 'iotroam', 'iotroam'], 'signals': [-74, -64, -56, -80, -59, -65, -72, -55], 'timestamps': [1.7833586335731643e+18, 1.7833586337205857e+18, 1.7833586337205857e+18, 1.7833586298941642e+18, 1.7833586334471642e+18, 1.7833586316111642e+18, 1.7833586323341642e+18, 1.7833586338852598e+18], 'frequencies': [2412, 2437, 2437, 2462, 5500, 5540, 5660, 2462]}
1 1 1 1 0 0 0 0 1783358634097287135
{'names': ['NU-AP06165', 'NU-AP06167', 'NU-AP06164', 'NU-AP06162', 'NU-AP06163', 'NU-AP06164', 'NU-AP06167', 'NU-AP06163'], 'addresses': ['48:00:b3:5e:17:c0', '48:00:b3:5e:0b:e0', '48:00:b3:5f:72:e0', '48:00:b3:5a:90:80', '48:00:b3:5f:46:ae', '48:00:b3:5f:72:ef', '48:00:b3:5e:0b:ef', '48:00:b3:5f:46:a0'], 'ssids': ['iotroam', 'iotroam', 'iotroam', 'iotroam', 'eduroam', 'iotroam', 'iotroam', 'iotroam'], 'signals': [-74, -64, -56, -80, -59, -65, -72, -55], 'timestamps': [1.7833586335731643e+18, 1.7833586337205857e+18, 1.7833586337205857e+18, 1.7833586298941642e+18, 1.7833586334471642e+18, 1.7833586316111642e+18, 1.7833586323341642e+18, 1.7833586338852872e+18], 'frequencies': [2412, 2437, 2437, 2462, 5500, 5540, 5660, 2462]}
1 1 1 1 0 0 0 0 1783358634224466469
{'names': ['NU-AP06165', 'NU-AP06167', 'NU-AP06164', 'NU-AP06162', 'NU-AP06163', 'NU-AP06164', 'NU-AP06167', 'NU-AP06163'], 'addresses': ['48:00:b3:5e:17:c0', '48:00:b3:5e:0b:e0', '48:00:b3:5f:72:e0', '48:00:b3:5a:90:80', '48:00:b3:5f:46:ae', '48:00:b3:5f:72:ef', '48:00:b3:5e:0b:ef', '48:00:b3:5f:46:a0'], 'ssids': ['iotroam', 'iotroam', 'iotroam', 'iotroam', 'eduroam', 'iotroam', 'iotroam', 'iotroam'], 'signals': [-74, -64, -56, -80, -59, -65, -72, -55], 'timestamps': [1.7833586335731643e+18, 1.7833586337205857e+18, 1.7833586337205857e+18, 1.7833586298941642e+18, 1.7833586334471642e+18, 1.7833586316111642e+18, 1.7833586323341642e+18, 1.7833586338854664e+18], 'frequencies': [2412, 2437, 2437, 2462, 5500, 5540, 5660, 2462]}
1 1 1 1 0 0 0 0 1783358634481543536
{'names': ['NU-AP06165', 'NU-AP06167', 'NU-AP06164', 'NU-AP06162', 'NU-AP06163', 'NU-AP06164', 'NU-AP06167', 'NU-AP06163'], 'addresses': ['48:00:b3:5e:17:c0', '48:00:b3:5e:0b:e0', '48:00:b3:5f:72:e0', '48:00:b3:5a:90:80', '48:00:b3:5f:46:ae', '48:00:b3:5f:72:ef', '48:00:b3:5e:0b:ef', '48:00:b3:5f:46:a0'], 'ssids': ['iotroam', 'iotroam', 'iotroam', 'iotroam', 'eduroam', 'iotroam', 'iotroam', 'iotroam'], 'signals': [-74, -64, -56, -80, -59, -65, -72, -55], 'timestamps': [1.7833586335731643e+18, 1.7833586337205857e+18, 1.7833586337205857e+18, 1.7833586298941642e+18, 1.7833586334471642e+18, 1.7833586316111642e+18, 1.7833586323341642e+18, 1.7833586338855434e+18], 'frequencies': [2412, 2437, 2437, 2462, 5500, 5540, 5660, 2462]}
3 3 3 3 0 0 0 0 1783358634685728930
{'names': ['NU-AP06165', 'NU-AP06167', 'NU-AP06164', 'NU-AP06162', 'NU-AP06163', 'NU-AP06164', 'NU-AP06167', 'NU-AP06163'], 'addresses': ['48:00:b3:5e:17:c0', '48:00:b3:5e:0b:e0', '48:00:b3:5f:72:e0', '48:00:b3:5a:90:80', '48:00:b3:5f:46:ae', '48:00:b3:5f:72:ef', '48:00:b3:5e:0b:ef', '48:00:b3:5f:46:a0'], 'ssids': ['iotroam', 'iotroam', 'iotroam', 'iotroam', 'eduroam', 'iotroam', 'iotroam', 'iotroam'], 'signals': [-74, -64, -56, -80, -59, -65, -72, -55], 'timestamps': [1.7833586335731643e+18, 1.783358633720729e+18, 1.783358633720729e+18, 1.7833586298941642e+18, 1.7833586334471642e+18, 1.7833586316111642e+18, 1.7833586323341642e+18, 1.783358633885729e+18], 'frequencies': [2412, 2437, 2437, 2462, 5500, 5540, 5660, 2462]}
3 3 3 3 0 0 0 0 1783358635018142699
{'names': ['NU-AP06165', 'NU-AP06167', 'NU-AP06164', 'NU-AP06162', 'NU-AP06163', 'NU-AP06164', 'NU-AP06167', 'NU-AP06163'], 'addresses': ['48:00:b3:5e:17:c0', '48:00:b3:5e:0b:e0', '48:00:b3:5f:72:e0', '48:00:b3:5a:90:80', '48:00:b3:5f:46:ae', '48:00:b3:5f:72:ef', '48:00:b3:5e:0b:ef', '48:00:b3:5f:46:a0'], 'ssids': ['iotroam', 'iotroam', 'iotroam', 'iotroam', 'eduroam', 'iotroam', 'iotroam', 'iotroam'], 'signals': [-74, -64, -56, -80, -59, -65, -72, -55], 'timestamps': [1.7833586335731643e+18, 1.7833586337211428e+18, 1.7833586337211428e+18, 1.7833586298941642e+18, 1.7833586334471642e+18, 1.7833586316111642e+18, 1.7833586323341642e+18, 1.7833586338861427e+18], 'frequencies': [2412, 2437, 2437, 2462, 5500, 5540, 5660, 2462]}
0 0 0 0 1 1 1 1 1783358635410596584
{'names': ['NU-AP06165', 'NU-AP06167', 'NU-AP06164', 'NU-AP06162', 'NU-AP06163', 'NU-AP06164', 'NU-AP06167', 'NU-AP06163'], 'addresses': ['48:00:b3:5e:17:c0', '48:00:b3:5e:0b:e0', '48:00:b3:5f:72:e0', '48:00:b3:5a:90:80', '48:00:b3:5f:46:ae', '48:00:b3:5f:72:ef', '48:00:b3:5e:0b:ef', '48:00:b3:5f:46:a0'], 'ssids': ['iotroam', 'iotroam', 'iotroam', 'iotroam', 'eduroam', 'iotroam', 'iotroam', 'iotroam'], 'signals': [-74, -64, -56, -80, -59, -65, -72, -55], 'timestamps': [1.7833586335731643e+18, 1.7833586337211428e+18, 1.7833586337211428e+18, 1.7833586298941642e+18, 1.7833586354045967e+18, 1.7833586316111642e+18, 1.7833586323341642e+18, 1.7833586338861427e+18], 'frequencies': [2412, 2437, 2437, 2462, 5500, 5540, 5660, 2462]}
0 0 0 0 1 1 1 1 1783358635475750481
{'names': ['NU-AP06165', 'NU-AP06167', 'NU-AP06164', 'NU-AP06162', 'NU-AP06163', 'NU-AP06164', 'NU-AP06167', 'NU-AP06163'], 'addresses': ['48:00:b3:5e:17:c0', '48:00:b3:5e:0b:e0', '48:00:b3:5f:72:e0', '48:00:b3:5a:90:80', '48:00:b3:5f:46:ae', '48:00:b3:5f:72:ef', '48:00:b3:5e:0b:ef', '48:00:b3:5f:46:a0'], 'ssids': ['iotroam', 'iotroam', 'iotroam', 'iotroam', 'eduroam', 'iotroam', 'iotroam', 'iotroam'], 'signals': [-74, -64, -56, -80, -59, -65, -72, -55], 'timestamps': [1.7833586335731643e+18, 1.7833586337211428e+18, 1.7833586337211428e+18, 1.7833586298941642e+18, 1.7833586354047503e+18, 1.7833586316111642e+18, 1.7833586323341642e+18, 1.7833586338861427e+18], 'frequencies': [2412, 2437, 2437, 2462, 5500, 5540, 5660, 2462]}
0 0 0 0 2 2 2 2 1783358635607963712
{'names': ['NU-AP06165', 'NU-AP06167', 'NU-AP06164', 'NU-AP06162', 'NU-AP06163', 'NU-AP06164', 'NU-AP06167', 'NU-AP06163'], 'addresses': ['48:00:b3:5e:17:c0', '48:00:b3:5e:0b:e0', '48:00:b3:5f:72:e0', '48:00:b3:5a:90:80', '48:00:b3:5f:46:ae', '48:00:b3:5f:72:ef', '48:00:b3:5e:0b:ef', '48:00:b3:5f:46:a0'], 'ssids': ['iotroam', 'iotroam', 'iotroam', 'iotroam', 'eduroam', 'iotroam', 'iotroam', 'iotroam'], 'signals': [-74, -64, -56, -80, -59, -66, -72, -55], 'timestamps': [1.7833586335731643e+18, 1.7833586337211428e+18, 1.7833586337211428e+18, 1.7833586298941642e+18, 1.7833586354049636e+18, 1.7833586356039636e+18, 1.7833586323341642e+18, 1.7833586338861427e+18], 'frequencies': [2412, 2437, 2437, 2462, 5500, 5540, 5660, 2462]}
0 0 0 0 2 2 2 2 1783358635735330396
{'names': ['NU-AP06165', 'NU-AP06167', 'NU-AP06164', 'NU-AP06162', 'NU-AP06163', 'NU-AP06164', 'NU-AP06167', 'NU-AP06163'], 'addresses': ['48:00:b3:5e:17:c0', '48:00:b3:5e:0b:e0', '48:00:b3:5f:72:e0', '48:00:b3:5a:90:80', '48:00:b3:5f:46:ae', '48:00:b3:5f:72:ef', '48:00:b3:5e:0b:ef', '48:00:b3:5f:46:a0'], 'ssids': ['iotroam', 'iotroam', 'iotroam', 'iotroam', 'eduroam', 'iotroam', 'iotroam', 'iotroam'], 'signals': [-74, -64, -56, -80, -59, -66, -72, -55], 'timestamps': [1.7833586335731643e+18, 1.7833586337211428e+18, 1.7833586337211428e+18, 1.7833586298941642e+18, 1.7833586354053304e+18, 1.7833586356043302e+18, 1.7833586323341642e+18, 1.7833586338861427e+18], 'frequencies': [2412, 2437, 2437, 2462, 5500, 5540, 5660, 2462]}
5 5 3 3 3 3 2 2 1783358636372537937
{'names': ['NU-AP06165', 'NU-AP06167', 'NU-AP06164', 'NU-AP06163', 'NU-AP06164', 'NU-AP06167', 'NU-AP06163'], 'addresses': ['48:00:b3:5e:17:c0', '48:00:b3:5e:0b:e0', '48:00:b3:5f:72:e0', '48:00:b3:5f:46:ae', '48:00:b3:5f:72:ef', '48:00:b3:5e:0b:ef', '48:00:b3:5f:46:a0'], 'ssids': ['iotroam', 'iotroam', 'iotroam', 'eduroam', 'iotroam', 'iotroam', 'iotroam'], 'signals': [-74, -64, -56, -59, -66, -72, -55], 'timestamps': [1.7833586335735378e+18, 1.7833586337215378e+18, 1.7833586337215378e+18, 1.7833586354065377e+18, 1.7833586356055378e+18, 1.7833586363285379e+18, 1.7833586338865377e+18], 'frequencies': [2412, 2437, 2437, 5500, 5540, 5660, 2462]}
1 1 0 0 0 0 0 0 1783358636440325470
{'names': ['NU-AP06165', 'NU-AP06167', 'NU-AP06164', 'NU-AP06163', 'NU-AP06164', 'NU-AP06167', 'NU-AP06163'], 'addresses': ['48:00:b3:5e:17:c0', '48:00:b3:5e:0b:e0', '48:00:b3:5f:72:e0', '48:00:b3:5f:46:ae', '48:00:b3:5f:72:ef', '48:00:b3:5e:0b:ef', '48:00:b3:5f:46:a0'], 'ssids': ['iotroam', 'iotroam', 'iotroam', 'eduroam', 'iotroam', 'iotroam', 'iotroam'], 'signals': [-74, -64, -56, -59, -66, -72, -55], 'timestamps': [1.7833586335735378e+18, 1.7833586337215378e+18, 1.7833586337215378e+18, 1.7833586354065377e+18, 1.7833586356055378e+18, 1.7833586363285379e+18, 1.7833586338865377e+18], 'frequencies': [2412, 2437, 2437, 5500, 5540, 5660, 2462]}
1 1 0 0 0 0 0 0 1783358636508605765
{'names': ['NU-AP06165', 'NU-AP06167', 'NU-AP06164', 'NU-AP06163', 'NU-AP06164', 'NU-AP06167', 'NU-AP06163'], 'addresses': ['48:00:b3:5e:17:c0', '48:00:b3:5e:0b:e0', '48:00:b3:5f:72:e0', '48:00:b3:5f:46:ae', '48:00:b3:5f:72:ef', '48:00:b3:5e:0b:ef', '48:00:b3:5f:46:a0'], 'ssids': ['iotroam', 'iotroam', 'iotroam', 'eduroam', 'iotroam', 'iotroam', 'iotroam'], 'signals': [-74, -64, -56, -59, -66, -72, -55], 'timestamps': [1.7833586335735378e+18, 1.7833586337215378e+18, 1.7833586337215378e+18, 1.7833586354065377e+18, 1.7833586356055378e+18, 1.7833586363285379e+18, 1.7833586338865377e+18], 'frequencies': [2412, 2437, 2437, 5500, 5540, 5660, 2462]}
1 1 0 0 0 0 0 0 1783358636576418835
{'names': ['NU-AP06165', 'NU-AP06167', 'NU-AP06164', 'NU-AP06163', 'NU-AP06164', 'NU-AP06167', 'NU-AP06163'], 'addresses': ['48:00:b3:5e:17:c0', '48:00:b3:5e:0b:e0', '48:00:b3:5f:72:e0', '48:00:b3:5f:46:ae', '48:00:b3:5f:72:ef', '48:00:b3:5e:0b:ef', '48:00:b3:5f:46:a0'], 'ssids': ['iotroam', 'iotroam', 'iotroam', 'eduroam', 'iotroam', 'iotroam', 'iotroam'], 'signals': [-74, -64, -56, -59, -66, -72, -55], 'timestamps': [1.7833586335735378e+18, 1.7833586337215378e+18, 1.7833586337215378e+18, 1.7833586354065377e+18, 1.7833586356055378e+18, 1.7833586363285379e+18, 1.7833586338865377e+18], 'frequencies': [2412, 2437, 2437, 5500, 5540, 5660, 2462]}
1 1 0 0 0 0 0 0 1783358636645092720
{'names': ['NU-AP06165', 'NU-AP06167', 'NU-AP06164', 'NU-AP06163', 'NU-AP06164', 'NU-AP06167', 'NU-AP06163'], 'addresses': ['48:00:b3:5e:17:c0', '48:00:b3:5e:0b:e0', '48:00:b3:5f:72:e0', '48:00:b3:5f:46:ae', '48:00:b3:5f:72:ef', '48:00:b3:5e:0b:ef', '48:00:b3:5f:46:a0'], 'ssids': ['iotroam', 'iotroam', 'iotroam', 'eduroam', 'iotroam', 'iotroam', 'iotroam'], 'signals': [-74, -64, -56, -59, -66, -72, -55], 'timestamps': [1.7833586335735378e+18, 1.7833586337215378e+18, 1.7833586337215378e+18, 1.7833586354065377e+18, 1.7833586356055378e+18, 1.7833586363285379e+18, 1.7833586338865377e+18], 'frequencies': [2412, 2437, 2437, 5500, 5540, 5660, 2462]}
1 1 0 0 0 0 0 0 1783358636713070595
{'names': ['NU-AP06165', 'NU-AP06167', 'NU-AP06164', 'NU-AP06163', 'NU-AP06164', 'NU-AP06167', 'NU-AP06163'], 'addresses': ['48:00:b3:5e:17:c0', '48:00:b3:5e:0b:e0', '48:00:b3:5f:72:e0', '48:00:b3:5f:46:ae', '48:00:b3:5f:72:ef', '48:00:b3:5e:0b:ef', '48:00:b3:5f:46:a0'], 'ssids': ['iotroam', 'iotroam', 'iotroam', 'eduroam', 'iotroam', 'iotroam', 'iotroam'], 'signals': [-74, -64, -56, -59, -66, -72, -55], 'timestamps': [1.7833586335735378e+18, 1.7833586337215378e+18, 1.7833586337215378e+18, 1.7833586354065377e+18, 1.7833586356055378e+18, 1.7833586363285379e+18, 1.7833586338865377e+18], 'frequencies': [2412, 2437, 2437, 5500, 5540, 5660, 2462]}
1 1 0 0 0 0 0 0 1783358636781107614
{'names': ['NU-AP06165', 'NU-AP06167', 'NU-AP06164', 'NU-AP06163', 'NU-AP06164', 'NU-AP06167', 'NU-AP06163'], 'addresses': ['48:00:b3:5e:17:c0', '48:00:b3:5e:0b:e0', '48:00:b3:5f:72:e0', '48:00:b3:5f:46:ae', '48:00:b3:5f:72:ef', '48:00:b3:5e:0b:ef', '48:00:b3:5f:46:a0'], 'ssids': ['iotroam', 'iotroam', 'iotroam', 'eduroam', 'iotroam', 'iotroam', 'iotroam'], 'signals': [-74, -64, -56, -59, -66, -72, -55], 'timestamps': [1.7833586335735378e+18, 1.7833586337215378e+18, 1.7833586337215378e+18, 1.7833586354065377e+18, 1.7833586356055378e+18, 1.7833586363285379e+18, 1.7833586338865377e+18], 'frequencies': [2412, 2437, 2437, 5500, 5540, 5660, 2462]}
1 1 0 0 0 0 0 0 1783358636847627770
{'names': ['NU-AP06165', 'NU-AP06167', 'NU-AP06164', 'NU-AP06163', 'NU-AP06164', 'NU-AP06167', 'NU-AP06163'], 'addresses': ['48:00:b3:5e:17:c0', '48:00:b3:5e:0b:e0', '48:00:b3:5f:72:e0', '48:00:b3:5f:46:ae', '48:00:b3:5f:72:ef', '48:00:b3:5e:0b:ef', '48:00:b3:5f:46:a0'], 'ssids': ['iotroam', 'iotroam', 'iotroam', 'eduroam', 'iotroam', 'iotroam', 'iotroam'], 'signals': [-74, -64, -56, -59, -66, -72, -55], 'timestamps': [1.7833586335735378e+18, 1.7833586337215378e+18, 1.7833586337215378e+18, 1.7833586354065377e+18, 1.7833586356055378e+18, 1.7833586363285379e+18, 1.7833586338865377e+18], 'frequencies': [2412, 2437, 2437, 5500, 5540, 5660, 2462]}
1 1 0 0 0 0 0 0 1783358636915206229
{'names': ['NU-AP06165', 'NU-AP06167', 'NU-AP06164', 'NU-AP06163', 'NU-AP06164', 'NU-AP06167', 'NU-AP06163'], 'addresses': ['48:00:b3:5e:17:c0', '48:00:b3:5e:0b:e0', '48:00:b3:5f:72:e0', '48:00:b3:5f:46:ae', '48:00:b3:5f:72:ef', '48:00:b3:5e:0b:ef', '48:00:b3:5f:46:a0'], 'ssids': ['iotroam', 'iotroam', 'iotroam', 'eduroam', 'iotroam', 'iotroam', 'iotroam'], 'signals': [-74, -64, -56, -59, -66, -72, -55], 'timestamps': [1.7833586335735378e+18, 1.7833586337215378e+18, 1.7833586337215378e+18, 1.7833586354065377e+18, 1.7833586356055378e+18, 1.7833586363285379e+18, 1.7833586338865377e+18], 'frequencies': [2412, 2437, 2437, 5500, 5540, 5660, 2462]}
1 1 0 0 0 0 0 0 1783358636984301642
{'names': ['NU-AP06165', 'NU-AP06167', 'NU-AP06164', 'NU-AP06163', 'NU-AP06164', 'NU-AP06167', 'NU-AP06163'], 'addresses': ['48:00:b3:5e:17:c0', '48:00:b3:5e:0b:e0', '48:00:b3:5f:72:e0', '48:00:b3:5f:46:ae', '48:00:b3:5f:72:ef', '48:00:b3:5e:0b:ef', '48:00:b3:5f:46:a0'], 'ssids': ['iotroam', 'iotroam', 'iotroam', 'eduroam', 'iotroam', 'iotroam', 'iotroam'], 'signals': [-74, -64, -56, -59, -66, -72, -55], 'timestamps': [1.7833586335735378e+18, 1.7833586337215378e+18, 1.7833586337215378e+18, 1.7833586354065377e+18, 1.7833586356055378e+18, 1.7833586363285379e+18, 1.7833586338865377e+18], 'frequencies': [2412, 2437, 2437, 5500, 5540, 5660, 2462]}
1 1 0 0 0 0 0 0 1783358637053743944
{'names': ['NU-AP06165', 'NU-AP06167', 'NU-AP06164', 'NU-AP06163', 'NU-AP06164', 'NU-AP06167', 'NU-AP06163'], 'addresses': ['48:00:b3:5e:17:c0', '48:00:b3:5e:0b:e0', '48:00:b3:5f:72:e0', '48:00:b3:5f:46:ae', '48:00:b3:5f:72:ef', '48:00:b3:5e:0b:ef', '48:00:b3:5f:46:a0'], 'ssids': ['iotroam', 'iotroam', 'iotroam', 'eduroam', 'iotroam', 'iotroam', 'iotroam'], 'signals': [-74, -64, -56, -59, -66, -72, -55], 'timestamps': [1.7833586335735378e+18, 1.7833586337215378e+18, 1.7833586337215378e+18, 1.7833586354065377e+18, 1.7833586356055378e+18, 1.7833586363285379e+18, 1.7833586338865377e+18], 'frequencies': [2412, 2437, 2437, 5500, 5540, 5660, 2462]}
1 1 0 0 0 0 0 0 1783358637122686345
{'names': ['NU-AP06165', 'NU-AP06167', 'NU-AP06164', 'NU-AP06163', 'NU-AP06164', 'NU-AP06167', 'NU-AP06163'], 'addresses': ['48:00:b3:5e:17:c0', '48:00:b3:5e:0b:e0', '48:00:b3:5f:72:e0', '48:00:b3:5f:46:ae', '48:00:b3:5f:72:ef', '48:00:b3:5e:0b:ef', '48:00:b3:5f:46:a0'], 'ssids': ['iotroam', 'iotroam', 'iotroam', 'eduroam', 'iotroam', 'iotroam', 'iotroam'], 'signals': [-74, -64, -56, -59, -66, -72, -55], 'timestamps': [1.7833586335735378e+18, 1.7833586337215378e+18, 1.7833586337215378e+18, 1.7833586354065377e+18, 1.7833586356055378e+18, 1.7833586363285379e+18, 1.7833586338865377e+18], 'frequencies': [2412, 2437, 2437, 5500, 5540, 5660, 2462]}
1 1 0 0 0 0 0 0 1783358637191440941
{'names': ['NU-AP06165', 'NU-AP06167', 'NU-AP06164', 'NU-AP06163', 'NU-AP06164', 'NU-AP06167', 'NU-AP06163'], 'addresses': ['48:00:b3:5e:17:c0', '48:00:b3:5e:0b:e0', '48:00:b3:5f:72:e0', '48:00:b3:5f:46:ae', '48:00:b3:5f:72:ef', '48:00:b3:5e:0b:ef', '48:00:b3:5f:46:a0'], 'ssids': ['iotroam', 'iotroam', 'iotroam', 'eduroam', 'iotroam', 'iotroam', 'iotroam'], 'signals': [-74, -64, -56, -59, -66, -72, -55], 'timestamps': [1.7833586335735378e+18, 1.7833586337215378e+18, 1.7833586337215378e+18, 1.7833586354065377e+18, 1.7833586356055378e+18, 1.7833586363285379e+18, 1.7833586338865377e+18], 'frequencies': [2412, 2437, 2437, 5500, 5540, 5660, 2462]}
