1 1 1 1 1 1 1 1 1783439474564929140
{'names': ['NU-AP06163'], 'addresses': ['48:00:b3:5f:46:a0'], 'ssids': ['iotroam'], 'signals': [-50], 'timestamps': [1.783439474563929e+18], 'frequencies': [2412]}
3 3 3 2 1 1 1 1 1783439474615746078
{'names': ['NU-AP06163', 'NU-AP06167', 'NU-AP06165'], 'addresses': ['48:00:b3:5f:46:a0', '48:00:b3:5e:0b:e0', '48:00:b3:5e:17:c0'], 'ssids': ['iotroam', 'iotroam', 'iotroam'], 'signals': [-50, -61, -70], 'timestamps': [1.783439474566746e+18, 1.783439474566746e+18, 1.783439474566746e+18], 'frequencies': [2412, 2412, 2412]}
0 0 0 0 1 1 1 1 1783439474669267397
{'names': ['NU-AP06163', 'NU-AP06167', 'NU-AP06165'], 'addresses': ['48:00:b3:5f:46:a0', '48:00:b3:5e:0b:e0', '48:00:b3:5e:17:c0'], 'ssids': ['iotroam', 'iotroam', 'iotroam'], 'signals': [-50, -61, -70], 'timestamps': [1.783439474566746e+18, 1.783439474566746e+18, 1.783439474566746e+18], 'frequencies': [2412, 2412, 2412]}
1 1 1 1 1 1 1 1 1783439474720383847
{'names': ['NU-AP06163', 'NU-AP06167', 'NU-AP06165', 'NU-AP06164'], 'addresses': ['48:00:b3:5f:46:a0', '48:00:b3:5e:0b:e0', '48:00:b3:5e:17:c0', '48:00:b3:5f:72:e0'], 'ssids': ['iotroam', 'iotroam', 'iotroam', 'iotroam'], 'signals': [-50, -61, -70, -54], 'timestamps': [1.783439474566746e+18, 1.783439474566746e+18, 1.783439474566746e+18, 1.7834394747123837e+18], 'frequencies': [2412, 2412, 2412, 2437]}
1 1 1 1 1 1 1 1 1783439474774735646
{'names': ['NU-AP06163', 'NU-AP06167', 'NU-AP06165', 'NU-AP06164'], 'addresses': ['48:00:b3:5f:46:a0', '48:00:b3:5e:0b:e0', '48:00:b3:5e:17:c0', '48:00:b3:5f:72:e0'], 'ssids': ['iotroam', 'iotroam', 'iotroam', 'iotroam'], 'signals': [-50, -61, -70, -54], 'timestamps': [1.783439474566746e+18, 1.783439474566746e+18, 1.783439474566746e+18, 1.7834394747127357e+18], 'frequencies': [2412, 2412, 2412, 2437]}
0 0 0 0 1 1 1 1 1783439474828467702
{'names': ['NU-AP06163', 'NU-AP06167', 'NU-AP06165', 'NU-AP06164'], 'addresses': ['48:00:b3:5f:46:a0', '48:00:b3:5e:0b:e0', '48:00:b3:5e:17:c0', '48:00:b3:5f:72:e0'], 'ssids': ['iotroam', 'iotroam', 'iotroam', 'iotroam'], 'signals': [-50, -61, -70, -54], 'timestamps': [1.783439474566746e+18, 1.783439474566746e+18, 1.783439474566746e+18, 1.7834394747127357e+18], 'frequencies': [2412, 2412, 2412, 2437]}
1 1 1 1 1 1 1 1 1783439474883373157
{'names': ['NU-AP06163', 'NU-AP06167', 'NU-AP06165', 'NU-AP06164'], 'addresses': ['48:00:b3:5f:46:a0', '48:00:b3:5e:0b:e0', '48:00:b3:5e:17:c0', '48:00:b3:5f:72:e0'], 'ssids': ['iotroam', 'iotroam', 'iotroam', 'iotroam'], 'signals': [-50, -61, -70, -54], 'timestamps': [1.783439474566746e+18, 1.783439474566746e+18, 1.783439474566746e+18, 1.7834394747133732e+18], 'frequencies': [2412, 2412, 2412, 2437]}
0 0 0 0 1 1 1 1 1783439474939701816
{'names': ['NU-AP06163', 'NU-AP06167', 'NU-AP06165', 'NU-AP06164'], 'addresses': ['48:00:b3:5f:46:a0', '48:00:b3:5e:0b:e0', '48:00:b3:5e:17:c0', '48:00:b3:5f:72:e0'], 'ssids': ['iotroam', 'iotroam', 'iotroam', 'iotroam'], 'signals': [-50, -61, -70, -54], 'timestamps': [1.783439474566746e+18, 1.783439474566746e+18, 1.783439474566746e+18, 1.7834394747133732e+18], 'frequencies': [2412, 2412, 2412, 2437]}
0 0 0 0 1 1 1 1 1783439474993796924
{'names': ['NU-AP06163', 'NU-AP06167', 'NU-AP06165', 'NU-AP06164'], 'addresses': ['48:00:b3:5f:46:a0', '48:00:b3:5e:0b:e0', '48:00:b3:5e:17:c0', '48:00:b3:5f:72:e0'], 'ssids': ['iotroam', 'iotroam', 'iotroam', 'iotroam'], 'signals': [-50, -61, -70, -54], 'timestamps': [1.783439474566746e+18, 1.783439474566746e+18, 1.783439474566746e+18, 1.7834394747133732e+18], 'frequencies': [2412, 2412, 2412, 2437]}
0 0 0 0 1 1 1 1 1783439475047090474
{'names': ['NU-AP06163', 'NU-AP06167', 'NU-AP06165', 'NU-AP06164'], 'addresses': ['48:00:b3:5f:46:a0', '48:00:b3:5e:0b:e0', '48:00:b3:5e:17:c0', '48:00:b3:5f:72:e0'], 'ssids': ['iotroam', 'iotroam', 'iotroam', 'iotroam'], 'signals': [-50, -61, -70, -54], 'timestamps': [1.783439474566746e+18, 1.783439474566746e+18, 1.783439474566746e+18, 1.7834394747133732e+18], 'frequencies': [2412, 2412, 2412, 2437]}
0 0 0 0 1 1 1 1 1783439475101489200
{'names': ['NU-AP06163', 'NU-AP06167', 'NU-AP06165', 'NU-AP06164'], 'addresses': ['48:00:b3:5f:46:a0', '48:00:b3:5e:0b:e0', '48:00:b3:5e:17:c0', '48:00:b3:5f:72:e0'], 'ssids': ['iotroam', 'iotroam', 'iotroam', 'iotroam'], 'signals': [-50, -61, -70, -54], 'timestamps': [1.783439474566746e+18, 1.783439474566746e+18, 1.783439474566746e+18, 1.7834394747133732e+18], 'frequencies': [2412, 2412, 2412, 2437]}
0 0 0 0 1 1 1 1 1783439475157172474
{'names': ['NU-AP06163', 'NU-AP06167', 'NU-AP06165', 'NU-AP06164'], 'addresses': ['48:00:b3:5f:46:a0', '48:00:b3:5e:0b:e0', '48:00:b3:5e:17:c0', '48:00:b3:5f:72:e0'], 'ssids': ['iotroam', 'iotroam', 'iotroam', 'iotroam'], 'signals': [-50, -61, -70, -54], 'timestamps': [1.783439474566746e+18, 1.783439474566746e+18, 1.783439474566746e+18, 1.7834394747133732e+18], 'frequencies': [2412, 2412, 2412, 2437]}
0 0 0 0 1 1 1 1 1783439475211720650
{'names': ['NU-AP06163', 'NU-AP06167', 'NU-AP06165', 'NU-AP06164'], 'addresses': ['48:00:b3:5f:46:a0', '48:00:b3:5e:0b:e0', '48:00:b3:5e:17:c0', '48:00:b3:5f:72:e0'], 'ssids': ['iotroam', 'iotroam', 'iotroam', 'iotroam'], 'signals': [-50, -61, -70, -54], 'timestamps': [1.783439474566746e+18, 1.783439474566746e+18, 1.783439474566746e+18, 1.7834394747133732e+18], 'frequencies': [2412, 2412, 2412, 2437]}
0 0 0 0 1 1 1 1 1783439475267392658
{'names': ['NU-AP06163', 'NU-AP06167', 'NU-AP06165', 'NU-AP06164'], 'addresses': ['48:00:b3:5f:46:a0', '48:00:b3:5e:0b:e0', '48:00:b3:5e:17:c0', '48:00:b3:5f:72:e0'], 'ssids': ['iotroam', 'iotroam', 'iotroam', 'iotroam'], 'signals': [-50, -61, -70, -54], 'timestamps': [1.783439474566746e+18, 1.783439474566746e+18, 1.783439474566746e+18, 1.7834394747133732e+18], 'frequencies': [2412, 2412, 2412, 2437]}
0 0 0 0 1 1 1 1 1783439475321110965
{'names': ['NU-AP06163', 'NU-AP06167', 'NU-AP06165', 'NU-AP06164'], 'addresses': ['48:00:b3:5f:46:a0', '48:00:b3:5e:0b:e0', '48:00:b3:5e:17:c0', '48:00:b3:5f:72:e0'], 'ssids': ['iotroam', 'iotroam', 'iotroam', 'iotroam'], 'signals': [-50, -61, -70, -54], 'timestamps': [1.783439474566746e+18, 1.783439474566746e+18, 1.783439474566746e+18, 1.7834394747133732e+18], 'frequencies': [2412, 2412, 2412, 2437]}
0 0 0 0 1 1 1 1 1783439475375085652
{'names': ['NU-AP06163', 'NU-AP06167', 'NU-AP06165', 'NU-AP06164'], 'addresses': ['48:00:b3:5f:46:a0', '48:00:b3:5e:0b:e0', '48:00:b3:5e:17:c0', '48:00:b3:5f:72:e0'], 'ssids': ['iotroam', 'iotroam', 'iotroam', 'iotroam'], 'signals': [-50, -61, -70, -54], 'timestamps': [1.783439474566746e+18, 1.783439474566746e+18, 1.783439474566746e+18, 1.7834394747133732e+18], 'frequencies': [2412, 2412, 2412, 2437]}
0 0 0 0 1 1 1 1 1783439475429099294
{'names': ['NU-AP06163', 'NU-AP06167', 'NU-AP06165', 'NU-AP06164'], 'addresses': ['48:00:b3:5f:46:a0', '48:00:b3:5e:0b:e0', '48:00:b3:5e:17:c0', '48:00:b3:5f:72:e0'], 'ssids': ['iotroam', 'iotroam', 'iotroam', 'iotroam'], 'signals': [-50, -61, -70, -54], 'timestamps': [1.783439474566746e+18, 1.783439474566746e+18, 1.783439474566746e+18, 1.7834394747133732e+18], 'frequencies': [2412, 2412, 2412, 2437]}
4 4 4 3 1 1 1 1 1783439475484773366
{'names': ['NU-AP06163', 'NU-AP06167', 'NU-AP06165', 'NU-AP06164'], 'addresses': ['48:00:b3:5f:46:a0', '48:00:b3:5e:0b:e0', '48:00:b3:5e:17:c0', '48:00:b3:5f:72:e0'], 'ssids': ['iotroam', 'iotroam', 'iotroam', 'iotroam'], 'signals': [-50, -61, -70, -54], 'timestamps': [1.7834394745667732e+18, 1.7834394745667732e+18, 1.7834394745667732e+18, 1.7834394747137733e+18], 'frequencies': [2412, 2412, 2412, 2437]}
0 0 0 0 1 1 1 1 1783439475541587018
{'names': ['NU-AP06163', 'NU-AP06167', 'NU-AP06165', 'NU-AP06164'], 'addresses': ['48:00:b3:5f:46:a0', '48:00:b3:5e:0b:e0', '48:00:b3:5e:17:c0', '48:00:b3:5f:72:e0'], 'ssids': ['iotroam', 'iotroam', 'iotroam', 'iotroam'], 'signals': [-50, -61, -70, -54], 'timestamps': [1.7834394745667732e+18, 1.7834394745667732e+18, 1.7834394745667732e+18, 1.7834394747137733e+18], 'frequencies': [2412, 2412, 2412, 2437]}
0 0 0 0 1 1 1 1 1783439475595726317
{'names': ['NU-AP06163', 'NU-AP06167', 'NU-AP06165', 'NU-AP06164'], 'addresses': ['48:00:b3:5f:46:a0', '48:00:b3:5e:0b:e0', '48:00:b3:5e:17:c0', '48:00:b3:5f:72:e0'], 'ssids': ['iotroam', 'iotroam', 'iotroam', 'iotroam'], 'signals': [-50, -61, -70, -54], 'timestamps': [1.7834394745667732e+18, 1.7834394745667732e+18, 1.7834394745667732e+18, 1.7834394747137733e+18], 'frequencies': [2412, 2412, 2412, 2437]}
0 0 0 0 1 1 1 1 1783439475650704331
{'names': ['NU-AP06163', 'NU-AP06167', 'NU-AP06165', 'NU-AP06164'], 'addresses': ['48:00:b3:5f:46:a0', '48:00:b3:5e:0b:e0', '48:00:b3:5e:17:c0', '48:00:b3:5f:72:e0'], 'ssids': ['iotroam', 'iotroam', 'iotroam', 'iotroam'], 'signals': [-50, -61, -70, -54], 'timestamps': [1.7834394745667732e+18, 1.7834394745667732e+18, 1.7834394745667732e+18, 1.7834394747137733e+18], 'frequencies': [2412, 2412, 2412, 2437]}
0 0 0 0 1 1 1 1 1783439475703902485
{'names': ['NU-AP06163', 'NU-AP06167', 'NU-AP06165', 'NU-AP06164'], 'addresses': ['48:00:b3:5f:46:a0', '48:00:b3:5e:0b:e0', '48:00:b3:5e:17:c0', '48:00:b3:5f:72:e0'], 'ssids': ['iotroam', 'iotroam', 'iotroam', 'iotroam'], 'signals': [-50, -61, -70, -54], 'timestamps': [1.7834394745667732e+18, 1.7834394745667732e+18, 1.7834394745667732e+18, 1.7834394747137733e+18], 'frequencies': [2412, 2412, 2412, 2437]}
0 0 0 0 1 1 1 1 1783439475759069462
{'names': ['NU-AP06163', 'NU-AP06167', 'NU-AP06165', 'NU-AP06164'], 'addresses': ['48:00:b3:5f:46:a0', '48:00:b3:5e:0b:e0', '48:00:b3:5e:17:c0', '48:00:b3:5f:72:e0'], 'ssids': ['iotroam', 'iotroam', 'iotroam', 'iotroam'], 'signals': [-50, -61, -70, -54], 'timestamps': [1.7834394745667732e+18, 1.7834394745667732e+18, 1.7834394745667732e+18, 1.7834394747137733e+18], 'frequencies': [2412, 2412, 2412, 2437]}
0 0 0 0 1 1 1 1 1783439475813057340
{'names': ['NU-AP06163', 'NU-AP06167', 'NU-AP06165', 'NU-AP06164'], 'addresses': ['48:00:b3:5f:46:a0', '48:00:b3:5e:0b:e0', '48:00:b3:5e:17:c0', '48:00:b3:5f:72:e0'], 'ssids': ['iotroam', 'iotroam', 'iotroam', 'iotroam'], 'signals': [-50, -61, -70, -54], 'timestamps': [1.7834394745667732e+18, 1.7834394745667732e+18, 1.7834394745667732e+18, 1.7834394747137733e+18], 'frequencies': [2412, 2412, 2412, 2437]}
4 4 4 3 1 1 1 1 1783439475867926265
{'names': ['NU-AP06163', 'NU-AP06167', 'NU-AP06165', 'NU-AP06164'], 'addresses': ['48:00:b3:5f:46:a0', '48:00:b3:5e:0b:e0', '48:00:b3:5e:17:c0', '48:00:b3:5f:72:e0'], 'ssids': ['iotroam', 'iotroam', 'iotroam', 'iotroam'], 'signals': [-50, -61, -70, -54], 'timestamps': [1.7834394745669263e+18, 1.7834394745669263e+18, 1.7834394745669263e+18, 1.7834394747139261e+18], 'frequencies': [2412, 2412, 2412, 2437]}
0 0 0 0 1 1 1 1 1783439475924033375
{'names': ['NU-AP06163', 'NU-AP06167', 'NU-AP06165', 'NU-AP06164'], 'addresses': ['48:00:b3:5f:46:a0', '48:00:b3:5e:0b:e0', '48:00:b3:5e:17:c0', '48:00:b3:5f:72:e0'], 'ssids': ['iotroam', 'iotroam', 'iotroam', 'iotroam'], 'signals': [-50, -61, -70, -54], 'timestamps': [1.7834394745669263e+18, 1.7834394745669263e+18, 1.7834394745669263e+18, 1.7834394747139261e+18], 'frequencies': [2412, 2412, 2412, 2437]}
0 0 0 0 1 1 1 1 1783439475978618254
{'names': ['NU-AP06163', 'NU-AP06167', 'NU-AP06165', 'NU-AP06164'], 'addresses': ['48:00:b3:5f:46:a0', '48:00:b3:5e:0b:e0', '48:00:b3:5e:17:c0', '48:00:b3:5f:72:e0'], 'ssids': ['iotroam', 'iotroam', 'iotroam', 'iotroam'], 'signals': [-50, -61, -70, -54], 'timestamps': [1.7834394745669263e+18, 1.7834394745669263e+18, 1.7834394745669263e+18, 1.7834394747139261e+18], 'frequencies': [2412, 2412, 2412, 2437]}
0 0 0 0 1 1 1 1 1783439476032339417
{'names': ['NU-AP06163', 'NU-AP06167', 'NU-AP06165', 'NU-AP06164'], 'addresses': ['48:00:b3:5f:46:a0', '48:00:b3:5e:0b:e0', '48:00:b3:5e:17:c0', '48:00:b3:5f:72:e0'], 'ssids': ['iotroam', 'iotroam', 'iotroam', 'iotroam'], 'signals': [-50, -61, -70, -54], 'timestamps': [1.7834394745669263e+18, 1.7834394745669263e+18, 1.7834394745669263e+18, 1.7834394747139261e+18], 'frequencies': [2412, 2412, 2412, 2437]}
0 0 0 0 1 1 1 1 1783439476087874086
{'names': ['NU-AP06163', 'NU-AP06167', 'NU-AP06165', 'NU-AP06164'], 'addresses': ['48:00:b3:5f:46:a0', '48:00:b3:5e:0b:e0', '48:00:b3:5e:17:c0', '48:00:b3:5f:72:e0'], 'ssids': ['iotroam', 'iotroam', 'iotroam', 'iotroam'], 'signals': [-50, -61, -70, -54], 'timestamps': [1.7834394745669263e+18, 1.7834394745669263e+18, 1.7834394745669263e+18, 1.7834394747139261e+18], 'frequencies': [2412, 2412, 2412, 2437]}
0 0 0 0 1 1 1 1 1783439476141147561
{'names': ['NU-AP06163', 'NU-AP06167', 'NU-AP06165', 'NU-AP06164'], 'addresses': ['48:00:b3:5f:46:a0', '48:00:b3:5e:0b:e0', '48:00:b3:5e:17:c0', '48:00:b3:5f:72:e0'], 'ssids': ['iotroam', 'iotroam', 'iotroam', 'iotroam'], 'signals': [-50, -61, -70, -54], 'timestamps': [1.7834394745669263e+18, 1.7834394745669263e+18, 1.7834394745669263e+18, 1.7834394747139261e+18], 'frequencies': [2412, 2412, 2412, 2437]}
0 0 0 0 1 1 1 1 1783439476195827307
{'names': ['NU-AP06163', 'NU-AP06167', 'NU-AP06165', 'NU-AP06164'], 'addresses': ['48:00:b3:5f:46:a0', '48:00:b3:5e:0b:e0', '48:00:b3:5e:17:c0', '48:00:b3:5f:72:e0'], 'ssids': ['iotroam', 'iotroam', 'iotroam', 'iotroam'], 'signals': [-50, -61, -70, -54], 'timestamps': [1.7834394745669263e+18, 1.7834394745669263e+18, 1.7834394745669263e+18, 1.7834394747139261e+18], 'frequencies': [2412, 2412, 2412, 2437]}
0 0 0 0 1 1 1 1 1783439476250014198
{'names': ['NU-AP06163', 'NU-AP06167', 'NU-AP06165', 'NU-AP06164'], 'addresses': ['48:00:b3:5f:46:a0', '48:00:b3:5e:0b:e0', '48:00:b3:5e:17:c0', '48:00:b3:5f:72:e0'], 'ssids': ['iotroam', 'iotroam', 'iotroam', 'iotroam'], 'signals': [-50, -61, -70, -54], 'timestamps': [1.7834394745669263e+18, 1.7834394745669263e+18, 1.7834394745669263e+18, 1.7834394747139261e+18], 'frequencies': [2412, 2412, 2412, 2437]}
0 0 0 0 1 1 1 1 1783439476305314999
{'names': ['NU-AP06163', 'NU-AP06167', 'NU-AP06165', 'NU-AP06164'], 'addresses': ['48:00:b3:5f:46:a0', '48:00:b3:5e:0b:e0', '48:00:b3:5e:17:c0', '48:00:b3:5f:72:e0'], 'ssids': ['iotroam', 'iotroam', 'iotroam', 'iotroam'], 'signals': [-50, -61, -70, -54], 'timestamps': [1.7834394745669263e+18, 1.7834394745669263e+18, 1.7834394745669263e+18, 1.7834394747139261e+18], 'frequencies': [2412, 2412, 2412, 2437]}
0 0 0 0 1 1 1 1 1783439476360522047
{'names': ['NU-AP06163', 'NU-AP06167', 'NU-AP06165', 'NU-AP06164'], 'addresses': ['48:00:b3:5f:46:a0', '48:00:b3:5e:0b:e0', '48:00:b3:5e:17:c0', '48:00:b3:5f:72:e0'], 'ssids': ['iotroam', 'iotroam', 'iotroam', 'iotroam'], 'signals': [-50, -61, -70, -54], 'timestamps': [1.7834394745669263e+18, 1.7834394745669263e+18, 1.7834394745669263e+18, 1.7834394747139261e+18], 'frequencies': [2412, 2412, 2412, 2437]}
0 0 0 0 1 1 1 1 1783439476414773721
{'names': ['NU-AP06163', 'NU-AP06167', 'NU-AP06165', 'NU-AP06164'], 'addresses': ['48:00:b3:5f:46:a0', '48:00:b3:5e:0b:e0', '48:00:b3:5e:17:c0', '48:00:b3:5f:72:e0'], 'ssids': ['iotroam', 'iotroam', 'iotroam', 'iotroam'], 'signals': [-50, -61, -70, -54], 'timestamps': [1.7834394745669263e+18, 1.7834394745669263e+18, 1.7834394745669263e+18, 1.7834394747139261e+18], 'frequencies': [2412, 2412, 2412, 2437]}
0 0 0 0 1 1 1 1 1783439476471764247
{'names': ['NU-AP06163', 'NU-AP06167', 'NU-AP06165', 'NU-AP06164'], 'addresses': ['48:00:b3:5f:46:a0', '48:00:b3:5e:0b:e0', '48:00:b3:5e:17:c0', '48:00:b3:5f:72:e0'], 'ssids': ['iotroam', 'iotroam', 'iotroam', 'iotroam'], 'signals': [-50, -61, -70, -54], 'timestamps': [1.7834394745669263e+18, 1.7834394745669263e+18, 1.7834394745669263e+18, 1.7834394747139261e+18], 'frequencies': [2412, 2412, 2412, 2437]}
0 0 0 0 1 1 1 1 1783439476526279276
{'names': ['NU-AP06163', 'NU-AP06167', 'NU-AP06165', 'NU-AP06164'], 'addresses': ['48:00:b3:5f:46:a0', '48:00:b3:5e:0b:e0', '48:00:b3:5e:17:c0', '48:00:b3:5f:72:e0'], 'ssids': ['iotroam', 'iotroam', 'iotroam', 'iotroam'], 'signals': [-50, -61, -70, -54], 'timestamps': [1.7834394745669263e+18, 1.7834394745669263e+18, 1.7834394745669263e+18, 1.7834394747139261e+18], 'frequencies': [2412, 2412, 2412, 2437]}
0 0 0 0 1 1 1 1 1783439476580924824
{'names': ['NU-AP06163', 'NU-AP06167', 'NU-AP06165', 'NU-AP06164'], 'addresses': ['48:00:b3:5f:46:a0', '48:00:b3:5e:0b:e0', '48:00:b3:5e:17:c0', '48:00:b3:5f:72:e0'], 'ssids': ['iotroam', 'iotroam', 'iotroam', 'iotroam'], 'signals': [-50, -61, -70, -54], 'timestamps': [1.7834394745669263e+18, 1.7834394745669263e+18, 1.7834394745669263e+18, 1.7834394747139261e+18], 'frequencies': [2412, 2412, 2412, 2437]}
4 4 4 3 2 2 2 2 1783439476655183786
{'names': ['NU-AP06163', 'NU-AP06167', 'NU-AP06165', 'NU-AP06164', 'NU-AP06163'], 'addresses': ['48:00:b3:5f:46:a0', '48:00:b3:5e:0b:e0', '48:00:b3:5e:17:c0', '48:00:b3:5f:72:e0', '48:00:b3:5f:46:af'], 'ssids': ['iotroam', 'iotroam', 'iotroam', 'iotroam', 'iotroam'], 'signals': [-50, -61, -70, -54, -67], 'timestamps': [1.7834394745711839e+18, 1.7834394745711839e+18, 1.7834394745711839e+18, 1.783439474718184e+18, 1.783439476618184e+18], 'frequencies': [2412, 2412, 2412, 2437, 5500]}
0 0 0 0 1 1 1 1 1783439476779532752
{'names': ['NU-AP06163', 'NU-AP06167', 'NU-AP06165', 'NU-AP06164', 'NU-AP06163'], 'addresses': ['48:00:b3:5f:46:a0', '48:00:b3:5e:0b:e0', '48:00:b3:5e:17:c0', '48:00:b3:5f:72:e0', '48:00:b3:5f:46:af'], 'ssids': ['iotroam', 'iotroam', 'iotroam', 'iotroam', 'iotroam'], 'signals': [-50, -61, -70, -54, -67], 'timestamps': [1.7834394745711839e+18, 1.7834394745711839e+18, 1.7834394745711839e+18, 1.783439474718184e+18, 1.783439476618184e+18], 'frequencies': [2412, 2412, 2412, 2437, 5500]}
0 0 0 0 1 1 1 1 1783439476837910953
{'names': ['NU-AP06163', 'NU-AP06167', 'NU-AP06165', 'NU-AP06164', 'NU-AP06163', 'NU-AP06164'], 'addresses': ['48:00:b3:5f:46:a0', '48:00:b3:5e:0b:e0', '48:00:b3:5e:17:c0', '48:00:b3:5f:72:e0', '48:00:b3:5f:46:af', '48:00:b3:5f:72:ee'], 'ssids': ['iotroam', 'iotroam', 'iotroam', 'iotroam', 'iotroam', 'eduroam'], 'signals': [-50, -61, -70, -54, -67, -60], 'timestamps': [1.7834394745711839e+18, 1.7834394745711839e+18, 1.7834394745711839e+18, 1.783439474718184e+18, 1.783439476618184e+18, 1.783439476824911e+18], 'frequencies': [2412, 2412, 2412, 2437, 5500, 5540]}
0 0 0 0 1 1 1 1 1783439476956929118
{'names': ['NU-AP06163', 'NU-AP06167', 'NU-AP06165', 'NU-AP06164', 'NU-AP06163', 'NU-AP06164'], 'addresses': ['48:00:b3:5f:46:a0', '48:00:b3:5e:0b:e0', '48:00:b3:5e:17:c0', '48:00:b3:5f:72:e0', '48:00:b3:5f:46:af', '48:00:b3:5f:72:ee'], 'ssids': ['iotroam', 'iotroam', 'iotroam', 'iotroam', 'iotroam', 'eduroam'], 'signals': [-50, -61, -70, -54, -67, -60], 'timestamps': [1.7834394745711839e+18, 1.7834394745711839e+18, 1.7834394745711839e+18, 1.783439474718184e+18, 1.783439476618184e+18, 1.783439476825929e+18], 'frequencies': [2412, 2412, 2412, 2437, 5500, 5540]}
0 0 0 0 1 1 0 0 1783439477702068331
{'names': ['NU-AP06163', 'NU-AP06167', 'NU-AP06165', 'NU-AP06164', 'NU-AP06163', 'NU-AP06164', 'NU-AP06167'], 'addresses': ['48:00:b3:5f:46:a0', '48:00:b3:5e:0b:e0', '48:00:b3:5e:17:c0', '48:00:b3:5f:72:e0', '48:00:b3:5f:46:af', '48:00:b3:5f:72:ee', '48:00:b3:5e:0b:ef'], 'ssids': ['iotroam', 'iotroam', 'iotroam', 'iotroam', 'iotroam', 'eduroam', 'iotroam'], 'signals': [-50, -61, -70, -54, -67, -60, -72], 'timestamps': [1.7834394745711839e+18, 1.7834394745711839e+18, 1.7834394745711839e+18, 1.783439474718184e+18, 1.783439476618184e+18, 1.783439476825929e+18, 1.7834394777010683e+18], 'frequencies': [2412, 2412, 2412, 2437, 5500, 5540, 5660]}
0 0 0 0 1 1 0 0 1783439477769495817
{'names': ['NU-AP06163', 'NU-AP06167', 'NU-AP06165', 'NU-AP06164', 'NU-AP06163', 'NU-AP06164', 'NU-AP06167'], 'addresses': ['48:00:b3:5f:46:a0', '48:00:b3:5e:0b:e0', '48:00:b3:5e:17:c0', '48:00:b3:5f:72:e0', '48:00:b3:5f:46:af', '48:00:b3:5f:72:ee', '48:00:b3:5e:0b:ef'], 'ssids': ['iotroam', 'iotroam', 'iotroam', 'iotroam', 'iotroam', 'eduroam', 'iotroam'], 'signals': [-50, -61, -70, -54, -67, -60, -73], 'timestamps': [1.7834394745711839e+18, 1.7834394745711839e+18, 1.7834394745711839e+18, 1.783439474718184e+18, 1.783439476618184e+18, 1.783439476825929e+18, 1.7834394777034957e+18], 'frequencies': [2412, 2412, 2412, 2437, 5500, 5540, 5660]}
0 0 0 0 1 1 0 0 1783439478003496309
{'names': ['NU-AP06163', 'NU-AP06167', 'NU-AP06165', 'NU-AP06164', 'NU-AP06163', 'NU-AP06164', 'NU-AP06167'], 'addresses': ['48:00:b3:5f:46:a0', '48:00:b3:5e:0b:e0', '48:00:b3:5e:17:c0', '48:00:b3:5f:72:e0', '48:00:b3:5f:46:af', '48:00:b3:5f:72:ee', '48:00:b3:5e:0b:ef'], 'ssids': ['iotroam', 'iotroam', 'iotroam', 'iotroam', 'iotroam', 'eduroam', 'iotroam'], 'signals': [-50, -61, -70, -54, -67, -60, -73], 'timestamps': [1.7834394745711839e+18, 1.7834394745711839e+18, 1.7834394745711839e+18, 1.783439474718184e+18, 1.783439476618184e+18, 1.783439476825929e+18, 1.7834394777034962e+18], 'frequencies': [2412, 2412, 2412, 2437, 5500, 5540, 5660]}
0 0 0 0 1 1 0 0 1783439478070523632
{'names': ['NU-AP06163', 'NU-AP06167', 'NU-AP06165', 'NU-AP06164', 'NU-AP06163', 'NU-AP06164', 'NU-AP06167'], 'addresses': ['48:00:b3:5f:46:a0', '48:00:b3:5e:0b:e0', '48:00:b3:5e:17:c0', '48:00:b3:5f:72:e0', '48:00:b3:5f:46:af', '48:00:b3:5f:72:ee', '48:00:b3:5e:0b:ef'], 'ssids': ['iotroam', 'iotroam', 'iotroam', 'iotroam', 'iotroam', 'eduroam', 'iotroam'], 'signals': [-50, -61, -70, -54, -67, -60, -73], 'timestamps': [1.7834394745711839e+18, 1.7834394745711839e+18, 1.7834394745711839e+18, 1.783439474718184e+18, 1.783439476618184e+18, 1.783439476825929e+18, 1.7834394777035236e+18], 'frequencies': [2412, 2412, 2412, 2437, 5500, 5540, 5660]}
0 0 0 0 1 1 1 1 1783439478214953216
{'names': ['NU-AP06163', 'NU-AP06167', 'NU-AP06165', 'NU-AP06164', 'NU-AP06163', 'NU-AP06164', 'NU-AP06167'], 'addresses': ['48:00:b3:5f:46:a0', '48:00:b3:5e:0b:e0', '48:00:b3:5e:17:c0', '48:00:b3:5f:72:e0', '48:00:b3:5f:46:af', '48:00:b3:5f:72:ee', '48:00:b3:5e:0b:ef'], 'ssids': ['iotroam', 'iotroam', 'iotroam', 'iotroam', 'iotroam', 'eduroam', 'iotroam'], 'signals': [-50, -61, -70, -54, -67, -60, -73], 'timestamps': [1.7834394745711839e+18, 1.7834394745711839e+18, 1.7834394745711839e+18, 1.783439474718184e+18, 1.783439476618184e+18, 1.7834394768259533e+18, 1.7834394777035236e+18], 'frequencies': [2412, 2412, 2412, 2437, 5500, 5540, 5660]}
0 0 0 0 1 1 0 0 1783439478282622047
{'names': ['NU-AP06163', 'NU-AP06167', 'NU-AP06165', 'NU-AP06164', 'NU-AP06163', 'NU-AP06164', 'NU-AP06167'], 'addresses': ['48:00:b3:5f:46:a0', '48:00:b3:5e:0b:e0', '48:00:b3:5e:17:c0', '48:00:b3:5f:72:e0', '48:00:b3:5f:46:af', '48:00:b3:5f:72:ee', '48:00:b3:5e:0b:ef'], 'ssids': ['iotroam', 'iotroam', 'iotroam', 'iotroam', 'iotroam', 'eduroam', 'iotroam'], 'signals': [-50, -61, -70, -54, -67, -60, -73], 'timestamps': [1.7834394745711839e+18, 1.7834394745711839e+18, 1.7834394745711839e+18, 1.783439474718184e+18, 1.783439476618184e+18, 1.7834394768259533e+18, 1.783439477703622e+18], 'frequencies': [2412, 2412, 2412, 2437, 5500, 5540, 5660]}
0 0 0 0 2 2 1 1 1783439478554332338
{'names': ['NU-AP06163', 'NU-AP06167', 'NU-AP06165', 'NU-AP06164', 'NU-AP06163', 'NU-AP06164', 'NU-AP06167'], 'addresses': ['48:00:b3:5f:46:a0', '48:00:b3:5e:0b:e0', '48:00:b3:5e:17:c0', '48:00:b3:5f:72:e0', '48:00:b3:5f:46:af', '48:00:b3:5f:72:ee', '48:00:b3:5e:0b:ef'], 'ssids': ['iotroam', 'iotroam', 'iotroam', 'iotroam', 'iotroam', 'eduroam', 'iotroam'], 'signals': [-50, -61, -70, -54, -67, -60, -73], 'timestamps': [1.7834394745711839e+18, 1.7834394745711839e+18, 1.7834394745711839e+18, 1.783439474718184e+18, 1.783439476618184e+18, 1.7834394768263324e+18, 1.7834394777043323e+18], 'frequencies': [2412, 2412, 2412, 2437, 5500, 5540, 5660]}
1 1 1 1 0 0 0 0 1783439479252858465
{'names': ['NU-AP06163', 'NU-AP06167', 'NU-AP06165', 'NU-AP06164', 'NU-AP06163', 'NU-AP06164', 'NU-AP06167'], 'addresses': ['48:00:b3:5f:46:a0', '48:00:b3:5e:0b:e0', '48:00:b3:5e:17:c0', '48:00:b3:5f:72:e0', '48:00:b3:5f:46:af', '48:00:b3:5f:72:ee', '48:00:b3:5e:0b:ef'], 'ssids': ['iotroam', 'iotroam', 'iotroam', 'iotroam', 'iotroam', 'eduroam', 'iotroam'], 'signals': [-50, -61, -70, -54, -67, -60, -73], 'timestamps': [1.7834394745711839e+18, 1.7834394745711839e+18, 1.7834394745711839e+18, 1.7834394791788585e+18, 1.783439476618184e+18, 1.7834394768263324e+18, 1.7834394777043323e+18], 'frequencies': [2412, 2412, 2412, 2437, 5500, 5540, 5660]}
1 1 1 1 0 0 0 0 1783439479465038303
{'names': ['NU-AP06163', 'NU-AP06167', 'NU-AP06165', 'NU-AP06164', 'NU-AP06163', 'NU-AP06164', 'NU-AP06167'], 'addresses': ['48:00:b3:5f:46:a0', '48:00:b3:5e:0b:e0', '48:00:b3:5e:17:c0', '48:00:b3:5f:72:e0', '48:00:b3:5f:46:af', '48:00:b3:5f:72:ee', '48:00:b3:5e:0b:ef'], 'ssids': ['iotroam', 'iotroam', 'iotroam', 'iotroam', 'iotroam', 'eduroam', 'iotroam'], 'signals': [-50, -61, -70, -54, -67, -60, -73], 'timestamps': [1.7834394745711839e+18, 1.7834394745711839e+18, 1.7834394745711839e+18, 1.7834394791790382e+18, 1.783439476618184e+18, 1.7834394768263324e+18, 1.7834394777043323e+18], 'frequencies': [2412, 2412, 2412, 2437, 5500, 5540, 5660]}
1 1 1 1 0 0 0 0 1783439479689170542
{'names': ['NU-AP06163', 'NU-AP06167', 'NU-AP06165', 'NU-AP06164', 'NU-AP06163', 'NU-AP06164', 'NU-AP06167'], 'addresses': ['48:00:b3:5f:46:a0', '48:00:b3:5e:0b:e0', '48:00:b3:5e:17:c0', '48:00:b3:5f:72:e0', '48:00:b3:5f:46:af', '48:00:b3:5f:72:ee', '48:00:b3:5e:0b:ef'], 'ssids': ['iotroam', 'iotroam', 'iotroam', 'iotroam', 'iotroam', 'eduroam', 'iotroam'], 'signals': [-50, -61, -70, -54, -67, -60, -73], 'timestamps': [1.7834394745711839e+18, 1.7834394745711839e+18, 1.7834394745711839e+18, 1.7834394791791703e+18, 1.783439476618184e+18, 1.7834394768263324e+18, 1.7834394777043323e+18], 'frequencies': [2412, 2412, 2412, 2437, 5500, 5540, 5660]}
1 1 1 1 0 0 0 0 1783439480904219775
{'names': ['NU-AP06164', 'NU-AP06163', 'NU-AP06164', 'NU-AP06167'], 'addresses': ['48:00:b3:5f:72:e0', '48:00:b3:5f:46:af', '48:00:b3:5f:72:ee', '48:00:b3:5e:0b:ef'], 'ssids': ['iotroam', 'iotroam', 'eduroam', 'iotroam'], 'signals': [-54, -67, -60, -73], 'timestamps': [1.7834394791792197e+18, 1.783439476618184e+18, 1.7834394768263324e+18, 1.7834394777043323e+18], 'frequencies': [2437, 5500, 5540, 5660]}
3 3 3 2 0 0 0 0 1783439480981789916
{'names': ['NU-AP06164', 'NU-AP06163', 'NU-AP06164', 'NU-AP06167'], 'addresses': ['48:00:b3:5f:72:e0', '48:00:b3:5f:46:af', '48:00:b3:5f:72:ee', '48:00:b3:5e:0b:ef'], 'ssids': ['iotroam', 'iotroam', 'eduroam', 'iotroam'], 'signals': [-54, -67, -60, -73], 'timestamps': [1.7834394791792197e+18, 1.783439476618184e+18, 1.7834394768263324e+18, 1.7834394777043323e+18], 'frequencies': [2437, 5500, 5540, 5660]}
3 3 3 2 1 1 1 1 1783439481059048803
{'names': ['NU-AP06164', 'NU-AP06163', 'NU-AP06164', 'NU-AP06167'], 'addresses': ['48:00:b3:5f:72:e0', '48:00:b3:5f:46:af', '48:00:b3:5f:72:ee', '48:00:b3:5e:0b:ef'], 'ssids': ['iotroam', 'iotroam', 'eduroam', 'iotroam'], 'signals': [-54, -66, -60, -73], 'timestamps': [1.7834394791792197e+18, 1.7834394809990487e+18, 1.7834394768263324e+18, 1.7834394777043323e+18], 'frequencies': [2437, 5500, 5540, 5660]}
4 4 4 3 3 3 2 2 1783439481151268463
{'names': ['NU-AP06164', 'NU-AP06163', 'NU-AP06164', 'NU-AP06167'], 'addresses': ['48:00:b3:5f:72:e0', '48:00:b3:5f:46:af', '48:00:b3:5f:72:ee', '48:00:b3:5e:0b:ef'], 'ssids': ['iotroam', 'iotroam', 'eduroam', 'iotroam'], 'signals': [-54, -66, -60, -73], 'timestamps': [1.7834394791802683e+18, 1.7834394810002683e+18, 1.7834394768272684e+18, 1.7834394777052682e+18], 'frequencies': [2437, 5500, 5540, 5660]}
4 4 4 3 3 3 2 2 1783439481236604460
{'names': ['NU-AP06164', 'NU-AP06163', 'NU-AP06164', 'NU-AP06167'], 'addresses': ['48:00:b3:5f:72:e0', '48:00:b3:5f:46:af', '48:00:b3:5f:72:ee', '48:00:b3:5e:0b:ef'], 'ssids': ['iotroam', 'iotroam', 'eduroam', 'iotroam'], 'signals': [-54, -66, -61, -73], 'timestamps': [1.7834394791806044e+18, 1.7834394810006044e+18, 1.7834394811816044e+18, 1.7834394777056044e+18], 'frequencies': [2437, 5500, 5540, 5660]}
3 3 3 2 0 0 0 0 1783439481315697537
{'names': ['NU-AP06164', 'NU-AP06163', 'NU-AP06164', 'NU-AP06167'], 'addresses': ['48:00:b3:5f:72:e0', '48:00:b3:5f:46:af', '48:00:b3:5f:72:ee', '48:00:b3:5e:0b:ef'], 'ssids': ['iotroam', 'iotroam', 'eduroam', 'iotroam'], 'signals': [-54, -66, -61, -73], 'timestamps': [1.7834394791806044e+18, 1.7834394810006044e+18, 1.7834394811816044e+18, 1.7834394777056044e+18], 'frequencies': [2437, 5500, 5540, 5660]}
3 3 3 2 0 0 0 0 1783439481395551712
{'names': ['NU-AP06164', 'NU-AP06163', 'NU-AP06164', 'NU-AP06167'], 'addresses': ['48:00:b3:5f:72:e0', '48:00:b3:5f:46:af', '48:00:b3:5f:72:ee', '48:00:b3:5e:0b:ef'], 'ssids': ['iotroam', 'iotroam', 'eduroam', 'iotroam'], 'signals': [-54, -66, -61, -73], 'timestamps': [1.7834394791806044e+18, 1.7834394810006044e+18, 1.7834394811816044e+18, 1.7834394777056044e+18], 'frequencies': [2437, 5500, 5540, 5660]}
3 3 3 2 0 0 0 0 1783439481470160169
{'names': ['NU-AP06164', 'NU-AP06163', 'NU-AP06164', 'NU-AP06167'], 'addresses': ['48:00:b3:5f:72:e0', '48:00:b3:5f:46:af', '48:00:b3:5f:72:ee', '48:00:b3:5e:0b:ef'], 'ssids': ['iotroam', 'iotroam', 'eduroam', 'iotroam'], 'signals': [-54, -66, -61, -73], 'timestamps': [1.7834394791806044e+18, 1.7834394810006044e+18, 1.7834394811816044e+18, 1.7834394777056044e+18], 'frequencies': [2437, 5500, 5540, 5660]}
4 4 4 3 3 3 2 2 1783439481550965050
{'names': ['NU-AP06164', 'NU-AP06163', 'NU-AP06164', 'NU-AP06167'], 'addresses': ['48:00:b3:5f:72:e0', '48:00:b3:5f:46:af', '48:00:b3:5f:72:ee', '48:00:b3:5e:0b:ef'], 'ssids': ['iotroam', 'iotroam', 'eduroam', 'iotroam'], 'signals': [-54, -66, -61, -73], 'timestamps': [1.7834394791809649e+18, 1.783439481000965e+18, 1.783439481181965e+18, 1.783439477705965e+18], 'frequencies': [2437, 5500, 5540, 5660]}
3 3 3 2 0 0 0 0 1783439481637624975
{'names': ['NU-AP06164', 'NU-AP06163', 'NU-AP06164', 'NU-AP06167'], 'addresses': ['48:00:b3:5f:72:e0', '48:00:b3:5f:46:af', '48:00:b3:5f:72:ee', '48:00:b3:5e:0b:ef'], 'ssids': ['iotroam', 'iotroam', 'eduroam', 'iotroam'], 'signals': [-54, -66, -61, -73], 'timestamps': [1.7834394791809649e+18, 1.783439481000965e+18, 1.783439481181965e+18, 1.783439477705965e+18], 'frequencies': [2437, 5500, 5540, 5660]}
3 3 3 2 0 0 0 0 1783439481714562886
{'names': ['NU-AP06164', 'NU-AP06163', 'NU-AP06164', 'NU-AP06167'], 'addresses': ['48:00:b3:5f:72:e0', '48:00:b3:5f:46:af', '48:00:b3:5f:72:ee', '48:00:b3:5e:0b:ef'], 'ssids': ['iotroam', 'iotroam', 'eduroam', 'iotroam'], 'signals': [-54, -66, -61, -73], 'timestamps': [1.7834394791809649e+18, 1.783439481000965e+18, 1.783439481181965e+18, 1.783439477705965e+18], 'frequencies': [2437, 5500, 5540, 5660]}
3 3 3 2 0 0 0 0 1783439481788994930
{'names': ['NU-AP06164', 'NU-AP06163', 'NU-AP06164', 'NU-AP06167'], 'addresses': ['48:00:b3:5f:72:e0', '48:00:b3:5f:46:af', '48:00:b3:5f:72:ee', '48:00:b3:5e:0b:ef'], 'ssids': ['iotroam', 'iotroam', 'eduroam', 'iotroam'], 'signals': [-54, -66, -61, -73], 'timestamps': [1.7834394791809649e+18, 1.783439481000965e+18, 1.783439481181965e+18, 1.783439477705965e+18], 'frequencies': [2437, 5500, 5540, 5660]}
3 3 3 2 0 0 0 0 1783439481865202082
{'names': ['NU-AP06164', 'NU-AP06163', 'NU-AP06164', 'NU-AP06167'], 'addresses': ['48:00:b3:5f:72:e0', '48:00:b3:5f:46:af', '48:00:b3:5f:72:ee', '48:00:b3:5e:0b:ef'], 'ssids': ['iotroam', 'iotroam', 'eduroam', 'iotroam'], 'signals': [-54, -66, -61, -73], 'timestamps': [1.7834394791809649e+18, 1.783439481000965e+18, 1.783439481181965e+18, 1.783439477705965e+18], 'frequencies': [2437, 5500, 5540, 5660]}
3 3 3 2 1 1 0 0 1783439481940160771
{'names': ['NU-AP06164', 'NU-AP06163', 'NU-AP06164', 'NU-AP06167'], 'addresses': ['48:00:b3:5f:72:e0', '48:00:b3:5f:46:af', '48:00:b3:5f:72:ee', '48:00:b3:5e:0b:ef'], 'ssids': ['iotroam', 'iotroam', 'eduroam', 'iotroam'], 'signals': [-54, -66, -61, -72], 'timestamps': [1.7834394791809649e+18, 1.783439481000965e+18, 1.783439481181965e+18, 1.7834394819141606e+18], 'frequencies': [2437, 5500, 5540, 5660]}
3 3 3 2 0 0 0 0 1783439482015680952
{'names': ['NU-AP06164', 'NU-AP06163', 'NU-AP06164', 'NU-AP06167'], 'addresses': ['48:00:b3:5f:72:e0', '48:00:b3:5f:46:af', '48:00:b3:5f:72:ee', '48:00:b3:5e:0b:ef'], 'ssids': ['iotroam', 'iotroam', 'eduroam', 'iotroam'], 'signals': [-54, -66, -61, -72], 'timestamps': [1.7834394791809649e+18, 1.783439481000965e+18, 1.783439481181965e+18, 1.7834394819141606e+18], 'frequencies': [2437, 5500, 5540, 5660]}
3 3 3 2 1 1 0 0 1783439482091626749
{'names': ['NU-AP06164', 'NU-AP06163', 'NU-AP06164', 'NU-AP06167'], 'addresses': ['48:00:b3:5f:72:e0', '48:00:b3:5f:46:af', '48:00:b3:5f:72:ee', '48:00:b3:5e:0b:ef'], 'ssids': ['iotroam', 'iotroam', 'eduroam', 'iotroam'], 'signals': [-54, -66, -61, -72], 'timestamps': [1.7834394791809649e+18, 1.783439481000965e+18, 1.783439481181965e+18, 1.7834394819146268e+18], 'frequencies': [2437, 5500, 5540, 5660]}
3 3 3 2 0 0 0 0 1783439482167399647
{'names': ['NU-AP06164', 'NU-AP06163', 'NU-AP06164', 'NU-AP06167'], 'addresses': ['48:00:b3:5f:72:e0', '48:00:b3:5f:46:af', '48:00:b3:5f:72:ee', '48:00:b3:5e:0b:ef'], 'ssids': ['iotroam', 'iotroam', 'eduroam', 'iotroam'], 'signals': [-54, -66, -61, -72], 'timestamps': [1.7834394791809649e+18, 1.783439481000965e+18, 1.783439481181965e+18, 1.7834394819146268e+18], 'frequencies': [2437, 5500, 5540, 5660]}
3 3 3 2 0 0 0 0 1783439482243187717
{'names': ['NU-AP06164', 'NU-AP06163', 'NU-AP06164', 'NU-AP06167'], 'addresses': ['48:00:b3:5f:72:e0', '48:00:b3:5f:46:af', '48:00:b3:5f:72:ee', '48:00:b3:5e:0b:ef'], 'ssids': ['iotroam', 'iotroam', 'eduroam', 'iotroam'], 'signals': [-54, -66, -61, -72], 'timestamps': [1.7834394791809649e+18, 1.783439481000965e+18, 1.783439481181965e+18, 1.7834394819146268e+18], 'frequencies': [2437, 5500, 5540, 5660]}
3 3 3 2 0 0 0 0 1783439482320505026
{'names': ['NU-AP06164', 'NU-AP06163', 'NU-AP06164', 'NU-AP06167'], 'addresses': ['48:00:b3:5f:72:e0', '48:00:b3:5f:46:af', '48:00:b3:5f:72:ee', '48:00:b3:5e:0b:ef'], 'ssids': ['iotroam', 'iotroam', 'eduroam', 'iotroam'], 'signals': [-54, -66, -61, -72], 'timestamps': [1.7834394791809649e+18, 1.783439481000965e+18, 1.783439481181965e+18, 1.7834394819146268e+18], 'frequencies': [2437, 5500, 5540, 5660]}
3 3 3 2 0 0 0 0 1783439482396553297
{'names': ['NU-AP06164', 'NU-AP06163', 'NU-AP06164', 'NU-AP06167'], 'addresses': ['48:00:b3:5f:72:e0', '48:00:b3:5f:46:af', '48:00:b3:5f:72:ee', '48:00:b3:5e:0b:ef'], 'ssids': ['iotroam', 'iotroam', 'eduroam', 'iotroam'], 'signals': [-54, -66, -61, -72], 'timestamps': [1.7834394791809649e+18, 1.783439481000965e+18, 1.783439481181965e+18, 1.7834394819146268e+18], 'frequencies': [2437, 5500, 5540, 5660]}
3 3 3 2 0 0 0 0 1783439482472072151
{'names': ['NU-AP06164', 'NU-AP06163', 'NU-AP06164', 'NU-AP06167'], 'addresses': ['48:00:b3:5f:72:e0', '48:00:b3:5f:46:af', '48:00:b3:5f:72:ee', '48:00:b3:5e:0b:ef'], 'ssids': ['iotroam', 'iotroam', 'eduroam', 'iotroam'], 'signals': [-54, -66, -61, -72], 'timestamps': [1.7834394791809649e+18, 1.783439481000965e+18, 1.783439481181965e+18, 1.7834394819146268e+18], 'frequencies': [2437, 5500, 5540, 5660]}
3 3 3 2 1 1 0 0 1783439482548683363
{'names': ['NU-AP06164', 'NU-AP06163', 'NU-AP06164', 'NU-AP06167'], 'addresses': ['48:00:b3:5f:72:e0', '48:00:b3:5f:46:af', '48:00:b3:5f:72:ee', '48:00:b3:5e:0b:ef'], 'ssids': ['iotroam', 'iotroam', 'eduroam', 'iotroam'], 'signals': [-54, -66, -61, -72], 'timestamps': [1.7834394791809649e+18, 1.783439481000965e+18, 1.783439481181965e+18, 1.7834394819146834e+18], 'frequencies': [2437, 5500, 5540, 5660]}
3 3 3 2 0 0 0 0 1783439482626721251
{'names': ['NU-AP06164', 'NU-AP06163', 'NU-AP06164', 'NU-AP06167'], 'addresses': ['48:00:b3:5f:72:e0', '48:00:b3:5f:46:af', '48:00:b3:5f:72:ee', '48:00:b3:5e:0b:ef'], 'ssids': ['iotroam', 'iotroam', 'eduroam', 'iotroam'], 'signals': [-54, -66, -61, -72], 'timestamps': [1.7834394791809649e+18, 1.783439481000965e+18, 1.783439481181965e+18, 1.7834394819146834e+18], 'frequencies': [2437, 5500, 5540, 5660]}
3 3 3 2 0 0 0 0 1783439482704732492
{'names': ['NU-AP06164', 'NU-AP06163', 'NU-AP06164', 'NU-AP06167'], 'addresses': ['48:00:b3:5f:72:e0', '48:00:b3:5f:46:af', '48:00:b3:5f:72:ee', '48:00:b3:5e:0b:ef'], 'ssids': ['iotroam', 'iotroam', 'eduroam', 'iotroam'], 'signals': [-54, -66, -61, -72], 'timestamps': [1.7834394791809649e+18, 1.783439481000965e+18, 1.783439481181965e+18, 1.7834394819146834e+18], 'frequencies': [2437, 5500, 5540, 5660]}
3 3 3 2 0 0 0 0 1783439482781387960
{'names': ['NU-AP06164', 'NU-AP06163', 'NU-AP06164', 'NU-AP06167'], 'addresses': ['48:00:b3:5f:72:e0', '48:00:b3:5f:46:af', '48:00:b3:5f:72:ee', '48:00:b3:5e:0b:ef'], 'ssids': ['iotroam', 'iotroam', 'eduroam', 'iotroam'], 'signals': [-54, -66, -61, -72], 'timestamps': [1.7834394791809649e+18, 1.783439481000965e+18, 1.783439481181965e+18, 1.7834394819146834e+18], 'frequencies': [2437, 5500, 5540, 5660]}
3 3 3 2 0 0 0 0 1783439482856096910
{'names': ['NU-AP06164', 'NU-AP06163', 'NU-AP06164', 'NU-AP06167'], 'addresses': ['48:00:b3:5f:72:e0', '48:00:b3:5f:46:af', '48:00:b3:5f:72:ee', '48:00:b3:5e:0b:ef'], 'ssids': ['iotroam', 'iotroam', 'eduroam', 'iotroam'], 'signals': [-54, -66, -61, -72], 'timestamps': [1.7834394791809649e+18, 1.783439481000965e+18, 1.783439481181965e+18, 1.7834394819146834e+18], 'frequencies': [2437, 5500, 5540, 5660]}
3 3 3 2 0 0 0 0 1783439482932770560
{'names': ['NU-AP06164', 'NU-AP06163', 'NU-AP06164', 'NU-AP06167'], 'addresses': ['48:00:b3:5f:72:e0', '48:00:b3:5f:46:af', '48:00:b3:5f:72:ee', '48:00:b3:5e:0b:ef'], 'ssids': ['iotroam', 'iotroam', 'eduroam', 'iotroam'], 'signals': [-54, -66, -61, -72], 'timestamps': [1.7834394791809649e+18, 1.783439481000965e+18, 1.783439481181965e+18, 1.7834394819146834e+18], 'frequencies': [2437, 5500, 5540, 5660]}
3 3 3 2 0 0 0 0 1783439483008529410
{'names': ['NU-AP06164', 'NU-AP06163', 'NU-AP06164', 'NU-AP06167'], 'addresses': ['48:00:b3:5f:72:e0', '48:00:b3:5f:46:af', '48:00:b3:5f:72:ee', '48:00:b3:5e:0b:ef'], 'ssids': ['iotroam', 'iotroam', 'eduroam', 'iotroam'], 'signals': [-54, -66, -61, -72], 'timestamps': [1.7834394791809649e+18, 1.783439481000965e+18, 1.783439481181965e+18, 1.7834394819146834e+18], 'frequencies': [2437, 5500, 5540, 5660]}
3 3 3 2 0 0 0 0 1783439483084162175
{'names': ['NU-AP06164', 'NU-AP06163', 'NU-AP06164', 'NU-AP06167'], 'addresses': ['48:00:b3:5f:72:e0', '48:00:b3:5f:46:af', '48:00:b3:5f:72:ee', '48:00:b3:5e:0b:ef'], 'ssids': ['iotroam', 'iotroam', 'eduroam', 'iotroam'], 'signals': [-54, -66, -61, -72], 'timestamps': [1.7834394791809649e+18, 1.783439481000965e+18, 1.783439481181965e+18, 1.7834394819146834e+18], 'frequencies': [2437, 5500, 5540, 5660]}
2 2 2 2 0 0 0 0 1783439483169024706
{'names': ['NU-AP06164', 'NU-AP06163', 'NU-AP06164', 'NU-AP06167', 'NU-AP06163', 'NU-AP06167'], 'addresses': ['48:00:b3:5f:72:e0', '48:00:b3:5f:46:af', '48:00:b3:5f:72:ee', '48:00:b3:5e:0b:ef', '48:00:b3:5f:46:a0', '48:00:b3:5e:0b:e0'], 'ssids': ['iotroam', 'iotroam', 'eduroam', 'iotroam', 'iotroam', 'iotroam'], 'signals': [-54, -66, -61, -72, -50, -61], 'timestamps': [1.7834394791809649e+18, 1.783439481000965e+18, 1.783439481181965e+18, 1.7834394819146834e+18, 1.7834394831680248e+18, 1.7834394831670246e+18], 'frequencies': [2437, 5500, 5540, 5660, 2412, 2412]}
2 2 2 2 0 0 0 0 1783439483292648332
{'names': ['NU-AP06164', 'NU-AP06163', 'NU-AP06164', 'NU-AP06167', 'NU-AP06163', 'NU-AP06167'], 'addresses': ['48:00:b3:5f:72:e0', '48:00:b3:5f:46:af', '48:00:b3:5f:72:ee', '48:00:b3:5e:0b:ef', '48:00:b3:5f:46:a0', '48:00:b3:5e:0b:e0'], 'ssids': ['iotroam', 'iotroam', 'eduroam', 'iotroam', 'iotroam', 'iotroam'], 'signals': [-54, -66, -61, -72, -50, -61], 'timestamps': [1.7834394791809649e+18, 1.783439481000965e+18, 1.783439481181965e+18, 1.7834394819146834e+18, 1.7834394831686484e+18, 1.7834394831676485e+18], 'frequencies': [2437, 5500, 5540, 5660, 2412, 2412]}
1 1 1 1 0 0 0 0 1783439483353297720
{'names': ['NU-AP06164', 'NU-AP06163', 'NU-AP06164', 'NU-AP06167', 'NU-AP06163', 'NU-AP06167'], 'addresses': ['48:00:b3:5f:72:e0', '48:00:b3:5f:46:af', '48:00:b3:5f:72:ee', '48:00:b3:5e:0b:ef', '48:00:b3:5f:46:a0', '48:00:b3:5e:0b:e0'], 'ssids': ['iotroam', 'iotroam', 'eduroam', 'iotroam', 'iotroam', 'iotroam'], 'signals': [-54, -66, -61, -72, -50, -61], 'timestamps': [1.7834394833152978e+18, 1.783439481000965e+18, 1.783439481181965e+18, 1.7834394819146834e+18, 1.7834394831686484e+18, 1.7834394831676485e+18], 'frequencies': [2437, 5500, 5540, 5660, 2412, 2412]}
1 1 0 0 0 0 0 0 1783439483531868245
{'names': ['NU-AP06164', 'NU-AP06163', 'NU-AP06164', 'NU-AP06167', 'NU-AP06163', 'NU-AP06167', 'NU-AP06162'], 'addresses': ['48:00:b3:5f:72:e0', '48:00:b3:5f:46:af', '48:00:b3:5f:72:ee', '48:00:b3:5e:0b:ef', '48:00:b3:5f:46:a0', '48:00:b3:5e:0b:e0', '48:00:b3:5a:90:82'], 'ssids': ['iotroam', 'iotroam', 'eduroam', 'iotroam', 'iotroam', 'iotroam', 'VU-Campusnet'], 'signals': [-54, -66, -61, -72, -50, -61, -80], 'timestamps': [1.7834394833152978e+18, 1.783439481000965e+18, 1.783439481181965e+18, 1.7834394819146834e+18, 1.7834394831686484e+18, 1.7834394831676485e+18, 1.783439483480868e+18], 'frequencies': [2437, 5500, 5540, 5660, 2412, 2412, 2462]}
2 2 1 1 0 0 0 0 1783439483594643126
{'names': ['NU-AP06164', 'NU-AP06163', 'NU-AP06164', 'NU-AP06167', 'NU-AP06163', 'NU-AP06167', 'NU-AP06162'], 'addresses': ['48:00:b3:5f:72:e0', '48:00:b3:5f:46:af', '48:00:b3:5f:72:ee', '48:00:b3:5e:0b:ef', '48:00:b3:5f:46:a0', '48:00:b3:5e:0b:e0', '48:00:b3:5a:90:82'], 'ssids': ['iotroam', 'iotroam', 'eduroam', 'iotroam', 'iotroam', 'iotroam', 'VU-Campusnet'], 'signals': [-54, -66, -61, -72, -50, -61, -80], 'timestamps': [1.7834394833156431e+18, 1.783439481000965e+18, 1.783439481181965e+18, 1.7834394819146834e+18, 1.7834394831686484e+18, 1.7834394831676485e+18, 1.7834394834816433e+18], 'frequencies': [2437, 5500, 5540, 5660, 2412, 2412, 2462]}
4 4 3 3 0 0 0 0 1783439483783888158
{'names': ['NU-AP06164', 'NU-AP06163', 'NU-AP06164', 'NU-AP06167', 'NU-AP06163', 'NU-AP06167', 'NU-AP06162'], 'addresses': ['48:00:b3:5f:72:e0', '48:00:b3:5f:46:af', '48:00:b3:5f:72:ee', '48:00:b3:5e:0b:ef', '48:00:b3:5f:46:a0', '48:00:b3:5e:0b:e0', '48:00:b3:5a:90:82'], 'ssids': ['iotroam', 'iotroam', 'eduroam', 'iotroam', 'iotroam', 'iotroam', 'VU-Campusnet'], 'signals': [-54, -66, -61, -72, -50, -61, -80], 'timestamps': [1.783439483315888e+18, 1.783439481000965e+18, 1.783439481181965e+18, 1.7834394819146834e+18, 1.783439483168888e+18, 1.7834394831678881e+18, 1.7834394834818883e+18], 'frequencies': [2437, 5500, 5540, 5660, 2412, 2412, 2462]}
4 4 3 3 1 1 0 0 1783439484238691093
{'names': ['NU-AP06164', 'NU-AP06163', 'NU-AP06164', 'NU-AP06167', 'NU-AP06163', 'NU-AP06167', 'NU-AP06162'], 'addresses': ['48:00:b3:5f:72:e0', '48:00:b3:5f:46:af', '48:00:b3:5f:72:ee', '48:00:b3:5e:0b:ef', '48:00:b3:5f:46:a0', '48:00:b3:5e:0b:e0', '48:00:b3:5a:90:82'], 'ssids': ['iotroam', 'iotroam', 'eduroam', 'iotroam', 'iotroam', 'iotroam', 'VU-Campusnet'], 'signals': [-54, -66, -61, -72, -50, -61, -80], 'timestamps': [1.7834394833176911e+18, 1.783439481000965e+18, 1.783439481181965e+18, 1.783439481915691e+18, 1.783439483170691e+18, 1.7834394831696911e+18, 1.783439483483691e+18], 'frequencies': [2437, 5500, 5540, 5660, 2412, 2412, 2462]}
