1 1 1 1 1 1 1 1 1783438072578077494
{'names': ['NU-AP06163'], 'addresses': ['48:00:b3:5f:46:a0'], 'ssids': ['iotroam'], 'signals': [-50], 'timestamps': [1.7834380725730775e+18], 'frequencies': [2412]}
0 0 0 0 1 1 1 1 1783438072625811326
{'names': ['NU-AP06163'], 'addresses': ['48:00:b3:5f:46:a0'], 'ssids': ['iotroam'], 'signals': [-50], 'timestamps': [1.7834380725730775e+18], 'frequencies': [2412]}
0 0 0 0 1 1 1 1 1783438072670273789
{'names': ['NU-AP06163'], 'addresses': ['48:00:b3:5f:46:a0'], 'ssids': ['iotroam'], 'signals': [-50], 'timestamps': [1.7834380725730775e+18], 'frequencies': [2412]}
1 1 1 1 1 1 1 1 1783438072715129784
{'names': ['NU-AP06163'], 'addresses': ['48:00:b3:5f:46:a0'], 'ssids': ['iotroam'], 'signals': [-50], 'timestamps': [1.7834380725731297e+18], 'frequencies': [2412]}
0 0 0 0 1 1 1 1 1783438072759589491
{'names': ['NU-AP06163'], 'addresses': ['48:00:b3:5f:46:a0'], 'ssids': ['iotroam'], 'signals': [-50], 'timestamps': [1.7834380725731297e+18], 'frequencies': [2412]}
0 0 0 0 1 1 1 1 1783438072803785354
{'names': ['NU-AP06163'], 'addresses': ['48:00:b3:5f:46:a0'], 'ssids': ['iotroam'], 'signals': [-50], 'timestamps': [1.7834380725731297e+18], 'frequencies': [2412]}
0 0 0 0 1 1 1 1 1783438072847798738
{'names': ['NU-AP06163'], 'addresses': ['48:00:b3:5f:46:a0'], 'ssids': ['iotroam'], 'signals': [-50], 'timestamps': [1.7834380725731297e+18], 'frequencies': [2412]}
1 1 0 0 1 1 1 1 1783438072892594182
{'names': ['NU-AP06163', 'NU-AP06162'], 'addresses': ['48:00:b3:5f:46:a0', '48:00:b3:5a:90:82'], 'ssids': ['iotroam', 'VU-Campusnet'], 'signals': [-50, -80], 'timestamps': [1.7834380725731297e+18, 1.7834380728835942e+18], 'frequencies': [2412, 2462]}
1 1 0 0 1 1 1 1 1783438072939027626
{'names': ['NU-AP06163', 'NU-AP06162'], 'addresses': ['48:00:b3:5f:46:a0', '48:00:b3:5a:90:82'], 'ssids': ['iotroam', 'VU-Campusnet'], 'signals': [-50, -79], 'timestamps': [1.7834380725731297e+18, 1.7834380728970276e+18], 'frequencies': [2412, 2462]}
1 1 0 0 1 1 1 1 1783438072986041528
{'names': ['NU-AP06163', 'NU-AP06162'], 'addresses': ['48:00:b3:5f:46:a0', '48:00:b3:5a:90:82'], 'ssids': ['iotroam', 'VU-Campusnet'], 'signals': [-50, -79], 'timestamps': [1.7834380725731297e+18, 1.7834380728970417e+18], 'frequencies': [2412, 2462]}
0 0 0 0 1 1 1 1 1783438073033581349
{'names': ['NU-AP06163', 'NU-AP06162'], 'addresses': ['48:00:b3:5f:46:a0', '48:00:b3:5a:90:82'], 'ssids': ['iotroam', 'VU-Campusnet'], 'signals': [-50, -79], 'timestamps': [1.7834380725731297e+18, 1.7834380728970417e+18], 'frequencies': [2412, 2462]}
2 2 1 1 1 1 1 1 1783438073086998944
{'names': ['NU-AP06163', 'NU-AP06162'], 'addresses': ['48:00:b3:5f:46:a0', '48:00:b3:5a:90:82'], 'ssids': ['iotroam', 'VU-Campusnet'], 'signals': [-50, -79], 'timestamps': [1.783438072573999e+18, 1.783438072897999e+18], 'frequencies': [2412, 2462]}
2 2 1 1 1 1 1 1 1783438073187508072
{'names': ['NU-AP06163', 'NU-AP06162'], 'addresses': ['48:00:b3:5f:46:a0', '48:00:b3:5a:90:82'], 'ssids': ['iotroam', 'VU-Campusnet'], 'signals': [-50, -79], 'timestamps': [1.783438072575508e+18, 1.783438072899508e+18], 'frequencies': [2412, 2462]}
0 0 0 0 1 1 1 1 1783438073242644602
{'names': ['NU-AP06163', 'NU-AP06162'], 'addresses': ['48:00:b3:5f:46:a0', '48:00:b3:5a:90:82'], 'ssids': ['iotroam', 'VU-Campusnet'], 'signals': [-50, -79], 'timestamps': [1.783438072575508e+18, 1.783438072899508e+18], 'frequencies': [2412, 2462]}
0 0 0 0 1 1 1 1 1783438073291147051
{'names': ['NU-AP06163', 'NU-AP06162'], 'addresses': ['48:00:b3:5f:46:a0', '48:00:b3:5a:90:82'], 'ssids': ['iotroam', 'VU-Campusnet'], 'signals': [-50, -79], 'timestamps': [1.783438072575508e+18, 1.783438072899508e+18], 'frequencies': [2412, 2462]}
0 0 0 0 1 1 1 1 1783438073339252271
{'names': ['NU-AP06163', 'NU-AP06162'], 'addresses': ['48:00:b3:5f:46:a0', '48:00:b3:5a:90:82'], 'ssids': ['iotroam', 'VU-Campusnet'], 'signals': [-50, -79], 'timestamps': [1.783438072575508e+18, 1.783438072899508e+18], 'frequencies': [2412, 2462]}
0 0 0 0 1 1 1 1 1783438073386590311
{'names': ['NU-AP06163', 'NU-AP06162'], 'addresses': ['48:00:b3:5f:46:a0', '48:00:b3:5a:90:82'], 'ssids': ['iotroam', 'VU-Campusnet'], 'signals': [-50, -79], 'timestamps': [1.783438072575508e+18, 1.783438072899508e+18], 'frequencies': [2412, 2462]}
0 0 0 0 1 1 1 1 1783438073432289534
{'names': ['NU-AP06163', 'NU-AP06162'], 'addresses': ['48:00:b3:5f:46:a0', '48:00:b3:5a:90:82'], 'ssids': ['iotroam', 'VU-Campusnet'], 'signals': [-50, -79], 'timestamps': [1.783438072575508e+18, 1.783438072899508e+18], 'frequencies': [2412, 2462]}
0 0 0 0 1 1 1 1 1783438073479070450
{'names': ['NU-AP06163', 'NU-AP06162'], 'addresses': ['48:00:b3:5f:46:a0', '48:00:b3:5a:90:82'], 'ssids': ['iotroam', 'VU-Campusnet'], 'signals': [-50, -79], 'timestamps': [1.783438072575508e+18, 1.783438072899508e+18], 'frequencies': [2412, 2462]}
0 0 0 0 1 1 1 1 1783438073526172345
{'names': ['NU-AP06163', 'NU-AP06162'], 'addresses': ['48:00:b3:5f:46:a0', '48:00:b3:5a:90:82'], 'ssids': ['iotroam', 'VU-Campusnet'], 'signals': [-50, -79], 'timestamps': [1.783438072575508e+18, 1.783438072899508e+18], 'frequencies': [2412, 2462]}
0 0 0 0 1 1 1 1 1783438073574451900
{'names': ['NU-AP06163', 'NU-AP06162'], 'addresses': ['48:00:b3:5f:46:a0', '48:00:b3:5a:90:82'], 'ssids': ['iotroam', 'VU-Campusnet'], 'signals': [-50, -79], 'timestamps': [1.783438072575508e+18, 1.783438072899508e+18], 'frequencies': [2412, 2462]}
0 0 0 0 1 1 1 1 1783438073622264011
{'names': ['NU-AP06163', 'NU-AP06162'], 'addresses': ['48:00:b3:5f:46:a0', '48:00:b3:5a:90:82'], 'ssids': ['iotroam', 'VU-Campusnet'], 'signals': [-50, -79], 'timestamps': [1.783438072575508e+18, 1.783438072899508e+18], 'frequencies': [2412, 2462]}
0 0 0 0 1 1 1 1 1783438073668608892
{'names': ['NU-AP06163', 'NU-AP06162'], 'addresses': ['48:00:b3:5f:46:a0', '48:00:b3:5a:90:82'], 'ssids': ['iotroam', 'VU-Campusnet'], 'signals': [-50, -79], 'timestamps': [1.783438072575508e+18, 1.783438072899508e+18], 'frequencies': [2412, 2462]}
0 0 0 0 1 1 1 1 1783438073715392669
{'names': ['NU-AP06163', 'NU-AP06162'], 'addresses': ['48:00:b3:5f:46:a0', '48:00:b3:5a:90:82'], 'ssids': ['iotroam', 'VU-Campusnet'], 'signals': [-50, -79], 'timestamps': [1.783438072575508e+18, 1.783438072899508e+18], 'frequencies': [2412, 2462]}
0 0 0 0 1 1 1 1 1783438073761680867
{'names': ['NU-AP06163', 'NU-AP06162'], 'addresses': ['48:00:b3:5f:46:a0', '48:00:b3:5a:90:82'], 'ssids': ['iotroam', 'VU-Campusnet'], 'signals': [-50, -79], 'timestamps': [1.783438072575508e+18, 1.783438072899508e+18], 'frequencies': [2412, 2462]}
0 0 0 0 1 1 1 1 1783438073809487163
{'names': ['NU-AP06163', 'NU-AP06162'], 'addresses': ['48:00:b3:5f:46:a0', '48:00:b3:5a:90:82'], 'ssids': ['iotroam', 'VU-Campusnet'], 'signals': [-50, -79], 'timestamps': [1.783438072575508e+18, 1.783438072899508e+18], 'frequencies': [2412, 2462]}
0 0 0 0 1 1 1 1 1783438073857631992
{'names': ['NU-AP06163', 'NU-AP06162'], 'addresses': ['48:00:b3:5f:46:a0', '48:00:b3:5a:90:82'], 'ssids': ['iotroam', 'VU-Campusnet'], 'signals': [-50, -79], 'timestamps': [1.783438072575508e+18, 1.783438072899508e+18], 'frequencies': [2412, 2462]}
0 0 0 0 1 1 1 1 1783438073906547827
{'names': ['NU-AP06163', 'NU-AP06162'], 'addresses': ['48:00:b3:5f:46:a0', '48:00:b3:5a:90:82'], 'ssids': ['iotroam', 'VU-Campusnet'], 'signals': [-50, -79], 'timestamps': [1.783438072575508e+18, 1.783438072899508e+18], 'frequencies': [2412, 2462]}
0 0 0 0 1 1 1 1 1783438073954012604
{'names': ['NU-AP06163', 'NU-AP06162'], 'addresses': ['48:00:b3:5f:46:a0', '48:00:b3:5a:90:82'], 'ssids': ['iotroam', 'VU-Campusnet'], 'signals': [-50, -79], 'timestamps': [1.783438072575508e+18, 1.783438072899508e+18], 'frequencies': [2412, 2462]}
0 0 0 0 1 1 1 1 1783438074000302702
{'names': ['NU-AP06163', 'NU-AP06162'], 'addresses': ['48:00:b3:5f:46:a0', '48:00:b3:5a:90:82'], 'ssids': ['iotroam', 'VU-Campusnet'], 'signals': [-50, -79], 'timestamps': [1.783438072575508e+18, 1.783438072899508e+18], 'frequencies': [2412, 2462]}
0 0 0 0 1 1 1 1 1783438074049892279
{'names': ['NU-AP06163', 'NU-AP06162'], 'addresses': ['48:00:b3:5f:46:a0', '48:00:b3:5a:90:82'], 'ssids': ['iotroam', 'VU-Campusnet'], 'signals': [-50, -79], 'timestamps': [1.783438072575508e+18, 1.783438072899508e+18], 'frequencies': [2412, 2462]}
0 0 0 0 1 1 1 1 1783438074100489105
{'names': ['NU-AP06163', 'NU-AP06162'], 'addresses': ['48:00:b3:5f:46:a0', '48:00:b3:5a:90:82'], 'ssids': ['iotroam', 'VU-Campusnet'], 'signals': [-50, -79], 'timestamps': [1.783438072575508e+18, 1.783438072899508e+18], 'frequencies': [2412, 2462]}
0 0 0 0 1 1 1 1 1783438074148202229
{'names': ['NU-AP06163', 'NU-AP06162'], 'addresses': ['48:00:b3:5f:46:a0', '48:00:b3:5a:90:82'], 'ssids': ['iotroam', 'VU-Campusnet'], 'signals': [-50, -79], 'timestamps': [1.783438072575508e+18, 1.783438072899508e+18], 'frequencies': [2412, 2462]}
0 0 0 0 1 1 1 1 1783438074199297932
{'names': ['NU-AP06163', 'NU-AP06162'], 'addresses': ['48:00:b3:5f:46:a0', '48:00:b3:5a:90:82'], 'ssids': ['iotroam', 'VU-Campusnet'], 'signals': [-50, -79], 'timestamps': [1.783438072575508e+18, 1.783438072899508e+18], 'frequencies': [2412, 2462]}
0 0 0 0 1 1 1 1 1783438074257249881
{'names': ['NU-AP06163', 'NU-AP06162'], 'addresses': ['48:00:b3:5f:46:a0', '48:00:b3:5a:90:82'], 'ssids': ['iotroam', 'VU-Campusnet'], 'signals': [-50, -79], 'timestamps': [1.783438072575508e+18, 1.783438072899508e+18], 'frequencies': [2412, 2462]}
0 0 0 0 1 1 1 1 1783438074307698484
{'names': ['NU-AP06163', 'NU-AP06162'], 'addresses': ['48:00:b3:5f:46:a0', '48:00:b3:5a:90:82'], 'ssids': ['iotroam', 'VU-Campusnet'], 'signals': [-50, -79], 'timestamps': [1.783438072575508e+18, 1.783438072899508e+18], 'frequencies': [2412, 2462]}
0 0 0 0 1 1 1 1 1783438074355773466
{'names': ['NU-AP06163', 'NU-AP06162'], 'addresses': ['48:00:b3:5f:46:a0', '48:00:b3:5a:90:82'], 'ssids': ['iotroam', 'VU-Campusnet'], 'signals': [-50, -79], 'timestamps': [1.783438072575508e+18, 1.783438072899508e+18], 'frequencies': [2412, 2462]}
0 0 0 0 1 1 1 1 1783438074408153927
{'names': ['NU-AP06163', 'NU-AP06162'], 'addresses': ['48:00:b3:5f:46:a0', '48:00:b3:5a:90:82'], 'ssids': ['iotroam', 'VU-Campusnet'], 'signals': [-50, -79], 'timestamps': [1.783438072575508e+18, 1.783438072899508e+18], 'frequencies': [2412, 2462]}
0 0 0 0 1 1 1 1 1783438074455280110
{'names': ['NU-AP06163', 'NU-AP06162'], 'addresses': ['48:00:b3:5f:46:a0', '48:00:b3:5a:90:82'], 'ssids': ['iotroam', 'VU-Campusnet'], 'signals': [-50, -79], 'timestamps': [1.783438072575508e+18, 1.783438072899508e+18], 'frequencies': [2412, 2462]}
0 0 0 0 1 1 1 1 1783438074503228463
{'names': ['NU-AP06163', 'NU-AP06162'], 'addresses': ['48:00:b3:5f:46:a0', '48:00:b3:5a:90:82'], 'ssids': ['iotroam', 'VU-Campusnet'], 'signals': [-50, -79], 'timestamps': [1.783438072575508e+18, 1.783438072899508e+18], 'frequencies': [2412, 2462]}
0 0 0 0 2 2 2 2 1783438074549986048
{'names': ['NU-AP06163', 'NU-AP06162', 'NU-AP06163'], 'addresses': ['48:00:b3:5f:46:a0', '48:00:b3:5a:90:82', '48:00:b3:5f:46:af'], 'ssids': ['iotroam', 'VU-Campusnet', 'iotroam'], 'signals': [-50, -79, -65], 'timestamps': [1.783438072575508e+18, 1.783438072899508e+18, 1.783438074542986e+18], 'frequencies': [2412, 2462, 5500]}
0 0 0 0 2 2 2 2 1783438074600997463
{'names': ['NU-AP06163', 'NU-AP06162', 'NU-AP06163'], 'addresses': ['48:00:b3:5f:46:a0', '48:00:b3:5a:90:82', '48:00:b3:5f:46:af'], 'ssids': ['iotroam', 'VU-Campusnet', 'iotroam'], 'signals': [-50, -79, -65], 'timestamps': [1.783438072575508e+18, 1.783438072899508e+18, 1.7834380745429975e+18], 'frequencies': [2412, 2462, 5500]}
0 0 0 0 1 1 1 1 1783438074652574648
{'names': ['NU-AP06163', 'NU-AP06162', 'NU-AP06163'], 'addresses': ['48:00:b3:5f:46:a0', '48:00:b3:5a:90:82', '48:00:b3:5f:46:af'], 'ssids': ['iotroam', 'VU-Campusnet', 'iotroam'], 'signals': [-50, -79, -65], 'timestamps': [1.783438072575508e+18, 1.783438072899508e+18, 1.7834380745429975e+18], 'frequencies': [2412, 2462, 5500]}
0 0 0 0 1 1 1 1 1783438074704281227
{'names': ['NU-AP06163', 'NU-AP06162', 'NU-AP06163'], 'addresses': ['48:00:b3:5f:46:a0', '48:00:b3:5a:90:82', '48:00:b3:5f:46:af'], 'ssids': ['iotroam', 'VU-Campusnet', 'iotroam'], 'signals': [-50, -79, -65], 'timestamps': [1.783438072575508e+18, 1.783438072899508e+18, 1.7834380745429975e+18], 'frequencies': [2412, 2462, 5500]}
0 0 0 0 1 1 1 1 1783438074757547382
{'names': ['NU-AP06163', 'NU-AP06162', 'NU-AP06163', 'NU-AP06164'], 'addresses': ['48:00:b3:5f:46:a0', '48:00:b3:5a:90:82', '48:00:b3:5f:46:af', '48:00:b3:5f:72:ee'], 'ssids': ['iotroam', 'VU-Campusnet', 'iotroam', 'eduroam'], 'signals': [-50, -79, -65, -60], 'timestamps': [1.783438072575508e+18, 1.783438072899508e+18, 1.7834380745429975e+18, 1.7834380747555471e+18], 'frequencies': [2412, 2462, 5500, 5540]}
0 0 0 0 1 1 1 1 1783438074809973391
{'names': ['NU-AP06163', 'NU-AP06162', 'NU-AP06163', 'NU-AP06164'], 'addresses': ['48:00:b3:5f:46:a0', '48:00:b3:5a:90:82', '48:00:b3:5f:46:af', '48:00:b3:5f:72:ee'], 'ssids': ['iotroam', 'VU-Campusnet', 'iotroam', 'eduroam'], 'signals': [-50, -79, -65, -60], 'timestamps': [1.783438072575508e+18, 1.783438072899508e+18, 1.7834380745429975e+18, 1.7834380747559736e+18], 'frequencies': [2412, 2462, 5500, 5540]}
0 0 0 0 2 2 2 2 1783438074863514670
{'names': ['NU-AP06163', 'NU-AP06162', 'NU-AP06163', 'NU-AP06164'], 'addresses': ['48:00:b3:5f:46:a0', '48:00:b3:5a:90:82', '48:00:b3:5f:46:af', '48:00:b3:5f:72:ee'], 'ssids': ['iotroam', 'VU-Campusnet', 'iotroam', 'eduroam'], 'signals': [-50, -79, -65, -60], 'timestamps': [1.783438072575508e+18, 1.783438072899508e+18, 1.7834380745435146e+18, 1.7834380747565146e+18], 'frequencies': [2412, 2462, 5500, 5540]}
0 0 0 0 1 1 0 0 1783438075643461530
{'names': ['NU-AP06163', 'NU-AP06162', 'NU-AP06163', 'NU-AP06164', 'NU-AP06167'], 'addresses': ['48:00:b3:5f:46:a0', '48:00:b3:5a:90:82', '48:00:b3:5f:46:af', '48:00:b3:5f:72:ee', '48:00:b3:5e:0b:ef'], 'ssids': ['iotroam', 'VU-Campusnet', 'iotroam', 'eduroam', 'iotroam'], 'signals': [-50, -79, -65, -60, -72], 'timestamps': [1.783438072575508e+18, 1.783438072899508e+18, 1.7834380745435146e+18, 1.7834380747565146e+18, 1.7834380756334618e+18], 'frequencies': [2412, 2462, 5500, 5540, 5660]}
0 0 0 0 1 1 0 0 1783438075700019550
{'names': ['NU-AP06163', 'NU-AP06162', 'NU-AP06163', 'NU-AP06164', 'NU-AP06167'], 'addresses': ['48:00:b3:5f:46:a0', '48:00:b3:5a:90:82', '48:00:b3:5f:46:af', '48:00:b3:5f:72:ee', '48:00:b3:5e:0b:ef'], 'ssids': ['iotroam', 'VU-Campusnet', 'iotroam', 'eduroam', 'iotroam'], 'signals': [-50, -79, -65, -60, -72], 'timestamps': [1.783438072575508e+18, 1.783438072899508e+18, 1.7834380745435146e+18, 1.7834380747565146e+18, 1.7834380756340193e+18], 'frequencies': [2412, 2462, 5500, 5540, 5660]}
0 0 0 0 1 1 0 0 1783438075756048800
{'names': ['NU-AP06163', 'NU-AP06162', 'NU-AP06163', 'NU-AP06164', 'NU-AP06167'], 'addresses': ['48:00:b3:5f:46:a0', '48:00:b3:5a:90:82', '48:00:b3:5f:46:af', '48:00:b3:5f:72:ee', '48:00:b3:5e:0b:ef'], 'ssids': ['iotroam', 'VU-Campusnet', 'iotroam', 'eduroam', 'iotroam'], 'signals': [-50, -79, -65, -60, -72], 'timestamps': [1.783438072575508e+18, 1.783438072899508e+18, 1.7834380745435146e+18, 1.7834380747565146e+18, 1.783438075634049e+18], 'frequencies': [2412, 2462, 5500, 5540, 5660]}
0 0 0 0 1 1 0 0 1783438075813053114
{'names': ['NU-AP06163', 'NU-AP06162', 'NU-AP06163', 'NU-AP06164', 'NU-AP06167'], 'addresses': ['48:00:b3:5f:46:a0', '48:00:b3:5a:90:82', '48:00:b3:5f:46:af', '48:00:b3:5f:72:ee', '48:00:b3:5e:0b:ef'], 'ssids': ['iotroam', 'VU-Campusnet', 'iotroam', 'eduroam', 'iotroam'], 'signals': [-50, -79, -65, -60, -72], 'timestamps': [1.783438072575508e+18, 1.783438072899508e+18, 1.7834380745435146e+18, 1.7834380747565146e+18, 1.783438075634053e+18], 'frequencies': [2412, 2462, 5500, 5540, 5660]}
0 0 0 0 1 1 0 0 1783438075870195628
{'names': ['NU-AP06163', 'NU-AP06162', 'NU-AP06163', 'NU-AP06164', 'NU-AP06167'], 'addresses': ['48:00:b3:5f:46:a0', '48:00:b3:5a:90:82', '48:00:b3:5f:46:af', '48:00:b3:5f:72:ee', '48:00:b3:5e:0b:ef'], 'ssids': ['iotroam', 'VU-Campusnet', 'iotroam', 'eduroam', 'iotroam'], 'signals': [-50, -79, -65, -60, -72], 'timestamps': [1.783438072575508e+18, 1.783438072899508e+18, 1.7834380745435146e+18, 1.7834380747565146e+18, 1.7834380756341957e+18], 'frequencies': [2412, 2462, 5500, 5540, 5660]}
0 0 0 0 1 1 0 0 1783438075984236834
{'names': ['NU-AP06163', 'NU-AP06162', 'NU-AP06163', 'NU-AP06164', 'NU-AP06167'], 'addresses': ['48:00:b3:5f:46:a0', '48:00:b3:5a:90:82', '48:00:b3:5f:46:af', '48:00:b3:5f:72:ee', '48:00:b3:5e:0b:ef'], 'ssids': ['iotroam', 'VU-Campusnet', 'iotroam', 'eduroam', 'iotroam'], 'signals': [-50, -79, -65, -60, -72], 'timestamps': [1.783438072575508e+18, 1.783438072899508e+18, 1.7834380745435146e+18, 1.7834380747565146e+18, 1.783438075634237e+18], 'frequencies': [2412, 2462, 5500, 5540, 5660]}
0 0 0 0 1 1 0 0 1783438076492340227
{'names': ['NU-AP06163', 'NU-AP06162', 'NU-AP06163', 'NU-AP06164', 'NU-AP06167'], 'addresses': ['48:00:b3:5f:46:a0', '48:00:b3:5a:90:82', '48:00:b3:5f:46:af', '48:00:b3:5f:72:ee', '48:00:b3:5e:0b:ef'], 'ssids': ['iotroam', 'VU-Campusnet', 'iotroam', 'eduroam', 'iotroam'], 'signals': [-50, -79, -65, -60, -72], 'timestamps': [1.783438072575508e+18, 1.783438072899508e+18, 1.7834380745435146e+18, 1.7834380747565146e+18, 1.7834380756343404e+18], 'frequencies': [2412, 2462, 5500, 5540, 5660]}
3 3 2 2 0 0 0 0 1783438076929260796
{'names': ['NU-AP06163', 'NU-AP06162', 'NU-AP06163', 'NU-AP06164', 'NU-AP06167', 'NU-AP06165', 'NU-AP06167'], 'addresses': ['48:00:b3:5f:46:a0', '48:00:b3:5a:90:82', '48:00:b3:5f:46:af', '48:00:b3:5f:72:ee', '48:00:b3:5e:0b:ef', '48:00:b3:5e:17:c0', '48:00:b3:5e:0b:e0'], 'ssids': ['iotroam', 'VU-Campusnet', 'iotroam', 'eduroam', 'iotroam', 'iotroam', 'iotroam'], 'signals': [-50, -79, -65, -60, -72, -73, -60], 'timestamps': [1.7834380769202609e+18, 1.783438072899508e+18, 1.7834380745435146e+18, 1.7834380747565146e+18, 1.7834380756343404e+18, 1.7834380769202609e+18, 1.7834380769202609e+18], 'frequencies': [2412, 2462, 5500, 5540, 5660, 2412, 2412]}
3 3 2 2 0 0 0 0 1783438077051270057
{'names': ['NU-AP06163', 'NU-AP06162', 'NU-AP06163', 'NU-AP06164', 'NU-AP06167', 'NU-AP06165', 'NU-AP06167'], 'addresses': ['48:00:b3:5f:46:a0', '48:00:b3:5a:90:82', '48:00:b3:5f:46:af', '48:00:b3:5f:72:ee', '48:00:b3:5e:0b:ef', '48:00:b3:5e:17:c0', '48:00:b3:5e:0b:e0'], 'ssids': ['iotroam', 'VU-Campusnet', 'iotroam', 'eduroam', 'iotroam', 'iotroam', 'iotroam'], 'signals': [-50, -79, -65, -60, -72, -73, -60], 'timestamps': [1.78343807692027e+18, 1.783438072899508e+18, 1.7834380745435146e+18, 1.7834380747565146e+18, 1.7834380756343404e+18, 1.78343807692027e+18, 1.78343807692027e+18], 'frequencies': [2412, 2462, 5500, 5540, 5660, 2412, 2412]}
1 1 1 1 0 0 0 0 1783438077112889327
{'names': ['NU-AP06163', 'NU-AP06162', 'NU-AP06163', 'NU-AP06164', 'NU-AP06167', 'NU-AP06165', 'NU-AP06167', 'NU-AP06164'], 'addresses': ['48:00:b3:5f:46:a0', '48:00:b3:5a:90:82', '48:00:b3:5f:46:af', '48:00:b3:5f:72:ee', '48:00:b3:5e:0b:ef', '48:00:b3:5e:17:c0', '48:00:b3:5e:0b:e0', '48:00:b3:5f:72:e0'], 'ssids': ['iotroam', 'VU-Campusnet', 'iotroam', 'eduroam', 'iotroam', 'iotroam', 'iotroam', 'iotroam'], 'signals': [-50, -79, -65, -60, -72, -73, -60, -54], 'timestamps': [1.78343807692027e+18, 1.783438072899508e+18, 1.7834380745435146e+18, 1.7834380747565146e+18, 1.7834380756343404e+18, 1.78343807692027e+18, 1.78343807692027e+18, 1.7834380770678894e+18], 'frequencies': [2412, 2462, 5500, 5540, 5660, 2412, 2412, 2437]}
4 4 3 3 3 3 2 2 1783438077302520877
{'names': ['NU-AP06163', 'NU-AP06162', 'NU-AP06163', 'NU-AP06164', 'NU-AP06167', 'NU-AP06165', 'NU-AP06167', 'NU-AP06164'], 'addresses': ['48:00:b3:5f:46:a0', '48:00:b3:5a:90:82', '48:00:b3:5f:46:af', '48:00:b3:5f:72:ee', '48:00:b3:5e:0b:ef', '48:00:b3:5e:17:c0', '48:00:b3:5e:0b:e0', '48:00:b3:5f:72:e0'], 'ssids': ['iotroam', 'VU-Campusnet', 'iotroam', 'eduroam', 'iotroam', 'iotroam', 'iotroam', 'iotroam'], 'signals': [-50, -79, -65, -60, -72, -73, -60, -54], 'timestamps': [1.7834380769205207e+18, 1.783438072899508e+18, 1.7834380745435208e+18, 1.783438074756521e+18, 1.7834380756345208e+18, 1.7834380769205207e+18, 1.7834380769205207e+18, 1.783438077068521e+18], 'frequencies': [2412, 2462, 5500, 5540, 5660, 2412, 2412, 2437]}
4 4 3 3 3 3 2 2 1783438077428757126
{'names': ['NU-AP06163', 'NU-AP06162', 'NU-AP06163', 'NU-AP06164', 'NU-AP06167', 'NU-AP06165', 'NU-AP06167', 'NU-AP06164'], 'addresses': ['48:00:b3:5f:46:a0', '48:00:b3:5a:90:82', '48:00:b3:5f:46:af', '48:00:b3:5f:72:ee', '48:00:b3:5e:0b:ef', '48:00:b3:5e:17:c0', '48:00:b3:5e:0b:e0', '48:00:b3:5f:72:e0'], 'ssids': ['iotroam', 'VU-Campusnet', 'iotroam', 'eduroam', 'iotroam', 'iotroam', 'iotroam', 'iotroam'], 'signals': [-50, -79, -65, -60, -72, -73, -60, -54], 'timestamps': [1.7834380769207572e+18, 1.783438072899508e+18, 1.7834380745437573e+18, 1.7834380747567572e+18, 1.783438075634757e+18, 1.7834380769207572e+18, 1.7834380769207572e+18, 1.7834380770687572e+18], 'frequencies': [2412, 2462, 5500, 5540, 5660, 2412, 2412, 2437]}
4 4 3 3 3 3 2 2 1783438078646028753
{'names': ['NU-AP06163', 'NU-AP06162', 'NU-AP06163', 'NU-AP06164', 'NU-AP06167', 'NU-AP06165', 'NU-AP06167', 'NU-AP06164'], 'addresses': ['48:00:b3:5f:46:a0', '48:00:b3:5a:90:82', '48:00:b3:5f:46:af', '48:00:b3:5f:72:ee', '48:00:b3:5e:0b:ef', '48:00:b3:5e:17:c0', '48:00:b3:5e:0b:e0', '48:00:b3:5f:72:e0'], 'ssids': ['iotroam', 'VU-Campusnet', 'iotroam', 'eduroam', 'iotroam', 'iotroam', 'iotroam', 'iotroam'], 'signals': [-50, -79, -65, -60, -72, -73, -60, -54], 'timestamps': [1.7834380769210289e+18, 1.783438072899508e+18, 1.7834380745440287e+18, 1.7834380747570289e+18, 1.7834380756350287e+18, 1.7834380769210289e+18, 1.7834380769210289e+18, 1.7834380770690289e+18], 'frequencies': [2412, 2462, 5500, 5540, 5660, 2412, 2412, 2437]}
4 4 3 3 3 3 2 2 1783438078710582721
{'names': ['NU-AP06163', 'NU-AP06162', 'NU-AP06163', 'NU-AP06164', 'NU-AP06167', 'NU-AP06165', 'NU-AP06167', 'NU-AP06164'], 'addresses': ['48:00:b3:5f:46:a0', '48:00:b3:5a:90:82', '48:00:b3:5f:46:af', '48:00:b3:5f:72:ee', '48:00:b3:5e:0b:ef', '48:00:b3:5e:17:c0', '48:00:b3:5e:0b:e0', '48:00:b3:5f:72:e0'], 'ssids': ['iotroam', 'VU-Campusnet', 'iotroam', 'eduroam', 'iotroam', 'iotroam', 'iotroam', 'iotroam'], 'signals': [-50, -79, -65, -60, -72, -73, -60, -54], 'timestamps': [1.7834380769215828e+18, 1.783438072899508e+18, 1.7834380745445827e+18, 1.7834380747575828e+18, 1.7834380756355827e+18, 1.7834380769215828e+18, 1.7834380769215828e+18, 1.7834380770695828e+18], 'frequencies': [2412, 2462, 5500, 5540, 5660, 2412, 2412, 2437]}
4 4 3 3 3 3 2 2 1783438078906853382
{'names': ['NU-AP06163', 'NU-AP06163', 'NU-AP06164', 'NU-AP06167', 'NU-AP06165', 'NU-AP06167', 'NU-AP06164'], 'addresses': ['48:00:b3:5f:46:a0', '48:00:b3:5f:46:af', '48:00:b3:5f:72:ee', '48:00:b3:5e:0b:ef', '48:00:b3:5e:17:c0', '48:00:b3:5e:0b:e0', '48:00:b3:5f:72:e0'], 'ssids': ['iotroam', 'iotroam', 'eduroam', 'iotroam', 'iotroam', 'iotroam', 'iotroam'], 'signals': [-50, -65, -60, -72, -73, -60, -54], 'timestamps': [1.7834380769218534e+18, 1.7834380745448535e+18, 1.7834380747578534e+18, 1.7834380756358533e+18, 1.7834380769218534e+18, 1.7834380769218534e+18, 1.7834380770698534e+18], 'frequencies': [2412, 5500, 5540, 5660, 2412, 2412, 2437]}
1 1 0 0 1 1 1 1 1783438078978672753
{'names': ['NU-AP06163', 'NU-AP06163', 'NU-AP06164', 'NU-AP06167', 'NU-AP06165', 'NU-AP06167', 'NU-AP06164'], 'addresses': ['48:00:b3:5f:46:a0', '48:00:b3:5f:46:af', '48:00:b3:5f:72:ee', '48:00:b3:5e:0b:ef', '48:00:b3:5e:17:c0', '48:00:b3:5e:0b:e0', '48:00:b3:5f:72:e0'], 'ssids': ['iotroam', 'iotroam', 'eduroam', 'iotroam', 'iotroam', 'iotroam', 'iotroam'], 'signals': [-50, -64, -60, -72, -73, -60, -54], 'timestamps': [1.7834380769218534e+18, 1.7834380789246725e+18, 1.7834380747578534e+18, 1.7834380756358533e+18, 1.7834380769218534e+18, 1.7834380769218534e+18, 1.7834380770698534e+18], 'frequencies': [2412, 5500, 5540, 5660, 2412, 2412, 2437]}
1 1 0 0 1 1 1 1 1783438079053688737
{'names': ['NU-AP06163', 'NU-AP06163', 'NU-AP06164', 'NU-AP06167', 'NU-AP06165', 'NU-AP06167', 'NU-AP06164'], 'addresses': ['48:00:b3:5f:46:a0', '48:00:b3:5f:46:af', '48:00:b3:5f:72:ee', '48:00:b3:5e:0b:ef', '48:00:b3:5e:17:c0', '48:00:b3:5e:0b:e0', '48:00:b3:5f:72:e0'], 'ssids': ['iotroam', 'iotroam', 'eduroam', 'iotroam', 'iotroam', 'iotroam', 'iotroam'], 'signals': [-50, -64, -60, -72, -73, -60, -54], 'timestamps': [1.7834380769218534e+18, 1.783438078924689e+18, 1.7834380747578534e+18, 1.7834380756358533e+18, 1.7834380769218534e+18, 1.7834380769218534e+18, 1.7834380770698534e+18], 'frequencies': [2412, 5500, 5540, 5660, 2412, 2412, 2437]}
1 1 0 0 1 1 1 1 1783438079125282640
{'names': ['NU-AP06163', 'NU-AP06163', 'NU-AP06164', 'NU-AP06167', 'NU-AP06165', 'NU-AP06167', 'NU-AP06164'], 'addresses': ['48:00:b3:5f:46:a0', '48:00:b3:5f:46:af', '48:00:b3:5f:72:ee', '48:00:b3:5e:0b:ef', '48:00:b3:5e:17:c0', '48:00:b3:5e:0b:e0', '48:00:b3:5f:72:e0'], 'ssids': ['iotroam', 'iotroam', 'eduroam', 'iotroam', 'iotroam', 'iotroam', 'iotroam'], 'signals': [-50, -64, -60, -72, -73, -60, -54], 'timestamps': [1.7834380769218534e+18, 1.783438078924689e+18, 1.7834380791122826e+18, 1.7834380756358533e+18, 1.7834380769218534e+18, 1.7834380769218534e+18, 1.7834380770698534e+18], 'frequencies': [2412, 5500, 5540, 5660, 2412, 2412, 2437]}
1 1 0 0 2 2 2 2 1783438079193759574
{'names': ['NU-AP06163', 'NU-AP06163', 'NU-AP06164', 'NU-AP06167', 'NU-AP06165', 'NU-AP06167', 'NU-AP06164'], 'addresses': ['48:00:b3:5f:46:a0', '48:00:b3:5f:46:af', '48:00:b3:5f:72:ee', '48:00:b3:5e:0b:ef', '48:00:b3:5e:17:c0', '48:00:b3:5e:0b:e0', '48:00:b3:5f:72:e0'], 'ssids': ['iotroam', 'iotroam', 'eduroam', 'iotroam', 'iotroam', 'iotroam', 'iotroam'], 'signals': [-50, -64, -60, -72, -73, -60, -54], 'timestamps': [1.7834380769218534e+18, 1.7834380789257595e+18, 1.7834380791137595e+18, 1.7834380756358533e+18, 1.7834380769218534e+18, 1.7834380769218534e+18, 1.7834380770698534e+18], 'frequencies': [2412, 5500, 5540, 5660, 2412, 2412, 2437]}
5 5 3 3 3 3 2 2 1783438079269120882
{'names': ['NU-AP06163', 'NU-AP06163', 'NU-AP06164', 'NU-AP06167', 'NU-AP06165', 'NU-AP06167', 'NU-AP06164'], 'addresses': ['48:00:b3:5f:46:a0', '48:00:b3:5f:46:af', '48:00:b3:5f:72:ee', '48:00:b3:5e:0b:ef', '48:00:b3:5e:17:c0', '48:00:b3:5e:0b:e0', '48:00:b3:5f:72:e0'], 'ssids': ['iotroam', 'iotroam', 'eduroam', 'iotroam', 'iotroam', 'iotroam', 'iotroam'], 'signals': [-50, -64, -60, -72, -73, -60, -54], 'timestamps': [1.7834380769221207e+18, 1.7834380789261207e+18, 1.7834380791141207e+18, 1.7834380756361208e+18, 1.7834380769221207e+18, 1.7834380769221207e+18, 1.7834380770701207e+18], 'frequencies': [2412, 5500, 5540, 5660, 2412, 2412, 2437]}
1 1 0 0 0 0 0 0 1783438079337728479
{'names': ['NU-AP06163', 'NU-AP06163', 'NU-AP06164', 'NU-AP06167', 'NU-AP06165', 'NU-AP06167', 'NU-AP06164'], 'addresses': ['48:00:b3:5f:46:a0', '48:00:b3:5f:46:af', '48:00:b3:5f:72:ee', '48:00:b3:5e:0b:ef', '48:00:b3:5e:17:c0', '48:00:b3:5e:0b:e0', '48:00:b3:5f:72:e0'], 'ssids': ['iotroam', 'iotroam', 'eduroam', 'iotroam', 'iotroam', 'iotroam', 'iotroam'], 'signals': [-50, -64, -60, -72, -73, -60, -54], 'timestamps': [1.7834380769221207e+18, 1.7834380789261207e+18, 1.7834380791141207e+18, 1.7834380756361208e+18, 1.7834380769221207e+18, 1.7834380769221207e+18, 1.7834380770701207e+18], 'frequencies': [2412, 5500, 5540, 5660, 2412, 2412, 2437]}
1 1 0 0 0 0 0 0 1783438079405675193
{'names': ['NU-AP06163', 'NU-AP06163', 'NU-AP06164', 'NU-AP06167', 'NU-AP06165', 'NU-AP06167', 'NU-AP06164'], 'addresses': ['48:00:b3:5f:46:a0', '48:00:b3:5f:46:af', '48:00:b3:5f:72:ee', '48:00:b3:5e:0b:ef', '48:00:b3:5e:17:c0', '48:00:b3:5e:0b:e0', '48:00:b3:5f:72:e0'], 'ssids': ['iotroam', 'iotroam', 'eduroam', 'iotroam', 'iotroam', 'iotroam', 'iotroam'], 'signals': [-50, -64, -60, -72, -73, -60, -54], 'timestamps': [1.7834380769221207e+18, 1.7834380789261207e+18, 1.7834380791141207e+18, 1.7834380756361208e+18, 1.7834380769221207e+18, 1.7834380769221207e+18, 1.7834380770701207e+18], 'frequencies': [2412, 5500, 5540, 5660, 2412, 2412, 2437]}
1 1 0 0 0 0 0 0 1783438079475256807
{'names': ['NU-AP06163', 'NU-AP06163', 'NU-AP06164', 'NU-AP06167', 'NU-AP06165', 'NU-AP06167', 'NU-AP06164'], 'addresses': ['48:00:b3:5f:46:a0', '48:00:b3:5f:46:af', '48:00:b3:5f:72:ee', '48:00:b3:5e:0b:ef', '48:00:b3:5e:17:c0', '48:00:b3:5e:0b:e0', '48:00:b3:5f:72:e0'], 'ssids': ['iotroam', 'iotroam', 'eduroam', 'iotroam', 'iotroam', 'iotroam', 'iotroam'], 'signals': [-50, -64, -60, -72, -73, -60, -54], 'timestamps': [1.7834380769221207e+18, 1.7834380789261207e+18, 1.7834380791141207e+18, 1.7834380756361208e+18, 1.7834380769221207e+18, 1.7834380769221207e+18, 1.7834380770701207e+18], 'frequencies': [2412, 5500, 5540, 5660, 2412, 2412, 2437]}
1 1 0 0 0 0 0 0 1783438079544175247
{'names': ['NU-AP06163', 'NU-AP06163', 'NU-AP06164', 'NU-AP06167', 'NU-AP06165', 'NU-AP06167', 'NU-AP06164'], 'addresses': ['48:00:b3:5f:46:a0', '48:00:b3:5f:46:af', '48:00:b3:5f:72:ee', '48:00:b3:5e:0b:ef', '48:00:b3:5e:17:c0', '48:00:b3:5e:0b:e0', '48:00:b3:5f:72:e0'], 'ssids': ['iotroam', 'iotroam', 'eduroam', 'iotroam', 'iotroam', 'iotroam', 'iotroam'], 'signals': [-50, -64, -60, -72, -73, -60, -54], 'timestamps': [1.7834380769221207e+18, 1.7834380789261207e+18, 1.7834380791141207e+18, 1.7834380756361208e+18, 1.7834380769221207e+18, 1.7834380769221207e+18, 1.7834380770701207e+18], 'frequencies': [2412, 5500, 5540, 5660, 2412, 2412, 2437]}
1 1 0 0 0 0 0 0 1783438079613303628
{'names': ['NU-AP06163', 'NU-AP06163', 'NU-AP06164', 'NU-AP06167', 'NU-AP06165', 'NU-AP06167', 'NU-AP06164'], 'addresses': ['48:00:b3:5f:46:a0', '48:00:b3:5f:46:af', '48:00:b3:5f:72:ee', '48:00:b3:5e:0b:ef', '48:00:b3:5e:17:c0', '48:00:b3:5e:0b:e0', '48:00:b3:5f:72:e0'], 'ssids': ['iotroam', 'iotroam', 'eduroam', 'iotroam', 'iotroam', 'iotroam', 'iotroam'], 'signals': [-50, -64, -60, -72, -73, -60, -54], 'timestamps': [1.7834380769221207e+18, 1.7834380789261207e+18, 1.7834380791141207e+18, 1.7834380756361208e+18, 1.7834380769221207e+18, 1.7834380769221207e+18, 1.7834380770701207e+18], 'frequencies': [2412, 5500, 5540, 5660, 2412, 2412, 2437]}
1 1 0 0 0 0 0 0 1783438079682403357
{'names': ['NU-AP06163', 'NU-AP06163', 'NU-AP06164', 'NU-AP06167', 'NU-AP06165', 'NU-AP06167', 'NU-AP06164'], 'addresses': ['48:00:b3:5f:46:a0', '48:00:b3:5f:46:af', '48:00:b3:5f:72:ee', '48:00:b3:5e:0b:ef', '48:00:b3:5e:17:c0', '48:00:b3:5e:0b:e0', '48:00:b3:5f:72:e0'], 'ssids': ['iotroam', 'iotroam', 'eduroam', 'iotroam', 'iotroam', 'iotroam', 'iotroam'], 'signals': [-50, -64, -60, -72, -73, -60, -54], 'timestamps': [1.7834380769221207e+18, 1.7834380789261207e+18, 1.7834380791141207e+18, 1.7834380756361208e+18, 1.7834380769221207e+18, 1.7834380769221207e+18, 1.7834380770701207e+18], 'frequencies': [2412, 5500, 5540, 5660, 2412, 2412, 2437]}
1 1 0 0 0 0 0 0 1783438079750817012
{'names': ['NU-AP06163', 'NU-AP06163', 'NU-AP06164', 'NU-AP06167', 'NU-AP06165', 'NU-AP06167', 'NU-AP06164'], 'addresses': ['48:00:b3:5f:46:a0', '48:00:b3:5f:46:af', '48:00:b3:5f:72:ee', '48:00:b3:5e:0b:ef', '48:00:b3:5e:17:c0', '48:00:b3:5e:0b:e0', '48:00:b3:5f:72:e0'], 'ssids': ['iotroam', 'iotroam', 'eduroam', 'iotroam', 'iotroam', 'iotroam', 'iotroam'], 'signals': [-50, -64, -60, -72, -73, -60, -54], 'timestamps': [1.7834380769221207e+18, 1.7834380789261207e+18, 1.7834380791141207e+18, 1.7834380756361208e+18, 1.7834380769221207e+18, 1.7834380769221207e+18, 1.7834380770701207e+18], 'frequencies': [2412, 5500, 5540, 5660, 2412, 2412, 2437]}
1 1 0 0 0 0 0 0 1783438079818073867
{'names': ['NU-AP06163', 'NU-AP06163', 'NU-AP06164', 'NU-AP06167', 'NU-AP06165', 'NU-AP06167', 'NU-AP06164'], 'addresses': ['48:00:b3:5f:46:a0', '48:00:b3:5f:46:af', '48:00:b3:5f:72:ee', '48:00:b3:5e:0b:ef', '48:00:b3:5e:17:c0', '48:00:b3:5e:0b:e0', '48:00:b3:5f:72:e0'], 'ssids': ['iotroam', 'iotroam', 'eduroam', 'iotroam', 'iotroam', 'iotroam', 'iotroam'], 'signals': [-50, -64, -60, -72, -73, -60, -54], 'timestamps': [1.7834380769221207e+18, 1.7834380789261207e+18, 1.7834380791141207e+18, 1.7834380756361208e+18, 1.7834380769221207e+18, 1.7834380769221207e+18, 1.7834380770701207e+18], 'frequencies': [2412, 5500, 5540, 5660, 2412, 2412, 2437]}
1 1 0 0 0 0 0 0 1783438079885413552
{'names': ['NU-AP06163', 'NU-AP06163', 'NU-AP06164', 'NU-AP06167', 'NU-AP06165', 'NU-AP06167', 'NU-AP06164'], 'addresses': ['48:00:b3:5f:46:a0', '48:00:b3:5f:46:af', '48:00:b3:5f:72:ee', '48:00:b3:5e:0b:ef', '48:00:b3:5e:17:c0', '48:00:b3:5e:0b:e0', '48:00:b3:5f:72:e0'], 'ssids': ['iotroam', 'iotroam', 'eduroam', 'iotroam', 'iotroam', 'iotroam', 'iotroam'], 'signals': [-50, -64, -60, -72, -73, -60, -54], 'timestamps': [1.7834380769221207e+18, 1.7834380789261207e+18, 1.7834380791141207e+18, 1.7834380756361208e+18, 1.7834380769221207e+18, 1.7834380769221207e+18, 1.7834380770701207e+18], 'frequencies': [2412, 5500, 5540, 5660, 2412, 2412, 2437]}
1 1 0 0 0 0 0 0 1783438079952496411
{'names': ['NU-AP06163', 'NU-AP06163', 'NU-AP06164', 'NU-AP06167', 'NU-AP06165', 'NU-AP06167', 'NU-AP06164'], 'addresses': ['48:00:b3:5f:46:a0', '48:00:b3:5f:46:af', '48:00:b3:5f:72:ee', '48:00:b3:5e:0b:ef', '48:00:b3:5e:17:c0', '48:00:b3:5e:0b:e0', '48:00:b3:5f:72:e0'], 'ssids': ['iotroam', 'iotroam', 'eduroam', 'iotroam', 'iotroam', 'iotroam', 'iotroam'], 'signals': [-50, -64, -60, -72, -73, -60, -54], 'timestamps': [1.7834380769221207e+18, 1.7834380789261207e+18, 1.7834380791141207e+18, 1.7834380756361208e+18, 1.7834380769221207e+18, 1.7834380769221207e+18, 1.7834380770701207e+18], 'frequencies': [2412, 5500, 5540, 5660, 2412, 2412, 2437]}
1 1 0 0 1 1 0 0 1783438080018737656
{'names': ['NU-AP06163', 'NU-AP06163', 'NU-AP06164', 'NU-AP06167', 'NU-AP06165', 'NU-AP06167', 'NU-AP06164'], 'addresses': ['48:00:b3:5f:46:a0', '48:00:b3:5f:46:af', '48:00:b3:5f:72:ee', '48:00:b3:5e:0b:ee', '48:00:b3:5e:17:c0', '48:00:b3:5e:0b:e0', '48:00:b3:5f:72:e0'], 'ssids': ['iotroam', 'iotroam', 'eduroam', 'eduroam', 'iotroam', 'iotroam', 'iotroam'], 'signals': [-50, -64, -60, -72, -73, -60, -54], 'timestamps': [1.7834380769221207e+18, 1.7834380789261207e+18, 1.7834380791141207e+18, 1.7834380799797376e+18, 1.7834380769221207e+18, 1.7834380769221207e+18, 1.7834380770701207e+18], 'frequencies': [2412, 5500, 5540, 5660, 2412, 2412, 2437]}
1 1 0 0 0 0 0 0 1783438080087333913
{'names': ['NU-AP06163', 'NU-AP06163', 'NU-AP06164', 'NU-AP06167', 'NU-AP06165', 'NU-AP06167', 'NU-AP06164'], 'addresses': ['48:00:b3:5f:46:a0', '48:00:b3:5f:46:af', '48:00:b3:5f:72:ee', '48:00:b3:5e:0b:ee', '48:00:b3:5e:17:c0', '48:00:b3:5e:0b:e0', '48:00:b3:5f:72:e0'], 'ssids': ['iotroam', 'iotroam', 'eduroam', 'eduroam', 'iotroam', 'iotroam', 'iotroam'], 'signals': [-50, -64, -60, -72, -73, -60, -54], 'timestamps': [1.7834380769221207e+18, 1.7834380789261207e+18, 1.7834380791141207e+18, 1.7834380799797376e+18, 1.7834380769221207e+18, 1.7834380769221207e+18, 1.7834380770701207e+18], 'frequencies': [2412, 5500, 5540, 5660, 2412, 2412, 2437]}
1 1 0 0 1 1 0 0 1783438080153833416
{'names': ['NU-AP06163', 'NU-AP06163', 'NU-AP06164', 'NU-AP06167', 'NU-AP06165', 'NU-AP06167', 'NU-AP06164'], 'addresses': ['48:00:b3:5f:46:a0', '48:00:b3:5f:46:af', '48:00:b3:5f:72:ee', '48:00:b3:5e:0b:ee', '48:00:b3:5e:17:c0', '48:00:b3:5e:0b:e0', '48:00:b3:5f:72:e0'], 'ssids': ['iotroam', 'iotroam', 'eduroam', 'eduroam', 'iotroam', 'iotroam', 'iotroam'], 'signals': [-50, -64, -60, -72, -73, -60, -54], 'timestamps': [1.7834380769221207e+18, 1.7834380789261207e+18, 1.7834380791141207e+18, 1.7834380799798333e+18, 1.7834380769221207e+18, 1.7834380769221207e+18, 1.7834380770701207e+18], 'frequencies': [2412, 5500, 5540, 5660, 2412, 2412, 2437]}
1 1 0 0 0 0 0 0 1783438080222089826
{'names': ['NU-AP06163', 'NU-AP06163', 'NU-AP06164', 'NU-AP06167', 'NU-AP06165', 'NU-AP06167', 'NU-AP06164'], 'addresses': ['48:00:b3:5f:46:a0', '48:00:b3:5f:46:af', '48:00:b3:5f:72:ee', '48:00:b3:5e:0b:ee', '48:00:b3:5e:17:c0', '48:00:b3:5e:0b:e0', '48:00:b3:5f:72:e0'], 'ssids': ['iotroam', 'iotroam', 'eduroam', 'eduroam', 'iotroam', 'iotroam', 'iotroam'], 'signals': [-50, -64, -60, -72, -73, -60, -54], 'timestamps': [1.7834380769221207e+18, 1.7834380789261207e+18, 1.7834380791141207e+18, 1.7834380799798333e+18, 1.7834380769221207e+18, 1.7834380769221207e+18, 1.7834380770701207e+18], 'frequencies': [2412, 5500, 5540, 5660, 2412, 2412, 2437]}
1 1 0 0 0 0 0 0 1783438080290140715
{'names': ['NU-AP06163', 'NU-AP06163', 'NU-AP06164', 'NU-AP06167', 'NU-AP06165', 'NU-AP06167', 'NU-AP06164'], 'addresses': ['48:00:b3:5f:46:a0', '48:00:b3:5f:46:af', '48:00:b3:5f:72:ee', '48:00:b3:5e:0b:ee', '48:00:b3:5e:17:c0', '48:00:b3:5e:0b:e0', '48:00:b3:5f:72:e0'], 'ssids': ['iotroam', 'iotroam', 'eduroam', 'eduroam', 'iotroam', 'iotroam', 'iotroam'], 'signals': [-50, -64, -60, -72, -73, -60, -54], 'timestamps': [1.7834380769221207e+18, 1.7834380789261207e+18, 1.7834380791141207e+18, 1.7834380799798333e+18, 1.7834380769221207e+18, 1.7834380769221207e+18, 1.7834380770701207e+18], 'frequencies': [2412, 5500, 5540, 5660, 2412, 2412, 2437]}
1 1 0 0 1 1 0 0 1783438080358912661
{'names': ['NU-AP06163', 'NU-AP06163', 'NU-AP06164', 'NU-AP06167', 'NU-AP06165', 'NU-AP06167', 'NU-AP06164'], 'addresses': ['48:00:b3:5f:46:a0', '48:00:b3:5f:46:af', '48:00:b3:5f:72:ee', '48:00:b3:5e:0b:ee', '48:00:b3:5e:17:c0', '48:00:b3:5e:0b:e0', '48:00:b3:5f:72:e0'], 'ssids': ['iotroam', 'iotroam', 'eduroam', 'eduroam', 'iotroam', 'iotroam', 'iotroam'], 'signals': [-50, -64, -60, -72, -73, -60, -54], 'timestamps': [1.7834380769221207e+18, 1.7834380789261207e+18, 1.7834380791141207e+18, 1.7834380799799127e+18, 1.7834380769221207e+18, 1.7834380769221207e+18, 1.7834380770701207e+18], 'frequencies': [2412, 5500, 5540, 5660, 2412, 2412, 2437]}
1 1 0 0 0 0 0 0 1783438080429185682
{'names': ['NU-AP06163', 'NU-AP06163', 'NU-AP06164', 'NU-AP06167', 'NU-AP06165', 'NU-AP06167', 'NU-AP06164'], 'addresses': ['48:00:b3:5f:46:a0', '48:00:b3:5f:46:af', '48:00:b3:5f:72:ee', '48:00:b3:5e:0b:ee', '48:00:b3:5e:17:c0', '48:00:b3:5e:0b:e0', '48:00:b3:5f:72:e0'], 'ssids': ['iotroam', 'iotroam', 'eduroam', 'eduroam', 'iotroam', 'iotroam', 'iotroam'], 'signals': [-50, -64, -60, -72, -73, -60, -54], 'timestamps': [1.7834380769221207e+18, 1.7834380789261207e+18, 1.7834380791141207e+18, 1.7834380799799127e+18, 1.7834380769221207e+18, 1.7834380769221207e+18, 1.7834380770701207e+18], 'frequencies': [2412, 5500, 5540, 5660, 2412, 2412, 2437]}
5 5 3 3 3 3 2 2 1783438080535649680
{'names': ['NU-AP06163', 'NU-AP06163', 'NU-AP06164', 'NU-AP06167', 'NU-AP06165', 'NU-AP06167', 'NU-AP06164'], 'addresses': ['48:00:b3:5f:46:a0', '48:00:b3:5f:46:af', '48:00:b3:5f:72:ee', '48:00:b3:5e:0b:ee', '48:00:b3:5e:17:c0', '48:00:b3:5e:0b:e0', '48:00:b3:5f:72:e0'], 'ssids': ['iotroam', 'iotroam', 'eduroam', 'eduroam', 'iotroam', 'iotroam', 'iotroam'], 'signals': [-50, -64, -60, -72, -73, -60, -54], 'timestamps': [1.78343807692565e+18, 1.7834380789296497e+18, 1.78343807911765e+18, 1.7834380799846497e+18, 1.78343807692565e+18, 1.78343807692565e+18, 1.7834380770736497e+18], 'frequencies': [2412, 5500, 5540, 5660, 2412, 2412, 2437]}
1 1 0 0 0 0 0 0 1783438080635301328
{'names': ['NU-AP06163', 'NU-AP06163', 'NU-AP06164', 'NU-AP06167', 'NU-AP06165', 'NU-AP06167', 'NU-AP06164'], 'addresses': ['48:00:b3:5f:46:a0', '48:00:b3:5f:46:af', '48:00:b3:5f:72:ee', '48:00:b3:5e:0b:ee', '48:00:b3:5e:17:c0', '48:00:b3:5e:0b:e0', '48:00:b3:5f:72:e0'], 'ssids': ['iotroam', 'iotroam', 'eduroam', 'eduroam', 'iotroam', 'iotroam', 'iotroam'], 'signals': [-50, -64, -60, -72, -73, -60, -54], 'timestamps': [1.78343807692565e+18, 1.7834380789296497e+18, 1.78343807911765e+18, 1.7834380799846497e+18, 1.78343807692565e+18, 1.78343807692565e+18, 1.7834380770736497e+18], 'frequencies': [2412, 5500, 5540, 5660, 2412, 2412, 2437]}
1 1 0 0 0 0 0 0 1783438080701903039
{'names': ['NU-AP06163', 'NU-AP06163', 'NU-AP06164', 'NU-AP06167', 'NU-AP06165', 'NU-AP06167', 'NU-AP06164'], 'addresses': ['48:00:b3:5f:46:a0', '48:00:b3:5f:46:af', '48:00:b3:5f:72:ee', '48:00:b3:5e:0b:ee', '48:00:b3:5e:17:c0', '48:00:b3:5e:0b:e0', '48:00:b3:5f:72:e0'], 'ssids': ['iotroam', 'iotroam', 'eduroam', 'eduroam', 'iotroam', 'iotroam', 'iotroam'], 'signals': [-50, -64, -60, -72, -73, -60, -54], 'timestamps': [1.78343807692565e+18, 1.7834380789296497e+18, 1.78343807911765e+18, 1.7834380799846497e+18, 1.78343807692565e+18, 1.78343807692565e+18, 1.7834380770736497e+18], 'frequencies': [2412, 5500, 5540, 5660, 2412, 2412, 2437]}
1 1 0 0 0 0 0 0 1783438080770042096
{'names': ['NU-AP06163', 'NU-AP06163', 'NU-AP06164', 'NU-AP06167', 'NU-AP06165', 'NU-AP06167', 'NU-AP06164'], 'addresses': ['48:00:b3:5f:46:a0', '48:00:b3:5f:46:af', '48:00:b3:5f:72:ee', '48:00:b3:5e:0b:ee', '48:00:b3:5e:17:c0', '48:00:b3:5e:0b:e0', '48:00:b3:5f:72:e0'], 'ssids': ['iotroam', 'iotroam', 'eduroam', 'eduroam', 'iotroam', 'iotroam', 'iotroam'], 'signals': [-50, -64, -60, -72, -73, -60, -54], 'timestamps': [1.78343807692565e+18, 1.7834380789296497e+18, 1.78343807911765e+18, 1.7834380799846497e+18, 1.78343807692565e+18, 1.78343807692565e+18, 1.7834380770736497e+18], 'frequencies': [2412, 5500, 5540, 5660, 2412, 2412, 2437]}
1 1 0 0 0 0 0 0 1783438080837755988
{'names': ['NU-AP06163', 'NU-AP06163', 'NU-AP06164', 'NU-AP06167', 'NU-AP06165', 'NU-AP06167', 'NU-AP06164'], 'addresses': ['48:00:b3:5f:46:a0', '48:00:b3:5f:46:af', '48:00:b3:5f:72:ee', '48:00:b3:5e:0b:ee', '48:00:b3:5e:17:c0', '48:00:b3:5e:0b:e0', '48:00:b3:5f:72:e0'], 'ssids': ['iotroam', 'iotroam', 'eduroam', 'eduroam', 'iotroam', 'iotroam', 'iotroam'], 'signals': [-50, -64, -60, -72, -73, -60, -54], 'timestamps': [1.78343807692565e+18, 1.7834380789296497e+18, 1.78343807911765e+18, 1.7834380799846497e+18, 1.78343807692565e+18, 1.78343807692565e+18, 1.7834380770736497e+18], 'frequencies': [2412, 5500, 5540, 5660, 2412, 2412, 2437]}
1 1 0 0 0 0 0 0 1783438080905170810
{'names': ['NU-AP06163', 'NU-AP06163', 'NU-AP06164', 'NU-AP06167', 'NU-AP06165', 'NU-AP06167', 'NU-AP06164'], 'addresses': ['48:00:b3:5f:46:a0', '48:00:b3:5f:46:af', '48:00:b3:5f:72:ee', '48:00:b3:5e:0b:ee', '48:00:b3:5e:17:c0', '48:00:b3:5e:0b:e0', '48:00:b3:5f:72:e0'], 'ssids': ['iotroam', 'iotroam', 'eduroam', 'eduroam', 'iotroam', 'iotroam', 'iotroam'], 'signals': [-50, -64, -60, -72, -73, -60, -54], 'timestamps': [1.78343807692565e+18, 1.7834380789296497e+18, 1.78343807911765e+18, 1.7834380799846497e+18, 1.78343807692565e+18, 1.78343807692565e+18, 1.7834380770736497e+18], 'frequencies': [2412, 5500, 5540, 5660, 2412, 2412, 2437]}
1 1 0 0 0 0 0 0 1783438080972767938
{'names': ['NU-AP06163', 'NU-AP06163', 'NU-AP06164', 'NU-AP06167', 'NU-AP06165', 'NU-AP06167', 'NU-AP06164'], 'addresses': ['48:00:b3:5f:46:a0', '48:00:b3:5f:46:af', '48:00:b3:5f:72:ee', '48:00:b3:5e:0b:ee', '48:00:b3:5e:17:c0', '48:00:b3:5e:0b:e0', '48:00:b3:5f:72:e0'], 'ssids': ['iotroam', 'iotroam', 'eduroam', 'eduroam', 'iotroam', 'iotroam', 'iotroam'], 'signals': [-50, -64, -60, -72, -73, -60, -54], 'timestamps': [1.78343807692565e+18, 1.7834380789296497e+18, 1.78343807911765e+18, 1.7834380799846497e+18, 1.78343807692565e+18, 1.78343807692565e+18, 1.7834380770736497e+18], 'frequencies': [2412, 5500, 5540, 5660, 2412, 2412, 2437]}
1 1 0 0 0 0 0 0 1783438081039491211
{'names': ['NU-AP06163', 'NU-AP06163', 'NU-AP06164', 'NU-AP06167', 'NU-AP06165', 'NU-AP06167', 'NU-AP06164'], 'addresses': ['48:00:b3:5f:46:a0', '48:00:b3:5f:46:af', '48:00:b3:5f:72:ee', '48:00:b3:5e:0b:ee', '48:00:b3:5e:17:c0', '48:00:b3:5e:0b:e0', '48:00:b3:5f:72:e0'], 'ssids': ['iotroam', 'iotroam', 'eduroam', 'eduroam', 'iotroam', 'iotroam', 'iotroam'], 'signals': [-50, -64, -60, -72, -73, -60, -54], 'timestamps': [1.78343807692565e+18, 1.7834380789296497e+18, 1.78343807911765e+18, 1.7834380799846497e+18, 1.78343807692565e+18, 1.78343807692565e+18, 1.7834380770736497e+18], 'frequencies': [2412, 5500, 5540, 5660, 2412, 2412, 2437]}
1 1 0 0 0 0 0 0 1783438081106167664
{'names': ['NU-AP06163', 'NU-AP06163', 'NU-AP06164', 'NU-AP06167', 'NU-AP06165', 'NU-AP06167', 'NU-AP06164'], 'addresses': ['48:00:b3:5f:46:a0', '48:00:b3:5f:46:af', '48:00:b3:5f:72:ee', '48:00:b3:5e:0b:ee', '48:00:b3:5e:17:c0', '48:00:b3:5e:0b:e0', '48:00:b3:5f:72:e0'], 'ssids': ['iotroam', 'iotroam', 'eduroam', 'eduroam', 'iotroam', 'iotroam', 'iotroam'], 'signals': [-50, -64, -60, -72, -73, -60, -54], 'timestamps': [1.78343807692565e+18, 1.7834380789296497e+18, 1.78343807911765e+18, 1.7834380799846497e+18, 1.78343807692565e+18, 1.78343807692565e+18, 1.7834380770736497e+18], 'frequencies': [2412, 5500, 5540, 5660, 2412, 2412, 2437]}
1 1 0 0 0 0 0 0 1783438081173950459
{'names': ['NU-AP06163', 'NU-AP06163', 'NU-AP06164', 'NU-AP06167', 'NU-AP06165', 'NU-AP06167', 'NU-AP06164'], 'addresses': ['48:00:b3:5f:46:a0', '48:00:b3:5f:46:af', '48:00:b3:5f:72:ee', '48:00:b3:5e:0b:ee', '48:00:b3:5e:17:c0', '48:00:b3:5e:0b:e0', '48:00:b3:5f:72:e0'], 'ssids': ['iotroam', 'iotroam', 'eduroam', 'eduroam', 'iotroam', 'iotroam', 'iotroam'], 'signals': [-50, -64, -60, -72, -73, -60, -54], 'timestamps': [1.78343807692565e+18, 1.7834380789296497e+18, 1.78343807911765e+18, 1.7834380799846497e+18, 1.78343807692565e+18, 1.78343807692565e+18, 1.7834380770736497e+18], 'frequencies': [2412, 5500, 5540, 5660, 2412, 2412, 2437]}
3 3 2 2 0 0 0 0 1783438081243862234
{'names': ['NU-AP06163', 'NU-AP06163', 'NU-AP06164', 'NU-AP06167', 'NU-AP06165', 'NU-AP06167', 'NU-AP06164'], 'addresses': ['48:00:b3:5f:46:a0', '48:00:b3:5f:46:af', '48:00:b3:5f:72:ee', '48:00:b3:5e:0b:ee', '48:00:b3:5e:17:c0', '48:00:b3:5e:0b:e0', '48:00:b3:5f:72:e0'], 'ssids': ['iotroam', 'iotroam', 'eduroam', 'eduroam', 'iotroam', 'iotroam', 'iotroam'], 'signals': [-50, -64, -60, -72, -73, -60, -54], 'timestamps': [1.7834380812368622e+18, 1.7834380789296497e+18, 1.78343807911765e+18, 1.7834380799846497e+18, 1.7834380812368622e+18, 1.7834380812368622e+18, 1.7834380770736497e+18], 'frequencies': [2412, 5500, 5540, 5660, 2412, 2412, 2437]}
3 3 2 2 0 0 0 0 1783438081307697605
{'names': ['NU-AP06163', 'NU-AP06163', 'NU-AP06164', 'NU-AP06167', 'NU-AP06165', 'NU-AP06167', 'NU-AP06164'], 'addresses': ['48:00:b3:5f:46:a0', '48:00:b3:5f:46:af', '48:00:b3:5f:72:ee', '48:00:b3:5e:0b:ee', '48:00:b3:5e:17:c0', '48:00:b3:5e:0b:e0', '48:00:b3:5f:72:e0'], 'ssids': ['iotroam', 'iotroam', 'eduroam', 'eduroam', 'iotroam', 'iotroam', 'iotroam'], 'signals': [-50, -64, -60, -72, -72, -60, -54], 'timestamps': [1.7834380812376975e+18, 1.7834380789296497e+18, 1.78343807911765e+18, 1.7834380799846497e+18, 1.7834380812446976e+18, 1.7834380812376975e+18, 1.7834380770736497e+18], 'frequencies': [2412, 5500, 5540, 5660, 2412, 2412, 2437]}
1 1 1 1 0 0 0 0 1783438081435295011
{'names': ['NU-AP06163', 'NU-AP06163', 'NU-AP06164', 'NU-AP06167', 'NU-AP06165', 'NU-AP06167', 'NU-AP06164'], 'addresses': ['48:00:b3:5f:46:a0', '48:00:b3:5f:46:af', '48:00:b3:5f:72:ee', '48:00:b3:5e:0b:ee', '48:00:b3:5e:17:c0', '48:00:b3:5e:0b:e0', '48:00:b3:5f:72:e0'], 'ssids': ['iotroam', 'iotroam', 'eduroam', 'eduroam', 'iotroam', 'iotroam', 'iotroam'], 'signals': [-50, -64, -60, -72, -72, -60, -54], 'timestamps': [1.7834380812376975e+18, 1.7834380789296497e+18, 1.78343807911765e+18, 1.7834380799846497e+18, 1.7834380812446976e+18, 1.7834380812376975e+18, 1.783438081407295e+18], 'frequencies': [2412, 5500, 5540, 5660, 2412, 2412, 2437]}
2 2 1 1 0 0 0 0 1783438081561553905
{'names': ['NU-AP06163', 'NU-AP06163', 'NU-AP06164', 'NU-AP06167', 'NU-AP06165', 'NU-AP06167', 'NU-AP06164', 'NU-AP06162'], 'addresses': ['48:00:b3:5f:46:a0', '48:00:b3:5f:46:af', '48:00:b3:5f:72:ee', '48:00:b3:5e:0b:ee', '48:00:b3:5e:17:c0', '48:00:b3:5e:0b:e0', '48:00:b3:5f:72:e0', '48:00:b3:5a:90:82'], 'ssids': ['iotroam', 'iotroam', 'eduroam', 'eduroam', 'iotroam', 'iotroam', 'iotroam', 'VU-Campusnet'], 'signals': [-50, -64, -60, -72, -72, -60, -54, -77], 'timestamps': [1.7834380812376975e+18, 1.7834380789296497e+18, 1.78343807911765e+18, 1.7834380799846497e+18, 1.7834380812446976e+18, 1.7834380812376975e+18, 1.783438081407554e+18, 1.783438081559554e+18], 'frequencies': [2412, 5500, 5540, 5660, 2412, 2412, 2437, 2462]}
2 2 1 1 0 0 0 0 1783438081695632242
{'names': ['NU-AP06163', 'NU-AP06163', 'NU-AP06164', 'NU-AP06167', 'NU-AP06165', 'NU-AP06167', 'NU-AP06164', 'NU-AP06162'], 'addresses': ['48:00:b3:5f:46:a0', '48:00:b3:5f:46:af', '48:00:b3:5f:72:ee', '48:00:b3:5e:0b:ee', '48:00:b3:5e:17:c0', '48:00:b3:5e:0b:e0', '48:00:b3:5f:72:e0', '48:00:b3:5a:90:82'], 'ssids': ['iotroam', 'iotroam', 'eduroam', 'eduroam', 'iotroam', 'iotroam', 'iotroam', 'VU-Campusnet'], 'signals': [-50, -64, -60, -72, -72, -60, -54, -77], 'timestamps': [1.7834380812376975e+18, 1.7834380789296497e+18, 1.78343807911765e+18, 1.7834380799846497e+18, 1.7834380812446976e+18, 1.7834380812376975e+18, 1.7834380814076321e+18, 1.7834380815596321e+18], 'frequencies': [2412, 5500, 5540, 5660, 2412, 2412, 2437, 2462]}
2 2 1 1 0 0 0 0 1783438081962682837
{'names': ['NU-AP06163', 'NU-AP06163', 'NU-AP06164', 'NU-AP06167', 'NU-AP06165', 'NU-AP06167', 'NU-AP06164', 'NU-AP06162'], 'addresses': ['48:00:b3:5f:46:a0', '48:00:b3:5f:46:af', '48:00:b3:5f:72:ee', '48:00:b3:5e:0b:ee', '48:00:b3:5e:17:c0', '48:00:b3:5e:0b:e0', '48:00:b3:5f:72:e0', '48:00:b3:5a:90:82'], 'ssids': ['iotroam', 'iotroam', 'eduroam', 'eduroam', 'iotroam', 'iotroam', 'iotroam', 'VU-Campusnet'], 'signals': [-50, -64, -60, -72, -72, -60, -54, -77], 'timestamps': [1.7834380812376975e+18, 1.7834380789296497e+18, 1.78343807911765e+18, 1.7834380799846497e+18, 1.7834380812446976e+18, 1.7834380812376975e+18, 1.7834380814076828e+18, 1.7834380815596828e+18], 'frequencies': [2412, 5500, 5540, 5660, 2412, 2412, 2437, 2462]}
5 5 3 3 0 0 0 0 1783438082029730245
{'names': ['NU-AP06163', 'NU-AP06163', 'NU-AP06164', 'NU-AP06167', 'NU-AP06165', 'NU-AP06167', 'NU-AP06164', 'NU-AP06162'], 'addresses': ['48:00:b3:5f:46:a0', '48:00:b3:5f:46:af', '48:00:b3:5f:72:ee', '48:00:b3:5e:0b:ee', '48:00:b3:5e:17:c0', '48:00:b3:5e:0b:e0', '48:00:b3:5f:72:e0', '48:00:b3:5a:90:82'], 'ssids': ['iotroam', 'iotroam', 'eduroam', 'eduroam', 'iotroam', 'iotroam', 'iotroam', 'VU-Campusnet'], 'signals': [-50, -64, -60, -72, -72, -60, -54, -77], 'timestamps': [1.7834380812377303e+18, 1.7834380789296497e+18, 1.78343807911765e+18, 1.7834380799846497e+18, 1.7834380812447304e+18, 1.7834380812377303e+18, 1.7834380814077302e+18, 1.7834380815597302e+18], 'frequencies': [2412, 5500, 5540, 5660, 2412, 2412, 2437, 2462]}
5 5 3 3 0 0 0 0 1783438082164120507
{'names': ['NU-AP06163', 'NU-AP06163', 'NU-AP06164', 'NU-AP06167', 'NU-AP06165', 'NU-AP06167', 'NU-AP06164', 'NU-AP06162'], 'addresses': ['48:00:b3:5f:46:a0', '48:00:b3:5f:46:af', '48:00:b3:5f:72:ee', '48:00:b3:5e:0b:ee', '48:00:b3:5e:17:c0', '48:00:b3:5e:0b:e0', '48:00:b3:5f:72:e0', '48:00:b3:5a:90:82'], 'ssids': ['iotroam', 'iotroam', 'eduroam', 'eduroam', 'iotroam', 'iotroam', 'iotroam', 'VU-Campusnet'], 'signals': [-50, -64, -60, -72, -72, -60, -54, -77], 'timestamps': [1.7834380812381204e+18, 1.7834380789296497e+18, 1.78343807911765e+18, 1.7834380799846497e+18, 1.7834380812451205e+18, 1.7834380812381204e+18, 1.7834380814081206e+18, 1.7834380815601206e+18], 'frequencies': [2412, 5500, 5540, 5660, 2412, 2412, 2437, 2462]}
0 0 0 0 1 1 1 1 1783438083291675034
{'names': ['NU-AP06163', 'NU-AP06163', 'NU-AP06164', 'NU-AP06167', 'NU-AP06165', 'NU-AP06167', 'NU-AP06164', 'NU-AP06162'], 'addresses': ['48:00:b3:5f:46:a0', '48:00:b3:5f:46:af', '48:00:b3:5f:72:ee', '48:00:b3:5e:0b:ee', '48:00:b3:5e:17:c0', '48:00:b3:5e:0b:e0', '48:00:b3:5f:72:e0', '48:00:b3:5a:90:82'], 'ssids': ['iotroam', 'iotroam', 'eduroam', 'eduroam', 'iotroam', 'iotroam', 'iotroam', 'VU-Campusnet'], 'signals': [-50, -63, -60, -72, -72, -60, -54, -77], 'timestamps': [1.7834380812381204e+18, 1.7834380832256753e+18, 1.78343807911765e+18, 1.7834380799846497e+18, 1.7834380812451205e+18, 1.7834380812381204e+18, 1.7834380814081206e+18, 1.7834380815601206e+18], 'frequencies': [2412, 5500, 5540, 5660, 2412, 2412, 2437, 2462]}
0 0 0 0 1 1 1 1 1783438083423070780
{'names': ['NU-AP06163', 'NU-AP06163', 'NU-AP06164', 'NU-AP06167', 'NU-AP06165', 'NU-AP06167', 'NU-AP06164', 'NU-AP06162'], 'addresses': ['48:00:b3:5f:46:a0', '48:00:b3:5f:46:af', '48:00:b3:5f:72:ee', '48:00:b3:5e:0b:ee', '48:00:b3:5e:17:c0', '48:00:b3:5e:0b:e0', '48:00:b3:5f:72:e0', '48:00:b3:5a:90:82'], 'ssids': ['iotroam', 'iotroam', 'eduroam', 'eduroam', 'iotroam', 'iotroam', 'iotroam', 'VU-Campusnet'], 'signals': [-50, -63, -62, -72, -72, -60, -54, -77], 'timestamps': [1.7834380812381204e+18, 1.7834380832256753e+18, 1.7834380834120707e+18, 1.7834380799846497e+18, 1.7834380812451205e+18, 1.7834380812381204e+18, 1.7834380814081206e+18, 1.7834380815601206e+18], 'frequencies': [2412, 5500, 5540, 5660, 2412, 2412, 2437, 2462]}
0 0 0 0 2 2 2 2 1783438083554923398
{'names': ['NU-AP06163', 'NU-AP06163', 'NU-AP06164', 'NU-AP06167', 'NU-AP06165', 'NU-AP06167', 'NU-AP06164', 'NU-AP06162'], 'addresses': ['48:00:b3:5f:46:a0', '48:00:b3:5f:46:af', '48:00:b3:5f:72:ee', '48:00:b3:5e:0b:ee', '48:00:b3:5e:17:c0', '48:00:b3:5e:0b:e0', '48:00:b3:5f:72:e0', '48:00:b3:5a:90:82'], 'ssids': ['iotroam', 'iotroam', 'eduroam', 'eduroam', 'iotroam', 'iotroam', 'iotroam', 'VU-Campusnet'], 'signals': [-50, -63, -62, -72, -72, -60, -54, -77], 'timestamps': [1.7834380812381204e+18, 1.7834380832259236e+18, 1.7834380834129234e+18, 1.7834380799846497e+18, 1.7834380812451205e+18, 1.7834380812381204e+18, 1.7834380814081206e+18, 1.7834380815601206e+18], 'frequencies': [2412, 5500, 5540, 5660, 2412, 2412, 2437, 2462]}
5 5 3 3 2 2 2 2 1783438083959858932
{'names': ['NU-AP06163', 'NU-AP06163', 'NU-AP06164', 'NU-AP06167', 'NU-AP06165', 'NU-AP06167', 'NU-AP06164', 'NU-AP06162'], 'addresses': ['48:00:b3:5f:46:a0', '48:00:b3:5f:46:af', '48:00:b3:5f:72:ee', '48:00:b3:5e:0b:ee', '48:00:b3:5e:17:c0', '48:00:b3:5e:0b:e0', '48:00:b3:5f:72:e0', '48:00:b3:5a:90:82'], 'ssids': ['iotroam', 'iotroam', 'eduroam', 'eduroam', 'iotroam', 'iotroam', 'iotroam', 'VU-Campusnet'], 'signals': [-50, -63, -62, -72, -72, -60, -54, -77], 'timestamps': [1.783438081238859e+18, 1.783438083226859e+18, 1.7834380834138588e+18, 1.7834380799846497e+18, 1.7834380812458588e+18, 1.783438081238859e+18, 1.783438081408859e+18, 1.783438081560859e+18], 'frequencies': [2412, 5500, 5540, 5660, 2412, 2412, 2437, 2462]}
5 5 3 3 2 2 2 2 1783438084035109847
{'names': ['NU-AP06163', 'NU-AP06163', 'NU-AP06164', 'NU-AP06167', 'NU-AP06165', 'NU-AP06167', 'NU-AP06164', 'NU-AP06162'], 'addresses': ['48:00:b3:5f:46:a0', '48:00:b3:5f:46:af', '48:00:b3:5f:72:ee', '48:00:b3:5e:0b:ee', '48:00:b3:5e:17:c0', '48:00:b3:5e:0b:e0', '48:00:b3:5f:72:e0', '48:00:b3:5a:90:82'], 'ssids': ['iotroam', 'iotroam', 'eduroam', 'eduroam', 'iotroam', 'iotroam', 'iotroam', 'VU-Campusnet'], 'signals': [-50, -63, -62, -72, -72, -60, -54, -77], 'timestamps': [1.78343808123911e+18, 1.78343808322711e+18, 1.78343808341411e+18, 1.7834380799846497e+18, 1.78343808124611e+18, 1.78343808123911e+18, 1.78343808140911e+18, 1.78343808156111e+18], 'frequencies': [2412, 5500, 5540, 5660, 2412, 2412, 2437, 2462]}
0 0 0 0 1 1 0 0 1783438084326202432
{'names': ['NU-AP06163', 'NU-AP06163', 'NU-AP06164', 'NU-AP06167', 'NU-AP06165', 'NU-AP06167', 'NU-AP06164', 'NU-AP06162'], 'addresses': ['48:00:b3:5f:46:a0', '48:00:b3:5f:46:af', '48:00:b3:5f:72:ee', '48:00:b3:5e:0b:ef', '48:00:b3:5e:17:c0', '48:00:b3:5e:0b:e0', '48:00:b3:5f:72:e0', '48:00:b3:5a:90:82'], 'ssids': ['iotroam', 'iotroam', 'eduroam', 'iotroam', 'iotroam', 'iotroam', 'iotroam', 'VU-Campusnet'], 'signals': [-50, -63, -62, -72, -72, -60, -54, -77], 'timestamps': [1.78343808123911e+18, 1.78343808322711e+18, 1.78343808341411e+18, 1.7834380842802022e+18, 1.78343808124611e+18, 1.78343808123911e+18, 1.78343808140911e+18, 1.78343808156111e+18], 'frequencies': [2412, 5500, 5540, 5660, 2412, 2412, 2437, 2462]}
0 0 0 0 1 1 0 0 1783438084395511338
{'names': ['NU-AP06163', 'NU-AP06163', 'NU-AP06164', 'NU-AP06167', 'NU-AP06165', 'NU-AP06167', 'NU-AP06164', 'NU-AP06162'], 'addresses': ['48:00:b3:5f:46:a0', '48:00:b3:5f:46:af', '48:00:b3:5f:72:ee', '48:00:b3:5e:0b:ef', '48:00:b3:5e:17:c0', '48:00:b3:5e:0b:e0', '48:00:b3:5f:72:e0', '48:00:b3:5a:90:82'], 'ssids': ['iotroam', 'iotroam', 'eduroam', 'iotroam', 'iotroam', 'iotroam', 'iotroam', 'VU-Campusnet'], 'signals': [-50, -63, -62, -72, -72, -60, -54, -77], 'timestamps': [1.78343808123911e+18, 1.78343808322711e+18, 1.78343808341411e+18, 1.7834380842805112e+18, 1.78343808124611e+18, 1.78343808123911e+18, 1.78343808140911e+18, 1.78343808156111e+18], 'frequencies': [2412, 5500, 5540, 5660, 2412, 2412, 2437, 2462]}
0 0 0 0 1 1 0 0 1783438084599534489
{'names': ['NU-AP06163', 'NU-AP06163', 'NU-AP06164', 'NU-AP06167', 'NU-AP06165', 'NU-AP06167', 'NU-AP06164', 'NU-AP06162'], 'addresses': ['48:00:b3:5f:46:a0', '48:00:b3:5f:46:af', '48:00:b3:5f:72:ee', '48:00:b3:5e:0b:ef', '48:00:b3:5e:17:c0', '48:00:b3:5e:0b:e0', '48:00:b3:5f:72:e0', '48:00:b3:5a:90:82'], 'ssids': ['iotroam', 'iotroam', 'eduroam', 'iotroam', 'iotroam', 'iotroam', 'iotroam', 'VU-Campusnet'], 'signals': [-50, -63, -62, -72, -72, -60, -54, -77], 'timestamps': [1.78343808123911e+18, 1.78343808322711e+18, 1.78343808341411e+18, 1.7834380842815345e+18, 1.78343808124611e+18, 1.78343808123911e+18, 1.78343808140911e+18, 1.78343808156111e+18], 'frequencies': [2412, 5500, 5540, 5660, 2412, 2412, 2437, 2462]}
1 1 1 1 0 0 0 0 1783438085539336456
{'names': ['NU-AP06163', 'NU-AP06163', 'NU-AP06164', 'NU-AP06167', 'NU-AP06165', 'NU-AP06167', 'NU-AP06164', 'NU-AP06162'], 'addresses': ['48:00:b3:5f:46:a0', '48:00:b3:5f:46:af', '48:00:b3:5f:72:ee', '48:00:b3:5e:0b:ef', '48:00:b3:5e:17:c0', '48:00:b3:5e:0b:e0', '48:00:b3:5f:72:e0', '48:00:b3:5a:90:82'], 'ssids': ['iotroam', 'iotroam', 'eduroam', 'iotroam', 'iotroam', 'iotroam', 'iotroam', 'VU-Campusnet'], 'signals': [-50, -63, -62, -72, -72, -60, -54, -77], 'timestamps': [1.7834380855313364e+18, 1.78343808322711e+18, 1.78343808341411e+18, 1.7834380842815345e+18, 1.78343808124611e+18, 1.78343808123911e+18, 1.78343808140911e+18, 1.78343808156111e+18], 'frequencies': [2412, 5500, 5540, 5660, 2412, 2412, 2437, 2462]}
2 2 1 1 1 1 0 0 1783438085619564390
{'names': ['NU-AP06163', 'NU-AP06163', 'NU-AP06164', 'NU-AP06167', 'NU-AP06165', 'NU-AP06167', 'NU-AP06164', 'NU-AP06162'], 'addresses': ['48:00:b3:5f:46:a0', '48:00:b3:5f:46:af', '48:00:b3:5f:72:ee', '48:00:b3:5e:0b:ef', '48:00:b3:5e:17:c0', '48:00:b3:5e:0b:e0', '48:00:b3:5f:72:e0', '48:00:b3:5a:90:82'], 'ssids': ['iotroam', 'iotroam', 'eduroam', 'iotroam', 'iotroam', 'iotroam', 'iotroam', 'VU-Campusnet'], 'signals': [-50, -63, -62, -72, -72, -60, -54, -77], 'timestamps': [1.7834380855325642e+18, 1.78343808322711e+18, 1.78343808341411e+18, 1.7834380842815642e+18, 1.7834380855465644e+18, 1.78343808123911e+18, 1.78343808140911e+18, 1.78343808156111e+18], 'frequencies': [2412, 5500, 5540, 5660, 2412, 2412, 2437, 2462]}
