in the second of 17:26:25:
	8 new cells on 24-ALL
	8 new cells on 24-80
	8 new cells on 24-70
	8 new cells on 24-67
	7 new cells on 50-ALL
	5 new cells on 50-80
	4 new cells on 50-70
	4 new cells on 50-67
	3 new predictions on 24-ALL-tri
	2 new predictions on 24-80-tri
	2 new predictions on 24-ALL-mul
	3 new predictions on 50-ALL-tri
	3 new predictions on 50-80-tri
	3 new predictions on 50-70-tri
	3 new predictions on 50-67-tri
in the second of 17:26:26:
	14 new cells on 24-ALL
	14 new cells on 24-80
	14 new cells on 24-70
	14 new cells on 24-67
	3 new cells on 50-ALL
	2 new cells on 50-80
	2 new cells on 50-70
	2 new cells on 50-67
	7 new predictions on 24-ALL-tri
	7 new predictions on 24-80-tri
	7 new predictions on 24-ALL-mul
	7 new predictions on 50-ALL-tri
	7 new predictions on 50-80-tri
	7 new predictions on 50-70-tri
	7 new predictions on 50-67-tri
in the second of 17:26:27:
	4 new cells on 24-ALL
	4 new cells on 24-80
	4 new cells on 24-70
	4 new cells on 24-67
	6 new cells on 50-ALL
	5 new cells on 50-80
	3 new cells on 50-70
	3 new cells on 50-67
	3 new predictions on 24-ALL-tri
	3 new predictions on 24-80-tri
	3 new predictions on 24-ALL-mul
	3 new predictions on 50-ALL-tri
	3 new predictions on 50-80-tri
	3 new predictions on 50-70-tri
	3 new predictions on 50-67-tri
in the second of 17:26:29:
	4 new cells on 50-ALL
	4 new cells on 50-80
	2 new cells on 50-70
	2 new cells on 50-67
	4 new predictions on 24-ALL-tri
	4 new predictions on 24-80-tri
	4 new predictions on 24-ALL-mul
	4 new predictions on 50-ALL-tri
	4 new predictions on 50-80-tri
	4 new predictions on 50-70-tri
	4 new predictions on 50-67-tri
in the second of 17:26:30:
	3 new cells on 24-ALL
	3 new cells on 24-80
	2 new cells on 24-70
	2 new cells on 24-67
	1 new predictions on 24-ALL-tri
	1 new predictions on 24-80-tri
	1 new predictions on 50-ALL-tri
	1 new predictions on 50-80-tri
	1 new predictions on 50-70-tri
	1 new predictions on 50-67-tri
	1 new predictions on 50-ALL-mul
	1 new predictions on 50-80-mul
in the second of 17:26:31:
	16 new cells on 24-ALL
	16 new cells on 24-80
	9 new cells on 24-70
	9 new cells on 24-67
	9 new predictions on 24-ALL-tri
	9 new predictions on 24-80-tri
	9 new predictions on 50-ALL-tri
	9 new predictions on 50-80-tri
	9 new predictions on 50-70-tri
	9 new predictions on 50-67-tri
	9 new predictions on 50-ALL-mul
	9 new predictions on 50-80-mul
in the second of 17:26:32:
	5 new cells on 24-ALL
	5 new cells on 24-80
	3 new cells on 24-70
	3 new cells on 24-67
	6 new cells on 50-ALL
	6 new cells on 50-80
	5 new cells on 50-70
	5 new cells on 50-67
	4 new predictions on 24-ALL-tri
	4 new predictions on 24-80-tri
	4 new predictions on 50-ALL-tri
	4 new predictions on 50-80-tri
	4 new predictions on 50-70-tri
	4 new predictions on 50-67-tri
	4 new predictions on 50-ALL-mul
	4 new predictions on 50-80-mul
in the second of 17:26:33:
	5 new cells on 50-ALL
	5 new cells on 50-80
	5 new predictions on 24-ALL-tri
	5 new predictions on 24-80-tri
	5 new predictions on 50-ALL-tri
	5 new predictions on 50-80-tri
	5 new predictions on 50-70-tri
	5 new predictions on 50-67-tri
	5 new predictions on 50-ALL-mul
	5 new predictions on 50-80-mul
24-ALL-tri
[(12.424, 27.700, 38.757), (3.0, 64.5), 27.413236650266203, 1783437985059981202, ['NU-AP06165', 'NU-AP06164', 'NU-AP06163'], [(3.940, 27.700, 71.250), (2.960, 27.700, 44.930), (16.350, 27.700, 50.030)], [-82, -61, -65]]
[(12.424, 27.700, 38.757), (3.0, 52.53695764627419), 16.693729000542525, 1783437985673380237, ['NU-AP06165', 'NU-AP06164', 'NU-AP06163'], [(3.940, 27.700, 71.250), (2.960, 27.700, 44.930), (16.350, 27.700, 50.030)], [-82, -61, -65]]
[(12.424, 27.700, 38.757), (9.0, 34.115184454718694), 5.768144219279124, 1783437986925594487, ['NU-AP06165', 'NU-AP06164', 'NU-AP06163'], [(3.940, 27.700, 71.250), (2.960, 27.700, 44.930), (16.350, 27.700, 50.030)], [-82, -61, -65]]
[(12.424, 27.700, 38.757), (9.0, 30.26331643818275), 9.158104145395741, 1783437987123097100, ['NU-AP06165', 'NU-AP06164', 'NU-AP06163'], [(3.940, 27.700, 71.250), (2.960, 27.700, 44.930), (16.350, 27.700, 50.030)], [-82, -61, -65]]
[(12.424, 27.700, 38.757), (9.0, 28.970798678729295), 10.368173067180056, 1783437987189370304, ['NU-AP06165', 'NU-AP06164', 'NU-AP06163'], [(3.940, 27.700, 71.250), (2.960, 27.700, 44.930), (16.350, 27.700, 50.030)], [-82, -61, -65]]
[(12.424, 27.700, 38.757), (9.0, 27.67481679979624), 11.599358997361543, 1783437987255821129, ['NU-AP06165', 'NU-AP06164', 'NU-AP06163'], [(3.940, 27.700, 71.250), (2.960, 27.700, 44.930), (16.350, 27.700, 50.030)], [-82, -61, -65]]
[(12.424, 27.700, 38.757), (9.0, 26.348326111427333), 12.872708561252212, 1783437987323836278, ['NU-AP06165', 'NU-AP06164', 'NU-AP06163'], [(3.940, 27.700, 71.250), (2.960, 27.700, 44.930), (16.350, 27.700, 50.030)], [-82, -61, -65]]
[(12.424, 27.700, 38.757), (9.0, 21.758356196749443), 17.340389628659388, 1783437987559184698, ['NU-AP06165', 'NU-AP06164', 'NU-AP06163'], [(3.940, 27.700, 71.250), (2.960, 27.700, 44.930), (16.350, 27.700, 50.030)], [-82, -61, -65]]
[(12.424, 27.700, 38.757), (9.0, 16.322680939301176), 22.694456887306238, 1783437987837896238, ['NU-AP06165', 'NU-AP06164', 'NU-AP06163'], [(3.940, 27.700, 71.250), (2.960, 27.700, 44.930), (16.350, 27.700, 50.030)], [-82, -61, -65]]
[(12.424, 27.700, 38.757), (9.0, 13.350719748598259), 25.636326327140168, 1783437987990282067, ['NU-AP06165', 'NU-AP06164', 'NU-AP06163'], [(3.940, 27.700, 71.250), (2.960, 27.700, 44.930), (16.350, 27.700, 50.030)], [-82, -61, -65]]
[(12.424, 27.700, 38.757), (9.0, 9.210155664399778), 29.744941996936678, 1783437988202587427, ['NU-AP06165', 'NU-AP06164', 'NU-AP06163'], [(3.940, 27.700, 71.250), (2.960, 27.700, 44.930), (16.350, 27.700, 50.030)], [-82, -61, -65]]
[(12.424, 27.700, 38.757), (22.89827468168349, 8.5), 32.01920156564801, 1783437988951627413, ['NU-AP06165', 'NU-AP06164', 'NU-AP06163'], [(3.940, 27.700, 71.250), (2.960, 27.700, 44.930), (16.350, 27.700, 50.030)], [-82, -61, -65]]
[(12.424, 27.700, 38.757), (24.27805797966623, 8.5), 32.49674696759007, 1783437989022375114, ['NU-AP06165', 'NU-AP06164', 'NU-AP06163'], [(3.940, 27.700, 71.250), (2.960, 27.700, 44.930), (16.350, 27.700, 50.030)], [-82, -61, -65]]
[(12.602, 27.700, 38.862), (26.93841815069294, 8.5), 33.5762779726414, 1783437989158783756, ['NU-AP06165', 'NU-AP06164', 'NU-AP06163'], [(3.940, 27.700, 71.250), (2.960, 27.700, 44.930), (16.350, 27.700, 50.030)], [-82, -63, -65]]
[(12.602, 27.700, 38.862), (35.29908696537855, 8.5), 37.90770871267251, 1783437989587472883, ['NU-AP06165', 'NU-AP06164', 'NU-AP06163'], [(3.940, 27.700, 71.250), (2.960, 27.700, 44.930), (16.350, 27.700, 50.030)], [-82, -63, -65]]
[(12.602, 27.700, 38.862), (42.00664342078871, 10.601631967716132), 40.783220438165685, 1783437990016268786, ['NU-AP06165', 'NU-AP06164', 'NU-AP06163'], [(3.940, 27.700, 71.250), (2.960, 27.700, 44.930), (16.350, 27.700, 50.030)], [-82, -63, -65]]
[(12.602, 27.700, 38.862), (42.37647784081282, 12.135759932260555), 40.010027955430445, 1783437990097183883, ['NU-AP06165', 'NU-AP06164', 'NU-AP06163'], [(3.940, 27.700, 71.250), (2.960, 27.700, 44.930), (16.350, 27.700, 50.030)], [-82, -63, -65]]
[(8.837, 27.700, 48.745), (47.59802210391378, 33.79549909771642), 41.54384659650097, 1783437991239591776, ['NU-AP06164', 'NU-AP06163', 'NU-AP06167'], [(2.960, 27.700, 44.930), (16.350, 27.700, 50.030), (6.580, 27.700, 59.750)], [-63, -65, -71]]
[(8.837, 27.700, 48.745), (47.90059098405561, 35.050599637564), 41.39428026241522, 1783437991305790023, ['NU-AP06164', 'NU-AP06163', 'NU-AP06167'], [(2.960, 27.700, 44.930), (16.350, 27.700, 50.030), (6.580, 27.700, 59.750)], [-63, -65, -71]]
[(8.837, 27.700, 48.745), (48.18404075252351, 36.226391269727145), 41.29031198454428, 1783437991367805250, ['NU-AP06164', 'NU-AP06163', 'NU-AP06167'], [(2.960, 27.700, 44.930), (16.350, 27.700, 50.030), (6.580, 27.700, 59.750)], [-63, -65, -71]]
[(8.837, 27.700, 48.745), (48.464781191734176, 37.39094420274917), 41.22207302942125, 1783437991429227710, ['NU-AP06164', 'NU-AP06163', 'NU-AP06167'], [(2.960, 27.700, 44.930), (16.350, 27.700, 50.030), (6.580, 27.700, 59.750)], [-63, -65, -71]]
[(8.837, 27.700, 48.745), (48.74527550155419, 38.55447615459518), 41.18858951948728, 1783437991490596320, ['NU-AP06164', 'NU-AP06163', 'NU-AP06167'], [(2.960, 27.700, 44.930), (16.350, 27.700, 50.030), (6.580, 27.700, 59.750)], [-63, -65, -71]]
[(8.837, 27.700, 48.745), (49.026385934714206, 39.72056387733301), 41.1899121269903, 1783437991552099730, ['NU-AP06164', 'NU-AP06163', 'NU-AP06167'], [(2.960, 27.700, 44.930), (16.350, 27.700, 50.030), (6.580, 27.700, 59.750)], [-63, -65, -71]]
[(8.837, 27.700, 48.745), (49.886820457031185, 43.28977374768489), 41.41045579157644, 1783437991740351929, ['NU-AP06164', 'NU-AP06163', 'NU-AP06167'], [(2.960, 27.700, 44.930), (16.350, 27.700, 50.030), (6.580, 27.700, 59.750)], [-63, -65, -71]]
[(8.837, 27.700, 48.745), (51.047968930590244, 48.10638963800395), 42.21549675194708, 1783437991994396540, ['NU-AP06164', 'NU-AP06163', 'NU-AP06167'], [(2.960, 27.700, 44.930), (16.350, 27.700, 50.030), (6.580, 27.700, 59.750)], [-63, -65, -71]]
[(8.837, 27.700, 48.745), (51.33258202950874, 49.28700693722145), 42.49872575524184, 1783437992056666289, ['NU-AP06164', 'NU-AP06163', 'NU-AP06167'], [(2.960, 27.700, 44.930), (16.350, 27.700, 50.030), (6.580, 27.700, 59.750)], [-63, -65, -71]]
[(8.837, 27.700, 48.745), (53.35002898209037, 57.65567577756008), 45.39577190558969, 1783437992498058185, ['NU-AP06164', 'NU-AP06163', 'NU-AP06167'], [(2.960, 27.700, 44.930), (16.350, 27.700, 50.030), (6.580, 27.700, 59.750)], [-63, -65, -71]]
[(9.208, 27.700, 48.655), (47.63326191383982, 64.5), 41.564471221256554, 1783437993236776815, ['NU-AP06164', 'NU-AP06163', 'NU-AP06167'], [(2.960, 27.700, 44.930), (16.350, 27.700, 50.030), (6.580, 27.700, 59.750)], [-63, -63, -71]]
[(9.120, 27.700, 48.567), (43.94523765450011, 64.5), 38.29666123047946, 1783437993425878421, ['NU-AP06164', 'NU-AP06163', 'NU-AP06167'], [(2.960, 27.700, 44.930), (16.350, 27.700, 50.030), (6.580, 27.700, 59.750)], [-62, -63, -71]]
[(9.120, 27.700, 48.567), (42.7266585951298, 64.5), 37.19200401184202, 1783437993488360455, ['NU-AP06164', 'NU-AP06163', 'NU-AP06167'], [(2.960, 27.700, 44.930), (16.350, 27.700, 50.030), (6.580, 27.700, 59.750)], [-62, -63, -71]]
[(9.120, 27.700, 48.567), (41.37728544155771, 64.5), 35.977364595400665, 1783437993557548891, ['NU-AP06164', 'NU-AP06163', 'NU-AP06167'], [(2.960, 27.700, 44.930), (16.350, 27.700, 50.030), (6.580, 27.700, 59.750)], [-62, -63, -71]]
[(9.120, 27.700, 48.567), (26.446560378497015, 64.5), 23.53837421593478, 1783437994323114378, ['NU-AP06164', 'NU-AP06163', 'NU-AP06167'], [(2.960, 27.700, 44.930), (16.350, 27.700, 50.030), (6.580, 27.700, 59.750)], [-62, -63, -71]]
[(9.120, 27.700, 48.567), (25.237111432240727, 64.5), 22.662904040635393, 1783437994385128270, ['NU-AP06164', 'NU-AP06163', 'NU-AP06167'], [(2.960, 27.700, 44.930), (16.350, 27.700, 50.030), (6.580, 27.700, 59.750)], [-62, -63, -71]]
[(9.120, 27.700, 48.567), (24.008352771253204, 64.5), 21.806181886631112, 1783437994448132258, ['NU-AP06164', 'NU-AP06163', 'NU-AP06167'], [(2.960, 27.700, 44.930), (16.350, 27.700, 50.030), (6.580, 27.700, 59.750)], [-62, -63, -71]]
[(9.120, 27.700, 48.567), (22.777891724144375, 64.5), 20.985354630826535, 1783437994511223535, ['NU-AP06164', 'NU-AP06163', 'NU-AP06167'], [(2.960, 27.700, 44.930), (16.350, 27.700, 50.030), (6.580, 27.700, 59.750)], [-62, -63, -71]]
[(9.120, 27.700, 48.567), (21.52945558278406, 64.5), 20.1951053823372, 1783437994575236476, ['NU-AP06164', 'NU-AP06163', 'NU-AP06167'], [(2.960, 27.700, 44.930), (16.350, 27.700, 50.030), (6.580, 27.700, 59.750)], [-62, -63, -71]]
[(9.120, 27.700, 48.567), (20.29818994472523, 64.5), 19.462790312936757, 1783437994638369008, ['NU-AP06164', 'NU-AP06163', 'NU-AP06167'], [(2.960, 27.700, 44.930), (16.350, 27.700, 50.030), (6.580, 27.700, 59.750)], [-62, -63, -71]]
[(9.120, 27.700, 48.567), (19.067932449082768, 64.5), 18.78324302780814, 1783437994701449848, ['NU-AP06164', 'NU-AP06163', 'NU-AP06167'], [(2.960, 27.700, 44.930), (16.350, 27.700, 50.030), (6.580, 27.700, 59.750)], [-62, -63, -71]]
[(9.120, 27.700, 48.567), (15.33884588914682, 64.5), 17.10335253316021, 1783437994892656903, ['NU-AP06164', 'NU-AP06163', 'NU-AP06167'], [(2.960, 27.700, 44.930), (16.350, 27.700, 50.030), (6.580, 27.700, 59.750)], [-62, -63, -71]]
[(9.120, 27.700, 48.567), (2.9999999999999885, 64.5), 17.067831259429386, 1783437995525325077, ['NU-AP06164', 'NU-AP06163', 'NU-AP06167'], [(2.960, 27.700, 44.930), (16.350, 27.700, 50.030), (6.580, 27.700, 59.750)], [-62, -63, -71]]
24-80-tri
[(9.000, 27.700, 47.746), (3.0, 52.53695764627419), 7.678574641029247, 1783437985673380237, ['NU-AP06164', 'NU-AP06163', 'NU-AP06167'], [(2.960, 27.700, 44.930), (16.350, 27.700, 50.030), (6.580, 27.700, 59.750)], [-61, -65, -72]]
[(9.000, 27.700, 47.746), (9.0, 34.115184454718694), 13.630353888093406, 1783437986925594487, ['NU-AP06164', 'NU-AP06163', 'NU-AP06167'], [(2.960, 27.700, 44.930), (16.350, 27.700, 50.030), (6.580, 27.700, 59.750)], [-61, -65, -72]]
[(9.000, 27.700, 47.746), (9.0, 30.26331643818275), 17.48222190418632, 1783437987123097100, ['NU-AP06164', 'NU-AP06163', 'NU-AP06167'], [(2.960, 27.700, 44.930), (16.350, 27.700, 50.030), (6.580, 27.700, 59.750)], [-61, -65, -72]]
[(9.000, 27.700, 47.746), (9.0, 28.970798678729295), 18.774739663531847, 1783437987189370304, ['NU-AP06164', 'NU-AP06163', 'NU-AP06167'], [(2.960, 27.700, 44.930), (16.350, 27.700, 50.030), (6.580, 27.700, 59.750)], [-61, -65, -72]]
[(9.000, 27.700, 47.746), (9.0, 27.67481679979624), 20.070721542370645, 1783437987255821129, ['NU-AP06164', 'NU-AP06163', 'NU-AP06167'], [(2.960, 27.700, 44.930), (16.350, 27.700, 50.030), (6.580, 27.700, 59.750)], [-61, -65, -72]]
[(9.000, 27.700, 47.746), (9.0, 26.348326111427333), 21.397212230654894, 1783437987323836278, ['NU-AP06164', 'NU-AP06163', 'NU-AP06167'], [(2.960, 27.700, 44.930), (16.350, 27.700, 50.030), (6.580, 27.700, 59.750)], [-61, -65, -72]]
[(9.000, 27.700, 47.746), (9.0, 21.758356196749443), 25.98718214510655, 1783437987559184698, ['NU-AP06164', 'NU-AP06163', 'NU-AP06167'], [(2.960, 27.700, 44.930), (16.350, 27.700, 50.030), (6.580, 27.700, 59.750)], [-61, -65, -72]]
[(9.000, 27.700, 47.746), (9.0, 16.322680939301176), 31.42285740237238, 1783437987837896238, ['NU-AP06164', 'NU-AP06163', 'NU-AP06167'], [(2.960, 27.700, 44.930), (16.350, 27.700, 50.030), (6.580, 27.700, 59.750)], [-61, -65, -72]]
[(9.000, 27.700, 47.746), (9.0, 13.350719748598259), 34.39481859299993, 1783437987990282067, ['NU-AP06164', 'NU-AP06163', 'NU-AP06167'], [(2.960, 27.700, 44.930), (16.350, 27.700, 50.030), (6.580, 27.700, 59.750)], [-61, -65, -72]]
[(9.000, 27.700, 47.746), (9.0, 9.210155664399778), 38.53538267711279, 1783437988202587427, ['NU-AP06164', 'NU-AP06163', 'NU-AP06167'], [(2.960, 27.700, 44.930), (16.350, 27.700, 50.030), (6.580, 27.700, 59.750)], [-61, -65, -72]]
[(9.000, 27.700, 47.746), (22.89827468168349, 8.5), 41.63373405028027, 1783437988951627413, ['NU-AP06164', 'NU-AP06163', 'NU-AP06167'], [(2.960, 27.700, 44.930), (16.350, 27.700, 50.030), (6.580, 27.700, 59.750)], [-61, -65, -72]]
[(9.000, 27.700, 47.746), (24.27805797966623, 8.5), 42.11441773772912, 1783437989022375114, ['NU-AP06164', 'NU-AP06163', 'NU-AP06167'], [(2.960, 27.700, 44.930), (16.350, 27.700, 50.030), (6.580, 27.700, 59.750)], [-61, -65, -72]]
[(9.158, 27.700, 47.904), (26.93841815069294, 8.5), 43.22983681090202, 1783437989158783756, ['NU-AP06164', 'NU-AP06163', 'NU-AP06167'], [(2.960, 27.700, 44.930), (16.350, 27.700, 50.030), (6.580, 27.700, 59.750)], [-63, -65, -72]]
[(9.158, 27.700, 47.904), (35.29908696537855, 8.5), 47.28673540765486, 1783437989587472883, ['NU-AP06164', 'NU-AP06163', 'NU-AP06167'], [(2.960, 27.700, 44.930), (16.350, 27.700, 50.030), (6.580, 27.700, 59.750)], [-63, -65, -72]]
[(8.837, 27.700, 48.745), (42.00664342078871, 10.601631967716132), 50.54847709740016, 1783437990016268786, ['NU-AP06164', 'NU-AP06163', 'NU-AP06167'], [(2.960, 27.700, 44.930), (16.350, 27.700, 50.030), (6.580, 27.700, 59.750)], [-63, -65, -71]]
[(8.837, 27.700, 48.745), (42.37647784081282, 12.135759932260555), 49.650160899813024, 1783437990097183883, ['NU-AP06164', 'NU-AP06163', 'NU-AP06167'], [(2.960, 27.700, 44.930), (16.350, 27.700, 50.030), (6.580, 27.700, 59.750)], [-63, -65, -71]]
[(8.837, 27.700, 48.745), (47.59802210391378, 33.79549909771642), 41.54384659650097, 1783437991239591776, ['NU-AP06164', 'NU-AP06163', 'NU-AP06167'], [(2.960, 27.700, 44.930), (16.350, 27.700, 50.030), (6.580, 27.700, 59.750)], [-63, -65, -71]]
[(8.837, 27.700, 48.745), (47.90059098405561, 35.050599637564), 41.39428026241522, 1783437991305790023, ['NU-AP06164', 'NU-AP06163', 'NU-AP06167'], [(2.960, 27.700, 44.930), (16.350, 27.700, 50.030), (6.580, 27.700, 59.750)], [-63, -65, -71]]
[(8.837, 27.700, 48.745), (48.18404075252351, 36.226391269727145), 41.29031198454428, 1783437991367805250, ['NU-AP06164', 'NU-AP06163', 'NU-AP06167'], [(2.960, 27.700, 44.930), (16.350, 27.700, 50.030), (6.580, 27.700, 59.750)], [-63, -65, -71]]
[(8.837, 27.700, 48.745), (48.464781191734176, 37.39094420274917), 41.22207302942125, 1783437991429227710, ['NU-AP06164', 'NU-AP06163', 'NU-AP06167'], [(2.960, 27.700, 44.930), (16.350, 27.700, 50.030), (6.580, 27.700, 59.750)], [-63, -65, -71]]
[(8.837, 27.700, 48.745), (48.74527550155419, 38.55447615459518), 41.18858951948728, 1783437991490596320, ['NU-AP06164', 'NU-AP06163', 'NU-AP06167'], [(2.960, 27.700, 44.930), (16.350, 27.700, 50.030), (6.580, 27.700, 59.750)], [-63, -65, -71]]
[(8.837, 27.700, 48.745), (49.026385934714206, 39.72056387733301), 41.1899121269903, 1783437991552099730, ['NU-AP06164', 'NU-AP06163', 'NU-AP06167'], [(2.960, 27.700, 44.930), (16.350, 27.700, 50.030), (6.580, 27.700, 59.750)], [-63, -65, -71]]
[(8.837, 27.700, 48.745), (49.886820457031185, 43.28977374768489), 41.41045579157644, 1783437991740351929, ['NU-AP06164', 'NU-AP06163', 'NU-AP06167'], [(2.960, 27.700, 44.930), (16.350, 27.700, 50.030), (6.580, 27.700, 59.750)], [-63, -65, -71]]
[(8.837, 27.700, 48.745), (51.047968930590244, 48.10638963800395), 42.21549675194708, 1783437991994396540, ['NU-AP06164', 'NU-AP06163', 'NU-AP06167'], [(2.960, 27.700, 44.930), (16.350, 27.700, 50.030), (6.580, 27.700, 59.750)], [-63, -65, -71]]
[(8.837, 27.700, 48.745), (51.33258202950874, 49.28700693722145), 42.49872575524184, 1783437992056666289, ['NU-AP06164', 'NU-AP06163', 'NU-AP06167'], [(2.960, 27.700, 44.930), (16.350, 27.700, 50.030), (6.580, 27.700, 59.750)], [-63, -65, -71]]
[(8.837, 27.700, 48.745), (53.35002898209037, 57.65567577756008), 45.39577190558969, 1783437992498058185, ['NU-AP06164', 'NU-AP06163', 'NU-AP06167'], [(2.960, 27.700, 44.930), (16.350, 27.700, 50.030), (6.580, 27.700, 59.750)], [-63, -65, -71]]
[(9.208, 27.700, 48.655), (47.63326191383982, 64.5), 41.564471221256554, 1783437993236776815, ['NU-AP06164', 'NU-AP06163', 'NU-AP06167'], [(2.960, 27.700, 44.930), (16.350, 27.700, 50.030), (6.580, 27.700, 59.750)], [-63, -63, -71]]
[(9.120, 27.700, 48.567), (43.94523765450011, 64.5), 38.29666123047946, 1783437993425878421, ['NU-AP06164', 'NU-AP06163', 'NU-AP06167'], [(2.960, 27.700, 44.930), (16.350, 27.700, 50.030), (6.580, 27.700, 59.750)], [-62, -63, -71]]
[(9.120, 27.700, 48.567), (42.7266585951298, 64.5), 37.19200401184202, 1783437993488360455, ['NU-AP06164', 'NU-AP06163', 'NU-AP06167'], [(2.960, 27.700, 44.930), (16.350, 27.700, 50.030), (6.580, 27.700, 59.750)], [-62, -63, -71]]
[(9.120, 27.700, 48.567), (41.37728544155771, 64.5), 35.977364595400665, 1783437993557548891, ['NU-AP06164', 'NU-AP06163', 'NU-AP06167'], [(2.960, 27.700, 44.930), (16.350, 27.700, 50.030), (6.580, 27.700, 59.750)], [-62, -63, -71]]
[(9.120, 27.700, 48.567), (26.446560378497015, 64.5), 23.53837421593478, 1783437994323114378, ['NU-AP06164', 'NU-AP06163', 'NU-AP06167'], [(2.960, 27.700, 44.930), (16.350, 27.700, 50.030), (6.580, 27.700, 59.750)], [-62, -63, -71]]
[(9.120, 27.700, 48.567), (25.237111432240727, 64.5), 22.662904040635393, 1783437994385128270, ['NU-AP06164', 'NU-AP06163', 'NU-AP06167'], [(2.960, 27.700, 44.930), (16.350, 27.700, 50.030), (6.580, 27.700, 59.750)], [-62, -63, -71]]
[(9.120, 27.700, 48.567), (24.008352771253204, 64.5), 21.806181886631112, 1783437994448132258, ['NU-AP06164', 'NU-AP06163', 'NU-AP06167'], [(2.960, 27.700, 44.930), (16.350, 27.700, 50.030), (6.580, 27.700, 59.750)], [-62, -63, -71]]
[(9.120, 27.700, 48.567), (22.777891724144375, 64.5), 20.985354630826535, 1783437994511223535, ['NU-AP06164', 'NU-AP06163', 'NU-AP06167'], [(2.960, 27.700, 44.930), (16.350, 27.700, 50.030), (6.580, 27.700, 59.750)], [-62, -63, -71]]
[(9.120, 27.700, 48.567), (21.52945558278406, 64.5), 20.1951053823372, 1783437994575236476, ['NU-AP06164', 'NU-AP06163', 'NU-AP06167'], [(2.960, 27.700, 44.930), (16.350, 27.700, 50.030), (6.580, 27.700, 59.750)], [-62, -63, -71]]
[(9.120, 27.700, 48.567), (20.29818994472523, 64.5), 19.462790312936757, 1783437994638369008, ['NU-AP06164', 'NU-AP06163', 'NU-AP06167'], [(2.960, 27.700, 44.930), (16.350, 27.700, 50.030), (6.580, 27.700, 59.750)], [-62, -63, -71]]
[(9.120, 27.700, 48.567), (19.067932449082768, 64.5), 18.78324302780814, 1783437994701449848, ['NU-AP06164', 'NU-AP06163', 'NU-AP06167'], [(2.960, 27.700, 44.930), (16.350, 27.700, 50.030), (6.580, 27.700, 59.750)], [-62, -63, -71]]
[(9.120, 27.700, 48.567), (15.33884588914682, 64.5), 17.10335253316021, 1783437994892656903, ['NU-AP06164', 'NU-AP06163', 'NU-AP06167'], [(2.960, 27.700, 44.930), (16.350, 27.700, 50.030), (6.580, 27.700, 59.750)], [-62, -63, -71]]
[(9.120, 27.700, 48.567), (2.9999999999999885, 64.5), 17.067831259429386, 1783437995525325077, ['NU-AP06164', 'NU-AP06163', 'NU-AP06167'], [(2.960, 27.700, 44.930), (16.350, 27.700, 50.030), (6.580, 27.700, 59.750)], [-62, -63, -71]]
24-70-tri
24-67-tri
50-ALL-tri
[(8.286, 27.700, 51.182), (3.0, 64.5), 14.329084525689735, 1783437985059981202, ['NU-AP06164', 'NU-AP06167', 'NU-AP06163'], [(2.960, 27.700, 44.930), (6.580, 27.700, 59.750), (16.350, 27.700, 50.030)], [-53, -61, -49]]
[(8.286, 27.700, 51.182), (3.0, 52.53695764627419), 5.4573903707915195, 1783437985673380237, ['NU-AP06164', 'NU-AP06167', 'NU-AP06163'], [(2.960, 27.700, 44.930), (6.580, 27.700, 59.750), (16.350, 27.700, 50.030)], [-53, -61, -49]]
[(8.249, 27.700, 51.262), (9.0, 34.115184454718694), 17.162968625988466, 1783437986925594487, ['NU-AP06164', 'NU-AP06167', 'NU-AP06163'], [(2.960, 27.700, 44.930), (6.580, 27.700, 59.750), (16.350, 27.700, 50.030)], [-53, -60, -50]]
[(8.261, 27.700, 51.274), (9.0, 30.26331643818275), 21.023902698824436, 1783437987123097100, ['NU-AP06164', 'NU-AP06167', 'NU-AP06163'], [(2.960, 27.700, 44.930), (6.580, 27.700, 59.750), (16.350, 27.700, 50.030)], [-54, -60, -50]]
[(8.261, 27.700, 51.274), (9.0, 28.970798678729295), 22.315668362561283, 1783437987189370304, ['NU-AP06164', 'NU-AP06167', 'NU-AP06163'], [(2.960, 27.700, 44.930), (6.580, 27.700, 59.750), (16.350, 27.700, 50.030)], [-54, -60, -50]]
[(8.261, 27.700, 51.274), (9.0, 27.67481679979624), 23.610978780284285, 1783437987255821129, ['NU-AP06164', 'NU-AP06167', 'NU-AP06163'], [(2.960, 27.700, 44.930), (6.580, 27.700, 59.750), (16.350, 27.700, 50.030)], [-54, -60, -50]]
[(8.261, 27.700, 51.274), (9.0, 26.348326111427333), 24.936854458133716, 1783437987323836278, ['NU-AP06164', 'NU-AP06167', 'NU-AP06163'], [(2.960, 27.700, 44.930), (6.580, 27.700, 59.750), (16.350, 27.700, 50.030)], [-54, -60, -50]]
[(8.261, 27.700, 51.274), (9.0, 21.758356196749443), 29.525122636419493, 1783437987559184698, ['NU-AP06164', 'NU-AP06167', 'NU-AP06163'], [(2.960, 27.700, 44.930), (6.580, 27.700, 59.750), (16.350, 27.700, 50.030)], [-54, -60, -50]]
[(8.261, 27.700, 51.274), (9.0, 16.322680939301176), 34.959360451654184, 1783437987837896238, ['NU-AP06164', 'NU-AP06167', 'NU-AP06163'], [(2.960, 27.700, 44.930), (6.580, 27.700, 59.750), (16.350, 27.700, 50.030)], [-54, -60, -50]]
[(8.261, 27.700, 51.274), (9.0, 13.350719748598259), 37.93070990262176, 1783437987990282067, ['NU-AP06164', 'NU-AP06167', 'NU-AP06163'], [(2.960, 27.700, 44.930), (6.580, 27.700, 59.750), (16.350, 27.700, 50.030)], [-54, -60, -50]]
[(8.261, 27.700, 51.274), (9.0, 9.210155664399778), 42.07056577896602, 1783437988202587427, ['NU-AP06164', 'NU-AP06167', 'NU-AP06163'], [(2.960, 27.700, 44.930), (6.580, 27.700, 59.750), (16.350, 27.700, 50.030)], [-54, -60, -50]]
[(8.261, 27.700, 51.274), (22.89827468168349, 8.5), 45.20928290506559, 1783437988951627413, ['NU-AP06164', 'NU-AP06167', 'NU-AP06163'], [(2.960, 27.700, 44.930), (6.580, 27.700, 59.750), (16.350, 27.700, 50.030)], [-54, -60, -50]]
[(8.261, 27.700, 51.274), (24.27805797966623, 8.5), 45.67466548058981, 1783437989022375114, ['NU-AP06164', 'NU-AP06167', 'NU-AP06163'], [(2.960, 27.700, 44.930), (6.580, 27.700, 59.750), (16.350, 27.700, 50.030)], [-54, -60, -50]]
[(8.261, 27.700, 51.274), (26.93841815069294, 8.5), 46.67412395378524, 1783437989158783756, ['NU-AP06164', 'NU-AP06167', 'NU-AP06163'], [(2.960, 27.700, 44.930), (6.580, 27.700, 59.750), (16.350, 27.700, 50.030)], [-54, -60, -50]]
[(8.261, 27.700, 51.274), (35.29908696537855, 8.5), 50.60318993763261, 1783437989587472883, ['NU-AP06164', 'NU-AP06167', 'NU-AP06163'], [(2.960, 27.700, 44.930), (6.580, 27.700, 59.750), (16.350, 27.700, 50.030)], [-54, -60, -50]]
[(8.261, 27.700, 51.274), (42.00664342078871, 10.601631967716132), 52.84899261126631, 1783437990016268786, ['NU-AP06164', 'NU-AP06167', 'NU-AP06163'], [(2.960, 27.700, 44.930), (6.580, 27.700, 59.750), (16.350, 27.700, 50.030)], [-54, -60, -50]]
[(8.261, 27.700, 51.274), (42.37647784081282, 12.135759932260555), 51.919869542077976, 1783437990097183883, ['NU-AP06164', 'NU-AP06167', 'NU-AP06163'], [(2.960, 27.700, 44.930), (6.580, 27.700, 59.750), (16.350, 27.700, 50.030)], [-54, -60, -50]]
[(8.269, 27.700, 51.272), (47.59802210391378, 33.79549909771642), 43.037126820668476, 1783437991239591776, ['NU-AP06164', 'NU-AP06167', 'NU-AP06163'], [(2.960, 27.700, 44.930), (6.580, 27.700, 59.750), (16.350, 27.700, 50.030)], [-54, -60, -49]]
[(8.269, 27.700, 51.272), (47.90059098405561, 35.050599637564), 42.82277708120626, 1783437991305790023, ['NU-AP06164', 'NU-AP06167', 'NU-AP06163'], [(2.960, 27.700, 44.930), (6.580, 27.700, 59.750), (16.350, 27.700, 50.030)], [-54, -60, -49]]
[(8.269, 27.700, 51.272), (48.18404075252351, 36.226391269727145), 42.65645856262518, 1783437991367805250, ['NU-AP06164', 'NU-AP06167', 'NU-AP06163'], [(2.960, 27.700, 44.930), (6.580, 27.700, 59.750), (16.350, 27.700, 50.030)], [-54, -60, -49]]
[(8.257, 27.700, 51.260), (48.464781191734176, 37.39094420274917), 42.53270592900841, 1783437991429227710, ['NU-AP06164', 'NU-AP06167', 'NU-AP06163'], [(2.960, 27.700, 44.930), (6.580, 27.700, 59.750), (16.350, 27.700, 50.030)], [-53, -60, -49]]
[(8.257, 27.700, 51.260), (48.74527550155419, 38.55447615459518), 42.435200317004075, 1783437991490596320, ['NU-AP06164', 'NU-AP06167', 'NU-AP06163'], [(2.960, 27.700, 44.930), (6.580, 27.700, 59.750), (16.350, 27.700, 50.030)], [-53, -60, -49]]
[(8.257, 27.700, 51.260), (49.026385934714206, 39.72056387733301), 42.37118825229343, 1783437991552099730, ['NU-AP06164', 'NU-AP06167', 'NU-AP06163'], [(2.960, 27.700, 44.930), (6.580, 27.700, 59.750), (16.350, 27.700, 50.030)], [-53, -60, -49]]
[(8.257, 27.700, 51.260), (49.886820457031185, 43.28977374768489), 42.386140499863444, 1783437991740351929, ['NU-AP06164', 'NU-AP06167', 'NU-AP06163'], [(2.960, 27.700, 44.930), (6.580, 27.700, 59.750), (16.350, 27.700, 50.030)], [-53, -60, -49]]
[(8.257, 27.700, 51.260), (51.047968930590244, 48.10638963800395), 42.907269695741604, 1783437991994396540, ['NU-AP06164', 'NU-AP06167', 'NU-AP06163'], [(2.960, 27.700, 44.930), (6.580, 27.700, 59.750), (16.350, 27.700, 50.030)], [-53, -60, -49]]
[(8.257, 27.700, 51.260), (51.33258202950874, 49.28700693722145), 43.12100105723246, 1783437992056666289, ['NU-AP06164', 'NU-AP06167', 'NU-AP06163'], [(2.960, 27.700, 44.930), (6.580, 27.700, 59.750), (16.350, 27.700, 50.030)], [-53, -60, -49]]
[(8.257, 27.700, 51.260), (53.35002898209037, 57.65567577756008), 45.544632152537105, 1783437992498058185, ['NU-AP06164', 'NU-AP06167', 'NU-AP06163'], [(2.960, 27.700, 44.930), (6.580, 27.700, 59.750), (16.350, 27.700, 50.030)], [-53, -60, -49]]
[(8.257, 27.700, 51.260), (47.63326191383982, 64.5), 41.54293639312032, 1783437993236776815, ['NU-AP06164', 'NU-AP06167', 'NU-AP06163'], [(2.960, 27.700, 44.930), (6.580, 27.700, 59.750), (16.350, 27.700, 50.030)], [-53, -60, -49]]
[(8.257, 27.700, 51.260), (43.94523765450011, 64.5), 38.0653894917653, 1783437993425878421, ['NU-AP06164', 'NU-AP06167', 'NU-AP06163'], [(2.960, 27.700, 44.930), (6.580, 27.700, 59.750), (16.350, 27.700, 50.030)], [-53, -60, -49]]
[(8.257, 27.700, 51.260), (42.7266585951298, 64.5), 36.925333795273886, 1783437993488360455, ['NU-AP06164', 'NU-AP06167', 'NU-AP06163'], [(2.960, 27.700, 44.930), (6.580, 27.700, 59.750), (16.350, 27.700, 50.030)], [-53, -60, -49]]
[(8.257, 27.700, 51.260), (41.37728544155771, 64.5), 35.668970987109454, 1783437993557548891, ['NU-AP06164', 'NU-AP06167', 'NU-AP06163'], [(2.960, 27.700, 44.930), (6.580, 27.700, 59.750), (16.350, 27.700, 50.030)], [-53, -60, -49]]
[(8.257, 27.700, 51.260), (26.446560378497015, 64.5), 22.498316104351893, 1783437994323114378, ['NU-AP06164', 'NU-AP06167', 'NU-AP06163'], [(2.960, 27.700, 44.930), (6.580, 27.700, 59.750), (16.350, 27.700, 50.030)], [-53, -60, -49]]
[(8.257, 27.700, 51.260), (25.237111432240727, 64.5), 21.53224679177521, 1783437994385128270, ['NU-AP06164', 'NU-AP06167', 'NU-AP06163'], [(2.960, 27.700, 44.930), (6.580, 27.700, 59.750), (16.350, 27.700, 50.030)], [-53, -60, -49]]
[(8.257, 27.700, 51.260), (24.008352771253204, 64.5), 20.577121232811635, 1783437994448132258, ['NU-AP06164', 'NU-AP06167', 'NU-AP06163'], [(2.960, 27.700, 44.930), (6.580, 27.700, 59.750), (16.350, 27.700, 50.030)], [-53, -60, -49]]
[(8.257, 27.700, 51.260), (22.777891724144375, 64.5), 19.651168822875032, 1783437994511223535, ['NU-AP06164', 'NU-AP06167', 'NU-AP06163'], [(2.960, 27.700, 44.930), (6.580, 27.700, 59.750), (16.350, 27.700, 50.030)], [-53, -60, -49]]
[(8.257, 27.700, 51.260), (21.52945558278406, 64.5), 18.747520973890335, 1783437994575236476, ['NU-AP06164', 'NU-AP06167', 'NU-AP06163'], [(2.960, 27.700, 44.930), (6.580, 27.700, 59.750), (16.350, 27.700, 50.030)], [-53, -60, -49]]
[(8.257, 27.700, 51.260), (20.29818994472523, 64.5), 17.896956608747605, 1783437994638369008, ['NU-AP06164', 'NU-AP06167', 'NU-AP06163'], [(2.960, 27.700, 44.930), (6.580, 27.700, 59.750), (16.350, 27.700, 50.030)], [-53, -60, -49]]
[(8.257, 27.700, 51.260), (19.067932449082768, 64.5), 17.093460639508997, 1783437994701449848, ['NU-AP06164', 'NU-AP06167', 'NU-AP06163'], [(2.960, 27.700, 44.930), (6.580, 27.700, 59.750), (16.350, 27.700, 50.030)], [-53, -60, -49]]
[(8.257, 27.700, 51.260), (15.33884588914682, 64.5), 15.015347603684166, 1783437994892656903, ['NU-AP06164', 'NU-AP06167', 'NU-AP06163'], [(2.960, 27.700, 44.930), (6.580, 27.700, 59.750), (16.350, 27.700, 50.030)], [-53, -60, -49]]
[(8.257, 27.700, 51.260), (2.9999999999999885, 64.5), 14.245613652236106, 1783437995525325077, ['NU-AP06164', 'NU-AP06167', 'NU-AP06163'], [(2.960, 27.700, 44.930), (6.580, 27.700, 59.750), (16.350, 27.700, 50.030)], [-53, -60, -49]]
50-80-tri
[(8.286, 27.700, 51.182), (3.0, 64.5), 14.329084525689735, 1783437985059981202, ['NU-AP06164', 'NU-AP06167', 'NU-AP06163'], [(2.960, 27.700, 44.930), (6.580, 27.700, 59.750), (16.350, 27.700, 50.030)], [-53, -61, -49]]
[(8.286, 27.700, 51.182), (3.0, 52.53695764627419), 5.4573903707915195, 1783437985673380237, ['NU-AP06164', 'NU-AP06167', 'NU-AP06163'], [(2.960, 27.700, 44.930), (6.580, 27.700, 59.750), (16.350, 27.700, 50.030)], [-53, -61, -49]]
[(8.249, 27.700, 51.262), (9.0, 34.115184454718694), 17.162968625988466, 1783437986925594487, ['NU-AP06164', 'NU-AP06167', 'NU-AP06163'], [(2.960, 27.700, 44.930), (6.580, 27.700, 59.750), (16.350, 27.700, 50.030)], [-53, -60, -50]]
[(8.261, 27.700, 51.274), (9.0, 30.26331643818275), 21.023902698824436, 1783437987123097100, ['NU-AP06164', 'NU-AP06167', 'NU-AP06163'], [(2.960, 27.700, 44.930), (6.580, 27.700, 59.750), (16.350, 27.700, 50.030)], [-54, -60, -50]]
[(8.261, 27.700, 51.274), (9.0, 28.970798678729295), 22.315668362561283, 1783437987189370304, ['NU-AP06164', 'NU-AP06167', 'NU-AP06163'], [(2.960, 27.700, 44.930), (6.580, 27.700, 59.750), (16.350, 27.700, 50.030)], [-54, -60, -50]]
[(8.261, 27.700, 51.274), (9.0, 27.67481679979624), 23.610978780284285, 1783437987255821129, ['NU-AP06164', 'NU-AP06167', 'NU-AP06163'], [(2.960, 27.700, 44.930), (6.580, 27.700, 59.750), (16.350, 27.700, 50.030)], [-54, -60, -50]]
[(8.261, 27.700, 51.274), (9.0, 26.348326111427333), 24.936854458133716, 1783437987323836278, ['NU-AP06164', 'NU-AP06167', 'NU-AP06163'], [(2.960, 27.700, 44.930), (6.580, 27.700, 59.750), (16.350, 27.700, 50.030)], [-54, -60, -50]]
[(8.261, 27.700, 51.274), (9.0, 21.758356196749443), 29.525122636419493, 1783437987559184698, ['NU-AP06164', 'NU-AP06167', 'NU-AP06163'], [(2.960, 27.700, 44.930), (6.580, 27.700, 59.750), (16.350, 27.700, 50.030)], [-54, -60, -50]]
[(8.261, 27.700, 51.274), (9.0, 16.322680939301176), 34.959360451654184, 1783437987837896238, ['NU-AP06164', 'NU-AP06167', 'NU-AP06163'], [(2.960, 27.700, 44.930), (6.580, 27.700, 59.750), (16.350, 27.700, 50.030)], [-54, -60, -50]]
[(8.261, 27.700, 51.274), (9.0, 13.350719748598259), 37.93070990262176, 1783437987990282067, ['NU-AP06164', 'NU-AP06167', 'NU-AP06163'], [(2.960, 27.700, 44.930), (6.580, 27.700, 59.750), (16.350, 27.700, 50.030)], [-54, -60, -50]]
[(8.261, 27.700, 51.274), (9.0, 9.210155664399778), 42.07056577896602, 1783437988202587427, ['NU-AP06164', 'NU-AP06167', 'NU-AP06163'], [(2.960, 27.700, 44.930), (6.580, 27.700, 59.750), (16.350, 27.700, 50.030)], [-54, -60, -50]]
[(8.261, 27.700, 51.274), (22.89827468168349, 8.5), 45.20928290506559, 1783437988951627413, ['NU-AP06164', 'NU-AP06167', 'NU-AP06163'], [(2.960, 27.700, 44.930), (6.580, 27.700, 59.750), (16.350, 27.700, 50.030)], [-54, -60, -50]]
[(8.261, 27.700, 51.274), (24.27805797966623, 8.5), 45.67466548058981, 1783437989022375114, ['NU-AP06164', 'NU-AP06167', 'NU-AP06163'], [(2.960, 27.700, 44.930), (6.580, 27.700, 59.750), (16.350, 27.700, 50.030)], [-54, -60, -50]]
[(8.261, 27.700, 51.274), (26.93841815069294, 8.5), 46.67412395378524, 1783437989158783756, ['NU-AP06164', 'NU-AP06167', 'NU-AP06163'], [(2.960, 27.700, 44.930), (6.580, 27.700, 59.750), (16.350, 27.700, 50.030)], [-54, -60, -50]]
[(8.261, 27.700, 51.274), (35.29908696537855, 8.5), 50.60318993763261, 1783437989587472883, ['NU-AP06164', 'NU-AP06167', 'NU-AP06163'], [(2.960, 27.700, 44.930), (6.580, 27.700, 59.750), (16.350, 27.700, 50.030)], [-54, -60, -50]]
[(8.261, 27.700, 51.274), (42.00664342078871, 10.601631967716132), 52.84899261126631, 1783437990016268786, ['NU-AP06164', 'NU-AP06167', 'NU-AP06163'], [(2.960, 27.700, 44.930), (6.580, 27.700, 59.750), (16.350, 27.700, 50.030)], [-54, -60, -50]]
[(8.261, 27.700, 51.274), (42.37647784081282, 12.135759932260555), 51.919869542077976, 1783437990097183883, ['NU-AP06164', 'NU-AP06167', 'NU-AP06163'], [(2.960, 27.700, 44.930), (6.580, 27.700, 59.750), (16.350, 27.700, 50.030)], [-54, -60, -50]]
[(8.269, 27.700, 51.272), (47.59802210391378, 33.79549909771642), 43.037126820668476, 1783437991239591776, ['NU-AP06164', 'NU-AP06167', 'NU-AP06163'], [(2.960, 27.700, 44.930), (6.580, 27.700, 59.750), (16.350, 27.700, 50.030)], [-54, -60, -49]]
[(8.269, 27.700, 51.272), (47.90059098405561, 35.050599637564), 42.82277708120626, 1783437991305790023, ['NU-AP06164', 'NU-AP06167', 'NU-AP06163'], [(2.960, 27.700, 44.930), (6.580, 27.700, 59.750), (16.350, 27.700, 50.030)], [-54, -60, -49]]
[(8.269, 27.700, 51.272), (48.18404075252351, 36.226391269727145), 42.65645856262518, 1783437991367805250, ['NU-AP06164', 'NU-AP06167', 'NU-AP06163'], [(2.960, 27.700, 44.930), (6.580, 27.700, 59.750), (16.350, 27.700, 50.030)], [-54, -60, -49]]
[(8.257, 27.700, 51.260), (48.464781191734176, 37.39094420274917), 42.53270592900841, 1783437991429227710, ['NU-AP06164', 'NU-AP06167', 'NU-AP06163'], [(2.960, 27.700, 44.930), (6.580, 27.700, 59.750), (16.350, 27.700, 50.030)], [-53, -60, -49]]
[(8.257, 27.700, 51.260), (48.74527550155419, 38.55447615459518), 42.435200317004075, 1783437991490596320, ['NU-AP06164', 'NU-AP06167', 'NU-AP06163'], [(2.960, 27.700, 44.930), (6.580, 27.700, 59.750), (16.350, 27.700, 50.030)], [-53, -60, -49]]
[(8.257, 27.700, 51.260), (49.026385934714206, 39.72056387733301), 42.37118825229343, 1783437991552099730, ['NU-AP06164', 'NU-AP06167', 'NU-AP06163'], [(2.960, 27.700, 44.930), (6.580, 27.700, 59.750), (16.350, 27.700, 50.030)], [-53, -60, -49]]
[(8.257, 27.700, 51.260), (49.886820457031185, 43.28977374768489), 42.386140499863444, 1783437991740351929, ['NU-AP06164', 'NU-AP06167', 'NU-AP06163'], [(2.960, 27.700, 44.930), (6.580, 27.700, 59.750), (16.350, 27.700, 50.030)], [-53, -60, -49]]
[(8.257, 27.700, 51.260), (51.047968930590244, 48.10638963800395), 42.907269695741604, 1783437991994396540, ['NU-AP06164', 'NU-AP06167', 'NU-AP06163'], [(2.960, 27.700, 44.930), (6.580, 27.700, 59.750), (16.350, 27.700, 50.030)], [-53, -60, -49]]
[(8.257, 27.700, 51.260), (51.33258202950874, 49.28700693722145), 43.12100105723246, 1783437992056666289, ['NU-AP06164', 'NU-AP06167', 'NU-AP06163'], [(2.960, 27.700, 44.930), (6.580, 27.700, 59.750), (16.350, 27.700, 50.030)], [-53, -60, -49]]
[(8.257, 27.700, 51.260), (53.35002898209037, 57.65567577756008), 45.544632152537105, 1783437992498058185, ['NU-AP06164', 'NU-AP06167', 'NU-AP06163'], [(2.960, 27.700, 44.930), (6.580, 27.700, 59.750), (16.350, 27.700, 50.030)], [-53, -60, -49]]
[(8.257, 27.700, 51.260), (47.63326191383982, 64.5), 41.54293639312032, 1783437993236776815, ['NU-AP06164', 'NU-AP06167', 'NU-AP06163'], [(2.960, 27.700, 44.930), (6.580, 27.700, 59.750), (16.350, 27.700, 50.030)], [-53, -60, -49]]
[(8.257, 27.700, 51.260), (43.94523765450011, 64.5), 38.0653894917653, 1783437993425878421, ['NU-AP06164', 'NU-AP06167', 'NU-AP06163'], [(2.960, 27.700, 44.930), (6.580, 27.700, 59.750), (16.350, 27.700, 50.030)], [-53, -60, -49]]
[(8.257, 27.700, 51.260), (42.7266585951298, 64.5), 36.925333795273886, 1783437993488360455, ['NU-AP06164', 'NU-AP06167', 'NU-AP06163'], [(2.960, 27.700, 44.930), (6.580, 27.700, 59.750), (16.350, 27.700, 50.030)], [-53, -60, -49]]
[(8.257, 27.700, 51.260), (41.37728544155771, 64.5), 35.668970987109454, 1783437993557548891, ['NU-AP06164', 'NU-AP06167', 'NU-AP06163'], [(2.960, 27.700, 44.930), (6.580, 27.700, 59.750), (16.350, 27.700, 50.030)], [-53, -60, -49]]
[(8.257, 27.700, 51.260), (26.446560378497015, 64.5), 22.498316104351893, 1783437994323114378, ['NU-AP06164', 'NU-AP06167', 'NU-AP06163'], [(2.960, 27.700, 44.930), (6.580, 27.700, 59.750), (16.350, 27.700, 50.030)], [-53, -60, -49]]
[(8.257, 27.700, 51.260), (25.237111432240727, 64.5), 21.53224679177521, 1783437994385128270, ['NU-AP06164', 'NU-AP06167', 'NU-AP06163'], [(2.960, 27.700, 44.930), (6.580, 27.700, 59.750), (16.350, 27.700, 50.030)], [-53, -60, -49]]
[(8.257, 27.700, 51.260), (24.008352771253204, 64.5), 20.577121232811635, 1783437994448132258, ['NU-AP06164', 'NU-AP06167', 'NU-AP06163'], [(2.960, 27.700, 44.930), (6.580, 27.700, 59.750), (16.350, 27.700, 50.030)], [-53, -60, -49]]
[(8.257, 27.700, 51.260), (22.777891724144375, 64.5), 19.651168822875032, 1783437994511223535, ['NU-AP06164', 'NU-AP06167', 'NU-AP06163'], [(2.960, 27.700, 44.930), (6.580, 27.700, 59.750), (16.350, 27.700, 50.030)], [-53, -60, -49]]
[(8.257, 27.700, 51.260), (21.52945558278406, 64.5), 18.747520973890335, 1783437994575236476, ['NU-AP06164', 'NU-AP06167', 'NU-AP06163'], [(2.960, 27.700, 44.930), (6.580, 27.700, 59.750), (16.350, 27.700, 50.030)], [-53, -60, -49]]
[(8.257, 27.700, 51.260), (20.29818994472523, 64.5), 17.896956608747605, 1783437994638369008, ['NU-AP06164', 'NU-AP06167', 'NU-AP06163'], [(2.960, 27.700, 44.930), (6.580, 27.700, 59.750), (16.350, 27.700, 50.030)], [-53, -60, -49]]
[(8.257, 27.700, 51.260), (19.067932449082768, 64.5), 17.093460639508997, 1783437994701449848, ['NU-AP06164', 'NU-AP06167', 'NU-AP06163'], [(2.960, 27.700, 44.930), (6.580, 27.700, 59.750), (16.350, 27.700, 50.030)], [-53, -60, -49]]
[(8.257, 27.700, 51.260), (15.33884588914682, 64.5), 15.015347603684166, 1783437994892656903, ['NU-AP06164', 'NU-AP06167', 'NU-AP06163'], [(2.960, 27.700, 44.930), (6.580, 27.700, 59.750), (16.350, 27.700, 50.030)], [-53, -60, -49]]
[(8.257, 27.700, 51.260), (2.9999999999999885, 64.5), 14.245613652236106, 1783437995525325077, ['NU-AP06164', 'NU-AP06167', 'NU-AP06163'], [(2.960, 27.700, 44.930), (6.580, 27.700, 59.750), (16.350, 27.700, 50.030)], [-53, -60, -49]]
50-70-tri
[(8.286, 27.700, 51.182), (3.0, 64.5), 14.329084525689735, 1783437985059981202, ['NU-AP06164', 'NU-AP06167', 'NU-AP06163'], [(2.960, 27.700, 44.930), (6.580, 27.700, 59.750), (16.350, 27.700, 50.030)], [-53, -61, -49]]
[(8.286, 27.700, 51.182), (3.0, 52.53695764627419), 5.4573903707915195, 1783437985673380237, ['NU-AP06164', 'NU-AP06167', 'NU-AP06163'], [(2.960, 27.700, 44.930), (6.580, 27.700, 59.750), (16.350, 27.700, 50.030)], [-53, -61, -49]]
[(8.249, 27.700, 51.262), (9.0, 34.115184454718694), 17.162968625988466, 1783437986925594487, ['NU-AP06164', 'NU-AP06167', 'NU-AP06163'], [(2.960, 27.700, 44.930), (6.580, 27.700, 59.750), (16.350, 27.700, 50.030)], [-53, -60, -50]]
[(8.261, 27.700, 51.274), (9.0, 30.26331643818275), 21.023902698824436, 1783437987123097100, ['NU-AP06164', 'NU-AP06167', 'NU-AP06163'], [(2.960, 27.700, 44.930), (6.580, 27.700, 59.750), (16.350, 27.700, 50.030)], [-54, -60, -50]]
[(8.261, 27.700, 51.274), (9.0, 28.970798678729295), 22.315668362561283, 1783437987189370304, ['NU-AP06164', 'NU-AP06167', 'NU-AP06163'], [(2.960, 27.700, 44.930), (6.580, 27.700, 59.750), (16.350, 27.700, 50.030)], [-54, -60, -50]]
[(8.261, 27.700, 51.274), (9.0, 27.67481679979624), 23.610978780284285, 1783437987255821129, ['NU-AP06164', 'NU-AP06167', 'NU-AP06163'], [(2.960, 27.700, 44.930), (6.580, 27.700, 59.750), (16.350, 27.700, 50.030)], [-54, -60, -50]]
[(8.261, 27.700, 51.274), (9.0, 26.348326111427333), 24.936854458133716, 1783437987323836278, ['NU-AP06164', 'NU-AP06167', 'NU-AP06163'], [(2.960, 27.700, 44.930), (6.580, 27.700, 59.750), (16.350, 27.700, 50.030)], [-54, -60, -50]]
[(8.261, 27.700, 51.274), (9.0, 21.758356196749443), 29.525122636419493, 1783437987559184698, ['NU-AP06164', 'NU-AP06167', 'NU-AP06163'], [(2.960, 27.700, 44.930), (6.580, 27.700, 59.750), (16.350, 27.700, 50.030)], [-54, -60, -50]]
[(8.261, 27.700, 51.274), (9.0, 16.322680939301176), 34.959360451654184, 1783437987837896238, ['NU-AP06164', 'NU-AP06167', 'NU-AP06163'], [(2.960, 27.700, 44.930), (6.580, 27.700, 59.750), (16.350, 27.700, 50.030)], [-54, -60, -50]]
[(8.261, 27.700, 51.274), (9.0, 13.350719748598259), 37.93070990262176, 1783437987990282067, ['NU-AP06164', 'NU-AP06167', 'NU-AP06163'], [(2.960, 27.700, 44.930), (6.580, 27.700, 59.750), (16.350, 27.700, 50.030)], [-54, -60, -50]]
[(8.261, 27.700, 51.274), (9.0, 9.210155664399778), 42.07056577896602, 1783437988202587427, ['NU-AP06164', 'NU-AP06167', 'NU-AP06163'], [(2.960, 27.700, 44.930), (6.580, 27.700, 59.750), (16.350, 27.700, 50.030)], [-54, -60, -50]]
[(8.261, 27.700, 51.274), (22.89827468168349, 8.5), 45.20928290506559, 1783437988951627413, ['NU-AP06164', 'NU-AP06167', 'NU-AP06163'], [(2.960, 27.700, 44.930), (6.580, 27.700, 59.750), (16.350, 27.700, 50.030)], [-54, -60, -50]]
[(8.261, 27.700, 51.274), (24.27805797966623, 8.5), 45.67466548058981, 1783437989022375114, ['NU-AP06164', 'NU-AP06167', 'NU-AP06163'], [(2.960, 27.700, 44.930), (6.580, 27.700, 59.750), (16.350, 27.700, 50.030)], [-54, -60, -50]]
[(8.261, 27.700, 51.274), (26.93841815069294, 8.5), 46.67412395378524, 1783437989158783756, ['NU-AP06164', 'NU-AP06167', 'NU-AP06163'], [(2.960, 27.700, 44.930), (6.580, 27.700, 59.750), (16.350, 27.700, 50.030)], [-54, -60, -50]]
[(8.261, 27.700, 51.274), (35.29908696537855, 8.5), 50.60318993763261, 1783437989587472883, ['NU-AP06164', 'NU-AP06167', 'NU-AP06163'], [(2.960, 27.700, 44.930), (6.580, 27.700, 59.750), (16.350, 27.700, 50.030)], [-54, -60, -50]]
[(8.261, 27.700, 51.274), (42.00664342078871, 10.601631967716132), 52.84899261126631, 1783437990016268786, ['NU-AP06164', 'NU-AP06167', 'NU-AP06163'], [(2.960, 27.700, 44.930), (6.580, 27.700, 59.750), (16.350, 27.700, 50.030)], [-54, -60, -50]]
[(8.261, 27.700, 51.274), (42.37647784081282, 12.135759932260555), 51.919869542077976, 1783437990097183883, ['NU-AP06164', 'NU-AP06167', 'NU-AP06163'], [(2.960, 27.700, 44.930), (6.580, 27.700, 59.750), (16.350, 27.700, 50.030)], [-54, -60, -50]]
[(8.269, 27.700, 51.272), (47.59802210391378, 33.79549909771642), 43.037126820668476, 1783437991239591776, ['NU-AP06164', 'NU-AP06167', 'NU-AP06163'], [(2.960, 27.700, 44.930), (6.580, 27.700, 59.750), (16.350, 27.700, 50.030)], [-54, -60, -49]]
[(8.269, 27.700, 51.272), (47.90059098405561, 35.050599637564), 42.82277708120626, 1783437991305790023, ['NU-AP06164', 'NU-AP06167', 'NU-AP06163'], [(2.960, 27.700, 44.930), (6.580, 27.700, 59.750), (16.350, 27.700, 50.030)], [-54, -60, -49]]
[(8.269, 27.700, 51.272), (48.18404075252351, 36.226391269727145), 42.65645856262518, 1783437991367805250, ['NU-AP06164', 'NU-AP06167', 'NU-AP06163'], [(2.960, 27.700, 44.930), (6.580, 27.700, 59.750), (16.350, 27.700, 50.030)], [-54, -60, -49]]
[(8.257, 27.700, 51.260), (48.464781191734176, 37.39094420274917), 42.53270592900841, 1783437991429227710, ['NU-AP06164', 'NU-AP06167', 'NU-AP06163'], [(2.960, 27.700, 44.930), (6.580, 27.700, 59.750), (16.350, 27.700, 50.030)], [-53, -60, -49]]
[(8.257, 27.700, 51.260), (48.74527550155419, 38.55447615459518), 42.435200317004075, 1783437991490596320, ['NU-AP06164', 'NU-AP06167', 'NU-AP06163'], [(2.960, 27.700, 44.930), (6.580, 27.700, 59.750), (16.350, 27.700, 50.030)], [-53, -60, -49]]
[(8.257, 27.700, 51.260), (49.026385934714206, 39.72056387733301), 42.37118825229343, 1783437991552099730, ['NU-AP06164', 'NU-AP06167', 'NU-AP06163'], [(2.960, 27.700, 44.930), (6.580, 27.700, 59.750), (16.350, 27.700, 50.030)], [-53, -60, -49]]
[(8.257, 27.700, 51.260), (49.886820457031185, 43.28977374768489), 42.386140499863444, 1783437991740351929, ['NU-AP06164', 'NU-AP06167', 'NU-AP06163'], [(2.960, 27.700, 44.930), (6.580, 27.700, 59.750), (16.350, 27.700, 50.030)], [-53, -60, -49]]
[(8.257, 27.700, 51.260), (51.047968930590244, 48.10638963800395), 42.907269695741604, 1783437991994396540, ['NU-AP06164', 'NU-AP06167', 'NU-AP06163'], [(2.960, 27.700, 44.930), (6.580, 27.700, 59.750), (16.350, 27.700, 50.030)], [-53, -60, -49]]
[(8.257, 27.700, 51.260), (51.33258202950874, 49.28700693722145), 43.12100105723246, 1783437992056666289, ['NU-AP06164', 'NU-AP06167', 'NU-AP06163'], [(2.960, 27.700, 44.930), (6.580, 27.700, 59.750), (16.350, 27.700, 50.030)], [-53, -60, -49]]
[(8.257, 27.700, 51.260), (53.35002898209037, 57.65567577756008), 45.544632152537105, 1783437992498058185, ['NU-AP06164', 'NU-AP06167', 'NU-AP06163'], [(2.960, 27.700, 44.930), (6.580, 27.700, 59.750), (16.350, 27.700, 50.030)], [-53, -60, -49]]
[(8.257, 27.700, 51.260), (47.63326191383982, 64.5), 41.54293639312032, 1783437993236776815, ['NU-AP06164', 'NU-AP06167', 'NU-AP06163'], [(2.960, 27.700, 44.930), (6.580, 27.700, 59.750), (16.350, 27.700, 50.030)], [-53, -60, -49]]
[(8.257, 27.700, 51.260), (43.94523765450011, 64.5), 38.0653894917653, 1783437993425878421, ['NU-AP06164', 'NU-AP06167', 'NU-AP06163'], [(2.960, 27.700, 44.930), (6.580, 27.700, 59.750), (16.350, 27.700, 50.030)], [-53, -60, -49]]
[(8.257, 27.700, 51.260), (42.7266585951298, 64.5), 36.925333795273886, 1783437993488360455, ['NU-AP06164', 'NU-AP06167', 'NU-AP06163'], [(2.960, 27.700, 44.930), (6.580, 27.700, 59.750), (16.350, 27.700, 50.030)], [-53, -60, -49]]
[(8.257, 27.700, 51.260), (41.37728544155771, 64.5), 35.668970987109454, 1783437993557548891, ['NU-AP06164', 'NU-AP06167', 'NU-AP06163'], [(2.960, 27.700, 44.930), (6.580, 27.700, 59.750), (16.350, 27.700, 50.030)], [-53, -60, -49]]
[(8.257, 27.700, 51.260), (26.446560378497015, 64.5), 22.498316104351893, 1783437994323114378, ['NU-AP06164', 'NU-AP06167', 'NU-AP06163'], [(2.960, 27.700, 44.930), (6.580, 27.700, 59.750), (16.350, 27.700, 50.030)], [-53, -60, -49]]
[(8.257, 27.700, 51.260), (25.237111432240727, 64.5), 21.53224679177521, 1783437994385128270, ['NU-AP06164', 'NU-AP06167', 'NU-AP06163'], [(2.960, 27.700, 44.930), (6.580, 27.700, 59.750), (16.350, 27.700, 50.030)], [-53, -60, -49]]
[(8.257, 27.700, 51.260), (24.008352771253204, 64.5), 20.577121232811635, 1783437994448132258, ['NU-AP06164', 'NU-AP06167', 'NU-AP06163'], [(2.960, 27.700, 44.930), (6.580, 27.700, 59.750), (16.350, 27.700, 50.030)], [-53, -60, -49]]
[(8.257, 27.700, 51.260), (22.777891724144375, 64.5), 19.651168822875032, 1783437994511223535, ['NU-AP06164', 'NU-AP06167', 'NU-AP06163'], [(2.960, 27.700, 44.930), (6.580, 27.700, 59.750), (16.350, 27.700, 50.030)], [-53, -60, -49]]
[(8.257, 27.700, 51.260), (21.52945558278406, 64.5), 18.747520973890335, 1783437994575236476, ['NU-AP06164', 'NU-AP06167', 'NU-AP06163'], [(2.960, 27.700, 44.930), (6.580, 27.700, 59.750), (16.350, 27.700, 50.030)], [-53, -60, -49]]
[(8.257, 27.700, 51.260), (20.29818994472523, 64.5), 17.896956608747605, 1783437994638369008, ['NU-AP06164', 'NU-AP06167', 'NU-AP06163'], [(2.960, 27.700, 44.930), (6.580, 27.700, 59.750), (16.350, 27.700, 50.030)], [-53, -60, -49]]
[(8.257, 27.700, 51.260), (19.067932449082768, 64.5), 17.093460639508997, 1783437994701449848, ['NU-AP06164', 'NU-AP06167', 'NU-AP06163'], [(2.960, 27.700, 44.930), (6.580, 27.700, 59.750), (16.350, 27.700, 50.030)], [-53, -60, -49]]
[(8.257, 27.700, 51.260), (15.33884588914682, 64.5), 15.015347603684166, 1783437994892656903, ['NU-AP06164', 'NU-AP06167', 'NU-AP06163'], [(2.960, 27.700, 44.930), (6.580, 27.700, 59.750), (16.350, 27.700, 50.030)], [-53, -60, -49]]
[(8.257, 27.700, 51.260), (2.9999999999999885, 64.5), 14.245613652236106, 1783437995525325077, ['NU-AP06164', 'NU-AP06167', 'NU-AP06163'], [(2.960, 27.700, 44.930), (6.580, 27.700, 59.750), (16.350, 27.700, 50.030)], [-53, -60, -49]]
50-67-tri
[(8.286, 27.700, 51.182), (3.0, 64.5), 14.329084525689735, 1783437985059981202, ['NU-AP06164', 'NU-AP06167', 'NU-AP06163'], [(2.960, 27.700, 44.930), (6.580, 27.700, 59.750), (16.350, 27.700, 50.030)], [-53, -61, -49]]
[(8.286, 27.700, 51.182), (3.0, 52.53695764627419), 5.4573903707915195, 1783437985673380237, ['NU-AP06164', 'NU-AP06167', 'NU-AP06163'], [(2.960, 27.700, 44.930), (6.580, 27.700, 59.750), (16.350, 27.700, 50.030)], [-53, -61, -49]]
[(8.249, 27.700, 51.262), (9.0, 34.115184454718694), 17.162968625988466, 1783437986925594487, ['NU-AP06164', 'NU-AP06167', 'NU-AP06163'], [(2.960, 27.700, 44.930), (6.580, 27.700, 59.750), (16.350, 27.700, 50.030)], [-53, -60, -50]]
[(8.261, 27.700, 51.274), (9.0, 30.26331643818275), 21.023902698824436, 1783437987123097100, ['NU-AP06164', 'NU-AP06167', 'NU-AP06163'], [(2.960, 27.700, 44.930), (6.580, 27.700, 59.750), (16.350, 27.700, 50.030)], [-54, -60, -50]]
[(8.261, 27.700, 51.274), (9.0, 28.970798678729295), 22.315668362561283, 1783437987189370304, ['NU-AP06164', 'NU-AP06167', 'NU-AP06163'], [(2.960, 27.700, 44.930), (6.580, 27.700, 59.750), (16.350, 27.700, 50.030)], [-54, -60, -50]]
[(8.261, 27.700, 51.274), (9.0, 27.67481679979624), 23.610978780284285, 1783437987255821129, ['NU-AP06164', 'NU-AP06167', 'NU-AP06163'], [(2.960, 27.700, 44.930), (6.580, 27.700, 59.750), (16.350, 27.700, 50.030)], [-54, -60, -50]]
[(8.261, 27.700, 51.274), (9.0, 26.348326111427333), 24.936854458133716, 1783437987323836278, ['NU-AP06164', 'NU-AP06167', 'NU-AP06163'], [(2.960, 27.700, 44.930), (6.580, 27.700, 59.750), (16.350, 27.700, 50.030)], [-54, -60, -50]]
[(8.261, 27.700, 51.274), (9.0, 21.758356196749443), 29.525122636419493, 1783437987559184698, ['NU-AP06164', 'NU-AP06167', 'NU-AP06163'], [(2.960, 27.700, 44.930), (6.580, 27.700, 59.750), (16.350, 27.700, 50.030)], [-54, -60, -50]]
[(8.261, 27.700, 51.274), (9.0, 16.322680939301176), 34.959360451654184, 1783437987837896238, ['NU-AP06164', 'NU-AP06167', 'NU-AP06163'], [(2.960, 27.700, 44.930), (6.580, 27.700, 59.750), (16.350, 27.700, 50.030)], [-54, -60, -50]]
[(8.261, 27.700, 51.274), (9.0, 13.350719748598259), 37.93070990262176, 1783437987990282067, ['NU-AP06164', 'NU-AP06167', 'NU-AP06163'], [(2.960, 27.700, 44.930), (6.580, 27.700, 59.750), (16.350, 27.700, 50.030)], [-54, -60, -50]]
[(8.261, 27.700, 51.274), (9.0, 9.210155664399778), 42.07056577896602, 1783437988202587427, ['NU-AP06164', 'NU-AP06167', 'NU-AP06163'], [(2.960, 27.700, 44.930), (6.580, 27.700, 59.750), (16.350, 27.700, 50.030)], [-54, -60, -50]]
[(8.261, 27.700, 51.274), (22.89827468168349, 8.5), 45.20928290506559, 1783437988951627413, ['NU-AP06164', 'NU-AP06167', 'NU-AP06163'], [(2.960, 27.700, 44.930), (6.580, 27.700, 59.750), (16.350, 27.700, 50.030)], [-54, -60, -50]]
[(8.261, 27.700, 51.274), (24.27805797966623, 8.5), 45.67466548058981, 1783437989022375114, ['NU-AP06164', 'NU-AP06167', 'NU-AP06163'], [(2.960, 27.700, 44.930), (6.580, 27.700, 59.750), (16.350, 27.700, 50.030)], [-54, -60, -50]]
[(8.261, 27.700, 51.274), (26.93841815069294, 8.5), 46.67412395378524, 1783437989158783756, ['NU-AP06164', 'NU-AP06167', 'NU-AP06163'], [(2.960, 27.700, 44.930), (6.580, 27.700, 59.750), (16.350, 27.700, 50.030)], [-54, -60, -50]]
[(8.261, 27.700, 51.274), (35.29908696537855, 8.5), 50.60318993763261, 1783437989587472883, ['NU-AP06164', 'NU-AP06167', 'NU-AP06163'], [(2.960, 27.700, 44.930), (6.580, 27.700, 59.750), (16.350, 27.700, 50.030)], [-54, -60, -50]]
[(8.261, 27.700, 51.274), (42.00664342078871, 10.601631967716132), 52.84899261126631, 1783437990016268786, ['NU-AP06164', 'NU-AP06167', 'NU-AP06163'], [(2.960, 27.700, 44.930), (6.580, 27.700, 59.750), (16.350, 27.700, 50.030)], [-54, -60, -50]]
[(8.261, 27.700, 51.274), (42.37647784081282, 12.135759932260555), 51.919869542077976, 1783437990097183883, ['NU-AP06164', 'NU-AP06167', 'NU-AP06163'], [(2.960, 27.700, 44.930), (6.580, 27.700, 59.750), (16.350, 27.700, 50.030)], [-54, -60, -50]]
[(8.269, 27.700, 51.272), (47.59802210391378, 33.79549909771642), 43.037126820668476, 1783437991239591776, ['NU-AP06164', 'NU-AP06167', 'NU-AP06163'], [(2.960, 27.700, 44.930), (6.580, 27.700, 59.750), (16.350, 27.700, 50.030)], [-54, -60, -49]]
[(8.269, 27.700, 51.272), (47.90059098405561, 35.050599637564), 42.82277708120626, 1783437991305790023, ['NU-AP06164', 'NU-AP06167', 'NU-AP06163'], [(2.960, 27.700, 44.930), (6.580, 27.700, 59.750), (16.350, 27.700, 50.030)], [-54, -60, -49]]
[(8.269, 27.700, 51.272), (48.18404075252351, 36.226391269727145), 42.65645856262518, 1783437991367805250, ['NU-AP06164', 'NU-AP06167', 'NU-AP06163'], [(2.960, 27.700, 44.930), (6.580, 27.700, 59.750), (16.350, 27.700, 50.030)], [-54, -60, -49]]
[(8.257, 27.700, 51.260), (48.464781191734176, 37.39094420274917), 42.53270592900841, 1783437991429227710, ['NU-AP06164', 'NU-AP06167', 'NU-AP06163'], [(2.960, 27.700, 44.930), (6.580, 27.700, 59.750), (16.350, 27.700, 50.030)], [-53, -60, -49]]
[(8.257, 27.700, 51.260), (48.74527550155419, 38.55447615459518), 42.435200317004075, 1783437991490596320, ['NU-AP06164', 'NU-AP06167', 'NU-AP06163'], [(2.960, 27.700, 44.930), (6.580, 27.700, 59.750), (16.350, 27.700, 50.030)], [-53, -60, -49]]
[(8.257, 27.700, 51.260), (49.026385934714206, 39.72056387733301), 42.37118825229343, 1783437991552099730, ['NU-AP06164', 'NU-AP06167', 'NU-AP06163'], [(2.960, 27.700, 44.930), (6.580, 27.700, 59.750), (16.350, 27.700, 50.030)], [-53, -60, -49]]
[(8.257, 27.700, 51.260), (49.886820457031185, 43.28977374768489), 42.386140499863444, 1783437991740351929, ['NU-AP06164', 'NU-AP06167', 'NU-AP06163'], [(2.960, 27.700, 44.930), (6.580, 27.700, 59.750), (16.350, 27.700, 50.030)], [-53, -60, -49]]
[(8.257, 27.700, 51.260), (51.047968930590244, 48.10638963800395), 42.907269695741604, 1783437991994396540, ['NU-AP06164', 'NU-AP06167', 'NU-AP06163'], [(2.960, 27.700, 44.930), (6.580, 27.700, 59.750), (16.350, 27.700, 50.030)], [-53, -60, -49]]
[(8.257, 27.700, 51.260), (51.33258202950874, 49.28700693722145), 43.12100105723246, 1783437992056666289, ['NU-AP06164', 'NU-AP06167', 'NU-AP06163'], [(2.960, 27.700, 44.930), (6.580, 27.700, 59.750), (16.350, 27.700, 50.030)], [-53, -60, -49]]
[(8.257, 27.700, 51.260), (53.35002898209037, 57.65567577756008), 45.544632152537105, 1783437992498058185, ['NU-AP06164', 'NU-AP06167', 'NU-AP06163'], [(2.960, 27.700, 44.930), (6.580, 27.700, 59.750), (16.350, 27.700, 50.030)], [-53, -60, -49]]
[(8.257, 27.700, 51.260), (47.63326191383982, 64.5), 41.54293639312032, 1783437993236776815, ['NU-AP06164', 'NU-AP06167', 'NU-AP06163'], [(2.960, 27.700, 44.930), (6.580, 27.700, 59.750), (16.350, 27.700, 50.030)], [-53, -60, -49]]
[(8.257, 27.700, 51.260), (43.94523765450011, 64.5), 38.0653894917653, 1783437993425878421, ['NU-AP06164', 'NU-AP06167', 'NU-AP06163'], [(2.960, 27.700, 44.930), (6.580, 27.700, 59.750), (16.350, 27.700, 50.030)], [-53, -60, -49]]
[(8.257, 27.700, 51.260), (42.7266585951298, 64.5), 36.925333795273886, 1783437993488360455, ['NU-AP06164', 'NU-AP06167', 'NU-AP06163'], [(2.960, 27.700, 44.930), (6.580, 27.700, 59.750), (16.350, 27.700, 50.030)], [-53, -60, -49]]
[(8.257, 27.700, 51.260), (41.37728544155771, 64.5), 35.668970987109454, 1783437993557548891, ['NU-AP06164', 'NU-AP06167', 'NU-AP06163'], [(2.960, 27.700, 44.930), (6.580, 27.700, 59.750), (16.350, 27.700, 50.030)], [-53, -60, -49]]
[(8.257, 27.700, 51.260), (26.446560378497015, 64.5), 22.498316104351893, 1783437994323114378, ['NU-AP06164', 'NU-AP06167', 'NU-AP06163'], [(2.960, 27.700, 44.930), (6.580, 27.700, 59.750), (16.350, 27.700, 50.030)], [-53, -60, -49]]
[(8.257, 27.700, 51.260), (25.237111432240727, 64.5), 21.53224679177521, 1783437994385128270, ['NU-AP06164', 'NU-AP06167', 'NU-AP06163'], [(2.960, 27.700, 44.930), (6.580, 27.700, 59.750), (16.350, 27.700, 50.030)], [-53, -60, -49]]
[(8.257, 27.700, 51.260), (24.008352771253204, 64.5), 20.577121232811635, 1783437994448132258, ['NU-AP06164', 'NU-AP06167', 'NU-AP06163'], [(2.960, 27.700, 44.930), (6.580, 27.700, 59.750), (16.350, 27.700, 50.030)], [-53, -60, -49]]
[(8.257, 27.700, 51.260), (22.777891724144375, 64.5), 19.651168822875032, 1783437994511223535, ['NU-AP06164', 'NU-AP06167', 'NU-AP06163'], [(2.960, 27.700, 44.930), (6.580, 27.700, 59.750), (16.350, 27.700, 50.030)], [-53, -60, -49]]
[(8.257, 27.700, 51.260), (21.52945558278406, 64.5), 18.747520973890335, 1783437994575236476, ['NU-AP06164', 'NU-AP06167', 'NU-AP06163'], [(2.960, 27.700, 44.930), (6.580, 27.700, 59.750), (16.350, 27.700, 50.030)], [-53, -60, -49]]
[(8.257, 27.700, 51.260), (20.29818994472523, 64.5), 17.896956608747605, 1783437994638369008, ['NU-AP06164', 'NU-AP06167', 'NU-AP06163'], [(2.960, 27.700, 44.930), (6.580, 27.700, 59.750), (16.350, 27.700, 50.030)], [-53, -60, -49]]
[(8.257, 27.700, 51.260), (19.067932449082768, 64.5), 17.093460639508997, 1783437994701449848, ['NU-AP06164', 'NU-AP06167', 'NU-AP06163'], [(2.960, 27.700, 44.930), (6.580, 27.700, 59.750), (16.350, 27.700, 50.030)], [-53, -60, -49]]
[(8.257, 27.700, 51.260), (15.33884588914682, 64.5), 15.015347603684166, 1783437994892656903, ['NU-AP06164', 'NU-AP06167', 'NU-AP06163'], [(2.960, 27.700, 44.930), (6.580, 27.700, 59.750), (16.350, 27.700, 50.030)], [-53, -60, -49]]
[(8.257, 27.700, 51.260), (2.9999999999999885, 64.5), 14.245613652236106, 1783437995525325077, ['NU-AP06164', 'NU-AP06167', 'NU-AP06163'], [(2.960, 27.700, 44.930), (6.580, 27.700, 59.750), (16.350, 27.700, 50.030)], [-53, -60, -49]]
24-ALL-mul
[(10.779, 27.700, 42.023), (3.0, 52.53695764627419), 13.079292473045781, 1783437985673380237, ['NU-AP06165', 'NU-AP06164', 'NU-AP06163', 'NU-AP06167'], [(3.940, 27.700, 71.250), (2.960, 27.700, 44.930), (16.350, 27.700, 50.030), (6.580, 27.700, 59.750)], [-82, -61, -65, -72]]
[(10.779, 27.700, 42.023), (9.0, 34.115184454718694), 8.105262406653413, 1783437986925594487, ['NU-AP06165', 'NU-AP06164', 'NU-AP06163', 'NU-AP06167'], [(3.940, 27.700, 71.250), (2.960, 27.700, 44.930), (16.350, 27.700, 50.030), (6.580, 27.700, 59.750)], [-82, -61, -65, -72]]
[(10.779, 27.700, 42.023), (9.0, 30.26331643818275), 11.893263841703776, 1783437987123097100, ['NU-AP06165', 'NU-AP06164', 'NU-AP06163', 'NU-AP06167'], [(3.940, 27.700, 71.250), (2.960, 27.700, 44.930), (16.350, 27.700, 50.030), (6.580, 27.700, 59.750)], [-82, -61, -65, -72]]
[(10.779, 27.700, 42.023), (9.0, 28.970798678729295), 13.172653502783719, 1783437987189370304, ['NU-AP06165', 'NU-AP06164', 'NU-AP06163', 'NU-AP06167'], [(3.940, 27.700, 71.250), (2.960, 27.700, 44.930), (16.350, 27.700, 50.030), (6.580, 27.700, 59.750)], [-82, -61, -65, -72]]
[(10.779, 27.700, 42.023), (9.0, 27.67481679979624), 14.457817048655754, 1783437987255821129, ['NU-AP06165', 'NU-AP06164', 'NU-AP06163', 'NU-AP06167'], [(3.940, 27.700, 71.250), (2.960, 27.700, 44.930), (16.350, 27.700, 50.030), (6.580, 27.700, 59.750)], [-82, -61, -65, -72]]
[(10.779, 27.700, 42.023), (9.0, 26.348326111427333), 15.775067946798815, 1783437987323836278, ['NU-AP06165', 'NU-AP06164', 'NU-AP06163', 'NU-AP06167'], [(3.940, 27.700, 71.250), (2.960, 27.700, 44.930), (16.350, 27.700, 50.030), (6.580, 27.700, 59.750)], [-82, -61, -65, -72]]
[(10.779, 27.700, 42.023), (9.0, 21.758356196749443), 20.342334581940943, 1783437987559184698, ['NU-AP06165', 'NU-AP06164', 'NU-AP06163', 'NU-AP06167'], [(3.940, 27.700, 71.250), (2.960, 27.700, 44.930), (16.350, 27.700, 50.030), (6.580, 27.700, 59.750)], [-82, -61, -65, -72]]
[(10.779, 27.700, 42.023), (9.0, 16.322680939301176), 25.761563090904, 1783437987837896238, ['NU-AP06165', 'NU-AP06164', 'NU-AP06163', 'NU-AP06167'], [(3.940, 27.700, 71.250), (2.960, 27.700, 44.930), (16.350, 27.700, 50.030), (6.580, 27.700, 59.750)], [-82, -61, -65, -72]]
[(10.779, 27.700, 42.023), (9.0, 13.350719748598259), 28.727159931257415, 1783437987990282067, ['NU-AP06165', 'NU-AP06164', 'NU-AP06163', 'NU-AP06167'], [(3.940, 27.700, 71.250), (2.960, 27.700, 44.930), (16.350, 27.700, 50.030), (6.580, 27.700, 59.750)], [-82, -61, -65, -72]]
[(10.779, 27.700, 42.023), (9.0, 9.210155664399778), 32.86077432754231, 1783437988202587427, ['NU-AP06165', 'NU-AP06164', 'NU-AP06163', 'NU-AP06167'], [(3.940, 27.700, 71.250), (2.960, 27.700, 44.930), (16.350, 27.700, 50.030), (6.580, 27.700, 59.750)], [-82, -61, -65, -72]]
[(10.779, 27.700, 42.023), (22.89827468168349, 8.5), 35.64604348520785, 1783437988951627413, ['NU-AP06165', 'NU-AP06164', 'NU-AP06163', 'NU-AP06167'], [(3.940, 27.700, 71.250), (2.960, 27.700, 44.930), (16.350, 27.700, 50.030), (6.580, 27.700, 59.750)], [-82, -61, -65, -72]]
[(10.779, 27.700, 42.023), (24.27805797966623, 8.5), 36.138443913027324, 1783437989022375114, ['NU-AP06165', 'NU-AP06164', 'NU-AP06163', 'NU-AP06167'], [(3.940, 27.700, 71.250), (2.960, 27.700, 44.930), (16.350, 27.700, 50.030), (6.580, 27.700, 59.750)], [-82, -61, -65, -72]]
[(10.948, 27.700, 42.147), (26.93841815069294, 8.5), 37.25316961446255, 1783437989158783756, ['NU-AP06165', 'NU-AP06164', 'NU-AP06163', 'NU-AP06167'], [(3.940, 27.700, 71.250), (2.960, 27.700, 44.930), (16.350, 27.700, 50.030), (6.580, 27.700, 59.750)], [-82, -63, -65, -72]]
[(10.948, 27.700, 42.147), (35.29908696537855, 8.5), 41.534158455860116, 1783437989587472883, ['NU-AP06165', 'NU-AP06164', 'NU-AP06163', 'NU-AP06167'], [(3.940, 27.700, 71.250), (2.960, 27.700, 44.930), (16.350, 27.700, 50.030), (6.580, 27.700, 59.750)], [-82, -63, -65, -72]]
[(10.794, 27.700, 42.452), (42.00664342078871, 10.601631967716132), 44.59496585105553, 1783437990016268786, ['NU-AP06165', 'NU-AP06164', 'NU-AP06163', 'NU-AP06167'], [(3.940, 27.700, 71.250), (2.960, 27.700, 44.930), (16.350, 27.700, 50.030), (6.580, 27.700, 59.750)], [-82, -63, -65, -71]]
[(10.794, 27.700, 42.452), (42.37647784081282, 12.135759932260555), 43.77856247161757, 1783437990097183883, ['NU-AP06165', 'NU-AP06164', 'NU-AP06163', 'NU-AP06167'], [(3.940, 27.700, 71.250), (2.960, 27.700, 44.930), (16.350, 27.700, 50.030), (6.580, 27.700, 59.750)], [-82, -63, -65, -71]]
[(10.794, 27.700, 42.452), (47.59802210391378, 33.79549909771642), 37.80867896846637, 1783437990097183883, ['NU-AP06165', 'NU-AP06164', 'NU-AP06163', 'NU-AP06167'], [(3.940, 27.700, 71.250), (2.960, 27.700, 44.930), (16.350, 27.700, 50.030), (6.580, 27.700, 59.750)], [-82, -63, -65, -71]]
[(10.794, 27.700, 42.452), (47.90059098405561, 35.050599637564), 37.83786983080009, 1783437990097183883, ['NU-AP06165', 'NU-AP06164', 'NU-AP06163', 'NU-AP06167'], [(3.940, 27.700, 71.250), (2.960, 27.700, 44.930), (16.350, 27.700, 50.030), (6.580, 27.700, 59.750)], [-82, -63, -65, -71]]
[(10.794, 27.700, 42.452), (48.18404075252351, 36.226391269727145), 37.90511017033947, 1783437990097183883, ['NU-AP06165', 'NU-AP06164', 'NU-AP06163', 'NU-AP06167'], [(3.940, 27.700, 71.250), (2.960, 27.700, 44.930), (16.350, 27.700, 50.030), (6.580, 27.700, 59.750)], [-82, -63, -65, -71]]
[(10.794, 27.700, 42.452), (48.464781191734176, 37.39094420274917), 38.0095451962252, 1783437990097183883, ['NU-AP06165', 'NU-AP06164', 'NU-AP06163', 'NU-AP06167'], [(3.940, 27.700, 71.250), (2.960, 27.700, 44.930), (16.350, 27.700, 50.030), (6.580, 27.700, 59.750)], [-82, -63, -65, -71]]
[(10.794, 27.700, 42.452), (48.74527550155419, 38.55447615459518), 38.151185415367486, 1783437990097183883, ['NU-AP06165', 'NU-AP06164', 'NU-AP06163', 'NU-AP06167'], [(3.940, 27.700, 71.250), (2.960, 27.700, 44.930), (16.350, 27.700, 50.030), (6.580, 27.700, 59.750)], [-82, -63, -65, -71]]
[(10.794, 27.700, 42.452), (49.026385934714206, 39.72056387733301), 38.330124970778115, 1783437990097183883, ['NU-AP06165', 'NU-AP06164', 'NU-AP06163', 'NU-AP06167'], [(3.940, 27.700, 71.250), (2.960, 27.700, 44.930), (16.350, 27.700, 50.030), (6.580, 27.700, 59.750)], [-82, -63, -65, -71]]
[(10.794, 27.700, 42.452), (49.886820457031185, 43.28977374768489), 39.102061598412405, 1783437990097183883, ['NU-AP06165', 'NU-AP06164', 'NU-AP06163', 'NU-AP06167'], [(3.940, 27.700, 71.250), (2.960, 27.700, 44.930), (16.350, 27.700, 50.030), (6.580, 27.700, 59.750)], [-82, -63, -65, -71]]
[(10.794, 27.700, 42.452), (51.047968930590244, 48.10638963800395), 40.64938677294074, 1783437990097183883, ['NU-AP06165', 'NU-AP06164', 'NU-AP06163', 'NU-AP06167'], [(3.940, 27.700, 71.250), (2.960, 27.700, 44.930), (16.350, 27.700, 50.030), (6.580, 27.700, 59.750)], [-82, -63, -65, -71]]
[(10.794, 27.700, 42.452), (51.33258202950874, 49.28700693722145), 41.110970709349864, 1783437990097183883, ['NU-AP06165', 'NU-AP06164', 'NU-AP06163', 'NU-AP06167'], [(3.940, 27.700, 71.250), (2.960, 27.700, 44.930), (16.350, 27.700, 50.030), (6.580, 27.700, 59.750)], [-82, -63, -65, -71]]
[(10.794, 27.700, 42.452), (53.35002898209037, 57.65567577756008), 45.190501581219124, 1783437990097183883, ['NU-AP06165', 'NU-AP06164', 'NU-AP06163', 'NU-AP06167'], [(3.940, 27.700, 71.250), (2.960, 27.700, 44.930), (16.350, 27.700, 50.030), (6.580, 27.700, 59.750)], [-82, -63, -65, -71]]
[(10.794, 27.700, 42.452), (47.63326191383982, 64.5), 42.93311558431408, 1783437990097183883, ['NU-AP06165', 'NU-AP06164', 'NU-AP06163', 'NU-AP06167'], [(3.940, 27.700, 71.250), (2.960, 27.700, 44.930), (16.350, 27.700, 50.030), (6.580, 27.700, 59.750)], [-82, -63, -65, -71]]
[(10.794, 27.700, 42.452), (43.94523765450011, 64.5), 39.813612613060165, 1783437990097183883, ['NU-AP06165', 'NU-AP06164', 'NU-AP06163', 'NU-AP06167'], [(3.940, 27.700, 71.250), (2.960, 27.700, 44.930), (16.350, 27.700, 50.030), (6.580, 27.700, 59.750)], [-82, -63, -65, -71]]
[(10.794, 27.700, 42.452), (42.7266585951298, 64.5), 38.804809161133136, 1783437990097183883, ['NU-AP06165', 'NU-AP06164', 'NU-AP06163', 'NU-AP06167'], [(3.940, 27.700, 71.250), (2.960, 27.700, 44.930), (16.350, 27.700, 50.030), (6.580, 27.700, 59.750)], [-82, -63, -65, -71]]
[(10.794, 27.700, 42.452), (41.37728544155771, 64.5), 37.702190177811055, 1783437990097183883, ['NU-AP06165', 'NU-AP06164', 'NU-AP06163', 'NU-AP06167'], [(3.940, 27.700, 71.250), (2.960, 27.700, 44.930), (16.350, 27.700, 50.030), (6.580, 27.700, 59.750)], [-82, -63, -65, -71]]
[(10.794, 27.700, 42.452), (26.446560378497015, 64.5), 27.039088900498687, 1783437990097183883, ['NU-AP06165', 'NU-AP06164', 'NU-AP06163', 'NU-AP06167'], [(3.940, 27.700, 71.250), (2.960, 27.700, 44.930), (16.350, 27.700, 50.030), (6.580, 27.700, 59.750)], [-82, -63, -65, -71]]
[(10.794, 27.700, 42.452), (25.237111432240727, 64.5), 26.357399203512905, 1783437990097183883, ['NU-AP06165', 'NU-AP06164', 'NU-AP06163', 'NU-AP06167'], [(3.940, 27.700, 71.250), (2.960, 27.700, 44.930), (16.350, 27.700, 50.030), (6.580, 27.700, 59.750)], [-82, -63, -65, -71]]
[(10.794, 27.700, 42.452), (24.008352771253204, 64.5), 25.704619747464214, 1783437990097183883, ['NU-AP06165', 'NU-AP06164', 'NU-AP06163', 'NU-AP06167'], [(3.940, 27.700, 71.250), (2.960, 27.700, 44.930), (16.350, 27.700, 50.030), (6.580, 27.700, 59.750)], [-82, -63, -65, -71]]
[(10.794, 27.700, 42.452), (22.777891724144375, 64.5), 25.094249329256446, 1783437990097183883, ['NU-AP06165', 'NU-AP06164', 'NU-AP06163', 'NU-AP06167'], [(3.940, 27.700, 71.250), (2.960, 27.700, 44.930), (16.350, 27.700, 50.030), (6.580, 27.700, 59.750)], [-82, -63, -65, -71]]
[(10.794, 27.700, 42.452), (21.52945558278406, 64.5), 24.52258177046347, 1783437990097183883, ['NU-AP06165', 'NU-AP06164', 'NU-AP06163', 'NU-AP06167'], [(3.940, 27.700, 71.250), (2.960, 27.700, 44.930), (16.350, 27.700, 50.030), (6.580, 27.700, 59.750)], [-82, -63, -65, -71]]
[(10.794, 27.700, 42.452), (20.29818994472523, 64.5), 24.009080938919666, 1783437990097183883, ['NU-AP06165', 'NU-AP06164', 'NU-AP06163', 'NU-AP06167'], [(3.940, 27.700, 71.250), (2.960, 27.700, 44.930), (16.350, 27.700, 50.030), (6.580, 27.700, 59.750)], [-82, -63, -65, -71]]
[(10.794, 27.700, 42.452), (19.067932449082768, 64.5), 23.549174734012432, 1783437990097183883, ['NU-AP06165', 'NU-AP06164', 'NU-AP06163', 'NU-AP06167'], [(3.940, 27.700, 71.250), (2.960, 27.700, 44.930), (16.350, 27.700, 50.030), (6.580, 27.700, 59.750)], [-82, -63, -65, -71]]
[(10.794, 27.700, 42.452), (15.33884588914682, 64.5), 22.511314270411344, 1783437990097183883, ['NU-AP06165', 'NU-AP06164', 'NU-AP06163', 'NU-AP06167'], [(3.940, 27.700, 71.250), (2.960, 27.700, 44.930), (16.350, 27.700, 50.030), (6.580, 27.700, 59.750)], [-82, -63, -65, -71]]
[(10.794, 27.700, 42.452), (2.9999999999999885, 64.5), 23.38468252646749, 1783437990097183883, ['NU-AP06165', 'NU-AP06164', 'NU-AP06163', 'NU-AP06167'], [(3.940, 27.700, 71.250), (2.960, 27.700, 44.930), (16.350, 27.700, 50.030), (6.580, 27.700, 59.750)], [-82, -63, -65, -71]]
24-80-mul
24-70-mul
24-67-mul
50-ALL-mul
[(6.233, 27.700, 56.819), (47.59802210391378, 33.79549909771642), 47.340733832492134, 1783437991239591776, ['NU-AP06164', 'NU-AP06167', 'NU-AP06163', 'NU-AP06165'], [(2.960, 27.700, 44.930), (6.580, 27.700, 59.750), (16.350, 27.700, 50.030), (3.940, 27.700, 71.250)], [-54, -60, -49, -71]]
[(6.233, 27.700, 56.819), (47.90059098405561, 35.050599637564), 47.01116940137104, 1783437991305790023, ['NU-AP06164', 'NU-AP06167', 'NU-AP06163', 'NU-AP06165'], [(2.960, 27.700, 44.930), (6.580, 27.700, 59.750), (16.350, 27.700, 50.030), (3.940, 27.700, 71.250)], [-54, -60, -49, -71]]
[(6.233, 27.700, 56.819), (48.18404075252351, 36.226391269727145), 46.732688982545504, 1783437991367805250, ['NU-AP06164', 'NU-AP06167', 'NU-AP06163', 'NU-AP06165'], [(2.960, 27.700, 44.930), (6.580, 27.700, 59.750), (16.350, 27.700, 50.030), (3.940, 27.700, 71.250)], [-54, -60, -49, -71]]
[(6.219, 27.700, 56.811), (48.464781191734176, 37.39094420274917), 46.495935600034926, 1783437991429227710, ['NU-AP06164', 'NU-AP06167', 'NU-AP06163', 'NU-AP06165'], [(2.960, 27.700, 44.930), (6.580, 27.700, 59.750), (16.350, 27.700, 50.030), (3.940, 27.700, 71.250)], [-53, -60, -49, -71]]
[(6.219, 27.700, 56.811), (48.74527550155419, 38.55447615459518), 46.27971431762147, 1783437991490596320, ['NU-AP06164', 'NU-AP06167', 'NU-AP06163', 'NU-AP06165'], [(2.960, 27.700, 44.930), (6.580, 27.700, 59.750), (16.350, 27.700, 50.030), (3.940, 27.700, 71.250)], [-53, -60, -49, -71]]
[(6.567, 27.700, 54.743), (49.026385934714206, 39.72056387733301), 45.03830674811374, 1783437991552099730, ['NU-AP06164', 'NU-AP06167', 'NU-AP06163', 'NU-AP06165', 'NU-AP06162'], [(2.960, 27.700, 44.930), (6.580, 27.700, 59.750), (16.350, 27.700, 50.030), (3.940, 27.700, 71.250), (10.830, 27.700, 31.890)], [-53, -60, -49, -71, -78]]
[(6.567, 27.700, 54.743), (49.886820457031185, 43.28977374768489), 44.80800865686637, 1783437991740351929, ['NU-AP06164', 'NU-AP06167', 'NU-AP06163', 'NU-AP06165', 'NU-AP06162'], [(2.960, 27.700, 44.930), (6.580, 27.700, 59.750), (16.350, 27.700, 50.030), (3.940, 27.700, 71.250), (10.830, 27.700, 31.890)], [-53, -60, -49, -71, -78]]
[(6.567, 27.700, 54.743), (51.047968930590244, 48.10638963800395), 44.9730296764674, 1783437991994396540, ['NU-AP06164', 'NU-AP06167', 'NU-AP06163', 'NU-AP06165', 'NU-AP06162'], [(2.960, 27.700, 44.930), (6.580, 27.700, 59.750), (16.350, 27.700, 50.030), (3.940, 27.700, 71.250), (10.830, 27.700, 31.890)], [-53, -60, -49, -71, -78]]
[(6.567, 27.700, 54.743), (51.33258202950874, 49.28700693722145), 45.09652824519834, 1783437992056666289, ['NU-AP06164', 'NU-AP06167', 'NU-AP06163', 'NU-AP06165', 'NU-AP06162'], [(2.960, 27.700, 44.930), (6.580, 27.700, 59.750), (16.350, 27.700, 50.030), (3.940, 27.700, 71.250), (10.830, 27.700, 31.890)], [-53, -60, -49, -71, -78]]
[(6.567, 27.700, 54.743), (53.35002898209037, 57.65567577756008), 46.87326875994771, 1783437992498058185, ['NU-AP06164', 'NU-AP06167', 'NU-AP06163', 'NU-AP06165', 'NU-AP06162'], [(2.960, 27.700, 44.930), (6.580, 27.700, 59.750), (16.350, 27.700, 50.030), (3.940, 27.700, 71.250), (10.830, 27.700, 31.890)], [-53, -60, -49, -71, -78]]
[(6.567, 27.700, 54.743), (47.63326191383982, 64.5), 42.20908151602696, 1783437993236776815, ['NU-AP06164', 'NU-AP06167', 'NU-AP06163', 'NU-AP06165', 'NU-AP06162'], [(2.960, 27.700, 44.930), (6.580, 27.700, 59.750), (16.350, 27.700, 50.030), (3.940, 27.700, 71.250), (10.830, 27.700, 31.890)], [-53, -60, -49, -71, -78]]
[(6.567, 27.700, 54.743), (43.94523765450011, 64.5), 38.63034833109889, 1783437993425878421, ['NU-AP06164', 'NU-AP06167', 'NU-AP06163', 'NU-AP06165', 'NU-AP06162'], [(2.960, 27.700, 44.930), (6.580, 27.700, 59.750), (16.350, 27.700, 50.030), (3.940, 27.700, 71.250), (10.830, 27.700, 31.890)], [-53, -60, -49, -71, -78]]
[(6.567, 27.700, 54.743), (42.7266585951298, 64.5), 37.45254179537274, 1783437993488360455, ['NU-AP06164', 'NU-AP06167', 'NU-AP06163', 'NU-AP06165', 'NU-AP06162'], [(2.960, 27.700, 44.930), (6.580, 27.700, 59.750), (16.350, 27.700, 50.030), (3.940, 27.700, 71.250), (10.830, 27.700, 31.890)], [-53, -60, -49, -71, -78]]
[(6.567, 27.700, 54.743), (41.37728544155771, 64.5), 36.15147095803733, 1783437993557548891, ['NU-AP06164', 'NU-AP06167', 'NU-AP06163', 'NU-AP06165', 'NU-AP06162'], [(2.960, 27.700, 44.930), (6.580, 27.700, 59.750), (16.350, 27.700, 50.030), (3.940, 27.700, 71.250), (10.830, 27.700, 31.890)], [-53, -60, -49, -71, -78]]
[(6.567, 27.700, 54.743), (26.446560378497015, 64.5), 22.144520517432326, 1783437994323114378, ['NU-AP06164', 'NU-AP06167', 'NU-AP06163', 'NU-AP06165', 'NU-AP06162'], [(2.960, 27.700, 44.930), (6.580, 27.700, 59.750), (16.350, 27.700, 50.030), (3.940, 27.700, 71.250), (10.830, 27.700, 31.890)], [-53, -60, -49, -71, -78]]
[(6.567, 27.700, 54.743), (25.237111432240727, 64.5), 21.065534364958452, 1783437994385128270, ['NU-AP06164', 'NU-AP06167', 'NU-AP06163', 'NU-AP06165', 'NU-AP06162'], [(2.960, 27.700, 44.930), (6.580, 27.700, 59.750), (16.350, 27.700, 50.030), (3.940, 27.700, 71.250), (10.830, 27.700, 31.890)], [-53, -60, -49, -71, -78]]
[(6.567, 27.700, 54.743), (24.008352771253204, 64.5), 19.98462623323628, 1783437994448132258, ['NU-AP06164', 'NU-AP06167', 'NU-AP06163', 'NU-AP06165', 'NU-AP06162'], [(2.960, 27.700, 44.930), (6.580, 27.700, 59.750), (16.350, 27.700, 50.030), (3.940, 27.700, 71.250), (10.830, 27.700, 31.890)], [-53, -60, -49, -71, -78]]
[(6.567, 27.700, 54.743), (22.777891724144375, 64.5), 18.920315346830904, 1783437994511223535, ['NU-AP06164', 'NU-AP06167', 'NU-AP06163', 'NU-AP06165', 'NU-AP06162'], [(2.960, 27.700, 44.930), (6.580, 27.700, 59.750), (16.350, 27.700, 50.030), (3.940, 27.700, 71.250), (10.830, 27.700, 31.890)], [-53, -60, -49, -71, -78]]
[(6.567, 27.700, 54.743), (21.52945558278406, 64.5), 17.862285255921318, 1783437994575236476, ['NU-AP06164', 'NU-AP06167', 'NU-AP06163', 'NU-AP06165', 'NU-AP06162'], [(2.960, 27.700, 44.930), (6.580, 27.700, 59.750), (16.350, 27.700, 50.030), (3.940, 27.700, 71.250), (10.830, 27.700, 31.890)], [-53, -60, -49, -71, -78]]
[(6.567, 27.700, 54.743), (20.29818994472523, 64.5), 16.844362809979685, 1783437994638369008, ['NU-AP06164', 'NU-AP06167', 'NU-AP06163', 'NU-AP06165', 'NU-AP06162'], [(2.960, 27.700, 44.930), (6.580, 27.700, 59.750), (16.350, 27.700, 50.030), (3.940, 27.700, 71.250), (10.830, 27.700, 31.890)], [-53, -60, -49, -71, -78]]
[(6.567, 27.700, 54.743), (19.067932449082768, 64.5), 15.85752554080247, 1783437994701449848, ['NU-AP06164', 'NU-AP06167', 'NU-AP06163', 'NU-AP06165', 'NU-AP06162'], [(2.960, 27.700, 44.930), (6.580, 27.700, 59.750), (16.350, 27.700, 50.030), (3.940, 27.700, 71.250), (10.830, 27.700, 31.890)], [-53, -60, -49, -71, -78]]
[(6.567, 27.700, 54.743), (15.33884588914682, 64.5), 13.120044936213496, 1783437994892656903, ['NU-AP06164', 'NU-AP06167', 'NU-AP06163', 'NU-AP06165', 'NU-AP06162'], [(2.960, 27.700, 44.930), (6.580, 27.700, 59.750), (16.350, 27.700, 50.030), (3.940, 27.700, 71.250), (10.830, 27.700, 31.890)], [-53, -60, -49, -71, -78]]
[(6.567, 27.700, 54.743), (2.9999999999999885, 64.5), 10.38855341879465, 1783437995525325077, ['NU-AP06164', 'NU-AP06167', 'NU-AP06163', 'NU-AP06165', 'NU-AP06162'], [(2.960, 27.700, 44.930), (6.580, 27.700, 59.750), (16.350, 27.700, 50.030), (3.940, 27.700, 71.250), (10.830, 27.700, 31.890)], [-53, -60, -49, -71, -78]]
50-80-mul
[(6.233, 27.700, 56.819), (47.59802210391378, 33.79549909771642), 47.340733832492134, 1783437991239591776, ['NU-AP06164', 'NU-AP06167', 'NU-AP06163', 'NU-AP06165'], [(2.960, 27.700, 44.930), (6.580, 27.700, 59.750), (16.350, 27.700, 50.030), (3.940, 27.700, 71.250)], [-54, -60, -49, -71]]
[(6.233, 27.700, 56.819), (47.90059098405561, 35.050599637564), 47.01116940137104, 1783437991305790023, ['NU-AP06164', 'NU-AP06167', 'NU-AP06163', 'NU-AP06165'], [(2.960, 27.700, 44.930), (6.580, 27.700, 59.750), (16.350, 27.700, 50.030), (3.940, 27.700, 71.250)], [-54, -60, -49, -71]]
[(6.233, 27.700, 56.819), (48.18404075252351, 36.226391269727145), 46.732688982545504, 1783437991367805250, ['NU-AP06164', 'NU-AP06167', 'NU-AP06163', 'NU-AP06165'], [(2.960, 27.700, 44.930), (6.580, 27.700, 59.750), (16.350, 27.700, 50.030), (3.940, 27.700, 71.250)], [-54, -60, -49, -71]]
[(6.219, 27.700, 56.811), (48.464781191734176, 37.39094420274917), 46.495935600034926, 1783437991429227710, ['NU-AP06164', 'NU-AP06167', 'NU-AP06163', 'NU-AP06165'], [(2.960, 27.700, 44.930), (6.580, 27.700, 59.750), (16.350, 27.700, 50.030), (3.940, 27.700, 71.250)], [-53, -60, -49, -71]]
[(6.219, 27.700, 56.811), (48.74527550155419, 38.55447615459518), 46.27971431762147, 1783437991490596320, ['NU-AP06164', 'NU-AP06167', 'NU-AP06163', 'NU-AP06165'], [(2.960, 27.700, 44.930), (6.580, 27.700, 59.750), (16.350, 27.700, 50.030), (3.940, 27.700, 71.250)], [-53, -60, -49, -71]]
[(6.567, 27.700, 54.743), (49.026385934714206, 39.72056387733301), 45.03830674811374, 1783437991552099730, ['NU-AP06164', 'NU-AP06167', 'NU-AP06163', 'NU-AP06165', 'NU-AP06162'], [(2.960, 27.700, 44.930), (6.580, 27.700, 59.750), (16.350, 27.700, 50.030), (3.940, 27.700, 71.250), (10.830, 27.700, 31.890)], [-53, -60, -49, -71, -78]]
[(6.567, 27.700, 54.743), (49.886820457031185, 43.28977374768489), 44.80800865686637, 1783437991740351929, ['NU-AP06164', 'NU-AP06167', 'NU-AP06163', 'NU-AP06165', 'NU-AP06162'], [(2.960, 27.700, 44.930), (6.580, 27.700, 59.750), (16.350, 27.700, 50.030), (3.940, 27.700, 71.250), (10.830, 27.700, 31.890)], [-53, -60, -49, -71, -78]]
[(6.567, 27.700, 54.743), (51.047968930590244, 48.10638963800395), 44.9730296764674, 1783437991994396540, ['NU-AP06164', 'NU-AP06167', 'NU-AP06163', 'NU-AP06165', 'NU-AP06162'], [(2.960, 27.700, 44.930), (6.580, 27.700, 59.750), (16.350, 27.700, 50.030), (3.940, 27.700, 71.250), (10.830, 27.700, 31.890)], [-53, -60, -49, -71, -78]]
[(6.567, 27.700, 54.743), (51.33258202950874, 49.28700693722145), 45.09652824519834, 1783437992056666289, ['NU-AP06164', 'NU-AP06167', 'NU-AP06163', 'NU-AP06165', 'NU-AP06162'], [(2.960, 27.700, 44.930), (6.580, 27.700, 59.750), (16.350, 27.700, 50.030), (3.940, 27.700, 71.250), (10.830, 27.700, 31.890)], [-53, -60, -49, -71, -78]]
[(6.567, 27.700, 54.743), (53.35002898209037, 57.65567577756008), 46.87326875994771, 1783437992498058185, ['NU-AP06164', 'NU-AP06167', 'NU-AP06163', 'NU-AP06165', 'NU-AP06162'], [(2.960, 27.700, 44.930), (6.580, 27.700, 59.750), (16.350, 27.700, 50.030), (3.940, 27.700, 71.250), (10.830, 27.700, 31.890)], [-53, -60, -49, -71, -78]]
[(6.567, 27.700, 54.743), (47.63326191383982, 64.5), 42.20908151602696, 1783437993236776815, ['NU-AP06164', 'NU-AP06167', 'NU-AP06163', 'NU-AP06165', 'NU-AP06162'], [(2.960, 27.700, 44.930), (6.580, 27.700, 59.750), (16.350, 27.700, 50.030), (3.940, 27.700, 71.250), (10.830, 27.700, 31.890)], [-53, -60, -49, -71, -78]]
[(6.567, 27.700, 54.743), (43.94523765450011, 64.5), 38.63034833109889, 1783437993425878421, ['NU-AP06164', 'NU-AP06167', 'NU-AP06163', 'NU-AP06165', 'NU-AP06162'], [(2.960, 27.700, 44.930), (6.580, 27.700, 59.750), (16.350, 27.700, 50.030), (3.940, 27.700, 71.250), (10.830, 27.700, 31.890)], [-53, -60, -49, -71, -78]]
[(6.567, 27.700, 54.743), (42.7266585951298, 64.5), 37.45254179537274, 1783437993488360455, ['NU-AP06164', 'NU-AP06167', 'NU-AP06163', 'NU-AP06165', 'NU-AP06162'], [(2.960, 27.700, 44.930), (6.580, 27.700, 59.750), (16.350, 27.700, 50.030), (3.940, 27.700, 71.250), (10.830, 27.700, 31.890)], [-53, -60, -49, -71, -78]]
[(6.567, 27.700, 54.743), (41.37728544155771, 64.5), 36.15147095803733, 1783437993557548891, ['NU-AP06164', 'NU-AP06167', 'NU-AP06163', 'NU-AP06165', 'NU-AP06162'], [(2.960, 27.700, 44.930), (6.580, 27.700, 59.750), (16.350, 27.700, 50.030), (3.940, 27.700, 71.250), (10.830, 27.700, 31.890)], [-53, -60, -49, -71, -78]]
[(6.567, 27.700, 54.743), (26.446560378497015, 64.5), 22.144520517432326, 1783437994323114378, ['NU-AP06164', 'NU-AP06167', 'NU-AP06163', 'NU-AP06165', 'NU-AP06162'], [(2.960, 27.700, 44.930), (6.580, 27.700, 59.750), (16.350, 27.700, 50.030), (3.940, 27.700, 71.250), (10.830, 27.700, 31.890)], [-53, -60, -49, -71, -78]]
[(6.567, 27.700, 54.743), (25.237111432240727, 64.5), 21.065534364958452, 1783437994385128270, ['NU-AP06164', 'NU-AP06167', 'NU-AP06163', 'NU-AP06165', 'NU-AP06162'], [(2.960, 27.700, 44.930), (6.580, 27.700, 59.750), (16.350, 27.700, 50.030), (3.940, 27.700, 71.250), (10.830, 27.700, 31.890)], [-53, -60, -49, -71, -78]]
[(6.567, 27.700, 54.743), (24.008352771253204, 64.5), 19.98462623323628, 1783437994448132258, ['NU-AP06164', 'NU-AP06167', 'NU-AP06163', 'NU-AP06165', 'NU-AP06162'], [(2.960, 27.700, 44.930), (6.580, 27.700, 59.750), (16.350, 27.700, 50.030), (3.940, 27.700, 71.250), (10.830, 27.700, 31.890)], [-53, -60, -49, -71, -78]]
[(6.567, 27.700, 54.743), (22.777891724144375, 64.5), 18.920315346830904, 1783437994511223535, ['NU-AP06164', 'NU-AP06167', 'NU-AP06163', 'NU-AP06165', 'NU-AP06162'], [(2.960, 27.700, 44.930), (6.580, 27.700, 59.750), (16.350, 27.700, 50.030), (3.940, 27.700, 71.250), (10.830, 27.700, 31.890)], [-53, -60, -49, -71, -78]]
[(6.567, 27.700, 54.743), (21.52945558278406, 64.5), 17.862285255921318, 1783437994575236476, ['NU-AP06164', 'NU-AP06167', 'NU-AP06163', 'NU-AP06165', 'NU-AP06162'], [(2.960, 27.700, 44.930), (6.580, 27.700, 59.750), (16.350, 27.700, 50.030), (3.940, 27.700, 71.250), (10.830, 27.700, 31.890)], [-53, -60, -49, -71, -78]]
[(6.567, 27.700, 54.743), (20.29818994472523, 64.5), 16.844362809979685, 1783437994638369008, ['NU-AP06164', 'NU-AP06167', 'NU-AP06163', 'NU-AP06165', 'NU-AP06162'], [(2.960, 27.700, 44.930), (6.580, 27.700, 59.750), (16.350, 27.700, 50.030), (3.940, 27.700, 71.250), (10.830, 27.700, 31.890)], [-53, -60, -49, -71, -78]]
[(6.567, 27.700, 54.743), (19.067932449082768, 64.5), 15.85752554080247, 1783437994701449848, ['NU-AP06164', 'NU-AP06167', 'NU-AP06163', 'NU-AP06165', 'NU-AP06162'], [(2.960, 27.700, 44.930), (6.580, 27.700, 59.750), (16.350, 27.700, 50.030), (3.940, 27.700, 71.250), (10.830, 27.700, 31.890)], [-53, -60, -49, -71, -78]]
[(6.567, 27.700, 54.743), (15.33884588914682, 64.5), 13.120044936213496, 1783437994892656903, ['NU-AP06164', 'NU-AP06167', 'NU-AP06163', 'NU-AP06165', 'NU-AP06162'], [(2.960, 27.700, 44.930), (6.580, 27.700, 59.750), (16.350, 27.700, 50.030), (3.940, 27.700, 71.250), (10.830, 27.700, 31.890)], [-53, -60, -49, -71, -78]]
[(6.567, 27.700, 54.743), (2.9999999999999885, 64.5), 10.38855341879465, 1783437995525325077, ['NU-AP06164', 'NU-AP06167', 'NU-AP06163', 'NU-AP06165', 'NU-AP06162'], [(2.960, 27.700, 44.930), (6.580, 27.700, 59.750), (16.350, 27.700, 50.030), (3.940, 27.700, 71.250), (10.830, 27.700, 31.890)], [-53, -60, -49, -71, -78]]
50-70-mul
50-67-mul
