4 4 3 3 3 3 2 2 1783440440449369606
{'names': ['NU-AP06165', 'NU-AP06167', 'NU-AP06163'], 'addresses': ['48:00:b3:5e:17:c0', '48:00:b3:5e:0b:e0', '48:00:b3:5f:46:a0'], 'ssids': ['iotroam', 'iotroam', 'iotroam'], 'signals': [-71, -61, -50], 'timestamps': [1.7834404404413696e+18, 1.7834404404413696e+18, 1.7834404404413696e+18], 'frequencies': [2412, 2412, 2412]}
2 2 1 1 3 3 2 2 1783440440527251098
{'names': ['NU-AP06165', 'NU-AP06167', 'NU-AP06163'], 'addresses': ['48:00:b3:5e:17:c0', '48:00:b3:5e:0b:e0', '48:00:b3:5f:46:a0'], 'ssids': ['iotroam', 'iotroam', 'iotroam'], 'signals': [-71, -61, -50], 'timestamps': [1.7834404404522511e+18, 1.7834404404413696e+18, 1.7834404404413696e+18], 'frequencies': [2412, 2412, 2412]}
2 2 1 1 3 3 2 2 1783440440603949094
{'names': ['NU-AP06165', 'NU-AP06167', 'NU-AP06163', 'NU-AP06164'], 'addresses': ['48:00:b3:5e:17:c0', '48:00:b3:5e:0b:e0', '48:00:b3:5f:46:a0', '48:00:b3:5f:72:e0'], 'ssids': ['iotroam', 'iotroam', 'iotroam', 'iotroam'], 'signals': [-71, -61, -50, -54], 'timestamps': [1.783440440452949e+18, 1.7834404404413696e+18, 1.7834404404413696e+18, 1.783440440586949e+18], 'frequencies': [2412, 2412, 2412, 2437]}
1 1 1 1 3 3 2 2 1783440440679221311
{'names': ['NU-AP06165', 'NU-AP06167', 'NU-AP06163', 'NU-AP06164'], 'addresses': ['48:00:b3:5e:17:c0', '48:00:b3:5e:0b:e0', '48:00:b3:5f:46:a0', '48:00:b3:5f:72:e1'], 'ssids': ['iotroam', 'iotroam', 'iotroam', 'eduroam'], 'signals': [-71, -61, -50, -54], 'timestamps': [1.783440440452949e+18, 1.7834404404413696e+18, 1.7834404404413696e+18, 1.7834404406042212e+18], 'frequencies': [2412, 2412, 2412, 2437]}
1 1 1 1 3 3 2 2 1783440440756723781
{'names': ['NU-AP06165', 'NU-AP06167', 'NU-AP06163', 'NU-AP06164'], 'addresses': ['48:00:b3:5e:17:c0', '48:00:b3:5e:0b:e0', '48:00:b3:5f:46:a0', '48:00:b3:5f:72:e1'], 'ssids': ['iotroam', 'iotroam', 'iotroam', 'eduroam'], 'signals': [-71, -61, -50, -54], 'timestamps': [1.783440440452949e+18, 1.7834404404413696e+18, 1.7834404404413696e+18, 1.7834404406047237e+18], 'frequencies': [2412, 2412, 2412, 2437]}
2 2 1 1 3 3 2 2 1783440440839918578
{'names': ['NU-AP06165', 'NU-AP06167', 'NU-AP06163', 'NU-AP06164'], 'addresses': ['48:00:b3:5e:17:c0', '48:00:b3:5e:0b:e0', '48:00:b3:5f:46:a0', '48:00:b3:5f:72:e1'], 'ssids': ['iotroam', 'iotroam', 'iotroam', 'eduroam'], 'signals': [-71, -61, -50, -54], 'timestamps': [1.7834404404539187e+18, 1.7834404404413696e+18, 1.7834404404413696e+18, 1.7834404406059187e+18], 'frequencies': [2412, 2412, 2412, 2437]}
0 0 0 0 3 3 2 2 1783440440920238665
{'names': ['NU-AP06165', 'NU-AP06167', 'NU-AP06163', 'NU-AP06164'], 'addresses': ['48:00:b3:5e:17:c0', '48:00:b3:5e:0b:e0', '48:00:b3:5f:46:a0', '48:00:b3:5f:72:e1'], 'ssids': ['iotroam', 'iotroam', 'iotroam', 'eduroam'], 'signals': [-71, -61, -50, -54], 'timestamps': [1.7834404404539187e+18, 1.7834404404413696e+18, 1.7834404404413696e+18, 1.7834404406059187e+18], 'frequencies': [2412, 2412, 2412, 2437]}
0 0 0 0 3 3 2 2 1783440440998261155
{'names': ['NU-AP06165', 'NU-AP06167', 'NU-AP06163', 'NU-AP06164'], 'addresses': ['48:00:b3:5e:17:c0', '48:00:b3:5e:0b:e0', '48:00:b3:5f:46:a0', '48:00:b3:5f:72:e1'], 'ssids': ['iotroam', 'iotroam', 'iotroam', 'eduroam'], 'signals': [-71, -61, -50, -54], 'timestamps': [1.7834404404539187e+18, 1.7834404404413696e+18, 1.7834404404413696e+18, 1.7834404406059187e+18], 'frequencies': [2412, 2412, 2412, 2437]}
0 0 0 0 3 3 2 2 1783440441079167222
{'names': ['NU-AP06165', 'NU-AP06167', 'NU-AP06163', 'NU-AP06164'], 'addresses': ['48:00:b3:5e:17:c0', '48:00:b3:5e:0b:e0', '48:00:b3:5f:46:a0', '48:00:b3:5f:72:e1'], 'ssids': ['iotroam', 'iotroam', 'iotroam', 'eduroam'], 'signals': [-71, -61, -50, -54], 'timestamps': [1.7834404404539187e+18, 1.7834404404413696e+18, 1.7834404404413696e+18, 1.7834404406059187e+18], 'frequencies': [2412, 2412, 2412, 2437]}
0 0 0 0 3 3 2 2 1783440441157330822
{'names': ['NU-AP06165', 'NU-AP06167', 'NU-AP06163', 'NU-AP06164'], 'addresses': ['48:00:b3:5e:17:c0', '48:00:b3:5e:0b:e0', '48:00:b3:5f:46:a0', '48:00:b3:5f:72:e1'], 'ssids': ['iotroam', 'iotroam', 'iotroam', 'eduroam'], 'signals': [-71, -61, -50, -54], 'timestamps': [1.7834404404539187e+18, 1.7834404404413696e+18, 1.7834404404413696e+18, 1.7834404406059187e+18], 'frequencies': [2412, 2412, 2412, 2437]}
0 0 0 0 3 3 2 2 1783440441236247184
{'names': ['NU-AP06165', 'NU-AP06167', 'NU-AP06163', 'NU-AP06164'], 'addresses': ['48:00:b3:5e:17:c0', '48:00:b3:5e:0b:e0', '48:00:b3:5f:46:a0', '48:00:b3:5f:72:e1'], 'ssids': ['iotroam', 'iotroam', 'iotroam', 'eduroam'], 'signals': [-71, -61, -50, -54], 'timestamps': [1.7834404404539187e+18, 1.7834404404413696e+18, 1.7834404404413696e+18, 1.7834404406059187e+18], 'frequencies': [2412, 2412, 2412, 2437]}
0 0 0 0 3 3 2 2 1783440441313770678
{'names': ['NU-AP06165', 'NU-AP06167', 'NU-AP06163', 'NU-AP06164'], 'addresses': ['48:00:b3:5e:17:c0', '48:00:b3:5e:0b:e0', '48:00:b3:5f:46:a0', '48:00:b3:5f:72:e1'], 'ssids': ['iotroam', 'iotroam', 'iotroam', 'eduroam'], 'signals': [-71, -61, -50, -54], 'timestamps': [1.7834404404539187e+18, 1.7834404404413696e+18, 1.7834404404413696e+18, 1.7834404406059187e+18], 'frequencies': [2412, 2412, 2412, 2437]}
0 0 0 0 3 3 2 2 1783440441392589202
{'names': ['NU-AP06165', 'NU-AP06167', 'NU-AP06163', 'NU-AP06164'], 'addresses': ['48:00:b3:5e:17:c0', '48:00:b3:5e:0b:e0', '48:00:b3:5f:46:a0', '48:00:b3:5f:72:e1'], 'ssids': ['iotroam', 'iotroam', 'iotroam', 'eduroam'], 'signals': [-71, -61, -50, -54], 'timestamps': [1.7834404404539187e+18, 1.7834404404413696e+18, 1.7834404404413696e+18, 1.7834404406059187e+18], 'frequencies': [2412, 2412, 2412, 2437]}
0 0 0 0 3 3 2 2 1783440441469301379
{'names': ['NU-AP06165', 'NU-AP06167', 'NU-AP06163', 'NU-AP06164'], 'addresses': ['48:00:b3:5e:17:c0', '48:00:b3:5e:0b:e0', '48:00:b3:5f:46:a0', '48:00:b3:5f:72:e1'], 'ssids': ['iotroam', 'iotroam', 'iotroam', 'eduroam'], 'signals': [-71, -61, -50, -54], 'timestamps': [1.7834404404539187e+18, 1.7834404404413696e+18, 1.7834404404413696e+18, 1.7834404406059187e+18], 'frequencies': [2412, 2412, 2412, 2437]}
0 0 0 0 3 3 2 2 1783440441548382439
{'names': ['NU-AP06165', 'NU-AP06167', 'NU-AP06163', 'NU-AP06164'], 'addresses': ['48:00:b3:5e:17:c0', '48:00:b3:5e:0b:e0', '48:00:b3:5f:46:a0', '48:00:b3:5f:72:e1'], 'ssids': ['iotroam', 'iotroam', 'iotroam', 'eduroam'], 'signals': [-71, -61, -50, -54], 'timestamps': [1.7834404404539187e+18, 1.7834404404413696e+18, 1.7834404404413696e+18, 1.7834404406059187e+18], 'frequencies': [2412, 2412, 2412, 2437]}
0 0 0 0 3 3 2 2 1783440441627728172
{'names': ['NU-AP06165', 'NU-AP06167', 'NU-AP06163', 'NU-AP06164'], 'addresses': ['48:00:b3:5e:17:c0', '48:00:b3:5e:0b:e0', '48:00:b3:5f:46:a0', '48:00:b3:5f:72:e1'], 'ssids': ['iotroam', 'iotroam', 'iotroam', 'eduroam'], 'signals': [-71, -61, -50, -54], 'timestamps': [1.7834404404539187e+18, 1.7834404404413696e+18, 1.7834404404413696e+18, 1.7834404406059187e+18], 'frequencies': [2412, 2412, 2412, 2437]}
0 0 0 0 3 3 2 2 1783440441705336963
{'names': ['NU-AP06165', 'NU-AP06167', 'NU-AP06163', 'NU-AP06164'], 'addresses': ['48:00:b3:5e:17:c0', '48:00:b3:5e:0b:e0', '48:00:b3:5f:46:a0', '48:00:b3:5f:72:e1'], 'ssids': ['iotroam', 'iotroam', 'iotroam', 'eduroam'], 'signals': [-71, -61, -50, -54], 'timestamps': [1.7834404404539187e+18, 1.7834404404413696e+18, 1.7834404404413696e+18, 1.7834404406059187e+18], 'frequencies': [2412, 2412, 2412, 2437]}
0 0 0 0 3 3 2 2 1783440441783133324
{'names': ['NU-AP06165', 'NU-AP06167', 'NU-AP06163', 'NU-AP06164'], 'addresses': ['48:00:b3:5e:17:c0', '48:00:b3:5e:0b:e0', '48:00:b3:5f:46:a0', '48:00:b3:5f:72:e1'], 'ssids': ['iotroam', 'iotroam', 'iotroam', 'eduroam'], 'signals': [-71, -61, -50, -54], 'timestamps': [1.7834404404539187e+18, 1.7834404404413696e+18, 1.7834404404413696e+18, 1.7834404406059187e+18], 'frequencies': [2412, 2412, 2412, 2437]}
0 0 0 0 3 3 2 2 1783440441862451250
{'names': ['NU-AP06165', 'NU-AP06167', 'NU-AP06163', 'NU-AP06164'], 'addresses': ['48:00:b3:5e:17:c0', '48:00:b3:5e:0b:e0', '48:00:b3:5f:46:a0', '48:00:b3:5f:72:e1'], 'ssids': ['iotroam', 'iotroam', 'iotroam', 'eduroam'], 'signals': [-71, -61, -50, -54], 'timestamps': [1.7834404404539187e+18, 1.7834404404413696e+18, 1.7834404404413696e+18, 1.7834404406059187e+18], 'frequencies': [2412, 2412, 2412, 2437]}
0 0 0 0 3 3 2 2 1783440441942568464
{'names': ['NU-AP06165', 'NU-AP06167', 'NU-AP06163', 'NU-AP06164'], 'addresses': ['48:00:b3:5e:17:c0', '48:00:b3:5e:0b:e0', '48:00:b3:5f:46:a0', '48:00:b3:5f:72:e1'], 'ssids': ['iotroam', 'iotroam', 'iotroam', 'eduroam'], 'signals': [-71, -61, -50, -54], 'timestamps': [1.7834404404539187e+18, 1.7834404404413696e+18, 1.7834404404413696e+18, 1.7834404406059187e+18], 'frequencies': [2412, 2412, 2412, 2437]}
0 0 0 0 3 3 2 2 1783440442021840077
{'names': ['NU-AP06165', 'NU-AP06167', 'NU-AP06163', 'NU-AP06164'], 'addresses': ['48:00:b3:5e:17:c0', '48:00:b3:5e:0b:e0', '48:00:b3:5f:46:a0', '48:00:b3:5f:72:e1'], 'ssids': ['iotroam', 'iotroam', 'iotroam', 'eduroam'], 'signals': [-71, -61, -50, -54], 'timestamps': [1.7834404404539187e+18, 1.7834404404413696e+18, 1.7834404404413696e+18, 1.7834404406059187e+18], 'frequencies': [2412, 2412, 2412, 2437]}
0 0 0 0 3 3 2 2 1783440442100028873
{'names': ['NU-AP06165', 'NU-AP06167', 'NU-AP06163', 'NU-AP06164'], 'addresses': ['48:00:b3:5e:17:c0', '48:00:b3:5e:0b:e0', '48:00:b3:5f:46:a0', '48:00:b3:5f:72:e1'], 'ssids': ['iotroam', 'iotroam', 'iotroam', 'eduroam'], 'signals': [-71, -61, -50, -54], 'timestamps': [1.7834404404539187e+18, 1.7834404404413696e+18, 1.7834404404413696e+18, 1.7834404406059187e+18], 'frequencies': [2412, 2412, 2412, 2437]}
0 0 0 0 3 3 2 2 1783440442179390329
{'names': ['NU-AP06165', 'NU-AP06167', 'NU-AP06163', 'NU-AP06164'], 'addresses': ['48:00:b3:5e:17:c0', '48:00:b3:5e:0b:e0', '48:00:b3:5f:46:a0', '48:00:b3:5f:72:e1'], 'ssids': ['iotroam', 'iotroam', 'iotroam', 'eduroam'], 'signals': [-71, -61, -50, -54], 'timestamps': [1.7834404404539187e+18, 1.7834404404413696e+18, 1.7834404404413696e+18, 1.7834404406059187e+18], 'frequencies': [2412, 2412, 2412, 2437]}
0 0 0 0 3 3 2 2 1783440442258686232
{'names': ['NU-AP06165', 'NU-AP06167', 'NU-AP06163', 'NU-AP06164'], 'addresses': ['48:00:b3:5e:17:c0', '48:00:b3:5e:0b:e0', '48:00:b3:5f:46:a0', '48:00:b3:5f:72:e1'], 'ssids': ['iotroam', 'iotroam', 'iotroam', 'eduroam'], 'signals': [-71, -61, -50, -54], 'timestamps': [1.7834404404539187e+18, 1.7834404404413696e+18, 1.7834404404413696e+18, 1.7834404406059187e+18], 'frequencies': [2412, 2412, 2412, 2437]}
0 0 0 0 3 3 2 2 1783440442337252447
{'names': ['NU-AP06165', 'NU-AP06167', 'NU-AP06163', 'NU-AP06164'], 'addresses': ['48:00:b3:5e:17:c0', '48:00:b3:5e:0b:e0', '48:00:b3:5f:46:a0', '48:00:b3:5f:72:e1'], 'ssids': ['iotroam', 'iotroam', 'iotroam', 'eduroam'], 'signals': [-71, -61, -50, -54], 'timestamps': [1.7834404404539187e+18, 1.7834404404413696e+18, 1.7834404404413696e+18, 1.7834404406059187e+18], 'frequencies': [2412, 2412, 2412, 2437]}
0 0 0 0 3 3 2 2 1783440442445829578
{'names': ['NU-AP06165', 'NU-AP06167', 'NU-AP06163', 'NU-AP06164', 'NU-AP06163'], 'addresses': ['48:00:b3:5e:17:c0', '48:00:b3:5e:0b:e0', '48:00:b3:5f:46:a0', '48:00:b3:5f:72:e1', '48:00:b3:5f:46:af'], 'ssids': ['iotroam', 'iotroam', 'iotroam', 'eduroam', 'iotroam'], 'signals': [-71, -61, -50, -54, -67], 'timestamps': [1.7834404404539187e+18, 1.7834404404413696e+18, 1.7834404404413696e+18, 1.7834404406059187e+18, 1.7834404423588296e+18], 'frequencies': [2412, 2412, 2412, 2437, 5500]}
0 0 0 0 2 2 1 1 1783440442523626530
{'names': ['NU-AP06165', 'NU-AP06167', 'NU-AP06163', 'NU-AP06164', 'NU-AP06163'], 'addresses': ['48:00:b3:5e:17:c0', '48:00:b3:5e:0b:e0', '48:00:b3:5f:46:a0', '48:00:b3:5f:72:e1', '48:00:b3:5f:46:af'], 'ssids': ['iotroam', 'iotroam', 'iotroam', 'eduroam', 'iotroam'], 'signals': [-71, -61, -50, -54, -67], 'timestamps': [1.7834404404539187e+18, 1.7834404404413696e+18, 1.7834404404413696e+18, 1.7834404406059187e+18, 1.7834404423588296e+18], 'frequencies': [2412, 2412, 2412, 2437, 5500]}
0 0 0 0 3 3 2 2 1783440442603640529
{'names': ['NU-AP06165', 'NU-AP06167', 'NU-AP06163', 'NU-AP06164', 'NU-AP06163', 'NU-AP06164'], 'addresses': ['48:00:b3:5e:17:c0', '48:00:b3:5e:0b:e0', '48:00:b3:5f:46:a0', '48:00:b3:5f:72:e1', '48:00:b3:5f:46:af', '48:00:b3:5f:72:ee'], 'ssids': ['iotroam', 'iotroam', 'iotroam', 'eduroam', 'iotroam', 'eduroam'], 'signals': [-71, -61, -50, -54, -67, -62], 'timestamps': [1.7834404404539187e+18, 1.7834404404413696e+18, 1.7834404404413696e+18, 1.7834404406059187e+18, 1.7834404423596406e+18, 1.7834404425586406e+18], 'frequencies': [2412, 2412, 2412, 2437, 5500, 5540]}
0 0 0 0 1 1 0 0 1783440442682029495
{'names': ['NU-AP06165', 'NU-AP06167', 'NU-AP06163', 'NU-AP06164', 'NU-AP06163', 'NU-AP06164'], 'addresses': ['48:00:b3:5e:17:c0', '48:00:b3:5e:0b:e0', '48:00:b3:5f:46:a0', '48:00:b3:5f:72:e1', '48:00:b3:5f:46:af', '48:00:b3:5f:72:ee'], 'ssids': ['iotroam', 'iotroam', 'iotroam', 'eduroam', 'iotroam', 'eduroam'], 'signals': [-71, -61, -50, -54, -67, -62], 'timestamps': [1.7834404404539187e+18, 1.7834404404413696e+18, 1.7834404404413696e+18, 1.7834404406059187e+18, 1.7834404423596406e+18, 1.7834404425586406e+18], 'frequencies': [2412, 2412, 2412, 2437, 5500, 5540]}
0 0 0 0 1 1 0 0 1783440442761135964
{'names': ['NU-AP06165', 'NU-AP06167', 'NU-AP06163', 'NU-AP06164', 'NU-AP06163', 'NU-AP06164'], 'addresses': ['48:00:b3:5e:17:c0', '48:00:b3:5e:0b:e0', '48:00:b3:5f:46:a0', '48:00:b3:5f:72:e1', '48:00:b3:5f:46:af', '48:00:b3:5f:72:ee'], 'ssids': ['iotroam', 'iotroam', 'iotroam', 'eduroam', 'iotroam', 'eduroam'], 'signals': [-71, -61, -50, -54, -67, -62], 'timestamps': [1.7834404404539187e+18, 1.7834404404413696e+18, 1.7834404404413696e+18, 1.7834404406059187e+18, 1.7834404423596406e+18, 1.7834404425586406e+18], 'frequencies': [2412, 2412, 2412, 2437, 5500, 5540]}
0 0 0 0 1 1 0 0 1783440442840393885
{'names': ['NU-AP06165', 'NU-AP06167', 'NU-AP06163', 'NU-AP06164', 'NU-AP06163', 'NU-AP06164'], 'addresses': ['48:00:b3:5e:17:c0', '48:00:b3:5e:0b:e0', '48:00:b3:5f:46:a0', '48:00:b3:5f:72:e1', '48:00:b3:5f:46:af', '48:00:b3:5f:72:ee'], 'ssids': ['iotroam', 'iotroam', 'iotroam', 'eduroam', 'iotroam', 'eduroam'], 'signals': [-71, -61, -50, -54, -67, -62], 'timestamps': [1.7834404404539187e+18, 1.7834404404413696e+18, 1.7834404404413696e+18, 1.7834404406059187e+18, 1.7834404423596406e+18, 1.7834404425586406e+18], 'frequencies': [2412, 2412, 2412, 2437, 5500, 5540]}
0 0 0 0 1 1 0 0 1783440442920404481
{'names': ['NU-AP06165', 'NU-AP06167', 'NU-AP06163', 'NU-AP06164', 'NU-AP06163', 'NU-AP06164'], 'addresses': ['48:00:b3:5e:17:c0', '48:00:b3:5e:0b:e0', '48:00:b3:5f:46:a0', '48:00:b3:5f:72:e1', '48:00:b3:5f:46:af', '48:00:b3:5f:72:ee'], 'ssids': ['iotroam', 'iotroam', 'iotroam', 'eduroam', 'iotroam', 'eduroam'], 'signals': [-71, -61, -50, -54, -67, -62], 'timestamps': [1.7834404404539187e+18, 1.7834404404413696e+18, 1.7834404404413696e+18, 1.7834404406059187e+18, 1.7834404423596406e+18, 1.7834404425586406e+18], 'frequencies': [2412, 2412, 2412, 2437, 5500, 5540]}
0 0 0 0 1 1 0 0 1783440443000168181
{'names': ['NU-AP06165', 'NU-AP06167', 'NU-AP06163', 'NU-AP06164', 'NU-AP06163', 'NU-AP06164'], 'addresses': ['48:00:b3:5e:17:c0', '48:00:b3:5e:0b:e0', '48:00:b3:5f:46:a0', '48:00:b3:5f:72:e1', '48:00:b3:5f:46:af', '48:00:b3:5f:72:ee'], 'ssids': ['iotroam', 'iotroam', 'iotroam', 'eduroam', 'iotroam', 'eduroam'], 'signals': [-71, -61, -50, -54, -67, -62], 'timestamps': [1.7834404404539187e+18, 1.7834404404413696e+18, 1.7834404404413696e+18, 1.7834404406059187e+18, 1.7834404423596406e+18, 1.7834404425586406e+18], 'frequencies': [2412, 2412, 2412, 2437, 5500, 5540]}
0 0 0 0 1 1 0 0 1783440443081161511
{'names': ['NU-AP06165', 'NU-AP06167', 'NU-AP06163', 'NU-AP06164', 'NU-AP06163', 'NU-AP06164'], 'addresses': ['48:00:b3:5e:17:c0', '48:00:b3:5e:0b:e0', '48:00:b3:5f:46:a0', '48:00:b3:5f:72:e1', '48:00:b3:5f:46:af', '48:00:b3:5f:72:ee'], 'ssids': ['iotroam', 'iotroam', 'iotroam', 'eduroam', 'iotroam', 'eduroam'], 'signals': [-71, -61, -50, -54, -67, -62], 'timestamps': [1.7834404404539187e+18, 1.7834404404413696e+18, 1.7834404404413696e+18, 1.7834404406059187e+18, 1.7834404423596406e+18, 1.7834404425586406e+18], 'frequencies': [2412, 2412, 2412, 2437, 5500, 5540]}
0 0 0 0 1 1 0 0 1783440443159932390
{'names': ['NU-AP06165', 'NU-AP06167', 'NU-AP06163', 'NU-AP06164', 'NU-AP06163', 'NU-AP06164'], 'addresses': ['48:00:b3:5e:17:c0', '48:00:b3:5e:0b:e0', '48:00:b3:5f:46:a0', '48:00:b3:5f:72:e1', '48:00:b3:5f:46:af', '48:00:b3:5f:72:ee'], 'ssids': ['iotroam', 'iotroam', 'iotroam', 'eduroam', 'iotroam', 'eduroam'], 'signals': [-71, -61, -50, -54, -67, -62], 'timestamps': [1.7834404404539187e+18, 1.7834404404413696e+18, 1.7834404404413696e+18, 1.7834404406059187e+18, 1.7834404423596406e+18, 1.7834404425586406e+18], 'frequencies': [2412, 2412, 2412, 2437, 5500, 5540]}
0 0 0 0 1 1 0 0 1783440443238908687
{'names': ['NU-AP06165', 'NU-AP06167', 'NU-AP06163', 'NU-AP06164', 'NU-AP06163', 'NU-AP06164'], 'addresses': ['48:00:b3:5e:17:c0', '48:00:b3:5e:0b:e0', '48:00:b3:5f:46:a0', '48:00:b3:5f:72:e1', '48:00:b3:5f:46:af', '48:00:b3:5f:72:ee'], 'ssids': ['iotroam', 'iotroam', 'iotroam', 'eduroam', 'iotroam', 'eduroam'], 'signals': [-71, -61, -50, -54, -67, -62], 'timestamps': [1.7834404404539187e+18, 1.7834404404413696e+18, 1.7834404404413696e+18, 1.7834404406059187e+18, 1.7834404423596406e+18, 1.7834404425586406e+18], 'frequencies': [2412, 2412, 2412, 2437, 5500, 5540]}
0 0 0 0 1 1 0 0 1783440443316160145
{'names': ['NU-AP06165', 'NU-AP06167', 'NU-AP06163', 'NU-AP06164', 'NU-AP06163', 'NU-AP06164', 'NU-AP06167'], 'addresses': ['48:00:b3:5e:17:c0', '48:00:b3:5e:0b:e0', '48:00:b3:5f:46:a0', '48:00:b3:5f:72:e1', '48:00:b3:5f:46:af', '48:00:b3:5f:72:ee', '48:00:b3:5e:0b:ef'], 'ssids': ['iotroam', 'iotroam', 'iotroam', 'eduroam', 'iotroam', 'eduroam', 'iotroam'], 'signals': [-71, -61, -50, -54, -67, -62, -74], 'timestamps': [1.7834404404539187e+18, 1.7834404404413696e+18, 1.7834404404413696e+18, 1.7834404406059187e+18, 1.7834404423596406e+18, 1.7834404425586406e+18, 1.7834404432811602e+18], 'frequencies': [2412, 2412, 2412, 2437, 5500, 5540, 5660]}
0 0 0 0 1 1 0 0 1783440443614258213
{'names': ['NU-AP06165', 'NU-AP06167', 'NU-AP06163', 'NU-AP06164', 'NU-AP06163', 'NU-AP06164', 'NU-AP06167'], 'addresses': ['48:00:b3:5e:17:c0', '48:00:b3:5e:0b:e0', '48:00:b3:5f:46:a0', '48:00:b3:5f:72:e1', '48:00:b3:5f:46:af', '48:00:b3:5f:72:ee', '48:00:b3:5e:0b:ef'], 'ssids': ['iotroam', 'iotroam', 'iotroam', 'eduroam', 'iotroam', 'eduroam', 'iotroam'], 'signals': [-71, -61, -50, -54, -67, -62, -74], 'timestamps': [1.7834404404539187e+18, 1.7834404404413696e+18, 1.7834404404413696e+18, 1.7834404406059187e+18, 1.7834404423596406e+18, 1.7834404425586406e+18, 1.7834404432812582e+18], 'frequencies': [2412, 2412, 2412, 2437, 5500, 5540, 5660]}
0 0 0 0 1 1 0 0 1783440444133286017
{'names': ['NU-AP06165', 'NU-AP06167', 'NU-AP06163', 'NU-AP06164', 'NU-AP06163', 'NU-AP06164', 'NU-AP06167'], 'addresses': ['48:00:b3:5e:17:c0', '48:00:b3:5e:0b:e0', '48:00:b3:5f:46:a0', '48:00:b3:5f:72:e1', '48:00:b3:5f:46:af', '48:00:b3:5f:72:ee', '48:00:b3:5e:0b:ef'], 'ssids': ['iotroam', 'iotroam', 'iotroam', 'eduroam', 'iotroam', 'eduroam', 'iotroam'], 'signals': [-71, -61, -50, -54, -67, -62, -74], 'timestamps': [1.7834404404539187e+18, 1.7834404404413696e+18, 1.7834404404413696e+18, 1.7834404406059187e+18, 1.7834404423596406e+18, 1.7834404425586406e+18, 1.7834404432812861e+18], 'frequencies': [2412, 2412, 2412, 2437, 5500, 5540, 5660]}
2 2 1 1 0 0 0 0 1783440444580212211
{'names': ['NU-AP06165', 'NU-AP06167', 'NU-AP06163', 'NU-AP06164', 'NU-AP06163', 'NU-AP06164', 'NU-AP06167'], 'addresses': ['48:00:b3:5e:17:c0', '48:00:b3:5e:0b:e0', '48:00:b3:5f:46:a0', '48:00:b3:5f:72:e1', '48:00:b3:5f:46:af', '48:00:b3:5f:72:ee', '48:00:b3:5e:0b:ef'], 'ssids': ['iotroam', 'iotroam', 'iotroam', 'eduroam', 'iotroam', 'eduroam', 'iotroam'], 'signals': [-71, -61, -50, -54, -67, -62, -74], 'timestamps': [1.783440444574212e+18, 1.783440444574212e+18, 1.7834404404413696e+18, 1.7834404406059187e+18, 1.7834404423596406e+18, 1.7834404425586406e+18, 1.7834404432812861e+18], 'frequencies': [2412, 2412, 2412, 2437, 5500, 5540, 5660]}
2 2 1 1 0 0 0 0 1783440444649523319
{'names': ['NU-AP06165', 'NU-AP06167', 'NU-AP06163', 'NU-AP06164', 'NU-AP06163', 'NU-AP06164', 'NU-AP06167'], 'addresses': ['48:00:b3:5e:17:c0', '48:00:b3:5e:0b:e0', '48:00:b3:5f:46:a0', '48:00:b3:5f:72:e1', '48:00:b3:5f:46:af', '48:00:b3:5f:72:ee', '48:00:b3:5e:0b:ef'], 'ssids': ['iotroam', 'iotroam', 'iotroam', 'eduroam', 'iotroam', 'eduroam', 'iotroam'], 'signals': [-71, -61, -50, -54, -67, -62, -74], 'timestamps': [1.7834404445745231e+18, 1.7834404445745231e+18, 1.7834404404413696e+18, 1.7834404406059187e+18, 1.7834404423596406e+18, 1.7834404425586406e+18, 1.7834404432812861e+18], 'frequencies': [2412, 2412, 2412, 2437, 5500, 5540, 5660]}
3 3 2 2 3 3 2 2 1783440444795961877
{'names': ['NU-AP06165', 'NU-AP06167', 'NU-AP06163', 'NU-AP06164', 'NU-AP06163', 'NU-AP06164', 'NU-AP06167'], 'addresses': ['48:00:b3:5e:17:c0', '48:00:b3:5e:0b:e0', '48:00:b3:5f:46:a0', '48:00:b3:5f:72:e0', '48:00:b3:5f:46:af', '48:00:b3:5f:72:ee', '48:00:b3:5e:0b:ef'], 'ssids': ['iotroam', 'iotroam', 'iotroam', 'iotroam', 'iotroam', 'eduroam', 'iotroam'], 'signals': [-71, -61, -50, -54, -67, -62, -74], 'timestamps': [1.7834404445759619e+18, 1.7834404445759619e+18, 1.7834404404413696e+18, 1.783440444721962e+18, 1.7834404423599619e+18, 1.783440442558962e+18, 1.783440443281962e+18], 'frequencies': [2412, 2412, 2412, 2437, 5500, 5540, 5660]}
4 4 3 3 3 3 2 2 1783440446064375587
{'names': ['NU-AP06165', 'NU-AP06167', 'NU-AP06163', 'NU-AP06164', 'NU-AP06163', 'NU-AP06164', 'NU-AP06167'], 'addresses': ['48:00:b3:5e:17:c0', '48:00:b3:5e:0b:e0', '48:00:b3:5f:46:a0', '48:00:b3:5f:72:e0', '48:00:b3:5f:46:af', '48:00:b3:5f:72:ee', '48:00:b3:5e:0b:ef'], 'ssids': ['iotroam', 'iotroam', 'iotroam', 'iotroam', 'iotroam', 'eduroam', 'iotroam'], 'signals': [-71, -61, -50, -54, -67, -62, -74], 'timestamps': [1.7834404445763756e+18, 1.7834404445763756e+18, 1.7834404404413755e+18, 1.7834404447223757e+18, 1.7834404423603756e+18, 1.7834404425603756e+18, 1.7834404432823757e+18], 'frequencies': [2412, 2412, 2412, 2437, 5500, 5540, 5660]}
