3 3 2 2 1 1 1 1 1783440529168791906
{'names': ['NU-AP06165', 'NU-AP06167', 'NU-AP06163'], 'addresses': ['48:00:b3:5e:17:c0', '48:00:b3:5e:0b:e0', '48:00:b3:5f:46:a0'], 'ssids': ['iotroam', 'iotroam', 'iotroam'], 'signals': [-71, -60, -49], 'timestamps': [1.7834405291597919e+18, 1.7834405291597919e+18, 1.7834405291597919e+18], 'frequencies': [2412, 2412, 2412]}
3 3 2 2 1 1 1 1 1783440529221797185
{'names': ['NU-AP06165', 'NU-AP06167', 'NU-AP06163'], 'addresses': ['48:00:b3:5e:17:c0', '48:00:b3:5e:0b:e0', '48:00:b3:5f:46:a0'], 'ssids': ['iotroam', 'iotroam', 'iotroam'], 'signals': [-71, -60, -49], 'timestamps': [1.7834405291597972e+18, 1.7834405291597972e+18, 1.7834405291597972e+18], 'frequencies': [2412, 2412, 2412]}
0 0 0 0 1 1 1 1 1783440529274174117
{'names': ['NU-AP06165', 'NU-AP06167', 'NU-AP06163'], 'addresses': ['48:00:b3:5e:17:c0', '48:00:b3:5e:0b:e0', '48:00:b3:5f:46:a0'], 'ssids': ['iotroam', 'iotroam', 'iotroam'], 'signals': [-71, -60, -49], 'timestamps': [1.7834405291597972e+18, 1.7834405291597972e+18, 1.7834405291597972e+18], 'frequencies': [2412, 2412, 2412]}
4 4 3 3 1 1 1 1 1783440529324145409
{'names': ['NU-AP06165', 'NU-AP06167', 'NU-AP06163', 'NU-AP06164'], 'addresses': ['48:00:b3:5e:17:c0', '48:00:b3:5e:0b:e0', '48:00:b3:5f:46:a0', '48:00:b3:5f:72:e0'], 'ssids': ['iotroam', 'iotroam', 'iotroam', 'iotroam'], 'signals': [-71, -60, -49, -54], 'timestamps': [1.7834405291601454e+18, 1.7834405291601454e+18, 1.7834405291601454e+18, 1.7834405293101455e+18], 'frequencies': [2412, 2412, 2412, 2437]}
0 0 0 0 1 1 1 1 1783440529376125961
{'names': ['NU-AP06165', 'NU-AP06167', 'NU-AP06163', 'NU-AP06164'], 'addresses': ['48:00:b3:5e:17:c0', '48:00:b3:5e:0b:e0', '48:00:b3:5f:46:a0', '48:00:b3:5f:72:e0'], 'ssids': ['iotroam', 'iotroam', 'iotroam', 'iotroam'], 'signals': [-71, -60, -49, -54], 'timestamps': [1.7834405291601454e+18, 1.7834405291601454e+18, 1.7834405291601454e+18, 1.7834405293101455e+18], 'frequencies': [2412, 2412, 2412, 2437]}
4 4 3 3 1 1 1 1 1783440529428149505
{'names': ['NU-AP06165', 'NU-AP06167', 'NU-AP06163', 'NU-AP06164'], 'addresses': ['48:00:b3:5e:17:c0', '48:00:b3:5e:0b:e0', '48:00:b3:5f:46:a0', '48:00:b3:5f:72:e0'], 'ssids': ['iotroam', 'iotroam', 'iotroam', 'iotroam'], 'signals': [-71, -60, -49, -54], 'timestamps': [1.7834405291601495e+18, 1.7834405291601495e+18, 1.7834405291601495e+18, 1.7834405293101496e+18], 'frequencies': [2412, 2412, 2412, 2437]}
0 0 0 0 1 1 1 1 1783440529480691726
{'names': ['NU-AP06165', 'NU-AP06167', 'NU-AP06163', 'NU-AP06164'], 'addresses': ['48:00:b3:5e:17:c0', '48:00:b3:5e:0b:e0', '48:00:b3:5f:46:a0', '48:00:b3:5f:72:e0'], 'ssids': ['iotroam', 'iotroam', 'iotroam', 'iotroam'], 'signals': [-71, -60, -49, -54], 'timestamps': [1.7834405291601495e+18, 1.7834405291601495e+18, 1.7834405291601495e+18, 1.7834405293101496e+18], 'frequencies': [2412, 2412, 2412, 2437]}
0 0 0 0 1 1 1 1 1783440529532573363
{'names': ['NU-AP06165', 'NU-AP06167', 'NU-AP06163', 'NU-AP06164'], 'addresses': ['48:00:b3:5e:17:c0', '48:00:b3:5e:0b:e0', '48:00:b3:5f:46:a0', '48:00:b3:5f:72:e0'], 'ssids': ['iotroam', 'iotroam', 'iotroam', 'iotroam'], 'signals': [-71, -60, -49, -54], 'timestamps': [1.7834405291601495e+18, 1.7834405291601495e+18, 1.7834405291601495e+18, 1.7834405293101496e+18], 'frequencies': [2412, 2412, 2412, 2437]}
0 0 0 0 1 1 1 1 1783440529585655491
{'names': ['NU-AP06165', 'NU-AP06167', 'NU-AP06163', 'NU-AP06164'], 'addresses': ['48:00:b3:5e:17:c0', '48:00:b3:5e:0b:e0', '48:00:b3:5f:46:a0', '48:00:b3:5f:72:e0'], 'ssids': ['iotroam', 'iotroam', 'iotroam', 'iotroam'], 'signals': [-71, -60, -49, -54], 'timestamps': [1.7834405291601495e+18, 1.7834405291601495e+18, 1.7834405291601495e+18, 1.7834405293101496e+18], 'frequencies': [2412, 2412, 2412, 2437]}
0 0 0 0 1 1 1 1 1783440529637949217
{'names': ['NU-AP06165', 'NU-AP06167', 'NU-AP06163', 'NU-AP06164'], 'addresses': ['48:00:b3:5e:17:c0', '48:00:b3:5e:0b:e0', '48:00:b3:5f:46:a0', '48:00:b3:5f:72:e0'], 'ssids': ['iotroam', 'iotroam', 'iotroam', 'iotroam'], 'signals': [-71, -60, -49, -54], 'timestamps': [1.7834405291601495e+18, 1.7834405291601495e+18, 1.7834405291601495e+18, 1.7834405293101496e+18], 'frequencies': [2412, 2412, 2412, 2437]}
0 0 0 0 1 1 1 1 1783440529691734950
{'names': ['NU-AP06165', 'NU-AP06167', 'NU-AP06163', 'NU-AP06164'], 'addresses': ['48:00:b3:5e:17:c0', '48:00:b3:5e:0b:e0', '48:00:b3:5f:46:a0', '48:00:b3:5f:72:e0'], 'ssids': ['iotroam', 'iotroam', 'iotroam', 'iotroam'], 'signals': [-71, -60, -49, -54], 'timestamps': [1.7834405291601495e+18, 1.7834405291601495e+18, 1.7834405291601495e+18, 1.7834405293101496e+18], 'frequencies': [2412, 2412, 2412, 2437]}
0 0 0 0 1 1 1 1 1783440529743129402
{'names': ['NU-AP06165', 'NU-AP06167', 'NU-AP06163', 'NU-AP06164'], 'addresses': ['48:00:b3:5e:17:c0', '48:00:b3:5e:0b:e0', '48:00:b3:5f:46:a0', '48:00:b3:5f:72:e0'], 'ssids': ['iotroam', 'iotroam', 'iotroam', 'iotroam'], 'signals': [-71, -60, -49, -54], 'timestamps': [1.7834405291601495e+18, 1.7834405291601495e+18, 1.7834405291601495e+18, 1.7834405293101496e+18], 'frequencies': [2412, 2412, 2412, 2437]}
0 0 0 0 1 1 1 1 1783440529796365837
{'names': ['NU-AP06165', 'NU-AP06167', 'NU-AP06163', 'NU-AP06164'], 'addresses': ['48:00:b3:5e:17:c0', '48:00:b3:5e:0b:e0', '48:00:b3:5f:46:a0', '48:00:b3:5f:72:e0'], 'ssids': ['iotroam', 'iotroam', 'iotroam', 'iotroam'], 'signals': [-71, -60, -49, -54], 'timestamps': [1.7834405291601495e+18, 1.7834405291601495e+18, 1.7834405291601495e+18, 1.7834405293101496e+18], 'frequencies': [2412, 2412, 2412, 2437]}
0 0 0 0 1 1 1 1 1783440529848314425
{'names': ['NU-AP06165', 'NU-AP06167', 'NU-AP06163', 'NU-AP06164'], 'addresses': ['48:00:b3:5e:17:c0', '48:00:b3:5e:0b:e0', '48:00:b3:5f:46:a0', '48:00:b3:5f:72:e0'], 'ssids': ['iotroam', 'iotroam', 'iotroam', 'iotroam'], 'signals': [-71, -60, -49, -54], 'timestamps': [1.7834405291601495e+18, 1.7834405291601495e+18, 1.7834405291601495e+18, 1.7834405293101496e+18], 'frequencies': [2412, 2412, 2412, 2437]}
0 0 0 0 1 1 1 1 1783440529900789783
{'names': ['NU-AP06165', 'NU-AP06167', 'NU-AP06163', 'NU-AP06164'], 'addresses': ['48:00:b3:5e:17:c0', '48:00:b3:5e:0b:e0', '48:00:b3:5f:46:a0', '48:00:b3:5f:72:e0'], 'ssids': ['iotroam', 'iotroam', 'iotroam', 'iotroam'], 'signals': [-71, -60, -49, -54], 'timestamps': [1.7834405291601495e+18, 1.7834405291601495e+18, 1.7834405291601495e+18, 1.7834405293101496e+18], 'frequencies': [2412, 2412, 2412, 2437]}
0 0 0 0 1 1 1 1 1783440529954051733
{'names': ['NU-AP06165', 'NU-AP06167', 'NU-AP06163', 'NU-AP06164'], 'addresses': ['48:00:b3:5e:17:c0', '48:00:b3:5e:0b:e0', '48:00:b3:5f:46:a0', '48:00:b3:5f:72:e0'], 'ssids': ['iotroam', 'iotroam', 'iotroam', 'iotroam'], 'signals': [-71, -60, -49, -54], 'timestamps': [1.7834405291601495e+18, 1.7834405291601495e+18, 1.7834405291601495e+18, 1.7834405293101496e+18], 'frequencies': [2412, 2412, 2412, 2437]}
4 4 3 3 1 1 1 1 1783440530006641769
{'names': ['NU-AP06165', 'NU-AP06167', 'NU-AP06163', 'NU-AP06164'], 'addresses': ['48:00:b3:5e:17:c0', '48:00:b3:5e:0b:e0', '48:00:b3:5f:46:a0', '48:00:b3:5f:72:e0'], 'ssids': ['iotroam', 'iotroam', 'iotroam', 'iotroam'], 'signals': [-71, -60, -49, -54], 'timestamps': [1.7834405291606415e+18, 1.7834405291606415e+18, 1.7834405291606415e+18, 1.7834405293106417e+18], 'frequencies': [2412, 2412, 2412, 2437]}
0 0 0 0 1 1 1 1 1783440530058611291
{'names': ['NU-AP06165', 'NU-AP06167', 'NU-AP06163', 'NU-AP06164'], 'addresses': ['48:00:b3:5e:17:c0', '48:00:b3:5e:0b:e0', '48:00:b3:5f:46:a0', '48:00:b3:5f:72:e0'], 'ssids': ['iotroam', 'iotroam', 'iotroam', 'iotroam'], 'signals': [-71, -60, -49, -54], 'timestamps': [1.7834405291606415e+18, 1.7834405291606415e+18, 1.7834405291606415e+18, 1.7834405293106417e+18], 'frequencies': [2412, 2412, 2412, 2437]}
0 0 0 0 1 1 1 1 1783440530109816179
{'names': ['NU-AP06165', 'NU-AP06167', 'NU-AP06163', 'NU-AP06164'], 'addresses': ['48:00:b3:5e:17:c0', '48:00:b3:5e:0b:e0', '48:00:b3:5f:46:a0', '48:00:b3:5f:72:e0'], 'ssids': ['iotroam', 'iotroam', 'iotroam', 'iotroam'], 'signals': [-71, -60, -49, -54], 'timestamps': [1.7834405291606415e+18, 1.7834405291606415e+18, 1.7834405291606415e+18, 1.7834405293106417e+18], 'frequencies': [2412, 2412, 2412, 2437]}
0 0 0 0 1 1 1 1 1783440530161479502
{'names': ['NU-AP06165', 'NU-AP06167', 'NU-AP06163', 'NU-AP06164'], 'addresses': ['48:00:b3:5e:17:c0', '48:00:b3:5e:0b:e0', '48:00:b3:5f:46:a0', '48:00:b3:5f:72:e0'], 'ssids': ['iotroam', 'iotroam', 'iotroam', 'iotroam'], 'signals': [-71, -60, -49, -54], 'timestamps': [1.7834405291606415e+18, 1.7834405291606415e+18, 1.7834405291606415e+18, 1.7834405293106417e+18], 'frequencies': [2412, 2412, 2412, 2437]}
0 0 0 0 1 1 1 1 1783440530215358451
{'names': ['NU-AP06165', 'NU-AP06167', 'NU-AP06163', 'NU-AP06164'], 'addresses': ['48:00:b3:5e:17:c0', '48:00:b3:5e:0b:e0', '48:00:b3:5f:46:a0', '48:00:b3:5f:72:e0'], 'ssids': ['iotroam', 'iotroam', 'iotroam', 'iotroam'], 'signals': [-71, -60, -49, -54], 'timestamps': [1.7834405291606415e+18, 1.7834405291606415e+18, 1.7834405291606415e+18, 1.7834405293106417e+18], 'frequencies': [2412, 2412, 2412, 2437]}
0 0 0 0 1 1 1 1 1783440530268138618
{'names': ['NU-AP06165', 'NU-AP06167', 'NU-AP06163', 'NU-AP06164'], 'addresses': ['48:00:b3:5e:17:c0', '48:00:b3:5e:0b:e0', '48:00:b3:5f:46:a0', '48:00:b3:5f:72:e0'], 'ssids': ['iotroam', 'iotroam', 'iotroam', 'iotroam'], 'signals': [-71, -60, -49, -54], 'timestamps': [1.7834405291606415e+18, 1.7834405291606415e+18, 1.7834405291606415e+18, 1.7834405293106417e+18], 'frequencies': [2412, 2412, 2412, 2437]}
0 0 0 0 1 1 1 1 1783440530322326431
{'names': ['NU-AP06165', 'NU-AP06167', 'NU-AP06163', 'NU-AP06164'], 'addresses': ['48:00:b3:5e:17:c0', '48:00:b3:5e:0b:e0', '48:00:b3:5f:46:a0', '48:00:b3:5f:72:e0'], 'ssids': ['iotroam', 'iotroam', 'iotroam', 'iotroam'], 'signals': [-71, -60, -49, -54], 'timestamps': [1.7834405291606415e+18, 1.7834405291606415e+18, 1.7834405291606415e+18, 1.7834405293106417e+18], 'frequencies': [2412, 2412, 2412, 2437]}
0 0 0 0 1 1 1 1 1783440530374409263
{'names': ['NU-AP06165', 'NU-AP06167', 'NU-AP06163', 'NU-AP06164'], 'addresses': ['48:00:b3:5e:17:c0', '48:00:b3:5e:0b:e0', '48:00:b3:5f:46:a0', '48:00:b3:5f:72:e0'], 'ssids': ['iotroam', 'iotroam', 'iotroam', 'iotroam'], 'signals': [-71, -60, -49, -54], 'timestamps': [1.7834405291606415e+18, 1.7834405291606415e+18, 1.7834405291606415e+18, 1.7834405293106417e+18], 'frequencies': [2412, 2412, 2412, 2437]}
0 0 0 0 1 1 1 1 1783440530427565393
{'names': ['NU-AP06165', 'NU-AP06167', 'NU-AP06163', 'NU-AP06164'], 'addresses': ['48:00:b3:5e:17:c0', '48:00:b3:5e:0b:e0', '48:00:b3:5f:46:a0', '48:00:b3:5f:72:e0'], 'ssids': ['iotroam', 'iotroam', 'iotroam', 'iotroam'], 'signals': [-71, -60, -49, -54], 'timestamps': [1.7834405291606415e+18, 1.7834405291606415e+18, 1.7834405291606415e+18, 1.7834405293106417e+18], 'frequencies': [2412, 2412, 2412, 2437]}
0 0 0 0 1 1 1 1 1783440530479943728
{'names': ['NU-AP06165', 'NU-AP06167', 'NU-AP06163', 'NU-AP06164'], 'addresses': ['48:00:b3:5e:17:c0', '48:00:b3:5e:0b:e0', '48:00:b3:5f:46:a0', '48:00:b3:5f:72:e0'], 'ssids': ['iotroam', 'iotroam', 'iotroam', 'iotroam'], 'signals': [-71, -60, -49, -54], 'timestamps': [1.7834405291606415e+18, 1.7834405291606415e+18, 1.7834405291606415e+18, 1.7834405293106417e+18], 'frequencies': [2412, 2412, 2412, 2437]}
0 0 0 0 1 1 1 1 1783440530533269976
{'names': ['NU-AP06165', 'NU-AP06167', 'NU-AP06163', 'NU-AP06164'], 'addresses': ['48:00:b3:5e:17:c0', '48:00:b3:5e:0b:e0', '48:00:b3:5f:46:a0', '48:00:b3:5f:72:e0'], 'ssids': ['iotroam', 'iotroam', 'iotroam', 'iotroam'], 'signals': [-71, -60, -49, -54], 'timestamps': [1.7834405291606415e+18, 1.7834405291606415e+18, 1.7834405291606415e+18, 1.7834405293106417e+18], 'frequencies': [2412, 2412, 2412, 2437]}
0 0 0 0 1 1 1 1 1783440530585938335
{'names': ['NU-AP06165', 'NU-AP06167', 'NU-AP06163', 'NU-AP06164'], 'addresses': ['48:00:b3:5e:17:c0', '48:00:b3:5e:0b:e0', '48:00:b3:5f:46:a0', '48:00:b3:5f:72:e0'], 'ssids': ['iotroam', 'iotroam', 'iotroam', 'iotroam'], 'signals': [-71, -60, -49, -54], 'timestamps': [1.7834405291606415e+18, 1.7834405291606415e+18, 1.7834405291606415e+18, 1.7834405293106417e+18], 'frequencies': [2412, 2412, 2412, 2437]}
0 0 0 0 1 1 1 1 1783440530638709244
{'names': ['NU-AP06165', 'NU-AP06167', 'NU-AP06163', 'NU-AP06164'], 'addresses': ['48:00:b3:5e:17:c0', '48:00:b3:5e:0b:e0', '48:00:b3:5f:46:a0', '48:00:b3:5f:72:e0'], 'ssids': ['iotroam', 'iotroam', 'iotroam', 'iotroam'], 'signals': [-71, -60, -49, -54], 'timestamps': [1.7834405291606415e+18, 1.7834405291606415e+18, 1.7834405291606415e+18, 1.7834405293106417e+18], 'frequencies': [2412, 2412, 2412, 2437]}
0 0 0 0 1 1 1 1 1783440530690208801
{'names': ['NU-AP06165', 'NU-AP06167', 'NU-AP06163', 'NU-AP06164'], 'addresses': ['48:00:b3:5e:17:c0', '48:00:b3:5e:0b:e0', '48:00:b3:5f:46:a0', '48:00:b3:5f:72:e0'], 'ssids': ['iotroam', 'iotroam', 'iotroam', 'iotroam'], 'signals': [-71, -60, -49, -54], 'timestamps': [1.7834405291606415e+18, 1.7834405291606415e+18, 1.7834405291606415e+18, 1.7834405293106417e+18], 'frequencies': [2412, 2412, 2412, 2437]}
0 0 0 0 1 1 1 1 1783440530742010117
{'names': ['NU-AP06165', 'NU-AP06167', 'NU-AP06163', 'NU-AP06164'], 'addresses': ['48:00:b3:5e:17:c0', '48:00:b3:5e:0b:e0', '48:00:b3:5f:46:a0', '48:00:b3:5f:72:e0'], 'ssids': ['iotroam', 'iotroam', 'iotroam', 'iotroam'], 'signals': [-71, -60, -49, -54], 'timestamps': [1.7834405291606415e+18, 1.7834405291606415e+18, 1.7834405291606415e+18, 1.7834405293106417e+18], 'frequencies': [2412, 2412, 2412, 2437]}
0 0 0 0 1 1 1 1 1783440530794015478
{'names': ['NU-AP06165', 'NU-AP06167', 'NU-AP06163', 'NU-AP06164'], 'addresses': ['48:00:b3:5e:17:c0', '48:00:b3:5e:0b:e0', '48:00:b3:5f:46:a0', '48:00:b3:5f:72:e0'], 'ssids': ['iotroam', 'iotroam', 'iotroam', 'iotroam'], 'signals': [-71, -60, -49, -54], 'timestamps': [1.7834405291606415e+18, 1.7834405291606415e+18, 1.7834405291606415e+18, 1.7834405293106417e+18], 'frequencies': [2412, 2412, 2412, 2437]}
0 0 0 0 1 1 1 1 1783440530848180810
{'names': ['NU-AP06165', 'NU-AP06167', 'NU-AP06163', 'NU-AP06164'], 'addresses': ['48:00:b3:5e:17:c0', '48:00:b3:5e:0b:e0', '48:00:b3:5f:46:a0', '48:00:b3:5f:72:e0'], 'ssids': ['iotroam', 'iotroam', 'iotroam', 'iotroam'], 'signals': [-71, -60, -49, -54], 'timestamps': [1.7834405291606415e+18, 1.7834405291606415e+18, 1.7834405291606415e+18, 1.7834405293106417e+18], 'frequencies': [2412, 2412, 2412, 2437]}
0 0 0 0 1 1 1 1 1783440530901503821
{'names': ['NU-AP06165', 'NU-AP06167', 'NU-AP06163', 'NU-AP06164'], 'addresses': ['48:00:b3:5e:17:c0', '48:00:b3:5e:0b:e0', '48:00:b3:5f:46:a0', '48:00:b3:5f:72:e0'], 'ssids': ['iotroam', 'iotroam', 'iotroam', 'iotroam'], 'signals': [-71, -60, -49, -54], 'timestamps': [1.7834405291606415e+18, 1.7834405291606415e+18, 1.7834405291606415e+18, 1.7834405293106417e+18], 'frequencies': [2412, 2412, 2412, 2437]}
0 0 0 0 1 1 1 1 1783440530956216829
{'names': ['NU-AP06165', 'NU-AP06167', 'NU-AP06163', 'NU-AP06164'], 'addresses': ['48:00:b3:5e:17:c0', '48:00:b3:5e:0b:e0', '48:00:b3:5f:46:a0', '48:00:b3:5f:72:e0'], 'ssids': ['iotroam', 'iotroam', 'iotroam', 'iotroam'], 'signals': [-71, -60, -49, -54], 'timestamps': [1.7834405291606415e+18, 1.7834405291606415e+18, 1.7834405291606415e+18, 1.7834405293106417e+18], 'frequencies': [2412, 2412, 2412, 2437]}
0 0 0 0 1 1 1 1 1783440531008826976
{'names': ['NU-AP06165', 'NU-AP06167', 'NU-AP06163', 'NU-AP06164'], 'addresses': ['48:00:b3:5e:17:c0', '48:00:b3:5e:0b:e0', '48:00:b3:5f:46:a0', '48:00:b3:5f:72:e0'], 'ssids': ['iotroam', 'iotroam', 'iotroam', 'iotroam'], 'signals': [-71, -60, -49, -54], 'timestamps': [1.7834405291606415e+18, 1.7834405291606415e+18, 1.7834405291606415e+18, 1.7834405293106417e+18], 'frequencies': [2412, 2412, 2412, 2437]}
0 0 0 0 1 1 1 1 1783440531061544659
{'names': ['NU-AP06165', 'NU-AP06167', 'NU-AP06163', 'NU-AP06164'], 'addresses': ['48:00:b3:5e:17:c0', '48:00:b3:5e:0b:e0', '48:00:b3:5f:46:a0', '48:00:b3:5f:72:e0'], 'ssids': ['iotroam', 'iotroam', 'iotroam', 'iotroam'], 'signals': [-71, -60, -49, -54], 'timestamps': [1.7834405291606415e+18, 1.7834405291606415e+18, 1.7834405291606415e+18, 1.7834405293106417e+18], 'frequencies': [2412, 2412, 2412, 2437]}
0 0 0 0 1 1 1 1 1783440531114210476
{'names': ['NU-AP06165', 'NU-AP06167', 'NU-AP06163', 'NU-AP06164'], 'addresses': ['48:00:b3:5e:17:c0', '48:00:b3:5e:0b:e0', '48:00:b3:5f:46:a0', '48:00:b3:5f:72:e0'], 'ssids': ['iotroam', 'iotroam', 'iotroam', 'iotroam'], 'signals': [-71, -60, -49, -54], 'timestamps': [1.7834405291606415e+18, 1.7834405291606415e+18, 1.7834405291606415e+18, 1.7834405293106417e+18], 'frequencies': [2412, 2412, 2412, 2437]}
0 0 0 0 1 1 1 1 1783440531166717849
{'names': ['NU-AP06165', 'NU-AP06167', 'NU-AP06163', 'NU-AP06164'], 'addresses': ['48:00:b3:5e:17:c0', '48:00:b3:5e:0b:e0', '48:00:b3:5f:46:a0', '48:00:b3:5f:72:e0'], 'ssids': ['iotroam', 'iotroam', 'iotroam', 'iotroam'], 'signals': [-71, -60, -49, -54], 'timestamps': [1.7834405291606415e+18, 1.7834405291606415e+18, 1.7834405291606415e+18, 1.7834405293106417e+18], 'frequencies': [2412, 2412, 2412, 2437]}
0 0 0 0 1 1 1 1 1783440531218814475
{'names': ['NU-AP06165', 'NU-AP06167', 'NU-AP06163', 'NU-AP06164'], 'addresses': ['48:00:b3:5e:17:c0', '48:00:b3:5e:0b:e0', '48:00:b3:5f:46:a0', '48:00:b3:5f:72:e0'], 'ssids': ['iotroam', 'iotroam', 'iotroam', 'iotroam'], 'signals': [-71, -60, -49, -54], 'timestamps': [1.7834405291606415e+18, 1.7834405291606415e+18, 1.7834405291606415e+18, 1.7834405293106417e+18], 'frequencies': [2412, 2412, 2412, 2437]}
0 0 0 0 2 2 2 2 1783440531274562312
{'names': ['NU-AP06165', 'NU-AP06167', 'NU-AP06163', 'NU-AP06164', 'NU-AP06163'], 'addresses': ['48:00:b3:5e:17:c0', '48:00:b3:5e:0b:e0', '48:00:b3:5f:46:a0', '48:00:b3:5f:72:e0', '48:00:b3:5f:46:af'], 'ssids': ['iotroam', 'iotroam', 'iotroam', 'iotroam', 'iotroam'], 'signals': [-71, -60, -49, -54, -65], 'timestamps': [1.7834405291606415e+18, 1.7834405291606415e+18, 1.7834405291606415e+18, 1.7834405293106417e+18, 1.7834405312415624e+18], 'frequencies': [2412, 2412, 2412, 2437, 5500]}
0 0 0 0 1 1 1 1 1783440531330983466
{'names': ['NU-AP06165', 'NU-AP06167', 'NU-AP06163', 'NU-AP06164', 'NU-AP06163'], 'addresses': ['48:00:b3:5e:17:c0', '48:00:b3:5e:0b:e0', '48:00:b3:5f:46:a0', '48:00:b3:5f:72:e0', '48:00:b3:5f:46:af'], 'ssids': ['iotroam', 'iotroam', 'iotroam', 'iotroam', 'iotroam'], 'signals': [-71, -60, -49, -54, -65], 'timestamps': [1.7834405291606415e+18, 1.7834405291606415e+18, 1.7834405291606415e+18, 1.7834405293106417e+18, 1.7834405312415624e+18], 'frequencies': [2412, 2412, 2412, 2437, 5500]}
0 0 0 0 1 1 1 1 1783440531388188495
{'names': ['NU-AP06165', 'NU-AP06167', 'NU-AP06163', 'NU-AP06164', 'NU-AP06163'], 'addresses': ['48:00:b3:5e:17:c0', '48:00:b3:5e:0b:e0', '48:00:b3:5f:46:a0', '48:00:b3:5f:72:e0', '48:00:b3:5f:46:af'], 'ssids': ['iotroam', 'iotroam', 'iotroam', 'iotroam', 'iotroam'], 'signals': [-71, -60, -49, -54, -65], 'timestamps': [1.7834405291606415e+18, 1.7834405291606415e+18, 1.7834405291606415e+18, 1.7834405293106417e+18, 1.7834405312415624e+18], 'frequencies': [2412, 2412, 2412, 2437, 5500]}
0 0 0 0 1 1 1 1 1783440531449027120
{'names': ['NU-AP06165', 'NU-AP06167', 'NU-AP06163', 'NU-AP06164', 'NU-AP06163', 'NU-AP06164'], 'addresses': ['48:00:b3:5e:17:c0', '48:00:b3:5e:0b:e0', '48:00:b3:5f:46:a0', '48:00:b3:5f:72:e0', '48:00:b3:5f:46:af', '48:00:b3:5f:72:ee'], 'ssids': ['iotroam', 'iotroam', 'iotroam', 'iotroam', 'iotroam', 'eduroam'], 'signals': [-71, -60, -49, -54, -65, -60], 'timestamps': [1.7834405291606415e+18, 1.7834405291606415e+18, 1.7834405291606415e+18, 1.7834405293106417e+18, 1.7834405312415624e+18, 1.783440531446027e+18], 'frequencies': [2412, 2412, 2412, 2437, 5500, 5540]}
0 0 0 0 1 1 1 1 1783440531624069145
{'names': ['NU-AP06165', 'NU-AP06167', 'NU-AP06163', 'NU-AP06164', 'NU-AP06163', 'NU-AP06164'], 'addresses': ['48:00:b3:5e:17:c0', '48:00:b3:5e:0b:e0', '48:00:b3:5f:46:a0', '48:00:b3:5f:72:e0', '48:00:b3:5f:46:af', '48:00:b3:5f:72:ee'], 'ssids': ['iotroam', 'iotroam', 'iotroam', 'iotroam', 'iotroam', 'eduroam'], 'signals': [-71, -60, -49, -54, -65, -60], 'timestamps': [1.7834405291606415e+18, 1.7834405291606415e+18, 1.7834405291606415e+18, 1.7834405293106417e+18, 1.7834405312415624e+18, 1.7834405314460692e+18], 'frequencies': [2412, 2412, 2412, 2437, 5500, 5540]}
0 0 0 0 2 2 2 2 1783440531681589627
{'names': ['NU-AP06165', 'NU-AP06167', 'NU-AP06163', 'NU-AP06164', 'NU-AP06163', 'NU-AP06164'], 'addresses': ['48:00:b3:5e:17:c0', '48:00:b3:5e:0b:e0', '48:00:b3:5f:46:a0', '48:00:b3:5f:72:e0', '48:00:b3:5f:46:af', '48:00:b3:5f:72:ee'], 'ssids': ['iotroam', 'iotroam', 'iotroam', 'iotroam', 'iotroam', 'eduroam'], 'signals': [-71, -60, -49, -54, -65, -60], 'timestamps': [1.7834405291606415e+18, 1.7834405291606415e+18, 1.7834405291606415e+18, 1.7834405293106417e+18, 1.7834405312415895e+18, 1.7834405314465894e+18], 'frequencies': [2412, 2412, 2412, 2437, 5500, 5540]}
4 4 3 3 3 2 2 2 1783440531738943527
{'names': ['NU-AP06165', 'NU-AP06167', 'NU-AP06163', 'NU-AP06164', 'NU-AP06163', 'NU-AP06164', 'NU-AP06165'], 'addresses': ['48:00:b3:5e:17:c0', '48:00:b3:5e:0b:e0', '48:00:b3:5f:46:a0', '48:00:b3:5f:72:e0', '48:00:b3:5f:46:af', '48:00:b3:5f:72:ee', '48:00:b3:5e:17:cf'], 'ssids': ['iotroam', 'iotroam', 'iotroam', 'iotroam', 'iotroam', 'eduroam', 'iotroam'], 'signals': [-71, -60, -49, -54, -65, -60, -82], 'timestamps': [1.7834405291609436e+18, 1.7834405291609436e+18, 1.7834405291609436e+18, 1.7834405293109435e+18, 1.7834405312419436e+18, 1.7834405314469435e+18, 1.7834405316919434e+18], 'frequencies': [2412, 2412, 2412, 2437, 5500, 5540, 5580]}
4 4 3 3 3 2 2 2 1783440531865793043
{'names': ['NU-AP06165', 'NU-AP06167', 'NU-AP06163', 'NU-AP06164', 'NU-AP06163', 'NU-AP06164', 'NU-AP06165'], 'addresses': ['48:00:b3:5e:17:c0', '48:00:b3:5e:0b:e0', '48:00:b3:5f:46:a0', '48:00:b3:5f:72:e0', '48:00:b3:5f:46:af', '48:00:b3:5f:72:ee', '48:00:b3:5e:17:cf'], 'ssids': ['iotroam', 'iotroam', 'iotroam', 'iotroam', 'iotroam', 'eduroam', 'iotroam'], 'signals': [-71, -60, -49, -54, -65, -60, -82], 'timestamps': [1.783440529161793e+18, 1.783440529161793e+18, 1.783440529161793e+18, 1.7834405293117932e+18, 1.783440531242793e+18, 1.7834405314477932e+18, 1.783440531692793e+18], 'frequencies': [2412, 2412, 2412, 2437, 5500, 5540, 5580]}
0 0 0 0 1 1 0 0 1783440532360706031
{'names': ['NU-AP06165', 'NU-AP06167', 'NU-AP06163', 'NU-AP06164', 'NU-AP06163', 'NU-AP06164', 'NU-AP06165', 'NU-AP06167'], 'addresses': ['48:00:b3:5e:17:c0', '48:00:b3:5e:0b:e0', '48:00:b3:5f:46:a0', '48:00:b3:5f:72:e0', '48:00:b3:5f:46:af', '48:00:b3:5f:72:ee', '48:00:b3:5e:17:cf', '48:00:b3:5e:0b:ef'], 'ssids': ['iotroam', 'iotroam', 'iotroam', 'iotroam', 'iotroam', 'eduroam', 'iotroam', 'iotroam'], 'signals': [-71, -60, -49, -54, -65, -60, -82, -72], 'timestamps': [1.783440529161793e+18, 1.783440529161793e+18, 1.783440529161793e+18, 1.7834405293117932e+18, 1.783440531242793e+18, 1.7834405314477932e+18, 1.783440531692793e+18, 1.783440532327706e+18], 'frequencies': [2412, 2412, 2412, 2437, 5500, 5540, 5580, 5660]}
0 0 0 0 1 1 0 0 1783440532430951623
{'names': ['NU-AP06165', 'NU-AP06167', 'NU-AP06163', 'NU-AP06164', 'NU-AP06163', 'NU-AP06164', 'NU-AP06165', 'NU-AP06167'], 'addresses': ['48:00:b3:5e:17:c0', '48:00:b3:5e:0b:e0', '48:00:b3:5f:46:a0', '48:00:b3:5f:72:e0', '48:00:b3:5f:46:af', '48:00:b3:5f:72:ee', '48:00:b3:5e:17:cf', '48:00:b3:5e:0b:ef'], 'ssids': ['iotroam', 'iotroam', 'iotroam', 'iotroam', 'iotroam', 'eduroam', 'iotroam', 'iotroam'], 'signals': [-71, -60, -49, -54, -65, -60, -82, -72], 'timestamps': [1.783440529161793e+18, 1.783440529161793e+18, 1.783440529161793e+18, 1.7834405293117932e+18, 1.783440531242793e+18, 1.7834405314477932e+18, 1.783440531692793e+18, 1.7834405323279516e+18], 'frequencies': [2412, 2412, 2412, 2437, 5500, 5540, 5580, 5660]}
0 0 0 0 1 1 0 0 1783440532661434436
{'names': ['NU-AP06165', 'NU-AP06167', 'NU-AP06163', 'NU-AP06164', 'NU-AP06163', 'NU-AP06164', 'NU-AP06165', 'NU-AP06167'], 'addresses': ['48:00:b3:5e:17:c0', '48:00:b3:5e:0b:e0', '48:00:b3:5f:46:a0', '48:00:b3:5f:72:e0', '48:00:b3:5f:46:af', '48:00:b3:5f:72:ee', '48:00:b3:5e:17:cf', '48:00:b3:5e:0b:ef'], 'ssids': ['iotroam', 'iotroam', 'iotroam', 'iotroam', 'iotroam', 'eduroam', 'iotroam', 'iotroam'], 'signals': [-71, -60, -49, -54, -65, -60, -82, -72], 'timestamps': [1.783440529161793e+18, 1.783440529161793e+18, 1.783440529161793e+18, 1.7834405293117932e+18, 1.783440531242793e+18, 1.7834405314477932e+18, 1.783440531692793e+18, 1.7834405323284344e+18], 'frequencies': [2412, 2412, 2412, 2437, 5500, 5540, 5580, 5660]}
2 2 2 2 0 0 0 0 1783440533672563580
{'names': ['NU-AP06165', 'NU-AP06167', 'NU-AP06163', 'NU-AP06164', 'NU-AP06163', 'NU-AP06164', 'NU-AP06165', 'NU-AP06167'], 'addresses': ['48:00:b3:5e:17:c0', '48:00:b3:5e:0b:e0', '48:00:b3:5f:46:a0', '48:00:b3:5f:72:e0', '48:00:b3:5f:46:af', '48:00:b3:5f:72:ee', '48:00:b3:5e:17:cf', '48:00:b3:5e:0b:ef'], 'ssids': ['iotroam', 'iotroam', 'iotroam', 'iotroam', 'iotroam', 'eduroam', 'iotroam', 'iotroam'], 'signals': [-71, -60, -49, -54, -65, -60, -82, -72], 'timestamps': [1.783440529161793e+18, 1.7834405336695634e+18, 1.7834405336695634e+18, 1.7834405293117932e+18, 1.783440531242793e+18, 1.7834405314477932e+18, 1.783440531692793e+18, 1.7834405323284344e+18], 'frequencies': [2412, 2412, 2412, 2437, 5500, 5540, 5580, 5660]}
2 2 2 2 0 0 0 0 1783440533738981905
{'names': ['NU-AP06165', 'NU-AP06167', 'NU-AP06163', 'NU-AP06164', 'NU-AP06163', 'NU-AP06164', 'NU-AP06165', 'NU-AP06167'], 'addresses': ['48:00:b3:5e:17:c0', '48:00:b3:5e:0b:e0', '48:00:b3:5f:46:a0', '48:00:b3:5f:72:e0', '48:00:b3:5f:46:af', '48:00:b3:5f:72:ee', '48:00:b3:5e:17:cf', '48:00:b3:5e:0b:ef'], 'ssids': ['iotroam', 'iotroam', 'iotroam', 'iotroam', 'iotroam', 'eduroam', 'iotroam', 'iotroam'], 'signals': [-71, -60, -49, -54, -65, -60, -82, -72], 'timestamps': [1.783440529161793e+18, 1.783440533669982e+18, 1.783440533669982e+18, 1.7834405293117932e+18, 1.783440531242793e+18, 1.7834405314477932e+18, 1.783440531692793e+18, 1.7834405323284344e+18], 'frequencies': [2412, 2412, 2412, 2437, 5500, 5540, 5580, 5660]}
2 2 2 2 0 0 0 0 1783440533940006260
{'names': ['NU-AP06165', 'NU-AP06167', 'NU-AP06163', 'NU-AP06164', 'NU-AP06163', 'NU-AP06164', 'NU-AP06165', 'NU-AP06167'], 'addresses': ['48:00:b3:5e:17:c0', '48:00:b3:5e:0b:e0', '48:00:b3:5f:46:a0', '48:00:b3:5f:72:e0', '48:00:b3:5f:46:af', '48:00:b3:5f:72:ee', '48:00:b3:5e:17:cf', '48:00:b3:5e:0b:ef'], 'ssids': ['iotroam', 'iotroam', 'iotroam', 'iotroam', 'iotroam', 'eduroam', 'iotroam', 'iotroam'], 'signals': [-71, -60, -49, -54, -65, -60, -82, -72], 'timestamps': [1.783440529161793e+18, 1.7834405336700063e+18, 1.7834405336700063e+18, 1.7834405293117932e+18, 1.783440531242793e+18, 1.7834405314477932e+18, 1.783440531692793e+18, 1.7834405323284344e+18], 'frequencies': [2412, 2412, 2412, 2437, 5500, 5540, 5580, 5660]}
2 2 2 2 1 1 0 0 1783440534348622105
{'names': ['NU-AP06165', 'NU-AP06167', 'NU-AP06163', 'NU-AP06164', 'NU-AP06163', 'NU-AP06164', 'NU-AP06165', 'NU-AP06167'], 'addresses': ['48:00:b3:5e:17:c0', '48:00:b3:5e:0b:e0', '48:00:b3:5f:46:a0', '48:00:b3:5f:72:e0', '48:00:b3:5f:46:af', '48:00:b3:5f:72:ee', '48:00:b3:5e:17:cf', '48:00:b3:5e:0b:ef'], 'ssids': ['iotroam', 'iotroam', 'iotroam', 'iotroam', 'iotroam', 'eduroam', 'iotroam', 'iotroam'], 'signals': [-71, -60, -49, -54, -65, -60, -82, -72], 'timestamps': [1.783440529161793e+18, 1.7834405336706222e+18, 1.7834405336706222e+18, 1.7834405293117932e+18, 1.783440531242793e+18, 1.7834405314477932e+18, 1.783440531692793e+18, 1.783440532328622e+18], 'frequencies': [2412, 2412, 2412, 2437, 5500, 5540, 5580, 5660]}
4 4 3 3 4 3 2 2 1783440535549952709
{'names': ['NU-AP06167', 'NU-AP06163', 'NU-AP06163', 'NU-AP06164', 'NU-AP06165', 'NU-AP06167'], 'addresses': ['48:00:b3:5e:0b:e0', '48:00:b3:5f:46:a0', '48:00:b3:5f:46:af', '48:00:b3:5f:72:ee', '48:00:b3:5e:17:cf', '48:00:b3:5e:0b:ef'], 'ssids': ['iotroam', 'iotroam', 'iotroam', 'eduroam', 'iotroam', 'iotroam'], 'signals': [-60, -49, -65, -60, -82, -72], 'timestamps': [1.7834405336709527e+18, 1.7834405336709527e+18, 1.7834405312429527e+18, 1.783440531447953e+18, 1.7834405316929528e+18, 1.7834405323289528e+18], 'frequencies': [2412, 2412, 5500, 5540, 5580, 5660]}
2 2 1 1 1 1 1 1 1783440535621609302
{'names': ['NU-AP06167', 'NU-AP06163', 'NU-AP06163', 'NU-AP06164', 'NU-AP06165', 'NU-AP06167'], 'addresses': ['48:00:b3:5e:0b:e0', '48:00:b3:5f:46:a0', '48:00:b3:5f:46:af', '48:00:b3:5f:72:ee', '48:00:b3:5e:17:cf', '48:00:b3:5e:0b:ef'], 'ssids': ['iotroam', 'iotroam', 'iotroam', 'eduroam', 'iotroam', 'iotroam'], 'signals': [-60, -49, -66, -60, -82, -72], 'timestamps': [1.7834405336709527e+18, 1.7834405336709527e+18, 1.7834405356146092e+18, 1.783440531447953e+18, 1.7834405316929528e+18, 1.7834405323289528e+18], 'frequencies': [2412, 2412, 5500, 5540, 5580, 5660]}
2 2 1 1 1 1 1 1 1783440535692827103
{'names': ['NU-AP06167', 'NU-AP06163', 'NU-AP06163', 'NU-AP06164', 'NU-AP06165', 'NU-AP06167'], 'addresses': ['48:00:b3:5e:0b:e0', '48:00:b3:5f:46:a0', '48:00:b3:5f:46:af', '48:00:b3:5f:72:ee', '48:00:b3:5e:17:cf', '48:00:b3:5e:0b:ef'], 'ssids': ['iotroam', 'iotroam', 'iotroam', 'eduroam', 'iotroam', 'iotroam'], 'signals': [-60, -49, -66, -60, -82, -72], 'timestamps': [1.7834405336709527e+18, 1.7834405336709527e+18, 1.7834405356158272e+18, 1.783440531447953e+18, 1.7834405316929528e+18, 1.7834405323289528e+18], 'frequencies': [2412, 2412, 5500, 5540, 5580, 5660]}
2 2 1 1 0 0 0 0 1783440535765116799
{'names': ['NU-AP06167', 'NU-AP06163', 'NU-AP06163', 'NU-AP06164', 'NU-AP06165', 'NU-AP06167'], 'addresses': ['48:00:b3:5e:0b:e0', '48:00:b3:5f:46:a0', '48:00:b3:5f:46:af', '48:00:b3:5f:72:ee', '48:00:b3:5e:17:cf', '48:00:b3:5e:0b:ef'], 'ssids': ['iotroam', 'iotroam', 'iotroam', 'eduroam', 'iotroam', 'iotroam'], 'signals': [-60, -49, -66, -60, -82, -72], 'timestamps': [1.7834405336709527e+18, 1.7834405336709527e+18, 1.7834405356158272e+18, 1.783440531447953e+18, 1.7834405316929528e+18, 1.7834405323289528e+18], 'frequencies': [2412, 2412, 5500, 5540, 5580, 5660]}
2 2 1 1 1 1 1 1 1783440535839393016
{'names': ['NU-AP06167', 'NU-AP06163', 'NU-AP06163', 'NU-AP06164', 'NU-AP06165', 'NU-AP06167'], 'addresses': ['48:00:b3:5e:0b:e0', '48:00:b3:5f:46:a0', '48:00:b3:5f:46:af', '48:00:b3:5f:72:ee', '48:00:b3:5e:17:cf', '48:00:b3:5e:0b:ef'], 'ssids': ['iotroam', 'iotroam', 'iotroam', 'eduroam', 'iotroam', 'iotroam'], 'signals': [-60, -49, -66, -60, -82, -72], 'timestamps': [1.7834405336709527e+18, 1.7834405336709527e+18, 1.7834405356158272e+18, 1.783440535802393e+18, 1.7834405316929528e+18, 1.7834405323289528e+18], 'frequencies': [2412, 2412, 5500, 5540, 5580, 5660]}
4 4 3 3 4 3 2 2 1783440535922051302
{'names': ['NU-AP06167', 'NU-AP06163', 'NU-AP06163', 'NU-AP06164', 'NU-AP06165', 'NU-AP06167'], 'addresses': ['48:00:b3:5e:0b:e0', '48:00:b3:5f:46:a0', '48:00:b3:5f:46:af', '48:00:b3:5f:72:ee', '48:00:b3:5e:17:cf', '48:00:b3:5e:0b:ef'], 'ssids': ['iotroam', 'iotroam', 'iotroam', 'eduroam', 'iotroam', 'iotroam'], 'signals': [-60, -49, -66, -60, -82, -72], 'timestamps': [1.7834405336710513e+18, 1.7834405336710513e+18, 1.7834405356160512e+18, 1.7834405358030513e+18, 1.7834405316930514e+18, 1.7834405323290514e+18], 'frequencies': [2412, 2412, 5500, 5540, 5580, 5660]}
2 2 1 1 0 0 0 0 1783440535996362920
{'names': ['NU-AP06167', 'NU-AP06163', 'NU-AP06163', 'NU-AP06164', 'NU-AP06165', 'NU-AP06167'], 'addresses': ['48:00:b3:5e:0b:e0', '48:00:b3:5f:46:a0', '48:00:b3:5f:46:af', '48:00:b3:5f:72:ee', '48:00:b3:5e:17:cf', '48:00:b3:5e:0b:ef'], 'ssids': ['iotroam', 'iotroam', 'iotroam', 'eduroam', 'iotroam', 'iotroam'], 'signals': [-60, -49, -66, -60, -82, -72], 'timestamps': [1.7834405336710513e+18, 1.7834405336710513e+18, 1.7834405356160512e+18, 1.7834405358030513e+18, 1.7834405316930514e+18, 1.7834405323290514e+18], 'frequencies': [2412, 2412, 5500, 5540, 5580, 5660]}
2 2 1 1 0 0 0 0 1783440536067038521
{'names': ['NU-AP06167', 'NU-AP06163', 'NU-AP06163', 'NU-AP06164', 'NU-AP06165', 'NU-AP06167'], 'addresses': ['48:00:b3:5e:0b:e0', '48:00:b3:5f:46:a0', '48:00:b3:5f:46:af', '48:00:b3:5f:72:ee', '48:00:b3:5e:17:cf', '48:00:b3:5e:0b:ef'], 'ssids': ['iotroam', 'iotroam', 'iotroam', 'eduroam', 'iotroam', 'iotroam'], 'signals': [-60, -49, -66, -60, -82, -72], 'timestamps': [1.7834405336710513e+18, 1.7834405336710513e+18, 1.7834405356160512e+18, 1.7834405358030513e+18, 1.7834405316930514e+18, 1.7834405323290514e+18], 'frequencies': [2412, 2412, 5500, 5540, 5580, 5660]}
2 2 1 1 0 0 0 0 1783440536136674301
{'names': ['NU-AP06167', 'NU-AP06163', 'NU-AP06163', 'NU-AP06164', 'NU-AP06165', 'NU-AP06167'], 'addresses': ['48:00:b3:5e:0b:e0', '48:00:b3:5f:46:a0', '48:00:b3:5f:46:af', '48:00:b3:5f:72:ee', '48:00:b3:5e:17:cf', '48:00:b3:5e:0b:ef'], 'ssids': ['iotroam', 'iotroam', 'iotroam', 'eduroam', 'iotroam', 'iotroam'], 'signals': [-60, -49, -66, -60, -82, -72], 'timestamps': [1.7834405336710513e+18, 1.7834405336710513e+18, 1.7834405356160512e+18, 1.7834405358030513e+18, 1.7834405316930514e+18, 1.7834405323290514e+18], 'frequencies': [2412, 2412, 5500, 5540, 5580, 5660]}
2 2 1 1 0 0 0 0 1783440536214088864
{'names': ['NU-AP06167', 'NU-AP06163', 'NU-AP06163', 'NU-AP06164', 'NU-AP06165', 'NU-AP06167'], 'addresses': ['48:00:b3:5e:0b:e0', '48:00:b3:5f:46:a0', '48:00:b3:5f:46:af', '48:00:b3:5f:72:ee', '48:00:b3:5e:17:cf', '48:00:b3:5e:0b:ef'], 'ssids': ['iotroam', 'iotroam', 'iotroam', 'eduroam', 'iotroam', 'iotroam'], 'signals': [-60, -49, -66, -60, -82, -72], 'timestamps': [1.7834405336710513e+18, 1.7834405336710513e+18, 1.7834405356160512e+18, 1.7834405358030513e+18, 1.7834405316930514e+18, 1.7834405323290514e+18], 'frequencies': [2412, 2412, 5500, 5540, 5580, 5660]}
2 2 1 1 0 0 0 0 1783440536288679641
{'names': ['NU-AP06167', 'NU-AP06163', 'NU-AP06163', 'NU-AP06164', 'NU-AP06165', 'NU-AP06167'], 'addresses': ['48:00:b3:5e:0b:e0', '48:00:b3:5f:46:a0', '48:00:b3:5f:46:af', '48:00:b3:5f:72:ee', '48:00:b3:5e:17:cf', '48:00:b3:5e:0b:ef'], 'ssids': ['iotroam', 'iotroam', 'iotroam', 'eduroam', 'iotroam', 'iotroam'], 'signals': [-60, -49, -66, -60, -82, -72], 'timestamps': [1.7834405336710513e+18, 1.7834405336710513e+18, 1.7834405356160512e+18, 1.7834405358030513e+18, 1.7834405316930514e+18, 1.7834405323290514e+18], 'frequencies': [2412, 2412, 5500, 5540, 5580, 5660]}
2 2 1 1 0 0 0 0 1783440536359210849
{'names': ['NU-AP06167', 'NU-AP06163', 'NU-AP06163', 'NU-AP06164', 'NU-AP06165', 'NU-AP06167'], 'addresses': ['48:00:b3:5e:0b:e0', '48:00:b3:5f:46:a0', '48:00:b3:5f:46:af', '48:00:b3:5f:72:ee', '48:00:b3:5e:17:cf', '48:00:b3:5e:0b:ef'], 'ssids': ['iotroam', 'iotroam', 'iotroam', 'eduroam', 'iotroam', 'iotroam'], 'signals': [-60, -49, -66, -60, -82, -72], 'timestamps': [1.7834405336710513e+18, 1.7834405336710513e+18, 1.7834405356160512e+18, 1.7834405358030513e+18, 1.7834405316930514e+18, 1.7834405323290514e+18], 'frequencies': [2412, 2412, 5500, 5540, 5580, 5660]}
2 2 1 1 0 0 0 0 1783440536431654192
{'names': ['NU-AP06167', 'NU-AP06163', 'NU-AP06163', 'NU-AP06164', 'NU-AP06165', 'NU-AP06167'], 'addresses': ['48:00:b3:5e:0b:e0', '48:00:b3:5f:46:a0', '48:00:b3:5f:46:af', '48:00:b3:5f:72:ee', '48:00:b3:5e:17:cf', '48:00:b3:5e:0b:ef'], 'ssids': ['iotroam', 'iotroam', 'iotroam', 'eduroam', 'iotroam', 'iotroam'], 'signals': [-60, -49, -66, -60, -82, -72], 'timestamps': [1.7834405336710513e+18, 1.7834405336710513e+18, 1.7834405356160512e+18, 1.7834405358030513e+18, 1.7834405316930514e+18, 1.7834405323290514e+18], 'frequencies': [2412, 2412, 5500, 5540, 5580, 5660]}
2 2 1 1 0 0 0 0 1783440536502260593
{'names': ['NU-AP06167', 'NU-AP06163', 'NU-AP06163', 'NU-AP06164', 'NU-AP06165', 'NU-AP06167'], 'addresses': ['48:00:b3:5e:0b:e0', '48:00:b3:5f:46:a0', '48:00:b3:5f:46:af', '48:00:b3:5f:72:ee', '48:00:b3:5e:17:cf', '48:00:b3:5e:0b:ef'], 'ssids': ['iotroam', 'iotroam', 'iotroam', 'eduroam', 'iotroam', 'iotroam'], 'signals': [-60, -49, -66, -60, -82, -72], 'timestamps': [1.7834405336710513e+18, 1.7834405336710513e+18, 1.7834405356160512e+18, 1.7834405358030513e+18, 1.7834405316930514e+18, 1.7834405323290514e+18], 'frequencies': [2412, 2412, 5500, 5540, 5580, 5660]}
2 2 1 1 1 1 0 0 1783440536572411656
{'names': ['NU-AP06167', 'NU-AP06163', 'NU-AP06163', 'NU-AP06164', 'NU-AP06165', 'NU-AP06167'], 'addresses': ['48:00:b3:5e:0b:e0', '48:00:b3:5f:46:a0', '48:00:b3:5f:46:af', '48:00:b3:5f:72:ee', '48:00:b3:5e:17:cf', '48:00:b3:5e:0b:ef'], 'ssids': ['iotroam', 'iotroam', 'iotroam', 'eduroam', 'iotroam', 'iotroam'], 'signals': [-60, -49, -66, -60, -82, -72], 'timestamps': [1.7834405336710513e+18, 1.7834405336710513e+18, 1.7834405356160512e+18, 1.7834405358030513e+18, 1.7834405316930514e+18, 1.7834405365364116e+18], 'frequencies': [2412, 2412, 5500, 5540, 5580, 5660]}
2 2 1 1 0 0 0 0 1783440536643055795
{'names': ['NU-AP06167', 'NU-AP06163', 'NU-AP06163', 'NU-AP06164', 'NU-AP06165', 'NU-AP06167'], 'addresses': ['48:00:b3:5e:0b:e0', '48:00:b3:5f:46:a0', '48:00:b3:5f:46:af', '48:00:b3:5f:72:ee', '48:00:b3:5e:17:cf', '48:00:b3:5e:0b:ef'], 'ssids': ['iotroam', 'iotroam', 'iotroam', 'eduroam', 'iotroam', 'iotroam'], 'signals': [-60, -49, -66, -60, -82, -72], 'timestamps': [1.7834405336710513e+18, 1.7834405336710513e+18, 1.7834405356160512e+18, 1.7834405358030513e+18, 1.7834405316930514e+18, 1.7834405365364116e+18], 'frequencies': [2412, 2412, 5500, 5540, 5580, 5660]}
2 2 1 1 1 1 0 0 1783440536713797695
{'names': ['NU-AP06167', 'NU-AP06163', 'NU-AP06163', 'NU-AP06164', 'NU-AP06165', 'NU-AP06167'], 'addresses': ['48:00:b3:5e:0b:e0', '48:00:b3:5f:46:a0', '48:00:b3:5f:46:af', '48:00:b3:5f:72:ee', '48:00:b3:5e:17:cf', '48:00:b3:5e:0b:ef'], 'ssids': ['iotroam', 'iotroam', 'iotroam', 'eduroam', 'iotroam', 'iotroam'], 'signals': [-60, -49, -66, -60, -82, -72], 'timestamps': [1.7834405336710513e+18, 1.7834405336710513e+18, 1.7834405356160512e+18, 1.7834405358030513e+18, 1.7834405316930514e+18, 1.7834405365367977e+18], 'frequencies': [2412, 2412, 5500, 5540, 5580, 5660]}
2 2 1 1 0 0 0 0 1783440536783945782
{'names': ['NU-AP06167', 'NU-AP06163', 'NU-AP06163', 'NU-AP06164', 'NU-AP06165', 'NU-AP06167'], 'addresses': ['48:00:b3:5e:0b:e0', '48:00:b3:5f:46:a0', '48:00:b3:5f:46:af', '48:00:b3:5f:72:ee', '48:00:b3:5e:17:cf', '48:00:b3:5e:0b:ef'], 'ssids': ['iotroam', 'iotroam', 'iotroam', 'eduroam', 'iotroam', 'iotroam'], 'signals': [-60, -49, -66, -60, -82, -72], 'timestamps': [1.7834405336710513e+18, 1.7834405336710513e+18, 1.7834405356160512e+18, 1.7834405358030513e+18, 1.7834405316930514e+18, 1.7834405365367977e+18], 'frequencies': [2412, 2412, 5500, 5540, 5580, 5660]}
2 2 1 1 1 1 0 0 1783440536856255136
{'names': ['NU-AP06167', 'NU-AP06163', 'NU-AP06163', 'NU-AP06164', 'NU-AP06165', 'NU-AP06167'], 'addresses': ['48:00:b3:5e:0b:e0', '48:00:b3:5f:46:a0', '48:00:b3:5f:46:af', '48:00:b3:5f:72:ee', '48:00:b3:5e:17:cf', '48:00:b3:5e:0b:ef'], 'ssids': ['iotroam', 'iotroam', 'iotroam', 'eduroam', 'iotroam', 'iotroam'], 'signals': [-60, -49, -66, -60, -82, -72], 'timestamps': [1.7834405336710513e+18, 1.7834405336710513e+18, 1.7834405356160512e+18, 1.7834405358030513e+18, 1.7834405316930514e+18, 1.7834405365372552e+18], 'frequencies': [2412, 2412, 5500, 5540, 5580, 5660]}
2 2 1 1 0 0 0 0 1783440536927351279
{'names': ['NU-AP06167', 'NU-AP06163', 'NU-AP06163', 'NU-AP06164', 'NU-AP06165', 'NU-AP06167'], 'addresses': ['48:00:b3:5e:0b:e0', '48:00:b3:5f:46:a0', '48:00:b3:5f:46:af', '48:00:b3:5f:72:ee', '48:00:b3:5e:17:cf', '48:00:b3:5e:0b:ef'], 'ssids': ['iotroam', 'iotroam', 'iotroam', 'eduroam', 'iotroam', 'iotroam'], 'signals': [-60, -49, -66, -60, -82, -72], 'timestamps': [1.7834405336710513e+18, 1.7834405336710513e+18, 1.7834405356160512e+18, 1.7834405358030513e+18, 1.7834405316930514e+18, 1.7834405365372552e+18], 'frequencies': [2412, 2412, 5500, 5540, 5580, 5660]}
2 2 1 1 0 0 0 0 1783440536997691098
{'names': ['NU-AP06167', 'NU-AP06163', 'NU-AP06163', 'NU-AP06164', 'NU-AP06165', 'NU-AP06167'], 'addresses': ['48:00:b3:5e:0b:e0', '48:00:b3:5f:46:a0', '48:00:b3:5f:46:af', '48:00:b3:5f:72:ee', '48:00:b3:5e:17:cf', '48:00:b3:5e:0b:ef'], 'ssids': ['iotroam', 'iotroam', 'iotroam', 'eduroam', 'iotroam', 'iotroam'], 'signals': [-60, -49, -66, -60, -82, -72], 'timestamps': [1.7834405336710513e+18, 1.7834405336710513e+18, 1.7834405356160512e+18, 1.7834405358030513e+18, 1.7834405316930514e+18, 1.7834405365372552e+18], 'frequencies': [2412, 2412, 5500, 5540, 5580, 5660]}
2 2 1 1 0 0 0 0 1783440537068072126
{'names': ['NU-AP06167', 'NU-AP06163', 'NU-AP06163', 'NU-AP06164', 'NU-AP06165', 'NU-AP06167'], 'addresses': ['48:00:b3:5e:0b:e0', '48:00:b3:5f:46:a0', '48:00:b3:5f:46:af', '48:00:b3:5f:72:ee', '48:00:b3:5e:17:cf', '48:00:b3:5e:0b:ef'], 'ssids': ['iotroam', 'iotroam', 'iotroam', 'eduroam', 'iotroam', 'iotroam'], 'signals': [-60, -49, -66, -60, -82, -72], 'timestamps': [1.7834405336710513e+18, 1.7834405336710513e+18, 1.7834405356160512e+18, 1.7834405358030513e+18, 1.7834405316930514e+18, 1.7834405365372552e+18], 'frequencies': [2412, 2412, 5500, 5540, 5580, 5660]}
2 2 1 1 0 0 0 0 1783440537139621484
{'names': ['NU-AP06167', 'NU-AP06163', 'NU-AP06163', 'NU-AP06164', 'NU-AP06165', 'NU-AP06167'], 'addresses': ['48:00:b3:5e:0b:e0', '48:00:b3:5f:46:a0', '48:00:b3:5f:46:af', '48:00:b3:5f:72:ee', '48:00:b3:5e:17:cf', '48:00:b3:5e:0b:ef'], 'ssids': ['iotroam', 'iotroam', 'iotroam', 'eduroam', 'iotroam', 'iotroam'], 'signals': [-60, -49, -66, -60, -82, -72], 'timestamps': [1.7834405336710513e+18, 1.7834405336710513e+18, 1.7834405356160512e+18, 1.7834405358030513e+18, 1.7834405316930514e+18, 1.7834405365372552e+18], 'frequencies': [2412, 2412, 5500, 5540, 5580, 5660]}
2 2 1 1 0 0 0 0 1783440537210225945
{'names': ['NU-AP06167', 'NU-AP06163', 'NU-AP06163', 'NU-AP06164', 'NU-AP06165', 'NU-AP06167'], 'addresses': ['48:00:b3:5e:0b:e0', '48:00:b3:5f:46:a0', '48:00:b3:5f:46:af', '48:00:b3:5f:72:ee', '48:00:b3:5e:17:cf', '48:00:b3:5e:0b:ef'], 'ssids': ['iotroam', 'iotroam', 'iotroam', 'eduroam', 'iotroam', 'iotroam'], 'signals': [-60, -49, -66, -60, -82, -72], 'timestamps': [1.7834405336710513e+18, 1.7834405336710513e+18, 1.7834405356160512e+18, 1.7834405358030513e+18, 1.7834405316930514e+18, 1.7834405365372552e+18], 'frequencies': [2412, 2412, 5500, 5540, 5580, 5660]}
2 2 1 1 0 0 0 0 1783440537281248457
{'names': ['NU-AP06167', 'NU-AP06163', 'NU-AP06163', 'NU-AP06164', 'NU-AP06165', 'NU-AP06167'], 'addresses': ['48:00:b3:5e:0b:e0', '48:00:b3:5f:46:a0', '48:00:b3:5f:46:af', '48:00:b3:5f:72:ee', '48:00:b3:5e:17:cf', '48:00:b3:5e:0b:ef'], 'ssids': ['iotroam', 'iotroam', 'iotroam', 'eduroam', 'iotroam', 'iotroam'], 'signals': [-60, -49, -66, -60, -82, -72], 'timestamps': [1.7834405336710513e+18, 1.7834405336710513e+18, 1.7834405356160512e+18, 1.7834405358030513e+18, 1.7834405316930514e+18, 1.7834405365372552e+18], 'frequencies': [2412, 2412, 5500, 5540, 5580, 5660]}
2 2 1 1 0 0 0 0 1783440537351921145
{'names': ['NU-AP06167', 'NU-AP06163', 'NU-AP06163', 'NU-AP06164', 'NU-AP06165', 'NU-AP06167'], 'addresses': ['48:00:b3:5e:0b:e0', '48:00:b3:5f:46:a0', '48:00:b3:5f:46:af', '48:00:b3:5f:72:ee', '48:00:b3:5e:17:cf', '48:00:b3:5e:0b:ef'], 'ssids': ['iotroam', 'iotroam', 'iotroam', 'eduroam', 'iotroam', 'iotroam'], 'signals': [-60, -49, -66, -60, -82, -72], 'timestamps': [1.7834405336710513e+18, 1.7834405336710513e+18, 1.7834405356160512e+18, 1.7834405358030513e+18, 1.7834405316930514e+18, 1.7834405365372552e+18], 'frequencies': [2412, 2412, 5500, 5540, 5580, 5660]}
2 2 1 1 0 0 0 0 1783440537431165327
{'names': ['NU-AP06167', 'NU-AP06163', 'NU-AP06163', 'NU-AP06164', 'NU-AP06165', 'NU-AP06167'], 'addresses': ['48:00:b3:5e:0b:e0', '48:00:b3:5f:46:a0', '48:00:b3:5f:46:af', '48:00:b3:5f:72:ee', '48:00:b3:5e:17:cf', '48:00:b3:5e:0b:ef'], 'ssids': ['iotroam', 'iotroam', 'iotroam', 'eduroam', 'iotroam', 'iotroam'], 'signals': [-60, -49, -66, -60, -82, -72], 'timestamps': [1.7834405336710513e+18, 1.7834405336710513e+18, 1.7834405356160512e+18, 1.7834405358030513e+18, 1.7834405316930514e+18, 1.7834405365372552e+18], 'frequencies': [2412, 2412, 5500, 5540, 5580, 5660]}
2 2 1 1 0 0 0 0 1783440537502218710
{'names': ['NU-AP06167', 'NU-AP06163', 'NU-AP06163', 'NU-AP06164', 'NU-AP06165', 'NU-AP06167'], 'addresses': ['48:00:b3:5e:0b:e0', '48:00:b3:5f:46:a0', '48:00:b3:5f:46:af', '48:00:b3:5f:72:ee', '48:00:b3:5e:17:cf', '48:00:b3:5e:0b:ef'], 'ssids': ['iotroam', 'iotroam', 'iotroam', 'eduroam', 'iotroam', 'iotroam'], 'signals': [-60, -49, -66, -60, -82, -72], 'timestamps': [1.7834405336710513e+18, 1.7834405336710513e+18, 1.7834405356160512e+18, 1.7834405358030513e+18, 1.7834405316930514e+18, 1.7834405365372552e+18], 'frequencies': [2412, 2412, 5500, 5540, 5580, 5660]}
2 2 1 1 0 0 0 0 1783440537573197157
{'names': ['NU-AP06167', 'NU-AP06163', 'NU-AP06163', 'NU-AP06164', 'NU-AP06165', 'NU-AP06167'], 'addresses': ['48:00:b3:5e:0b:e0', '48:00:b3:5f:46:a0', '48:00:b3:5f:46:af', '48:00:b3:5f:72:ee', '48:00:b3:5e:17:cf', '48:00:b3:5e:0b:ef'], 'ssids': ['iotroam', 'iotroam', 'iotroam', 'eduroam', 'iotroam', 'iotroam'], 'signals': [-60, -49, -66, -60, -82, -72], 'timestamps': [1.7834405336710513e+18, 1.7834405336710513e+18, 1.7834405356160512e+18, 1.7834405358030513e+18, 1.7834405316930514e+18, 1.7834405365372552e+18], 'frequencies': [2412, 2412, 5500, 5540, 5580, 5660]}
2 2 1 1 0 0 0 0 1783440537643578526
{'names': ['NU-AP06167', 'NU-AP06163', 'NU-AP06163', 'NU-AP06164', 'NU-AP06165', 'NU-AP06167'], 'addresses': ['48:00:b3:5e:0b:e0', '48:00:b3:5f:46:a0', '48:00:b3:5f:46:af', '48:00:b3:5f:72:ee', '48:00:b3:5e:17:cf', '48:00:b3:5e:0b:ef'], 'ssids': ['iotroam', 'iotroam', 'iotroam', 'eduroam', 'iotroam', 'iotroam'], 'signals': [-60, -49, -66, -60, -82, -72], 'timestamps': [1.7834405336710513e+18, 1.7834405336710513e+18, 1.7834405356160512e+18, 1.7834405358030513e+18, 1.7834405316930514e+18, 1.7834405365372552e+18], 'frequencies': [2412, 2412, 5500, 5540, 5580, 5660]}
2 2 1 1 0 0 0 0 1783440537714344567
{'names': ['NU-AP06167', 'NU-AP06163', 'NU-AP06163', 'NU-AP06164', 'NU-AP06167'], 'addresses': ['48:00:b3:5e:0b:e0', '48:00:b3:5f:46:a0', '48:00:b3:5f:46:af', '48:00:b3:5f:72:ee', '48:00:b3:5e:0b:ef'], 'ssids': ['iotroam', 'iotroam', 'iotroam', 'eduroam', 'iotroam'], 'signals': [-60, -49, -66, -60, -72], 'timestamps': [1.7834405336710513e+18, 1.7834405336710513e+18, 1.7834405356160512e+18, 1.7834405358030513e+18, 1.7834405365372552e+18], 'frequencies': [2412, 2412, 5500, 5540, 5660]}
3 3 2 2 0 0 0 0 1783440537789941106
{'names': ['NU-AP06167', 'NU-AP06163', 'NU-AP06163', 'NU-AP06164', 'NU-AP06167', 'NU-AP06165'], 'addresses': ['48:00:b3:5e:0b:e0', '48:00:b3:5f:46:a0', '48:00:b3:5f:46:af', '48:00:b3:5f:72:ee', '48:00:b3:5e:0b:ef', '48:00:b3:5e:17:c0'], 'ssids': ['iotroam', 'iotroam', 'iotroam', 'eduroam', 'iotroam', 'iotroam'], 'signals': [-59, -50, -66, -60, -72, -71], 'timestamps': [1.783440537789941e+18, 1.783440537789941e+18, 1.7834405356160512e+18, 1.7834405358030513e+18, 1.7834405365372552e+18, 1.783440537789941e+18], 'frequencies': [2412, 2412, 5500, 5540, 5660, 2412]}
3 3 2 2 0 0 0 0 1783440537849165650
{'names': ['NU-AP06167', 'NU-AP06163', 'NU-AP06163', 'NU-AP06164', 'NU-AP06167', 'NU-AP06165'], 'addresses': ['48:00:b3:5e:0b:e0', '48:00:b3:5f:46:a0', '48:00:b3:5f:46:af', '48:00:b3:5f:72:ee', '48:00:b3:5e:0b:ef', '48:00:b3:5e:17:c0'], 'ssids': ['iotroam', 'iotroam', 'iotroam', 'eduroam', 'iotroam', 'iotroam'], 'signals': [-59, -50, -66, -60, -72, -71], 'timestamps': [1.7834405377901655e+18, 1.7834405377921656e+18, 1.7834405356160512e+18, 1.7834405358030513e+18, 1.7834405365372552e+18, 1.7834405377901655e+18], 'frequencies': [2412, 2412, 5500, 5540, 5660, 2412]}
1 1 1 1 0 0 0 0 1783440537970853263
{'names': ['NU-AP06167', 'NU-AP06163', 'NU-AP06163', 'NU-AP06164', 'NU-AP06167', 'NU-AP06165', 'NU-AP06164'], 'addresses': ['48:00:b3:5e:0b:e0', '48:00:b3:5f:46:a0', '48:00:b3:5f:46:af', '48:00:b3:5f:72:ee', '48:00:b3:5e:0b:ef', '48:00:b3:5e:17:c0', '48:00:b3:5f:72:e0'], 'ssids': ['iotroam', 'iotroam', 'iotroam', 'eduroam', 'iotroam', 'iotroam', 'iotroam'], 'signals': [-59, -50, -66, -60, -72, -71, -54], 'timestamps': [1.7834405377901655e+18, 1.7834405377921656e+18, 1.7834405356160512e+18, 1.7834405358030513e+18, 1.7834405365372552e+18, 1.7834405377901655e+18, 1.7834405379368535e+18], 'frequencies': [2412, 2412, 5500, 5540, 5660, 2412, 2437]}
1 1 1 1 0 0 0 0 1783440538033920520
{'names': ['NU-AP06167', 'NU-AP06163', 'NU-AP06163', 'NU-AP06164', 'NU-AP06167', 'NU-AP06165', 'NU-AP06164'], 'addresses': ['48:00:b3:5e:0b:e0', '48:00:b3:5f:46:a0', '48:00:b3:5f:46:af', '48:00:b3:5f:72:ee', '48:00:b3:5e:0b:ef', '48:00:b3:5e:17:c0', '48:00:b3:5f:72:e0'], 'ssids': ['iotroam', 'iotroam', 'iotroam', 'eduroam', 'iotroam', 'iotroam', 'iotroam'], 'signals': [-59, -50, -66, -60, -72, -71, -54], 'timestamps': [1.7834405377901655e+18, 1.7834405377921656e+18, 1.7834405356160512e+18, 1.7834405358030513e+18, 1.7834405365372552e+18, 1.7834405377901655e+18, 1.7834405379369206e+18], 'frequencies': [2412, 2412, 5500, 5540, 5660, 2412, 2437]}
4 4 3 3 0 0 0 0 1783440538096357629
{'names': ['NU-AP06167', 'NU-AP06163', 'NU-AP06163', 'NU-AP06164', 'NU-AP06167', 'NU-AP06165', 'NU-AP06164'], 'addresses': ['48:00:b3:5e:0b:e0', '48:00:b3:5f:46:a0', '48:00:b3:5f:46:af', '48:00:b3:5f:72:ee', '48:00:b3:5e:0b:ef', '48:00:b3:5e:17:c0', '48:00:b3:5f:72:e0'], 'ssids': ['iotroam', 'iotroam', 'iotroam', 'eduroam', 'iotroam', 'iotroam', 'iotroam'], 'signals': [-59, -50, -66, -60, -72, -71, -54], 'timestamps': [1.7834405377903575e+18, 1.7834405377923576e+18, 1.7834405356160512e+18, 1.7834405358030513e+18, 1.7834405365372552e+18, 1.7834405377903575e+18, 1.7834405379373576e+18], 'frequencies': [2412, 2412, 5500, 5540, 5660, 2412, 2437]}
1 1 0 0 0 0 0 0 1783440538158015446
{'names': ['NU-AP06167', 'NU-AP06163', 'NU-AP06163', 'NU-AP06164', 'NU-AP06167', 'NU-AP06165', 'NU-AP06164', 'NU-AP06162'], 'addresses': ['48:00:b3:5e:0b:e0', '48:00:b3:5f:46:a0', '48:00:b3:5f:46:af', '48:00:b3:5f:72:ee', '48:00:b3:5e:0b:ef', '48:00:b3:5e:17:c0', '48:00:b3:5f:72:e0', '48:00:b3:5a:90:82'], 'ssids': ['iotroam', 'iotroam', 'iotroam', 'eduroam', 'iotroam', 'iotroam', 'iotroam', 'VU-Campusnet'], 'signals': [-59, -50, -66, -60, -72, -71, -54, -79], 'timestamps': [1.7834405377903575e+18, 1.7834405377923576e+18, 1.7834405356160512e+18, 1.7834405358030513e+18, 1.7834405365372552e+18, 1.7834405377903575e+18, 1.7834405379373576e+18, 1.7834405381010156e+18], 'frequencies': [2412, 2412, 5500, 5540, 5660, 2412, 2437, 2462]}
5 5 3 3 0 0 0 0 1783440538285677003
{'names': ['NU-AP06167', 'NU-AP06163', 'NU-AP06163', 'NU-AP06164', 'NU-AP06167', 'NU-AP06165', 'NU-AP06164', 'NU-AP06162'], 'addresses': ['48:00:b3:5e:0b:e0', '48:00:b3:5f:46:a0', '48:00:b3:5f:46:af', '48:00:b3:5f:72:ee', '48:00:b3:5e:0b:ef', '48:00:b3:5e:17:c0', '48:00:b3:5f:72:e0', '48:00:b3:5a:90:82'], 'ssids': ['iotroam', 'iotroam', 'iotroam', 'eduroam', 'iotroam', 'iotroam', 'iotroam', 'VU-Campusnet'], 'signals': [-59, -50, -66, -60, -72, -71, -54, -79], 'timestamps': [1.783440537790677e+18, 1.783440537792677e+18, 1.7834405356160512e+18, 1.7834405358030513e+18, 1.7834405365372552e+18, 1.783440537790677e+18, 1.783440537937677e+18, 1.783440538101677e+18], 'frequencies': [2412, 2412, 5500, 5540, 5660, 2412, 2437, 2462]}
5 5 3 3 0 0 0 0 1783440538412783746
{'names': ['NU-AP06167', 'NU-AP06163', 'NU-AP06163', 'NU-AP06164', 'NU-AP06167', 'NU-AP06165', 'NU-AP06164', 'NU-AP06162'], 'addresses': ['48:00:b3:5e:0b:e0', '48:00:b3:5f:46:a0', '48:00:b3:5f:46:af', '48:00:b3:5f:72:ee', '48:00:b3:5e:0b:ef', '48:00:b3:5e:17:c0', '48:00:b3:5f:72:e0', '48:00:b3:5a:90:82'], 'ssids': ['iotroam', 'iotroam', 'iotroam', 'eduroam', 'iotroam', 'iotroam', 'iotroam', 'VU-Campusnet'], 'signals': [-59, -50, -66, -60, -72, -71, -54, -79], 'timestamps': [1.783440537790784e+18, 1.783440537792784e+18, 1.7834405356160512e+18, 1.7834405358030513e+18, 1.7834405365372552e+18, 1.783440537790784e+18, 1.7834405379377838e+18, 1.7834405381017838e+18], 'frequencies': [2412, 2412, 5500, 5540, 5660, 2412, 2437, 2462]}
5 5 3 3 0 0 0 0 1783440539737805295
{'names': ['NU-AP06167', 'NU-AP06163', 'NU-AP06163', 'NU-AP06164', 'NU-AP06167', 'NU-AP06165', 'NU-AP06164', 'NU-AP06162'], 'addresses': ['48:00:b3:5e:0b:e0', '48:00:b3:5f:46:a0', '48:00:b3:5f:46:af', '48:00:b3:5f:72:ee', '48:00:b3:5e:0b:ef', '48:00:b3:5e:17:c0', '48:00:b3:5f:72:e0', '48:00:b3:5a:90:82'], 'ssids': ['iotroam', 'iotroam', 'iotroam', 'eduroam', 'iotroam', 'iotroam', 'iotroam', 'VU-Campusnet'], 'signals': [-59, -50, -66, -60, -72, -71, -54, -79], 'timestamps': [1.7834405377908052e+18, 1.7834405377928054e+18, 1.7834405356160512e+18, 1.7834405358030513e+18, 1.7834405365372552e+18, 1.7834405377908052e+18, 1.7834405379378053e+18, 1.7834405381018053e+18], 'frequencies': [2412, 2412, 5500, 5540, 5660, 2412, 2437, 2462]}
0 0 0 0 1 1 1 1 1783440539800859737
{'names': ['NU-AP06167', 'NU-AP06163', 'NU-AP06163', 'NU-AP06164', 'NU-AP06167', 'NU-AP06165', 'NU-AP06164', 'NU-AP06162'], 'addresses': ['48:00:b3:5e:0b:e0', '48:00:b3:5f:46:a0', '48:00:b3:5f:46:af', '48:00:b3:5f:72:ee', '48:00:b3:5e:0b:ef', '48:00:b3:5e:17:c0', '48:00:b3:5f:72:e0', '48:00:b3:5a:90:82'], 'ssids': ['iotroam', 'iotroam', 'iotroam', 'eduroam', 'iotroam', 'iotroam', 'iotroam', 'VU-Campusnet'], 'signals': [-59, -50, -67, -60, -72, -71, -54, -79], 'timestamps': [1.7834405377908052e+18, 1.7834405377928054e+18, 1.7834405397408596e+18, 1.7834405358030513e+18, 1.7834405365372552e+18, 1.7834405377908052e+18, 1.7834405379378053e+18, 1.7834405381018053e+18], 'frequencies': [2412, 2412, 5500, 5540, 5660, 2412, 2437, 2462]}
0 0 0 0 1 1 1 1 1783440539864948360
{'names': ['NU-AP06167', 'NU-AP06163', 'NU-AP06163', 'NU-AP06164', 'NU-AP06167', 'NU-AP06165', 'NU-AP06164', 'NU-AP06162'], 'addresses': ['48:00:b3:5e:0b:e0', '48:00:b3:5f:46:a0', '48:00:b3:5f:46:af', '48:00:b3:5f:72:ee', '48:00:b3:5e:0b:ef', '48:00:b3:5e:17:c0', '48:00:b3:5f:72:e0', '48:00:b3:5a:90:82'], 'ssids': ['iotroam', 'iotroam', 'iotroam', 'eduroam', 'iotroam', 'iotroam', 'iotroam', 'VU-Campusnet'], 'signals': [-59, -50, -67, -60, -72, -71, -54, -79], 'timestamps': [1.7834405377908052e+18, 1.7834405377928054e+18, 1.7834405397409485e+18, 1.7834405358030513e+18, 1.7834405365372552e+18, 1.7834405377908052e+18, 1.7834405379378053e+18, 1.7834405381018053e+18], 'frequencies': [2412, 2412, 5500, 5540, 5660, 2412, 2437, 2462]}
0 0 0 0 2 2 2 2 1783440539991735612
{'names': ['NU-AP06167', 'NU-AP06163', 'NU-AP06163', 'NU-AP06164', 'NU-AP06167', 'NU-AP06165', 'NU-AP06164', 'NU-AP06162'], 'addresses': ['48:00:b3:5e:0b:e0', '48:00:b3:5f:46:a0', '48:00:b3:5f:46:af', '48:00:b3:5f:72:ee', '48:00:b3:5e:0b:ef', '48:00:b3:5e:17:c0', '48:00:b3:5f:72:e0', '48:00:b3:5a:90:82'], 'ssids': ['iotroam', 'iotroam', 'iotroam', 'eduroam', 'iotroam', 'iotroam', 'iotroam', 'VU-Campusnet'], 'signals': [-59, -50, -67, -60, -72, -71, -54, -79], 'timestamps': [1.7834405377908052e+18, 1.7834405377928054e+18, 1.7834405397417354e+18, 1.7834405399407355e+18, 1.7834405365372552e+18, 1.7834405377908052e+18, 1.7834405379378053e+18, 1.7834405381018053e+18], 'frequencies': [2412, 2412, 5500, 5540, 5660, 2412, 2437, 2462]}
5 5 3 3 2 2 2 2 1783440540057925504
{'names': ['NU-AP06167', 'NU-AP06163', 'NU-AP06163', 'NU-AP06164', 'NU-AP06167', 'NU-AP06165', 'NU-AP06164', 'NU-AP06162'], 'addresses': ['48:00:b3:5e:0b:e0', '48:00:b3:5f:46:a0', '48:00:b3:5f:46:af', '48:00:b3:5f:72:ee', '48:00:b3:5e:0b:ef', '48:00:b3:5e:17:c0', '48:00:b3:5f:72:e0', '48:00:b3:5a:90:82'], 'ssids': ['iotroam', 'iotroam', 'iotroam', 'eduroam', 'iotroam', 'iotroam', 'iotroam', 'VU-Campusnet'], 'signals': [-59, -50, -67, -60, -72, -71, -54, -79], 'timestamps': [1.7834405377909256e+18, 1.7834405377929257e+18, 1.7834405397419256e+18, 1.7834405399409257e+18, 1.7834405365372552e+18, 1.7834405377909256e+18, 1.7834405379379256e+18, 1.7834405381019256e+18], 'frequencies': [2412, 2412, 5500, 5540, 5660, 2412, 2437, 2462]}
0 0 0 0 1 1 0 0 1783440540690806541
{'names': ['NU-AP06167', 'NU-AP06163', 'NU-AP06163', 'NU-AP06164', 'NU-AP06167', 'NU-AP06165', 'NU-AP06164', 'NU-AP06162'], 'addresses': ['48:00:b3:5e:0b:e0', '48:00:b3:5f:46:a0', '48:00:b3:5f:46:af', '48:00:b3:5f:72:ee', '48:00:b3:5e:0b:ef', '48:00:b3:5e:17:c0', '48:00:b3:5f:72:e0', '48:00:b3:5a:90:82'], 'ssids': ['iotroam', 'iotroam', 'iotroam', 'eduroam', 'iotroam', 'iotroam', 'iotroam', 'VU-Campusnet'], 'signals': [-59, -50, -67, -60, -73, -71, -54, -79], 'timestamps': [1.7834405377909256e+18, 1.7834405377929257e+18, 1.7834405397419256e+18, 1.7834405399409257e+18, 1.7834405406638065e+18, 1.7834405377909256e+18, 1.7834405379379256e+18, 1.7834405381019256e+18], 'frequencies': [2412, 2412, 5500, 5540, 5660, 2412, 2437, 2462]}
5 5 3 3 3 3 2 2 1783440540882279309
{'names': ['NU-AP06167', 'NU-AP06163', 'NU-AP06163', 'NU-AP06164', 'NU-AP06167', 'NU-AP06165', 'NU-AP06164', 'NU-AP06162'], 'addresses': ['48:00:b3:5e:0b:e0', '48:00:b3:5f:46:a0', '48:00:b3:5f:46:af', '48:00:b3:5f:72:ee', '48:00:b3:5e:0b:ef', '48:00:b3:5e:17:c0', '48:00:b3:5f:72:e0', '48:00:b3:5a:90:82'], 'ssids': ['iotroam', 'iotroam', 'iotroam', 'eduroam', 'iotroam', 'iotroam', 'iotroam', 'VU-Campusnet'], 'signals': [-59, -50, -67, -60, -73, -71, -54, -79], 'timestamps': [1.7834405377912794e+18, 1.7834405377932795e+18, 1.7834405397422794e+18, 1.7834405399412795e+18, 1.7834405406642796e+18, 1.7834405377912794e+18, 1.7834405379382794e+18, 1.7834405381022794e+18], 'frequencies': [2412, 2412, 5500, 5540, 5660, 2412, 2437, 2462]}
3 3 2 2 0 0 0 0 1783440541920350745
{'names': ['NU-AP06167', 'NU-AP06163', 'NU-AP06163', 'NU-AP06164', 'NU-AP06167', 'NU-AP06165', 'NU-AP06164', 'NU-AP06162'], 'addresses': ['48:00:b3:5e:0b:e0', '48:00:b3:5f:46:a0', '48:00:b3:5f:46:af', '48:00:b3:5f:72:ee', '48:00:b3:5e:0b:ef', '48:00:b3:5e:17:c0', '48:00:b3:5f:72:e0', '48:00:b3:5a:90:82'], 'ssids': ['iotroam', 'iotroam', 'iotroam', 'eduroam', 'iotroam', 'iotroam', 'iotroam', 'VU-Campusnet'], 'signals': [-59, -50, -67, -60, -73, -72, -54, -79], 'timestamps': [1.7834405419123507e+18, 1.7834405419123507e+18, 1.7834405397422794e+18, 1.7834405399412795e+18, 1.7834405406642796e+18, 1.7834405419123507e+18, 1.7834405379382794e+18, 1.7834405381022794e+18], 'frequencies': [2412, 2412, 5500, 5540, 5660, 2412, 2437, 2462]}
1 1 1 1 0 0 0 0 1783440542114169031
{'names': ['NU-AP06167', 'NU-AP06163', 'NU-AP06163', 'NU-AP06164', 'NU-AP06167', 'NU-AP06165', 'NU-AP06164', 'NU-AP06162'], 'addresses': ['48:00:b3:5e:0b:e0', '48:00:b3:5f:46:a0', '48:00:b3:5f:46:af', '48:00:b3:5f:72:ee', '48:00:b3:5e:0b:ef', '48:00:b3:5e:17:c0', '48:00:b3:5f:72:e0', '48:00:b3:5a:90:82'], 'ssids': ['iotroam', 'iotroam', 'iotroam', 'eduroam', 'iotroam', 'iotroam', 'iotroam', 'VU-Campusnet'], 'signals': [-59, -50, -67, -60, -73, -72, -54, -79], 'timestamps': [1.7834405419123507e+18, 1.7834405419123507e+18, 1.7834405397422794e+18, 1.7834405399412795e+18, 1.7834405406642796e+18, 1.7834405419123507e+18, 1.783440542090169e+18, 1.7834405381022794e+18], 'frequencies': [2412, 2412, 5500, 5540, 5660, 2412, 2437, 2462]}
5 5 3 3 3 3 2 2 1783440542179409144
{'names': ['NU-AP06167', 'NU-AP06163', 'NU-AP06163', 'NU-AP06164', 'NU-AP06167', 'NU-AP06165', 'NU-AP06164', 'NU-AP06162'], 'addresses': ['48:00:b3:5e:0b:e0', '48:00:b3:5f:46:a0', '48:00:b3:5f:46:af', '48:00:b3:5f:72:ee', '48:00:b3:5e:0b:ef', '48:00:b3:5e:17:c0', '48:00:b3:5f:72:e0', '48:00:b3:5a:90:82'], 'ssids': ['iotroam', 'iotroam', 'iotroam', 'eduroam', 'iotroam', 'iotroam', 'iotroam', 'VU-Campusnet'], 'signals': [-59, -50, -67, -60, -73, -72, -54, -79], 'timestamps': [1.783440541913409e+18, 1.783440541913409e+18, 1.7834405397424092e+18, 1.7834405399414093e+18, 1.783440540664409e+18, 1.783440541913409e+18, 1.7834405420914092e+18, 1.7834405381024092e+18], 'frequencies': [2412, 2412, 5500, 5540, 5660, 2412, 2437, 2462]}
0 0 0 0 1 1 1 1 1783440543933190195
{'names': ['NU-AP06167', 'NU-AP06163', 'NU-AP06163', 'NU-AP06164', 'NU-AP06167', 'NU-AP06165', 'NU-AP06164', 'NU-AP06162'], 'addresses': ['48:00:b3:5e:0b:e0', '48:00:b3:5f:46:a0', '48:00:b3:5f:46:ae', '48:00:b3:5f:72:ee', '48:00:b3:5e:0b:ef', '48:00:b3:5e:17:c0', '48:00:b3:5f:72:e0', '48:00:b3:5a:90:82'], 'ssids': ['iotroam', 'iotroam', 'eduroam', 'eduroam', 'iotroam', 'iotroam', 'iotroam', 'VU-Campusnet'], 'signals': [-59, -50, -67, -60, -73, -72, -54, -79], 'timestamps': [1.783440541913409e+18, 1.783440541913409e+18, 1.7834405439091901e+18, 1.7834405399414093e+18, 1.783440540664409e+18, 1.783440541913409e+18, 1.7834405420914092e+18, 1.7834405381024092e+18], 'frequencies': [2412, 2412, 5500, 5540, 5660, 2412, 2437, 2462]}
0 0 0 0 1 1 1 1 1783440543998223631
{'names': ['NU-AP06167', 'NU-AP06163', 'NU-AP06163', 'NU-AP06164', 'NU-AP06167', 'NU-AP06165', 'NU-AP06164', 'NU-AP06162'], 'addresses': ['48:00:b3:5e:0b:e0', '48:00:b3:5f:46:a0', '48:00:b3:5f:46:ae', '48:00:b3:5f:72:ee', '48:00:b3:5e:0b:ef', '48:00:b3:5e:17:c0', '48:00:b3:5f:72:e0', '48:00:b3:5a:90:82'], 'ssids': ['iotroam', 'iotroam', 'eduroam', 'eduroam', 'iotroam', 'iotroam', 'iotroam', 'VU-Campusnet'], 'signals': [-59, -50, -67, -60, -73, -72, -54, -79], 'timestamps': [1.783440541913409e+18, 1.783440541913409e+18, 1.7834405439092237e+18, 1.7834405399414093e+18, 1.783440540664409e+18, 1.783440541913409e+18, 1.7834405420914092e+18, 1.7834405381024092e+18], 'frequencies': [2412, 2412, 5500, 5540, 5660, 2412, 2437, 2462]}
0 0 0 0 1 1 1 1 1783440544063276338
{'names': ['NU-AP06167', 'NU-AP06163', 'NU-AP06163', 'NU-AP06164', 'NU-AP06167', 'NU-AP06165', 'NU-AP06164', 'NU-AP06162'], 'addresses': ['48:00:b3:5e:0b:e0', '48:00:b3:5f:46:a0', '48:00:b3:5f:46:ae', '48:00:b3:5f:72:ee', '48:00:b3:5e:0b:ef', '48:00:b3:5e:17:c0', '48:00:b3:5f:72:e0', '48:00:b3:5a:90:82'], 'ssids': ['iotroam', 'iotroam', 'eduroam', 'eduroam', 'iotroam', 'iotroam', 'iotroam', 'VU-Campusnet'], 'signals': [-59, -50, -67, -60, -73, -72, -54, -79], 'timestamps': [1.783440541913409e+18, 1.783440541913409e+18, 1.7834405439092762e+18, 1.7834405399414093e+18, 1.783440540664409e+18, 1.783440541913409e+18, 1.7834405420914092e+18, 1.7834405381024092e+18], 'frequencies': [2412, 2412, 5500, 5540, 5660, 2412, 2437, 2462]}
0 0 0 0 2 2 2 2 1783440544127632365
{'names': ['NU-AP06167', 'NU-AP06163', 'NU-AP06163', 'NU-AP06164', 'NU-AP06167', 'NU-AP06165', 'NU-AP06164'], 'addresses': ['48:00:b3:5e:0b:e0', '48:00:b3:5f:46:a0', '48:00:b3:5f:46:ae', '48:00:b3:5f:72:ee', '48:00:b3:5e:0b:ef', '48:00:b3:5e:17:c0', '48:00:b3:5f:72:e0'], 'ssids': ['iotroam', 'iotroam', 'eduroam', 'eduroam', 'iotroam', 'iotroam', 'iotroam'], 'signals': [-59, -50, -67, -60, -73, -72, -54], 'timestamps': [1.783440541913409e+18, 1.783440541913409e+18, 1.7834405439096325e+18, 1.7834405440976323e+18, 1.783440540664409e+18, 1.783440541913409e+18, 1.7834405420914092e+18], 'frequencies': [2412, 2412, 5500, 5540, 5660, 2412, 2437]}
1 1 0 0 2 2 2 2 1783440544198125124
{'names': ['NU-AP06167', 'NU-AP06163', 'NU-AP06163', 'NU-AP06164', 'NU-AP06167', 'NU-AP06165', 'NU-AP06164'], 'addresses': ['48:00:b3:5e:0b:e0', '48:00:b3:5f:46:a0', '48:00:b3:5f:46:ae', '48:00:b3:5f:72:ee', '48:00:b3:5e:0b:ef', '48:00:b3:5e:17:c0', '48:00:b3:5f:72:e0'], 'ssids': ['iotroam', 'iotroam', 'eduroam', 'eduroam', 'iotroam', 'iotroam', 'iotroam'], 'signals': [-59, -50, -67, -60, -73, -72, -54], 'timestamps': [1.783440541913409e+18, 1.783440541913409e+18, 1.783440543910125e+18, 1.783440544098125e+18, 1.783440540664409e+18, 1.783440541913409e+18, 1.7834405420914092e+18], 'frequencies': [2412, 2412, 5500, 5540, 5660, 2412, 2437]}
1 1 0 0 0 0 0 0 1783440544267055566
{'names': ['NU-AP06167', 'NU-AP06163', 'NU-AP06163', 'NU-AP06164', 'NU-AP06167', 'NU-AP06165', 'NU-AP06164'], 'addresses': ['48:00:b3:5e:0b:e0', '48:00:b3:5f:46:a0', '48:00:b3:5f:46:ae', '48:00:b3:5f:72:ee', '48:00:b3:5e:0b:ef', '48:00:b3:5e:17:c0', '48:00:b3:5f:72:e0'], 'ssids': ['iotroam', 'iotroam', 'eduroam', 'eduroam', 'iotroam', 'iotroam', 'iotroam'], 'signals': [-59, -50, -67, -60, -73, -72, -54], 'timestamps': [1.783440541913409e+18, 1.783440541913409e+18, 1.783440543910125e+18, 1.783440544098125e+18, 1.783440540664409e+18, 1.783440541913409e+18, 1.7834405420914092e+18], 'frequencies': [2412, 2412, 5500, 5540, 5660, 2412, 2437]}
1 1 0 0 0 0 0 0 1783440544335991448
{'names': ['NU-AP06167', 'NU-AP06163', 'NU-AP06163', 'NU-AP06164', 'NU-AP06167', 'NU-AP06165', 'NU-AP06164'], 'addresses': ['48:00:b3:5e:0b:e0', '48:00:b3:5f:46:a0', '48:00:b3:5f:46:ae', '48:00:b3:5f:72:ee', '48:00:b3:5e:0b:ef', '48:00:b3:5e:17:c0', '48:00:b3:5f:72:e0'], 'ssids': ['iotroam', 'iotroam', 'eduroam', 'eduroam', 'iotroam', 'iotroam', 'iotroam'], 'signals': [-59, -50, -67, -60, -73, -72, -54], 'timestamps': [1.783440541913409e+18, 1.783440541913409e+18, 1.783440543910125e+18, 1.783440544098125e+18, 1.783440540664409e+18, 1.783440541913409e+18, 1.7834405420914092e+18], 'frequencies': [2412, 2412, 5500, 5540, 5660, 2412, 2437]}
1 1 0 0 0 0 0 0 1783440544403449928
{'names': ['NU-AP06167', 'NU-AP06163', 'NU-AP06163', 'NU-AP06164', 'NU-AP06167', 'NU-AP06165', 'NU-AP06164'], 'addresses': ['48:00:b3:5e:0b:e0', '48:00:b3:5f:46:a0', '48:00:b3:5f:46:ae', '48:00:b3:5f:72:ee', '48:00:b3:5e:0b:ef', '48:00:b3:5e:17:c0', '48:00:b3:5f:72:e0'], 'ssids': ['iotroam', 'iotroam', 'eduroam', 'eduroam', 'iotroam', 'iotroam', 'iotroam'], 'signals': [-59, -50, -67, -60, -73, -72, -54], 'timestamps': [1.783440541913409e+18, 1.783440541913409e+18, 1.783440543910125e+18, 1.783440544098125e+18, 1.783440540664409e+18, 1.783440541913409e+18, 1.7834405420914092e+18], 'frequencies': [2412, 2412, 5500, 5540, 5660, 2412, 2437]}
1 1 0 0 0 0 0 0 1783440544476084826
{'names': ['NU-AP06167', 'NU-AP06163', 'NU-AP06163', 'NU-AP06164', 'NU-AP06167', 'NU-AP06165', 'NU-AP06164'], 'addresses': ['48:00:b3:5e:0b:e0', '48:00:b3:5f:46:a0', '48:00:b3:5f:46:ae', '48:00:b3:5f:72:ee', '48:00:b3:5e:0b:ef', '48:00:b3:5e:17:c0', '48:00:b3:5f:72:e0'], 'ssids': ['iotroam', 'iotroam', 'eduroam', 'eduroam', 'iotroam', 'iotroam', 'iotroam'], 'signals': [-59, -50, -67, -60, -73, -72, -54], 'timestamps': [1.783440541913409e+18, 1.783440541913409e+18, 1.783440543910125e+18, 1.783440544098125e+18, 1.783440540664409e+18, 1.783440541913409e+18, 1.7834405420914092e+18], 'frequencies': [2412, 2412, 5500, 5540, 5660, 2412, 2437]}
1 1 0 0 0 0 0 0 1783440544544934213
{'names': ['NU-AP06167', 'NU-AP06163', 'NU-AP06163', 'NU-AP06164', 'NU-AP06167', 'NU-AP06165', 'NU-AP06164'], 'addresses': ['48:00:b3:5e:0b:e0', '48:00:b3:5f:46:a0', '48:00:b3:5f:46:ae', '48:00:b3:5f:72:ee', '48:00:b3:5e:0b:ef', '48:00:b3:5e:17:c0', '48:00:b3:5f:72:e0'], 'ssids': ['iotroam', 'iotroam', 'eduroam', 'eduroam', 'iotroam', 'iotroam', 'iotroam'], 'signals': [-59, -50, -67, -60, -73, -72, -54], 'timestamps': [1.783440541913409e+18, 1.783440541913409e+18, 1.783440543910125e+18, 1.783440544098125e+18, 1.783440540664409e+18, 1.783440541913409e+18, 1.7834405420914092e+18], 'frequencies': [2412, 2412, 5500, 5540, 5660, 2412, 2437]}
5 5 3 3 3 3 2 2 1783440544620535958
{'names': ['NU-AP06167', 'NU-AP06163', 'NU-AP06163', 'NU-AP06164', 'NU-AP06167', 'NU-AP06165', 'NU-AP06164'], 'addresses': ['48:00:b3:5e:0b:e0', '48:00:b3:5f:46:a0', '48:00:b3:5f:46:ae', '48:00:b3:5f:72:ee', '48:00:b3:5e:0b:ef', '48:00:b3:5e:17:c0', '48:00:b3:5f:72:e0'], 'ssids': ['iotroam', 'iotroam', 'eduroam', 'eduroam', 'iotroam', 'iotroam', 'iotroam'], 'signals': [-59, -50, -67, -60, -73, -72, -54], 'timestamps': [1.783440541914536e+18, 1.783440541914536e+18, 1.783440543911536e+18, 1.7834405440995361e+18, 1.783440540665536e+18, 1.783440541914536e+18, 1.783440542092536e+18], 'frequencies': [2412, 2412, 5500, 5540, 5660, 2412, 2437]}
5 5 3 3 3 3 2 2 1783440544748659065
{'names': ['NU-AP06167', 'NU-AP06163', 'NU-AP06163', 'NU-AP06164', 'NU-AP06167', 'NU-AP06165', 'NU-AP06164'], 'addresses': ['48:00:b3:5e:0b:e0', '48:00:b3:5f:46:a0', '48:00:b3:5f:46:ae', '48:00:b3:5f:72:ee', '48:00:b3:5e:0b:ef', '48:00:b3:5e:17:c0', '48:00:b3:5f:72:e0'], 'ssids': ['iotroam', 'iotroam', 'eduroam', 'eduroam', 'iotroam', 'iotroam', 'iotroam'], 'signals': [-59, -50, -67, -60, -73, -72, -54], 'timestamps': [1.783440541915659e+18, 1.783440541915659e+18, 1.783440543912659e+18, 1.783440544100659e+18, 1.7834405406666588e+18, 1.783440541915659e+18, 1.783440542093659e+18], 'frequencies': [2412, 2412, 5500, 5540, 5660, 2412, 2437]}
1 1 0 0 0 0 0 0 1783440544818545421
{'names': ['NU-AP06167', 'NU-AP06163', 'NU-AP06163', 'NU-AP06164', 'NU-AP06167', 'NU-AP06165', 'NU-AP06164'], 'addresses': ['48:00:b3:5e:0b:e0', '48:00:b3:5f:46:a0', '48:00:b3:5f:46:ae', '48:00:b3:5f:72:ee', '48:00:b3:5e:0b:ef', '48:00:b3:5e:17:c0', '48:00:b3:5f:72:e0'], 'ssids': ['iotroam', 'iotroam', 'eduroam', 'eduroam', 'iotroam', 'iotroam', 'iotroam'], 'signals': [-59, -50, -67, -60, -73, -72, -54], 'timestamps': [1.783440541915659e+18, 1.783440541915659e+18, 1.783440543912659e+18, 1.783440544100659e+18, 1.7834405406666588e+18, 1.783440541915659e+18, 1.783440542093659e+18], 'frequencies': [2412, 2412, 5500, 5540, 5660, 2412, 2437]}
1 1 0 0 1 1 0 0 1783440544888516759
{'names': ['NU-AP06167', 'NU-AP06163', 'NU-AP06163', 'NU-AP06164', 'NU-AP06167', 'NU-AP06165', 'NU-AP06164'], 'addresses': ['48:00:b3:5e:0b:e0', '48:00:b3:5f:46:a0', '48:00:b3:5f:46:ae', '48:00:b3:5f:72:ee', '48:00:b3:5e:0b:ef', '48:00:b3:5e:17:c0', '48:00:b3:5f:72:e0'], 'ssids': ['iotroam', 'iotroam', 'eduroam', 'eduroam', 'iotroam', 'iotroam', 'iotroam'], 'signals': [-59, -50, -67, -60, -72, -72, -54], 'timestamps': [1.783440541915659e+18, 1.783440541915659e+18, 1.783440543912659e+18, 1.783440544100659e+18, 1.7834405448305167e+18, 1.783440541915659e+18, 1.783440542093659e+18], 'frequencies': [2412, 2412, 5500, 5540, 5660, 2412, 2437]}
1 1 0 0 0 0 0 0 1783440544957464483
{'names': ['NU-AP06167', 'NU-AP06163', 'NU-AP06163', 'NU-AP06164', 'NU-AP06167', 'NU-AP06165', 'NU-AP06164'], 'addresses': ['48:00:b3:5e:0b:e0', '48:00:b3:5f:46:a0', '48:00:b3:5f:46:ae', '48:00:b3:5f:72:ee', '48:00:b3:5e:0b:ef', '48:00:b3:5e:17:c0', '48:00:b3:5f:72:e0'], 'ssids': ['iotroam', 'iotroam', 'eduroam', 'eduroam', 'iotroam', 'iotroam', 'iotroam'], 'signals': [-59, -50, -67, -60, -72, -72, -54], 'timestamps': [1.783440541915659e+18, 1.783440541915659e+18, 1.783440543912659e+18, 1.783440544100659e+18, 1.7834405448305167e+18, 1.783440541915659e+18, 1.783440542093659e+18], 'frequencies': [2412, 2412, 5500, 5540, 5660, 2412, 2437]}
1 1 0 0 1 1 0 0 1783440545026657543
{'names': ['NU-AP06167', 'NU-AP06163', 'NU-AP06163', 'NU-AP06164', 'NU-AP06167', 'NU-AP06165', 'NU-AP06164'], 'addresses': ['48:00:b3:5e:0b:e0', '48:00:b3:5f:46:a0', '48:00:b3:5f:46:ae', '48:00:b3:5f:72:ee', '48:00:b3:5e:0b:ef', '48:00:b3:5e:17:c0', '48:00:b3:5f:72:e0'], 'ssids': ['iotroam', 'iotroam', 'eduroam', 'eduroam', 'iotroam', 'iotroam', 'iotroam'], 'signals': [-59, -50, -67, -60, -72, -72, -54], 'timestamps': [1.783440541915659e+18, 1.783440541915659e+18, 1.783440543912659e+18, 1.783440544100659e+18, 1.7834405448306575e+18, 1.783440541915659e+18, 1.783440542093659e+18], 'frequencies': [2412, 2412, 5500, 5540, 5660, 2412, 2437]}
1 1 0 0 1 1 0 0 1783440545096590378
{'names': ['NU-AP06167', 'NU-AP06163', 'NU-AP06163', 'NU-AP06164', 'NU-AP06167', 'NU-AP06165', 'NU-AP06164'], 'addresses': ['48:00:b3:5e:0b:e0', '48:00:b3:5f:46:a0', '48:00:b3:5f:46:ae', '48:00:b3:5f:72:ee', '48:00:b3:5e:0b:ef', '48:00:b3:5e:17:c0', '48:00:b3:5f:72:e0'], 'ssids': ['iotroam', 'iotroam', 'eduroam', 'eduroam', 'iotroam', 'iotroam', 'iotroam'], 'signals': [-59, -50, -67, -60, -72, -72, -54], 'timestamps': [1.783440541915659e+18, 1.783440541915659e+18, 1.783440543912659e+18, 1.783440544100659e+18, 1.7834405448315904e+18, 1.783440541915659e+18, 1.783440542093659e+18], 'frequencies': [2412, 2412, 5500, 5540, 5660, 2412, 2437]}
1 1 0 0 0 0 0 0 1783440545164797795
{'names': ['NU-AP06167', 'NU-AP06163', 'NU-AP06163', 'NU-AP06164', 'NU-AP06167', 'NU-AP06165', 'NU-AP06164'], 'addresses': ['48:00:b3:5e:0b:e0', '48:00:b3:5f:46:a0', '48:00:b3:5f:46:ae', '48:00:b3:5f:72:ee', '48:00:b3:5e:0b:ef', '48:00:b3:5e:17:c0', '48:00:b3:5f:72:e0'], 'ssids': ['iotroam', 'iotroam', 'eduroam', 'eduroam', 'iotroam', 'iotroam', 'iotroam'], 'signals': [-59, -50, -67, -60, -72, -72, -54], 'timestamps': [1.783440541915659e+18, 1.783440541915659e+18, 1.783440543912659e+18, 1.783440544100659e+18, 1.7834405448315904e+18, 1.783440541915659e+18, 1.783440542093659e+18], 'frequencies': [2412, 2412, 5500, 5540, 5660, 2412, 2437]}
1 1 0 0 0 0 0 0 1783440545234882806
{'names': ['NU-AP06167', 'NU-AP06163', 'NU-AP06163', 'NU-AP06164', 'NU-AP06167', 'NU-AP06165', 'NU-AP06164'], 'addresses': ['48:00:b3:5e:0b:e0', '48:00:b3:5f:46:a0', '48:00:b3:5f:46:ae', '48:00:b3:5f:72:ee', '48:00:b3:5e:0b:ef', '48:00:b3:5e:17:c0', '48:00:b3:5f:72:e0'], 'ssids': ['iotroam', 'iotroam', 'eduroam', 'eduroam', 'iotroam', 'iotroam', 'iotroam'], 'signals': [-59, -50, -67, -60, -72, -72, -54], 'timestamps': [1.783440541915659e+18, 1.783440541915659e+18, 1.783440543912659e+18, 1.783440544100659e+18, 1.7834405448315904e+18, 1.783440541915659e+18, 1.783440542093659e+18], 'frequencies': [2412, 2412, 5500, 5540, 5660, 2412, 2437]}
1 1 0 0 0 0 0 0 1783440545303532092
{'names': ['NU-AP06167', 'NU-AP06163', 'NU-AP06163', 'NU-AP06164', 'NU-AP06167', 'NU-AP06165', 'NU-AP06164'], 'addresses': ['48:00:b3:5e:0b:e0', '48:00:b3:5f:46:a0', '48:00:b3:5f:46:ae', '48:00:b3:5f:72:ee', '48:00:b3:5e:0b:ef', '48:00:b3:5e:17:c0', '48:00:b3:5f:72:e0'], 'ssids': ['iotroam', 'iotroam', 'eduroam', 'eduroam', 'iotroam', 'iotroam', 'iotroam'], 'signals': [-59, -50, -67, -60, -72, -72, -54], 'timestamps': [1.783440541915659e+18, 1.783440541915659e+18, 1.783440543912659e+18, 1.783440544100659e+18, 1.7834405448315904e+18, 1.783440541915659e+18, 1.783440542093659e+18], 'frequencies': [2412, 2412, 5500, 5540, 5660, 2412, 2437]}
1 1 0 0 0 0 0 0 1783440545374388577
{'names': ['NU-AP06167', 'NU-AP06163', 'NU-AP06163', 'NU-AP06164', 'NU-AP06167', 'NU-AP06165', 'NU-AP06164'], 'addresses': ['48:00:b3:5e:0b:e0', '48:00:b3:5f:46:a0', '48:00:b3:5f:46:ae', '48:00:b3:5f:72:ee', '48:00:b3:5e:0b:ef', '48:00:b3:5e:17:c0', '48:00:b3:5f:72:e0'], 'ssids': ['iotroam', 'iotroam', 'eduroam', 'eduroam', 'iotroam', 'iotroam', 'iotroam'], 'signals': [-59, -50, -67, -60, -72, -72, -54], 'timestamps': [1.783440541915659e+18, 1.783440541915659e+18, 1.783440543912659e+18, 1.783440544100659e+18, 1.7834405448315904e+18, 1.783440541915659e+18, 1.783440542093659e+18], 'frequencies': [2412, 2412, 5500, 5540, 5660, 2412, 2437]}
1 1 0 0 0 0 0 0 1783440545446530421
{'names': ['NU-AP06167', 'NU-AP06163', 'NU-AP06163', 'NU-AP06164', 'NU-AP06167', 'NU-AP06165', 'NU-AP06164'], 'addresses': ['48:00:b3:5e:0b:e0', '48:00:b3:5f:46:a0', '48:00:b3:5f:46:ae', '48:00:b3:5f:72:ee', '48:00:b3:5e:0b:ef', '48:00:b3:5e:17:c0', '48:00:b3:5f:72:e0'], 'ssids': ['iotroam', 'iotroam', 'eduroam', 'eduroam', 'iotroam', 'iotroam', 'iotroam'], 'signals': [-59, -50, -67, -60, -72, -72, -54], 'timestamps': [1.783440541915659e+18, 1.783440541915659e+18, 1.783440543912659e+18, 1.783440544100659e+18, 1.7834405448315904e+18, 1.783440541915659e+18, 1.783440542093659e+18], 'frequencies': [2412, 2412, 5500, 5540, 5660, 2412, 2437]}
1 1 0 0 0 0 0 0 1783440545515657134
{'names': ['NU-AP06167', 'NU-AP06163', 'NU-AP06163', 'NU-AP06164', 'NU-AP06167', 'NU-AP06165', 'NU-AP06164'], 'addresses': ['48:00:b3:5e:0b:e0', '48:00:b3:5f:46:a0', '48:00:b3:5f:46:ae', '48:00:b3:5f:72:ee', '48:00:b3:5e:0b:ef', '48:00:b3:5e:17:c0', '48:00:b3:5f:72:e0'], 'ssids': ['iotroam', 'iotroam', 'eduroam', 'eduroam', 'iotroam', 'iotroam', 'iotroam'], 'signals': [-59, -50, -67, -60, -72, -72, -54], 'timestamps': [1.783440541915659e+18, 1.783440541915659e+18, 1.783440543912659e+18, 1.783440544100659e+18, 1.7834405448315904e+18, 1.783440541915659e+18, 1.783440542093659e+18], 'frequencies': [2412, 2412, 5500, 5540, 5660, 2412, 2437]}
1 1 0 0 0 0 0 0 1783440545584154176
{'names': ['NU-AP06167', 'NU-AP06163', 'NU-AP06163', 'NU-AP06164', 'NU-AP06167', 'NU-AP06165', 'NU-AP06164'], 'addresses': ['48:00:b3:5e:0b:e0', '48:00:b3:5f:46:a0', '48:00:b3:5f:46:ae', '48:00:b3:5f:72:ee', '48:00:b3:5e:0b:ef', '48:00:b3:5e:17:c0', '48:00:b3:5f:72:e0'], 'ssids': ['iotroam', 'iotroam', 'eduroam', 'eduroam', 'iotroam', 'iotroam', 'iotroam'], 'signals': [-59, -50, -67, -60, -72, -72, -54], 'timestamps': [1.783440541915659e+18, 1.783440541915659e+18, 1.783440543912659e+18, 1.783440544100659e+18, 1.7834405448315904e+18, 1.783440541915659e+18, 1.783440542093659e+18], 'frequencies': [2412, 2412, 5500, 5540, 5660, 2412, 2437]}
1 1 0 0 0 0 0 0 1783440545652484595
{'names': ['NU-AP06167', 'NU-AP06163', 'NU-AP06163', 'NU-AP06164', 'NU-AP06167', 'NU-AP06165', 'NU-AP06164'], 'addresses': ['48:00:b3:5e:0b:e0', '48:00:b3:5f:46:a0', '48:00:b3:5f:46:ae', '48:00:b3:5f:72:ee', '48:00:b3:5e:0b:ef', '48:00:b3:5e:17:c0', '48:00:b3:5f:72:e0'], 'ssids': ['iotroam', 'iotroam', 'eduroam', 'eduroam', 'iotroam', 'iotroam', 'iotroam'], 'signals': [-59, -50, -67, -60, -72, -72, -54], 'timestamps': [1.783440541915659e+18, 1.783440541915659e+18, 1.783440543912659e+18, 1.783440544100659e+18, 1.7834405448315904e+18, 1.783440541915659e+18, 1.783440542093659e+18], 'frequencies': [2412, 2412, 5500, 5540, 5660, 2412, 2437]}
1 1 0 0 0 0 0 0 1783440545720946896
{'names': ['NU-AP06167', 'NU-AP06163', 'NU-AP06163', 'NU-AP06164', 'NU-AP06167', 'NU-AP06165', 'NU-AP06164'], 'addresses': ['48:00:b3:5e:0b:e0', '48:00:b3:5f:46:a0', '48:00:b3:5f:46:ae', '48:00:b3:5f:72:ee', '48:00:b3:5e:0b:ef', '48:00:b3:5e:17:c0', '48:00:b3:5f:72:e0'], 'ssids': ['iotroam', 'iotroam', 'eduroam', 'eduroam', 'iotroam', 'iotroam', 'iotroam'], 'signals': [-59, -50, -67, -60, -72, -72, -54], 'timestamps': [1.783440541915659e+18, 1.783440541915659e+18, 1.783440543912659e+18, 1.783440544100659e+18, 1.7834405448315904e+18, 1.783440541915659e+18, 1.783440542093659e+18], 'frequencies': [2412, 2412, 5500, 5540, 5660, 2412, 2437]}
1 1 0 0 0 0 0 0 1783440545789606711
{'names': ['NU-AP06167', 'NU-AP06163', 'NU-AP06163', 'NU-AP06164', 'NU-AP06167', 'NU-AP06165', 'NU-AP06164'], 'addresses': ['48:00:b3:5e:0b:e0', '48:00:b3:5f:46:a0', '48:00:b3:5f:46:ae', '48:00:b3:5f:72:ee', '48:00:b3:5e:0b:ef', '48:00:b3:5e:17:c0', '48:00:b3:5f:72:e0'], 'ssids': ['iotroam', 'iotroam', 'eduroam', 'eduroam', 'iotroam', 'iotroam', 'iotroam'], 'signals': [-59, -50, -67, -60, -72, -72, -54], 'timestamps': [1.783440541915659e+18, 1.783440541915659e+18, 1.783440543912659e+18, 1.783440544100659e+18, 1.7834405448315904e+18, 1.783440541915659e+18, 1.783440542093659e+18], 'frequencies': [2412, 2412, 5500, 5540, 5660, 2412, 2437]}
1 1 0 0 0 0 0 0 1783440545858577085
{'names': ['NU-AP06167', 'NU-AP06163', 'NU-AP06163', 'NU-AP06164', 'NU-AP06167', 'NU-AP06165', 'NU-AP06164'], 'addresses': ['48:00:b3:5e:0b:e0', '48:00:b3:5f:46:a0', '48:00:b3:5f:46:ae', '48:00:b3:5f:72:ee', '48:00:b3:5e:0b:ef', '48:00:b3:5e:17:c0', '48:00:b3:5f:72:e0'], 'ssids': ['iotroam', 'iotroam', 'eduroam', 'eduroam', 'iotroam', 'iotroam', 'iotroam'], 'signals': [-59, -50, -67, -60, -72, -72, -54], 'timestamps': [1.783440541915659e+18, 1.783440541915659e+18, 1.783440543912659e+18, 1.783440544100659e+18, 1.7834405448315904e+18, 1.783440541915659e+18, 1.783440542093659e+18], 'frequencies': [2412, 2412, 5500, 5540, 5660, 2412, 2437]}
1 1 0 0 0 0 0 0 1783440545928302747
{'names': ['NU-AP06167', 'NU-AP06163', 'NU-AP06163', 'NU-AP06164', 'NU-AP06167', 'NU-AP06165', 'NU-AP06164'], 'addresses': ['48:00:b3:5e:0b:e0', '48:00:b3:5f:46:a0', '48:00:b3:5f:46:ae', '48:00:b3:5f:72:ee', '48:00:b3:5e:0b:ef', '48:00:b3:5e:17:c0', '48:00:b3:5f:72:e0'], 'ssids': ['iotroam', 'iotroam', 'eduroam', 'eduroam', 'iotroam', 'iotroam', 'iotroam'], 'signals': [-59, -50, -67, -60, -72, -72, -54], 'timestamps': [1.783440541915659e+18, 1.783440541915659e+18, 1.783440543912659e+18, 1.783440544100659e+18, 1.7834405448315904e+18, 1.783440541915659e+18, 1.783440542093659e+18], 'frequencies': [2412, 2412, 5500, 5540, 5660, 2412, 2437]}
1 1 0 0 0 0 0 0 1783440545997123913
{'names': ['NU-AP06167', 'NU-AP06163', 'NU-AP06163', 'NU-AP06164', 'NU-AP06167', 'NU-AP06165', 'NU-AP06164'], 'addresses': ['48:00:b3:5e:0b:e0', '48:00:b3:5f:46:a0', '48:00:b3:5f:46:ae', '48:00:b3:5f:72:ee', '48:00:b3:5e:0b:ef', '48:00:b3:5e:17:c0', '48:00:b3:5f:72:e0'], 'ssids': ['iotroam', 'iotroam', 'eduroam', 'eduroam', 'iotroam', 'iotroam', 'iotroam'], 'signals': [-59, -50, -67, -60, -72, -72, -54], 'timestamps': [1.783440541915659e+18, 1.783440541915659e+18, 1.783440543912659e+18, 1.783440544100659e+18, 1.7834405448315904e+18, 1.783440541915659e+18, 1.783440542093659e+18], 'frequencies': [2412, 2412, 5500, 5540, 5660, 2412, 2437]}
3 3 2 2 0 0 0 0 1783440546127344704
{'names': ['NU-AP06167', 'NU-AP06163', 'NU-AP06163', 'NU-AP06164', 'NU-AP06167', 'NU-AP06165', 'NU-AP06164'], 'addresses': ['48:00:b3:5e:0b:e0', '48:00:b3:5f:46:a0', '48:00:b3:5f:46:ae', '48:00:b3:5f:72:ee', '48:00:b3:5e:0b:ef', '48:00:b3:5e:17:c0', '48:00:b3:5f:72:e0'], 'ssids': ['iotroam', 'iotroam', 'eduroam', 'eduroam', 'iotroam', 'iotroam', 'iotroam'], 'signals': [-60, -50, -67, -60, -72, -72, -54], 'timestamps': [1.7834405460843446e+18, 1.7834405460873446e+18, 1.783440543912659e+18, 1.783440544100659e+18, 1.7834405448315904e+18, 1.7834405460843446e+18, 1.783440542093659e+18], 'frequencies': [2412, 2412, 5500, 5540, 5660, 2412, 2437]}
1 1 1 1 0 0 0 0 1783440546260196178
{'names': ['NU-AP06167', 'NU-AP06163', 'NU-AP06163', 'NU-AP06164', 'NU-AP06167', 'NU-AP06165', 'NU-AP06164'], 'addresses': ['48:00:b3:5e:0b:e0', '48:00:b3:5f:46:a0', '48:00:b3:5f:46:ae', '48:00:b3:5f:72:ee', '48:00:b3:5e:0b:ef', '48:00:b3:5e:17:c0', '48:00:b3:5f:72:e0'], 'ssids': ['iotroam', 'iotroam', 'eduroam', 'eduroam', 'iotroam', 'iotroam', 'iotroam'], 'signals': [-60, -50, -67, -60, -72, -72, -54], 'timestamps': [1.7834405460843446e+18, 1.7834405460873446e+18, 1.783440543912659e+18, 1.783440544100659e+18, 1.7834405448315904e+18, 1.7834405460843446e+18, 1.7834405462311962e+18], 'frequencies': [2412, 2412, 5500, 5540, 5660, 2412, 2437]}
4 4 3 3 0 0 0 0 1783440546323581372
{'names': ['NU-AP06167', 'NU-AP06163', 'NU-AP06163', 'NU-AP06164', 'NU-AP06167', 'NU-AP06165', 'NU-AP06164'], 'addresses': ['48:00:b3:5e:0b:e0', '48:00:b3:5f:46:a0', '48:00:b3:5f:46:ae', '48:00:b3:5f:72:ee', '48:00:b3:5e:0b:ef', '48:00:b3:5e:17:c0', '48:00:b3:5f:72:e0'], 'ssids': ['iotroam', 'iotroam', 'eduroam', 'eduroam', 'iotroam', 'iotroam', 'iotroam'], 'signals': [-60, -50, -67, -60, -72, -72, -54], 'timestamps': [1.7834405460845814e+18, 1.7834405460875814e+18, 1.783440543912659e+18, 1.783440544100659e+18, 1.7834405448315904e+18, 1.7834405460845814e+18, 1.7834405462315814e+18], 'frequencies': [2412, 2412, 5500, 5540, 5660, 2412, 2437]}
5 5 3 3 0 0 0 0 1783440546452672072
{'names': ['NU-AP06167', 'NU-AP06163', 'NU-AP06163', 'NU-AP06164', 'NU-AP06167', 'NU-AP06165', 'NU-AP06164', 'NU-AP06162'], 'addresses': ['48:00:b3:5e:0b:e0', '48:00:b3:5f:46:a0', '48:00:b3:5f:46:ae', '48:00:b3:5f:72:ee', '48:00:b3:5e:0b:ef', '48:00:b3:5e:17:c0', '48:00:b3:5f:72:e0', '48:00:b3:5a:90:82'], 'ssids': ['iotroam', 'iotroam', 'eduroam', 'eduroam', 'iotroam', 'iotroam', 'iotroam', 'VU-Campusnet'], 'signals': [-60, -50, -67, -60, -72, -72, -54, -79], 'timestamps': [1.783440546084672e+18, 1.783440546087672e+18, 1.783440543912659e+18, 1.783440544100659e+18, 1.7834405448315904e+18, 1.783440546084672e+18, 1.783440546231672e+18, 1.783440546395672e+18], 'frequencies': [2412, 2412, 5500, 5540, 5660, 2412, 2437, 2462]}
5 5 3 3 0 0 0 0 1783440546864681537
{'names': ['NU-AP06167', 'NU-AP06163', 'NU-AP06163', 'NU-AP06164', 'NU-AP06167', 'NU-AP06165', 'NU-AP06164', 'NU-AP06162'], 'addresses': ['48:00:b3:5e:0b:e0', '48:00:b3:5f:46:a0', '48:00:b3:5f:46:ae', '48:00:b3:5f:72:ee', '48:00:b3:5e:0b:ef', '48:00:b3:5e:17:c0', '48:00:b3:5f:72:e0', '48:00:b3:5a:90:82'], 'ssids': ['iotroam', 'iotroam', 'eduroam', 'eduroam', 'iotroam', 'iotroam', 'iotroam', 'VU-Campusnet'], 'signals': [-60, -50, -67, -60, -72, -72, -54, -79], 'timestamps': [1.7834405460846815e+18, 1.7834405460876815e+18, 1.783440543912659e+18, 1.783440544100659e+18, 1.7834405448315904e+18, 1.7834405460846815e+18, 1.7834405462316815e+18, 1.7834405463956815e+18], 'frequencies': [2412, 2412, 5500, 5540, 5660, 2412, 2437, 2462]}
5 5 3 3 0 0 0 0 1783440547397187814
{'names': ['NU-AP06167', 'NU-AP06163', 'NU-AP06163', 'NU-AP06164', 'NU-AP06167', 'NU-AP06165', 'NU-AP06164', 'NU-AP06162'], 'addresses': ['48:00:b3:5e:0b:e0', '48:00:b3:5f:46:a0', '48:00:b3:5f:46:ae', '48:00:b3:5f:72:ee', '48:00:b3:5e:0b:ef', '48:00:b3:5e:17:c0', '48:00:b3:5f:72:e0', '48:00:b3:5a:90:82'], 'ssids': ['iotroam', 'iotroam', 'eduroam', 'eduroam', 'iotroam', 'iotroam', 'iotroam', 'VU-Campusnet'], 'signals': [-60, -50, -67, -60, -72, -72, -54, -79], 'timestamps': [1.7834405460851878e+18, 1.783440546088188e+18, 1.783440543912659e+18, 1.783440544100659e+18, 1.7834405448315904e+18, 1.7834405460851878e+18, 1.783440546232188e+18, 1.783440546396188e+18], 'frequencies': [2412, 2412, 5500, 5540, 5660, 2412, 2437, 2462]}
0 0 0 0 1 1 1 1 1783440548050746395
{'names': ['NU-AP06167', 'NU-AP06163', 'NU-AP06163', 'NU-AP06164', 'NU-AP06167', 'NU-AP06165', 'NU-AP06164', 'NU-AP06162'], 'addresses': ['48:00:b3:5e:0b:e0', '48:00:b3:5f:46:a0', '48:00:b3:5f:46:af', '48:00:b3:5f:72:ee', '48:00:b3:5e:0b:ef', '48:00:b3:5e:17:c0', '48:00:b3:5f:72:e0', '48:00:b3:5a:90:82'], 'ssids': ['iotroam', 'iotroam', 'iotroam', 'eduroam', 'iotroam', 'iotroam', 'iotroam', 'VU-Campusnet'], 'signals': [-60, -50, -65, -60, -72, -72, -54, -79], 'timestamps': [1.7834405460851878e+18, 1.783440546088188e+18, 1.7834405480357463e+18, 1.783440544100659e+18, 1.7834405448315904e+18, 1.7834405460851878e+18, 1.783440546232188e+18, 1.783440546396188e+18], 'frequencies': [2412, 2412, 5500, 5540, 5660, 2412, 2437, 2462]}
5 5 3 3 1 1 1 1 1783440548181339980
{'names': ['NU-AP06167', 'NU-AP06163', 'NU-AP06163', 'NU-AP06164', 'NU-AP06167', 'NU-AP06165', 'NU-AP06164', 'NU-AP06162'], 'addresses': ['48:00:b3:5e:0b:e0', '48:00:b3:5f:46:a0', '48:00:b3:5f:46:af', '48:00:b3:5f:72:ee', '48:00:b3:5e:0b:ef', '48:00:b3:5e:17:c0', '48:00:b3:5f:72:e0', '48:00:b3:5a:90:82'], 'ssids': ['iotroam', 'iotroam', 'iotroam', 'eduroam', 'iotroam', 'iotroam', 'iotroam', 'VU-Campusnet'], 'signals': [-60, -50, -65, -60, -72, -72, -54, -79], 'timestamps': [1.78344054608534e+18, 1.78344054608834e+18, 1.78344054803634e+18, 1.783440544100659e+18, 1.7834405448315904e+18, 1.78344054608534e+18, 1.78344054623234e+18, 1.78344054639634e+18], 'frequencies': [2412, 2412, 5500, 5540, 5660, 2412, 2437, 2462]}
0 0 0 0 1 1 1 1 1783440548246219979
{'names': ['NU-AP06167', 'NU-AP06163', 'NU-AP06163', 'NU-AP06164', 'NU-AP06167', 'NU-AP06165', 'NU-AP06164', 'NU-AP06162'], 'addresses': ['48:00:b3:5e:0b:e0', '48:00:b3:5f:46:a0', '48:00:b3:5f:46:af', '48:00:b3:5f:72:ee', '48:00:b3:5e:0b:ef', '48:00:b3:5e:17:c0', '48:00:b3:5f:72:e0', '48:00:b3:5a:90:82'], 'ssids': ['iotroam', 'iotroam', 'iotroam', 'eduroam', 'iotroam', 'iotroam', 'iotroam', 'VU-Campusnet'], 'signals': [-60, -50, -65, -60, -72, -72, -54, -79], 'timestamps': [1.78344054608534e+18, 1.78344054608834e+18, 1.78344054803634e+18, 1.78344054823422e+18, 1.7834405448315904e+18, 1.78344054608534e+18, 1.78344054623234e+18, 1.78344054639634e+18], 'frequencies': [2412, 2412, 5500, 5540, 5660, 2412, 2437, 2462]}
5 5 3 3 2 2 2 2 1783440548444537406
{'names': ['NU-AP06167', 'NU-AP06163', 'NU-AP06163', 'NU-AP06164', 'NU-AP06167', 'NU-AP06165', 'NU-AP06164', 'NU-AP06162'], 'addresses': ['48:00:b3:5e:0b:e0', '48:00:b3:5f:46:a0', '48:00:b3:5f:46:af', '48:00:b3:5f:72:ee', '48:00:b3:5e:0b:ef', '48:00:b3:5e:17:c0', '48:00:b3:5f:72:e0', '48:00:b3:5a:90:82'], 'ssids': ['iotroam', 'iotroam', 'iotroam', 'eduroam', 'iotroam', 'iotroam', 'iotroam', 'VU-Campusnet'], 'signals': [-60, -50, -65, -60, -72, -72, -54, -79], 'timestamps': [1.7834405460855373e+18, 1.7834405460885373e+18, 1.7834405480365373e+18, 1.7834405482355374e+18, 1.7834405448315904e+18, 1.7834405460855373e+18, 1.7834405462325373e+18, 1.7834405463965373e+18], 'frequencies': [2412, 2412, 5500, 5540, 5660, 2412, 2437, 2462]}
0 0 0 0 1 1 0 0 1783440548967846837
{'names': ['NU-AP06167', 'NU-AP06163', 'NU-AP06163', 'NU-AP06164', 'NU-AP06167', 'NU-AP06165', 'NU-AP06164', 'NU-AP06162'], 'addresses': ['48:00:b3:5e:0b:e0', '48:00:b3:5f:46:a0', '48:00:b3:5f:46:af', '48:00:b3:5f:72:ee', '48:00:b3:5e:0b:ef', '48:00:b3:5e:17:c0', '48:00:b3:5f:72:e0', '48:00:b3:5a:90:82'], 'ssids': ['iotroam', 'iotroam', 'iotroam', 'eduroam', 'iotroam', 'iotroam', 'iotroam', 'VU-Campusnet'], 'signals': [-60, -50, -65, -60, -74, -72, -54, -79], 'timestamps': [1.7834405460855373e+18, 1.7834405460885373e+18, 1.7834405480365373e+18, 1.7834405482355374e+18, 1.783440548957847e+18, 1.7834405460855373e+18, 1.7834405462325373e+18, 1.7834405463965373e+18], 'frequencies': [2412, 2412, 5500, 5540, 5660, 2412, 2437, 2462]}
0 0 0 0 1 1 1 1 1783440549812972451
{'names': ['NU-AP06167', 'NU-AP06163', 'NU-AP06163', 'NU-AP06164', 'NU-AP06167', 'NU-AP06165', 'NU-AP06164', 'NU-AP06162'], 'addresses': ['48:00:b3:5e:0b:e0', '48:00:b3:5f:46:a0', '48:00:b3:5f:46:af', '48:00:b3:5f:72:ee', '48:00:b3:5e:0b:ef', '48:00:b3:5e:17:c0', '48:00:b3:5f:72:e0', '48:00:b3:5a:90:82'], 'ssids': ['iotroam', 'iotroam', 'iotroam', 'eduroam', 'iotroam', 'iotroam', 'iotroam', 'VU-Campusnet'], 'signals': [-60, -50, -65, -60, -74, -72, -54, -79], 'timestamps': [1.7834405460855373e+18, 1.7834405460885373e+18, 1.7834405480365373e+18, 1.7834405497629727e+18, 1.783440548957847e+18, 1.7834405460855373e+18, 1.7834405462325373e+18, 1.7834405463965373e+18], 'frequencies': [2412, 2412, 5500, 5540, 5660, 2412, 2437, 2462]}
0 0 0 0 1 1 1 1 1783440549877997619
{'names': ['NU-AP06167', 'NU-AP06163', 'NU-AP06163', 'NU-AP06164', 'NU-AP06167', 'NU-AP06165', 'NU-AP06164', 'NU-AP06162'], 'addresses': ['48:00:b3:5e:0b:e0', '48:00:b3:5f:46:a0', '48:00:b3:5f:46:af', '48:00:b3:5f:72:ee', '48:00:b3:5e:0b:ef', '48:00:b3:5e:17:c0', '48:00:b3:5f:72:e0', '48:00:b3:5a:90:82'], 'ssids': ['iotroam', 'iotroam', 'iotroam', 'eduroam', 'iotroam', 'iotroam', 'iotroam', 'VU-Campusnet'], 'signals': [-60, -50, -65, -60, -74, -72, -54, -79], 'timestamps': [1.7834405460855373e+18, 1.7834405460885373e+18, 1.7834405480365373e+18, 1.7834405497629975e+18, 1.783440548957847e+18, 1.7834405460855373e+18, 1.7834405462325373e+18, 1.7834405463965373e+18], 'frequencies': [2412, 2412, 5500, 5540, 5660, 2412, 2437, 2462]}
0 0 0 0 2 2 1 1 1783440549947992916
{'names': ['NU-AP06167', 'NU-AP06163', 'NU-AP06163', 'NU-AP06164', 'NU-AP06167', 'NU-AP06165', 'NU-AP06164', 'NU-AP06162'], 'addresses': ['48:00:b3:5e:0b:e0', '48:00:b3:5f:46:a0', '48:00:b3:5f:46:af', '48:00:b3:5f:72:ee', '48:00:b3:5e:0b:ef', '48:00:b3:5e:17:c0', '48:00:b3:5f:72:e0', '48:00:b3:5a:90:82'], 'ssids': ['iotroam', 'iotroam', 'iotroam', 'eduroam', 'iotroam', 'iotroam', 'iotroam', 'VU-Campusnet'], 'signals': [-60, -50, -65, -60, -74, -72, -54, -79], 'timestamps': [1.7834405460855373e+18, 1.7834405460885373e+18, 1.7834405480365373e+18, 1.7834405497639928e+18, 1.783440548957993e+18, 1.7834405460855373e+18, 1.7834405462325373e+18, 1.7834405463965373e+18], 'frequencies': [2412, 2412, 5500, 5540, 5660, 2412, 2437, 2462]}
0 0 0 0 2 2 1 1 1783440550147136656
{'names': ['NU-AP06167', 'NU-AP06163', 'NU-AP06163', 'NU-AP06164', 'NU-AP06167', 'NU-AP06165', 'NU-AP06164', 'NU-AP06162'], 'addresses': ['48:00:b3:5e:0b:e0', '48:00:b3:5f:46:a0', '48:00:b3:5f:46:af', '48:00:b3:5f:72:ee', '48:00:b3:5e:0b:ef', '48:00:b3:5e:17:c0', '48:00:b3:5f:72:e0', '48:00:b3:5a:90:82'], 'ssids': ['iotroam', 'iotroam', 'iotroam', 'eduroam', 'iotroam', 'iotroam', 'iotroam', 'VU-Campusnet'], 'signals': [-60, -50, -65, -60, -74, -72, -54, -79], 'timestamps': [1.7834405460855373e+18, 1.7834405460885373e+18, 1.7834405480365373e+18, 1.7834405497641367e+18, 1.7834405489581368e+18, 1.7834405460855373e+18, 1.7834405462325373e+18, 1.7834405463965373e+18], 'frequencies': [2412, 2412, 5500, 5540, 5660, 2412, 2437, 2462]}
3 3 2 2 0 0 0 0 1783440550223858712
{'names': ['NU-AP06167', 'NU-AP06163', 'NU-AP06163', 'NU-AP06164', 'NU-AP06167', 'NU-AP06165', 'NU-AP06164', 'NU-AP06162'], 'addresses': ['48:00:b3:5e:0b:e0', '48:00:b3:5f:46:a0', '48:00:b3:5f:46:af', '48:00:b3:5f:72:ee', '48:00:b3:5e:0b:ef', '48:00:b3:5e:17:c0', '48:00:b3:5f:72:e0', '48:00:b3:5a:90:82'], 'ssids': ['iotroam', 'iotroam', 'iotroam', 'eduroam', 'iotroam', 'iotroam', 'iotroam', 'VU-Campusnet'], 'signals': [-60, -50, -65, -60, -74, -71, -54, -79], 'timestamps': [1.7834405502178586e+18, 1.7834405502178586e+18, 1.7834405480365373e+18, 1.7834405497641367e+18, 1.7834405489581368e+18, 1.7834405502188588e+18, 1.7834405462325373e+18, 1.7834405463965373e+18], 'frequencies': [2412, 2412, 5500, 5540, 5660, 2412, 2437, 2462]}
1 1 0 0 0 0 0 0 1783440550290781725
{'names': ['NU-AP06167', 'NU-AP06163', 'NU-AP06163', 'NU-AP06164', 'NU-AP06167', 'NU-AP06165', 'NU-AP06164', 'NU-AP06162'], 'addresses': ['48:00:b3:5e:0b:e0', '48:00:b3:5f:46:a0', '48:00:b3:5f:46:af', '48:00:b3:5f:72:ee', '48:00:b3:5e:0b:ef', '48:00:b3:5e:17:c0', '48:00:b3:5f:72:e0', '48:00:b3:5a:90:82'], 'ssids': ['iotroam', 'iotroam', 'iotroam', 'eduroam', 'iotroam', 'iotroam', 'iotroam', 'VU-Campusnet'], 'signals': [-60, -50, -65, -60, -74, -71, -54, -79], 'timestamps': [1.7834405502178586e+18, 1.7834405502178586e+18, 1.7834405480365373e+18, 1.7834405497641367e+18, 1.7834405489581368e+18, 1.7834405502257818e+18, 1.7834405462325373e+18, 1.7834405463965373e+18], 'frequencies': [2412, 2412, 5500, 5540, 5660, 2412, 2437, 2462]}
1 1 1 1 0 0 0 0 1783440550428096018
{'names': ['NU-AP06167', 'NU-AP06163', 'NU-AP06163', 'NU-AP06164', 'NU-AP06167', 'NU-AP06165', 'NU-AP06164', 'NU-AP06162'], 'addresses': ['48:00:b3:5e:0b:e0', '48:00:b3:5f:46:a0', '48:00:b3:5f:46:af', '48:00:b3:5f:72:ee', '48:00:b3:5e:0b:ef', '48:00:b3:5e:17:c0', '48:00:b3:5f:72:e0', '48:00:b3:5a:90:82'], 'ssids': ['iotroam', 'iotroam', 'iotroam', 'eduroam', 'iotroam', 'iotroam', 'iotroam', 'VU-Campusnet'], 'signals': [-60, -50, -65, -60, -74, -71, -54, -79], 'timestamps': [1.7834405502178586e+18, 1.7834405502178586e+18, 1.7834405480365373e+18, 1.7834405497641367e+18, 1.7834405489581368e+18, 1.7834405502257818e+18, 1.783440550385096e+18, 1.7834405463965373e+18], 'frequencies': [2412, 2412, 5500, 5540, 5660, 2412, 2437, 2462]}
1 1 1 1 0 0 0 0 1783440550497737546
{'names': ['NU-AP06167', 'NU-AP06163', 'NU-AP06163', 'NU-AP06164', 'NU-AP06167', 'NU-AP06165', 'NU-AP06164', 'NU-AP06162'], 'addresses': ['48:00:b3:5e:0b:e0', '48:00:b3:5f:46:a0', '48:00:b3:5f:46:af', '48:00:b3:5f:72:ee', '48:00:b3:5e:0b:ef', '48:00:b3:5e:17:c0', '48:00:b3:5f:72:e0', '48:00:b3:5a:90:82'], 'ssids': ['iotroam', 'iotroam', 'iotroam', 'eduroam', 'iotroam', 'iotroam', 'iotroam', 'VU-Campusnet'], 'signals': [-60, -50, -65, -60, -74, -71, -54, -79], 'timestamps': [1.7834405502178586e+18, 1.7834405502178586e+18, 1.7834405480365373e+18, 1.7834405497641367e+18, 1.7834405489581368e+18, 1.7834405502257818e+18, 1.7834405503857375e+18, 1.7834405463965373e+18], 'frequencies': [2412, 2412, 5500, 5540, 5660, 2412, 2437, 2462]}
1 1 0 0 0 0 0 0 1783440550566001128
{'names': ['NU-AP06167', 'NU-AP06163', 'NU-AP06163', 'NU-AP06164', 'NU-AP06167', 'NU-AP06165', 'NU-AP06164', 'NU-AP06162'], 'addresses': ['48:00:b3:5e:0b:e0', '48:00:b3:5f:46:a0', '48:00:b3:5f:46:af', '48:00:b3:5f:72:ee', '48:00:b3:5e:0b:ef', '48:00:b3:5e:17:c0', '48:00:b3:5f:72:e0', '48:00:b3:5a:90:81'], 'ssids': ['iotroam', 'iotroam', 'iotroam', 'eduroam', 'iotroam', 'iotroam', 'iotroam', 'eduroam'], 'signals': [-60, -50, -65, -60, -74, -71, -54, -79], 'timestamps': [1.7834405502178586e+18, 1.7834405502178586e+18, 1.7834405480365373e+18, 1.7834405497641367e+18, 1.7834405489581368e+18, 1.7834405502257818e+18, 1.7834405503857375e+18, 1.7834405505410012e+18], 'frequencies': [2412, 2412, 5500, 5540, 5660, 2412, 2437, 2462]}
